2023-09-02 20:55:05,539 - FGO - INFO - ===== SETUP LOGGING ======================================================================
2023-09-02 20:55:05,539 - FGO - INFO - THIS_FILE: Wrapper.py
2023-09-02 20:55:05,539 - FGO - INFO - 	done: False
2023-09-02 20:55:05,539 - FGO - INFO - 	learning_rate: 0.01
2023-09-02 20:55:05,539 - FGO - INFO - 	h1: 64
2023-09-02 20:55:05,539 - FGO - INFO - 	h2: 32
2023-09-02 20:55:05,539 - FGO - INFO - 	weight_decay: 0.0005
2023-09-02 20:55:05,539 - FGO - INFO - 	dropout: 0.0
2023-09-02 20:55:05,539 - FGO - INFO - 	max_pretrain_epochs: 100
2023-09-02 20:55:05,539 - FGO - INFO - 	max_ot_epochs: 50
2023-09-02 20:55:05,539 - FGO - INFO - 	lambda: 0.01
2023-09-02 20:55:05,539 - FGO - INFO - 	theta: 10
2023-09-02 20:55:05,539 - FGO - INFO - 	clip: 5
2023-09-02 20:55:05,539 - FGO - INFO - ===== SETUP LOGGING COMPLETE =============================================================
2023-09-02 20:55:05,539 - FGO - INFO - ===== Configuring Masks ==================================================================
2023-09-02 20:55:05,539 - FGO - INFO - Source Total: 708
2023-09-02 20:55:05,539 - FGO - INFO - Target Total: 96
2023-09-02 20:55:05,539 - FGO - INFO - Train Total: 708
2023-09-02 20:55:05,539 - FGO - INFO - Val Total:   96
2023-09-02 20:55:05,539 - FGO - INFO - Test Total:  96
2023-09-02 20:55:05,539 - FGO - INFO - ===== Preparing to load data =============================================================
2023-09-02 20:55:05,539 - FGO - INFO - SOURCE: abide_large
2023-09-02 20:55:05,539 - FGO - INFO - ===== Retrieving SOURCE Data =============================================================
2023-09-02 20:55:05,539 - FGO - INFO - *************** In load_graph_data ***************
2023-09-02 20:55:05,539 - FGO - INFO - 	FILEPATH: ./data/abide_large.mat
2023-09-02 20:55:05,540 - FGO - INFO - 	X shape: (804, 93)
2023-09-02 20:55:05,540 - FGO - INFO - 	A shape: (804, 804)
2023-09-02 20:55:05,540 - FGO - INFO - 	P shape: (804,)
2023-09-02 20:55:05,540 - FGO - INFO - 	Y shape: (804, 2)
2023-09-02 20:55:05,540 - FGO - INFO - 	Y sum: 804 (number of postive labels)
2023-09-02 20:55:05,541 - FGO - INFO - ===== Preparing data =====================================================================
2023-09-02 20:55:05,542 - FGO - INFO - ===== Disconnecting Source and Target ====================================================
2023-09-02 20:55:05,657 - FGO - INFO - ===== Finalize Data ======================================================================
2023-09-02 20:55:05,657 - FGO - INFO - A shape: (804, 804)
2023-09-02 20:55:05,657 - FGO - INFO - X shape: (804, 93)
2023-09-02 20:55:05,657 - FGO - INFO - Y shape: (804, 2)
2023-09-02 20:55:05,657 - FGO - INFO - N: 804
2023-09-02 20:55:05,657 - FGO - INFO - N_s: 708
2023-09-02 20:55:05,657 - FGO - INFO - N_t: 96
2023-09-02 20:55:05,661 - FGO - INFO - ===== Pretrain GCN Model =================================================================
2023-09-02 20:55:05,664 - FGO - INFO - Epoch   0 | Train Loss: 0.688 | Val Loss: 0.69 | Val F1: 0.35 |
2023-09-02 20:55:05,689 - FGO - INFO - Epoch  10 | Train Loss: 0.421 | Val Loss: 0.44 | Val F1: 0.88 |
2023-09-02 20:55:05,713 - FGO - INFO - Epoch  20 | Train Loss: 0.142 | Val Loss: 0.20 | Val F1: 0.94 |
2023-09-02 20:55:05,737 - FGO - INFO - Epoch  30 | Train Loss: 0.103 | Val Loss: 0.16 | Val F1: 0.94 |
2023-09-02 20:55:05,761 - FGO - INFO - Epoch  40 | Train Loss: 0.085 | Val Loss: 0.18 | Val F1: 0.96 |
2023-09-02 20:55:05,785 - FGO - INFO - Epoch  50 | Train Loss: 0.073 | Val Loss: 0.18 | Val F1: 0.96 |
2023-09-02 20:55:05,810 - FGO - INFO - Epoch  60 | Train Loss: 0.066 | Val Loss: 0.15 | Val F1: 0.97 |
2023-09-02 20:55:05,834 - FGO - INFO - Epoch  70 | Train Loss: 0.061 | Val Loss: 0.13 | Val F1: 0.97 |
2023-09-02 20:55:05,858 - FGO - INFO - Epoch  80 | Train Loss: 0.058 | Val Loss: 0.15 | Val F1: 0.96 |
2023-09-02 20:55:05,882 - FGO - INFO - Epoch  90 | Train Loss: 0.058 | Val Loss: 0.12 | Val F1: 0.97 |
2023-09-02 20:55:05,906 - FGO - INFO - Epoch 100 | Train Loss: 0.055 | Val Loss: 0.15 | Val F1: 0.96 |
2023-09-02 20:55:05,906 - FGO - INFO - Best Epoch:  28 | Train Loss: 0.112 | Val Loss: 0.09 | Val F1: 0.99 
2023-09-02 20:55:05,906 - FGO - INFO - Setting model to best state.
2023-09-02 20:55:05,908 - FGO - INFO - ===== Train Fair OT GCN Model ============================================================
2023-09-02 20:55:05,997 - FGO - INFO - Epoch   0 | Train Loss: -0.514 | Val Loss: 0.07 | Val F1: 0.94 |
2023-09-02 20:55:06,984 - FGO - INFO - Epoch  10 | Train Loss: -0.656 | Val Loss: 0.01 | Val F1: 0.94 |
2023-09-02 20:55:07,900 - FGO - INFO - Epoch  20 | Train Loss: -0.701 | Val Loss: -0.03 | Val F1: 0.98 |
2023-09-02 20:55:08,699 - FGO - INFO - Epoch  30 | Train Loss: -0.735 | Val Loss: -0.04 | Val F1: 0.98 |
2023-09-02 20:55:09,569 - FGO - INFO - Epoch  40 | Train Loss: -0.774 | Val Loss: -0.03 | Val F1: 0.98 |
2023-09-02 20:55:10,321 - FGO - INFO - Best Epoch:  18 | Train Loss: -0.685 | Val Loss: -0.02 | Val F1: 0.98 |
2023-09-02 20:55:10,321 - FGO - INFO - Setting model to best state.
2023-09-02 20:55:10,325 - FGO - INFO - ===== Test Fair OT GCN Model =============================================================
2023-09-02 20:55:10,351 - FGO - INFO - Train CM:
[[373   9]
 [ 10 316]]
2023-09-02 20:55:10,352 - FGO - INFO - Val CM:
[[52  0]
 [ 2 42]]
2023-09-02 20:55:10,352 - FGO - INFO - Test CM:
[[52  0]
 [ 2 42]]
2023-09-02 20:55:10,357 - FGO - INFO - test statistical parity: 0.32727272727272727
2023-09-02 20:55:10,358 - FGO - INFO - test equal opportunity: 0.05555555555555558
2023-09-02 20:55:10,359 - FGO - INFO - test micro f1: 0.9791666666666666
2023-09-02 20:55:10,360 - FGO - INFO - test macro f1: 0.978938130759105
