2023-09-02 20:58:10,762 - FGO - INFO - ===== SETUP LOGGING ======================================================================
2023-09-02 20:58:10,762 - FGO - INFO - THIS_FILE: Wrapper.py
2023-09-02 20:58:10,762 - FGO - INFO - 	done: False
2023-09-02 20:58:10,762 - FGO - INFO - 	learning_rate: 0.01
2023-09-02 20:58:10,762 - FGO - INFO - 	h1: 64
2023-09-02 20:58:10,762 - FGO - INFO - 	h2: 32
2023-09-02 20:58:10,762 - FGO - INFO - 	weight_decay: 0.0005
2023-09-02 20:58:10,762 - FGO - INFO - 	dropout: 0.0
2023-09-02 20:58:10,762 - FGO - INFO - 	max_pretrain_epochs: 100
2023-09-02 20:58:10,762 - FGO - INFO - 	max_ot_epochs: 50
2023-09-02 20:58:10,762 - FGO - INFO - 	lambda: 0.03
2023-09-02 20:58:10,762 - FGO - INFO - 	theta: 10
2023-09-02 20:58:10,762 - FGO - INFO - 	clip: 5
2023-09-02 20:58:10,762 - FGO - INFO - ===== SETUP LOGGING COMPLETE =============================================================
2023-09-02 20:58:10,763 - FGO - INFO - ===== Configuring Masks ==================================================================
2023-09-02 20:58:10,763 - FGO - INFO - Source Total: 725
2023-09-02 20:58:10,763 - FGO - INFO - Target Total: 79
2023-09-02 20:58:10,763 - FGO - INFO - Train Total: 725
2023-09-02 20:58:10,763 - FGO - INFO - Val Total:   79
2023-09-02 20:58:10,763 - FGO - INFO - Test Total:  79
2023-09-02 20:58:10,763 - FGO - INFO - ===== Preparing to load data =============================================================
2023-09-02 20:58:10,763 - FGO - INFO - SOURCE: abide_large
2023-09-02 20:58:10,763 - FGO - INFO - ===== Retrieving SOURCE Data =============================================================
2023-09-02 20:58:10,763 - FGO - INFO - *************** In load_graph_data ***************
2023-09-02 20:58:10,763 - FGO - INFO - 	FILEPATH: ./data/abide_large.mat
2023-09-02 20:58:10,763 - FGO - INFO - 	X shape: (804, 93)
2023-09-02 20:58:10,763 - FGO - INFO - 	A shape: (804, 804)
2023-09-02 20:58:10,763 - FGO - INFO - 	P shape: (804,)
2023-09-02 20:58:10,763 - FGO - INFO - 	Y shape: (804, 2)
2023-09-02 20:58:10,763 - FGO - INFO - 	Y sum: 804 (number of postive labels)
2023-09-02 20:58:10,764 - FGO - INFO - ===== Preparing data =====================================================================
2023-09-02 20:58:10,765 - FGO - INFO - ===== Disconnecting Source and Target ====================================================
2023-09-02 20:58:10,864 - FGO - INFO - ===== Finalize Data ======================================================================
2023-09-02 20:58:10,864 - FGO - INFO - A shape: (804, 804)
2023-09-02 20:58:10,864 - FGO - INFO - X shape: (804, 93)
2023-09-02 20:58:10,864 - FGO - INFO - Y shape: (804, 2)
2023-09-02 20:58:10,864 - FGO - INFO - N: 804
2023-09-02 20:58:10,864 - FGO - INFO - N_s: 725
2023-09-02 20:58:10,864 - FGO - INFO - N_t: 79
2023-09-02 20:58:10,868 - FGO - INFO - ===== Pretrain GCN Model =================================================================
2023-09-02 20:58:10,871 - FGO - INFO - Epoch   0 | Train Loss: 0.690 | Val Loss: 0.67 | Val F1: 0.38 |
2023-09-02 20:58:10,896 - FGO - INFO - Epoch  10 | Train Loss: 0.471 | Val Loss: 0.48 | Val F1: 0.87 |
2023-09-02 20:58:10,921 - FGO - INFO - Epoch  20 | Train Loss: 0.138 | Val Loss: 0.18 | Val F1: 0.96 |
2023-09-02 20:58:10,945 - FGO - INFO - Epoch  30 | Train Loss: 0.102 | Val Loss: 0.19 | Val F1: 0.97 |
2023-09-02 20:58:10,970 - FGO - INFO - Epoch  40 | Train Loss: 0.092 | Val Loss: 0.21 | Val F1: 0.97 |
2023-09-02 20:58:10,994 - FGO - INFO - Epoch  50 | Train Loss: 0.078 | Val Loss: 0.19 | Val F1: 0.97 |
2023-09-02 20:58:11,019 - FGO - INFO - Epoch  60 | Train Loss: 0.071 | Val Loss: 0.18 | Val F1: 0.97 |
2023-09-02 20:58:11,043 - FGO - INFO - Epoch  70 | Train Loss: 0.066 | Val Loss: 0.15 | Val F1: 0.97 |
2023-09-02 20:58:11,068 - FGO - INFO - Epoch  80 | Train Loss: 0.069 | Val Loss: 0.15 | Val F1: 0.97 |
2023-09-02 20:58:11,092 - FGO - INFO - Epoch  90 | Train Loss: 0.063 | Val Loss: 0.10 | Val F1: 0.97 |
2023-09-02 20:58:11,117 - FGO - INFO - Epoch 100 | Train Loss: 0.070 | Val Loss: 0.06 | Val F1: 0.97 |
2023-09-02 20:58:11,117 - FGO - INFO - Best Epoch:  25 | Train Loss: 0.119 | Val Loss: 0.24 | Val F1: 0.97 
2023-09-02 20:58:11,117 - FGO - INFO - Setting model to best state.
2023-09-02 20:58:11,118 - FGO - INFO - ===== Train Fair OT GCN Model ============================================================
2023-09-02 20:58:11,212 - FGO - INFO - Epoch   0 | Train Loss: -2.393 | Val Loss: -0.16 | Val F1: 0.97 |
2023-09-02 20:58:11,992 - FGO - INFO - Epoch  10 | Train Loss: -2.251 | Val Loss: 0.22 | Val F1: 0.83 |
2023-09-02 20:58:12,779 - FGO - INFO - Epoch  20 | Train Loss: -2.500 | Val Loss: -0.20 | Val F1: 0.97 |
2023-09-02 20:58:13,747 - FGO - INFO - Epoch  30 | Train Loss: -2.564 | Val Loss: -0.22 | Val F1: 0.97 |
2023-09-02 20:58:14,577 - FGO - INFO - Epoch  40 | Train Loss: -2.628 | Val Loss: -0.24 | Val F1: 0.97 |
2023-09-02 20:58:15,285 - FGO - INFO - Best Epoch:  14 | Train Loss: -2.497 | Val Loss: -0.21 | Val F1: 0.99 |
2023-09-02 20:58:15,285 - FGO - INFO - Setting model to best state.
2023-09-02 20:58:15,289 - FGO - INFO - ===== Test Fair OT GCN Model =============================================================
2023-09-02 20:58:15,314 - FGO - INFO - Train CM:
[[378   7]
 [ 13 327]]
2023-09-02 20:58:15,314 - FGO - INFO - Val CM:
[[47  2]
 [ 0 30]]
2023-09-02 20:58:15,315 - FGO - INFO - Test CM:
[[47  2]
 [ 0 30]]
2023-09-02 20:58:15,320 - FGO - INFO - test statistical parity: 0.005797101449275366
2023-09-02 20:58:15,321 - FGO - INFO - test equal opportunity: 0.0
2023-09-02 20:58:15,322 - FGO - INFO - test micro f1: 0.9746835443037974
2023-09-02 20:58:15,322 - FGO - INFO - test macro f1: 0.9734543010752688
