2023-09-02 20:52:30,088 - FGO - INFO - ===== SETUP LOGGING ======================================================================
2023-09-02 20:52:30,088 - FGO - INFO - THIS_FILE: Wrapper.py
2023-09-02 20:52:30,088 - FGO - INFO - 	done: False
2023-09-02 20:52:30,088 - FGO - INFO - 	learning_rate: 0.005
2023-09-02 20:52:30,088 - FGO - INFO - 	h1: 64
2023-09-02 20:52:30,088 - FGO - INFO - 	h2: 32
2023-09-02 20:52:30,088 - FGO - INFO - 	weight_decay: 0.0005
2023-09-02 20:52:30,088 - FGO - INFO - 	dropout: 0.0
2023-09-02 20:52:30,088 - FGO - INFO - 	max_pretrain_epochs: 100
2023-09-02 20:52:30,088 - FGO - INFO - 	max_ot_epochs: 50
2023-09-02 20:52:30,088 - FGO - INFO - 	lambda: 0.03
2023-09-02 20:52:30,088 - FGO - INFO - 	theta: 50
2023-09-02 20:52:30,088 - FGO - INFO - 	clip: 5
2023-09-02 20:52:30,088 - FGO - INFO - ===== SETUP LOGGING COMPLETE =============================================================
2023-09-02 20:52:30,088 - FGO - INFO - ===== Configuring Masks ==================================================================
2023-09-02 20:52:30,088 - FGO - INFO - Source Total: 732
2023-09-02 20:52:30,088 - FGO - INFO - Target Total: 72
2023-09-02 20:52:30,089 - FGO - INFO - Train Total: 732
2023-09-02 20:52:30,089 - FGO - INFO - Val Total:   72
2023-09-02 20:52:30,089 - FGO - INFO - Test Total:  72
2023-09-02 20:52:30,089 - FGO - INFO - ===== Preparing to load data =============================================================
2023-09-02 20:52:30,089 - FGO - INFO - SOURCE: abide_large
2023-09-02 20:52:30,089 - FGO - INFO - ===== Retrieving SOURCE Data =============================================================
2023-09-02 20:52:30,089 - FGO - INFO - *************** In load_graph_data ***************
2023-09-02 20:52:30,089 - FGO - INFO - 	FILEPATH: ./data/abide_large.mat
2023-09-02 20:52:30,089 - FGO - INFO - 	X shape: (804, 93)
2023-09-02 20:52:30,089 - FGO - INFO - 	A shape: (804, 804)
2023-09-02 20:52:30,089 - FGO - INFO - 	P shape: (804,)
2023-09-02 20:52:30,089 - FGO - INFO - 	Y shape: (804, 2)
2023-09-02 20:52:30,089 - FGO - INFO - 	Y sum: 804 (number of postive labels)
2023-09-02 20:52:30,090 - FGO - INFO - ===== Preparing data =====================================================================
2023-09-02 20:52:30,091 - FGO - INFO - ===== Disconnecting Source and Target ====================================================
2023-09-02 20:52:30,182 - FGO - INFO - ===== Finalize Data ======================================================================
2023-09-02 20:52:30,182 - FGO - INFO - A shape: (804, 804)
2023-09-02 20:52:30,182 - FGO - INFO - X shape: (804, 93)
2023-09-02 20:52:30,182 - FGO - INFO - Y shape: (804, 2)
2023-09-02 20:52:30,182 - FGO - INFO - N: 804
2023-09-02 20:52:30,182 - FGO - INFO - N_s: 732
2023-09-02 20:52:30,182 - FGO - INFO - N_t: 72
2023-09-02 20:52:30,186 - FGO - INFO - ===== Pretrain GCN Model =================================================================
2023-09-02 20:52:30,189 - FGO - INFO - Epoch   0 | Train Loss: 0.688 | Val Loss: 0.70 | Val F1: 0.33 |
2023-09-02 20:52:30,214 - FGO - INFO - Epoch  10 | Train Loss: 0.578 | Val Loss: 0.58 | Val F1: 0.78 |
2023-09-02 20:52:30,238 - FGO - INFO - Epoch  20 | Train Loss: 0.258 | Val Loss: 0.23 | Val F1: 0.90 |
2023-09-02 20:52:30,263 - FGO - INFO - Epoch  30 | Train Loss: 0.130 | Val Loss: 0.12 | Val F1: 0.97 |
2023-09-02 20:52:30,288 - FGO - INFO - Epoch  40 | Train Loss: 0.095 | Val Loss: 0.12 | Val F1: 0.97 |
2023-09-02 20:52:30,312 - FGO - INFO - Epoch  50 | Train Loss: 0.084 | Val Loss: 0.12 | Val F1: 0.97 |
2023-09-02 20:52:30,337 - FGO - INFO - Epoch  60 | Train Loss: 0.077 | Val Loss: 0.10 | Val F1: 0.97 |
2023-09-02 20:52:30,361 - FGO - INFO - Epoch  70 | Train Loss: 0.071 | Val Loss: 0.07 | Val F1: 0.97 |
2023-09-02 20:52:30,386 - FGO - INFO - Epoch  80 | Train Loss: 0.067 | Val Loss: 0.06 | Val F1: 0.99 |
2023-09-02 20:52:30,411 - FGO - INFO - Epoch  90 | Train Loss: 0.065 | Val Loss: 0.06 | Val F1: 0.99 |
2023-09-02 20:52:30,435 - FGO - INFO - Epoch 100 | Train Loss: 0.064 | Val Loss: 0.06 | Val F1: 0.99 |
2023-09-02 20:52:30,435 - FGO - INFO - Best Epoch:  72 | Train Loss: 0.070 | Val Loss: 0.07 | Val F1: 0.99 
2023-09-02 20:52:30,435 - FGO - INFO - Setting model to best state.
2023-09-02 20:52:30,437 - FGO - INFO - ===== Train Fair OT GCN Model ============================================================
2023-09-02 20:52:30,505 - FGO - INFO - Epoch   0 | Train Loss: -12.383 | Val Loss: -1.22 | Val F1: 0.99 |
2023-09-02 20:52:31,270 - FGO - INFO - Epoch  10 | Train Loss: -13.531 | Val Loss: -1.25 | Val F1: 0.90 |
2023-09-02 20:52:32,059 - FGO - INFO - Epoch  20 | Train Loss: -14.041 | Val Loss: -0.85 | Val F1: 0.48 |
2023-09-02 20:52:32,830 - FGO - INFO - Epoch  30 | Train Loss: -14.102 | Val Loss: -0.82 | Val F1: 0.34 |
2023-09-02 20:52:33,586 - FGO - INFO - Epoch  40 | Train Loss: -14.104 | Val Loss: -0.82 | Val F1: 0.34 |
2023-09-02 20:52:34,275 - FGO - INFO - Best Epoch:   9 | Train Loss: -13.481 | Val Loss: -1.25 | Val F1: 0.92 |
2023-09-02 20:52:34,275 - FGO - INFO - Setting model to best state.
2023-09-02 20:52:34,279 - FGO - INFO - ===== Test Fair OT GCN Model =============================================================
2023-09-02 20:52:34,303 - FGO - INFO - Train CM:
[[397   0]
 [335   0]]
2023-09-02 20:52:34,303 - FGO - INFO - Val CM:
[[37  0]
 [35  0]]
2023-09-02 20:52:34,303 - FGO - INFO - Test CM:
[[37  0]
 [35  0]]
2023-09-02 20:52:34,308 - FGO - INFO - test statistical parity: 0.0
2023-09-02 20:52:34,310 - FGO - INFO - test equal opportunity: 0.0
2023-09-02 20:52:34,311 - FGO - INFO - test micro f1: 0.5138888888888888
2023-09-02 20:52:34,311 - FGO - INFO - test macro f1: 0.33944954128440363
