2023-09-02 20:58:45,700 - FGO - INFO - ===== SETUP LOGGING ======================================================================
2023-09-02 20:58:45,700 - FGO - INFO - THIS_FILE: Wrapper.py
2023-09-02 20:58:45,700 - FGO - INFO - 	done: False
2023-09-02 20:58:45,700 - FGO - INFO - 	learning_rate: 0.01
2023-09-02 20:58:45,700 - FGO - INFO - 	h1: 64
2023-09-02 20:58:45,700 - FGO - INFO - 	h2: 32
2023-09-02 20:58:45,701 - FGO - INFO - 	weight_decay: 0.0005
2023-09-02 20:58:45,701 - FGO - INFO - 	dropout: 0.0
2023-09-02 20:58:45,701 - FGO - INFO - 	max_pretrain_epochs: 100
2023-09-02 20:58:45,701 - FGO - INFO - 	max_ot_epochs: 50
2023-09-02 20:58:45,701 - FGO - INFO - 	lambda: 0.03
2023-09-02 20:58:45,701 - FGO - INFO - 	theta: 30
2023-09-02 20:58:45,701 - FGO - INFO - 	clip: 5
2023-09-02 20:58:45,701 - FGO - INFO - ===== SETUP LOGGING COMPLETE =============================================================
2023-09-02 20:58:45,701 - FGO - INFO - ===== Configuring Masks ==================================================================
2023-09-02 20:58:45,701 - FGO - INFO - Source Total: 717
2023-09-02 20:58:45,701 - FGO - INFO - Target Total: 87
2023-09-02 20:58:45,701 - FGO - INFO - Train Total: 717
2023-09-02 20:58:45,701 - FGO - INFO - Val Total:   87
2023-09-02 20:58:45,701 - FGO - INFO - Test Total:  87
2023-09-02 20:58:45,701 - FGO - INFO - ===== Preparing to load data =============================================================
2023-09-02 20:58:45,701 - FGO - INFO - SOURCE: abide_large
2023-09-02 20:58:45,701 - FGO - INFO - ===== Retrieving SOURCE Data =============================================================
2023-09-02 20:58:45,701 - FGO - INFO - *************** In load_graph_data ***************
2023-09-02 20:58:45,701 - FGO - INFO - 	FILEPATH: ./data/abide_large.mat
2023-09-02 20:58:45,701 - FGO - INFO - 	X shape: (804, 93)
2023-09-02 20:58:45,701 - FGO - INFO - 	A shape: (804, 804)
2023-09-02 20:58:45,701 - FGO - INFO - 	P shape: (804,)
2023-09-02 20:58:45,701 - FGO - INFO - 	Y shape: (804, 2)
2023-09-02 20:58:45,701 - FGO - INFO - 	Y sum: 804 (number of postive labels)
2023-09-02 20:58:45,702 - FGO - INFO - ===== Preparing data =====================================================================
2023-09-02 20:58:45,704 - FGO - INFO - ===== Disconnecting Source and Target ====================================================
2023-09-02 20:58:45,809 - FGO - INFO - ===== Finalize Data ======================================================================
2023-09-02 20:58:45,809 - FGO - INFO - A shape: (804, 804)
2023-09-02 20:58:45,809 - FGO - INFO - X shape: (804, 93)
2023-09-02 20:58:45,809 - FGO - INFO - Y shape: (804, 2)
2023-09-02 20:58:45,810 - FGO - INFO - N: 804
2023-09-02 20:58:45,810 - FGO - INFO - N_s: 717
2023-09-02 20:58:45,810 - FGO - INFO - N_t: 87
2023-09-02 20:58:45,813 - FGO - INFO - ===== Pretrain GCN Model =================================================================
2023-09-02 20:58:45,816 - FGO - INFO - Epoch   0 | Train Loss: 0.689 | Val Loss: 0.68 | Val F1: 0.35 |
2023-09-02 20:58:45,841 - FGO - INFO - Epoch  10 | Train Loss: 0.469 | Val Loss: 0.49 | Val F1: 0.86 |
2023-09-02 20:58:45,866 - FGO - INFO - Epoch  20 | Train Loss: 0.145 | Val Loss: 0.11 | Val F1: 0.98 |
2023-09-02 20:58:45,891 - FGO - INFO - Epoch  30 | Train Loss: 0.097 | Val Loss: 0.10 | Val F1: 0.97 |
2023-09-02 20:58:45,915 - FGO - INFO - Epoch  40 | Train Loss: 0.081 | Val Loss: 0.16 | Val F1: 0.95 |
2023-09-02 20:58:45,940 - FGO - INFO - Epoch  50 | Train Loss: 0.077 | Val Loss: 0.18 | Val F1: 0.95 |
2023-09-02 20:58:45,964 - FGO - INFO - Epoch  60 | Train Loss: 0.071 | Val Loss: 0.17 | Val F1: 0.95 |
2023-09-02 20:58:45,989 - FGO - INFO - Epoch  70 | Train Loss: 0.068 | Val Loss: 0.16 | Val F1: 0.95 |
2023-09-02 20:58:46,013 - FGO - INFO - Epoch  80 | Train Loss: 0.068 | Val Loss: 0.18 | Val F1: 0.95 |
2023-09-02 20:58:46,038 - FGO - INFO - Epoch  90 | Train Loss: 0.068 | Val Loss: 0.16 | Val F1: 0.95 |
2023-09-02 20:58:46,062 - FGO - INFO - Epoch 100 | Train Loss: 0.077 | Val Loss: 0.21 | Val F1: 0.95 |
2023-09-02 20:58:46,062 - FGO - INFO - Best Epoch:  20 | Train Loss: 0.145 | Val Loss: 0.11 | Val F1: 0.98 
2023-09-02 20:58:46,062 - FGO - INFO - Setting model to best state.
2023-09-02 20:58:46,064 - FGO - INFO - ===== Train Fair OT GCN Model ============================================================
2023-09-02 20:58:46,133 - FGO - INFO - Epoch   0 | Train Loss: -7.359 | Val Loss: -0.73 | Val F1: 0.95 |
2023-09-02 20:58:46,964 - FGO - INFO - Epoch  10 | Train Loss: -8.071 | Val Loss: -0.85 | Val F1: 0.97 |
2023-09-02 20:58:47,744 - FGO - INFO - Epoch  20 | Train Loss: -8.240 | Val Loss: -0.85 | Val F1: 0.97 |
2023-09-02 20:58:48,579 - FGO - INFO - Epoch  30 | Train Loss: -8.322 | Val Loss: -0.84 | Val F1: 0.97 |
2023-09-02 20:58:49,322 - FGO - INFO - Epoch  40 | Train Loss: -8.376 | Val Loss: -0.84 | Val F1: 0.97 |
2023-09-02 20:58:49,990 - FGO - INFO - Best Epoch:  10 | Train Loss: -8.071 | Val Loss: -0.85 | Val F1: 0.97 |
2023-09-02 20:58:49,990 - FGO - INFO - Setting model to best state.
2023-09-02 20:58:49,993 - FGO - INFO - ===== Test Fair OT GCN Model =============================================================
2023-09-02 20:58:50,019 - FGO - INFO - Train CM:
[[378   9]
 [ 12 318]]
2023-09-02 20:58:50,020 - FGO - INFO - Val CM:
[[46  1]
 [ 2 38]]
2023-09-02 20:58:50,020 - FGO - INFO - Test CM:
[[46  1]
 [ 2 38]]
2023-09-02 20:58:50,025 - FGO - INFO - test statistical parity: 0.35
2023-09-02 20:58:50,027 - FGO - INFO - test equal opportunity: 0.06451612903225812
2023-09-02 20:58:50,028 - FGO - INFO - test micro f1: 0.9655172413793104
2023-09-02 20:58:50,028 - FGO - INFO - test macro f1: 0.9652231845436376
