2023-09-02 20:59:50,592 - FGO - INFO - ===== SETUP LOGGING ======================================================================
2023-09-02 20:59:50,592 - FGO - INFO - THIS_FILE: Wrapper.py
2023-09-02 20:59:50,592 - FGO - INFO - 	done: False
2023-09-02 20:59:50,592 - FGO - INFO - 	learning_rate: 0.01
2023-09-02 20:59:50,592 - FGO - INFO - 	h1: 64
2023-09-02 20:59:50,592 - FGO - INFO - 	h2: 32
2023-09-02 20:59:50,592 - FGO - INFO - 	weight_decay: 0.0005
2023-09-02 20:59:50,592 - FGO - INFO - 	dropout: 0.0
2023-09-02 20:59:50,592 - FGO - INFO - 	max_pretrain_epochs: 100
2023-09-02 20:59:50,592 - FGO - INFO - 	max_ot_epochs: 50
2023-09-02 20:59:50,592 - FGO - INFO - 	lambda: 0.05
2023-09-02 20:59:50,592 - FGO - INFO - 	theta: 10
2023-09-02 20:59:50,592 - FGO - INFO - 	clip: 5
2023-09-02 20:59:50,592 - FGO - INFO - ===== SETUP LOGGING COMPLETE =============================================================
2023-09-02 20:59:50,593 - FGO - INFO - ===== Configuring Masks ==================================================================
2023-09-02 20:59:50,593 - FGO - INFO - Source Total: 721
2023-09-02 20:59:50,593 - FGO - INFO - Target Total: 83
2023-09-02 20:59:50,593 - FGO - INFO - Train Total: 721
2023-09-02 20:59:50,593 - FGO - INFO - Val Total:   83
2023-09-02 20:59:50,593 - FGO - INFO - Test Total:  83
2023-09-02 20:59:50,593 - FGO - INFO - ===== Preparing to load data =============================================================
2023-09-02 20:59:50,593 - FGO - INFO - SOURCE: abide_large
2023-09-02 20:59:50,593 - FGO - INFO - ===== Retrieving SOURCE Data =============================================================
2023-09-02 20:59:50,593 - FGO - INFO - *************** In load_graph_data ***************
2023-09-02 20:59:50,593 - FGO - INFO - 	FILEPATH: ./data/abide_large.mat
2023-09-02 20:59:50,593 - FGO - INFO - 	X shape: (804, 93)
2023-09-02 20:59:50,593 - FGO - INFO - 	A shape: (804, 804)
2023-09-02 20:59:50,593 - FGO - INFO - 	P shape: (804,)
2023-09-02 20:59:50,593 - FGO - INFO - 	Y shape: (804, 2)
2023-09-02 20:59:50,593 - FGO - INFO - 	Y sum: 804 (number of postive labels)
2023-09-02 20:59:50,594 - FGO - INFO - ===== Preparing data =====================================================================
2023-09-02 20:59:50,595 - FGO - INFO - ===== Disconnecting Source and Target ====================================================
2023-09-02 20:59:50,698 - FGO - INFO - ===== Finalize Data ======================================================================
2023-09-02 20:59:50,698 - FGO - INFO - A shape: (804, 804)
2023-09-02 20:59:50,698 - FGO - INFO - X shape: (804, 93)
2023-09-02 20:59:50,698 - FGO - INFO - Y shape: (804, 2)
2023-09-02 20:59:50,698 - FGO - INFO - N: 804
2023-09-02 20:59:50,698 - FGO - INFO - N_s: 721
2023-09-02 20:59:50,698 - FGO - INFO - N_t: 83
2023-09-02 20:59:50,702 - FGO - INFO - ===== Pretrain GCN Model =================================================================
2023-09-02 20:59:50,705 - FGO - INFO - Epoch   0 | Train Loss: 0.690 | Val Loss: 0.68 | Val F1: 0.38 |
2023-09-02 20:59:50,730 - FGO - INFO - Epoch  10 | Train Loss: 0.478 | Val Loss: 0.49 | Val F1: 0.84 |
2023-09-02 20:59:50,755 - FGO - INFO - Epoch  20 | Train Loss: 0.142 | Val Loss: 0.24 | Val F1: 0.87 |
2023-09-02 20:59:50,779 - FGO - INFO - Epoch  30 | Train Loss: 0.087 | Val Loss: 0.26 | Val F1: 0.90 |
2023-09-02 20:59:50,804 - FGO - INFO - Epoch  40 | Train Loss: 0.073 | Val Loss: 0.25 | Val F1: 0.90 |
2023-09-02 20:59:50,828 - FGO - INFO - Epoch  50 | Train Loss: 0.063 | Val Loss: 0.25 | Val F1: 0.91 |
2023-09-02 20:59:50,852 - FGO - INFO - Epoch  60 | Train Loss: 0.058 | Val Loss: 0.27 | Val F1: 0.91 |
2023-09-02 20:59:50,877 - FGO - INFO - Epoch  70 | Train Loss: 0.056 | Val Loss: 0.28 | Val F1: 0.91 |
2023-09-02 20:59:50,901 - FGO - INFO - Epoch  80 | Train Loss: 0.052 | Val Loss: 0.28 | Val F1: 0.88 |
2023-09-02 20:59:50,925 - FGO - INFO - Epoch  90 | Train Loss: 0.051 | Val Loss: 0.28 | Val F1: 0.89 |
2023-09-02 20:59:50,950 - FGO - INFO - Epoch 100 | Train Loss: 0.046 | Val Loss: 0.29 | Val F1: 0.89 |
2023-09-02 20:59:50,950 - FGO - INFO - Best Epoch:  58 | Train Loss: 0.058 | Val Loss: 0.26 | Val F1: 0.92 
2023-09-02 20:59:50,950 - FGO - INFO - Setting model to best state.
2023-09-02 20:59:50,951 - FGO - INFO - ===== Train Fair OT GCN Model ============================================================
2023-09-02 20:59:51,044 - FGO - INFO - Epoch   0 | Train Loss: -4.196 | Val Loss: -0.18 | Val F1: 0.90 |
2023-09-02 20:59:51,874 - FGO - INFO - Epoch  10 | Train Loss: -4.426 | Val Loss: -0.05 | Val F1: 0.89 |
2023-09-02 20:59:52,701 - FGO - INFO - Epoch  20 | Train Loss: -4.491 | Val Loss: -0.24 | Val F1: 0.90 |
2023-09-02 20:59:53,496 - FGO - INFO - Epoch  30 | Train Loss: -4.592 | Val Loss: -0.06 | Val F1: 0.91 |
2023-09-02 20:59:54,295 - FGO - INFO - Epoch  40 | Train Loss: -4.631 | Val Loss: -0.07 | Val F1: 0.90 |
2023-09-02 20:59:54,984 - FGO - INFO - Best Epoch:  11 | Train Loss: -4.447 | Val Loss: -0.21 | Val F1: 0.91 |
2023-09-02 20:59:54,985 - FGO - INFO - Setting model to best state.
2023-09-02 20:59:54,988 - FGO - INFO - ===== Test Fair OT GCN Model =============================================================
2023-09-02 20:59:55,011 - FGO - INFO - Train CM:
[[377   7]
 [  8 329]]
2023-09-02 20:59:55,011 - FGO - INFO - Val CM:
[[46  4]
 [ 3 30]]
2023-09-02 20:59:55,011 - FGO - INFO - Test CM:
[[46  4]
 [ 3 30]]
2023-09-02 20:59:55,016 - FGO - INFO - test statistical parity: 0.10563380281690143
2023-09-02 20:59:55,017 - FGO - INFO - test equal opportunity: 0.09259259259259256
2023-09-02 20:59:55,018 - FGO - INFO - test micro f1: 0.9156626506024096
2023-09-02 20:59:55,018 - FGO - INFO - test macro f1: 0.9124076586763153
