2023-09-02 20:50:07,423 - FGO - INFO - ===== SETUP LOGGING ======================================================================
2023-09-02 20:50:07,423 - FGO - INFO - THIS_FILE: Wrapper.py
2023-09-02 20:50:07,423 - FGO - INFO - 	done: False
2023-09-02 20:50:07,423 - FGO - INFO - 	learning_rate: 0.005
2023-09-02 20:50:07,423 - FGO - INFO - 	h1: 64
2023-09-02 20:50:07,423 - FGO - INFO - 	h2: 32
2023-09-02 20:50:07,423 - FGO - INFO - 	weight_decay: 0.0005
2023-09-02 20:50:07,423 - FGO - INFO - 	dropout: 0.0
2023-09-02 20:50:07,423 - FGO - INFO - 	max_pretrain_epochs: 100
2023-09-02 20:50:07,423 - FGO - INFO - 	max_ot_epochs: 50
2023-09-02 20:50:07,423 - FGO - INFO - 	lambda: 0.01
2023-09-02 20:50:07,423 - FGO - INFO - 	theta: 50
2023-09-02 20:50:07,423 - FGO - INFO - 	clip: 5
2023-09-02 20:50:07,423 - FGO - INFO - ===== SETUP LOGGING COMPLETE =============================================================
2023-09-02 20:50:07,423 - FGO - INFO - ===== Configuring Masks ==================================================================
2023-09-02 20:50:07,423 - FGO - INFO - Source Total: 721
2023-09-02 20:50:07,423 - FGO - INFO - Target Total: 83
2023-09-02 20:50:07,423 - FGO - INFO - Train Total: 721
2023-09-02 20:50:07,423 - FGO - INFO - Val Total:   83
2023-09-02 20:50:07,423 - FGO - INFO - Test Total:  83
2023-09-02 20:50:07,423 - FGO - INFO - ===== Preparing to load data =============================================================
2023-09-02 20:50:07,423 - FGO - INFO - SOURCE: abide_large
2023-09-02 20:50:07,423 - FGO - INFO - ===== Retrieving SOURCE Data =============================================================
2023-09-02 20:50:07,423 - FGO - INFO - *************** In load_graph_data ***************
2023-09-02 20:50:07,423 - FGO - INFO - 	FILEPATH: ./data/abide_large.mat
2023-09-02 20:50:07,424 - FGO - INFO - 	X shape: (804, 93)
2023-09-02 20:50:07,424 - FGO - INFO - 	A shape: (804, 804)
2023-09-02 20:50:07,424 - FGO - INFO - 	P shape: (804,)
2023-09-02 20:50:07,424 - FGO - INFO - 	Y shape: (804, 2)
2023-09-02 20:50:07,424 - FGO - INFO - 	Y sum: 804 (number of postive labels)
2023-09-02 20:50:07,425 - FGO - INFO - ===== Preparing data =====================================================================
2023-09-02 20:50:07,426 - FGO - INFO - ===== Disconnecting Source and Target ====================================================
2023-09-02 20:50:07,528 - FGO - INFO - ===== Finalize Data ======================================================================
2023-09-02 20:50:07,528 - FGO - INFO - A shape: (804, 804)
2023-09-02 20:50:07,528 - FGO - INFO - X shape: (804, 93)
2023-09-02 20:50:07,528 - FGO - INFO - Y shape: (804, 2)
2023-09-02 20:50:07,528 - FGO - INFO - N: 804
2023-09-02 20:50:07,528 - FGO - INFO - N_s: 721
2023-09-02 20:50:07,528 - FGO - INFO - N_t: 83
2023-09-02 20:50:07,531 - FGO - INFO - ===== Pretrain GCN Model =================================================================
2023-09-02 20:50:07,535 - FGO - INFO - Epoch   0 | Train Loss: 0.690 | Val Loss: 0.68 | Val F1: 0.38 |
2023-09-02 20:50:07,559 - FGO - INFO - Epoch  10 | Train Loss: 0.583 | Val Loss: 0.59 | Val F1: 0.76 |
2023-09-02 20:50:07,584 - FGO - INFO - Epoch  20 | Train Loss: 0.262 | Val Loss: 0.33 | Val F1: 0.88 |
2023-09-02 20:50:07,608 - FGO - INFO - Epoch  30 | Train Loss: 0.120 | Val Loss: 0.24 | Val F1: 0.88 |
2023-09-02 20:50:07,633 - FGO - INFO - Epoch  40 | Train Loss: 0.083 | Val Loss: 0.26 | Val F1: 0.90 |
2023-09-02 20:50:07,657 - FGO - INFO - Epoch  50 | Train Loss: 0.071 | Val Loss: 0.26 | Val F1: 0.90 |
2023-09-02 20:50:07,681 - FGO - INFO - Epoch  60 | Train Loss: 0.062 | Val Loss: 0.27 | Val F1: 0.91 |
2023-09-02 20:50:07,706 - FGO - INFO - Epoch  70 | Train Loss: 0.059 | Val Loss: 0.27 | Val F1: 0.92 |
2023-09-02 20:50:07,730 - FGO - INFO - Epoch  80 | Train Loss: 0.055 | Val Loss: 0.27 | Val F1: 0.92 |
2023-09-02 20:50:07,754 - FGO - INFO - Epoch  90 | Train Loss: 0.053 | Val Loss: 0.27 | Val F1: 0.90 |
2023-09-02 20:50:07,779 - FGO - INFO - Epoch 100 | Train Loss: 0.051 | Val Loss: 0.26 | Val F1: 0.91 |
2023-09-02 20:50:07,779 - FGO - INFO - Best Epoch:  58 | Train Loss: 0.063 | Val Loss: 0.26 | Val F1: 0.92 
2023-09-02 20:50:07,779 - FGO - INFO - Setting model to best state.
2023-09-02 20:50:07,780 - FGO - INFO - ===== Train Fair OT GCN Model ============================================================
2023-09-02 20:50:07,900 - FGO - INFO - Epoch   0 | Train Loss: -2.991 | Val Loss: -0.09 | Val F1: 0.90 |
2023-09-02 20:50:08,985 - FGO - INFO - Epoch  10 | Train Loss: -3.864 | Val Loss: 0.09 | Val F1: 0.88 |
2023-09-02 20:50:09,774 - FGO - INFO - Epoch  20 | Train Loss: -4.172 | Val Loss: -0.20 | Val F1: 0.90 |
2023-09-02 20:50:10,622 - FGO - INFO - Epoch  30 | Train Loss: -4.326 | Val Loss: -0.12 | Val F1: 0.91 |
2023-09-02 20:50:11,424 - FGO - INFO - Epoch  40 | Train Loss: -4.419 | Val Loss: -0.17 | Val F1: 0.90 |
2023-09-02 20:50:12,193 - FGO - INFO - Best Epoch:  30 | Train Loss: -4.326 | Val Loss: -0.12 | Val F1: 0.91 |
2023-09-02 20:50:12,193 - FGO - INFO - Setting model to best state.
2023-09-02 20:50:12,197 - FGO - INFO - ===== Test Fair OT GCN Model =============================================================
2023-09-02 20:50:12,224 - FGO - INFO - Train CM:
[[379   5]
 [  8 329]]
2023-09-02 20:50:12,225 - FGO - INFO - Val CM:
[[46  4]
 [ 4 29]]
2023-09-02 20:50:12,225 - FGO - INFO - Test CM:
[[46  4]
 [ 4 29]]
2023-09-02 20:50:12,230 - FGO - INFO - test statistical parity: 0.02230046948356812
2023-09-02 20:50:12,232 - FGO - INFO - test equal opportunity: 0.2592592592592593
2023-09-02 20:50:12,232 - FGO - INFO - test micro f1: 0.9036144578313253
2023-09-02 20:50:12,233 - FGO - INFO - test macro f1: 0.8993939393939394
