2023-09-02 21:00:51,313 - FGO - INFO - ===== SETUP LOGGING ======================================================================
2023-09-02 21:00:51,313 - FGO - INFO - THIS_FILE: Wrapper.py
2023-09-02 21:00:51,313 - FGO - INFO - 	done: False
2023-09-02 21:00:51,313 - FGO - INFO - 	learning_rate: 0.01
2023-09-02 21:00:51,313 - FGO - INFO - 	h1: 64
2023-09-02 21:00:51,313 - FGO - INFO - 	h2: 32
2023-09-02 21:00:51,313 - FGO - INFO - 	weight_decay: 0.0005
2023-09-02 21:00:51,313 - FGO - INFO - 	dropout: 0.0
2023-09-02 21:00:51,313 - FGO - INFO - 	max_pretrain_epochs: 100
2023-09-02 21:00:51,313 - FGO - INFO - 	max_ot_epochs: 50
2023-09-02 21:00:51,313 - FGO - INFO - 	lambda: 0.05
2023-09-02 21:00:51,313 - FGO - INFO - 	theta: 30
2023-09-02 21:00:51,313 - FGO - INFO - 	clip: 5
2023-09-02 21:00:51,313 - FGO - INFO - ===== SETUP LOGGING COMPLETE =============================================================
2023-09-02 21:00:51,313 - FGO - INFO - ===== Configuring Masks ==================================================================
2023-09-02 21:00:51,314 - FGO - INFO - Source Total: 717
2023-09-02 21:00:51,314 - FGO - INFO - Target Total: 87
2023-09-02 21:00:51,314 - FGO - INFO - Train Total: 717
2023-09-02 21:00:51,314 - FGO - INFO - Val Total:   87
2023-09-02 21:00:51,314 - FGO - INFO - Test Total:  87
2023-09-02 21:00:51,314 - FGO - INFO - ===== Preparing to load data =============================================================
2023-09-02 21:00:51,314 - FGO - INFO - SOURCE: abide_large
2023-09-02 21:00:51,314 - FGO - INFO - ===== Retrieving SOURCE Data =============================================================
2023-09-02 21:00:51,314 - FGO - INFO - *************** In load_graph_data ***************
2023-09-02 21:00:51,314 - FGO - INFO - 	FILEPATH: ./data/abide_large.mat
2023-09-02 21:00:51,314 - FGO - INFO - 	X shape: (804, 93)
2023-09-02 21:00:51,314 - FGO - INFO - 	A shape: (804, 804)
2023-09-02 21:00:51,314 - FGO - INFO - 	P shape: (804,)
2023-09-02 21:00:51,314 - FGO - INFO - 	Y shape: (804, 2)
2023-09-02 21:00:51,314 - FGO - INFO - 	Y sum: 804 (number of postive labels)
2023-09-02 21:00:51,315 - FGO - INFO - ===== Preparing data =====================================================================
2023-09-02 21:00:51,316 - FGO - INFO - ===== Disconnecting Source and Target ====================================================
2023-09-02 21:00:51,423 - FGO - INFO - ===== Finalize Data ======================================================================
2023-09-02 21:00:51,424 - FGO - INFO - A shape: (804, 804)
2023-09-02 21:00:51,424 - FGO - INFO - X shape: (804, 93)
2023-09-02 21:00:51,424 - FGO - INFO - Y shape: (804, 2)
2023-09-02 21:00:51,424 - FGO - INFO - N: 804
2023-09-02 21:00:51,424 - FGO - INFO - N_s: 717
2023-09-02 21:00:51,424 - FGO - INFO - N_t: 87
2023-09-02 21:00:51,427 - FGO - INFO - ===== Pretrain GCN Model =================================================================
2023-09-02 21:00:51,431 - FGO - INFO - Epoch   0 | Train Loss: 0.690 | Val Loss: 0.68 | Val F1: 0.36 |
2023-09-02 21:00:51,455 - FGO - INFO - Epoch  10 | Train Loss: 0.496 | Val Loss: 0.48 | Val F1: 0.80 |
2023-09-02 21:00:51,480 - FGO - INFO - Epoch  20 | Train Loss: 0.161 | Val Loss: 0.13 | Val F1: 0.93 |
2023-09-02 21:00:51,505 - FGO - INFO - Epoch  30 | Train Loss: 0.108 | Val Loss: 0.07 | Val F1: 0.96 |
2023-09-02 21:00:51,529 - FGO - INFO - Epoch  40 | Train Loss: 0.089 | Val Loss: 0.09 | Val F1: 0.98 |
2023-09-02 21:00:51,554 - FGO - INFO - Epoch  50 | Train Loss: 0.078 | Val Loss: 0.08 | Val F1: 0.99 |
2023-09-02 21:00:51,578 - FGO - INFO - Epoch  60 | Train Loss: 0.072 | Val Loss: 0.06 | Val F1: 0.98 |
2023-09-02 21:00:51,603 - FGO - INFO - Epoch  70 | Train Loss: 0.074 | Val Loss: 0.05 | Val F1: 0.99 |
2023-09-02 21:00:51,627 - FGO - INFO - Epoch  80 | Train Loss: 0.068 | Val Loss: 0.05 | Val F1: 0.99 |
2023-09-02 21:00:51,651 - FGO - INFO - Epoch  90 | Train Loss: 0.065 | Val Loss: 0.04 | Val F1: 0.99 |
2023-09-02 21:00:51,676 - FGO - INFO - Epoch 100 | Train Loss: 0.066 | Val Loss: 0.04 | Val F1: 1.00 |
2023-09-02 21:00:51,676 - FGO - INFO - Best Epoch:  73 | Train Loss: 0.068 | Val Loss: 0.05 | Val F1: 1.00 
2023-09-02 21:00:51,676 - FGO - INFO - Setting model to best state.
2023-09-02 21:00:51,677 - FGO - INFO - ===== Train Fair OT GCN Model ============================================================
2023-09-02 21:00:51,801 - FGO - INFO - Epoch   0 | Train Loss: -13.046 | Val Loss: -1.63 | Val F1: 1.00 |
2023-09-02 21:00:52,550 - FGO - INFO - Epoch  10 | Train Loss: -13.729 | Val Loss: -1.69 | Val F1: 0.96 |
2023-09-02 21:00:53,271 - FGO - INFO - Epoch  20 | Train Loss: -13.884 | Val Loss: -1.66 | Val F1: 0.96 |
2023-09-02 21:00:54,023 - FGO - INFO - Epoch  30 | Train Loss: -13.973 | Val Loss: -1.66 | Val F1: 0.96 |
2023-09-02 21:00:54,788 - FGO - INFO - Epoch  40 | Train Loss: -14.035 | Val Loss: -1.68 | Val F1: 0.96 |
2023-09-02 21:00:55,484 - FGO - INFO - Best Epoch:  10 | Train Loss: -13.729 | Val Loss: -1.69 | Val F1: 0.96 |
2023-09-02 21:00:55,484 - FGO - INFO - Setting model to best state.
2023-09-02 21:00:55,487 - FGO - INFO - ===== Test Fair OT GCN Model =============================================================
2023-09-02 21:00:55,527 - FGO - INFO - Train CM:
[[384   1]
 [ 29 303]]
2023-09-02 21:00:55,528 - FGO - INFO - Val CM:
[[49  0]
 [ 3 35]]
2023-09-02 21:00:55,528 - FGO - INFO - Test CM:
[[49  0]
 [ 3 35]]
2023-09-02 21:00:55,532 - FGO - INFO - test statistical parity: 0.10759493670886078
2023-09-02 21:00:55,534 - FGO - INFO - test equal opportunity: 0.08823529411764708
2023-09-02 21:00:55,535 - FGO - INFO - test micro f1: 0.9655172413793104
2023-09-02 21:00:55,535 - FGO - INFO - test macro f1: 0.9646005696460056
