2023-09-02 20:54:27,021 - FGO - INFO - ===== SETUP LOGGING ======================================================================
2023-09-02 20:54:27,021 - FGO - INFO - THIS_FILE: Wrapper.py
2023-09-02 20:54:27,021 - FGO - INFO - 	done: False
2023-09-02 20:54:27,021 - FGO - INFO - 	learning_rate: 0.005
2023-09-02 20:54:27,021 - FGO - INFO - 	h1: 64
2023-09-02 20:54:27,021 - FGO - INFO - 	h2: 32
2023-09-02 20:54:27,021 - FGO - INFO - 	weight_decay: 0.0005
2023-09-02 20:54:27,021 - FGO - INFO - 	dropout: 0.0
2023-09-02 20:54:27,021 - FGO - INFO - 	max_pretrain_epochs: 100
2023-09-02 20:54:27,021 - FGO - INFO - 	max_ot_epochs: 50
2023-09-02 20:54:27,021 - FGO - INFO - 	lambda: 0.05
2023-09-02 20:54:27,021 - FGO - INFO - 	theta: 50
2023-09-02 20:54:27,021 - FGO - INFO - 	clip: 5
2023-09-02 20:54:27,021 - FGO - INFO - ===== SETUP LOGGING COMPLETE =============================================================
2023-09-02 20:54:27,021 - FGO - INFO - ===== Configuring Masks ==================================================================
2023-09-02 20:54:27,021 - FGO - INFO - Source Total: 727
2023-09-02 20:54:27,021 - FGO - INFO - Target Total: 77
2023-09-02 20:54:27,021 - FGO - INFO - Train Total: 727
2023-09-02 20:54:27,021 - FGO - INFO - Val Total:   77
2023-09-02 20:54:27,021 - FGO - INFO - Test Total:  77
2023-09-02 20:54:27,021 - FGO - INFO - ===== Preparing to load data =============================================================
2023-09-02 20:54:27,021 - FGO - INFO - SOURCE: abide_large
2023-09-02 20:54:27,021 - FGO - INFO - ===== Retrieving SOURCE Data =============================================================
2023-09-02 20:54:27,021 - FGO - INFO - *************** In load_graph_data ***************
2023-09-02 20:54:27,021 - FGO - INFO - 	FILEPATH: ./data/abide_large.mat
2023-09-02 20:54:27,022 - FGO - INFO - 	X shape: (804, 93)
2023-09-02 20:54:27,022 - FGO - INFO - 	A shape: (804, 804)
2023-09-02 20:54:27,022 - FGO - INFO - 	P shape: (804,)
2023-09-02 20:54:27,022 - FGO - INFO - 	Y shape: (804, 2)
2023-09-02 20:54:27,022 - FGO - INFO - 	Y sum: 804 (number of postive labels)
2023-09-02 20:54:27,023 - FGO - INFO - ===== Preparing data =====================================================================
2023-09-02 20:54:27,024 - FGO - INFO - ===== Disconnecting Source and Target ====================================================
2023-09-02 20:54:27,121 - FGO - INFO - ===== Finalize Data ======================================================================
2023-09-02 20:54:27,121 - FGO - INFO - A shape: (804, 804)
2023-09-02 20:54:27,121 - FGO - INFO - X shape: (804, 93)
2023-09-02 20:54:27,121 - FGO - INFO - Y shape: (804, 2)
2023-09-02 20:54:27,121 - FGO - INFO - N: 804
2023-09-02 20:54:27,121 - FGO - INFO - N_s: 727
2023-09-02 20:54:27,121 - FGO - INFO - N_t: 77
2023-09-02 20:54:27,124 - FGO - INFO - ===== Pretrain GCN Model =================================================================
2023-09-02 20:54:27,128 - FGO - INFO - Epoch   0 | Train Loss: 0.689 | Val Loss: 0.68 | Val F1: 0.36 |
2023-09-02 20:54:27,152 - FGO - INFO - Epoch  10 | Train Loss: 0.577 | Val Loss: 0.61 | Val F1: 0.66 |
2023-09-02 20:54:27,177 - FGO - INFO - Epoch  20 | Train Loss: 0.255 | Val Loss: 0.38 | Val F1: 0.83 |
2023-09-02 20:54:27,202 - FGO - INFO - Epoch  30 | Train Loss: 0.122 | Val Loss: 0.24 | Val F1: 0.88 |
2023-09-02 20:54:27,227 - FGO - INFO - Epoch  40 | Train Loss: 0.089 | Val Loss: 0.20 | Val F1: 0.89 |
2023-09-02 20:54:27,252 - FGO - INFO - Epoch  50 | Train Loss: 0.077 | Val Loss: 0.21 | Val F1: 0.87 |
2023-09-02 20:54:27,276 - FGO - INFO - Epoch  60 | Train Loss: 0.068 | Val Loss: 0.18 | Val F1: 0.89 |
2023-09-02 20:54:27,301 - FGO - INFO - Epoch  70 | Train Loss: 0.063 | Val Loss: 0.19 | Val F1: 0.90 |
2023-09-02 20:54:27,325 - FGO - INFO - Epoch  80 | Train Loss: 0.060 | Val Loss: 0.19 | Val F1: 0.92 |
2023-09-02 20:54:27,350 - FGO - INFO - Epoch  90 | Train Loss: 0.057 | Val Loss: 0.21 | Val F1: 0.90 |
2023-09-02 20:54:27,375 - FGO - INFO - Epoch 100 | Train Loss: 0.055 | Val Loss: 0.19 | Val F1: 0.92 |
2023-09-02 20:54:27,375 - FGO - INFO - Best Epoch:  36 | Train Loss: 0.097 | Val Loss: 0.18 | Val F1: 0.93 
2023-09-02 20:54:27,375 - FGO - INFO - Setting model to best state.
2023-09-02 20:54:27,376 - FGO - INFO - ===== Train Fair OT GCN Model ============================================================
2023-09-02 20:54:27,471 - FGO - INFO - Epoch   0 | Train Loss: -21.896 | Val Loss: -1.97 | Val F1: 0.89 |
2023-09-02 20:54:28,232 - FGO - INFO - Epoch  10 | Train Loss: -22.930 | Val Loss: -1.90 | Val F1: 0.86 |
2023-09-02 20:54:28,987 - FGO - INFO - Epoch  20 | Train Loss: -23.758 | Val Loss: -1.91 | Val F1: 0.83 |
2023-09-02 20:54:29,772 - FGO - INFO - Epoch  30 | Train Loss: -24.155 | Val Loss: -1.79 | Val F1: 0.36 |
2023-09-02 20:54:30,538 - FGO - INFO - Epoch  40 | Train Loss: -24.160 | Val Loss: -1.80 | Val F1: 0.36 |
2023-09-02 20:54:31,230 - FGO - INFO - Best Epoch:  13 | Train Loss: -23.294 | Val Loss: -2.13 | Val F1: 0.92 |
2023-09-02 20:54:31,230 - FGO - INFO - Setting model to best state.
2023-09-02 20:54:31,233 - FGO - INFO - ===== Test Fair OT GCN Model =============================================================
2023-09-02 20:54:31,257 - FGO - INFO - Train CM:
[[390   0]
 [337   0]]
2023-09-02 20:54:31,257 - FGO - INFO - Val CM:
[[44  0]
 [33  0]]
2023-09-02 20:54:31,258 - FGO - INFO - Test CM:
[[44  0]
 [33  0]]
2023-09-02 20:54:31,263 - FGO - INFO - test statistical parity: 0.0
2023-09-02 20:54:31,264 - FGO - INFO - test equal opportunity: 0.0
2023-09-02 20:54:31,265 - FGO - INFO - test micro f1: 0.5714285714285714
2023-09-02 20:54:31,265 - FGO - INFO - test macro f1: 0.36363636363636365
