2023-09-02 20:53:48,252 - FGO - INFO - ===== SETUP LOGGING ======================================================================
2023-09-02 20:53:48,252 - FGO - INFO - THIS_FILE: Wrapper.py
2023-09-02 20:53:48,252 - FGO - INFO - 	done: False
2023-09-02 20:53:48,252 - FGO - INFO - 	learning_rate: 0.005
2023-09-02 20:53:48,252 - FGO - INFO - 	h1: 64
2023-09-02 20:53:48,252 - FGO - INFO - 	h2: 32
2023-09-02 20:53:48,252 - FGO - INFO - 	weight_decay: 0.0005
2023-09-02 20:53:48,252 - FGO - INFO - 	dropout: 0.0
2023-09-02 20:53:48,252 - FGO - INFO - 	max_pretrain_epochs: 100
2023-09-02 20:53:48,252 - FGO - INFO - 	max_ot_epochs: 50
2023-09-02 20:53:48,252 - FGO - INFO - 	lambda: 0.05
2023-09-02 20:53:48,252 - FGO - INFO - 	theta: 30
2023-09-02 20:53:48,252 - FGO - INFO - 	clip: 5
2023-09-02 20:53:48,252 - FGO - INFO - ===== SETUP LOGGING COMPLETE =============================================================
2023-09-02 20:53:48,252 - FGO - INFO - ===== Configuring Masks ==================================================================
2023-09-02 20:53:48,252 - FGO - INFO - Source Total: 721
2023-09-02 20:53:48,252 - FGO - INFO - Target Total: 83
2023-09-02 20:53:48,252 - FGO - INFO - Train Total: 721
2023-09-02 20:53:48,252 - FGO - INFO - Val Total:   83
2023-09-02 20:53:48,252 - FGO - INFO - Test Total:  83
2023-09-02 20:53:48,252 - FGO - INFO - ===== Preparing to load data =============================================================
2023-09-02 20:53:48,252 - FGO - INFO - SOURCE: abide_large
2023-09-02 20:53:48,252 - FGO - INFO - ===== Retrieving SOURCE Data =============================================================
2023-09-02 20:53:48,252 - FGO - INFO - *************** In load_graph_data ***************
2023-09-02 20:53:48,252 - FGO - INFO - 	FILEPATH: ./data/abide_large.mat
2023-09-02 20:53:48,252 - FGO - INFO - 	X shape: (804, 93)
2023-09-02 20:53:48,253 - FGO - INFO - 	A shape: (804, 804)
2023-09-02 20:53:48,253 - FGO - INFO - 	P shape: (804,)
2023-09-02 20:53:48,253 - FGO - INFO - 	Y shape: (804, 2)
2023-09-02 20:53:48,253 - FGO - INFO - 	Y sum: 804 (number of postive labels)
2023-09-02 20:53:48,254 - FGO - INFO - ===== Preparing data =====================================================================
2023-09-02 20:53:48,255 - FGO - INFO - ===== Disconnecting Source and Target ====================================================
2023-09-02 20:53:48,357 - FGO - INFO - ===== Finalize Data ======================================================================
2023-09-02 20:53:48,357 - FGO - INFO - A shape: (804, 804)
2023-09-02 20:53:48,357 - FGO - INFO - X shape: (804, 93)
2023-09-02 20:53:48,357 - FGO - INFO - Y shape: (804, 2)
2023-09-02 20:53:48,357 - FGO - INFO - N: 804
2023-09-02 20:53:48,357 - FGO - INFO - N_s: 721
2023-09-02 20:53:48,357 - FGO - INFO - N_t: 83
2023-09-02 20:53:48,361 - FGO - INFO - ===== Pretrain GCN Model =================================================================
2023-09-02 20:53:48,364 - FGO - INFO - Epoch   0 | Train Loss: 0.690 | Val Loss: 0.68 | Val F1: 0.38 |
2023-09-02 20:53:48,389 - FGO - INFO - Epoch  10 | Train Loss: 0.583 | Val Loss: 0.59 | Val F1: 0.76 |
2023-09-02 20:53:48,414 - FGO - INFO - Epoch  20 | Train Loss: 0.262 | Val Loss: 0.33 | Val F1: 0.88 |
2023-09-02 20:53:48,438 - FGO - INFO - Epoch  30 | Train Loss: 0.120 | Val Loss: 0.24 | Val F1: 0.88 |
2023-09-02 20:53:48,462 - FGO - INFO - Epoch  40 | Train Loss: 0.083 | Val Loss: 0.26 | Val F1: 0.90 |
2023-09-02 20:53:48,487 - FGO - INFO - Epoch  50 | Train Loss: 0.071 | Val Loss: 0.26 | Val F1: 0.90 |
2023-09-02 20:53:48,511 - FGO - INFO - Epoch  60 | Train Loss: 0.062 | Val Loss: 0.27 | Val F1: 0.91 |
2023-09-02 20:53:48,536 - FGO - INFO - Epoch  70 | Train Loss: 0.059 | Val Loss: 0.27 | Val F1: 0.92 |
2023-09-02 20:53:48,560 - FGO - INFO - Epoch  80 | Train Loss: 0.055 | Val Loss: 0.27 | Val F1: 0.92 |
2023-09-02 20:53:48,584 - FGO - INFO - Epoch  90 | Train Loss: 0.053 | Val Loss: 0.27 | Val F1: 0.90 |
2023-09-02 20:53:48,609 - FGO - INFO - Epoch 100 | Train Loss: 0.051 | Val Loss: 0.26 | Val F1: 0.91 |
2023-09-02 20:53:48,609 - FGO - INFO - Best Epoch:  58 | Train Loss: 0.063 | Val Loss: 0.26 | Val F1: 0.92 
2023-09-02 20:53:48,609 - FGO - INFO - Setting model to best state.
2023-09-02 20:53:48,610 - FGO - INFO - ===== Train Fair OT GCN Model ============================================================
2023-09-02 20:53:48,676 - FGO - INFO - Epoch   0 | Train Loss: -13.060 | Val Loss: -1.17 | Val F1: 0.90 |
2023-09-02 20:53:49,507 - FGO - INFO - Epoch  10 | Train Loss: -13.712 | Val Loss: -1.02 | Val F1: 0.88 |
2023-09-02 20:53:50,290 - FGO - INFO - Epoch  20 | Train Loss: -13.938 | Val Loss: -1.27 | Val F1: 0.86 |
2023-09-02 20:53:51,065 - FGO - INFO - Epoch  30 | Train Loss: -14.060 | Val Loss: -1.18 | Val F1: 0.87 |
2023-09-02 20:53:51,851 - FGO - INFO - Epoch  40 | Train Loss: -14.118 | Val Loss: -1.13 | Val F1: 0.91 |
2023-09-02 20:53:52,568 - FGO - INFO - Best Epoch:  38 | Train Loss: -14.103 | Val Loss: -1.11 | Val F1: 0.91 |
2023-09-02 20:53:52,568 - FGO - INFO - Setting model to best state.
2023-09-02 20:53:52,577 - FGO - INFO - ===== Test Fair OT GCN Model =============================================================
2023-09-02 20:53:52,605 - FGO - INFO - Train CM:
[[379   5]
 [ 15 322]]
2023-09-02 20:53:52,605 - FGO - INFO - Val CM:
[[46  4]
 [ 4 29]]
2023-09-02 20:53:52,606 - FGO - INFO - Test CM:
[[46  4]
 [ 4 29]]
2023-09-02 20:53:52,611 - FGO - INFO - test statistical parity: 0.02230046948356812
2023-09-02 20:53:52,612 - FGO - INFO - test equal opportunity: 0.2592592592592593
2023-09-02 20:53:52,613 - FGO - INFO - test micro f1: 0.9036144578313253
2023-09-02 20:53:52,614 - FGO - INFO - test macro f1: 0.8993939393939394
