2023-09-02 20:43:02,232 - FGO - INFO - ===== SETUP LOGGING ======================================================================
2023-09-02 20:43:02,232 - FGO - INFO - THIS_FILE: Wrapper.py
2023-09-02 20:43:02,232 - FGO - INFO - 	done: False
2023-09-02 20:43:02,232 - FGO - INFO - 	learning_rate: 0.001
2023-09-02 20:43:02,232 - FGO - INFO - 	h1: 64
2023-09-02 20:43:02,232 - FGO - INFO - 	h2: 32
2023-09-02 20:43:02,232 - FGO - INFO - 	weight_decay: 0.0005
2023-09-02 20:43:02,232 - FGO - INFO - 	dropout: 0.0
2023-09-02 20:43:02,232 - FGO - INFO - 	max_pretrain_epochs: 100
2023-09-02 20:43:02,232 - FGO - INFO - 	max_ot_epochs: 50
2023-09-02 20:43:02,232 - FGO - INFO - 	lambda: 0.01
2023-09-02 20:43:02,232 - FGO - INFO - 	theta: 30
2023-09-02 20:43:02,232 - FGO - INFO - 	clip: 5
2023-09-02 20:43:02,232 - FGO - INFO - ===== SETUP LOGGING COMPLETE =============================================================
2023-09-02 20:43:02,232 - FGO - INFO - ===== Configuring Masks ==================================================================
2023-09-02 20:43:02,232 - FGO - INFO - Source Total: 717
2023-09-02 20:43:02,232 - FGO - INFO - Target Total: 87
2023-09-02 20:43:02,232 - FGO - INFO - Train Total: 717
2023-09-02 20:43:02,232 - FGO - INFO - Val Total:   87
2023-09-02 20:43:02,232 - FGO - INFO - Test Total:  87
2023-09-02 20:43:02,232 - FGO - INFO - ===== Preparing to load data =============================================================
2023-09-02 20:43:02,232 - FGO - INFO - SOURCE: abide_large
2023-09-02 20:43:02,232 - FGO - INFO - ===== Retrieving SOURCE Data =============================================================
2023-09-02 20:43:02,232 - FGO - INFO - *************** In load_graph_data ***************
2023-09-02 20:43:02,232 - FGO - INFO - 	FILEPATH: ./data/abide_large.mat
2023-09-02 20:43:02,233 - FGO - INFO - 	X shape: (804, 93)
2023-09-02 20:43:02,233 - FGO - INFO - 	A shape: (804, 804)
2023-09-02 20:43:02,233 - FGO - INFO - 	P shape: (804,)
2023-09-02 20:43:02,233 - FGO - INFO - 	Y shape: (804, 2)
2023-09-02 20:43:02,233 - FGO - INFO - 	Y sum: 804 (number of postive labels)
2023-09-02 20:43:02,234 - FGO - INFO - ===== Preparing data =====================================================================
2023-09-02 20:43:02,235 - FGO - INFO - ===== Disconnecting Source and Target ====================================================
2023-09-02 20:43:02,342 - FGO - INFO - ===== Finalize Data ======================================================================
2023-09-02 20:43:02,342 - FGO - INFO - A shape: (804, 804)
2023-09-02 20:43:02,342 - FGO - INFO - X shape: (804, 93)
2023-09-02 20:43:02,342 - FGO - INFO - Y shape: (804, 2)
2023-09-02 20:43:02,342 - FGO - INFO - N: 804
2023-09-02 20:43:02,342 - FGO - INFO - N_s: 717
2023-09-02 20:43:02,342 - FGO - INFO - N_t: 87
2023-09-02 20:43:02,345 - FGO - INFO - ===== Pretrain GCN Model =================================================================
2023-09-02 20:43:02,348 - FGO - INFO - Epoch   0 | Train Loss: 0.689 | Val Loss: 0.68 | Val F1: 0.35 |
2023-09-02 20:43:02,373 - FGO - INFO - Epoch  10 | Train Loss: 0.675 | Val Loss: 0.67 | Val F1: 0.40 |
2023-09-02 20:43:02,398 - FGO - INFO - Epoch  20 | Train Loss: 0.650 | Val Loss: 0.64 | Val F1: 0.62 |
2023-09-02 20:43:02,423 - FGO - INFO - Epoch  30 | Train Loss: 0.595 | Val Loss: 0.59 | Val F1: 0.77 |
2023-09-02 20:43:02,447 - FGO - INFO - Epoch  40 | Train Loss: 0.507 | Val Loss: 0.52 | Val F1: 0.88 |
2023-09-02 20:43:02,472 - FGO - INFO - Epoch  50 | Train Loss: 0.398 | Val Loss: 0.41 | Val F1: 0.88 |
2023-09-02 20:43:02,496 - FGO - INFO - Epoch  60 | Train Loss: 0.297 | Val Loss: 0.31 | Val F1: 0.91 |
2023-09-02 20:43:02,521 - FGO - INFO - Epoch  70 | Train Loss: 0.224 | Val Loss: 0.23 | Val F1: 0.94 |
2023-09-02 20:43:02,545 - FGO - INFO - Epoch  80 | Train Loss: 0.180 | Val Loss: 0.18 | Val F1: 0.94 |
2023-09-02 20:43:02,570 - FGO - INFO - Epoch  90 | Train Loss: 0.151 | Val Loss: 0.15 | Val F1: 0.95 |
2023-09-02 20:43:02,594 - FGO - INFO - Epoch 100 | Train Loss: 0.132 | Val Loss: 0.13 | Val F1: 0.97 |
2023-09-02 20:43:02,594 - FGO - INFO - Best Epoch:  91 | Train Loss: 0.149 | Val Loss: 0.15 | Val F1: 0.97 
2023-09-02 20:43:02,594 - FGO - INFO - Setting model to best state.
2023-09-02 20:43:02,596 - FGO - INFO - ===== Train Fair OT GCN Model ============================================================
2023-09-02 20:43:02,669 - FGO - INFO - Epoch   0 | Train Loss: -1.987 | Val Loss: -0.13 | Val F1: 0.97 |
2023-09-02 20:43:03,557 - FGO - INFO - Epoch  10 | Train Loss: -2.191 | Val Loss: -0.17 | Val F1: 0.98 |
2023-09-02 20:43:04,462 - FGO - INFO - Epoch  20 | Train Loss: -2.347 | Val Loss: -0.18 | Val F1: 0.98 |
2023-09-02 20:43:05,272 - FGO - INFO - Epoch  30 | Train Loss: -2.414 | Val Loss: -0.19 | Val F1: 0.97 |
2023-09-02 20:43:06,135 - FGO - INFO - Epoch  40 | Train Loss: -2.454 | Val Loss: -0.22 | Val F1: 0.97 |
2023-09-02 20:43:06,851 - FGO - INFO - Best Epoch:   6 | Train Loss: -2.113 | Val Loss: -0.15 | Val F1: 0.98 |
2023-09-02 20:43:06,851 - FGO - INFO - Setting model to best state.
2023-09-02 20:43:06,858 - FGO - INFO - ===== Test Fair OT GCN Model =============================================================
2023-09-02 20:43:06,887 - FGO - INFO - Train CM:
[[380   7]
 [ 20 310]]
2023-09-02 20:43:06,888 - FGO - INFO - Val CM:
[[46  1]
 [ 1 39]]
2023-09-02 20:43:06,888 - FGO - INFO - Test CM:
[[46  1]
 [ 1 39]]
2023-09-02 20:43:06,893 - FGO - INFO - test statistical parity: 0.33666666666666667
2023-09-02 20:43:06,895 - FGO - INFO - test equal opportunity: 0.032258064516129004
2023-09-02 20:43:06,896 - FGO - INFO - test micro f1: 0.9770114942528736
2023-09-02 20:43:06,896 - FGO - INFO - test macro f1: 0.9768617021276595
