2023-09-02 20:56:15,074 - FGO - INFO - ===== SETUP LOGGING ======================================================================
2023-09-02 20:56:15,074 - FGO - INFO - THIS_FILE: Wrapper.py
2023-09-02 20:56:15,074 - FGO - INFO - 	done: False
2023-09-02 20:56:15,074 - FGO - INFO - 	learning_rate: 0.01
2023-09-02 20:56:15,074 - FGO - INFO - 	h1: 64
2023-09-02 20:56:15,074 - FGO - INFO - 	h2: 32
2023-09-02 20:56:15,074 - FGO - INFO - 	weight_decay: 0.0005
2023-09-02 20:56:15,074 - FGO - INFO - 	dropout: 0.0
2023-09-02 20:56:15,074 - FGO - INFO - 	max_pretrain_epochs: 100
2023-09-02 20:56:15,074 - FGO - INFO - 	max_ot_epochs: 50
2023-09-02 20:56:15,074 - FGO - INFO - 	lambda: 0.01
2023-09-02 20:56:15,074 - FGO - INFO - 	theta: 30
2023-09-02 20:56:15,074 - FGO - INFO - 	clip: 5
2023-09-02 20:56:15,074 - FGO - INFO - ===== SETUP LOGGING COMPLETE =============================================================
2023-09-02 20:56:15,074 - FGO - INFO - ===== Configuring Masks ==================================================================
2023-09-02 20:56:15,074 - FGO - INFO - Source Total: 732
2023-09-02 20:56:15,075 - FGO - INFO - Target Total: 72
2023-09-02 20:56:15,075 - FGO - INFO - Train Total: 732
2023-09-02 20:56:15,075 - FGO - INFO - Val Total:   72
2023-09-02 20:56:15,075 - FGO - INFO - Test Total:  72
2023-09-02 20:56:15,075 - FGO - INFO - ===== Preparing to load data =============================================================
2023-09-02 20:56:15,075 - FGO - INFO - SOURCE: abide_large
2023-09-02 20:56:15,075 - FGO - INFO - ===== Retrieving SOURCE Data =============================================================
2023-09-02 20:56:15,075 - FGO - INFO - *************** In load_graph_data ***************
2023-09-02 20:56:15,075 - FGO - INFO - 	FILEPATH: ./data/abide_large.mat
2023-09-02 20:56:15,075 - FGO - INFO - 	X shape: (804, 93)
2023-09-02 20:56:15,075 - FGO - INFO - 	A shape: (804, 804)
2023-09-02 20:56:15,075 - FGO - INFO - 	P shape: (804,)
2023-09-02 20:56:15,075 - FGO - INFO - 	Y shape: (804, 2)
2023-09-02 20:56:15,075 - FGO - INFO - 	Y sum: 804 (number of postive labels)
2023-09-02 20:56:15,076 - FGO - INFO - ===== Preparing data =====================================================================
2023-09-02 20:56:15,078 - FGO - INFO - ===== Disconnecting Source and Target ====================================================
2023-09-02 20:56:15,169 - FGO - INFO - ===== Finalize Data ======================================================================
2023-09-02 20:56:15,169 - FGO - INFO - A shape: (804, 804)
2023-09-02 20:56:15,169 - FGO - INFO - X shape: (804, 93)
2023-09-02 20:56:15,169 - FGO - INFO - Y shape: (804, 2)
2023-09-02 20:56:15,169 - FGO - INFO - N: 804
2023-09-02 20:56:15,169 - FGO - INFO - N_s: 732
2023-09-02 20:56:15,169 - FGO - INFO - N_t: 72
2023-09-02 20:56:15,173 - FGO - INFO - ===== Pretrain GCN Model =================================================================
2023-09-02 20:56:15,176 - FGO - INFO - Epoch   0 | Train Loss: 0.688 | Val Loss: 0.70 | Val F1: 0.33 |
2023-09-02 20:56:15,201 - FGO - INFO - Epoch  10 | Train Loss: 0.469 | Val Loss: 0.46 | Val F1: 0.81 |
2023-09-02 20:56:15,226 - FGO - INFO - Epoch  20 | Train Loss: 0.141 | Val Loss: 0.14 | Val F1: 0.97 |
2023-09-02 20:56:15,251 - FGO - INFO - Epoch  30 | Train Loss: 0.100 | Val Loss: 0.14 | Val F1: 0.97 |
2023-09-02 20:56:15,276 - FGO - INFO - Epoch  40 | Train Loss: 0.086 | Val Loss: 0.14 | Val F1: 0.97 |
2023-09-02 20:56:15,300 - FGO - INFO - Epoch  50 | Train Loss: 0.077 | Val Loss: 0.11 | Val F1: 0.97 |
2023-09-02 20:56:15,325 - FGO - INFO - Epoch  60 | Train Loss: 0.073 | Val Loss: 0.08 | Val F1: 0.97 |
2023-09-02 20:56:15,350 - FGO - INFO - Epoch  70 | Train Loss: 0.073 | Val Loss: 0.05 | Val F1: 0.99 |
2023-09-02 20:56:15,374 - FGO - INFO - Epoch  80 | Train Loss: 0.068 | Val Loss: 0.06 | Val F1: 0.99 |
2023-09-02 20:56:15,399 - FGO - INFO - Epoch  90 | Train Loss: 0.064 | Val Loss: 0.06 | Val F1: 0.99 |
2023-09-02 20:56:15,424 - FGO - INFO - Epoch 100 | Train Loss: 0.064 | Val Loss: 0.05 | Val F1: 0.99 |
2023-09-02 20:56:15,424 - FGO - INFO - Best Epoch:  64 | Train Loss: 0.069 | Val Loss: 0.06 | Val F1: 0.99 
2023-09-02 20:56:15,424 - FGO - INFO - Setting model to best state.
2023-09-02 20:56:15,425 - FGO - INFO - ===== Train Fair OT GCN Model ============================================================
2023-09-02 20:56:15,530 - FGO - INFO - Epoch   0 | Train Loss: -1.989 | Val Loss: -0.16 | Val F1: 0.99 |
2023-09-02 20:56:16,456 - FGO - INFO - Epoch  10 | Train Loss: -2.391 | Val Loss: -0.16 | Val F1: 0.99 |
2023-09-02 20:56:17,214 - FGO - INFO - Epoch  20 | Train Loss: -2.495 | Val Loss: -0.17 | Val F1: 0.97 |
2023-09-02 20:56:18,068 - FGO - INFO - Epoch  30 | Train Loss: -2.589 | Val Loss: -0.19 | Val F1: 0.99 |
2023-09-02 20:56:18,887 - FGO - INFO - Epoch  40 | Train Loss: -2.628 | Val Loss: -0.20 | Val F1: 0.99 |
2023-09-02 20:56:19,672 - FGO - INFO - Best Epoch:  10 | Train Loss: -2.391 | Val Loss: -0.16 | Val F1: 0.99 |
2023-09-02 20:56:19,672 - FGO - INFO - Setting model to best state.
2023-09-02 20:56:19,676 - FGO - INFO - ===== Test Fair OT GCN Model =============================================================
2023-09-02 20:56:19,702 - FGO - INFO - Train CM:
[[387  10]
 [ 11 324]]
2023-09-02 20:56:19,702 - FGO - INFO - Val CM:
[[37  0]
 [ 1 34]]
2023-09-02 20:56:19,703 - FGO - INFO - Test CM:
[[37  0]
 [ 1 34]]
2023-09-02 20:56:19,707 - FGO - INFO - test statistical parity: 0.08387096774193548
2023-09-02 20:56:19,709 - FGO - INFO - test equal opportunity: 0.19999999999999996
2023-09-02 20:56:19,710 - FGO - INFO - test micro f1: 0.9861111111111112
2023-09-02 20:56:19,710 - FGO - INFO - test macro f1: 0.986086956521739
