2023-09-02 20:46:16,307 - FGO - INFO - ===== SETUP LOGGING ======================================================================
2023-09-02 20:46:16,307 - FGO - INFO - THIS_FILE: Wrapper.py
2023-09-02 20:46:16,307 - FGO - INFO - 	done: False
2023-09-02 20:46:16,307 - FGO - INFO - 	learning_rate: 0.001
2023-09-02 20:46:16,307 - FGO - INFO - 	h1: 64
2023-09-02 20:46:16,307 - FGO - INFO - 	h2: 32
2023-09-02 20:46:16,307 - FGO - INFO - 	weight_decay: 0.0005
2023-09-02 20:46:16,307 - FGO - INFO - 	dropout: 0.0
2023-09-02 20:46:16,307 - FGO - INFO - 	max_pretrain_epochs: 100
2023-09-02 20:46:16,307 - FGO - INFO - 	max_ot_epochs: 50
2023-09-02 20:46:16,307 - FGO - INFO - 	lambda: 0.05
2023-09-02 20:46:16,307 - FGO - INFO - 	theta: 10
2023-09-02 20:46:16,307 - FGO - INFO - 	clip: 5
2023-09-02 20:46:16,307 - FGO - INFO - ===== SETUP LOGGING COMPLETE =============================================================
2023-09-02 20:46:16,307 - FGO - INFO - ===== Configuring Masks ==================================================================
2023-09-02 20:46:16,307 - FGO - INFO - Source Total: 727
2023-09-02 20:46:16,307 - FGO - INFO - Target Total: 77
2023-09-02 20:46:16,307 - FGO - INFO - Train Total: 727
2023-09-02 20:46:16,307 - FGO - INFO - Val Total:   77
2023-09-02 20:46:16,307 - FGO - INFO - Test Total:  77
2023-09-02 20:46:16,307 - FGO - INFO - ===== Preparing to load data =============================================================
2023-09-02 20:46:16,307 - FGO - INFO - SOURCE: abide_large
2023-09-02 20:46:16,307 - FGO - INFO - ===== Retrieving SOURCE Data =============================================================
2023-09-02 20:46:16,307 - FGO - INFO - *************** In load_graph_data ***************
2023-09-02 20:46:16,307 - FGO - INFO - 	FILEPATH: ./data/abide_large.mat
2023-09-02 20:46:16,308 - FGO - INFO - 	X shape: (804, 93)
2023-09-02 20:46:16,308 - FGO - INFO - 	A shape: (804, 804)
2023-09-02 20:46:16,308 - FGO - INFO - 	P shape: (804,)
2023-09-02 20:46:16,308 - FGO - INFO - 	Y shape: (804, 2)
2023-09-02 20:46:16,308 - FGO - INFO - 	Y sum: 804 (number of postive labels)
2023-09-02 20:46:16,309 - FGO - INFO - ===== Preparing data =====================================================================
2023-09-02 20:46:16,310 - FGO - INFO - ===== Disconnecting Source and Target ====================================================
2023-09-02 20:46:16,406 - FGO - INFO - ===== Finalize Data ======================================================================
2023-09-02 20:46:16,406 - FGO - INFO - A shape: (804, 804)
2023-09-02 20:46:16,406 - FGO - INFO - X shape: (804, 93)
2023-09-02 20:46:16,406 - FGO - INFO - Y shape: (804, 2)
2023-09-02 20:46:16,406 - FGO - INFO - N: 804
2023-09-02 20:46:16,406 - FGO - INFO - N_s: 727
2023-09-02 20:46:16,406 - FGO - INFO - N_t: 77
2023-09-02 20:46:16,409 - FGO - INFO - ===== Pretrain GCN Model =================================================================
2023-09-02 20:46:16,413 - FGO - INFO - Epoch   0 | Train Loss: 0.689 | Val Loss: 0.68 | Val F1: 0.36 |
2023-09-02 20:46:16,437 - FGO - INFO - Epoch  10 | Train Loss: 0.673 | Val Loss: 0.68 | Val F1: 0.51 |
2023-09-02 20:46:16,462 - FGO - INFO - Epoch  20 | Train Loss: 0.647 | Val Loss: 0.66 | Val F1: 0.55 |
2023-09-02 20:46:16,487 - FGO - INFO - Epoch  30 | Train Loss: 0.593 | Val Loss: 0.63 | Val F1: 0.61 |
2023-09-02 20:46:16,512 - FGO - INFO - Epoch  40 | Train Loss: 0.505 | Val Loss: 0.55 | Val F1: 0.73 |
2023-09-02 20:46:16,537 - FGO - INFO - Epoch  50 | Train Loss: 0.396 | Val Loss: 0.47 | Val F1: 0.73 |
2023-09-02 20:46:16,561 - FGO - INFO - Epoch  60 | Train Loss: 0.294 | Val Loss: 0.40 | Val F1: 0.81 |
2023-09-02 20:46:16,586 - FGO - INFO - Epoch  70 | Train Loss: 0.219 | Val Loss: 0.34 | Val F1: 0.80 |
2023-09-02 20:46:16,611 - FGO - INFO - Epoch  80 | Train Loss: 0.172 | Val Loss: 0.29 | Val F1: 0.84 |
2023-09-02 20:46:16,635 - FGO - INFO - Epoch  90 | Train Loss: 0.142 | Val Loss: 0.26 | Val F1: 0.87 |
2023-09-02 20:46:16,660 - FGO - INFO - Epoch 100 | Train Loss: 0.122 | Val Loss: 0.25 | Val F1: 0.87 |
2023-09-02 20:46:16,660 - FGO - INFO - Best Epoch:  88 | Train Loss: 0.147 | Val Loss: 0.27 | Val F1: 0.87 
2023-09-02 20:46:16,660 - FGO - INFO - Setting model to best state.
2023-09-02 20:46:16,662 - FGO - INFO - ===== Train Fair OT GCN Model ============================================================
2023-09-02 20:46:16,726 - FGO - INFO - Epoch   0 | Train Loss: -4.244 | Val Loss: -0.21 | Val F1: 0.87 |
2023-09-02 20:46:17,558 - FGO - INFO - Epoch  10 | Train Loss: -4.313 | Val Loss: -0.25 | Val F1: 0.93 |
2023-09-02 20:46:18,318 - FGO - INFO - Epoch  20 | Train Loss: -4.361 | Val Loss: -0.26 | Val F1: 0.93 |
2023-09-02 20:46:19,204 - FGO - INFO - Epoch  30 | Train Loss: -4.401 | Val Loss: -0.26 | Val F1: 0.93 |
2023-09-02 20:46:19,990 - FGO - INFO - Epoch  40 | Train Loss: -4.432 | Val Loss: -0.26 | Val F1: 0.93 |
2023-09-02 20:46:20,708 - FGO - INFO - Best Epoch:  18 | Train Loss: -4.355 | Val Loss: -0.26 | Val F1: 0.93 |
2023-09-02 20:46:20,708 - FGO - INFO - Setting model to best state.
2023-09-02 20:46:20,712 - FGO - INFO - ===== Test Fair OT GCN Model =============================================================
2023-09-02 20:46:20,736 - FGO - INFO - Train CM:
[[382   8]
 [ 27 310]]
2023-09-02 20:46:20,737 - FGO - INFO - Val CM:
[[42  2]
 [ 4 29]]
2023-09-02 20:46:20,737 - FGO - INFO - Test CM:
[[42  2]
 [ 4 29]]
2023-09-02 20:46:20,742 - FGO - INFO - test statistical parity: 0.2794871794871795
2023-09-02 20:46:20,743 - FGO - INFO - test equal opportunity: 0.4032258064516129
2023-09-02 20:46:20,744 - FGO - INFO - test micro f1: 0.922077922077922
2023-09-02 20:46:20,745 - FGO - INFO - test macro f1: 0.9197916666666666
