2023-09-02 20:59:33,285 - FGO - INFO - ===== SETUP LOGGING ======================================================================
2023-09-02 20:59:33,285 - FGO - INFO - THIS_FILE: Wrapper.py
2023-09-02 20:59:33,285 - FGO - INFO - 	done: False
2023-09-02 20:59:33,285 - FGO - INFO - 	learning_rate: 0.01
2023-09-02 20:59:33,285 - FGO - INFO - 	h1: 64
2023-09-02 20:59:33,285 - FGO - INFO - 	h2: 32
2023-09-02 20:59:33,285 - FGO - INFO - 	weight_decay: 0.0005
2023-09-02 20:59:33,285 - FGO - INFO - 	dropout: 0.0
2023-09-02 20:59:33,285 - FGO - INFO - 	max_pretrain_epochs: 100
2023-09-02 20:59:33,285 - FGO - INFO - 	max_ot_epochs: 50
2023-09-02 20:59:33,285 - FGO - INFO - 	lambda: 0.03
2023-09-02 20:59:33,285 - FGO - INFO - 	theta: 50
2023-09-02 20:59:33,285 - FGO - INFO - 	clip: 5
2023-09-02 20:59:33,285 - FGO - INFO - ===== SETUP LOGGING COMPLETE =============================================================
2023-09-02 20:59:33,285 - FGO - INFO - ===== Configuring Masks ==================================================================
2023-09-02 20:59:33,285 - FGO - INFO - Source Total: 734
2023-09-02 20:59:33,285 - FGO - INFO - Target Total: 70
2023-09-02 20:59:33,285 - FGO - INFO - Train Total: 734
2023-09-02 20:59:33,285 - FGO - INFO - Val Total:   70
2023-09-02 20:59:33,285 - FGO - INFO - Test Total:  70
2023-09-02 20:59:33,286 - FGO - INFO - ===== Preparing to load data =============================================================
2023-09-02 20:59:33,286 - FGO - INFO - SOURCE: abide_large
2023-09-02 20:59:33,286 - FGO - INFO - ===== Retrieving SOURCE Data =============================================================
2023-09-02 20:59:33,286 - FGO - INFO - *************** In load_graph_data ***************
2023-09-02 20:59:33,286 - FGO - INFO - 	FILEPATH: ./data/abide_large.mat
2023-09-02 20:59:33,286 - FGO - INFO - 	X shape: (804, 93)
2023-09-02 20:59:33,286 - FGO - INFO - 	A shape: (804, 804)
2023-09-02 20:59:33,286 - FGO - INFO - 	P shape: (804,)
2023-09-02 20:59:33,286 - FGO - INFO - 	Y shape: (804, 2)
2023-09-02 20:59:33,286 - FGO - INFO - 	Y sum: 804 (number of postive labels)
2023-09-02 20:59:33,287 - FGO - INFO - ===== Preparing data =====================================================================
2023-09-02 20:59:33,288 - FGO - INFO - ===== Disconnecting Source and Target ====================================================
2023-09-02 20:59:33,377 - FGO - INFO - ===== Finalize Data ======================================================================
2023-09-02 20:59:33,377 - FGO - INFO - A shape: (804, 804)
2023-09-02 20:59:33,377 - FGO - INFO - X shape: (804, 93)
2023-09-02 20:59:33,377 - FGO - INFO - Y shape: (804, 2)
2023-09-02 20:59:33,377 - FGO - INFO - N: 804
2023-09-02 20:59:33,377 - FGO - INFO - N_s: 734
2023-09-02 20:59:33,377 - FGO - INFO - N_t: 70
2023-09-02 20:59:33,381 - FGO - INFO - ===== Pretrain GCN Model =================================================================
2023-09-02 20:59:33,384 - FGO - INFO - Epoch   0 | Train Loss: 0.688 | Val Loss: 0.70 | Val F1: 0.32 |
2023-09-02 20:59:33,409 - FGO - INFO - Epoch  10 | Train Loss: 0.450 | Val Loss: 0.48 | Val F1: 0.81 |
2023-09-02 20:59:33,434 - FGO - INFO - Epoch  20 | Train Loss: 0.149 | Val Loss: 0.19 | Val F1: 0.90 |
2023-09-02 20:59:33,459 - FGO - INFO - Epoch  30 | Train Loss: 0.104 | Val Loss: 0.15 | Val F1: 0.96 |
2023-09-02 20:59:33,484 - FGO - INFO - Epoch  40 | Train Loss: 0.086 | Val Loss: 0.14 | Val F1: 0.94 |
2023-09-02 20:59:33,509 - FGO - INFO - Epoch  50 | Train Loss: 0.074 | Val Loss: 0.12 | Val F1: 0.96 |
2023-09-02 20:59:33,533 - FGO - INFO - Epoch  60 | Train Loss: 0.067 | Val Loss: 0.11 | Val F1: 0.96 |
2023-09-02 20:59:33,558 - FGO - INFO - Epoch  70 | Train Loss: 0.068 | Val Loss: 0.14 | Val F1: 0.96 |
2023-09-02 20:59:33,583 - FGO - INFO - Epoch  80 | Train Loss: 0.072 | Val Loss: 0.16 | Val F1: 0.94 |
2023-09-02 20:59:33,608 - FGO - INFO - Epoch  90 | Train Loss: 0.061 | Val Loss: 0.14 | Val F1: 0.94 |
2023-09-02 20:59:33,632 - FGO - INFO - Epoch 100 | Train Loss: 0.062 | Val Loss: 0.15 | Val F1: 0.94 |
2023-09-02 20:59:33,633 - FGO - INFO - Best Epoch:  26 | Train Loss: 0.117 | Val Loss: 0.14 | Val F1: 0.96 
2023-09-02 20:59:33,633 - FGO - INFO - Setting model to best state.
2023-09-02 20:59:33,634 - FGO - INFO - ===== Train Fair OT GCN Model ============================================================
2023-09-02 20:59:33,724 - FGO - INFO - Epoch   0 | Train Loss: -12.351 | Val Loss: -1.01 | Val F1: 0.93 |
2023-09-02 20:59:34,536 - FGO - INFO - Epoch  10 | Train Loss: -13.675 | Val Loss: -0.97 | Val F1: 0.86 |
2023-09-02 20:59:35,274 - FGO - INFO - Epoch  20 | Train Loss: -14.111 | Val Loss: -0.74 | Val F1: 0.47 |
2023-09-02 20:59:36,076 - FGO - INFO - Epoch  30 | Train Loss: -14.184 | Val Loss: -0.70 | Val F1: 0.33 |
2023-09-02 20:59:36,832 - FGO - INFO - Epoch  40 | Train Loss: -14.185 | Val Loss: -0.70 | Val F1: 0.33 |
2023-09-02 20:59:37,558 - FGO - INFO - Best Epoch:   6 | Train Loss: -13.416 | Val Loss: -1.10 | Val F1: 0.96 |
2023-09-02 20:59:37,558 - FGO - INFO - Setting model to best state.
2023-09-02 20:59:37,561 - FGO - INFO - ===== Test Fair OT GCN Model =============================================================
2023-09-02 20:59:37,585 - FGO - INFO - Train CM:
[[400   0]
 [334   0]]
2023-09-02 20:59:37,585 - FGO - INFO - Val CM:
[[34  0]
 [36  0]]
2023-09-02 20:59:37,586 - FGO - INFO - Test CM:
[[34  0]
 [36  0]]
2023-09-02 20:59:37,591 - FGO - INFO - test statistical parity: 0.0
2023-09-02 20:59:37,592 - FGO - INFO - test equal opportunity: 0.0
2023-09-02 20:59:37,593 - FGO - INFO - test micro f1: 0.4857142857142857
2023-09-02 20:59:37,594 - FGO - INFO - test macro f1: 0.3269230769230769
