2023-09-02 20:53:22,069 - FGO - INFO - ===== SETUP LOGGING ======================================================================
2023-09-02 20:53:22,069 - FGO - INFO - THIS_FILE: Wrapper.py
2023-09-02 20:53:22,069 - FGO - INFO - 	done: False
2023-09-02 20:53:22,069 - FGO - INFO - 	learning_rate: 0.005
2023-09-02 20:53:22,069 - FGO - INFO - 	h1: 64
2023-09-02 20:53:22,069 - FGO - INFO - 	h2: 32
2023-09-02 20:53:22,069 - FGO - INFO - 	weight_decay: 0.0005
2023-09-02 20:53:22,069 - FGO - INFO - 	dropout: 0.0
2023-09-02 20:53:22,069 - FGO - INFO - 	max_pretrain_epochs: 100
2023-09-02 20:53:22,069 - FGO - INFO - 	max_ot_epochs: 50
2023-09-02 20:53:22,069 - FGO - INFO - 	lambda: 0.05
2023-09-02 20:53:22,069 - FGO - INFO - 	theta: 10
2023-09-02 20:53:22,069 - FGO - INFO - 	clip: 5
2023-09-02 20:53:22,069 - FGO - INFO - ===== SETUP LOGGING COMPLETE =============================================================
2023-09-02 20:53:22,069 - FGO - INFO - ===== Configuring Masks ==================================================================
2023-09-02 20:53:22,069 - FGO - INFO - Source Total: 717
2023-09-02 20:53:22,069 - FGO - INFO - Target Total: 87
2023-09-02 20:53:22,069 - FGO - INFO - Train Total: 717
2023-09-02 20:53:22,069 - FGO - INFO - Val Total:   87
2023-09-02 20:53:22,069 - FGO - INFO - Test Total:  87
2023-09-02 20:53:22,069 - FGO - INFO - ===== Preparing to load data =============================================================
2023-09-02 20:53:22,069 - FGO - INFO - SOURCE: abide_large
2023-09-02 20:53:22,069 - FGO - INFO - ===== Retrieving SOURCE Data =============================================================
2023-09-02 20:53:22,069 - FGO - INFO - *************** In load_graph_data ***************
2023-09-02 20:53:22,069 - FGO - INFO - 	FILEPATH: ./data/abide_large.mat
2023-09-02 20:53:22,070 - FGO - INFO - 	X shape: (804, 93)
2023-09-02 20:53:22,070 - FGO - INFO - 	A shape: (804, 804)
2023-09-02 20:53:22,070 - FGO - INFO - 	P shape: (804,)
2023-09-02 20:53:22,070 - FGO - INFO - 	Y shape: (804, 2)
2023-09-02 20:53:22,070 - FGO - INFO - 	Y sum: 804 (number of postive labels)
2023-09-02 20:53:22,071 - FGO - INFO - ===== Preparing data =====================================================================
2023-09-02 20:53:22,072 - FGO - INFO - ===== Disconnecting Source and Target ====================================================
2023-09-02 20:53:22,179 - FGO - INFO - ===== Finalize Data ======================================================================
2023-09-02 20:53:22,179 - FGO - INFO - A shape: (804, 804)
2023-09-02 20:53:22,179 - FGO - INFO - X shape: (804, 93)
2023-09-02 20:53:22,179 - FGO - INFO - Y shape: (804, 2)
2023-09-02 20:53:22,179 - FGO - INFO - N: 804
2023-09-02 20:53:22,179 - FGO - INFO - N_s: 717
2023-09-02 20:53:22,179 - FGO - INFO - N_t: 87
2023-09-02 20:53:22,182 - FGO - INFO - ===== Pretrain GCN Model =================================================================
2023-09-02 20:53:22,185 - FGO - INFO - Epoch   0 | Train Loss: 0.690 | Val Loss: 0.68 | Val F1: 0.36 |
2023-09-02 20:53:22,210 - FGO - INFO - Epoch  10 | Train Loss: 0.585 | Val Loss: 0.57 | Val F1: 0.75 |
2023-09-02 20:53:22,235 - FGO - INFO - Epoch  20 | Train Loss: 0.271 | Val Loss: 0.27 | Val F1: 0.92 |
2023-09-02 20:53:22,259 - FGO - INFO - Epoch  30 | Train Loss: 0.135 | Val Loss: 0.12 | Val F1: 0.95 |
2023-09-02 20:53:22,284 - FGO - INFO - Epoch  40 | Train Loss: 0.097 | Val Loss: 0.08 | Val F1: 0.98 |
2023-09-02 20:53:22,308 - FGO - INFO - Epoch  50 | Train Loss: 0.085 | Val Loss: 0.08 | Val F1: 0.98 |
2023-09-02 20:53:22,332 - FGO - INFO - Epoch  60 | Train Loss: 0.078 | Val Loss: 0.08 | Val F1: 0.99 |
2023-09-02 20:53:22,357 - FGO - INFO - Epoch  70 | Train Loss: 0.073 | Val Loss: 0.06 | Val F1: 0.98 |
2023-09-02 20:53:22,381 - FGO - INFO - Epoch  80 | Train Loss: 0.070 | Val Loss: 0.06 | Val F1: 0.99 |
2023-09-02 20:53:22,405 - FGO - INFO - Epoch  90 | Train Loss: 0.071 | Val Loss: 0.06 | Val F1: 0.98 |
2023-09-02 20:53:22,429 - FGO - INFO - Epoch 100 | Train Loss: 0.068 | Val Loss: 0.05 | Val F1: 0.99 |
2023-09-02 20:53:22,429 - FGO - INFO - Best Epoch:  36 | Train Loss: 0.107 | Val Loss: 0.08 | Val F1: 0.99 
2023-09-02 20:53:22,429 - FGO - INFO - Setting model to best state.
2023-09-02 20:53:22,431 - FGO - INFO - ===== Train Fair OT GCN Model ============================================================
2023-09-02 20:53:22,528 - FGO - INFO - Epoch   0 | Train Loss: -4.280 | Val Loss: -0.51 | Val F1: 0.99 |
2023-09-02 20:53:23,303 - FGO - INFO - Epoch  10 | Train Loss: -4.378 | Val Loss: -0.49 | Val F1: 0.97 |
2023-09-02 20:53:24,096 - FGO - INFO - Epoch  20 | Train Loss: -4.459 | Val Loss: -0.52 | Val F1: 0.98 |
2023-09-02 20:53:24,841 - FGO - INFO - Epoch  30 | Train Loss: -4.501 | Val Loss: -0.54 | Val F1: 0.99 |
2023-09-02 20:53:25,641 - FGO - INFO - Epoch  40 | Train Loss: -4.531 | Val Loss: -0.56 | Val F1: 0.99 |
2023-09-02 20:53:26,332 - FGO - INFO - Best Epoch:  43 | Train Loss: -4.537 | Val Loss: -0.57 | Val F1: 1.00 |
2023-09-02 20:53:26,332 - FGO - INFO - Setting model to best state.
2023-09-02 20:53:26,336 - FGO - INFO - ===== Test Fair OT GCN Model =============================================================
2023-09-02 20:53:26,360 - FGO - INFO - Train CM:
[[376   9]
 [ 11 321]]
2023-09-02 20:53:26,360 - FGO - INFO - Val CM:
[[48  1]
 [ 0 38]]
2023-09-02 20:53:26,360 - FGO - INFO - Test CM:
[[48  1]
 [ 0 38]]
2023-09-02 20:53:26,366 - FGO - INFO - test statistical parity: 0.05696202531645572
2023-09-02 20:53:26,367 - FGO - INFO - test equal opportunity: 0.0
2023-09-02 20:53:26,368 - FGO - INFO - test micro f1: 0.9885057471264368
2023-09-02 20:53:26,368 - FGO - INFO - test macro f1: 0.9883518543312357
