2023-09-02 20:53:08,855 - FGO - INFO - ===== SETUP LOGGING ======================================================================
2023-09-02 20:53:08,855 - FGO - INFO - THIS_FILE: Wrapper.py
2023-09-02 20:53:08,855 - FGO - INFO - 	done: False
2023-09-02 20:53:08,855 - FGO - INFO - 	learning_rate: 0.005
2023-09-02 20:53:08,855 - FGO - INFO - 	h1: 64
2023-09-02 20:53:08,855 - FGO - INFO - 	h2: 32
2023-09-02 20:53:08,855 - FGO - INFO - 	weight_decay: 0.0005
2023-09-02 20:53:08,855 - FGO - INFO - 	dropout: 0.0
2023-09-02 20:53:08,855 - FGO - INFO - 	max_pretrain_epochs: 100
2023-09-02 20:53:08,855 - FGO - INFO - 	max_ot_epochs: 50
2023-09-02 20:53:08,855 - FGO - INFO - 	lambda: 0.05
2023-09-02 20:53:08,855 - FGO - INFO - 	theta: 10
2023-09-02 20:53:08,855 - FGO - INFO - 	clip: 5
2023-09-02 20:53:08,855 - FGO - INFO - ===== SETUP LOGGING COMPLETE =============================================================
2023-09-02 20:53:08,856 - FGO - INFO - ===== Configuring Masks ==================================================================
2023-09-02 20:53:08,856 - FGO - INFO - Source Total: 729
2023-09-02 20:53:08,856 - FGO - INFO - Target Total: 75
2023-09-02 20:53:08,856 - FGO - INFO - Train Total: 729
2023-09-02 20:53:08,856 - FGO - INFO - Val Total:   75
2023-09-02 20:53:08,856 - FGO - INFO - Test Total:  75
2023-09-02 20:53:08,856 - FGO - INFO - ===== Preparing to load data =============================================================
2023-09-02 20:53:08,856 - FGO - INFO - SOURCE: abide_large
2023-09-02 20:53:08,856 - FGO - INFO - ===== Retrieving SOURCE Data =============================================================
2023-09-02 20:53:08,856 - FGO - INFO - *************** In load_graph_data ***************
2023-09-02 20:53:08,856 - FGO - INFO - 	FILEPATH: ./data/abide_large.mat
2023-09-02 20:53:08,856 - FGO - INFO - 	X shape: (804, 93)
2023-09-02 20:53:08,856 - FGO - INFO - 	A shape: (804, 804)
2023-09-02 20:53:08,856 - FGO - INFO - 	P shape: (804,)
2023-09-02 20:53:08,856 - FGO - INFO - 	Y shape: (804, 2)
2023-09-02 20:53:08,856 - FGO - INFO - 	Y sum: 804 (number of postive labels)
2023-09-02 20:53:08,857 - FGO - INFO - ===== Preparing data =====================================================================
2023-09-02 20:53:08,858 - FGO - INFO - ===== Disconnecting Source and Target ====================================================
2023-09-02 20:53:08,952 - FGO - INFO - ===== Finalize Data ======================================================================
2023-09-02 20:53:08,952 - FGO - INFO - A shape: (804, 804)
2023-09-02 20:53:08,952 - FGO - INFO - X shape: (804, 93)
2023-09-02 20:53:08,952 - FGO - INFO - Y shape: (804, 2)
2023-09-02 20:53:08,952 - FGO - INFO - N: 804
2023-09-02 20:53:08,952 - FGO - INFO - N_s: 729
2023-09-02 20:53:08,952 - FGO - INFO - N_t: 75
2023-09-02 20:53:08,956 - FGO - INFO - ===== Pretrain GCN Model =================================================================
2023-09-02 20:53:08,959 - FGO - INFO - Epoch   0 | Train Loss: 0.689 | Val Loss: 0.68 | Val F1: 0.37 |
2023-09-02 20:53:08,984 - FGO - INFO - Epoch  10 | Train Loss: 0.580 | Val Loss: 0.56 | Val F1: 0.75 |
2023-09-02 20:53:09,009 - FGO - INFO - Epoch  20 | Train Loss: 0.266 | Val Loss: 0.18 | Val F1: 0.97 |
2023-09-02 20:53:09,033 - FGO - INFO - Epoch  30 | Train Loss: 0.135 | Val Loss: 0.07 | Val F1: 0.99 |
2023-09-02 20:53:09,058 - FGO - INFO - Epoch  40 | Train Loss: 0.098 | Val Loss: 0.04 | Val F1: 0.99 |
2023-09-02 20:53:09,082 - FGO - INFO - Epoch  50 | Train Loss: 0.087 | Val Loss: 0.05 | Val F1: 0.99 |
2023-09-02 20:53:09,107 - FGO - INFO - Epoch  60 | Train Loss: 0.077 | Val Loss: 0.05 | Val F1: 0.99 |
2023-09-02 20:53:09,131 - FGO - INFO - Epoch  70 | Train Loss: 0.071 | Val Loss: 0.04 | Val F1: 0.99 |
2023-09-02 20:53:09,156 - FGO - INFO - Epoch  80 | Train Loss: 0.076 | Val Loss: 0.07 | Val F1: 0.97 |
2023-09-02 20:53:09,180 - FGO - INFO - Epoch  90 | Train Loss: 0.071 | Val Loss: 0.04 | Val F1: 0.99 |
2023-09-02 20:53:09,204 - FGO - INFO - Epoch 100 | Train Loss: 0.066 | Val Loss: 0.04 | Val F1: 0.97 |
2023-09-02 20:53:09,204 - FGO - INFO - Best Epoch:  24 | Train Loss: 0.189 | Val Loss: 0.10 | Val F1: 1.00 
2023-09-02 20:53:09,204 - FGO - INFO - Setting model to best state.
2023-09-02 20:53:09,206 - FGO - INFO - ===== Train Fair OT GCN Model ============================================================
2023-09-02 20:53:09,301 - FGO - INFO - Epoch   0 | Train Loss: -4.009 | Val Loss: -0.41 | Val F1: 0.97 |
2023-09-02 20:53:10,179 - FGO - INFO - Epoch  10 | Train Loss: -4.383 | Val Loss: -0.36 | Val F1: 0.96 |
2023-09-02 20:53:10,938 - FGO - INFO - Epoch  20 | Train Loss: -4.479 | Val Loss: -0.45 | Val F1: 0.99 |
2023-09-02 20:53:11,768 - FGO - INFO - Epoch  30 | Train Loss: -4.543 | Val Loss: -0.45 | Val F1: 0.99 |
2023-09-02 20:53:12,548 - FGO - INFO - Epoch  40 | Train Loss: -4.570 | Val Loss: -0.46 | Val F1: 0.99 |
2023-09-02 20:53:13,368 - FGO - INFO - Best Epoch:  13 | Train Loss: -4.402 | Val Loss: -0.44 | Val F1: 0.99 |
2023-09-02 20:53:13,368 - FGO - INFO - Setting model to best state.
2023-09-02 20:53:13,372 - FGO - INFO - ===== Test Fair OT GCN Model =============================================================
2023-09-02 20:53:13,396 - FGO - INFO - Train CM:
[[388   8]
 [ 13 320]]
2023-09-02 20:53:13,396 - FGO - INFO - Val CM:
[[37  1]
 [ 1 36]]
2023-09-02 20:53:13,397 - FGO - INFO - Test CM:
[[37  1]
 [ 1 36]]
2023-09-02 20:53:13,402 - FGO - INFO - test statistical parity: 0.008196721311475419
2023-09-02 20:53:13,403 - FGO - INFO - test equal opportunity: 0.033333333333333326
2023-09-02 20:53:13,404 - FGO - INFO - test micro f1: 0.9733333333333334
2023-09-02 20:53:13,405 - FGO - INFO - test macro f1: 0.9733285917496444
