2023-09-02 20:58:41,461 - FGO - INFO - ===== SETUP LOGGING ======================================================================
2023-09-02 20:58:41,461 - FGO - INFO - THIS_FILE: Wrapper.py
2023-09-02 20:58:41,461 - FGO - INFO - 	done: False
2023-09-02 20:58:41,461 - FGO - INFO - 	learning_rate: 0.01
2023-09-02 20:58:41,461 - FGO - INFO - 	h1: 64
2023-09-02 20:58:41,461 - FGO - INFO - 	h2: 32
2023-09-02 20:58:41,461 - FGO - INFO - 	weight_decay: 0.0005
2023-09-02 20:58:41,461 - FGO - INFO - 	dropout: 0.0
2023-09-02 20:58:41,461 - FGO - INFO - 	max_pretrain_epochs: 100
2023-09-02 20:58:41,461 - FGO - INFO - 	max_ot_epochs: 50
2023-09-02 20:58:41,461 - FGO - INFO - 	lambda: 0.03
2023-09-02 20:58:41,461 - FGO - INFO - 	theta: 30
2023-09-02 20:58:41,461 - FGO - INFO - 	clip: 5
2023-09-02 20:58:41,461 - FGO - INFO - ===== SETUP LOGGING COMPLETE =============================================================
2023-09-02 20:58:41,461 - FGO - INFO - ===== Configuring Masks ==================================================================
2023-09-02 20:58:41,461 - FGO - INFO - Source Total: 717
2023-09-02 20:58:41,461 - FGO - INFO - Target Total: 87
2023-09-02 20:58:41,461 - FGO - INFO - Train Total: 717
2023-09-02 20:58:41,461 - FGO - INFO - Val Total:   87
2023-09-02 20:58:41,461 - FGO - INFO - Test Total:  87
2023-09-02 20:58:41,461 - FGO - INFO - ===== Preparing to load data =============================================================
2023-09-02 20:58:41,461 - FGO - INFO - SOURCE: abide_large
2023-09-02 20:58:41,461 - FGO - INFO - ===== Retrieving SOURCE Data =============================================================
2023-09-02 20:58:41,461 - FGO - INFO - *************** In load_graph_data ***************
2023-09-02 20:58:41,461 - FGO - INFO - 	FILEPATH: ./data/abide_large.mat
2023-09-02 20:58:41,462 - FGO - INFO - 	X shape: (804, 93)
2023-09-02 20:58:41,462 - FGO - INFO - 	A shape: (804, 804)
2023-09-02 20:58:41,462 - FGO - INFO - 	P shape: (804,)
2023-09-02 20:58:41,462 - FGO - INFO - 	Y shape: (804, 2)
2023-09-02 20:58:41,462 - FGO - INFO - 	Y sum: 804 (number of postive labels)
2023-09-02 20:58:41,463 - FGO - INFO - ===== Preparing data =====================================================================
2023-09-02 20:58:41,464 - FGO - INFO - ===== Disconnecting Source and Target ====================================================
2023-09-02 20:58:41,570 - FGO - INFO - ===== Finalize Data ======================================================================
2023-09-02 20:58:41,570 - FGO - INFO - A shape: (804, 804)
2023-09-02 20:58:41,570 - FGO - INFO - X shape: (804, 93)
2023-09-02 20:58:41,570 - FGO - INFO - Y shape: (804, 2)
2023-09-02 20:58:41,570 - FGO - INFO - N: 804
2023-09-02 20:58:41,570 - FGO - INFO - N_s: 717
2023-09-02 20:58:41,570 - FGO - INFO - N_t: 87
2023-09-02 20:58:41,574 - FGO - INFO - ===== Pretrain GCN Model =================================================================
2023-09-02 20:58:41,577 - FGO - INFO - Epoch   0 | Train Loss: 0.690 | Val Loss: 0.68 | Val F1: 0.36 |
2023-09-02 20:58:41,602 - FGO - INFO - Epoch  10 | Train Loss: 0.496 | Val Loss: 0.48 | Val F1: 0.80 |
2023-09-02 20:58:41,626 - FGO - INFO - Epoch  20 | Train Loss: 0.161 | Val Loss: 0.13 | Val F1: 0.93 |
2023-09-02 20:58:41,651 - FGO - INFO - Epoch  30 | Train Loss: 0.108 | Val Loss: 0.07 | Val F1: 0.96 |
2023-09-02 20:58:41,676 - FGO - INFO - Epoch  40 | Train Loss: 0.089 | Val Loss: 0.09 | Val F1: 0.98 |
2023-09-02 20:58:41,700 - FGO - INFO - Epoch  50 | Train Loss: 0.078 | Val Loss: 0.08 | Val F1: 0.99 |
2023-09-02 20:58:41,724 - FGO - INFO - Epoch  60 | Train Loss: 0.072 | Val Loss: 0.06 | Val F1: 0.98 |
2023-09-02 20:58:41,749 - FGO - INFO - Epoch  70 | Train Loss: 0.074 | Val Loss: 0.05 | Val F1: 0.99 |
2023-09-02 20:58:41,773 - FGO - INFO - Epoch  80 | Train Loss: 0.068 | Val Loss: 0.05 | Val F1: 0.99 |
2023-09-02 20:58:41,797 - FGO - INFO - Epoch  90 | Train Loss: 0.065 | Val Loss: 0.04 | Val F1: 0.99 |
2023-09-02 20:58:41,822 - FGO - INFO - Epoch 100 | Train Loss: 0.066 | Val Loss: 0.04 | Val F1: 1.00 |
2023-09-02 20:58:41,822 - FGO - INFO - Best Epoch:  73 | Train Loss: 0.068 | Val Loss: 0.05 | Val F1: 1.00 
2023-09-02 20:58:41,822 - FGO - INFO - Setting model to best state.
2023-09-02 20:58:41,823 - FGO - INFO - ===== Train Fair OT GCN Model ============================================================
2023-09-02 20:58:41,891 - FGO - INFO - Epoch   0 | Train Loss: -7.410 | Val Loss: -0.91 | Val F1: 1.00 |
2023-09-02 20:58:42,660 - FGO - INFO - Epoch  10 | Train Loss: -7.993 | Val Loss: -0.94 | Val F1: 0.95 |
2023-09-02 20:58:43,452 - FGO - INFO - Epoch  20 | Train Loss: -8.098 | Val Loss: -0.93 | Val F1: 0.93 |
2023-09-02 20:58:44,240 - FGO - INFO - Epoch  30 | Train Loss: -8.181 | Val Loss: -0.95 | Val F1: 0.97 |
2023-09-02 20:58:44,946 - FGO - INFO - Epoch  40 | Train Loss: -8.249 | Val Loss: -1.01 | Val F1: 0.97 |
2023-09-02 20:58:45,662 - FGO - INFO - Best Epoch:  46 | Train Loss: -8.278 | Val Loss: -1.02 | Val F1: 0.99 |
2023-09-02 20:58:45,662 - FGO - INFO - Setting model to best state.
2023-09-02 20:58:45,666 - FGO - INFO - ===== Test Fair OT GCN Model =============================================================
2023-09-02 20:58:45,690 - FGO - INFO - Train CM:
[[383   2]
 [ 24 308]]
2023-09-02 20:58:45,691 - FGO - INFO - Val CM:
[[48  1]
 [ 0 38]]
2023-09-02 20:58:45,691 - FGO - INFO - Test CM:
[[48  1]
 [ 0 38]]
2023-09-02 20:58:45,696 - FGO - INFO - test statistical parity: 0.05696202531645572
2023-09-02 20:58:45,697 - FGO - INFO - test equal opportunity: 0.0
2023-09-02 20:58:45,698 - FGO - INFO - test micro f1: 0.9885057471264368
2023-09-02 20:58:45,699 - FGO - INFO - test macro f1: 0.9883518543312357
