2023-09-02 21:00:59,823 - FGO - INFO - ===== SETUP LOGGING ======================================================================
2023-09-02 21:00:59,823 - FGO - INFO - THIS_FILE: Wrapper.py
2023-09-02 21:00:59,823 - FGO - INFO - 	done: False
2023-09-02 21:00:59,823 - FGO - INFO - 	learning_rate: 0.01
2023-09-02 21:00:59,823 - FGO - INFO - 	h1: 64
2023-09-02 21:00:59,823 - FGO - INFO - 	h2: 32
2023-09-02 21:00:59,823 - FGO - INFO - 	weight_decay: 0.0005
2023-09-02 21:00:59,823 - FGO - INFO - 	dropout: 0.0
2023-09-02 21:00:59,823 - FGO - INFO - 	max_pretrain_epochs: 100
2023-09-02 21:00:59,823 - FGO - INFO - 	max_ot_epochs: 50
2023-09-02 21:00:59,823 - FGO - INFO - 	lambda: 0.05
2023-09-02 21:00:59,823 - FGO - INFO - 	theta: 30
2023-09-02 21:00:59,823 - FGO - INFO - 	clip: 5
2023-09-02 21:00:59,823 - FGO - INFO - ===== SETUP LOGGING COMPLETE =============================================================
2023-09-02 21:00:59,823 - FGO - INFO - ===== Configuring Masks ==================================================================
2023-09-02 21:00:59,823 - FGO - INFO - Source Total: 734
2023-09-02 21:00:59,823 - FGO - INFO - Target Total: 70
2023-09-02 21:00:59,823 - FGO - INFO - Train Total: 734
2023-09-02 21:00:59,823 - FGO - INFO - Val Total:   70
2023-09-02 21:00:59,823 - FGO - INFO - Test Total:  70
2023-09-02 21:00:59,823 - FGO - INFO - ===== Preparing to load data =============================================================
2023-09-02 21:00:59,823 - FGO - INFO - SOURCE: abide_large
2023-09-02 21:00:59,823 - FGO - INFO - ===== Retrieving SOURCE Data =============================================================
2023-09-02 21:00:59,823 - FGO - INFO - *************** In load_graph_data ***************
2023-09-02 21:00:59,823 - FGO - INFO - 	FILEPATH: ./data/abide_large.mat
2023-09-02 21:00:59,824 - FGO - INFO - 	X shape: (804, 93)
2023-09-02 21:00:59,824 - FGO - INFO - 	A shape: (804, 804)
2023-09-02 21:00:59,824 - FGO - INFO - 	P shape: (804,)
2023-09-02 21:00:59,824 - FGO - INFO - 	Y shape: (804, 2)
2023-09-02 21:00:59,824 - FGO - INFO - 	Y sum: 804 (number of postive labels)
2023-09-02 21:00:59,825 - FGO - INFO - ===== Preparing data =====================================================================
2023-09-02 21:00:59,826 - FGO - INFO - ===== Disconnecting Source and Target ====================================================
2023-09-02 21:00:59,915 - FGO - INFO - ===== Finalize Data ======================================================================
2023-09-02 21:00:59,915 - FGO - INFO - A shape: (804, 804)
2023-09-02 21:00:59,915 - FGO - INFO - X shape: (804, 93)
2023-09-02 21:00:59,915 - FGO - INFO - Y shape: (804, 2)
2023-09-02 21:00:59,915 - FGO - INFO - N: 804
2023-09-02 21:00:59,915 - FGO - INFO - N_s: 734
2023-09-02 21:00:59,915 - FGO - INFO - N_t: 70
2023-09-02 21:00:59,918 - FGO - INFO - ===== Pretrain GCN Model =================================================================
2023-09-02 21:00:59,922 - FGO - INFO - Epoch   0 | Train Loss: 0.688 | Val Loss: 0.70 | Val F1: 0.32 |
2023-09-02 21:00:59,951 - FGO - INFO - Epoch  10 | Train Loss: 0.450 | Val Loss: 0.48 | Val F1: 0.81 |
2023-09-02 21:00:59,978 - FGO - INFO - Epoch  20 | Train Loss: 0.149 | Val Loss: 0.19 | Val F1: 0.90 |
2023-09-02 21:01:00,003 - FGO - INFO - Epoch  30 | Train Loss: 0.104 | Val Loss: 0.15 | Val F1: 0.96 |
2023-09-02 21:01:00,028 - FGO - INFO - Epoch  40 | Train Loss: 0.086 | Val Loss: 0.14 | Val F1: 0.94 |
2023-09-02 21:01:00,066 - FGO - INFO - Epoch  50 | Train Loss: 0.074 | Val Loss: 0.12 | Val F1: 0.96 |
2023-09-02 21:01:00,091 - FGO - INFO - Epoch  60 | Train Loss: 0.067 | Val Loss: 0.11 | Val F1: 0.96 |
2023-09-02 21:01:00,116 - FGO - INFO - Epoch  70 | Train Loss: 0.068 | Val Loss: 0.14 | Val F1: 0.96 |
2023-09-02 21:01:00,140 - FGO - INFO - Epoch  80 | Train Loss: 0.072 | Val Loss: 0.16 | Val F1: 0.94 |
2023-09-02 21:01:00,165 - FGO - INFO - Epoch  90 | Train Loss: 0.061 | Val Loss: 0.14 | Val F1: 0.94 |
2023-09-02 21:01:00,189 - FGO - INFO - Epoch 100 | Train Loss: 0.062 | Val Loss: 0.15 | Val F1: 0.94 |
2023-09-02 21:01:00,189 - FGO - INFO - Best Epoch:  26 | Train Loss: 0.117 | Val Loss: 0.14 | Val F1: 0.96 
2023-09-02 21:01:00,190 - FGO - INFO - Setting model to best state.
2023-09-02 21:01:00,191 - FGO - INFO - ===== Train Fair OT GCN Model ============================================================
2023-09-02 21:01:00,260 - FGO - INFO - Epoch   0 | Train Loss: -12.964 | Val Loss: -1.08 | Val F1: 0.93 |
2023-09-02 21:01:01,047 - FGO - INFO - Epoch  10 | Train Loss: -13.700 | Val Loss: -0.95 | Val F1: 0.88 |
2023-09-02 21:01:01,743 - FGO - INFO - Epoch  20 | Train Loss: -13.979 | Val Loss: -1.08 | Val F1: 0.93 |
2023-09-02 21:01:02,536 - FGO - INFO - Epoch  30 | Train Loss: -14.058 | Val Loss: -1.15 | Val F1: 0.94 |
2023-09-02 21:01:03,342 - FGO - INFO - Epoch  40 | Train Loss: -14.125 | Val Loss: -1.15 | Val F1: 0.96 |
2023-09-02 21:01:04,018 - FGO - INFO - Best Epoch:  13 | Train Loss: -13.865 | Val Loss: -1.12 | Val F1: 0.96 |
2023-09-02 21:01:04,018 - FGO - INFO - Setting model to best state.
2023-09-02 21:01:04,022 - FGO - INFO - ===== Test Fair OT GCN Model =============================================================
2023-09-02 21:01:04,047 - FGO - INFO - Train CM:
[[398   2]
 [ 27 307]]
2023-09-02 21:01:04,047 - FGO - INFO - Val CM:
[[34  0]
 [ 4 32]]
2023-09-02 21:01:04,047 - FGO - INFO - Test CM:
[[34  0]
 [ 4 32]]
2023-09-02 21:01:04,052 - FGO - INFO - test statistical parity: 0.08906882591093113
2023-09-02 21:01:04,053 - FGO - INFO - test equal opportunity: 0.06666666666666665
2023-09-02 21:01:04,054 - FGO - INFO - test micro f1: 0.9428571428571428
2023-09-02 21:01:04,055 - FGO - INFO - test macro f1: 0.9428104575163399
