2023-09-02 20:53:52,615 - FGO - INFO - ===== SETUP LOGGING ======================================================================
2023-09-02 20:53:52,615 - FGO - INFO - THIS_FILE: Wrapper.py
2023-09-02 20:53:52,615 - FGO - INFO - 	done: False
2023-09-02 20:53:52,615 - FGO - INFO - 	learning_rate: 0.005
2023-09-02 20:53:52,615 - FGO - INFO - 	h1: 64
2023-09-02 20:53:52,615 - FGO - INFO - 	h2: 32
2023-09-02 20:53:52,615 - FGO - INFO - 	weight_decay: 0.0005
2023-09-02 20:53:52,615 - FGO - INFO - 	dropout: 0.0
2023-09-02 20:53:52,615 - FGO - INFO - 	max_pretrain_epochs: 100
2023-09-02 20:53:52,615 - FGO - INFO - 	max_ot_epochs: 50
2023-09-02 20:53:52,615 - FGO - INFO - 	lambda: 0.05
2023-09-02 20:53:52,615 - FGO - INFO - 	theta: 30
2023-09-02 20:53:52,615 - FGO - INFO - 	clip: 5
2023-09-02 20:53:52,615 - FGO - INFO - ===== SETUP LOGGING COMPLETE =============================================================
2023-09-02 20:53:52,615 - FGO - INFO - ===== Configuring Masks ==================================================================
2023-09-02 20:53:52,615 - FGO - INFO - Source Total: 729
2023-09-02 20:53:52,615 - FGO - INFO - Target Total: 75
2023-09-02 20:53:52,615 - FGO - INFO - Train Total: 729
2023-09-02 20:53:52,615 - FGO - INFO - Val Total:   75
2023-09-02 20:53:52,615 - FGO - INFO - Test Total:  75
2023-09-02 20:53:52,616 - FGO - INFO - ===== Preparing to load data =============================================================
2023-09-02 20:53:52,616 - FGO - INFO - SOURCE: abide_large
2023-09-02 20:53:52,616 - FGO - INFO - ===== Retrieving SOURCE Data =============================================================
2023-09-02 20:53:52,616 - FGO - INFO - *************** In load_graph_data ***************
2023-09-02 20:53:52,616 - FGO - INFO - 	FILEPATH: ./data/abide_large.mat
2023-09-02 20:53:52,616 - FGO - INFO - 	X shape: (804, 93)
2023-09-02 20:53:52,616 - FGO - INFO - 	A shape: (804, 804)
2023-09-02 20:53:52,616 - FGO - INFO - 	P shape: (804,)
2023-09-02 20:53:52,616 - FGO - INFO - 	Y shape: (804, 2)
2023-09-02 20:53:52,616 - FGO - INFO - 	Y sum: 804 (number of postive labels)
2023-09-02 20:53:52,617 - FGO - INFO - ===== Preparing data =====================================================================
2023-09-02 20:53:52,618 - FGO - INFO - ===== Disconnecting Source and Target ====================================================
2023-09-02 20:53:52,712 - FGO - INFO - ===== Finalize Data ======================================================================
2023-09-02 20:53:52,712 - FGO - INFO - A shape: (804, 804)
2023-09-02 20:53:52,712 - FGO - INFO - X shape: (804, 93)
2023-09-02 20:53:52,712 - FGO - INFO - Y shape: (804, 2)
2023-09-02 20:53:52,712 - FGO - INFO - N: 804
2023-09-02 20:53:52,712 - FGO - INFO - N_s: 729
2023-09-02 20:53:52,712 - FGO - INFO - N_t: 75
2023-09-02 20:53:52,716 - FGO - INFO - ===== Pretrain GCN Model =================================================================
2023-09-02 20:53:52,719 - FGO - INFO - Epoch   0 | Train Loss: 0.689 | Val Loss: 0.68 | Val F1: 0.37 |
2023-09-02 20:53:52,744 - FGO - INFO - Epoch  10 | Train Loss: 0.580 | Val Loss: 0.56 | Val F1: 0.75 |
2023-09-02 20:53:52,768 - FGO - INFO - Epoch  20 | Train Loss: 0.266 | Val Loss: 0.18 | Val F1: 0.97 |
2023-09-02 20:53:52,793 - FGO - INFO - Epoch  30 | Train Loss: 0.135 | Val Loss: 0.07 | Val F1: 0.99 |
2023-09-02 20:53:52,817 - FGO - INFO - Epoch  40 | Train Loss: 0.098 | Val Loss: 0.04 | Val F1: 0.99 |
2023-09-02 20:53:52,841 - FGO - INFO - Epoch  50 | Train Loss: 0.087 | Val Loss: 0.05 | Val F1: 0.99 |
2023-09-02 20:53:52,866 - FGO - INFO - Epoch  60 | Train Loss: 0.077 | Val Loss: 0.05 | Val F1: 0.99 |
2023-09-02 20:53:52,890 - FGO - INFO - Epoch  70 | Train Loss: 0.071 | Val Loss: 0.04 | Val F1: 0.99 |
2023-09-02 20:53:52,915 - FGO - INFO - Epoch  80 | Train Loss: 0.076 | Val Loss: 0.07 | Val F1: 0.97 |
2023-09-02 20:53:52,939 - FGO - INFO - Epoch  90 | Train Loss: 0.071 | Val Loss: 0.04 | Val F1: 0.99 |
2023-09-02 20:53:52,963 - FGO - INFO - Epoch 100 | Train Loss: 0.066 | Val Loss: 0.04 | Val F1: 0.97 |
2023-09-02 20:53:52,963 - FGO - INFO - Best Epoch:  24 | Train Loss: 0.189 | Val Loss: 0.10 | Val F1: 1.00 
2023-09-02 20:53:52,964 - FGO - INFO - Setting model to best state.
2023-09-02 20:53:52,965 - FGO - INFO - ===== Train Fair OT GCN Model ============================================================
2023-09-02 20:53:53,056 - FGO - INFO - Epoch   0 | Train Loss: -12.760 | Val Loss: -1.32 | Val F1: 0.97 |
2023-09-02 20:53:53,850 - FGO - INFO - Epoch  10 | Train Loss: -13.767 | Val Loss: -1.32 | Val F1: 0.92 |
2023-09-02 20:53:54,624 - FGO - INFO - Epoch  20 | Train Loss: -13.895 | Val Loss: -1.36 | Val F1: 0.93 |
2023-09-02 20:53:55,391 - FGO - INFO - Epoch  30 | Train Loss: -13.986 | Val Loss: -1.43 | Val F1: 0.97 |
2023-09-02 20:53:56,157 - FGO - INFO - Epoch  40 | Train Loss: -14.044 | Val Loss: -1.45 | Val F1: 0.99 |
2023-09-02 20:53:56,872 - FGO - INFO - Best Epoch:  40 | Train Loss: -14.044 | Val Loss: -1.45 | Val F1: 0.99 |
2023-09-02 20:53:56,872 - FGO - INFO - Setting model to best state.
2023-09-02 20:53:56,875 - FGO - INFO - ===== Test Fair OT GCN Model =============================================================
2023-09-02 20:53:56,915 - FGO - INFO - Train CM:
[[394   2]
 [ 23 310]]
2023-09-02 20:53:56,915 - FGO - INFO - Val CM:
[[38  0]
 [ 1 36]]
2023-09-02 20:53:56,915 - FGO - INFO - Test CM:
[[38  0]
 [ 1 36]]
2023-09-02 20:53:56,920 - FGO - INFO - test statistical parity: 0.024590163934426257
2023-09-02 20:53:56,921 - FGO - INFO - test equal opportunity: 0.033333333333333326
2023-09-02 20:53:56,922 - FGO - INFO - test micro f1: 0.9866666666666668
2023-09-02 20:53:56,923 - FGO - INFO - test macro f1: 0.9866571784380003
