2023-09-02 20:53:56,924 - FGO - INFO - ===== SETUP LOGGING ======================================================================
2023-09-02 20:53:56,924 - FGO - INFO - THIS_FILE: Wrapper.py
2023-09-02 20:53:56,924 - FGO - INFO - 	done: False
2023-09-02 20:53:56,924 - FGO - INFO - 	learning_rate: 0.005
2023-09-02 20:53:56,924 - FGO - INFO - 	h1: 64
2023-09-02 20:53:56,924 - FGO - INFO - 	h2: 32
2023-09-02 20:53:56,924 - FGO - INFO - 	weight_decay: 0.0005
2023-09-02 20:53:56,924 - FGO - INFO - 	dropout: 0.0
2023-09-02 20:53:56,924 - FGO - INFO - 	max_pretrain_epochs: 100
2023-09-02 20:53:56,924 - FGO - INFO - 	max_ot_epochs: 50
2023-09-02 20:53:56,924 - FGO - INFO - 	lambda: 0.05
2023-09-02 20:53:56,924 - FGO - INFO - 	theta: 30
2023-09-02 20:53:56,924 - FGO - INFO - 	clip: 5
2023-09-02 20:53:56,924 - FGO - INFO - ===== SETUP LOGGING COMPLETE =============================================================
2023-09-02 20:53:56,925 - FGO - INFO - ===== Configuring Masks ==================================================================
2023-09-02 20:53:56,925 - FGO - INFO - Source Total: 732
2023-09-02 20:53:56,925 - FGO - INFO - Target Total: 72
2023-09-02 20:53:56,925 - FGO - INFO - Train Total: 732
2023-09-02 20:53:56,925 - FGO - INFO - Val Total:   72
2023-09-02 20:53:56,925 - FGO - INFO - Test Total:  72
2023-09-02 20:53:56,925 - FGO - INFO - ===== Preparing to load data =============================================================
2023-09-02 20:53:56,925 - FGO - INFO - SOURCE: abide_large
2023-09-02 20:53:56,925 - FGO - INFO - ===== Retrieving SOURCE Data =============================================================
2023-09-02 20:53:56,925 - FGO - INFO - *************** In load_graph_data ***************
2023-09-02 20:53:56,925 - FGO - INFO - 	FILEPATH: ./data/abide_large.mat
2023-09-02 20:53:56,925 - FGO - INFO - 	X shape: (804, 93)
2023-09-02 20:53:56,925 - FGO - INFO - 	A shape: (804, 804)
2023-09-02 20:53:56,925 - FGO - INFO - 	P shape: (804,)
2023-09-02 20:53:56,925 - FGO - INFO - 	Y shape: (804, 2)
2023-09-02 20:53:56,925 - FGO - INFO - 	Y sum: 804 (number of postive labels)
2023-09-02 20:53:56,926 - FGO - INFO - ===== Preparing data =====================================================================
2023-09-02 20:53:56,927 - FGO - INFO - ===== Disconnecting Source and Target ====================================================
2023-09-02 20:53:57,019 - FGO - INFO - ===== Finalize Data ======================================================================
2023-09-02 20:53:57,019 - FGO - INFO - A shape: (804, 804)
2023-09-02 20:53:57,019 - FGO - INFO - X shape: (804, 93)
2023-09-02 20:53:57,019 - FGO - INFO - Y shape: (804, 2)
2023-09-02 20:53:57,019 - FGO - INFO - N: 804
2023-09-02 20:53:57,019 - FGO - INFO - N_s: 732
2023-09-02 20:53:57,019 - FGO - INFO - N_t: 72
2023-09-02 20:53:57,022 - FGO - INFO - ===== Pretrain GCN Model =================================================================
2023-09-02 20:53:57,026 - FGO - INFO - Epoch   0 | Train Loss: 0.688 | Val Loss: 0.70 | Val F1: 0.33 |
2023-09-02 20:53:57,050 - FGO - INFO - Epoch  10 | Train Loss: 0.578 | Val Loss: 0.58 | Val F1: 0.78 |
2023-09-02 20:53:57,075 - FGO - INFO - Epoch  20 | Train Loss: 0.258 | Val Loss: 0.23 | Val F1: 0.90 |
2023-09-02 20:53:57,100 - FGO - INFO - Epoch  30 | Train Loss: 0.130 | Val Loss: 0.12 | Val F1: 0.97 |
2023-09-02 20:53:57,125 - FGO - INFO - Epoch  40 | Train Loss: 0.095 | Val Loss: 0.12 | Val F1: 0.97 |
2023-09-02 20:53:57,149 - FGO - INFO - Epoch  50 | Train Loss: 0.084 | Val Loss: 0.12 | Val F1: 0.97 |
2023-09-02 20:53:57,174 - FGO - INFO - Epoch  60 | Train Loss: 0.077 | Val Loss: 0.10 | Val F1: 0.97 |
2023-09-02 20:53:57,198 - FGO - INFO - Epoch  70 | Train Loss: 0.071 | Val Loss: 0.07 | Val F1: 0.97 |
2023-09-02 20:53:57,223 - FGO - INFO - Epoch  80 | Train Loss: 0.067 | Val Loss: 0.06 | Val F1: 0.99 |
2023-09-02 20:53:57,247 - FGO - INFO - Epoch  90 | Train Loss: 0.065 | Val Loss: 0.06 | Val F1: 0.99 |
2023-09-02 20:53:57,272 - FGO - INFO - Epoch 100 | Train Loss: 0.064 | Val Loss: 0.06 | Val F1: 0.99 |
2023-09-02 20:53:57,272 - FGO - INFO - Best Epoch:  72 | Train Loss: 0.070 | Val Loss: 0.07 | Val F1: 0.99 
2023-09-02 20:53:57,272 - FGO - INFO - Setting model to best state.
2023-09-02 20:53:57,274 - FGO - INFO - ===== Train Fair OT GCN Model ============================================================
2023-09-02 20:53:57,369 - FGO - INFO - Epoch   0 | Train Loss: -13.033 | Val Loss: -1.30 | Val F1: 0.99 |
2023-09-02 20:53:58,179 - FGO - INFO - Epoch  10 | Train Loss: -13.722 | Val Loss: -1.28 | Val F1: 0.93 |
2023-09-02 20:53:58,985 - FGO - INFO - Epoch  20 | Train Loss: -13.865 | Val Loss: -1.31 | Val F1: 0.96 |
2023-09-02 20:53:59,754 - FGO - INFO - Epoch  30 | Train Loss: -13.968 | Val Loss: -1.37 | Val F1: 0.99 |
2023-09-02 20:54:00,550 - FGO - INFO - Epoch  40 | Train Loss: -14.040 | Val Loss: -1.36 | Val F1: 0.99 |
2023-09-02 20:54:01,247 - FGO - INFO - Best Epoch:   6 | Train Loss: -13.470 | Val Loss: -1.35 | Val F1: 0.99 |
2023-09-02 20:54:01,247 - FGO - INFO - Setting model to best state.
2023-09-02 20:54:01,251 - FGO - INFO - ===== Test Fair OT GCN Model =============================================================
2023-09-02 20:54:01,275 - FGO - INFO - Train CM:
[[395   2]
 [ 24 311]]
2023-09-02 20:54:01,276 - FGO - INFO - Val CM:
[[37  0]
 [ 1 34]]
2023-09-02 20:54:01,276 - FGO - INFO - Test CM:
[[37  0]
 [ 1 34]]
2023-09-02 20:54:01,281 - FGO - INFO - test statistical parity: 0.08387096774193548
2023-09-02 20:54:01,283 - FGO - INFO - test equal opportunity: 0.19999999999999996
2023-09-02 20:54:01,284 - FGO - INFO - test micro f1: 0.9861111111111112
2023-09-02 20:54:01,284 - FGO - INFO - test macro f1: 0.986086956521739
