2023-09-02 19:16:53,516 - FGO - INFO - ===== SETUP LOGGING ======================================================================
2023-09-02 19:16:53,516 - FGO - INFO - THIS_FILE: Wrapper.py
2023-09-02 19:16:53,516 - FGO - INFO - 	learning_rate: 0.005
2023-09-02 19:16:53,516 - FGO - INFO - 	h1: 64
2023-09-02 19:16:53,517 - FGO - INFO - 	h2: 32
2023-09-02 19:16:53,517 - FGO - INFO - 	weight_decay: 0.0005
2023-09-02 19:16:53,517 - FGO - INFO - 	dropout: 0.0
2023-09-02 19:16:53,517 - FGO - INFO - 	max_pretrain_epochs: 50
2023-09-02 19:16:53,517 - FGO - INFO - 	max_ot_epochs: 15
2023-09-02 19:16:53,517 - FGO - INFO - 	lambda: 0.01
2023-09-02 19:16:53,517 - FGO - INFO - 	theta: 10
2023-09-02 19:16:53,517 - FGO - INFO - 	clip: 5
2023-09-02 19:16:53,517 - FGO - INFO - ===== SETUP LOGGING COMPLETE =============================================================
2023-09-02 19:16:53,517 - FGO - INFO - ===== Preparing to load data =============================================================
2023-09-02 19:16:53,517 - FGO - INFO - SOURCE: abide_large
2023-09-02 19:16:53,517 - FGO - INFO - TARGET: abide_small
2023-09-02 19:16:53,517 - FGO - INFO - ===== Retrieving SOURCE Data =============================================================
2023-09-02 19:16:53,517 - FGO - INFO - *************** In load_graph_data ***************
2023-09-02 19:16:53,517 - FGO - INFO - 	FILEPATH: ./data/abide_large.mat
2023-09-02 19:16:53,517 - FGO - INFO - 	X shape: (804, 93)
2023-09-02 19:16:53,517 - FGO - INFO - 	A shape: (804, 804)
2023-09-02 19:16:53,517 - FGO - INFO - 	P shape: (804,)
2023-09-02 19:16:53,518 - FGO - INFO - 	Y shape: (804, 2)
2023-09-02 19:16:53,518 - FGO - INFO - 	Y sum: 804 (number of postive labels)
2023-09-02 19:16:53,519 - FGO - INFO - ===== Retrieving TARGET Data =============================================================
2023-09-02 19:16:53,519 - FGO - INFO - *************** In load_graph_data ***************
2023-09-02 19:16:53,519 - FGO - INFO - 	FILEPATH: ./data/abide_small.mat
2023-09-02 19:16:53,519 - FGO - INFO - 	X shape: (67, 93)
2023-09-02 19:16:53,519 - FGO - INFO - 	A shape: (67, 67)
2023-09-02 19:16:53,519 - FGO - INFO - 	P shape: (67,)
2023-09-02 19:16:53,519 - FGO - INFO - 	Y shape: (67, 2)
2023-09-02 19:16:53,519 - FGO - INFO - 	Y sum: 67 (number of postive labels)
2023-09-02 19:16:53,519 - FGO - INFO - ===== Combine Data =======================================================================
2023-09-02 19:16:53,551 - FGO - INFO - A shape: (871, 871)
2023-09-02 19:16:53,551 - FGO - INFO - X shape: (871, 93)
2023-09-02 19:16:53,551 - FGO - INFO - Y shape: (871, 2)
2023-09-02 19:16:53,551 - FGO - INFO - N: 871
2023-09-02 19:16:53,551 - FGO - INFO - N_s: 804
2023-09-02 19:16:53,551 - FGO - INFO - N_t: 67
2023-09-02 19:16:53,555 - FGO - INFO - ===== Configuring Train/Val/Test Masks ===================================================
2023-09-02 19:16:53,555 - FGO - INFO - Train Total: 804
2023-09-02 19:16:53,555 - FGO - INFO - Val Total:   0.0
2023-09-02 19:16:53,555 - FGO - INFO - Test Total:  67
2023-09-02 19:16:53,556 - FGO - INFO - ===== Pretrain GCN Model =================================================================
2023-09-02 19:16:53,604 - FGO - INFO - Epoch   0 | Train Loss: 0.693 | Train Macro F1: 0.45 |
2023-09-02 19:16:54,083 - FGO - INFO - Epoch  10 | Train Loss: 0.598 | Train Macro F1: 0.74 |
2023-09-02 19:16:54,564 - FGO - INFO - Epoch  20 | Train Loss: 0.288 | Train Macro F1: 0.91 |
2023-09-02 19:16:55,039 - FGO - INFO - Epoch  30 | Train Loss: 0.140 | Train Macro F1: 0.95 |
2023-09-02 19:16:55,517 - FGO - INFO - Epoch  40 | Train Loss: 0.099 | Train Macro F1: 0.96 |
2023-09-02 19:16:55,997 - FGO - INFO - Epoch  50 | Train Loss: 0.087 | Train Macro F1: 0.97 |
2023-09-02 19:16:55,998 - FGO - INFO - ===== Train Fair OT GCN Model ============================================================
2023-09-02 19:16:56,106 - FGO - WARNING - long running sinkhorn (1000), u_diff: 7.797633543304983e-07
2023-09-02 19:16:56,143 - FGO - WARNING - long running sinkhorn (2000), u_diff: 3.899895546055632e-06
2023-09-02 19:16:56,221 - FGO - WARNING - long running sinkhorn (3000), u_diff: 3.9368737816403154e-06
2023-09-02 19:16:56,258 - FGO - WARNING - long running sinkhorn (4000), u_diff: 3.960695721616503e-06
2023-09-02 19:16:56,295 - FGO - WARNING - long running sinkhorn (5000), u_diff: 2.0067757304786937e-06
2023-09-02 19:16:56,333 - FGO - WARNING - long running sinkhorn (6000), u_diff: 3.909010956704151e-06
2023-09-02 19:16:56,370 - FGO - WARNING - long running sinkhorn (7000), u_diff: 2.1292166820785496e-06
2023-09-02 19:16:56,407 - FGO - WARNING - long running sinkhorn (8000), u_diff: 2.077125827781856e-06
2023-09-02 19:16:56,445 - FGO - WARNING - long running sinkhorn (9000), u_diff: 2.1539131012104917e-06
2023-09-02 19:16:56,483 - FGO - WARNING - long running sinkhorn (10000), u_diff: 3.9458695937355515e-06
2023-09-02 19:16:56,483 - FGO - WARNING - large sinkhorn itter (10000)
2023-09-02 19:16:57,855 - FGO - INFO - Epoch   0 | Train Loss: 3.194 | Train CE Loss: 3.687 | Train OT Loss: -0.049| Train Macro F1: 0.54 |
2023-09-02 19:16:57,926 - FGO - WARNING - long running sinkhorn (1000), u_diff: 1.986829374800436e-06
2023-09-02 19:16:57,964 - FGO - WARNING - long running sinkhorn (2000), u_diff: 2.2012459339748602e-06
2023-09-02 19:16:58,003 - FGO - WARNING - long running sinkhorn (3000), u_diff: 2.0251693513273494e-06
2023-09-02 19:16:58,027 - FGO - WARNING - large sinkhorn itter (3647)
2023-09-02 19:16:58,862 - FGO - WARNING - long running sinkhorn (1000), u_diff: 7.632238521182444e-06
2023-09-02 19:16:58,899 - FGO - WARNING - long running sinkhorn (2000), u_diff: 7.866750820539892e-06
2023-09-02 19:16:58,938 - FGO - WARNING - long running sinkhorn (3000), u_diff: 1.928006668094895e-06
2023-09-02 19:16:58,975 - FGO - WARNING - long running sinkhorn (4000), u_diff: 2.0718806581498939e-07
2023-09-02 19:16:58,977 - FGO - WARNING - large sinkhorn itter (4049)
2023-09-02 19:17:00,685 - FGO - INFO - Epoch  10 | Train Loss: -0.352 | Train CE Loss: 0.395 | Train OT Loss: -0.075| Train Macro F1: 0.74 |
2023-09-02 19:17:01,307 - FGO - INFO - ===== Test Fair OT GCN Model =============================================================
2023-09-02 19:17:01,346 - FGO - INFO - Train CM:
[[432   2]
 [ 47 323]]
2023-09-02 19:17:01,347 - FGO - INFO - Val CM:
[]
2023-09-02 19:17:01,347 - FGO - INFO - Test CM:
[[34  0]
 [ 2 31]]
2023-09-02 19:17:01,352 - FGO - INFO - test micro f1: 0.9701492537313433
2023-09-02 19:17:01,353 - FGO - INFO - test macro f1: 0.9700892857142858
2023-09-02 19:17:01,353 - FGO - INFO - test statistical parity: 0.09999999999999998
2023-09-02 19:17:01,354 - FGO - INFO - test equal opportunity: 0.045454545454545525
2023-09-02 19:17:01,355 - FGO - INFO - train micro f1: 0.9390547263681592
2023-09-02 19:17:01,355 - FGO - INFO - train macro f1: 0.9379135902668884
2023-09-02 19:17:01,355 - FGO - INFO - train statistical parity: 0.12924001717475309
2023-09-02 19:17:01,356 - FGO - INFO - train equal opportunity: 0.06678045658203546
