2023-09-02 20:44:32,502 - FGO - INFO - ===== SETUP LOGGING ======================================================================
2023-09-02 20:44:32,502 - FGO - INFO - THIS_FILE: Wrapper.py
2023-09-02 20:44:32,502 - FGO - INFO - 	done: False
2023-09-02 20:44:32,502 - FGO - INFO - 	learning_rate: 0.001
2023-09-02 20:44:32,502 - FGO - INFO - 	h1: 64
2023-09-02 20:44:32,502 - FGO - INFO - 	h2: 32
2023-09-02 20:44:32,502 - FGO - INFO - 	weight_decay: 0.0005
2023-09-02 20:44:32,502 - FGO - INFO - 	dropout: 0.0
2023-09-02 20:44:32,502 - FGO - INFO - 	max_pretrain_epochs: 100
2023-09-02 20:44:32,502 - FGO - INFO - 	max_ot_epochs: 50
2023-09-02 20:44:32,502 - FGO - INFO - 	lambda: 0.03
2023-09-02 20:44:32,502 - FGO - INFO - 	theta: 10
2023-09-02 20:44:32,502 - FGO - INFO - 	clip: 5
2023-09-02 20:44:32,502 - FGO - INFO - ===== SETUP LOGGING COMPLETE =============================================================
2023-09-02 20:44:32,502 - FGO - INFO - ===== Configuring Masks ==================================================================
2023-09-02 20:44:32,502 - FGO - INFO - Source Total: 717
2023-09-02 20:44:32,502 - FGO - INFO - Target Total: 87
2023-09-02 20:44:32,502 - FGO - INFO - Train Total: 717
2023-09-02 20:44:32,502 - FGO - INFO - Val Total:   87
2023-09-02 20:44:32,502 - FGO - INFO - Test Total:  87
2023-09-02 20:44:32,502 - FGO - INFO - ===== Preparing to load data =============================================================
2023-09-02 20:44:32,502 - FGO - INFO - SOURCE: abide_large
2023-09-02 20:44:32,502 - FGO - INFO - ===== Retrieving SOURCE Data =============================================================
2023-09-02 20:44:32,502 - FGO - INFO - *************** In load_graph_data ***************
2023-09-02 20:44:32,502 - FGO - INFO - 	FILEPATH: ./data/abide_large.mat
2023-09-02 20:44:32,503 - FGO - INFO - 	X shape: (804, 93)
2023-09-02 20:44:32,503 - FGO - INFO - 	A shape: (804, 804)
2023-09-02 20:44:32,503 - FGO - INFO - 	P shape: (804,)
2023-09-02 20:44:32,503 - FGO - INFO - 	Y shape: (804, 2)
2023-09-02 20:44:32,503 - FGO - INFO - 	Y sum: 804 (number of postive labels)
2023-09-02 20:44:32,504 - FGO - INFO - ===== Preparing data =====================================================================
2023-09-02 20:44:32,505 - FGO - INFO - ===== Disconnecting Source and Target ====================================================
2023-09-02 20:44:32,611 - FGO - INFO - ===== Finalize Data ======================================================================
2023-09-02 20:44:32,611 - FGO - INFO - A shape: (804, 804)
2023-09-02 20:44:32,611 - FGO - INFO - X shape: (804, 93)
2023-09-02 20:44:32,611 - FGO - INFO - Y shape: (804, 2)
2023-09-02 20:44:32,611 - FGO - INFO - N: 804
2023-09-02 20:44:32,611 - FGO - INFO - N_s: 717
2023-09-02 20:44:32,611 - FGO - INFO - N_t: 87
2023-09-02 20:44:32,615 - FGO - INFO - ===== Pretrain GCN Model =================================================================
2023-09-02 20:44:32,618 - FGO - INFO - Epoch   0 | Train Loss: 0.689 | Val Loss: 0.68 | Val F1: 0.35 |
2023-09-02 20:44:32,643 - FGO - INFO - Epoch  10 | Train Loss: 0.675 | Val Loss: 0.67 | Val F1: 0.40 |
2023-09-02 20:44:32,668 - FGO - INFO - Epoch  20 | Train Loss: 0.650 | Val Loss: 0.64 | Val F1: 0.62 |
2023-09-02 20:44:32,692 - FGO - INFO - Epoch  30 | Train Loss: 0.595 | Val Loss: 0.59 | Val F1: 0.77 |
2023-09-02 20:44:32,717 - FGO - INFO - Epoch  40 | Train Loss: 0.507 | Val Loss: 0.52 | Val F1: 0.88 |
2023-09-02 20:44:32,741 - FGO - INFO - Epoch  50 | Train Loss: 0.398 | Val Loss: 0.41 | Val F1: 0.88 |
2023-09-02 20:44:32,766 - FGO - INFO - Epoch  60 | Train Loss: 0.297 | Val Loss: 0.31 | Val F1: 0.91 |
2023-09-02 20:44:32,790 - FGO - INFO - Epoch  70 | Train Loss: 0.224 | Val Loss: 0.23 | Val F1: 0.94 |
2023-09-02 20:44:32,815 - FGO - INFO - Epoch  80 | Train Loss: 0.180 | Val Loss: 0.18 | Val F1: 0.94 |
2023-09-02 20:44:32,840 - FGO - INFO - Epoch  90 | Train Loss: 0.151 | Val Loss: 0.15 | Val F1: 0.97 |
2023-09-02 20:44:32,864 - FGO - INFO - Epoch 100 | Train Loss: 0.132 | Val Loss: 0.13 | Val F1: 0.97 |
2023-09-02 20:44:32,864 - FGO - INFO - Best Epoch:  90 | Train Loss: 0.151 | Val Loss: 0.15 | Val F1: 0.97 
2023-09-02 20:44:32,864 - FGO - INFO - Setting model to best state.
2023-09-02 20:44:32,866 - FGO - INFO - ===== Train Fair OT GCN Model ============================================================
2023-09-02 20:44:32,958 - FGO - INFO - Epoch   0 | Train Loss: -2.368 | Val Loss: -0.18 | Val F1: 0.97 |
2023-09-02 20:44:33,797 - FGO - INFO - Epoch  10 | Train Loss: -2.429 | Val Loss: -0.17 | Val F1: 0.95 |
2023-09-02 20:44:34,573 - FGO - INFO - Epoch  20 | Train Loss: -2.480 | Val Loss: -0.19 | Val F1: 0.95 |
2023-09-02 20:44:35,304 - FGO - INFO - Epoch  30 | Train Loss: -2.516 | Val Loss: -0.21 | Val F1: 0.97 |
2023-09-02 20:44:36,078 - FGO - INFO - Epoch  40 | Train Loss: -2.542 | Val Loss: -0.22 | Val F1: 0.98 |
2023-09-02 20:44:36,807 - FGO - INFO - Best Epoch:  34 | Train Loss: -2.528 | Val Loss: -0.22 | Val F1: 0.98 |
2023-09-02 20:44:36,807 - FGO - INFO - Setting model to best state.
2023-09-02 20:44:36,810 - FGO - INFO - ===== Test Fair OT GCN Model =============================================================
2023-09-02 20:44:36,835 - FGO - INFO - Train CM:
[[379   8]
 [ 24 306]]
2023-09-02 20:44:36,835 - FGO - INFO - Val CM:
[[46  1]
 [ 2 38]]
2023-09-02 20:44:36,836 - FGO - INFO - Test CM:
[[46  1]
 [ 2 38]]
2023-09-02 20:44:36,841 - FGO - INFO - test statistical parity: 0.35
2023-09-02 20:44:36,842 - FGO - INFO - test equal opportunity: 0.06451612903225812
2023-09-02 20:44:36,843 - FGO - INFO - test micro f1: 0.9655172413793104
2023-09-02 20:44:36,844 - FGO - INFO - test macro f1: 0.9652231845436376
