2023-09-02 20:56:48,927 - FGO - INFO - ===== SETUP LOGGING ======================================================================
2023-09-02 20:56:48,927 - FGO - INFO - THIS_FILE: Wrapper.py
2023-09-02 20:56:48,927 - FGO - INFO - 	done: False
2023-09-02 20:56:48,927 - FGO - INFO - 	learning_rate: 0.01
2023-09-02 20:56:48,927 - FGO - INFO - 	h1: 64
2023-09-02 20:56:48,927 - FGO - INFO - 	h2: 32
2023-09-02 20:56:48,927 - FGO - INFO - 	weight_decay: 0.0005
2023-09-02 20:56:48,927 - FGO - INFO - 	dropout: 0.0
2023-09-02 20:56:48,927 - FGO - INFO - 	max_pretrain_epochs: 100
2023-09-02 20:56:48,927 - FGO - INFO - 	max_ot_epochs: 50
2023-09-02 20:56:48,927 - FGO - INFO - 	lambda: 0.01
2023-09-02 20:56:48,928 - FGO - INFO - 	theta: 50
2023-09-02 20:56:48,928 - FGO - INFO - 	clip: 5
2023-09-02 20:56:48,928 - FGO - INFO - ===== SETUP LOGGING COMPLETE =============================================================
2023-09-02 20:56:48,928 - FGO - INFO - ===== Configuring Masks ==================================================================
2023-09-02 20:56:48,928 - FGO - INFO - Source Total: 727
2023-09-02 20:56:48,928 - FGO - INFO - Target Total: 77
2023-09-02 20:56:48,928 - FGO - INFO - Train Total: 727
2023-09-02 20:56:48,928 - FGO - INFO - Val Total:   77
2023-09-02 20:56:48,928 - FGO - INFO - Test Total:  77
2023-09-02 20:56:48,928 - FGO - INFO - ===== Preparing to load data =============================================================
2023-09-02 20:56:48,928 - FGO - INFO - SOURCE: abide_large
2023-09-02 20:56:48,928 - FGO - INFO - ===== Retrieving SOURCE Data =============================================================
2023-09-02 20:56:48,928 - FGO - INFO - *************** In load_graph_data ***************
2023-09-02 20:56:48,928 - FGO - INFO - 	FILEPATH: ./data/abide_large.mat
2023-09-02 20:56:48,928 - FGO - INFO - 	X shape: (804, 93)
2023-09-02 20:56:48,928 - FGO - INFO - 	A shape: (804, 804)
2023-09-02 20:56:48,928 - FGO - INFO - 	P shape: (804,)
2023-09-02 20:56:48,928 - FGO - INFO - 	Y shape: (804, 2)
2023-09-02 20:56:48,928 - FGO - INFO - 	Y sum: 804 (number of postive labels)
2023-09-02 20:56:48,929 - FGO - INFO - ===== Preparing data =====================================================================
2023-09-02 20:56:48,931 - FGO - INFO - ===== Disconnecting Source and Target ====================================================
2023-09-02 20:56:49,027 - FGO - INFO - ===== Finalize Data ======================================================================
2023-09-02 20:56:49,027 - FGO - INFO - A shape: (804, 804)
2023-09-02 20:56:49,027 - FGO - INFO - X shape: (804, 93)
2023-09-02 20:56:49,027 - FGO - INFO - Y shape: (804, 2)
2023-09-02 20:56:49,027 - FGO - INFO - N: 804
2023-09-02 20:56:49,027 - FGO - INFO - N_s: 727
2023-09-02 20:56:49,027 - FGO - INFO - N_t: 77
2023-09-02 20:56:49,030 - FGO - INFO - ===== Pretrain GCN Model =================================================================
2023-09-02 20:56:49,034 - FGO - INFO - Epoch   0 | Train Loss: 0.689 | Val Loss: 0.68 | Val F1: 0.36 |
2023-09-02 20:56:49,058 - FGO - INFO - Epoch  10 | Train Loss: 0.472 | Val Loss: 0.55 | Val F1: 0.71 |
2023-09-02 20:56:49,083 - FGO - INFO - Epoch  20 | Train Loss: 0.138 | Val Loss: 0.27 | Val F1: 0.84 |
2023-09-02 20:56:49,108 - FGO - INFO - Epoch  30 | Train Loss: 0.091 | Val Loss: 0.17 | Val F1: 0.93 |
2023-09-02 20:56:49,133 - FGO - INFO - Epoch  40 | Train Loss: 0.080 | Val Loss: 0.16 | Val F1: 0.92 |
2023-09-02 20:56:49,157 - FGO - INFO - Epoch  50 | Train Loss: 0.067 | Val Loss: 0.20 | Val F1: 0.87 |
2023-09-02 20:56:49,182 - FGO - INFO - Epoch  60 | Train Loss: 0.061 | Val Loss: 0.22 | Val F1: 0.89 |
2023-09-02 20:56:49,206 - FGO - INFO - Epoch  70 | Train Loss: 0.061 | Val Loss: 0.16 | Val F1: 0.92 |
2023-09-02 20:56:49,231 - FGO - INFO - Epoch  80 | Train Loss: 0.054 | Val Loss: 0.18 | Val F1: 0.90 |
2023-09-02 20:56:49,256 - FGO - INFO - Epoch  90 | Train Loss: 0.051 | Val Loss: 0.22 | Val F1: 0.90 |
2023-09-02 20:56:49,280 - FGO - INFO - Epoch 100 | Train Loss: 0.055 | Val Loss: 0.29 | Val F1: 0.89 |
2023-09-02 20:56:49,280 - FGO - INFO - Best Epoch:  34 | Train Loss: 0.088 | Val Loss: 0.17 | Val F1: 0.95 
2023-09-02 20:56:49,280 - FGO - INFO - Setting model to best state.
2023-09-02 20:56:49,282 - FGO - INFO - ===== Train Fair OT GCN Model ============================================================
2023-09-02 20:56:49,396 - FGO - INFO - Epoch   0 | Train Loss: -3.025 | Val Loss: -0.13 | Val F1: 0.90 |
2023-09-02 20:56:50,207 - FGO - INFO - Epoch  10 | Train Loss: -3.884 | Val Loss: 0.01 | Val F1: 0.84 |
2023-09-02 20:56:50,972 - FGO - INFO - Epoch  20 | Train Loss: -4.145 | Val Loss: -0.11 | Val F1: 0.87 |
2023-09-02 20:56:51,756 - FGO - INFO - Epoch  30 | Train Loss: -4.330 | Val Loss: -0.16 | Val F1: 0.89 |
2023-09-02 20:56:52,513 - FGO - INFO - Epoch  40 | Train Loss: -4.429 | Val Loss: -0.19 | Val F1: 0.89 |
2023-09-02 20:56:53,206 - FGO - INFO - Best Epoch:  47 | Train Loss: -4.474 | Val Loss: -0.21 | Val F1: 0.92 |
2023-09-02 20:56:53,206 - FGO - INFO - Setting model to best state.
2023-09-02 20:56:53,213 - FGO - INFO - ===== Test Fair OT GCN Model =============================================================
2023-09-02 20:56:53,244 - FGO - INFO - Train CM:
[[379  11]
 [  8 329]]
2023-09-02 20:56:53,244 - FGO - INFO - Val CM:
[[42  2]
 [ 4 29]]
2023-09-02 20:56:53,244 - FGO - INFO - Test CM:
[[42  2]
 [ 4 29]]
2023-09-02 20:56:53,249 - FGO - INFO - test statistical parity: 0.2794871794871795
2023-09-02 20:56:53,251 - FGO - INFO - test equal opportunity: 0.4032258064516129
2023-09-02 20:56:53,251 - FGO - INFO - test micro f1: 0.922077922077922
2023-09-02 20:56:53,252 - FGO - INFO - test macro f1: 0.9197916666666666
