2023-09-02 20:56:57,963 - FGO - INFO - ===== SETUP LOGGING ======================================================================
2023-09-02 20:56:57,963 - FGO - INFO - THIS_FILE: Wrapper.py
2023-09-02 20:56:57,963 - FGO - INFO - 	done: False
2023-09-02 20:56:57,963 - FGO - INFO - 	learning_rate: 0.01
2023-09-02 20:56:57,963 - FGO - INFO - 	h1: 64
2023-09-02 20:56:57,963 - FGO - INFO - 	h2: 32
2023-09-02 20:56:57,963 - FGO - INFO - 	weight_decay: 0.0005
2023-09-02 20:56:57,963 - FGO - INFO - 	dropout: 0.0
2023-09-02 20:56:57,963 - FGO - INFO - 	max_pretrain_epochs: 100
2023-09-02 20:56:57,963 - FGO - INFO - 	max_ot_epochs: 50
2023-09-02 20:56:57,963 - FGO - INFO - 	lambda: 0.01
2023-09-02 20:56:57,963 - FGO - INFO - 	theta: 50
2023-09-02 20:56:57,963 - FGO - INFO - 	clip: 5
2023-09-02 20:56:57,963 - FGO - INFO - ===== SETUP LOGGING COMPLETE =============================================================
2023-09-02 20:56:57,963 - FGO - INFO - ===== Configuring Masks ==================================================================
2023-09-02 20:56:57,963 - FGO - INFO - Source Total: 729
2023-09-02 20:56:57,964 - FGO - INFO - Target Total: 75
2023-09-02 20:56:57,964 - FGO - INFO - Train Total: 729
2023-09-02 20:56:57,964 - FGO - INFO - Val Total:   75
2023-09-02 20:56:57,964 - FGO - INFO - Test Total:  75
2023-09-02 20:56:57,964 - FGO - INFO - ===== Preparing to load data =============================================================
2023-09-02 20:56:57,964 - FGO - INFO - SOURCE: abide_large
2023-09-02 20:56:57,964 - FGO - INFO - ===== Retrieving SOURCE Data =============================================================
2023-09-02 20:56:57,964 - FGO - INFO - *************** In load_graph_data ***************
2023-09-02 20:56:57,964 - FGO - INFO - 	FILEPATH: ./data/abide_large.mat
2023-09-02 20:56:57,964 - FGO - INFO - 	X shape: (804, 93)
2023-09-02 20:56:57,964 - FGO - INFO - 	A shape: (804, 804)
2023-09-02 20:56:57,964 - FGO - INFO - 	P shape: (804,)
2023-09-02 20:56:57,964 - FGO - INFO - 	Y shape: (804, 2)
2023-09-02 20:56:57,964 - FGO - INFO - 	Y sum: 804 (number of postive labels)
2023-09-02 20:56:57,965 - FGO - INFO - ===== Preparing data =====================================================================
2023-09-02 20:56:57,966 - FGO - INFO - ===== Disconnecting Source and Target ====================================================
2023-09-02 20:56:58,061 - FGO - INFO - ===== Finalize Data ======================================================================
2023-09-02 20:56:58,061 - FGO - INFO - A shape: (804, 804)
2023-09-02 20:56:58,061 - FGO - INFO - X shape: (804, 93)
2023-09-02 20:56:58,061 - FGO - INFO - Y shape: (804, 2)
2023-09-02 20:56:58,062 - FGO - INFO - N: 804
2023-09-02 20:56:58,062 - FGO - INFO - N_s: 729
2023-09-02 20:56:58,062 - FGO - INFO - N_t: 75
2023-09-02 20:56:58,065 - FGO - INFO - ===== Pretrain GCN Model =================================================================
2023-09-02 20:56:58,069 - FGO - INFO - Epoch   0 | Train Loss: 0.689 | Val Loss: 0.68 | Val F1: 0.37 |
2023-09-02 20:56:58,098 - FGO - INFO - Epoch  10 | Train Loss: 0.431 | Val Loss: 0.36 | Val F1: 0.93 |
2023-09-02 20:56:58,126 - FGO - INFO - Epoch  20 | Train Loss: 0.158 | Val Loss: 0.05 | Val F1: 0.99 |
2023-09-02 20:56:58,154 - FGO - INFO - Epoch  30 | Train Loss: 0.109 | Val Loss: 0.06 | Val F1: 0.99 |
2023-09-02 20:56:58,182 - FGO - INFO - Epoch  40 | Train Loss: 0.093 | Val Loss: 0.03 | Val F1: 0.99 |
2023-09-02 20:56:58,210 - FGO - INFO - Epoch  50 | Train Loss: 0.080 | Val Loss: 0.04 | Val F1: 1.00 |
2023-09-02 20:56:58,236 - FGO - INFO - Epoch  60 | Train Loss: 0.073 | Val Loss: 0.04 | Val F1: 0.99 |
2023-09-02 20:56:58,261 - FGO - INFO - Epoch  70 | Train Loss: 0.068 | Val Loss: 0.05 | Val F1: 0.97 |
2023-09-02 20:56:58,285 - FGO - INFO - Epoch  80 | Train Loss: 0.065 | Val Loss: 0.05 | Val F1: 0.97 |
2023-09-02 20:56:58,310 - FGO - INFO - Epoch  90 | Train Loss: 0.063 | Val Loss: 0.04 | Val F1: 0.99 |
2023-09-02 20:56:58,335 - FGO - INFO - Epoch 100 | Train Loss: 0.069 | Val Loss: 0.07 | Val F1: 0.97 |
2023-09-02 20:56:58,335 - FGO - INFO - Best Epoch:  27 | Train Loss: 0.114 | Val Loss: 0.03 | Val F1: 1.00 
2023-09-02 20:56:58,335 - FGO - INFO - Setting model to best state.
2023-09-02 20:56:58,336 - FGO - INFO - ===== Train Fair OT GCN Model ============================================================
2023-09-02 20:56:58,449 - FGO - INFO - Epoch   0 | Train Loss: -2.960 | Val Loss: -0.30 | Val F1: 0.97 |
2023-09-02 20:56:59,357 - FGO - INFO - Epoch  10 | Train Loss: -3.982 | Val Loss: -0.21 | Val F1: 0.89 |
2023-09-02 20:57:00,195 - FGO - INFO - Epoch  20 | Train Loss: -4.180 | Val Loss: -0.24 | Val F1: 0.97 |
2023-09-02 20:57:00,986 - FGO - INFO - Epoch  30 | Train Loss: -4.358 | Val Loss: -0.37 | Val F1: 0.97 |
2023-09-02 20:57:01,804 - FGO - INFO - Epoch  40 | Train Loss: -4.440 | Val Loss: -0.37 | Val F1: 0.97 |
2023-09-02 20:57:02,551 - FGO - INFO - Best Epoch:   6 | Train Loss: -3.535 | Val Loss: -0.28 | Val F1: 0.97 |
2023-09-02 20:57:02,551 - FGO - INFO - Setting model to best state.
2023-09-02 20:57:02,555 - FGO - INFO - ===== Test Fair OT GCN Model =============================================================
2023-09-02 20:57:02,579 - FGO - INFO - Train CM:
[[387   9]
 [ 12 321]]
2023-09-02 20:57:02,579 - FGO - INFO - Val CM:
[[38  0]
 [ 2 35]]
2023-09-02 20:57:02,580 - FGO - INFO - Test CM:
[[38  0]
 [ 2 35]]
2023-09-02 20:57:02,584 - FGO - INFO - test statistical parity: 0.046838407494145196
2023-09-02 20:57:02,585 - FGO - INFO - test equal opportunity: 0.10952380952380958
2023-09-02 20:57:02,586 - FGO - INFO - test micro f1: 0.9733333333333334
2023-09-02 20:57:02,587 - FGO - INFO - test macro f1: 0.9732905982905983
