2023-09-02 20:57:31,202 - FGO - INFO - ===== SETUP LOGGING ======================================================================
2023-09-02 20:57:31,202 - FGO - INFO - THIS_FILE: Wrapper.py
2023-09-02 20:57:31,202 - FGO - INFO - 	done: False
2023-09-02 20:57:31,202 - FGO - INFO - 	learning_rate: 0.01
2023-09-02 20:57:31,202 - FGO - INFO - 	h1: 64
2023-09-02 20:57:31,202 - FGO - INFO - 	h2: 32
2023-09-02 20:57:31,202 - FGO - INFO - 	weight_decay: 0.0005
2023-09-02 20:57:31,202 - FGO - INFO - 	dropout: 0.0
2023-09-02 20:57:31,202 - FGO - INFO - 	max_pretrain_epochs: 100
2023-09-02 20:57:31,202 - FGO - INFO - 	max_ot_epochs: 50
2023-09-02 20:57:31,202 - FGO - INFO - 	lambda: 0.03
2023-09-02 20:57:31,202 - FGO - INFO - 	theta: 10
2023-09-02 20:57:31,202 - FGO - INFO - 	clip: 5
2023-09-02 20:57:31,202 - FGO - INFO - ===== SETUP LOGGING COMPLETE =============================================================
2023-09-02 20:57:31,202 - FGO - INFO - ===== Configuring Masks ==================================================================
2023-09-02 20:57:31,203 - FGO - INFO - Source Total: 708
2023-09-02 20:57:31,203 - FGO - INFO - Target Total: 96
2023-09-02 20:57:31,203 - FGO - INFO - Train Total: 708
2023-09-02 20:57:31,203 - FGO - INFO - Val Total:   96
2023-09-02 20:57:31,203 - FGO - INFO - Test Total:  96
2023-09-02 20:57:31,203 - FGO - INFO - ===== Preparing to load data =============================================================
2023-09-02 20:57:31,203 - FGO - INFO - SOURCE: abide_large
2023-09-02 20:57:31,203 - FGO - INFO - ===== Retrieving SOURCE Data =============================================================
2023-09-02 20:57:31,203 - FGO - INFO - *************** In load_graph_data ***************
2023-09-02 20:57:31,203 - FGO - INFO - 	FILEPATH: ./data/abide_large.mat
2023-09-02 20:57:31,203 - FGO - INFO - 	X shape: (804, 93)
2023-09-02 20:57:31,203 - FGO - INFO - 	A shape: (804, 804)
2023-09-02 20:57:31,203 - FGO - INFO - 	P shape: (804,)
2023-09-02 20:57:31,203 - FGO - INFO - 	Y shape: (804, 2)
2023-09-02 20:57:31,203 - FGO - INFO - 	Y sum: 804 (number of postive labels)
2023-09-02 20:57:31,204 - FGO - INFO - ===== Preparing data =====================================================================
2023-09-02 20:57:31,205 - FGO - INFO - ===== Disconnecting Source and Target ====================================================
2023-09-02 20:57:31,321 - FGO - INFO - ===== Finalize Data ======================================================================
2023-09-02 20:57:31,321 - FGO - INFO - A shape: (804, 804)
2023-09-02 20:57:31,321 - FGO - INFO - X shape: (804, 93)
2023-09-02 20:57:31,321 - FGO - INFO - Y shape: (804, 2)
2023-09-02 20:57:31,321 - FGO - INFO - N: 804
2023-09-02 20:57:31,321 - FGO - INFO - N_s: 708
2023-09-02 20:57:31,321 - FGO - INFO - N_t: 96
2023-09-02 20:57:31,325 - FGO - INFO - ===== Pretrain GCN Model =================================================================
2023-09-02 20:57:31,328 - FGO - INFO - Epoch   0 | Train Loss: 0.688 | Val Loss: 0.69 | Val F1: 0.35 |
2023-09-02 20:57:31,353 - FGO - INFO - Epoch  10 | Train Loss: 0.421 | Val Loss: 0.44 | Val F1: 0.88 |
2023-09-02 20:57:31,377 - FGO - INFO - Epoch  20 | Train Loss: 0.142 | Val Loss: 0.20 | Val F1: 0.94 |
2023-09-02 20:57:31,401 - FGO - INFO - Epoch  30 | Train Loss: 0.103 | Val Loss: 0.16 | Val F1: 0.94 |
2023-09-02 20:57:31,426 - FGO - INFO - Epoch  40 | Train Loss: 0.085 | Val Loss: 0.18 | Val F1: 0.96 |
2023-09-02 20:57:31,450 - FGO - INFO - Epoch  50 | Train Loss: 0.073 | Val Loss: 0.18 | Val F1: 0.96 |
2023-09-02 20:57:31,474 - FGO - INFO - Epoch  60 | Train Loss: 0.066 | Val Loss: 0.15 | Val F1: 0.97 |
2023-09-02 20:57:31,498 - FGO - INFO - Epoch  70 | Train Loss: 0.061 | Val Loss: 0.13 | Val F1: 0.97 |
2023-09-02 20:57:31,522 - FGO - INFO - Epoch  80 | Train Loss: 0.058 | Val Loss: 0.15 | Val F1: 0.96 |
2023-09-02 20:57:31,547 - FGO - INFO - Epoch  90 | Train Loss: 0.058 | Val Loss: 0.12 | Val F1: 0.97 |
2023-09-02 20:57:31,571 - FGO - INFO - Epoch 100 | Train Loss: 0.055 | Val Loss: 0.15 | Val F1: 0.96 |
2023-09-02 20:57:31,571 - FGO - INFO - Best Epoch:  28 | Train Loss: 0.112 | Val Loss: 0.09 | Val F1: 0.99 
2023-09-02 20:57:31,571 - FGO - INFO - Setting model to best state.
2023-09-02 20:57:31,572 - FGO - INFO - ===== Train Fair OT GCN Model ============================================================
2023-09-02 20:57:31,661 - FGO - INFO - Epoch   0 | Train Loss: -2.310 | Val Loss: -0.18 | Val F1: 0.94 |
2023-09-02 20:57:32,442 - FGO - INFO - Epoch  10 | Train Loss: -2.424 | Val Loss: -0.25 | Val F1: 0.97 |
2023-09-02 20:57:33,205 - FGO - INFO - Epoch  20 | Train Loss: -2.517 | Val Loss: -0.25 | Val F1: 0.95 |
2023-09-02 20:57:34,009 - FGO - INFO - Epoch  30 | Train Loss: -2.614 | Val Loss: -0.30 | Val F1: 0.98 |
2023-09-02 20:57:34,795 - FGO - INFO - Epoch  40 | Train Loss: -2.649 | Val Loss: -0.29 | Val F1: 0.98 |
2023-09-02 20:57:35,449 - FGO - INFO - Best Epoch:  28 | Train Loss: -2.600 | Val Loss: -0.30 | Val F1: 0.98 |
2023-09-02 20:57:35,449 - FGO - INFO - Setting model to best state.
2023-09-02 20:57:35,452 - FGO - INFO - ===== Test Fair OT GCN Model =============================================================
2023-09-02 20:57:35,480 - FGO - INFO - Train CM:
[[373   9]
 [ 10 316]]
2023-09-02 20:57:35,481 - FGO - INFO - Val CM:
[[52  0]
 [ 2 42]]
2023-09-02 20:57:35,481 - FGO - INFO - Test CM:
[[52  0]
 [ 2 42]]
2023-09-02 20:57:35,486 - FGO - INFO - test statistical parity: 0.32727272727272727
2023-09-02 20:57:35,488 - FGO - INFO - test equal opportunity: 0.05555555555555558
2023-09-02 20:57:35,489 - FGO - INFO - test micro f1: 0.9791666666666666
2023-09-02 20:57:35,489 - FGO - INFO - test macro f1: 0.978938130759105
