2023-09-02 20:56:39,561 - FGO - INFO - ===== SETUP LOGGING ======================================================================
2023-09-02 20:56:39,561 - FGO - INFO - THIS_FILE: Wrapper.py
2023-09-02 20:56:39,561 - FGO - INFO - 	done: False
2023-09-02 20:56:39,561 - FGO - INFO - 	learning_rate: 0.01
2023-09-02 20:56:39,561 - FGO - INFO - 	h1: 64
2023-09-02 20:56:39,561 - FGO - INFO - 	h2: 32
2023-09-02 20:56:39,561 - FGO - INFO - 	weight_decay: 0.0005
2023-09-02 20:56:39,561 - FGO - INFO - 	dropout: 0.0
2023-09-02 20:56:39,561 - FGO - INFO - 	max_pretrain_epochs: 100
2023-09-02 20:56:39,561 - FGO - INFO - 	max_ot_epochs: 50
2023-09-02 20:56:39,561 - FGO - INFO - 	lambda: 0.01
2023-09-02 20:56:39,561 - FGO - INFO - 	theta: 30
2023-09-02 20:56:39,561 - FGO - INFO - 	clip: 5
2023-09-02 20:56:39,561 - FGO - INFO - ===== SETUP LOGGING COMPLETE =============================================================
2023-09-02 20:56:39,561 - FGO - INFO - ===== Configuring Masks ==================================================================
2023-09-02 20:56:39,561 - FGO - INFO - Source Total: 725
2023-09-02 20:56:39,561 - FGO - INFO - Target Total: 79
2023-09-02 20:56:39,561 - FGO - INFO - Train Total: 725
2023-09-02 20:56:39,561 - FGO - INFO - Val Total:   79
2023-09-02 20:56:39,561 - FGO - INFO - Test Total:  79
2023-09-02 20:56:39,561 - FGO - INFO - ===== Preparing to load data =============================================================
2023-09-02 20:56:39,561 - FGO - INFO - SOURCE: abide_large
2023-09-02 20:56:39,561 - FGO - INFO - ===== Retrieving SOURCE Data =============================================================
2023-09-02 20:56:39,561 - FGO - INFO - *************** In load_graph_data ***************
2023-09-02 20:56:39,562 - FGO - INFO - 	FILEPATH: ./data/abide_large.mat
2023-09-02 20:56:39,562 - FGO - INFO - 	X shape: (804, 93)
2023-09-02 20:56:39,562 - FGO - INFO - 	A shape: (804, 804)
2023-09-02 20:56:39,562 - FGO - INFO - 	P shape: (804,)
2023-09-02 20:56:39,562 - FGO - INFO - 	Y shape: (804, 2)
2023-09-02 20:56:39,562 - FGO - INFO - 	Y sum: 804 (number of postive labels)
2023-09-02 20:56:39,563 - FGO - INFO - ===== Preparing data =====================================================================
2023-09-02 20:56:39,564 - FGO - INFO - ===== Disconnecting Source and Target ====================================================
2023-09-02 20:56:39,662 - FGO - INFO - ===== Finalize Data ======================================================================
2023-09-02 20:56:39,662 - FGO - INFO - A shape: (804, 804)
2023-09-02 20:56:39,662 - FGO - INFO - X shape: (804, 93)
2023-09-02 20:56:39,662 - FGO - INFO - Y shape: (804, 2)
2023-09-02 20:56:39,662 - FGO - INFO - N: 804
2023-09-02 20:56:39,663 - FGO - INFO - N_s: 725
2023-09-02 20:56:39,663 - FGO - INFO - N_t: 79
2023-09-02 20:56:39,666 - FGO - INFO - ===== Pretrain GCN Model =================================================================
2023-09-02 20:56:39,669 - FGO - INFO - Epoch   0 | Train Loss: 0.690 | Val Loss: 0.67 | Val F1: 0.38 |
2023-09-02 20:56:39,709 - FGO - INFO - Epoch  10 | Train Loss: 0.471 | Val Loss: 0.48 | Val F1: 0.87 |
2023-09-02 20:56:39,739 - FGO - INFO - Epoch  20 | Train Loss: 0.138 | Val Loss: 0.18 | Val F1: 0.96 |
2023-09-02 20:56:39,764 - FGO - INFO - Epoch  30 | Train Loss: 0.102 | Val Loss: 0.19 | Val F1: 0.97 |
2023-09-02 20:56:39,789 - FGO - INFO - Epoch  40 | Train Loss: 0.092 | Val Loss: 0.21 | Val F1: 0.97 |
2023-09-02 20:56:39,813 - FGO - INFO - Epoch  50 | Train Loss: 0.078 | Val Loss: 0.19 | Val F1: 0.97 |
2023-09-02 20:56:39,837 - FGO - INFO - Epoch  60 | Train Loss: 0.071 | Val Loss: 0.18 | Val F1: 0.97 |
2023-09-02 20:56:39,862 - FGO - INFO - Epoch  70 | Train Loss: 0.066 | Val Loss: 0.15 | Val F1: 0.97 |
2023-09-02 20:56:39,886 - FGO - INFO - Epoch  80 | Train Loss: 0.069 | Val Loss: 0.15 | Val F1: 0.97 |
2023-09-02 20:56:39,911 - FGO - INFO - Epoch  90 | Train Loss: 0.063 | Val Loss: 0.10 | Val F1: 0.97 |
2023-09-02 20:56:39,935 - FGO - INFO - Epoch 100 | Train Loss: 0.070 | Val Loss: 0.06 | Val F1: 0.97 |
2023-09-02 20:56:39,935 - FGO - INFO - Best Epoch:  25 | Train Loss: 0.119 | Val Loss: 0.24 | Val F1: 0.97 
2023-09-02 20:56:39,935 - FGO - INFO - Setting model to best state.
2023-09-02 20:56:39,937 - FGO - INFO - ===== Train Fair OT GCN Model ============================================================
2023-09-02 20:56:40,053 - FGO - INFO - Epoch   0 | Train Loss: -1.884 | Val Loss: -0.11 | Val F1: 0.97 |
2023-09-02 20:56:40,978 - FGO - INFO - Epoch  10 | Train Loss: -2.306 | Val Loss: -0.16 | Val F1: 0.96 |
2023-09-02 20:56:41,770 - FGO - INFO - Epoch  20 | Train Loss: -2.484 | Val Loss: -0.15 | Val F1: 0.97 |
2023-09-02 20:56:42,612 - FGO - INFO - Epoch  30 | Train Loss: -2.567 | Val Loss: -0.18 | Val F1: 0.97 |
2023-09-02 20:56:43,364 - FGO - INFO - Epoch  40 | Train Loss: -2.617 | Val Loss: -0.17 | Val F1: 0.97 |
2023-09-02 20:56:44,112 - FGO - INFO - Best Epoch:   9 | Train Loss: -2.321 | Val Loss: -0.14 | Val F1: 0.97 |
2023-09-02 20:56:44,112 - FGO - INFO - Setting model to best state.
2023-09-02 20:56:44,116 - FGO - INFO - ===== Test Fair OT GCN Model =============================================================
2023-09-02 20:56:44,141 - FGO - INFO - Train CM:
[[377   8]
 [ 12 328]]
2023-09-02 20:56:44,141 - FGO - INFO - Val CM:
[[47  2]
 [ 0 30]]
2023-09-02 20:56:44,141 - FGO - INFO - Test CM:
[[47  2]
 [ 0 30]]
2023-09-02 20:56:44,146 - FGO - INFO - test statistical parity: 0.005797101449275366
2023-09-02 20:56:44,147 - FGO - INFO - test equal opportunity: 0.0
2023-09-02 20:56:44,148 - FGO - INFO - test micro f1: 0.9746835443037974
2023-09-02 20:56:44,148 - FGO - INFO - test macro f1: 0.9734543010752688
