2023-09-02 20:54:22,841 - FGO - INFO - ===== SETUP LOGGING ======================================================================
2023-09-02 20:54:22,841 - FGO - INFO - THIS_FILE: Wrapper.py
2023-09-02 20:54:22,841 - FGO - INFO - 	done: False
2023-09-02 20:54:22,841 - FGO - INFO - 	learning_rate: 0.005
2023-09-02 20:54:22,841 - FGO - INFO - 	h1: 64
2023-09-02 20:54:22,841 - FGO - INFO - 	h2: 32
2023-09-02 20:54:22,841 - FGO - INFO - 	weight_decay: 0.0005
2023-09-02 20:54:22,841 - FGO - INFO - 	dropout: 0.0
2023-09-02 20:54:22,841 - FGO - INFO - 	max_pretrain_epochs: 100
2023-09-02 20:54:22,841 - FGO - INFO - 	max_ot_epochs: 50
2023-09-02 20:54:22,841 - FGO - INFO - 	lambda: 0.05
2023-09-02 20:54:22,841 - FGO - INFO - 	theta: 50
2023-09-02 20:54:22,841 - FGO - INFO - 	clip: 5
2023-09-02 20:54:22,841 - FGO - INFO - ===== SETUP LOGGING COMPLETE =============================================================
2023-09-02 20:54:22,841 - FGO - INFO - ===== Configuring Masks ==================================================================
2023-09-02 20:54:22,841 - FGO - INFO - Source Total: 708
2023-09-02 20:54:22,841 - FGO - INFO - Target Total: 96
2023-09-02 20:54:22,841 - FGO - INFO - Train Total: 708
2023-09-02 20:54:22,841 - FGO - INFO - Val Total:   96
2023-09-02 20:54:22,841 - FGO - INFO - Test Total:  96
2023-09-02 20:54:22,841 - FGO - INFO - ===== Preparing to load data =============================================================
2023-09-02 20:54:22,841 - FGO - INFO - SOURCE: abide_large
2023-09-02 20:54:22,841 - FGO - INFO - ===== Retrieving SOURCE Data =============================================================
2023-09-02 20:54:22,841 - FGO - INFO - *************** In load_graph_data ***************
2023-09-02 20:54:22,841 - FGO - INFO - 	FILEPATH: ./data/abide_large.mat
2023-09-02 20:54:22,842 - FGO - INFO - 	X shape: (804, 93)
2023-09-02 20:54:22,842 - FGO - INFO - 	A shape: (804, 804)
2023-09-02 20:54:22,842 - FGO - INFO - 	P shape: (804,)
2023-09-02 20:54:22,842 - FGO - INFO - 	Y shape: (804, 2)
2023-09-02 20:54:22,842 - FGO - INFO - 	Y sum: 804 (number of postive labels)
2023-09-02 20:54:22,843 - FGO - INFO - ===== Preparing data =====================================================================
2023-09-02 20:54:22,844 - FGO - INFO - ===== Disconnecting Source and Target ====================================================
2023-09-02 20:54:22,960 - FGO - INFO - ===== Finalize Data ======================================================================
2023-09-02 20:54:22,960 - FGO - INFO - A shape: (804, 804)
2023-09-02 20:54:22,960 - FGO - INFO - X shape: (804, 93)
2023-09-02 20:54:22,960 - FGO - INFO - Y shape: (804, 2)
2023-09-02 20:54:22,960 - FGO - INFO - N: 804
2023-09-02 20:54:22,960 - FGO - INFO - N_s: 708
2023-09-02 20:54:22,960 - FGO - INFO - N_t: 96
2023-09-02 20:54:22,964 - FGO - INFO - ===== Pretrain GCN Model =================================================================
2023-09-02 20:54:22,967 - FGO - INFO - Epoch   0 | Train Loss: 0.688 | Val Loss: 0.69 | Val F1: 0.35 |
2023-09-02 20:54:22,992 - FGO - INFO - Epoch  10 | Train Loss: 0.572 | Val Loss: 0.59 | Val F1: 0.62 |
2023-09-02 20:54:23,016 - FGO - INFO - Epoch  20 | Train Loss: 0.245 | Val Loss: 0.25 | Val F1: 0.93 |
2023-09-02 20:54:23,040 - FGO - INFO - Epoch  30 | Train Loss: 0.127 | Val Loss: 0.16 | Val F1: 0.95 |
2023-09-02 20:54:23,065 - FGO - INFO - Epoch  40 | Train Loss: 0.092 | Val Loss: 0.12 | Val F1: 0.95 |
2023-09-02 20:54:23,089 - FGO - INFO - Epoch  50 | Train Loss: 0.083 | Val Loss: 0.18 | Val F1: 0.96 |
2023-09-02 20:54:23,113 - FGO - INFO - Epoch  60 | Train Loss: 0.072 | Val Loss: 0.17 | Val F1: 0.96 |
2023-09-02 20:54:23,138 - FGO - INFO - Epoch  70 | Train Loss: 0.067 | Val Loss: 0.17 | Val F1: 0.96 |
2023-09-02 20:54:23,162 - FGO - INFO - Epoch  80 | Train Loss: 0.068 | Val Loss: 0.12 | Val F1: 0.97 |
2023-09-02 20:54:23,186 - FGO - INFO - Epoch  90 | Train Loss: 0.060 | Val Loss: 0.13 | Val F1: 0.97 |
2023-09-02 20:54:23,210 - FGO - INFO - Epoch 100 | Train Loss: 0.058 | Val Loss: 0.16 | Val F1: 0.95 |
2023-09-02 20:54:23,210 - FGO - INFO - Best Epoch:  39 | Train Loss: 0.095 | Val Loss: 0.10 | Val F1: 0.98 
2023-09-02 20:54:23,210 - FGO - INFO - Setting model to best state.
2023-09-02 20:54:23,212 - FGO - INFO - ===== Train Fair OT GCN Model ============================================================
2023-09-02 20:54:23,276 - FGO - INFO - Epoch   0 | Train Loss: -21.701 | Val Loss: -2.92 | Val F1: 0.97 |
2023-09-02 20:54:24,041 - FGO - INFO - Epoch  10 | Train Loss: -22.823 | Val Loss: -3.07 | Val F1: 0.95 |
2023-09-02 20:54:24,760 - FGO - INFO - Epoch  20 | Train Loss: -23.496 | Val Loss: -2.78 | Val F1: 0.65 |
2023-09-02 20:54:25,595 - FGO - INFO - Epoch  30 | Train Loss: -23.707 | Val Loss: -2.73 | Val F1: 0.35 |
2023-09-02 20:54:26,325 - FGO - INFO - Epoch  40 | Train Loss: -23.708 | Val Loss: -2.73 | Val F1: 0.35 |
2023-09-02 20:54:26,983 - FGO - INFO - Best Epoch:   9 | Train Loss: -22.754 | Val Loss: -3.06 | Val F1: 0.95 |
2023-09-02 20:54:26,983 - FGO - INFO - Setting model to best state.
2023-09-02 20:54:26,987 - FGO - INFO - ===== Test Fair OT GCN Model =============================================================
2023-09-02 20:54:27,010 - FGO - INFO - Train CM:
[[382   0]
 [326   0]]
2023-09-02 20:54:27,011 - FGO - INFO - Val CM:
[[52  0]
 [44  0]]
2023-09-02 20:54:27,011 - FGO - INFO - Test CM:
[[52  0]
 [44  0]]
2023-09-02 20:54:27,016 - FGO - INFO - test statistical parity: 0.0
2023-09-02 20:54:27,018 - FGO - INFO - test equal opportunity: 0.0
2023-09-02 20:54:27,019 - FGO - INFO - test micro f1: 0.5416666666666666
2023-09-02 20:54:27,019 - FGO - INFO - test macro f1: 0.35135135135135137
