2023-09-02 20:45:36,987 - FGO - INFO - ===== SETUP LOGGING ======================================================================
2023-09-02 20:45:36,987 - FGO - INFO - THIS_FILE: Wrapper.py
2023-09-02 20:45:36,987 - FGO - INFO - 	done: False
2023-09-02 20:45:36,987 - FGO - INFO - 	learning_rate: 0.001
2023-09-02 20:45:36,987 - FGO - INFO - 	h1: 64
2023-09-02 20:45:36,987 - FGO - INFO - 	h2: 32
2023-09-02 20:45:36,987 - FGO - INFO - 	weight_decay: 0.0005
2023-09-02 20:45:36,987 - FGO - INFO - 	dropout: 0.0
2023-09-02 20:45:36,987 - FGO - INFO - 	max_pretrain_epochs: 100
2023-09-02 20:45:36,987 - FGO - INFO - 	max_ot_epochs: 50
2023-09-02 20:45:36,987 - FGO - INFO - 	lambda: 0.03
2023-09-02 20:45:36,987 - FGO - INFO - 	theta: 50
2023-09-02 20:45:36,987 - FGO - INFO - 	clip: 5
2023-09-02 20:45:36,987 - FGO - INFO - ===== SETUP LOGGING COMPLETE =============================================================
2023-09-02 20:45:36,987 - FGO - INFO - ===== Configuring Masks ==================================================================
2023-09-02 20:45:36,987 - FGO - INFO - Source Total: 721
2023-09-02 20:45:36,987 - FGO - INFO - Target Total: 83
2023-09-02 20:45:36,987 - FGO - INFO - Train Total: 721
2023-09-02 20:45:36,987 - FGO - INFO - Val Total:   83
2023-09-02 20:45:36,987 - FGO - INFO - Test Total:  83
2023-09-02 20:45:36,987 - FGO - INFO - ===== Preparing to load data =============================================================
2023-09-02 20:45:36,987 - FGO - INFO - SOURCE: abide_large
2023-09-02 20:45:36,987 - FGO - INFO - ===== Retrieving SOURCE Data =============================================================
2023-09-02 20:45:36,987 - FGO - INFO - *************** In load_graph_data ***************
2023-09-02 20:45:36,987 - FGO - INFO - 	FILEPATH: ./data/abide_large.mat
2023-09-02 20:45:36,988 - FGO - INFO - 	X shape: (804, 93)
2023-09-02 20:45:36,988 - FGO - INFO - 	A shape: (804, 804)
2023-09-02 20:45:36,988 - FGO - INFO - 	P shape: (804,)
2023-09-02 20:45:36,988 - FGO - INFO - 	Y shape: (804, 2)
2023-09-02 20:45:36,988 - FGO - INFO - 	Y sum: 804 (number of postive labels)
2023-09-02 20:45:36,989 - FGO - INFO - ===== Preparing data =====================================================================
2023-09-02 20:45:36,990 - FGO - INFO - ===== Disconnecting Source and Target ====================================================
2023-09-02 20:45:37,093 - FGO - INFO - ===== Finalize Data ======================================================================
2023-09-02 20:45:37,093 - FGO - INFO - A shape: (804, 804)
2023-09-02 20:45:37,093 - FGO - INFO - X shape: (804, 93)
2023-09-02 20:45:37,093 - FGO - INFO - Y shape: (804, 2)
2023-09-02 20:45:37,093 - FGO - INFO - N: 804
2023-09-02 20:45:37,093 - FGO - INFO - N_s: 721
2023-09-02 20:45:37,093 - FGO - INFO - N_t: 83
2023-09-02 20:45:37,097 - FGO - INFO - ===== Pretrain GCN Model =================================================================
2023-09-02 20:45:37,101 - FGO - INFO - Epoch   0 | Train Loss: 0.690 | Val Loss: 0.68 | Val F1: 0.38 |
2023-09-02 20:45:37,129 - FGO - INFO - Epoch  10 | Train Loss: 0.675 | Val Loss: 0.67 | Val F1: 0.57 |
2023-09-02 20:45:37,157 - FGO - INFO - Epoch  20 | Train Loss: 0.649 | Val Loss: 0.64 | Val F1: 0.66 |
2023-09-02 20:45:37,185 - FGO - INFO - Epoch  30 | Train Loss: 0.594 | Val Loss: 0.60 | Val F1: 0.76 |
2023-09-02 20:45:37,213 - FGO - INFO - Epoch  40 | Train Loss: 0.506 | Val Loss: 0.52 | Val F1: 0.83 |
2023-09-02 20:45:37,241 - FGO - INFO - Epoch  50 | Train Loss: 0.398 | Val Loss: 0.43 | Val F1: 0.84 |
2023-09-02 20:45:37,269 - FGO - INFO - Epoch  60 | Train Loss: 0.295 | Val Loss: 0.34 | Val F1: 0.85 |
2023-09-02 20:45:37,297 - FGO - INFO - Epoch  70 | Train Loss: 0.219 | Val Loss: 0.27 | Val F1: 0.90 |
2023-09-02 20:45:37,324 - FGO - INFO - Epoch  80 | Train Loss: 0.171 | Val Loss: 0.25 | Val F1: 0.91 |
2023-09-02 20:45:37,351 - FGO - INFO - Epoch  90 | Train Loss: 0.140 | Val Loss: 0.24 | Val F1: 0.90 |
2023-09-02 20:45:37,376 - FGO - INFO - Epoch 100 | Train Loss: 0.119 | Val Loss: 0.25 | Val F1: 0.87 |
2023-09-02 20:45:37,376 - FGO - INFO - Best Epoch:  80 | Train Loss: 0.171 | Val Loss: 0.25 | Val F1: 0.91 
2023-09-02 20:45:37,376 - FGO - INFO - Setting model to best state.
2023-09-02 20:45:37,377 - FGO - INFO - ===== Train Fair OT GCN Model ============================================================
2023-09-02 20:45:37,449 - FGO - INFO - Epoch   0 | Train Loss: -12.868 | Val Loss: -1.17 | Val F1: 0.87 |
2023-09-02 20:45:38,255 - FGO - INFO - Epoch  10 | Train Loss: -13.314 | Val Loss: -1.21 | Val F1: 0.90 |
2023-09-02 20:45:39,016 - FGO - INFO - Epoch  20 | Train Loss: -13.637 | Val Loss: -1.24 | Val F1: 0.87 |
2023-09-02 20:45:39,774 - FGO - INFO - Epoch  30 | Train Loss: -13.780 | Val Loss: -1.23 | Val F1: 0.86 |
2023-09-02 20:45:40,546 - FGO - INFO - Epoch  40 | Train Loss: -13.842 | Val Loss: -1.22 | Val F1: 0.87 |
2023-09-02 20:45:41,289 - FGO - INFO - Best Epoch:   9 | Train Loss: -13.273 | Val Loss: -1.21 | Val F1: 0.90 |
2023-09-02 20:45:41,290 - FGO - INFO - Setting model to best state.
2023-09-02 20:45:41,293 - FGO - INFO - ===== Test Fair OT GCN Model =============================================================
2023-09-02 20:45:41,317 - FGO - INFO - Train CM:
[[384   0]
 [116 221]]
2023-09-02 20:45:41,318 - FGO - INFO - Val CM:
[[47  3]
 [ 6 27]]
2023-09-02 20:45:41,318 - FGO - INFO - Test CM:
[[47  3]
 [ 6 27]]
2023-09-02 20:45:41,323 - FGO - INFO - test statistical parity: 0.06455399061032868
2023-09-02 20:45:41,325 - FGO - INFO - test equal opportunity: 0.18518518518518523
2023-09-02 20:45:41,326 - FGO - INFO - test micro f1: 0.891566265060241
2023-09-02 20:45:41,326 - FGO - INFO - test macro f1: 0.8848821081830791
