2023-09-02 20:47:47,393 - FGO - INFO - ===== SETUP LOGGING ======================================================================
2023-09-02 20:47:47,393 - FGO - INFO - THIS_FILE: Wrapper.py
2023-09-02 20:47:47,393 - FGO - INFO - 	done: False
2023-09-02 20:47:47,393 - FGO - INFO - 	learning_rate: 0.001
2023-09-02 20:47:47,393 - FGO - INFO - 	h1: 64
2023-09-02 20:47:47,393 - FGO - INFO - 	h2: 32
2023-09-02 20:47:47,393 - FGO - INFO - 	weight_decay: 0.0005
2023-09-02 20:47:47,393 - FGO - INFO - 	dropout: 0.0
2023-09-02 20:47:47,393 - FGO - INFO - 	max_pretrain_epochs: 100
2023-09-02 20:47:47,393 - FGO - INFO - 	max_ot_epochs: 50
2023-09-02 20:47:47,393 - FGO - INFO - 	lambda: 0.05
2023-09-02 20:47:47,393 - FGO - INFO - 	theta: 50
2023-09-02 20:47:47,393 - FGO - INFO - 	clip: 5
2023-09-02 20:47:47,393 - FGO - INFO - ===== SETUP LOGGING COMPLETE =============================================================
2023-09-02 20:47:47,393 - FGO - INFO - ===== Configuring Masks ==================================================================
2023-09-02 20:47:47,393 - FGO - INFO - Source Total: 721
2023-09-02 20:47:47,393 - FGO - INFO - Target Total: 83
2023-09-02 20:47:47,393 - FGO - INFO - Train Total: 721
2023-09-02 20:47:47,393 - FGO - INFO - Val Total:   83
2023-09-02 20:47:47,393 - FGO - INFO - Test Total:  83
2023-09-02 20:47:47,393 - FGO - INFO - ===== Preparing to load data =============================================================
2023-09-02 20:47:47,393 - FGO - INFO - SOURCE: abide_large
2023-09-02 20:47:47,393 - FGO - INFO - ===== Retrieving SOURCE Data =============================================================
2023-09-02 20:47:47,393 - FGO - INFO - *************** In load_graph_data ***************
2023-09-02 20:47:47,393 - FGO - INFO - 	FILEPATH: ./data/abide_large.mat
2023-09-02 20:47:47,394 - FGO - INFO - 	X shape: (804, 93)
2023-09-02 20:47:47,394 - FGO - INFO - 	A shape: (804, 804)
2023-09-02 20:47:47,394 - FGO - INFO - 	P shape: (804,)
2023-09-02 20:47:47,394 - FGO - INFO - 	Y shape: (804, 2)
2023-09-02 20:47:47,394 - FGO - INFO - 	Y sum: 804 (number of postive labels)
2023-09-02 20:47:47,395 - FGO - INFO - ===== Preparing data =====================================================================
2023-09-02 20:47:47,396 - FGO - INFO - ===== Disconnecting Source and Target ====================================================
2023-09-02 20:47:47,498 - FGO - INFO - ===== Finalize Data ======================================================================
2023-09-02 20:47:47,498 - FGO - INFO - A shape: (804, 804)
2023-09-02 20:47:47,498 - FGO - INFO - X shape: (804, 93)
2023-09-02 20:47:47,498 - FGO - INFO - Y shape: (804, 2)
2023-09-02 20:47:47,498 - FGO - INFO - N: 804
2023-09-02 20:47:47,498 - FGO - INFO - N_s: 721
2023-09-02 20:47:47,498 - FGO - INFO - N_t: 83
2023-09-02 20:47:47,502 - FGO - INFO - ===== Pretrain GCN Model =================================================================
2023-09-02 20:47:47,505 - FGO - INFO - Epoch   0 | Train Loss: 0.690 | Val Loss: 0.68 | Val F1: 0.38 |
2023-09-02 20:47:47,530 - FGO - INFO - Epoch  10 | Train Loss: 0.675 | Val Loss: 0.67 | Val F1: 0.57 |
2023-09-02 20:47:47,554 - FGO - INFO - Epoch  20 | Train Loss: 0.649 | Val Loss: 0.64 | Val F1: 0.66 |
2023-09-02 20:47:47,579 - FGO - INFO - Epoch  30 | Train Loss: 0.594 | Val Loss: 0.60 | Val F1: 0.76 |
2023-09-02 20:47:47,603 - FGO - INFO - Epoch  40 | Train Loss: 0.506 | Val Loss: 0.52 | Val F1: 0.83 |
2023-09-02 20:47:47,628 - FGO - INFO - Epoch  50 | Train Loss: 0.398 | Val Loss: 0.43 | Val F1: 0.84 |
2023-09-02 20:47:47,652 - FGO - INFO - Epoch  60 | Train Loss: 0.295 | Val Loss: 0.34 | Val F1: 0.85 |
2023-09-02 20:47:47,677 - FGO - INFO - Epoch  70 | Train Loss: 0.219 | Val Loss: 0.27 | Val F1: 0.90 |
2023-09-02 20:47:47,701 - FGO - INFO - Epoch  80 | Train Loss: 0.171 | Val Loss: 0.25 | Val F1: 0.91 |
2023-09-02 20:47:47,725 - FGO - INFO - Epoch  90 | Train Loss: 0.140 | Val Loss: 0.24 | Val F1: 0.90 |
2023-09-02 20:47:47,750 - FGO - INFO - Epoch 100 | Train Loss: 0.119 | Val Loss: 0.25 | Val F1: 0.87 |
2023-09-02 20:47:47,750 - FGO - INFO - Best Epoch:  80 | Train Loss: 0.171 | Val Loss: 0.25 | Val F1: 0.91 
2023-09-02 20:47:47,750 - FGO - INFO - Setting model to best state.
2023-09-02 20:47:47,751 - FGO - INFO - ===== Train Fair OT GCN Model ============================================================
2023-09-02 20:47:47,816 - FGO - INFO - Epoch   0 | Train Loss: -22.621 | Val Loss: -2.22 | Val F1: 0.87 |
2023-09-02 20:47:48,628 - FGO - INFO - Epoch  10 | Train Loss: -23.096 | Val Loss: -2.27 | Val F1: 0.87 |
2023-09-02 20:47:49,357 - FGO - INFO - Epoch  20 | Train Loss: -23.447 | Val Loss: -2.29 | Val F1: 0.88 |
2023-09-02 20:47:50,082 - FGO - INFO - Epoch  30 | Train Loss: -23.643 | Val Loss: -2.27 | Val F1: 0.84 |
2023-09-02 20:47:50,802 - FGO - INFO - Epoch  40 | Train Loss: -23.881 | Val Loss: -2.09 | Val F1: 0.88 |
2023-09-02 20:47:51,493 - FGO - INFO - Best Epoch:   8 | Train Loss: -23.009 | Val Loss: -2.27 | Val F1: 0.89 |
2023-09-02 20:47:51,493 - FGO - INFO - Setting model to best state.
2023-09-02 20:47:51,497 - FGO - INFO - ===== Test Fair OT GCN Model =============================================================
2023-09-02 20:47:51,521 - FGO - INFO - Train CM:
[[  0 384]
 [  0 337]]
2023-09-02 20:47:51,522 - FGO - INFO - Val CM:
[[50  0]
 [30  3]]
2023-09-02 20:47:51,522 - FGO - INFO - Test CM:
[[50  0]
 [30  3]]
2023-09-02 20:47:51,527 - FGO - INFO - test statistical parity: 0.04225352112676056
2023-09-02 20:47:51,529 - FGO - INFO - test equal opportunity: 0.1111111111111111
2023-09-02 20:47:51,530 - FGO - INFO - test micro f1: 0.6385542168674698
2023-09-02 20:47:51,530 - FGO - INFO - test macro f1: 0.46794871794871795
