2023-09-02 20:53:43,827 - FGO - INFO - ===== SETUP LOGGING ======================================================================
2023-09-02 20:53:43,827 - FGO - INFO - THIS_FILE: Wrapper.py
2023-09-02 20:53:43,827 - FGO - INFO - 	done: False
2023-09-02 20:53:43,827 - FGO - INFO - 	learning_rate: 0.005
2023-09-02 20:53:43,827 - FGO - INFO - 	h1: 64
2023-09-02 20:53:43,827 - FGO - INFO - 	h2: 32
2023-09-02 20:53:43,827 - FGO - INFO - 	weight_decay: 0.0005
2023-09-02 20:53:43,827 - FGO - INFO - 	dropout: 0.0
2023-09-02 20:53:43,827 - FGO - INFO - 	max_pretrain_epochs: 100
2023-09-02 20:53:43,827 - FGO - INFO - 	max_ot_epochs: 50
2023-09-02 20:53:43,827 - FGO - INFO - 	lambda: 0.05
2023-09-02 20:53:43,827 - FGO - INFO - 	theta: 30
2023-09-02 20:53:43,827 - FGO - INFO - 	clip: 5
2023-09-02 20:53:43,827 - FGO - INFO - ===== SETUP LOGGING COMPLETE =============================================================
2023-09-02 20:53:43,827 - FGO - INFO - ===== Configuring Masks ==================================================================
2023-09-02 20:53:43,827 - FGO - INFO - Source Total: 727
2023-09-02 20:53:43,827 - FGO - INFO - Target Total: 77
2023-09-02 20:53:43,827 - FGO - INFO - Train Total: 727
2023-09-02 20:53:43,827 - FGO - INFO - Val Total:   77
2023-09-02 20:53:43,827 - FGO - INFO - Test Total:  77
2023-09-02 20:53:43,827 - FGO - INFO - ===== Preparing to load data =============================================================
2023-09-02 20:53:43,827 - FGO - INFO - SOURCE: abide_large
2023-09-02 20:53:43,827 - FGO - INFO - ===== Retrieving SOURCE Data =============================================================
2023-09-02 20:53:43,827 - FGO - INFO - *************** In load_graph_data ***************
2023-09-02 20:53:43,827 - FGO - INFO - 	FILEPATH: ./data/abide_large.mat
2023-09-02 20:53:43,828 - FGO - INFO - 	X shape: (804, 93)
2023-09-02 20:53:43,828 - FGO - INFO - 	A shape: (804, 804)
2023-09-02 20:53:43,828 - FGO - INFO - 	P shape: (804,)
2023-09-02 20:53:43,828 - FGO - INFO - 	Y shape: (804, 2)
2023-09-02 20:53:43,828 - FGO - INFO - 	Y sum: 804 (number of postive labels)
2023-09-02 20:53:43,829 - FGO - INFO - ===== Preparing data =====================================================================
2023-09-02 20:53:43,830 - FGO - INFO - ===== Disconnecting Source and Target ====================================================
2023-09-02 20:53:43,926 - FGO - INFO - ===== Finalize Data ======================================================================
2023-09-02 20:53:43,926 - FGO - INFO - A shape: (804, 804)
2023-09-02 20:53:43,926 - FGO - INFO - X shape: (804, 93)
2023-09-02 20:53:43,926 - FGO - INFO - Y shape: (804, 2)
2023-09-02 20:53:43,926 - FGO - INFO - N: 804
2023-09-02 20:53:43,926 - FGO - INFO - N_s: 727
2023-09-02 20:53:43,926 - FGO - INFO - N_t: 77
2023-09-02 20:53:43,930 - FGO - INFO - ===== Pretrain GCN Model =================================================================
2023-09-02 20:53:43,933 - FGO - INFO - Epoch   0 | Train Loss: 0.689 | Val Loss: 0.68 | Val F1: 0.36 |
2023-09-02 20:53:43,958 - FGO - INFO - Epoch  10 | Train Loss: 0.577 | Val Loss: 0.61 | Val F1: 0.66 |
2023-09-02 20:53:43,983 - FGO - INFO - Epoch  20 | Train Loss: 0.255 | Val Loss: 0.38 | Val F1: 0.83 |
2023-09-02 20:53:44,008 - FGO - INFO - Epoch  30 | Train Loss: 0.122 | Val Loss: 0.24 | Val F1: 0.88 |
2023-09-02 20:53:44,032 - FGO - INFO - Epoch  40 | Train Loss: 0.089 | Val Loss: 0.20 | Val F1: 0.89 |
2023-09-02 20:53:44,057 - FGO - INFO - Epoch  50 | Train Loss: 0.077 | Val Loss: 0.21 | Val F1: 0.87 |
2023-09-02 20:53:44,081 - FGO - INFO - Epoch  60 | Train Loss: 0.068 | Val Loss: 0.18 | Val F1: 0.89 |
2023-09-02 20:53:44,106 - FGO - INFO - Epoch  70 | Train Loss: 0.063 | Val Loss: 0.19 | Val F1: 0.90 |
2023-09-02 20:53:44,131 - FGO - INFO - Epoch  80 | Train Loss: 0.060 | Val Loss: 0.19 | Val F1: 0.92 |
2023-09-02 20:53:44,155 - FGO - INFO - Epoch  90 | Train Loss: 0.057 | Val Loss: 0.21 | Val F1: 0.90 |
2023-09-02 20:53:44,180 - FGO - INFO - Epoch 100 | Train Loss: 0.055 | Val Loss: 0.19 | Val F1: 0.92 |
2023-09-02 20:53:44,180 - FGO - INFO - Best Epoch:  36 | Train Loss: 0.097 | Val Loss: 0.18 | Val F1: 0.93 
2023-09-02 20:53:44,180 - FGO - INFO - Setting model to best state.
2023-09-02 20:53:44,181 - FGO - INFO - ===== Train Fair OT GCN Model ============================================================
2023-09-02 20:53:44,247 - FGO - INFO - Epoch   0 | Train Loss: -13.054 | Val Loss: -1.09 | Val F1: 0.89 |
2023-09-02 20:53:45,166 - FGO - INFO - Epoch  10 | Train Loss: -13.572 | Val Loss: -0.98 | Val F1: 0.87 |
2023-09-02 20:53:46,006 - FGO - INFO - Epoch  20 | Train Loss: -13.891 | Val Loss: -1.18 | Val F1: 0.92 |
2023-09-02 20:53:46,796 - FGO - INFO - Epoch  30 | Train Loss: -14.016 | Val Loss: -1.12 | Val F1: 0.88 |
2023-09-02 20:53:47,533 - FGO - INFO - Epoch  40 | Train Loss: -14.080 | Val Loss: -1.04 | Val F1: 0.89 |
2023-09-02 20:53:48,212 - FGO - INFO - Best Epoch:  20 | Train Loss: -13.891 | Val Loss: -1.18 | Val F1: 0.92 |
2023-09-02 20:53:48,212 - FGO - INFO - Setting model to best state.
2023-09-02 20:53:48,216 - FGO - INFO - ===== Test Fair OT GCN Model =============================================================
2023-09-02 20:53:48,241 - FGO - INFO - Train CM:
[[371  19]
 [  8 329]]
2023-09-02 20:53:48,242 - FGO - INFO - Val CM:
[[40  4]
 [ 4 29]]
2023-09-02 20:53:48,242 - FGO - INFO - Test CM:
[[40  4]
 [ 4 29]]
2023-09-02 20:53:48,247 - FGO - INFO - test statistical parity: 0.31025641025641026
2023-09-02 20:53:48,248 - FGO - INFO - test equal opportunity: 0.4032258064516129
2023-09-02 20:53:48,249 - FGO - INFO - test micro f1: 0.8961038961038962
2023-09-02 20:53:48,250 - FGO - INFO - test macro f1: 0.8939393939393939
