2023-09-02 20:56:34,950 - FGO - INFO - ===== SETUP LOGGING ======================================================================
2023-09-02 20:56:34,950 - FGO - INFO - THIS_FILE: Wrapper.py
2023-09-02 20:56:34,950 - FGO - INFO - 	done: False
2023-09-02 20:56:34,950 - FGO - INFO - 	learning_rate: 0.01
2023-09-02 20:56:34,950 - FGO - INFO - 	h1: 64
2023-09-02 20:56:34,950 - FGO - INFO - 	h2: 32
2023-09-02 20:56:34,950 - FGO - INFO - 	weight_decay: 0.0005
2023-09-02 20:56:34,950 - FGO - INFO - 	dropout: 0.0
2023-09-02 20:56:34,950 - FGO - INFO - 	max_pretrain_epochs: 100
2023-09-02 20:56:34,950 - FGO - INFO - 	max_ot_epochs: 50
2023-09-02 20:56:34,950 - FGO - INFO - 	lambda: 0.01
2023-09-02 20:56:34,950 - FGO - INFO - 	theta: 30
2023-09-02 20:56:34,950 - FGO - INFO - 	clip: 5
2023-09-02 20:56:34,950 - FGO - INFO - ===== SETUP LOGGING COMPLETE =============================================================
2023-09-02 20:56:34,950 - FGO - INFO - ===== Configuring Masks ==================================================================
2023-09-02 20:56:34,950 - FGO - INFO - Source Total: 734
2023-09-02 20:56:34,950 - FGO - INFO - Target Total: 70
2023-09-02 20:56:34,950 - FGO - INFO - Train Total: 734
2023-09-02 20:56:34,950 - FGO - INFO - Val Total:   70
2023-09-02 20:56:34,950 - FGO - INFO - Test Total:  70
2023-09-02 20:56:34,950 - FGO - INFO - ===== Preparing to load data =============================================================
2023-09-02 20:56:34,950 - FGO - INFO - SOURCE: abide_large
2023-09-02 20:56:34,950 - FGO - INFO - ===== Retrieving SOURCE Data =============================================================
2023-09-02 20:56:34,950 - FGO - INFO - *************** In load_graph_data ***************
2023-09-02 20:56:34,950 - FGO - INFO - 	FILEPATH: ./data/abide_large.mat
2023-09-02 20:56:34,951 - FGO - INFO - 	X shape: (804, 93)
2023-09-02 20:56:34,951 - FGO - INFO - 	A shape: (804, 804)
2023-09-02 20:56:34,951 - FGO - INFO - 	P shape: (804,)
2023-09-02 20:56:34,951 - FGO - INFO - 	Y shape: (804, 2)
2023-09-02 20:56:34,951 - FGO - INFO - 	Y sum: 804 (number of postive labels)
2023-09-02 20:56:34,952 - FGO - INFO - ===== Preparing data =====================================================================
2023-09-02 20:56:34,953 - FGO - INFO - ===== Disconnecting Source and Target ====================================================
2023-09-02 20:56:35,040 - FGO - INFO - ===== Finalize Data ======================================================================
2023-09-02 20:56:35,040 - FGO - INFO - A shape: (804, 804)
2023-09-02 20:56:35,041 - FGO - INFO - X shape: (804, 93)
2023-09-02 20:56:35,041 - FGO - INFO - Y shape: (804, 2)
2023-09-02 20:56:35,041 - FGO - INFO - N: 804
2023-09-02 20:56:35,041 - FGO - INFO - N_s: 734
2023-09-02 20:56:35,041 - FGO - INFO - N_t: 70
2023-09-02 20:56:35,044 - FGO - INFO - ===== Pretrain GCN Model =================================================================
2023-09-02 20:56:35,048 - FGO - INFO - Epoch   0 | Train Loss: 0.688 | Val Loss: 0.70 | Val F1: 0.32 |
2023-09-02 20:56:35,073 - FGO - INFO - Epoch  10 | Train Loss: 0.450 | Val Loss: 0.48 | Val F1: 0.81 |
2023-09-02 20:56:35,098 - FGO - INFO - Epoch  20 | Train Loss: 0.149 | Val Loss: 0.19 | Val F1: 0.90 |
2023-09-02 20:56:35,123 - FGO - INFO - Epoch  30 | Train Loss: 0.104 | Val Loss: 0.15 | Val F1: 0.96 |
2023-09-02 20:56:35,147 - FGO - INFO - Epoch  40 | Train Loss: 0.086 | Val Loss: 0.14 | Val F1: 0.94 |
2023-09-02 20:56:35,172 - FGO - INFO - Epoch  50 | Train Loss: 0.074 | Val Loss: 0.12 | Val F1: 0.96 |
2023-09-02 20:56:35,197 - FGO - INFO - Epoch  60 | Train Loss: 0.067 | Val Loss: 0.11 | Val F1: 0.96 |
2023-09-02 20:56:35,222 - FGO - INFO - Epoch  70 | Train Loss: 0.068 | Val Loss: 0.14 | Val F1: 0.96 |
2023-09-02 20:56:35,247 - FGO - INFO - Epoch  80 | Train Loss: 0.072 | Val Loss: 0.16 | Val F1: 0.94 |
2023-09-02 20:56:35,271 - FGO - INFO - Epoch  90 | Train Loss: 0.061 | Val Loss: 0.14 | Val F1: 0.94 |
2023-09-02 20:56:35,296 - FGO - INFO - Epoch 100 | Train Loss: 0.062 | Val Loss: 0.15 | Val F1: 0.94 |
2023-09-02 20:56:35,296 - FGO - INFO - Best Epoch:  26 | Train Loss: 0.117 | Val Loss: 0.14 | Val F1: 0.96 
2023-09-02 20:56:35,296 - FGO - INFO - Setting model to best state.
2023-09-02 20:56:35,298 - FGO - INFO - ===== Train Fair OT GCN Model ============================================================
2023-09-02 20:56:35,409 - FGO - INFO - Epoch   0 | Train Loss: -1.861 | Val Loss: -0.03 | Val F1: 0.93 |
2023-09-02 20:56:36,433 - FGO - INFO - Epoch  10 | Train Loss: -2.310 | Val Loss: 0.07 | Val F1: 0.90 |
2023-09-02 20:56:37,238 - FGO - INFO - Epoch  20 | Train Loss: -2.448 | Val Loss: -0.00 | Val F1: 0.93 |
2023-09-02 20:56:38,001 - FGO - INFO - Epoch  30 | Train Loss: -2.561 | Val Loss: -0.04 | Val F1: 0.96 |
2023-09-02 20:56:38,765 - FGO - INFO - Epoch  40 | Train Loss: -2.615 | Val Loss: -0.07 | Val F1: 0.96 |
2023-09-02 20:56:39,521 - FGO - INFO - Best Epoch:  26 | Train Loss: -2.524 | Val Loss: -0.05 | Val F1: 0.96 |
2023-09-02 20:56:39,521 - FGO - INFO - Setting model to best state.
2023-09-02 20:56:39,525 - FGO - INFO - ===== Test Fair OT GCN Model =============================================================
2023-09-02 20:56:39,551 - FGO - INFO - Train CM:
[[391   9]
 [ 12 322]]
2023-09-02 20:56:39,552 - FGO - INFO - Val CM:
[[34  0]
 [ 3 33]]
2023-09-02 20:56:39,552 - FGO - INFO - Test CM:
[[34  0]
 [ 3 33]]
2023-09-02 20:56:39,557 - FGO - INFO - test statistical parity: 0.10661268556005393
2023-09-02 20:56:39,558 - FGO - INFO - test equal opportunity: 0.09999999999999998
2023-09-02 20:56:39,559 - FGO - INFO - test micro f1: 0.9571428571428572
2023-09-02 20:56:39,559 - FGO - INFO - test macro f1: 0.9571341090018372
