2023-09-02 20:52:34,313 - FGO - INFO - ===== SETUP LOGGING ======================================================================
2023-09-02 20:52:34,313 - FGO - INFO - THIS_FILE: Wrapper.py
2023-09-02 20:52:34,313 - FGO - INFO - 	done: False
2023-09-02 20:52:34,313 - FGO - INFO - 	learning_rate: 0.005
2023-09-02 20:52:34,313 - FGO - INFO - 	h1: 64
2023-09-02 20:52:34,313 - FGO - INFO - 	h2: 32
2023-09-02 20:52:34,313 - FGO - INFO - 	weight_decay: 0.0005
2023-09-02 20:52:34,313 - FGO - INFO - 	dropout: 0.0
2023-09-02 20:52:34,313 - FGO - INFO - 	max_pretrain_epochs: 100
2023-09-02 20:52:34,313 - FGO - INFO - 	max_ot_epochs: 50
2023-09-02 20:52:34,313 - FGO - INFO - 	lambda: 0.03
2023-09-02 20:52:34,313 - FGO - INFO - 	theta: 50
2023-09-02 20:52:34,313 - FGO - INFO - 	clip: 5
2023-09-02 20:52:34,313 - FGO - INFO - ===== SETUP LOGGING COMPLETE =============================================================
2023-09-02 20:52:34,313 - FGO - INFO - ===== Configuring Masks ==================================================================
2023-09-02 20:52:34,313 - FGO - INFO - Source Total: 726
2023-09-02 20:52:34,313 - FGO - INFO - Target Total: 78
2023-09-02 20:52:34,313 - FGO - INFO - Train Total: 726
2023-09-02 20:52:34,313 - FGO - INFO - Val Total:   78
2023-09-02 20:52:34,313 - FGO - INFO - Test Total:  78
2023-09-02 20:52:34,313 - FGO - INFO - ===== Preparing to load data =============================================================
2023-09-02 20:52:34,313 - FGO - INFO - SOURCE: abide_large
2023-09-02 20:52:34,313 - FGO - INFO - ===== Retrieving SOURCE Data =============================================================
2023-09-02 20:52:34,313 - FGO - INFO - *************** In load_graph_data ***************
2023-09-02 20:52:34,313 - FGO - INFO - 	FILEPATH: ./data/abide_large.mat
2023-09-02 20:52:34,314 - FGO - INFO - 	X shape: (804, 93)
2023-09-02 20:52:34,314 - FGO - INFO - 	A shape: (804, 804)
2023-09-02 20:52:34,314 - FGO - INFO - 	P shape: (804,)
2023-09-02 20:52:34,314 - FGO - INFO - 	Y shape: (804, 2)
2023-09-02 20:52:34,314 - FGO - INFO - 	Y sum: 804 (number of postive labels)
2023-09-02 20:52:34,315 - FGO - INFO - ===== Preparing data =====================================================================
2023-09-02 20:52:34,316 - FGO - INFO - ===== Disconnecting Source and Target ====================================================
2023-09-02 20:52:34,413 - FGO - INFO - ===== Finalize Data ======================================================================
2023-09-02 20:52:34,413 - FGO - INFO - A shape: (804, 804)
2023-09-02 20:52:34,413 - FGO - INFO - X shape: (804, 93)
2023-09-02 20:52:34,413 - FGO - INFO - Y shape: (804, 2)
2023-09-02 20:52:34,413 - FGO - INFO - N: 804
2023-09-02 20:52:34,413 - FGO - INFO - N_s: 726
2023-09-02 20:52:34,413 - FGO - INFO - N_t: 78
2023-09-02 20:52:34,417 - FGO - INFO - ===== Pretrain GCN Model =================================================================
2023-09-02 20:52:34,420 - FGO - INFO - Epoch   0 | Train Loss: 0.684 | Val Loss: 0.73 | Val F1: 0.32 |
2023-09-02 20:52:34,463 - FGO - INFO - Epoch  10 | Train Loss: 0.582 | Val Loss: 0.61 | Val F1: 0.72 |
2023-09-02 20:52:34,493 - FGO - INFO - Epoch  20 | Train Loss: 0.268 | Val Loss: 0.31 | Val F1: 0.87 |
2023-09-02 20:52:34,518 - FGO - INFO - Epoch  30 | Train Loss: 0.130 | Val Loss: 0.25 | Val F1: 0.92 |
2023-09-02 20:52:34,543 - FGO - INFO - Epoch  40 | Train Loss: 0.100 | Val Loss: 0.22 | Val F1: 0.92 |
2023-09-02 20:52:34,567 - FGO - INFO - Epoch  50 | Train Loss: 0.087 | Val Loss: 0.12 | Val F1: 0.95 |
2023-09-02 20:52:34,591 - FGO - INFO - Epoch  60 | Train Loss: 0.078 | Val Loss: 0.11 | Val F1: 0.95 |
2023-09-02 20:52:34,616 - FGO - INFO - Epoch  70 | Train Loss: 0.072 | Val Loss: 0.10 | Val F1: 0.95 |
2023-09-02 20:52:34,640 - FGO - INFO - Epoch  80 | Train Loss: 0.068 | Val Loss: 0.07 | Val F1: 0.96 |
2023-09-02 20:52:34,665 - FGO - INFO - Epoch  90 | Train Loss: 0.066 | Val Loss: 0.07 | Val F1: 0.96 |
2023-09-02 20:52:34,689 - FGO - INFO - Epoch 100 | Train Loss: 0.063 | Val Loss: 0.07 | Val F1: 0.96 |
2023-09-02 20:52:34,689 - FGO - INFO - Best Epoch:  77 | Train Loss: 0.071 | Val Loss: 0.10 | Val F1: 0.96 
2023-09-02 20:52:34,689 - FGO - INFO - Setting model to best state.
2023-09-02 20:52:34,690 - FGO - INFO - ===== Train Fair OT GCN Model ============================================================
2023-09-02 20:52:34,757 - FGO - INFO - Epoch   0 | Train Loss: -12.111 | Val Loss: -1.21 | Val F1: 0.96 |
2023-09-02 20:52:35,573 - FGO - INFO - Epoch  10 | Train Loss: -13.540 | Val Loss: -1.15 | Val F1: 0.88 |
2023-09-02 20:52:36,393 - FGO - INFO - Epoch  20 | Train Loss: -13.931 | Val Loss: -0.97 | Val F1: 0.77 |
2023-09-02 20:52:37,121 - FGO - INFO - Epoch  30 | Train Loss: -14.163 | Val Loss: -0.86 | Val F1: 0.30 |
2023-09-02 20:52:37,872 - FGO - INFO - Epoch  40 | Train Loss: -14.167 | Val Loss: -0.86 | Val F1: 0.30 |
2023-09-02 20:52:38,547 - FGO - INFO - Best Epoch:   6 | Train Loss: -13.143 | Val Loss: -1.25 | Val F1: 0.96 |
2023-09-02 20:52:38,548 - FGO - INFO - Setting model to best state.
2023-09-02 20:52:38,551 - FGO - INFO - ===== Test Fair OT GCN Model =============================================================
2023-09-02 20:52:38,574 - FGO - INFO - Train CM:
[[400   0]
 [326   0]]
2023-09-02 20:52:38,575 - FGO - INFO - Val CM:
[[34  0]
 [44  0]]
2023-09-02 20:52:38,575 - FGO - INFO - Test CM:
[[34  0]
 [44  0]]
2023-09-02 20:52:38,580 - FGO - INFO - test statistical parity: 0.0
2023-09-02 20:52:38,582 - FGO - INFO - test equal opportunity: 0.0
2023-09-02 20:52:38,583 - FGO - INFO - test micro f1: 0.4358974358974359
2023-09-02 20:52:38,583 - FGO - INFO - test macro f1: 0.30357142857142855
