2023-09-02 20:46:42,505 - FGO - INFO - ===== SETUP LOGGING ======================================================================
2023-09-02 20:46:42,505 - FGO - INFO - THIS_FILE: Wrapper.py
2023-09-02 20:46:42,505 - FGO - INFO - 	done: False
2023-09-02 20:46:42,505 - FGO - INFO - 	learning_rate: 0.001
2023-09-02 20:46:42,505 - FGO - INFO - 	h1: 64
2023-09-02 20:46:42,505 - FGO - INFO - 	h2: 32
2023-09-02 20:46:42,505 - FGO - INFO - 	weight_decay: 0.0005
2023-09-02 20:46:42,505 - FGO - INFO - 	dropout: 0.0
2023-09-02 20:46:42,505 - FGO - INFO - 	max_pretrain_epochs: 100
2023-09-02 20:46:42,505 - FGO - INFO - 	max_ot_epochs: 50
2023-09-02 20:46:42,505 - FGO - INFO - 	lambda: 0.05
2023-09-02 20:46:42,505 - FGO - INFO - 	theta: 10
2023-09-02 20:46:42,505 - FGO - INFO - 	clip: 5
2023-09-02 20:46:42,505 - FGO - INFO - ===== SETUP LOGGING COMPLETE =============================================================
2023-09-02 20:46:42,505 - FGO - INFO - ===== Configuring Masks ==================================================================
2023-09-02 20:46:42,505 - FGO - INFO - Source Total: 717
2023-09-02 20:46:42,505 - FGO - INFO - Target Total: 87
2023-09-02 20:46:42,505 - FGO - INFO - Train Total: 717
2023-09-02 20:46:42,505 - FGO - INFO - Val Total:   87
2023-09-02 20:46:42,506 - FGO - INFO - Test Total:  87
2023-09-02 20:46:42,506 - FGO - INFO - ===== Preparing to load data =============================================================
2023-09-02 20:46:42,506 - FGO - INFO - SOURCE: abide_large
2023-09-02 20:46:42,506 - FGO - INFO - ===== Retrieving SOURCE Data =============================================================
2023-09-02 20:46:42,506 - FGO - INFO - *************** In load_graph_data ***************
2023-09-02 20:46:42,506 - FGO - INFO - 	FILEPATH: ./data/abide_large.mat
2023-09-02 20:46:42,506 - FGO - INFO - 	X shape: (804, 93)
2023-09-02 20:46:42,506 - FGO - INFO - 	A shape: (804, 804)
2023-09-02 20:46:42,506 - FGO - INFO - 	P shape: (804,)
2023-09-02 20:46:42,506 - FGO - INFO - 	Y shape: (804, 2)
2023-09-02 20:46:42,506 - FGO - INFO - 	Y sum: 804 (number of postive labels)
2023-09-02 20:46:42,507 - FGO - INFO - ===== Preparing data =====================================================================
2023-09-02 20:46:42,508 - FGO - INFO - ===== Disconnecting Source and Target ====================================================
2023-09-02 20:46:42,614 - FGO - INFO - ===== Finalize Data ======================================================================
2023-09-02 20:46:42,614 - FGO - INFO - A shape: (804, 804)
2023-09-02 20:46:42,614 - FGO - INFO - X shape: (804, 93)
2023-09-02 20:46:42,614 - FGO - INFO - Y shape: (804, 2)
2023-09-02 20:46:42,614 - FGO - INFO - N: 804
2023-09-02 20:46:42,614 - FGO - INFO - N_s: 717
2023-09-02 20:46:42,614 - FGO - INFO - N_t: 87
2023-09-02 20:46:42,618 - FGO - INFO - ===== Pretrain GCN Model =================================================================
2023-09-02 20:46:42,621 - FGO - INFO - Epoch   0 | Train Loss: 0.689 | Val Loss: 0.68 | Val F1: 0.35 |
2023-09-02 20:46:42,645 - FGO - INFO - Epoch  10 | Train Loss: 0.675 | Val Loss: 0.67 | Val F1: 0.40 |
2023-09-02 20:46:42,670 - FGO - INFO - Epoch  20 | Train Loss: 0.650 | Val Loss: 0.64 | Val F1: 0.62 |
2023-09-02 20:46:42,695 - FGO - INFO - Epoch  30 | Train Loss: 0.595 | Val Loss: 0.59 | Val F1: 0.77 |
2023-09-02 20:46:42,719 - FGO - INFO - Epoch  40 | Train Loss: 0.507 | Val Loss: 0.52 | Val F1: 0.88 |
2023-09-02 20:46:42,744 - FGO - INFO - Epoch  50 | Train Loss: 0.398 | Val Loss: 0.41 | Val F1: 0.88 |
2023-09-02 20:46:42,768 - FGO - INFO - Epoch  60 | Train Loss: 0.297 | Val Loss: 0.31 | Val F1: 0.91 |
2023-09-02 20:46:42,793 - FGO - INFO - Epoch  70 | Train Loss: 0.224 | Val Loss: 0.23 | Val F1: 0.94 |
2023-09-02 20:46:42,817 - FGO - INFO - Epoch  80 | Train Loss: 0.180 | Val Loss: 0.18 | Val F1: 0.94 |
2023-09-02 20:46:42,842 - FGO - INFO - Epoch  90 | Train Loss: 0.151 | Val Loss: 0.15 | Val F1: 0.97 |
2023-09-02 20:46:42,866 - FGO - INFO - Epoch 100 | Train Loss: 0.132 | Val Loss: 0.13 | Val F1: 0.97 |
2023-09-02 20:46:42,866 - FGO - INFO - Best Epoch:  90 | Train Loss: 0.151 | Val Loss: 0.15 | Val F1: 0.97 
2023-09-02 20:46:42,866 - FGO - INFO - Setting model to best state.
2023-09-02 20:46:42,868 - FGO - INFO - ===== Train Fair OT GCN Model ============================================================
2023-09-02 20:46:42,935 - FGO - INFO - Epoch   0 | Train Loss: -4.228 | Val Loss: -0.42 | Val F1: 0.97 |
2023-09-02 20:46:43,877 - FGO - INFO - Epoch  10 | Train Loss: -4.302 | Val Loss: -0.37 | Val F1: 0.93 |
2023-09-02 20:46:44,675 - FGO - INFO - Epoch  20 | Train Loss: -4.350 | Val Loss: -0.39 | Val F1: 0.93 |
2023-09-02 20:46:45,506 - FGO - INFO - Epoch  30 | Train Loss: -4.386 | Val Loss: -0.40 | Val F1: 0.94 |
2023-09-02 20:46:46,290 - FGO - INFO - Epoch  40 | Train Loss: -4.414 | Val Loss: -0.41 | Val F1: 0.95 |
2023-09-02 20:46:47,010 - FGO - INFO - Best Epoch:   6 | Train Loss: -4.273 | Val Loss: -0.41 | Val F1: 0.95 |
2023-09-02 20:46:47,010 - FGO - INFO - Setting model to best state.
2023-09-02 20:46:47,013 - FGO - INFO - ===== Test Fair OT GCN Model =============================================================
2023-09-02 20:46:47,037 - FGO - INFO - Train CM:
[[380   7]
 [ 33 297]]
2023-09-02 20:46:47,038 - FGO - INFO - Val CM:
[[47  0]
 [ 4 36]]
2023-09-02 20:46:47,038 - FGO - INFO - Test CM:
[[47  0]
 [ 4 36]]
2023-09-02 20:46:47,043 - FGO - INFO - test statistical parity: 0.39
2023-09-02 20:46:47,045 - FGO - INFO - test equal opportunity: 0.12903225806451613
2023-09-02 20:46:47,046 - FGO - INFO - test micro f1: 0.9540229885057472
2023-09-02 20:46:47,046 - FGO - INFO - test macro f1: 0.9532760472610098
