2023-09-02 20:51:37,585 - FGO - INFO - ===== SETUP LOGGING ======================================================================
2023-09-02 20:51:37,585 - FGO - INFO - THIS_FILE: Wrapper.py
2023-09-02 20:51:37,585 - FGO - INFO - 	done: False
2023-09-02 20:51:37,585 - FGO - INFO - 	learning_rate: 0.005
2023-09-02 20:51:37,585 - FGO - INFO - 	h1: 64
2023-09-02 20:51:37,585 - FGO - INFO - 	h2: 32
2023-09-02 20:51:37,585 - FGO - INFO - 	weight_decay: 0.0005
2023-09-02 20:51:37,585 - FGO - INFO - 	dropout: 0.0
2023-09-02 20:51:37,585 - FGO - INFO - 	max_pretrain_epochs: 100
2023-09-02 20:51:37,585 - FGO - INFO - 	max_ot_epochs: 50
2023-09-02 20:51:37,585 - FGO - INFO - 	lambda: 0.03
2023-09-02 20:51:37,585 - FGO - INFO - 	theta: 30
2023-09-02 20:51:37,585 - FGO - INFO - 	clip: 5
2023-09-02 20:51:37,585 - FGO - INFO - ===== SETUP LOGGING COMPLETE =============================================================
2023-09-02 20:51:37,585 - FGO - INFO - ===== Configuring Masks ==================================================================
2023-09-02 20:51:37,585 - FGO - INFO - Source Total: 721
2023-09-02 20:51:37,585 - FGO - INFO - Target Total: 83
2023-09-02 20:51:37,585 - FGO - INFO - Train Total: 721
2023-09-02 20:51:37,585 - FGO - INFO - Val Total:   83
2023-09-02 20:51:37,585 - FGO - INFO - Test Total:  83
2023-09-02 20:51:37,585 - FGO - INFO - ===== Preparing to load data =============================================================
2023-09-02 20:51:37,585 - FGO - INFO - SOURCE: abide_large
2023-09-02 20:51:37,585 - FGO - INFO - ===== Retrieving SOURCE Data =============================================================
2023-09-02 20:51:37,585 - FGO - INFO - *************** In load_graph_data ***************
2023-09-02 20:51:37,585 - FGO - INFO - 	FILEPATH: ./data/abide_large.mat
2023-09-02 20:51:37,586 - FGO - INFO - 	X shape: (804, 93)
2023-09-02 20:51:37,586 - FGO - INFO - 	A shape: (804, 804)
2023-09-02 20:51:37,586 - FGO - INFO - 	P shape: (804,)
2023-09-02 20:51:37,586 - FGO - INFO - 	Y shape: (804, 2)
2023-09-02 20:51:37,586 - FGO - INFO - 	Y sum: 804 (number of postive labels)
2023-09-02 20:51:37,587 - FGO - INFO - ===== Preparing data =====================================================================
2023-09-02 20:51:37,588 - FGO - INFO - ===== Disconnecting Source and Target ====================================================
2023-09-02 20:51:37,690 - FGO - INFO - ===== Finalize Data ======================================================================
2023-09-02 20:51:37,690 - FGO - INFO - A shape: (804, 804)
2023-09-02 20:51:37,690 - FGO - INFO - X shape: (804, 93)
2023-09-02 20:51:37,690 - FGO - INFO - Y shape: (804, 2)
2023-09-02 20:51:37,690 - FGO - INFO - N: 804
2023-09-02 20:51:37,690 - FGO - INFO - N_s: 721
2023-09-02 20:51:37,690 - FGO - INFO - N_t: 83
2023-09-02 20:51:37,694 - FGO - INFO - ===== Pretrain GCN Model =================================================================
2023-09-02 20:51:37,697 - FGO - INFO - Epoch   0 | Train Loss: 0.690 | Val Loss: 0.68 | Val F1: 0.38 |
2023-09-02 20:51:37,722 - FGO - INFO - Epoch  10 | Train Loss: 0.583 | Val Loss: 0.59 | Val F1: 0.76 |
2023-09-02 20:51:37,746 - FGO - INFO - Epoch  20 | Train Loss: 0.262 | Val Loss: 0.33 | Val F1: 0.88 |
2023-09-02 20:51:37,771 - FGO - INFO - Epoch  30 | Train Loss: 0.120 | Val Loss: 0.24 | Val F1: 0.88 |
2023-09-02 20:51:37,795 - FGO - INFO - Epoch  40 | Train Loss: 0.083 | Val Loss: 0.26 | Val F1: 0.90 |
2023-09-02 20:51:37,819 - FGO - INFO - Epoch  50 | Train Loss: 0.071 | Val Loss: 0.26 | Val F1: 0.90 |
2023-09-02 20:51:37,844 - FGO - INFO - Epoch  60 | Train Loss: 0.062 | Val Loss: 0.27 | Val F1: 0.91 |
2023-09-02 20:51:37,868 - FGO - INFO - Epoch  70 | Train Loss: 0.059 | Val Loss: 0.27 | Val F1: 0.92 |
2023-09-02 20:51:37,892 - FGO - INFO - Epoch  80 | Train Loss: 0.055 | Val Loss: 0.27 | Val F1: 0.92 |
2023-09-02 20:51:37,917 - FGO - INFO - Epoch  90 | Train Loss: 0.053 | Val Loss: 0.27 | Val F1: 0.90 |
2023-09-02 20:51:37,941 - FGO - INFO - Epoch 100 | Train Loss: 0.051 | Val Loss: 0.26 | Val F1: 0.91 |
2023-09-02 20:51:37,941 - FGO - INFO - Best Epoch:  58 | Train Loss: 0.063 | Val Loss: 0.26 | Val F1: 0.92 
2023-09-02 20:51:37,941 - FGO - INFO - Setting model to best state.
2023-09-02 20:51:37,943 - FGO - INFO - ===== Train Fair OT GCN Model ============================================================
2023-09-02 20:51:38,011 - FGO - INFO - Epoch   0 | Train Loss: -7.225 | Val Loss: -0.55 | Val F1: 0.90 |
2023-09-02 20:51:38,787 - FGO - INFO - Epoch  10 | Train Loss: -7.870 | Val Loss: -0.38 | Val F1: 0.87 |
2023-09-02 20:51:39,587 - FGO - INFO - Epoch  20 | Train Loss: -8.122 | Val Loss: -0.64 | Val F1: 0.89 |
2023-09-02 20:51:40,362 - FGO - INFO - Epoch  30 | Train Loss: -8.259 | Val Loss: -0.52 | Val F1: 0.90 |
2023-09-02 20:51:41,137 - FGO - INFO - Epoch  40 | Train Loss: -8.326 | Val Loss: -0.52 | Val F1: 0.90 |
2023-09-02 20:51:41,827 - FGO - INFO - Best Epoch:   7 | Train Loss: -7.732 | Val Loss: -0.51 | Val F1: 0.91 |
2023-09-02 20:51:41,827 - FGO - INFO - Setting model to best state.
2023-09-02 20:51:41,830 - FGO - INFO - ===== Test Fair OT GCN Model =============================================================
2023-09-02 20:51:41,854 - FGO - INFO - Train CM:
[[378   6]
 [  9 328]]
2023-09-02 20:51:41,855 - FGO - INFO - Val CM:
[[46  4]
 [ 4 29]]
2023-09-02 20:51:41,855 - FGO - INFO - Test CM:
[[46  4]
 [ 4 29]]
2023-09-02 20:51:41,860 - FGO - INFO - test statistical parity: 0.02230046948356812
2023-09-02 20:51:41,862 - FGO - INFO - test equal opportunity: 0.2592592592592593
2023-09-02 20:51:41,863 - FGO - INFO - test micro f1: 0.9036144578313253
2023-09-02 20:51:41,863 - FGO - INFO - test macro f1: 0.8993939393939394
