2023-09-02 20:55:41,386 - FGO - INFO - ===== SETUP LOGGING ======================================================================
2023-09-02 20:55:41,386 - FGO - INFO - THIS_FILE: Wrapper.py
2023-09-02 20:55:41,387 - FGO - INFO - 	done: False
2023-09-02 20:55:41,387 - FGO - INFO - 	learning_rate: 0.01
2023-09-02 20:55:41,387 - FGO - INFO - 	h1: 64
2023-09-02 20:55:41,387 - FGO - INFO - 	h2: 32
2023-09-02 20:55:41,387 - FGO - INFO - 	weight_decay: 0.0005
2023-09-02 20:55:41,387 - FGO - INFO - 	dropout: 0.0
2023-09-02 20:55:41,387 - FGO - INFO - 	max_pretrain_epochs: 100
2023-09-02 20:55:41,387 - FGO - INFO - 	max_ot_epochs: 50
2023-09-02 20:55:41,387 - FGO - INFO - 	lambda: 0.01
2023-09-02 20:55:41,387 - FGO - INFO - 	theta: 10
2023-09-02 20:55:41,387 - FGO - INFO - 	clip: 5
2023-09-02 20:55:41,387 - FGO - INFO - ===== SETUP LOGGING COMPLETE =============================================================
2023-09-02 20:55:41,387 - FGO - INFO - ===== Configuring Masks ==================================================================
2023-09-02 20:55:41,387 - FGO - INFO - Source Total: 717
2023-09-02 20:55:41,387 - FGO - INFO - Target Total: 87
2023-09-02 20:55:41,387 - FGO - INFO - Train Total: 717
2023-09-02 20:55:41,387 - FGO - INFO - Val Total:   87
2023-09-02 20:55:41,387 - FGO - INFO - Test Total:  87
2023-09-02 20:55:41,387 - FGO - INFO - ===== Preparing to load data =============================================================
2023-09-02 20:55:41,387 - FGO - INFO - SOURCE: abide_large
2023-09-02 20:55:41,387 - FGO - INFO - ===== Retrieving SOURCE Data =============================================================
2023-09-02 20:55:41,387 - FGO - INFO - *************** In load_graph_data ***************
2023-09-02 20:55:41,387 - FGO - INFO - 	FILEPATH: ./data/abide_large.mat
2023-09-02 20:55:41,387 - FGO - INFO - 	X shape: (804, 93)
2023-09-02 20:55:41,387 - FGO - INFO - 	A shape: (804, 804)
2023-09-02 20:55:41,387 - FGO - INFO - 	P shape: (804,)
2023-09-02 20:55:41,387 - FGO - INFO - 	Y shape: (804, 2)
2023-09-02 20:55:41,387 - FGO - INFO - 	Y sum: 804 (number of postive labels)
2023-09-02 20:55:41,388 - FGO - INFO - ===== Preparing data =====================================================================
2023-09-02 20:55:41,390 - FGO - INFO - ===== Disconnecting Source and Target ====================================================
2023-09-02 20:55:41,495 - FGO - INFO - ===== Finalize Data ======================================================================
2023-09-02 20:55:41,495 - FGO - INFO - A shape: (804, 804)
2023-09-02 20:55:41,495 - FGO - INFO - X shape: (804, 93)
2023-09-02 20:55:41,495 - FGO - INFO - Y shape: (804, 2)
2023-09-02 20:55:41,495 - FGO - INFO - N: 804
2023-09-02 20:55:41,495 - FGO - INFO - N_s: 717
2023-09-02 20:55:41,495 - FGO - INFO - N_t: 87
2023-09-02 20:55:41,499 - FGO - INFO - ===== Pretrain GCN Model =================================================================
2023-09-02 20:55:41,502 - FGO - INFO - Epoch   0 | Train Loss: 0.689 | Val Loss: 0.68 | Val F1: 0.35 |
2023-09-02 20:55:41,527 - FGO - INFO - Epoch  10 | Train Loss: 0.469 | Val Loss: 0.49 | Val F1: 0.86 |
2023-09-02 20:55:41,552 - FGO - INFO - Epoch  20 | Train Loss: 0.145 | Val Loss: 0.11 | Val F1: 0.98 |
2023-09-02 20:55:41,576 - FGO - INFO - Epoch  30 | Train Loss: 0.097 | Val Loss: 0.10 | Val F1: 0.97 |
2023-09-02 20:55:41,601 - FGO - INFO - Epoch  40 | Train Loss: 0.081 | Val Loss: 0.16 | Val F1: 0.95 |
2023-09-02 20:55:41,625 - FGO - INFO - Epoch  50 | Train Loss: 0.077 | Val Loss: 0.18 | Val F1: 0.95 |
2023-09-02 20:55:41,650 - FGO - INFO - Epoch  60 | Train Loss: 0.071 | Val Loss: 0.17 | Val F1: 0.95 |
2023-09-02 20:55:41,674 - FGO - INFO - Epoch  70 | Train Loss: 0.068 | Val Loss: 0.16 | Val F1: 0.95 |
2023-09-02 20:55:41,699 - FGO - INFO - Epoch  80 | Train Loss: 0.068 | Val Loss: 0.18 | Val F1: 0.95 |
2023-09-02 20:55:41,723 - FGO - INFO - Epoch  90 | Train Loss: 0.068 | Val Loss: 0.16 | Val F1: 0.95 |
2023-09-02 20:55:41,748 - FGO - INFO - Epoch 100 | Train Loss: 0.074 | Val Loss: 0.20 | Val F1: 0.95 |
2023-09-02 20:55:41,748 - FGO - INFO - Best Epoch:  20 | Train Loss: 0.145 | Val Loss: 0.11 | Val F1: 0.98 
2023-09-02 20:55:41,748 - FGO - INFO - Setting model to best state.
2023-09-02 20:55:41,749 - FGO - INFO - ===== Train Fair OT GCN Model ============================================================
2023-09-02 20:55:41,872 - FGO - INFO - Epoch   0 | Train Loss: -0.595 | Val Loss: 0.08 | Val F1: 0.95 |
2023-09-02 20:55:42,827 - FGO - INFO - Epoch  10 | Train Loss: -0.621 | Val Loss: 0.16 | Val F1: 0.94 |
2023-09-02 20:55:43,806 - FGO - INFO - Epoch  20 | Train Loss: -0.684 | Val Loss: 0.11 | Val F1: 0.95 |
2023-09-02 20:55:44,776 - FGO - INFO - Epoch  30 | Train Loss: -0.729 | Val Loss: 0.08 | Val F1: 0.95 |
2023-09-02 20:55:45,622 - FGO - INFO - Epoch  40 | Train Loss: -0.766 | Val Loss: 0.06 | Val F1: 0.97 |
2023-09-02 20:55:46,463 - FGO - INFO - Best Epoch:  17 | Train Loss: -0.696 | Val Loss: 0.12 | Val F1: 0.97 |
2023-09-02 20:55:46,463 - FGO - INFO - Setting model to best state.
2023-09-02 20:55:46,467 - FGO - INFO - ===== Test Fair OT GCN Model =============================================================
2023-09-02 20:55:46,494 - FGO - INFO - Train CM:
[[378   9]
 [ 12 318]]
2023-09-02 20:55:46,495 - FGO - INFO - Val CM:
[[46  1]
 [ 2 38]]
2023-09-02 20:55:46,495 - FGO - INFO - Test CM:
[[46  1]
 [ 2 38]]
2023-09-02 20:55:46,499 - FGO - INFO - test statistical parity: 0.35
2023-09-02 20:55:46,501 - FGO - INFO - test equal opportunity: 0.06451612903225812
2023-09-02 20:55:46,502 - FGO - INFO - test micro f1: 0.9655172413793104
2023-09-02 20:55:46,502 - FGO - INFO - test macro f1: 0.9652231845436376
