2023-09-02 21:00:33,962 - FGO - INFO - ===== SETUP LOGGING ======================================================================
2023-09-02 21:00:33,962 - FGO - INFO - THIS_FILE: Wrapper.py
2023-09-02 21:00:33,962 - FGO - INFO - 	done: False
2023-09-02 21:00:33,962 - FGO - INFO - 	learning_rate: 0.01
2023-09-02 21:00:33,962 - FGO - INFO - 	h1: 64
2023-09-02 21:00:33,962 - FGO - INFO - 	h2: 32
2023-09-02 21:00:33,962 - FGO - INFO - 	weight_decay: 0.0005
2023-09-02 21:00:33,962 - FGO - INFO - 	dropout: 0.0
2023-09-02 21:00:33,962 - FGO - INFO - 	max_pretrain_epochs: 100
2023-09-02 21:00:33,962 - FGO - INFO - 	max_ot_epochs: 50
2023-09-02 21:00:33,962 - FGO - INFO - 	lambda: 0.05
2023-09-02 21:00:33,962 - FGO - INFO - 	theta: 30
2023-09-02 21:00:33,962 - FGO - INFO - 	clip: 5
2023-09-02 21:00:33,962 - FGO - INFO - ===== SETUP LOGGING COMPLETE =============================================================
2023-09-02 21:00:33,962 - FGO - INFO - ===== Configuring Masks ==================================================================
2023-09-02 21:00:33,962 - FGO - INFO - Source Total: 721
2023-09-02 21:00:33,962 - FGO - INFO - Target Total: 83
2023-09-02 21:00:33,962 - FGO - INFO - Train Total: 721
2023-09-02 21:00:33,962 - FGO - INFO - Val Total:   83
2023-09-02 21:00:33,962 - FGO - INFO - Test Total:  83
2023-09-02 21:00:33,962 - FGO - INFO - ===== Preparing to load data =============================================================
2023-09-02 21:00:33,962 - FGO - INFO - SOURCE: abide_large
2023-09-02 21:00:33,962 - FGO - INFO - ===== Retrieving SOURCE Data =============================================================
2023-09-02 21:00:33,962 - FGO - INFO - *************** In load_graph_data ***************
2023-09-02 21:00:33,962 - FGO - INFO - 	FILEPATH: ./data/abide_large.mat
2023-09-02 21:00:33,963 - FGO - INFO - 	X shape: (804, 93)
2023-09-02 21:00:33,963 - FGO - INFO - 	A shape: (804, 804)
2023-09-02 21:00:33,963 - FGO - INFO - 	P shape: (804,)
2023-09-02 21:00:33,963 - FGO - INFO - 	Y shape: (804, 2)
2023-09-02 21:00:33,963 - FGO - INFO - 	Y sum: 804 (number of postive labels)
2023-09-02 21:00:33,964 - FGO - INFO - ===== Preparing data =====================================================================
2023-09-02 21:00:33,965 - FGO - INFO - ===== Disconnecting Source and Target ====================================================
2023-09-02 21:00:34,067 - FGO - INFO - ===== Finalize Data ======================================================================
2023-09-02 21:00:34,067 - FGO - INFO - A shape: (804, 804)
2023-09-02 21:00:34,067 - FGO - INFO - X shape: (804, 93)
2023-09-02 21:00:34,067 - FGO - INFO - Y shape: (804, 2)
2023-09-02 21:00:34,068 - FGO - INFO - N: 804
2023-09-02 21:00:34,068 - FGO - INFO - N_s: 721
2023-09-02 21:00:34,068 - FGO - INFO - N_t: 83
2023-09-02 21:00:34,071 - FGO - INFO - ===== Pretrain GCN Model =================================================================
2023-09-02 21:00:34,074 - FGO - INFO - Epoch   0 | Train Loss: 0.690 | Val Loss: 0.68 | Val F1: 0.38 |
2023-09-02 21:00:34,099 - FGO - INFO - Epoch  10 | Train Loss: 0.478 | Val Loss: 0.49 | Val F1: 0.84 |
2023-09-02 21:00:34,124 - FGO - INFO - Epoch  20 | Train Loss: 0.142 | Val Loss: 0.24 | Val F1: 0.87 |
2023-09-02 21:00:34,148 - FGO - INFO - Epoch  30 | Train Loss: 0.087 | Val Loss: 0.26 | Val F1: 0.90 |
2023-09-02 21:00:34,173 - FGO - INFO - Epoch  40 | Train Loss: 0.073 | Val Loss: 0.25 | Val F1: 0.90 |
2023-09-02 21:00:34,197 - FGO - INFO - Epoch  50 | Train Loss: 0.063 | Val Loss: 0.25 | Val F1: 0.91 |
2023-09-02 21:00:34,221 - FGO - INFO - Epoch  60 | Train Loss: 0.058 | Val Loss: 0.27 | Val F1: 0.91 |
2023-09-02 21:00:34,246 - FGO - INFO - Epoch  70 | Train Loss: 0.056 | Val Loss: 0.28 | Val F1: 0.91 |
2023-09-02 21:00:34,270 - FGO - INFO - Epoch  80 | Train Loss: 0.052 | Val Loss: 0.28 | Val F1: 0.88 |
2023-09-02 21:00:34,295 - FGO - INFO - Epoch  90 | Train Loss: 0.051 | Val Loss: 0.28 | Val F1: 0.89 |
2023-09-02 21:00:34,319 - FGO - INFO - Epoch 100 | Train Loss: 0.046 | Val Loss: 0.29 | Val F1: 0.89 |
2023-09-02 21:00:34,319 - FGO - INFO - Best Epoch:  58 | Train Loss: 0.058 | Val Loss: 0.26 | Val F1: 0.92 
2023-09-02 21:00:34,319 - FGO - INFO - Setting model to best state.
2023-09-02 21:00:34,321 - FGO - INFO - ===== Train Fair OT GCN Model ============================================================
2023-09-02 21:00:34,417 - FGO - INFO - Epoch   0 | Train Loss: -12.993 | Val Loss: -1.13 | Val F1: 0.90 |
2023-09-02 21:00:35,200 - FGO - INFO - Epoch  10 | Train Loss: -13.818 | Val Loss: -1.11 | Val F1: 0.88 |
2023-09-02 21:00:35,971 - FGO - INFO - Epoch  20 | Train Loss: -13.990 | Val Loss: -1.30 | Val F1: 0.89 |
2023-09-02 21:00:36,760 - FGO - INFO - Epoch  30 | Train Loss: -14.109 | Val Loss: -1.23 | Val F1: 0.91 |
2023-09-02 21:00:37,498 - FGO - INFO - Epoch  40 | Train Loss: -14.196 | Val Loss: -1.12 | Val F1: 0.90 |
2023-09-02 21:00:38,258 - FGO - INFO - Best Epoch:   7 | Train Loss: -13.679 | Val Loss: -1.15 | Val F1: 0.91 |
2023-09-02 21:00:38,258 - FGO - INFO - Setting model to best state.
2023-09-02 21:00:38,262 - FGO - INFO - ===== Test Fair OT GCN Model =============================================================
2023-09-02 21:00:38,286 - FGO - INFO - Train CM:
[[379   5]
 [ 13 324]]
2023-09-02 21:00:38,286 - FGO - INFO - Val CM:
[[46  4]
 [ 4 29]]
2023-09-02 21:00:38,287 - FGO - INFO - Test CM:
[[46  4]
 [ 4 29]]
2023-09-02 21:00:38,292 - FGO - INFO - test statistical parity: 0.02230046948356812
2023-09-02 21:00:38,293 - FGO - INFO - test equal opportunity: 0.2592592592592593
2023-09-02 21:00:38,294 - FGO - INFO - test micro f1: 0.9036144578313253
2023-09-02 21:00:38,295 - FGO - INFO - test macro f1: 0.8993939393939394
