2023-09-02 20:52:21,387 - FGO - INFO - ===== SETUP LOGGING ======================================================================
2023-09-02 20:52:21,387 - FGO - INFO - THIS_FILE: Wrapper.py
2023-09-02 20:52:21,387 - FGO - INFO - 	done: False
2023-09-02 20:52:21,387 - FGO - INFO - 	learning_rate: 0.005
2023-09-02 20:52:21,387 - FGO - INFO - 	h1: 64
2023-09-02 20:52:21,387 - FGO - INFO - 	h2: 32
2023-09-02 20:52:21,387 - FGO - INFO - 	weight_decay: 0.0005
2023-09-02 20:52:21,387 - FGO - INFO - 	dropout: 0.0
2023-09-02 20:52:21,387 - FGO - INFO - 	max_pretrain_epochs: 100
2023-09-02 20:52:21,387 - FGO - INFO - 	max_ot_epochs: 50
2023-09-02 20:52:21,387 - FGO - INFO - 	lambda: 0.03
2023-09-02 20:52:21,387 - FGO - INFO - 	theta: 50
2023-09-02 20:52:21,388 - FGO - INFO - 	clip: 5
2023-09-02 20:52:21,388 - FGO - INFO - ===== SETUP LOGGING COMPLETE =============================================================
2023-09-02 20:52:21,388 - FGO - INFO - ===== Configuring Masks ==================================================================
2023-09-02 20:52:21,388 - FGO - INFO - Source Total: 721
2023-09-02 20:52:21,388 - FGO - INFO - Target Total: 83
2023-09-02 20:52:21,388 - FGO - INFO - Train Total: 721
2023-09-02 20:52:21,388 - FGO - INFO - Val Total:   83
2023-09-02 20:52:21,388 - FGO - INFO - Test Total:  83
2023-09-02 20:52:21,388 - FGO - INFO - ===== Preparing to load data =============================================================
2023-09-02 20:52:21,388 - FGO - INFO - SOURCE: abide_large
2023-09-02 20:52:21,388 - FGO - INFO - ===== Retrieving SOURCE Data =============================================================
2023-09-02 20:52:21,388 - FGO - INFO - *************** In load_graph_data ***************
2023-09-02 20:52:21,388 - FGO - INFO - 	FILEPATH: ./data/abide_large.mat
2023-09-02 20:52:21,388 - FGO - INFO - 	X shape: (804, 93)
2023-09-02 20:52:21,388 - FGO - INFO - 	A shape: (804, 804)
2023-09-02 20:52:21,388 - FGO - INFO - 	P shape: (804,)
2023-09-02 20:52:21,388 - FGO - INFO - 	Y shape: (804, 2)
2023-09-02 20:52:21,388 - FGO - INFO - 	Y sum: 804 (number of postive labels)
2023-09-02 20:52:21,389 - FGO - INFO - ===== Preparing data =====================================================================
2023-09-02 20:52:21,391 - FGO - INFO - ===== Disconnecting Source and Target ====================================================
2023-09-02 20:52:21,493 - FGO - INFO - ===== Finalize Data ======================================================================
2023-09-02 20:52:21,493 - FGO - INFO - A shape: (804, 804)
2023-09-02 20:52:21,493 - FGO - INFO - X shape: (804, 93)
2023-09-02 20:52:21,493 - FGO - INFO - Y shape: (804, 2)
2023-09-02 20:52:21,493 - FGO - INFO - N: 804
2023-09-02 20:52:21,493 - FGO - INFO - N_s: 721
2023-09-02 20:52:21,493 - FGO - INFO - N_t: 83
2023-09-02 20:52:21,497 - FGO - INFO - ===== Pretrain GCN Model =================================================================
2023-09-02 20:52:21,500 - FGO - INFO - Epoch   0 | Train Loss: 0.690 | Val Loss: 0.68 | Val F1: 0.38 |
2023-09-02 20:52:21,525 - FGO - INFO - Epoch  10 | Train Loss: 0.583 | Val Loss: 0.59 | Val F1: 0.76 |
2023-09-02 20:52:21,549 - FGO - INFO - Epoch  20 | Train Loss: 0.262 | Val Loss: 0.33 | Val F1: 0.88 |
2023-09-02 20:52:21,574 - FGO - INFO - Epoch  30 | Train Loss: 0.120 | Val Loss: 0.24 | Val F1: 0.88 |
2023-09-02 20:52:21,598 - FGO - INFO - Epoch  40 | Train Loss: 0.083 | Val Loss: 0.26 | Val F1: 0.90 |
2023-09-02 20:52:21,622 - FGO - INFO - Epoch  50 | Train Loss: 0.071 | Val Loss: 0.26 | Val F1: 0.90 |
2023-09-02 20:52:21,647 - FGO - INFO - Epoch  60 | Train Loss: 0.062 | Val Loss: 0.27 | Val F1: 0.91 |
2023-09-02 20:52:21,671 - FGO - INFO - Epoch  70 | Train Loss: 0.059 | Val Loss: 0.27 | Val F1: 0.92 |
2023-09-02 20:52:21,696 - FGO - INFO - Epoch  80 | Train Loss: 0.055 | Val Loss: 0.27 | Val F1: 0.92 |
2023-09-02 20:52:21,720 - FGO - INFO - Epoch  90 | Train Loss: 0.053 | Val Loss: 0.27 | Val F1: 0.90 |
2023-09-02 20:52:21,744 - FGO - INFO - Epoch 100 | Train Loss: 0.051 | Val Loss: 0.26 | Val F1: 0.91 |
2023-09-02 20:52:21,744 - FGO - INFO - Best Epoch:  58 | Train Loss: 0.063 | Val Loss: 0.26 | Val F1: 0.92 
2023-09-02 20:52:21,744 - FGO - INFO - Setting model to best state.
2023-09-02 20:52:21,746 - FGO - INFO - ===== Train Fair OT GCN Model ============================================================
2023-09-02 20:52:21,843 - FGO - INFO - Epoch   0 | Train Loss: -12.206 | Val Loss: -1.09 | Val F1: 0.90 |
2023-09-02 20:52:22,672 - FGO - INFO - Epoch  10 | Train Loss: -13.435 | Val Loss: -1.05 | Val F1: 0.88 |
2023-09-02 20:52:23,489 - FGO - INFO - Epoch  20 | Train Loss: -13.956 | Val Loss: -1.03 | Val F1: 0.72 |
2023-09-02 20:52:24,314 - FGO - INFO - Epoch  30 | Train Loss: -14.205 | Val Loss: -0.92 | Val F1: 0.38 |
2023-09-02 20:52:25,118 - FGO - INFO - Epoch  40 | Train Loss: -14.206 | Val Loss: -0.92 | Val F1: 0.38 |
2023-09-02 20:52:25,783 - FGO - INFO - Best Epoch:   7 | Train Loss: -13.142 | Val Loss: -1.15 | Val F1: 0.91 |
2023-09-02 20:52:25,783 - FGO - INFO - Setting model to best state.
2023-09-02 20:52:25,786 - FGO - INFO - ===== Test Fair OT GCN Model =============================================================
2023-09-02 20:52:25,809 - FGO - INFO - Train CM:
[[384   0]
 [337   0]]
2023-09-02 20:52:25,810 - FGO - INFO - Val CM:
[[50  0]
 [33  0]]
2023-09-02 20:52:25,810 - FGO - INFO - Test CM:
[[50  0]
 [33  0]]
2023-09-02 20:52:25,816 - FGO - INFO - test statistical parity: 0.0
2023-09-02 20:52:25,817 - FGO - INFO - test equal opportunity: 0.0
2023-09-02 20:52:25,818 - FGO - INFO - test micro f1: 0.6024096385542169
2023-09-02 20:52:25,818 - FGO - INFO - test macro f1: 0.3759398496240602
