2023-09-02 20:48:00,240 - FGO - INFO - ===== SETUP LOGGING ======================================================================
2023-09-02 20:48:00,240 - FGO - INFO - THIS_FILE: Wrapper.py
2023-09-02 20:48:00,240 - FGO - INFO - 	done: False
2023-09-02 20:48:00,240 - FGO - INFO - 	learning_rate: 0.001
2023-09-02 20:48:00,240 - FGO - INFO - 	h1: 64
2023-09-02 20:48:00,240 - FGO - INFO - 	h2: 32
2023-09-02 20:48:00,240 - FGO - INFO - 	weight_decay: 0.0005
2023-09-02 20:48:00,240 - FGO - INFO - 	dropout: 0.0
2023-09-02 20:48:00,240 - FGO - INFO - 	max_pretrain_epochs: 100
2023-09-02 20:48:00,240 - FGO - INFO - 	max_ot_epochs: 50
2023-09-02 20:48:00,240 - FGO - INFO - 	lambda: 0.05
2023-09-02 20:48:00,240 - FGO - INFO - 	theta: 50
2023-09-02 20:48:00,240 - FGO - INFO - 	clip: 5
2023-09-02 20:48:00,240 - FGO - INFO - ===== SETUP LOGGING COMPLETE =============================================================
2023-09-02 20:48:00,240 - FGO - INFO - ===== Configuring Masks ==================================================================
2023-09-02 20:48:00,240 - FGO - INFO - Source Total: 726
2023-09-02 20:48:00,240 - FGO - INFO - Target Total: 78
2023-09-02 20:48:00,240 - FGO - INFO - Train Total: 726
2023-09-02 20:48:00,240 - FGO - INFO - Val Total:   78
2023-09-02 20:48:00,240 - FGO - INFO - Test Total:  78
2023-09-02 20:48:00,240 - FGO - INFO - ===== Preparing to load data =============================================================
2023-09-02 20:48:00,240 - FGO - INFO - SOURCE: abide_large
2023-09-02 20:48:00,240 - FGO - INFO - ===== Retrieving SOURCE Data =============================================================
2023-09-02 20:48:00,240 - FGO - INFO - *************** In load_graph_data ***************
2023-09-02 20:48:00,240 - FGO - INFO - 	FILEPATH: ./data/abide_large.mat
2023-09-02 20:48:00,241 - FGO - INFO - 	X shape: (804, 93)
2023-09-02 20:48:00,241 - FGO - INFO - 	A shape: (804, 804)
2023-09-02 20:48:00,241 - FGO - INFO - 	P shape: (804,)
2023-09-02 20:48:00,241 - FGO - INFO - 	Y shape: (804, 2)
2023-09-02 20:48:00,241 - FGO - INFO - 	Y sum: 804 (number of postive labels)
2023-09-02 20:48:00,242 - FGO - INFO - ===== Preparing data =====================================================================
2023-09-02 20:48:00,243 - FGO - INFO - ===== Disconnecting Source and Target ====================================================
2023-09-02 20:48:00,340 - FGO - INFO - ===== Finalize Data ======================================================================
2023-09-02 20:48:00,340 - FGO - INFO - A shape: (804, 804)
2023-09-02 20:48:00,340 - FGO - INFO - X shape: (804, 93)
2023-09-02 20:48:00,340 - FGO - INFO - Y shape: (804, 2)
2023-09-02 20:48:00,340 - FGO - INFO - N: 804
2023-09-02 20:48:00,340 - FGO - INFO - N_s: 726
2023-09-02 20:48:00,340 - FGO - INFO - N_t: 78
2023-09-02 20:48:00,344 - FGO - INFO - ===== Pretrain GCN Model =================================================================
2023-09-02 20:48:00,347 - FGO - INFO - Epoch   0 | Train Loss: 0.684 | Val Loss: 0.73 | Val F1: 0.32 |
2023-09-02 20:48:00,372 - FGO - INFO - Epoch  10 | Train Loss: 0.669 | Val Loss: 0.72 | Val F1: 0.34 |
2023-09-02 20:48:00,396 - FGO - INFO - Epoch  20 | Train Loss: 0.644 | Val Loss: 0.69 | Val F1: 0.42 |
2023-09-02 20:48:00,421 - FGO - INFO - Epoch  30 | Train Loss: 0.591 | Val Loss: 0.63 | Val F1: 0.61 |
2023-09-02 20:48:00,446 - FGO - INFO - Epoch  40 | Train Loss: 0.505 | Val Loss: 0.53 | Val F1: 0.83 |
2023-09-02 20:48:00,470 - FGO - INFO - Epoch  50 | Train Loss: 0.397 | Val Loss: 0.41 | Val F1: 0.85 |
2023-09-02 20:48:00,495 - FGO - INFO - Epoch  60 | Train Loss: 0.294 | Val Loss: 0.33 | Val F1: 0.87 |
2023-09-02 20:48:00,519 - FGO - INFO - Epoch  70 | Train Loss: 0.220 | Val Loss: 0.27 | Val F1: 0.88 |
2023-09-02 20:48:00,543 - FGO - INFO - Epoch  80 | Train Loss: 0.175 | Val Loss: 0.25 | Val F1: 0.88 |
2023-09-02 20:48:00,568 - FGO - INFO - Epoch  90 | Train Loss: 0.148 | Val Loss: 0.24 | Val F1: 0.90 |
2023-09-02 20:48:00,592 - FGO - INFO - Epoch 100 | Train Loss: 0.130 | Val Loss: 0.21 | Val F1: 0.91 |
2023-09-02 20:48:00,592 - FGO - INFO - Best Epoch:  72 | Train Loss: 0.209 | Val Loss: 0.26 | Val F1: 0.91 
2023-09-02 20:48:00,592 - FGO - INFO - Setting model to best state.
2023-09-02 20:48:00,594 - FGO - INFO - ===== Train Fair OT GCN Model ============================================================
2023-09-02 20:48:00,693 - FGO - INFO - Epoch   0 | Train Loss: -22.331 | Val Loss: -2.17 | Val F1: 0.91 |
2023-09-02 20:48:01,526 - FGO - INFO - Epoch  10 | Train Loss: -22.882 | Val Loss: -2.14 | Val F1: 0.88 |
2023-09-02 20:48:02,342 - FGO - INFO - Epoch  20 | Train Loss: -23.255 | Val Loss: -2.12 | Val F1: 0.85 |
2023-09-02 20:48:03,128 - FGO - INFO - Epoch  30 | Train Loss: -23.486 | Val Loss: -2.14 | Val F1: 0.82 |
2023-09-02 20:48:03,909 - FGO - INFO - Epoch  40 | Train Loss: -23.661 | Val Loss: -2.10 | Val F1: 0.81 |
2023-09-02 20:48:04,628 - FGO - INFO - Best Epoch:  10 | Train Loss: -22.882 | Val Loss: -2.14 | Val F1: 0.88 |
2023-09-02 20:48:04,628 - FGO - INFO - Setting model to best state.
2023-09-02 20:48:04,632 - FGO - INFO - ===== Test Fair OT GCN Model =============================================================
2023-09-02 20:48:04,655 - FGO - INFO - Train CM:
[[  0 400]
 [  0 326]]
2023-09-02 20:48:04,656 - FGO - INFO - Val CM:
[[34  0]
 [32 12]]
2023-09-02 20:48:04,656 - FGO - INFO - Test CM:
[[34  0]
 [32 12]]
2023-09-02 20:48:04,661 - FGO - INFO - test statistical parity: 0.048309178743961345
2023-09-02 20:48:04,663 - FGO - INFO - test equal opportunity: 0.08205128205128204
2023-09-02 20:48:04,664 - FGO - INFO - test micro f1: 0.5897435897435898
2023-09-02 20:48:04,664 - FGO - INFO - test macro f1: 0.5542857142857143
