2023-09-02 20:44:36,845 - FGO - INFO - ===== SETUP LOGGING ======================================================================
2023-09-02 20:44:36,845 - FGO - INFO - THIS_FILE: Wrapper.py
2023-09-02 20:44:36,845 - FGO - INFO - 	done: False
2023-09-02 20:44:36,845 - FGO - INFO - 	learning_rate: 0.001
2023-09-02 20:44:36,845 - FGO - INFO - 	h1: 64
2023-09-02 20:44:36,846 - FGO - INFO - 	h2: 32
2023-09-02 20:44:36,846 - FGO - INFO - 	weight_decay: 0.0005
2023-09-02 20:44:36,846 - FGO - INFO - 	dropout: 0.0
2023-09-02 20:44:36,846 - FGO - INFO - 	max_pretrain_epochs: 100
2023-09-02 20:44:36,846 - FGO - INFO - 	max_ot_epochs: 50
2023-09-02 20:44:36,846 - FGO - INFO - 	lambda: 0.03
2023-09-02 20:44:36,846 - FGO - INFO - 	theta: 10
2023-09-02 20:44:36,846 - FGO - INFO - 	clip: 5
2023-09-02 20:44:36,846 - FGO - INFO - ===== SETUP LOGGING COMPLETE =============================================================
2023-09-02 20:44:36,846 - FGO - INFO - ===== Configuring Masks ==================================================================
2023-09-02 20:44:36,846 - FGO - INFO - Source Total: 734
2023-09-02 20:44:36,846 - FGO - INFO - Target Total: 70
2023-09-02 20:44:36,846 - FGO - INFO - Train Total: 734
2023-09-02 20:44:36,846 - FGO - INFO - Val Total:   70
2023-09-02 20:44:36,846 - FGO - INFO - Test Total:  70
2023-09-02 20:44:36,846 - FGO - INFO - ===== Preparing to load data =============================================================
2023-09-02 20:44:36,846 - FGO - INFO - SOURCE: abide_large
2023-09-02 20:44:36,846 - FGO - INFO - ===== Retrieving SOURCE Data =============================================================
2023-09-02 20:44:36,846 - FGO - INFO - *************** In load_graph_data ***************
2023-09-02 20:44:36,846 - FGO - INFO - 	FILEPATH: ./data/abide_large.mat
2023-09-02 20:44:36,846 - FGO - INFO - 	X shape: (804, 93)
2023-09-02 20:44:36,846 - FGO - INFO - 	A shape: (804, 804)
2023-09-02 20:44:36,846 - FGO - INFO - 	P shape: (804,)
2023-09-02 20:44:36,846 - FGO - INFO - 	Y shape: (804, 2)
2023-09-02 20:44:36,846 - FGO - INFO - 	Y sum: 804 (number of postive labels)
2023-09-02 20:44:36,847 - FGO - INFO - ===== Preparing data =====================================================================
2023-09-02 20:44:36,849 - FGO - INFO - ===== Disconnecting Source and Target ====================================================
2023-09-02 20:44:36,937 - FGO - INFO - ===== Finalize Data ======================================================================
2023-09-02 20:44:36,937 - FGO - INFO - A shape: (804, 804)
2023-09-02 20:44:36,937 - FGO - INFO - X shape: (804, 93)
2023-09-02 20:44:36,937 - FGO - INFO - Y shape: (804, 2)
2023-09-02 20:44:36,937 - FGO - INFO - N: 804
2023-09-02 20:44:36,937 - FGO - INFO - N_s: 734
2023-09-02 20:44:36,937 - FGO - INFO - N_t: 70
2023-09-02 20:44:36,941 - FGO - INFO - ===== Pretrain GCN Model =================================================================
2023-09-02 20:44:36,944 - FGO - INFO - Epoch   0 | Train Loss: 0.688 | Val Loss: 0.70 | Val F1: 0.32 |
2023-09-02 20:44:36,969 - FGO - INFO - Epoch  10 | Train Loss: 0.672 | Val Loss: 0.69 | Val F1: 0.41 |
2023-09-02 20:44:36,994 - FGO - INFO - Epoch  20 | Train Loss: 0.645 | Val Loss: 0.66 | Val F1: 0.62 |
2023-09-02 20:44:37,019 - FGO - INFO - Epoch  30 | Train Loss: 0.588 | Val Loss: 0.61 | Val F1: 0.76 |
2023-09-02 20:44:37,044 - FGO - INFO - Epoch  40 | Train Loss: 0.498 | Val Loss: 0.53 | Val F1: 0.81 |
2023-09-02 20:44:37,069 - FGO - INFO - Epoch  50 | Train Loss: 0.392 | Val Loss: 0.43 | Val F1: 0.84 |
2023-09-02 20:44:37,093 - FGO - INFO - Epoch  60 | Train Loss: 0.295 | Val Loss: 0.33 | Val F1: 0.87 |
2023-09-02 20:44:37,118 - FGO - INFO - Epoch  70 | Train Loss: 0.225 | Val Loss: 0.27 | Val F1: 0.86 |
2023-09-02 20:44:37,143 - FGO - INFO - Epoch  80 | Train Loss: 0.181 | Val Loss: 0.22 | Val F1: 0.91 |
2023-09-02 20:44:37,168 - FGO - INFO - Epoch  90 | Train Loss: 0.152 | Val Loss: 0.19 | Val F1: 0.94 |
2023-09-02 20:44:37,192 - FGO - INFO - Epoch 100 | Train Loss: 0.132 | Val Loss: 0.17 | Val F1: 0.94 |
2023-09-02 20:44:37,192 - FGO - INFO - Best Epoch:  88 | Train Loss: 0.157 | Val Loss: 0.19 | Val F1: 0.94 
2023-09-02 20:44:37,192 - FGO - INFO - Setting model to best state.
2023-09-02 20:44:37,194 - FGO - INFO - ===== Train Fair OT GCN Model ============================================================
2023-09-02 20:44:37,259 - FGO - INFO - Epoch   0 | Train Loss: -2.314 | Val Loss: -0.08 | Val F1: 0.94 |
2023-09-02 20:44:38,119 - FGO - INFO - Epoch  10 | Train Loss: -2.429 | Val Loss: -0.06 | Val F1: 0.91 |
2023-09-02 20:44:38,865 - FGO - INFO - Epoch  20 | Train Loss: -2.472 | Val Loss: -0.05 | Val F1: 0.91 |
2023-09-02 20:44:39,629 - FGO - INFO - Epoch  30 | Train Loss: -2.509 | Val Loss: -0.02 | Val F1: 0.91 |
2023-09-02 20:44:40,433 - FGO - INFO - Epoch  40 | Train Loss: -2.536 | Val Loss: -0.02 | Val F1: 0.91 |
2023-09-02 20:44:41,180 - FGO - INFO - Best Epoch:   6 | Train Loss: -2.418 | Val Loss: -0.04 | Val F1: 0.91 |
2023-09-02 20:44:41,180 - FGO - INFO - Setting model to best state.
2023-09-02 20:44:41,184 - FGO - INFO - ===== Test Fair OT GCN Model =============================================================
2023-09-02 20:44:41,209 - FGO - INFO - Train CM:
[[394   6]
 [ 33 301]]
2023-09-02 20:44:41,209 - FGO - INFO - Val CM:
[[34  0]
 [ 6 30]]
2023-09-02 20:44:41,210 - FGO - INFO - Test CM:
[[34  0]
 [ 6 30]]
2023-09-02 20:44:41,215 - FGO - INFO - test statistical parity: 0.053981106612685514
2023-09-02 20:44:41,216 - FGO - INFO - test equal opportunity: 0.0
2023-09-02 20:44:41,217 - FGO - INFO - test micro f1: 0.9142857142857143
2023-09-02 20:44:41,217 - FGO - INFO - test macro f1: 0.914004914004914
