2023-09-02 20:57:02,589 - FGO - INFO - ===== SETUP LOGGING ======================================================================
2023-09-02 20:57:02,589 - FGO - INFO - THIS_FILE: Wrapper.py
2023-09-02 20:57:02,589 - FGO - INFO - 	done: False
2023-09-02 20:57:02,589 - FGO - INFO - 	learning_rate: 0.01
2023-09-02 20:57:02,589 - FGO - INFO - 	h1: 64
2023-09-02 20:57:02,589 - FGO - INFO - 	h2: 32
2023-09-02 20:57:02,589 - FGO - INFO - 	weight_decay: 0.0005
2023-09-02 20:57:02,589 - FGO - INFO - 	dropout: 0.0
2023-09-02 20:57:02,589 - FGO - INFO - 	max_pretrain_epochs: 100
2023-09-02 20:57:02,589 - FGO - INFO - 	max_ot_epochs: 50
2023-09-02 20:57:02,589 - FGO - INFO - 	lambda: 0.01
2023-09-02 20:57:02,589 - FGO - INFO - 	theta: 50
2023-09-02 20:57:02,589 - FGO - INFO - 	clip: 5
2023-09-02 20:57:02,589 - FGO - INFO - ===== SETUP LOGGING COMPLETE =============================================================
2023-09-02 20:57:02,589 - FGO - INFO - ===== Configuring Masks ==================================================================
2023-09-02 20:57:02,589 - FGO - INFO - Source Total: 732
2023-09-02 20:57:02,589 - FGO - INFO - Target Total: 72
2023-09-02 20:57:02,589 - FGO - INFO - Train Total: 732
2023-09-02 20:57:02,589 - FGO - INFO - Val Total:   72
2023-09-02 20:57:02,589 - FGO - INFO - Test Total:  72
2023-09-02 20:57:02,589 - FGO - INFO - ===== Preparing to load data =============================================================
2023-09-02 20:57:02,589 - FGO - INFO - SOURCE: abide_large
2023-09-02 20:57:02,589 - FGO - INFO - ===== Retrieving SOURCE Data =============================================================
2023-09-02 20:57:02,589 - FGO - INFO - *************** In load_graph_data ***************
2023-09-02 20:57:02,589 - FGO - INFO - 	FILEPATH: ./data/abide_large.mat
2023-09-02 20:57:02,590 - FGO - INFO - 	X shape: (804, 93)
2023-09-02 20:57:02,590 - FGO - INFO - 	A shape: (804, 804)
2023-09-02 20:57:02,590 - FGO - INFO - 	P shape: (804,)
2023-09-02 20:57:02,590 - FGO - INFO - 	Y shape: (804, 2)
2023-09-02 20:57:02,590 - FGO - INFO - 	Y sum: 804 (number of postive labels)
2023-09-02 20:57:02,591 - FGO - INFO - ===== Preparing data =====================================================================
2023-09-02 20:57:02,592 - FGO - INFO - ===== Disconnecting Source and Target ====================================================
2023-09-02 20:57:02,683 - FGO - INFO - ===== Finalize Data ======================================================================
2023-09-02 20:57:02,683 - FGO - INFO - A shape: (804, 804)
2023-09-02 20:57:02,683 - FGO - INFO - X shape: (804, 93)
2023-09-02 20:57:02,683 - FGO - INFO - Y shape: (804, 2)
2023-09-02 20:57:02,683 - FGO - INFO - N: 804
2023-09-02 20:57:02,683 - FGO - INFO - N_s: 732
2023-09-02 20:57:02,683 - FGO - INFO - N_t: 72
2023-09-02 20:57:02,687 - FGO - INFO - ===== Pretrain GCN Model =================================================================
2023-09-02 20:57:02,690 - FGO - INFO - Epoch   0 | Train Loss: 0.688 | Val Loss: 0.70 | Val F1: 0.33 |
2023-09-02 20:57:02,715 - FGO - INFO - Epoch  10 | Train Loss: 0.469 | Val Loss: 0.46 | Val F1: 0.81 |
2023-09-02 20:57:02,740 - FGO - INFO - Epoch  20 | Train Loss: 0.141 | Val Loss: 0.14 | Val F1: 0.97 |
2023-09-02 20:57:02,764 - FGO - INFO - Epoch  30 | Train Loss: 0.100 | Val Loss: 0.14 | Val F1: 0.97 |
2023-09-02 20:57:02,789 - FGO - INFO - Epoch  40 | Train Loss: 0.086 | Val Loss: 0.14 | Val F1: 0.97 |
2023-09-02 20:57:02,814 - FGO - INFO - Epoch  50 | Train Loss: 0.077 | Val Loss: 0.11 | Val F1: 0.97 |
2023-09-02 20:57:02,838 - FGO - INFO - Epoch  60 | Train Loss: 0.073 | Val Loss: 0.08 | Val F1: 0.97 |
2023-09-02 20:57:02,863 - FGO - INFO - Epoch  70 | Train Loss: 0.073 | Val Loss: 0.05 | Val F1: 0.99 |
2023-09-02 20:57:02,887 - FGO - INFO - Epoch  80 | Train Loss: 0.068 | Val Loss: 0.06 | Val F1: 0.99 |
2023-09-02 20:57:02,912 - FGO - INFO - Epoch  90 | Train Loss: 0.065 | Val Loss: 0.06 | Val F1: 0.99 |
2023-09-02 20:57:02,937 - FGO - INFO - Epoch 100 | Train Loss: 0.068 | Val Loss: 0.05 | Val F1: 0.99 |
2023-09-02 20:57:02,937 - FGO - INFO - Best Epoch:  64 | Train Loss: 0.069 | Val Loss: 0.06 | Val F1: 0.99 
2023-09-02 20:57:02,937 - FGO - INFO - Setting model to best state.
2023-09-02 20:57:02,938 - FGO - INFO - ===== Train Fair OT GCN Model ============================================================
2023-09-02 20:57:03,066 - FGO - INFO - Epoch   0 | Train Loss: -3.370 | Val Loss: -0.30 | Val F1: 0.99 |
2023-09-02 20:57:03,925 - FGO - INFO - Epoch  10 | Train Loss: -4.186 | Val Loss: -0.30 | Val F1: 0.99 |
2023-09-02 20:57:04,710 - FGO - INFO - Epoch  20 | Train Loss: -4.394 | Val Loss: -0.36 | Val F1: 0.99 |
2023-09-02 20:57:05,560 - FGO - INFO - Epoch  30 | Train Loss: -4.475 | Val Loss: -0.39 | Val F1: 0.99 |
2023-09-02 20:57:06,343 - FGO - INFO - Epoch  40 | Train Loss: -4.515 | Val Loss: -0.39 | Val F1: 0.99 |
2023-09-02 20:57:07,083 - FGO - INFO - Best Epoch:   6 | Train Loss: -4.076 | Val Loss: -0.34 | Val F1: 0.99 |
2023-09-02 20:57:07,083 - FGO - INFO - Setting model to best state.
2023-09-02 20:57:07,087 - FGO - INFO - ===== Test Fair OT GCN Model =============================================================
2023-09-02 20:57:07,113 - FGO - INFO - Train CM:
[[387  10]
 [ 11 324]]
2023-09-02 20:57:07,114 - FGO - INFO - Val CM:
[[37  0]
 [ 1 34]]
2023-09-02 20:57:07,114 - FGO - INFO - Test CM:
[[37  0]
 [ 1 34]]
2023-09-02 20:57:07,120 - FGO - INFO - test statistical parity: 0.08387096774193548
2023-09-02 20:57:07,121 - FGO - INFO - test equal opportunity: 0.19999999999999996
2023-09-02 20:57:07,122 - FGO - INFO - test micro f1: 0.9861111111111112
2023-09-02 20:57:07,122 - FGO - INFO - test macro f1: 0.986086956521739
