2023-09-02 19:16:27,084 - FGO - INFO - ===== SETUP LOGGING ======================================================================
2023-09-02 19:16:27,084 - FGO - INFO - THIS_FILE: Wrapper.py
2023-09-02 19:16:27,084 - FGO - INFO - 	learning_rate: 0.005
2023-09-02 19:16:27,084 - FGO - INFO - 	h1: 64
2023-09-02 19:16:27,084 - FGO - INFO - 	h2: 32
2023-09-02 19:16:27,084 - FGO - INFO - 	weight_decay: 0.0005
2023-09-02 19:16:27,084 - FGO - INFO - 	dropout: 0.0
2023-09-02 19:16:27,084 - FGO - INFO - 	max_pretrain_epochs: 50
2023-09-02 19:16:27,084 - FGO - INFO - 	max_ot_epochs: 15
2023-09-02 19:16:27,084 - FGO - INFO - 	lambda: 0.01
2023-09-02 19:16:27,084 - FGO - INFO - 	theta: 10
2023-09-02 19:16:27,084 - FGO - INFO - 	clip: 5
2023-09-02 19:16:27,084 - FGO - INFO - ===== SETUP LOGGING COMPLETE =============================================================
2023-09-02 19:16:27,084 - FGO - INFO - ===== Preparing to load data =============================================================
2023-09-02 19:16:27,084 - FGO - INFO - SOURCE: abide_large
2023-09-02 19:16:27,084 - FGO - INFO - TARGET: abide_small
2023-09-02 19:16:27,084 - FGO - INFO - ===== Retrieving SOURCE Data =============================================================
2023-09-02 19:16:27,084 - FGO - INFO - *************** In load_graph_data ***************
2023-09-02 19:16:27,084 - FGO - INFO - 	FILEPATH: ./data/abide_large.mat
2023-09-02 19:16:27,085 - FGO - INFO - 	X shape: (804, 93)
2023-09-02 19:16:27,085 - FGO - INFO - 	A shape: (804, 804)
2023-09-02 19:16:27,085 - FGO - INFO - 	P shape: (804,)
2023-09-02 19:16:27,085 - FGO - INFO - 	Y shape: (804, 2)
2023-09-02 19:16:27,085 - FGO - INFO - 	Y sum: 804 (number of postive labels)
2023-09-02 19:16:27,086 - FGO - INFO - ===== Retrieving TARGET Data =============================================================
2023-09-02 19:16:27,086 - FGO - INFO - *************** In load_graph_data ***************
2023-09-02 19:16:27,086 - FGO - INFO - 	FILEPATH: ./data/abide_small.mat
2023-09-02 19:16:27,086 - FGO - INFO - 	X shape: (67, 93)
2023-09-02 19:16:27,086 - FGO - INFO - 	A shape: (67, 67)
2023-09-02 19:16:27,086 - FGO - INFO - 	P shape: (67,)
2023-09-02 19:16:27,086 - FGO - INFO - 	Y shape: (67, 2)
2023-09-02 19:16:27,086 - FGO - INFO - 	Y sum: 67 (number of postive labels)
2023-09-02 19:16:27,086 - FGO - INFO - ===== Combine Data =======================================================================
2023-09-02 19:16:27,119 - FGO - INFO - A shape: (871, 871)
2023-09-02 19:16:27,119 - FGO - INFO - X shape: (871, 93)
2023-09-02 19:16:27,119 - FGO - INFO - Y shape: (871, 2)
2023-09-02 19:16:27,119 - FGO - INFO - N: 871
2023-09-02 19:16:27,119 - FGO - INFO - N_s: 804
2023-09-02 19:16:27,119 - FGO - INFO - N_t: 67
2023-09-02 19:16:27,123 - FGO - INFO - ===== Configuring Train/Val/Test Masks ===================================================
2023-09-02 19:16:27,123 - FGO - INFO - Train Total: 804
2023-09-02 19:16:27,123 - FGO - INFO - Val Total:   0.0
2023-09-02 19:16:27,123 - FGO - INFO - Test Total:  67
2023-09-02 19:16:27,124 - FGO - INFO - ===== Pretrain GCN Model =================================================================
2023-09-02 19:16:27,169 - FGO - INFO - Epoch   0 | Train Loss: 0.692 | Train Macro F1: 0.35 |
2023-09-02 19:16:27,604 - FGO - INFO - Epoch  10 | Train Loss: 0.624 | Train Macro F1: 0.68 |
2023-09-02 19:16:28,041 - FGO - INFO - Epoch  20 | Train Loss: 0.323 | Train Macro F1: 0.90 |
2023-09-02 19:16:28,480 - FGO - INFO - Epoch  30 | Train Loss: 0.150 | Train Macro F1: 0.95 |
2023-09-02 19:16:28,912 - FGO - INFO - Epoch  40 | Train Loss: 0.102 | Train Macro F1: 0.96 |
2023-09-02 19:16:29,346 - FGO - INFO - Epoch  50 | Train Loss: 0.089 | Train Macro F1: 0.97 |
2023-09-02 19:16:29,347 - FGO - INFO - ===== Train Fair OT GCN Model ============================================================
2023-09-02 19:16:29,594 - FGO - INFO - Epoch   0 | Train Loss: 2.987 | Train CE Loss: 3.452 | Train OT Loss: -0.047| Train Macro F1: 0.54 |
2023-09-02 19:16:30,908 - FGO - INFO - Epoch  10 | Train Loss: -0.330 | Train CE Loss: 0.393 | Train OT Loss: -0.072| Train Macro F1: 0.76 |
2023-09-02 19:16:31,394 - FGO - INFO - ===== Test Fair OT GCN Model =============================================================
2023-09-02 19:16:31,432 - FGO - INFO - Train CM:
[[432   2]
 [ 43 327]]
2023-09-02 19:16:31,433 - FGO - INFO - Val CM:
[]
2023-09-02 19:16:31,433 - FGO - INFO - Test CM:
[[34  0]
 [ 2 31]]
2023-09-02 19:16:31,438 - FGO - INFO - test micro f1: 0.9701492537313433
2023-09-02 19:16:31,438 - FGO - INFO - test macro f1: 0.9700892857142858
2023-09-02 19:16:31,438 - FGO - INFO - test statistical parity: 0.09999999999999998
2023-09-02 19:16:31,439 - FGO - INFO - test equal opportunity: 0.045454545454545525
2023-09-02 19:16:31,440 - FGO - INFO - train micro f1: 0.9440298507462687
2023-09-02 19:16:31,440 - FGO - INFO - train macro f1: 0.9430586835507586
2023-09-02 19:16:31,441 - FGO - INFO - train statistical parity: 0.12521621787401094
2023-09-02 19:16:31,442 - FGO - INFO - train equal opportunity: 0.0526989545551525
