2023-09-02 20:52:08,059 - FGO - INFO - ===== SETUP LOGGING ======================================================================
2023-09-02 20:52:08,059 - FGO - INFO - THIS_FILE: Wrapper.py
2023-09-02 20:52:08,059 - FGO - INFO - 	done: False
2023-09-02 20:52:08,059 - FGO - INFO - 	learning_rate: 0.005
2023-09-02 20:52:08,059 - FGO - INFO - 	h1: 64
2023-09-02 20:52:08,059 - FGO - INFO - 	h2: 32
2023-09-02 20:52:08,059 - FGO - INFO - 	weight_decay: 0.0005
2023-09-02 20:52:08,059 - FGO - INFO - 	dropout: 0.0
2023-09-02 20:52:08,059 - FGO - INFO - 	max_pretrain_epochs: 100
2023-09-02 20:52:08,059 - FGO - INFO - 	max_ot_epochs: 50
2023-09-02 20:52:08,059 - FGO - INFO - 	lambda: 0.03
2023-09-02 20:52:08,059 - FGO - INFO - 	theta: 30
2023-09-02 20:52:08,059 - FGO - INFO - 	clip: 5
2023-09-02 20:52:08,059 - FGO - INFO - ===== SETUP LOGGING COMPLETE =============================================================
2023-09-02 20:52:08,059 - FGO - INFO - ===== Configuring Masks ==================================================================
2023-09-02 20:52:08,059 - FGO - INFO - Source Total: 725
2023-09-02 20:52:08,059 - FGO - INFO - Target Total: 79
2023-09-02 20:52:08,059 - FGO - INFO - Train Total: 725
2023-09-02 20:52:08,059 - FGO - INFO - Val Total:   79
2023-09-02 20:52:08,059 - FGO - INFO - Test Total:  79
2023-09-02 20:52:08,059 - FGO - INFO - ===== Preparing to load data =============================================================
2023-09-02 20:52:08,059 - FGO - INFO - SOURCE: abide_large
2023-09-02 20:52:08,059 - FGO - INFO - ===== Retrieving SOURCE Data =============================================================
2023-09-02 20:52:08,059 - FGO - INFO - *************** In load_graph_data ***************
2023-09-02 20:52:08,059 - FGO - INFO - 	FILEPATH: ./data/abide_large.mat
2023-09-02 20:52:08,060 - FGO - INFO - 	X shape: (804, 93)
2023-09-02 20:52:08,060 - FGO - INFO - 	A shape: (804, 804)
2023-09-02 20:52:08,060 - FGO - INFO - 	P shape: (804,)
2023-09-02 20:52:08,060 - FGO - INFO - 	Y shape: (804, 2)
2023-09-02 20:52:08,060 - FGO - INFO - 	Y sum: 804 (number of postive labels)
2023-09-02 20:52:08,061 - FGO - INFO - ===== Preparing data =====================================================================
2023-09-02 20:52:08,062 - FGO - INFO - ===== Disconnecting Source and Target ====================================================
2023-09-02 20:52:08,160 - FGO - INFO - ===== Finalize Data ======================================================================
2023-09-02 20:52:08,160 - FGO - INFO - A shape: (804, 804)
2023-09-02 20:52:08,160 - FGO - INFO - X shape: (804, 93)
2023-09-02 20:52:08,160 - FGO - INFO - Y shape: (804, 2)
2023-09-02 20:52:08,160 - FGO - INFO - N: 804
2023-09-02 20:52:08,160 - FGO - INFO - N_s: 725
2023-09-02 20:52:08,160 - FGO - INFO - N_t: 79
2023-09-02 20:52:08,164 - FGO - INFO - ===== Pretrain GCN Model =================================================================
2023-09-02 20:52:08,167 - FGO - INFO - Epoch   0 | Train Loss: 0.690 | Val Loss: 0.67 | Val F1: 0.38 |
2023-09-02 20:52:08,192 - FGO - INFO - Epoch  10 | Train Loss: 0.579 | Val Loss: 0.59 | Val F1: 0.74 |
2023-09-02 20:52:08,216 - FGO - INFO - Epoch  20 | Train Loss: 0.262 | Val Loss: 0.30 | Val F1: 0.91 |
2023-09-02 20:52:08,241 - FGO - INFO - Epoch  30 | Train Loss: 0.128 | Val Loss: 0.18 | Val F1: 0.97 |
2023-09-02 20:52:08,265 - FGO - INFO - Epoch  40 | Train Loss: 0.098 | Val Loss: 0.20 | Val F1: 0.97 |
2023-09-02 20:52:08,290 - FGO - INFO - Epoch  50 | Train Loss: 0.085 | Val Loss: 0.20 | Val F1: 0.97 |
2023-09-02 20:52:08,314 - FGO - INFO - Epoch  60 | Train Loss: 0.076 | Val Loss: 0.19 | Val F1: 0.97 |
2023-09-02 20:52:08,338 - FGO - INFO - Epoch  70 | Train Loss: 0.071 | Val Loss: 0.17 | Val F1: 0.97 |
2023-09-02 20:52:08,363 - FGO - INFO - Epoch  80 | Train Loss: 0.068 | Val Loss: 0.17 | Val F1: 0.97 |
2023-09-02 20:52:08,387 - FGO - INFO - Epoch  90 | Train Loss: 0.066 | Val Loss: 0.15 | Val F1: 0.97 |
2023-09-02 20:52:08,411 - FGO - INFO - Epoch 100 | Train Loss: 0.065 | Val Loss: 0.15 | Val F1: 0.97 |
2023-09-02 20:52:08,411 - FGO - INFO - Best Epoch:  51 | Train Loss: 0.085 | Val Loss: 0.18 | Val F1: 0.99 
2023-09-02 20:52:08,411 - FGO - INFO - Setting model to best state.
2023-09-02 20:52:08,413 - FGO - INFO - ===== Train Fair OT GCN Model ============================================================
2023-09-02 20:52:08,496 - FGO - INFO - Epoch   0 | Train Loss: -7.381 | Val Loss: -0.67 | Val F1: 0.97 |
2023-09-02 20:52:09,338 - FGO - INFO - Epoch  10 | Train Loss: -7.803 | Val Loss: -0.47 | Val F1: 0.88 |
2023-09-02 20:52:10,183 - FGO - INFO - Epoch  20 | Train Loss: -8.069 | Val Loss: -0.78 | Val F1: 0.97 |
2023-09-02 20:52:10,923 - FGO - INFO - Epoch  30 | Train Loss: -8.189 | Val Loss: -0.85 | Val F1: 0.97 |
2023-09-02 20:52:11,776 - FGO - INFO - Epoch  40 | Train Loss: -8.252 | Val Loss: -0.87 | Val F1: 0.99 |
2023-09-02 20:52:12,559 - FGO - INFO - Best Epoch:  26 | Train Loss: -8.152 | Val Loss: -0.83 | Val F1: 0.99 |
2023-09-02 20:52:12,559 - FGO - INFO - Setting model to best state.
2023-09-02 20:52:12,562 - FGO - INFO - ===== Test Fair OT GCN Model =============================================================
2023-09-02 20:52:12,587 - FGO - INFO - Train CM:
[[378   7]
 [ 14 326]]
2023-09-02 20:52:12,587 - FGO - INFO - Val CM:
[[47  2]
 [ 0 30]]
2023-09-02 20:52:12,588 - FGO - INFO - Test CM:
[[47  2]
 [ 0 30]]
2023-09-02 20:52:12,593 - FGO - INFO - test statistical parity: 0.005797101449275366
2023-09-02 20:52:12,594 - FGO - INFO - test equal opportunity: 0.0
2023-09-02 20:52:12,595 - FGO - INFO - test micro f1: 0.9746835443037974
2023-09-02 20:52:12,595 - FGO - INFO - test macro f1: 0.9734543010752688
