2023-09-02 20:56:00,992 - FGO - INFO - ===== SETUP LOGGING ======================================================================
2023-09-02 20:56:00,992 - FGO - INFO - THIS_FILE: Wrapper.py
2023-09-02 20:56:00,992 - FGO - INFO - 	done: False
2023-09-02 20:56:00,992 - FGO - INFO - 	learning_rate: 0.01
2023-09-02 20:56:00,992 - FGO - INFO - 	h1: 64
2023-09-02 20:56:00,992 - FGO - INFO - 	h2: 32
2023-09-02 20:56:00,992 - FGO - INFO - 	weight_decay: 0.0005
2023-09-02 20:56:00,992 - FGO - INFO - 	dropout: 0.0
2023-09-02 20:56:00,992 - FGO - INFO - 	max_pretrain_epochs: 100
2023-09-02 20:56:00,992 - FGO - INFO - 	max_ot_epochs: 50
2023-09-02 20:56:00,992 - FGO - INFO - 	lambda: 0.01
2023-09-02 20:56:00,992 - FGO - INFO - 	theta: 30
2023-09-02 20:56:00,992 - FGO - INFO - 	clip: 5
2023-09-02 20:56:00,992 - FGO - INFO - ===== SETUP LOGGING COMPLETE =============================================================
2023-09-02 20:56:00,992 - FGO - INFO - ===== Configuring Masks ==================================================================
2023-09-02 20:56:00,992 - FGO - INFO - Source Total: 727
2023-09-02 20:56:00,992 - FGO - INFO - Target Total: 77
2023-09-02 20:56:00,992 - FGO - INFO - Train Total: 727
2023-09-02 20:56:00,992 - FGO - INFO - Val Total:   77
2023-09-02 20:56:00,992 - FGO - INFO - Test Total:  77
2023-09-02 20:56:00,992 - FGO - INFO - ===== Preparing to load data =============================================================
2023-09-02 20:56:00,992 - FGO - INFO - SOURCE: abide_large
2023-09-02 20:56:00,992 - FGO - INFO - ===== Retrieving SOURCE Data =============================================================
2023-09-02 20:56:00,992 - FGO - INFO - *************** In load_graph_data ***************
2023-09-02 20:56:00,992 - FGO - INFO - 	FILEPATH: ./data/abide_large.mat
2023-09-02 20:56:00,993 - FGO - INFO - 	X shape: (804, 93)
2023-09-02 20:56:00,993 - FGO - INFO - 	A shape: (804, 804)
2023-09-02 20:56:00,993 - FGO - INFO - 	P shape: (804,)
2023-09-02 20:56:00,993 - FGO - INFO - 	Y shape: (804, 2)
2023-09-02 20:56:00,993 - FGO - INFO - 	Y sum: 804 (number of postive labels)
2023-09-02 20:56:00,994 - FGO - INFO - ===== Preparing data =====================================================================
2023-09-02 20:56:00,995 - FGO - INFO - ===== Disconnecting Source and Target ====================================================
2023-09-02 20:56:01,091 - FGO - INFO - ===== Finalize Data ======================================================================
2023-09-02 20:56:01,091 - FGO - INFO - A shape: (804, 804)
2023-09-02 20:56:01,091 - FGO - INFO - X shape: (804, 93)
2023-09-02 20:56:01,091 - FGO - INFO - Y shape: (804, 2)
2023-09-02 20:56:01,091 - FGO - INFO - N: 804
2023-09-02 20:56:01,091 - FGO - INFO - N_s: 727
2023-09-02 20:56:01,091 - FGO - INFO - N_t: 77
2023-09-02 20:56:01,095 - FGO - INFO - ===== Pretrain GCN Model =================================================================
2023-09-02 20:56:01,099 - FGO - INFO - Epoch   0 | Train Loss: 0.689 | Val Loss: 0.68 | Val F1: 0.36 |
2023-09-02 20:56:01,127 - FGO - INFO - Epoch  10 | Train Loss: 0.472 | Val Loss: 0.55 | Val F1: 0.71 |
2023-09-02 20:56:01,156 - FGO - INFO - Epoch  20 | Train Loss: 0.138 | Val Loss: 0.27 | Val F1: 0.84 |
2023-09-02 20:56:01,184 - FGO - INFO - Epoch  30 | Train Loss: 0.091 | Val Loss: 0.17 | Val F1: 0.93 |
2023-09-02 20:56:01,212 - FGO - INFO - Epoch  40 | Train Loss: 0.080 | Val Loss: 0.16 | Val F1: 0.92 |
2023-09-02 20:56:01,240 - FGO - INFO - Epoch  50 | Train Loss: 0.067 | Val Loss: 0.20 | Val F1: 0.87 |
2023-09-02 20:56:01,277 - FGO - INFO - Epoch  60 | Train Loss: 0.061 | Val Loss: 0.22 | Val F1: 0.89 |
2023-09-02 20:56:01,305 - FGO - INFO - Epoch  70 | Train Loss: 0.061 | Val Loss: 0.16 | Val F1: 0.92 |
2023-09-02 20:56:01,329 - FGO - INFO - Epoch  80 | Train Loss: 0.054 | Val Loss: 0.18 | Val F1: 0.90 |
2023-09-02 20:56:01,354 - FGO - INFO - Epoch  90 | Train Loss: 0.051 | Val Loss: 0.21 | Val F1: 0.92 |
2023-09-02 20:56:01,378 - FGO - INFO - Epoch 100 | Train Loss: 0.055 | Val Loss: 0.29 | Val F1: 0.89 |
2023-09-02 20:56:01,378 - FGO - INFO - Best Epoch:  34 | Train Loss: 0.088 | Val Loss: 0.17 | Val F1: 0.95 
2023-09-02 20:56:01,378 - FGO - INFO - Setting model to best state.
2023-09-02 20:56:01,380 - FGO - INFO - ===== Train Fair OT GCN Model ============================================================
2023-09-02 20:56:01,464 - FGO - INFO - Epoch   0 | Train Loss: -1.752 | Val Loss: 0.00 | Val F1: 0.90 |
2023-09-02 20:56:02,409 - FGO - INFO - Epoch  10 | Train Loss: -2.220 | Val Loss: 0.05 | Val F1: 0.91 |
2023-09-02 20:56:03,210 - FGO - INFO - Epoch  20 | Train Loss: -2.409 | Val Loss: -0.03 | Val F1: 0.89 |
2023-09-02 20:56:03,941 - FGO - INFO - Epoch  30 | Train Loss: -2.525 | Val Loss: 0.01 | Val F1: 0.89 |
2023-09-02 20:56:04,752 - FGO - INFO - Epoch  40 | Train Loss: -2.589 | Val Loss: -0.04 | Val F1: 0.93 |
2023-09-02 20:56:05,523 - FGO - INFO - Best Epoch:  34 | Train Loss: -2.556 | Val Loss: -0.03 | Val F1: 0.93 |
2023-09-02 20:56:05,523 - FGO - INFO - Setting model to best state.
2023-09-02 20:56:05,527 - FGO - INFO - ===== Test Fair OT GCN Model =============================================================
2023-09-02 20:56:05,556 - FGO - INFO - Train CM:
[[382   8]
 [  8 329]]
2023-09-02 20:56:05,556 - FGO - INFO - Val CM:
[[43  1]
 [ 4 29]]
2023-09-02 20:56:05,557 - FGO - INFO - Test CM:
[[43  1]
 [ 4 29]]
2023-09-02 20:56:05,562 - FGO - INFO - test statistical parity: 0.36282051282051286
2023-09-02 20:56:05,563 - FGO - INFO - test equal opportunity: 0.4032258064516129
2023-09-02 20:56:05,564 - FGO - INFO - test micro f1: 0.935064935064935
2023-09-02 20:56:05,564 - FGO - INFO - test macro f1: 0.9328449328449329
