2023-09-02 20:43:25,236 - FGO - INFO - ===== SETUP LOGGING ======================================================================
2023-09-02 20:43:25,236 - FGO - INFO - THIS_FILE: Wrapper.py
2023-09-02 20:43:25,236 - FGO - INFO - 	done: False
2023-09-02 20:43:25,236 - FGO - INFO - 	learning_rate: 0.001
2023-09-02 20:43:25,236 - FGO - INFO - 	h1: 64
2023-09-02 20:43:25,236 - FGO - INFO - 	h2: 32
2023-09-02 20:43:25,236 - FGO - INFO - 	weight_decay: 0.0005
2023-09-02 20:43:25,236 - FGO - INFO - 	dropout: 0.0
2023-09-02 20:43:25,236 - FGO - INFO - 	max_pretrain_epochs: 100
2023-09-02 20:43:25,236 - FGO - INFO - 	max_ot_epochs: 50
2023-09-02 20:43:25,236 - FGO - INFO - 	lambda: 0.01
2023-09-02 20:43:25,236 - FGO - INFO - 	theta: 50
2023-09-02 20:43:25,236 - FGO - INFO - 	clip: 5
2023-09-02 20:43:25,236 - FGO - INFO - ===== SETUP LOGGING COMPLETE =============================================================
2023-09-02 20:43:25,236 - FGO - INFO - ===== Configuring Masks ==================================================================
2023-09-02 20:43:25,236 - FGO - INFO - Source Total: 721
2023-09-02 20:43:25,236 - FGO - INFO - Target Total: 83
2023-09-02 20:43:25,236 - FGO - INFO - Train Total: 721
2023-09-02 20:43:25,236 - FGO - INFO - Val Total:   83
2023-09-02 20:43:25,236 - FGO - INFO - Test Total:  83
2023-09-02 20:43:25,236 - FGO - INFO - ===== Preparing to load data =============================================================
2023-09-02 20:43:25,236 - FGO - INFO - SOURCE: abide_large
2023-09-02 20:43:25,236 - FGO - INFO - ===== Retrieving SOURCE Data =============================================================
2023-09-02 20:43:25,236 - FGO - INFO - *************** In load_graph_data ***************
2023-09-02 20:43:25,236 - FGO - INFO - 	FILEPATH: ./data/abide_large.mat
2023-09-02 20:43:25,237 - FGO - INFO - 	X shape: (804, 93)
2023-09-02 20:43:25,237 - FGO - INFO - 	A shape: (804, 804)
2023-09-02 20:43:25,237 - FGO - INFO - 	P shape: (804,)
2023-09-02 20:43:25,237 - FGO - INFO - 	Y shape: (804, 2)
2023-09-02 20:43:25,237 - FGO - INFO - 	Y sum: 804 (number of postive labels)
2023-09-02 20:43:25,238 - FGO - INFO - ===== Preparing data =====================================================================
2023-09-02 20:43:25,239 - FGO - INFO - ===== Disconnecting Source and Target ====================================================
2023-09-02 20:43:25,342 - FGO - INFO - ===== Finalize Data ======================================================================
2023-09-02 20:43:25,342 - FGO - INFO - A shape: (804, 804)
2023-09-02 20:43:25,342 - FGO - INFO - X shape: (804, 93)
2023-09-02 20:43:25,342 - FGO - INFO - Y shape: (804, 2)
2023-09-02 20:43:25,342 - FGO - INFO - N: 804
2023-09-02 20:43:25,342 - FGO - INFO - N_s: 721
2023-09-02 20:43:25,342 - FGO - INFO - N_t: 83
2023-09-02 20:43:25,346 - FGO - INFO - ===== Pretrain GCN Model =================================================================
2023-09-02 20:43:25,349 - FGO - INFO - Epoch   0 | Train Loss: 0.690 | Val Loss: 0.68 | Val F1: 0.38 |
2023-09-02 20:43:25,373 - FGO - INFO - Epoch  10 | Train Loss: 0.675 | Val Loss: 0.67 | Val F1: 0.57 |
2023-09-02 20:43:25,398 - FGO - INFO - Epoch  20 | Train Loss: 0.649 | Val Loss: 0.64 | Val F1: 0.66 |
2023-09-02 20:43:25,423 - FGO - INFO - Epoch  30 | Train Loss: 0.594 | Val Loss: 0.60 | Val F1: 0.76 |
2023-09-02 20:43:25,447 - FGO - INFO - Epoch  40 | Train Loss: 0.506 | Val Loss: 0.52 | Val F1: 0.83 |
2023-09-02 20:43:25,472 - FGO - INFO - Epoch  50 | Train Loss: 0.398 | Val Loss: 0.43 | Val F1: 0.84 |
2023-09-02 20:43:25,496 - FGO - INFO - Epoch  60 | Train Loss: 0.295 | Val Loss: 0.34 | Val F1: 0.85 |
2023-09-02 20:43:25,520 - FGO - INFO - Epoch  70 | Train Loss: 0.219 | Val Loss: 0.27 | Val F1: 0.90 |
2023-09-02 20:43:25,545 - FGO - INFO - Epoch  80 | Train Loss: 0.171 | Val Loss: 0.25 | Val F1: 0.91 |
2023-09-02 20:43:25,569 - FGO - INFO - Epoch  90 | Train Loss: 0.140 | Val Loss: 0.24 | Val F1: 0.90 |
2023-09-02 20:43:25,594 - FGO - INFO - Epoch 100 | Train Loss: 0.119 | Val Loss: 0.25 | Val F1: 0.87 |
2023-09-02 20:43:25,594 - FGO - INFO - Best Epoch:  80 | Train Loss: 0.171 | Val Loss: 0.25 | Val F1: 0.91 
2023-09-02 20:43:25,594 - FGO - INFO - Setting model to best state.
2023-09-02 20:43:25,595 - FGO - INFO - ===== Train Fair OT GCN Model ============================================================
2023-09-02 20:43:25,701 - FGO - INFO - Epoch   0 | Train Loss: -3.363 | Val Loss: -0.15 | Val F1: 0.87 |
2023-09-02 20:43:26,562 - FGO - INFO - Epoch  10 | Train Loss: -3.702 | Val Loss: -0.15 | Val F1: 0.91 |
2023-09-02 20:43:27,355 - FGO - INFO - Epoch  20 | Train Loss: -3.982 | Val Loss: -0.17 | Val F1: 0.91 |
2023-09-02 20:43:28,211 - FGO - INFO - Epoch  30 | Train Loss: -4.136 | Val Loss: -0.19 | Val F1: 0.90 |
2023-09-02 20:43:29,046 - FGO - INFO - Epoch  40 | Train Loss: -4.207 | Val Loss: -0.18 | Val F1: 0.90 |
2023-09-02 20:43:29,758 - FGO - INFO - Best Epoch:   8 | Train Loss: -3.646 | Val Loss: -0.14 | Val F1: 0.91 |
2023-09-02 20:43:29,758 - FGO - INFO - Setting model to best state.
2023-09-02 20:43:29,762 - FGO - INFO - ===== Test Fair OT GCN Model =============================================================
2023-09-02 20:43:29,788 - FGO - INFO - Train CM:
[[376   8]
 [ 34 303]]
2023-09-02 20:43:29,788 - FGO - INFO - Val CM:
[[46  4]
 [ 4 29]]
2023-09-02 20:43:29,788 - FGO - INFO - Test CM:
[[46  4]
 [ 4 29]]
2023-09-02 20:43:29,793 - FGO - INFO - test statistical parity: 0.11971830985915494
2023-09-02 20:43:29,795 - FGO - INFO - test equal opportunity: 0.05555555555555547
2023-09-02 20:43:29,795 - FGO - INFO - test micro f1: 0.9036144578313253
2023-09-02 20:43:29,796 - FGO - INFO - test macro f1: 0.8993939393939394
