2023-09-02 20:42:25,386 - FGO - INFO - ===== SETUP LOGGING ======================================================================
2023-09-02 20:42:25,386 - FGO - INFO - THIS_FILE: Wrapper.py
2023-09-02 20:42:25,386 - FGO - INFO - 	done: False
2023-09-02 20:42:25,386 - FGO - INFO - 	learning_rate: 0.001
2023-09-02 20:42:25,386 - FGO - INFO - 	h1: 64
2023-09-02 20:42:25,386 - FGO - INFO - 	h2: 32
2023-09-02 20:42:25,386 - FGO - INFO - 	weight_decay: 0.0005
2023-09-02 20:42:25,386 - FGO - INFO - 	dropout: 0.0
2023-09-02 20:42:25,386 - FGO - INFO - 	max_pretrain_epochs: 100
2023-09-02 20:42:25,386 - FGO - INFO - 	max_ot_epochs: 50
2023-09-02 20:42:25,386 - FGO - INFO - 	lambda: 0.01
2023-09-02 20:42:25,386 - FGO - INFO - 	theta: 10
2023-09-02 20:42:25,386 - FGO - INFO - 	clip: 5
2023-09-02 20:42:25,386 - FGO - INFO - ===== SETUP LOGGING COMPLETE =============================================================
2023-09-02 20:42:25,386 - FGO - INFO - ===== Configuring Masks ==================================================================
2023-09-02 20:42:25,386 - FGO - INFO - Source Total: 725
2023-09-02 20:42:25,386 - FGO - INFO - Target Total: 79
2023-09-02 20:42:25,386 - FGO - INFO - Train Total: 725
2023-09-02 20:42:25,386 - FGO - INFO - Val Total:   79
2023-09-02 20:42:25,386 - FGO - INFO - Test Total:  79
2023-09-02 20:42:25,386 - FGO - INFO - ===== Preparing to load data =============================================================
2023-09-02 20:42:25,386 - FGO - INFO - SOURCE: abide_large
2023-09-02 20:42:25,386 - FGO - INFO - ===== Retrieving SOURCE Data =============================================================
2023-09-02 20:42:25,386 - FGO - INFO - *************** In load_graph_data ***************
2023-09-02 20:42:25,386 - FGO - INFO - 	FILEPATH: ./data/abide_large.mat
2023-09-02 20:42:25,387 - FGO - INFO - 	X shape: (804, 93)
2023-09-02 20:42:25,387 - FGO - INFO - 	A shape: (804, 804)
2023-09-02 20:42:25,387 - FGO - INFO - 	P shape: (804,)
2023-09-02 20:42:25,387 - FGO - INFO - 	Y shape: (804, 2)
2023-09-02 20:42:25,387 - FGO - INFO - 	Y sum: 804 (number of postive labels)
2023-09-02 20:42:25,388 - FGO - INFO - ===== Preparing data =====================================================================
2023-09-02 20:42:25,389 - FGO - INFO - ===== Disconnecting Source and Target ====================================================
2023-09-02 20:42:25,487 - FGO - INFO - ===== Finalize Data ======================================================================
2023-09-02 20:42:25,487 - FGO - INFO - A shape: (804, 804)
2023-09-02 20:42:25,487 - FGO - INFO - X shape: (804, 93)
2023-09-02 20:42:25,487 - FGO - INFO - Y shape: (804, 2)
2023-09-02 20:42:25,487 - FGO - INFO - N: 804
2023-09-02 20:42:25,487 - FGO - INFO - N_s: 725
2023-09-02 20:42:25,487 - FGO - INFO - N_t: 79
2023-09-02 20:42:25,491 - FGO - INFO - ===== Pretrain GCN Model =================================================================
2023-09-02 20:42:25,494 - FGO - INFO - Epoch   0 | Train Loss: 0.690 | Val Loss: 0.67 | Val F1: 0.38 |
2023-09-02 20:42:25,518 - FGO - INFO - Epoch  10 | Train Loss: 0.675 | Val Loss: 0.67 | Val F1: 0.50 |
2023-09-02 20:42:25,543 - FGO - INFO - Epoch  20 | Train Loss: 0.648 | Val Loss: 0.65 | Val F1: 0.59 |
2023-09-02 20:42:25,568 - FGO - INFO - Epoch  30 | Train Loss: 0.593 | Val Loss: 0.61 | Val F1: 0.69 |
2023-09-02 20:42:25,592 - FGO - INFO - Epoch  40 | Train Loss: 0.504 | Val Loss: 0.54 | Val F1: 0.78 |
2023-09-02 20:42:25,617 - FGO - INFO - Epoch  50 | Train Loss: 0.399 | Val Loss: 0.44 | Val F1: 0.88 |
2023-09-02 20:42:25,641 - FGO - INFO - Epoch  60 | Train Loss: 0.301 | Val Loss: 0.34 | Val F1: 0.90 |
2023-09-02 20:42:25,666 - FGO - INFO - Epoch  70 | Train Loss: 0.227 | Val Loss: 0.26 | Val F1: 0.92 |
2023-09-02 20:42:25,690 - FGO - INFO - Epoch  80 | Train Loss: 0.182 | Val Loss: 0.21 | Val F1: 0.96 |
2023-09-02 20:42:25,715 - FGO - INFO - Epoch  90 | Train Loss: 0.152 | Val Loss: 0.18 | Val F1: 0.96 |
2023-09-02 20:42:25,739 - FGO - INFO - Epoch 100 | Train Loss: 0.133 | Val Loss: 0.16 | Val F1: 0.96 |
2023-09-02 20:42:25,739 - FGO - INFO - Best Epoch:  85 | Train Loss: 0.165 | Val Loss: 0.19 | Val F1: 0.97 
2023-09-02 20:42:25,739 - FGO - INFO - Setting model to best state.
2023-09-02 20:42:25,740 - FGO - INFO - ===== Train Fair OT GCN Model ============================================================
2023-09-02 20:42:25,840 - FGO - INFO - Epoch   0 | Train Loss: -0.492 | Val Loss: 0.09 | Val F1: 0.96 |
2023-09-02 20:42:26,638 - FGO - INFO - Epoch  10 | Train Loss: -0.566 | Val Loss: 0.12 | Val F1: 0.97 |
2023-09-02 20:42:27,502 - FGO - INFO - Epoch  20 | Train Loss: -0.613 | Val Loss: 0.08 | Val F1: 0.97 |
2023-09-02 20:42:28,366 - FGO - INFO - Epoch  30 | Train Loss: -0.651 | Val Loss: 0.06 | Val F1: 0.97 |
2023-09-02 20:42:29,200 - FGO - INFO - Epoch  40 | Train Loss: -0.678 | Val Loss: 0.05 | Val F1: 0.97 |
2023-09-02 20:42:29,956 - FGO - INFO - Best Epoch:   9 | Train Loss: -0.562 | Val Loss: 0.11 | Val F1: 0.97 |
2023-09-02 20:42:29,956 - FGO - INFO - Setting model to best state.
2023-09-02 20:42:29,960 - FGO - INFO - ===== Test Fair OT GCN Model =============================================================
2023-09-02 20:42:29,989 - FGO - INFO - Train CM:
[[378   7]
 [ 18 322]]
2023-09-02 20:42:29,989 - FGO - INFO - Val CM:
[[47  2]
 [ 0 30]]
2023-09-02 20:42:29,989 - FGO - INFO - Test CM:
[[47  2]
 [ 0 30]]
2023-09-02 20:42:29,994 - FGO - INFO - test statistical parity: 0.005797101449275366
2023-09-02 20:42:29,995 - FGO - INFO - test equal opportunity: 0.0
2023-09-02 20:42:29,996 - FGO - INFO - test micro f1: 0.9746835443037974
2023-09-02 20:42:29,997 - FGO - INFO - test macro f1: 0.9734543010752688
