2023-09-02 21:01:38,551 - FGO - INFO - ===== SETUP LOGGING ======================================================================
2023-09-02 21:01:38,551 - FGO - INFO - THIS_FILE: Wrapper.py
2023-09-02 21:01:38,551 - FGO - INFO - 	done: False
2023-09-02 21:01:38,551 - FGO - INFO - 	learning_rate: 0.01
2023-09-02 21:01:38,551 - FGO - INFO - 	h1: 64
2023-09-02 21:01:38,551 - FGO - INFO - 	h2: 32
2023-09-02 21:01:38,551 - FGO - INFO - 	weight_decay: 0.0005
2023-09-02 21:01:38,551 - FGO - INFO - 	dropout: 0.0
2023-09-02 21:01:38,551 - FGO - INFO - 	max_pretrain_epochs: 100
2023-09-02 21:01:38,551 - FGO - INFO - 	max_ot_epochs: 50
2023-09-02 21:01:38,551 - FGO - INFO - 	lambda: 0.05
2023-09-02 21:01:38,551 - FGO - INFO - 	theta: 50
2023-09-02 21:01:38,551 - FGO - INFO - 	clip: 5
2023-09-02 21:01:38,551 - FGO - INFO - ===== SETUP LOGGING COMPLETE =============================================================
2023-09-02 21:01:38,551 - FGO - INFO - ===== Configuring Masks ==================================================================
2023-09-02 21:01:38,551 - FGO - INFO - Source Total: 717
2023-09-02 21:01:38,551 - FGO - INFO - Target Total: 87
2023-09-02 21:01:38,551 - FGO - INFO - Train Total: 717
2023-09-02 21:01:38,551 - FGO - INFO - Val Total:   87
2023-09-02 21:01:38,551 - FGO - INFO - Test Total:  87
2023-09-02 21:01:38,551 - FGO - INFO - ===== Preparing to load data =============================================================
2023-09-02 21:01:38,551 - FGO - INFO - SOURCE: abide_large
2023-09-02 21:01:38,551 - FGO - INFO - ===== Retrieving SOURCE Data =============================================================
2023-09-02 21:01:38,551 - FGO - INFO - *************** In load_graph_data ***************
2023-09-02 21:01:38,551 - FGO - INFO - 	FILEPATH: ./data/abide_large.mat
2023-09-02 21:01:38,552 - FGO - INFO - 	X shape: (804, 93)
2023-09-02 21:01:38,552 - FGO - INFO - 	A shape: (804, 804)
2023-09-02 21:01:38,552 - FGO - INFO - 	P shape: (804,)
2023-09-02 21:01:38,552 - FGO - INFO - 	Y shape: (804, 2)
2023-09-02 21:01:38,552 - FGO - INFO - 	Y sum: 804 (number of postive labels)
2023-09-02 21:01:38,553 - FGO - INFO - ===== Preparing data =====================================================================
2023-09-02 21:01:38,554 - FGO - INFO - ===== Disconnecting Source and Target ====================================================
2023-09-02 21:01:38,660 - FGO - INFO - ===== Finalize Data ======================================================================
2023-09-02 21:01:38,660 - FGO - INFO - A shape: (804, 804)
2023-09-02 21:01:38,660 - FGO - INFO - X shape: (804, 93)
2023-09-02 21:01:38,660 - FGO - INFO - Y shape: (804, 2)
2023-09-02 21:01:38,660 - FGO - INFO - N: 804
2023-09-02 21:01:38,660 - FGO - INFO - N_s: 717
2023-09-02 21:01:38,660 - FGO - INFO - N_t: 87
2023-09-02 21:01:38,664 - FGO - INFO - ===== Pretrain GCN Model =================================================================
2023-09-02 21:01:38,667 - FGO - INFO - Epoch   0 | Train Loss: 0.689 | Val Loss: 0.68 | Val F1: 0.35 |
2023-09-02 21:01:38,692 - FGO - INFO - Epoch  10 | Train Loss: 0.469 | Val Loss: 0.49 | Val F1: 0.86 |
2023-09-02 21:01:38,717 - FGO - INFO - Epoch  20 | Train Loss: 0.145 | Val Loss: 0.11 | Val F1: 0.98 |
2023-09-02 21:01:38,741 - FGO - INFO - Epoch  30 | Train Loss: 0.097 | Val Loss: 0.10 | Val F1: 0.97 |
2023-09-02 21:01:38,766 - FGO - INFO - Epoch  40 | Train Loss: 0.081 | Val Loss: 0.16 | Val F1: 0.95 |
2023-09-02 21:01:38,790 - FGO - INFO - Epoch  50 | Train Loss: 0.077 | Val Loss: 0.18 | Val F1: 0.95 |
2023-09-02 21:01:38,815 - FGO - INFO - Epoch  60 | Train Loss: 0.071 | Val Loss: 0.17 | Val F1: 0.95 |
2023-09-02 21:01:38,840 - FGO - INFO - Epoch  70 | Train Loss: 0.068 | Val Loss: 0.16 | Val F1: 0.95 |
2023-09-02 21:01:38,864 - FGO - INFO - Epoch  80 | Train Loss: 0.068 | Val Loss: 0.18 | Val F1: 0.95 |
2023-09-02 21:01:38,889 - FGO - INFO - Epoch  90 | Train Loss: 0.068 | Val Loss: 0.16 | Val F1: 0.95 |
2023-09-02 21:01:38,913 - FGO - INFO - Epoch 100 | Train Loss: 0.074 | Val Loss: 0.20 | Val F1: 0.95 |
2023-09-02 21:01:38,913 - FGO - INFO - Best Epoch:  20 | Train Loss: 0.145 | Val Loss: 0.11 | Val F1: 0.98 
2023-09-02 21:01:38,913 - FGO - INFO - Setting model to best state.
2023-09-02 21:01:38,915 - FGO - INFO - ===== Train Fair OT GCN Model ============================================================
2023-09-02 21:01:38,980 - FGO - INFO - Epoch   0 | Train Loss: -21.768 | Val Loss: -2.46 | Val F1: 0.95 |
2023-09-02 21:01:39,845 - FGO - INFO - Epoch  10 | Train Loss: -23.446 | Val Loss: -2.58 | Val F1: 0.95 |
2023-09-02 21:01:40,579 - FGO - INFO - Epoch  20 | Train Loss: -23.947 | Val Loss: -2.27 | Val F1: 0.35 |
2023-09-02 21:01:41,330 - FGO - INFO - Epoch  30 | Train Loss: -23.948 | Val Loss: -2.27 | Val F1: 0.35 |
2023-09-02 21:01:42,055 - FGO - INFO - Epoch  40 | Train Loss: -23.948 | Val Loss: -2.27 | Val F1: 0.35 |
2023-09-02 21:01:42,736 - FGO - INFO - Best Epoch:  10 | Train Loss: -23.446 | Val Loss: -2.58 | Val F1: 0.95 |
2023-09-02 21:01:42,736 - FGO - INFO - Setting model to best state.
2023-09-02 21:01:42,743 - FGO - INFO - ===== Test Fair OT GCN Model =============================================================
2023-09-02 21:01:42,768 - FGO - INFO - Train CM:
[[387   0]
 [330   0]]
2023-09-02 21:01:42,769 - FGO - INFO - Val CM:
[[47  0]
 [40  0]]
2023-09-02 21:01:42,769 - FGO - INFO - Test CM:
[[47  0]
 [40  0]]
2023-09-02 21:01:42,774 - FGO - INFO - test statistical parity: 0.0
2023-09-02 21:01:42,776 - FGO - INFO - test equal opportunity: 0.0
2023-09-02 21:01:42,777 - FGO - INFO - test micro f1: 0.5402298850574713
2023-09-02 21:01:42,777 - FGO - INFO - test macro f1: 0.3507462686567164
