2023-09-02 20:51:28,915 - FGO - INFO - ===== SETUP LOGGING ======================================================================
2023-09-02 20:51:28,915 - FGO - INFO - THIS_FILE: Wrapper.py
2023-09-02 20:51:28,915 - FGO - INFO - 	done: False
2023-09-02 20:51:28,915 - FGO - INFO - 	learning_rate: 0.005
2023-09-02 20:51:28,915 - FGO - INFO - 	h1: 64
2023-09-02 20:51:28,915 - FGO - INFO - 	h2: 32
2023-09-02 20:51:28,915 - FGO - INFO - 	weight_decay: 0.0005
2023-09-02 20:51:28,915 - FGO - INFO - 	dropout: 0.0
2023-09-02 20:51:28,915 - FGO - INFO - 	max_pretrain_epochs: 100
2023-09-02 20:51:28,915 - FGO - INFO - 	max_ot_epochs: 50
2023-09-02 20:51:28,915 - FGO - INFO - 	lambda: 0.03
2023-09-02 20:51:28,915 - FGO - INFO - 	theta: 30
2023-09-02 20:51:28,915 - FGO - INFO - 	clip: 5
2023-09-02 20:51:28,915 - FGO - INFO - ===== SETUP LOGGING COMPLETE =============================================================
2023-09-02 20:51:28,915 - FGO - INFO - ===== Configuring Masks ==================================================================
2023-09-02 20:51:28,915 - FGO - INFO - Source Total: 708
2023-09-02 20:51:28,915 - FGO - INFO - Target Total: 96
2023-09-02 20:51:28,915 - FGO - INFO - Train Total: 708
2023-09-02 20:51:28,915 - FGO - INFO - Val Total:   96
2023-09-02 20:51:28,915 - FGO - INFO - Test Total:  96
2023-09-02 20:51:28,915 - FGO - INFO - ===== Preparing to load data =============================================================
2023-09-02 20:51:28,915 - FGO - INFO - SOURCE: abide_large
2023-09-02 20:51:28,915 - FGO - INFO - ===== Retrieving SOURCE Data =============================================================
2023-09-02 20:51:28,915 - FGO - INFO - *************** In load_graph_data ***************
2023-09-02 20:51:28,915 - FGO - INFO - 	FILEPATH: ./data/abide_large.mat
2023-09-02 20:51:28,916 - FGO - INFO - 	X shape: (804, 93)
2023-09-02 20:51:28,916 - FGO - INFO - 	A shape: (804, 804)
2023-09-02 20:51:28,916 - FGO - INFO - 	P shape: (804,)
2023-09-02 20:51:28,916 - FGO - INFO - 	Y shape: (804, 2)
2023-09-02 20:51:28,916 - FGO - INFO - 	Y sum: 804 (number of postive labels)
2023-09-02 20:51:28,917 - FGO - INFO - ===== Preparing data =====================================================================
2023-09-02 20:51:28,918 - FGO - INFO - ===== Disconnecting Source and Target ====================================================
2023-09-02 20:51:29,034 - FGO - INFO - ===== Finalize Data ======================================================================
2023-09-02 20:51:29,034 - FGO - INFO - A shape: (804, 804)
2023-09-02 20:51:29,034 - FGO - INFO - X shape: (804, 93)
2023-09-02 20:51:29,034 - FGO - INFO - Y shape: (804, 2)
2023-09-02 20:51:29,034 - FGO - INFO - N: 804
2023-09-02 20:51:29,034 - FGO - INFO - N_s: 708
2023-09-02 20:51:29,034 - FGO - INFO - N_t: 96
2023-09-02 20:51:29,038 - FGO - INFO - ===== Pretrain GCN Model =================================================================
2023-09-02 20:51:29,041 - FGO - INFO - Epoch   0 | Train Loss: 0.688 | Val Loss: 0.69 | Val F1: 0.35 |
2023-09-02 20:51:29,065 - FGO - INFO - Epoch  10 | Train Loss: 0.572 | Val Loss: 0.59 | Val F1: 0.62 |
2023-09-02 20:51:29,090 - FGO - INFO - Epoch  20 | Train Loss: 0.245 | Val Loss: 0.25 | Val F1: 0.93 |
2023-09-02 20:51:29,114 - FGO - INFO - Epoch  30 | Train Loss: 0.127 | Val Loss: 0.16 | Val F1: 0.95 |
2023-09-02 20:51:29,138 - FGO - INFO - Epoch  40 | Train Loss: 0.092 | Val Loss: 0.12 | Val F1: 0.95 |
2023-09-02 20:51:29,162 - FGO - INFO - Epoch  50 | Train Loss: 0.083 | Val Loss: 0.18 | Val F1: 0.96 |
2023-09-02 20:51:29,186 - FGO - INFO - Epoch  60 | Train Loss: 0.072 | Val Loss: 0.17 | Val F1: 0.96 |
2023-09-02 20:51:29,211 - FGO - INFO - Epoch  70 | Train Loss: 0.067 | Val Loss: 0.17 | Val F1: 0.96 |
2023-09-02 20:51:29,235 - FGO - INFO - Epoch  80 | Train Loss: 0.068 | Val Loss: 0.12 | Val F1: 0.97 |
2023-09-02 20:51:29,259 - FGO - INFO - Epoch  90 | Train Loss: 0.060 | Val Loss: 0.13 | Val F1: 0.97 |
2023-09-02 20:51:29,283 - FGO - INFO - Epoch 100 | Train Loss: 0.058 | Val Loss: 0.16 | Val F1: 0.95 |
2023-09-02 20:51:29,283 - FGO - INFO - Best Epoch:  39 | Train Loss: 0.095 | Val Loss: 0.10 | Val F1: 0.98 
2023-09-02 20:51:29,283 - FGO - INFO - Setting model to best state.
2023-09-02 20:51:29,285 - FGO - INFO - ===== Train Fair OT GCN Model ============================================================
2023-09-02 20:51:29,351 - FGO - INFO - Epoch   0 | Train Loss: -7.296 | Val Loss: -0.91 | Val F1: 0.97 |
2023-09-02 20:51:30,204 - FGO - INFO - Epoch  10 | Train Loss: -7.749 | Val Loss: -0.94 | Val F1: 0.96 |
2023-09-02 20:51:30,945 - FGO - INFO - Epoch  20 | Train Loss: -7.980 | Val Loss: -0.95 | Val F1: 0.94 |
2023-09-02 20:51:31,721 - FGO - INFO - Epoch  30 | Train Loss: -8.100 | Val Loss: -1.05 | Val F1: 0.97 |
2023-09-02 20:51:32,476 - FGO - INFO - Epoch  40 | Train Loss: -8.173 | Val Loss: -1.06 | Val F1: 0.98 |
2023-09-02 20:51:33,198 - FGO - INFO - Best Epoch:  40 | Train Loss: -8.173 | Val Loss: -1.06 | Val F1: 0.98 |
2023-09-02 20:51:33,198 - FGO - INFO - Setting model to best state.
2023-09-02 20:51:33,202 - FGO - INFO - ===== Test Fair OT GCN Model =============================================================
2023-09-02 20:51:33,227 - FGO - INFO - Train CM:
[[373   9]
 [  9 317]]
2023-09-02 20:51:33,227 - FGO - INFO - Val CM:
[[52  0]
 [ 2 42]]
2023-09-02 20:51:33,227 - FGO - INFO - Test CM:
[[52  0]
 [ 2 42]]
2023-09-02 20:51:33,233 - FGO - INFO - test statistical parity: 0.32727272727272727
2023-09-02 20:51:33,234 - FGO - INFO - test equal opportunity: 0.05555555555555558
2023-09-02 20:51:33,235 - FGO - INFO - test micro f1: 0.9791666666666666
2023-09-02 20:51:33,235 - FGO - INFO - test macro f1: 0.978938130759105
