2023-09-02 21:01:04,057 - FGO - INFO - ===== SETUP LOGGING ======================================================================
2023-09-02 21:01:04,057 - FGO - INFO - THIS_FILE: Wrapper.py
2023-09-02 21:01:04,057 - FGO - INFO - 	done: False
2023-09-02 21:01:04,057 - FGO - INFO - 	learning_rate: 0.01
2023-09-02 21:01:04,057 - FGO - INFO - 	h1: 64
2023-09-02 21:01:04,057 - FGO - INFO - 	h2: 32
2023-09-02 21:01:04,057 - FGO - INFO - 	weight_decay: 0.0005
2023-09-02 21:01:04,057 - FGO - INFO - 	dropout: 0.0
2023-09-02 21:01:04,057 - FGO - INFO - 	max_pretrain_epochs: 100
2023-09-02 21:01:04,057 - FGO - INFO - 	max_ot_epochs: 50
2023-09-02 21:01:04,057 - FGO - INFO - 	lambda: 0.05
2023-09-02 21:01:04,057 - FGO - INFO - 	theta: 30
2023-09-02 21:01:04,057 - FGO - INFO - 	clip: 5
2023-09-02 21:01:04,057 - FGO - INFO - ===== SETUP LOGGING COMPLETE =============================================================
2023-09-02 21:01:04,057 - FGO - INFO - ===== Configuring Masks ==================================================================
2023-09-02 21:01:04,057 - FGO - INFO - Source Total: 725
2023-09-02 21:01:04,057 - FGO - INFO - Target Total: 79
2023-09-02 21:01:04,057 - FGO - INFO - Train Total: 725
2023-09-02 21:01:04,057 - FGO - INFO - Val Total:   79
2023-09-02 21:01:04,057 - FGO - INFO - Test Total:  79
2023-09-02 21:01:04,057 - FGO - INFO - ===== Preparing to load data =============================================================
2023-09-02 21:01:04,057 - FGO - INFO - SOURCE: abide_large
2023-09-02 21:01:04,057 - FGO - INFO - ===== Retrieving SOURCE Data =============================================================
2023-09-02 21:01:04,057 - FGO - INFO - *************** In load_graph_data ***************
2023-09-02 21:01:04,057 - FGO - INFO - 	FILEPATH: ./data/abide_large.mat
2023-09-02 21:01:04,058 - FGO - INFO - 	X shape: (804, 93)
2023-09-02 21:01:04,058 - FGO - INFO - 	A shape: (804, 804)
2023-09-02 21:01:04,058 - FGO - INFO - 	P shape: (804,)
2023-09-02 21:01:04,058 - FGO - INFO - 	Y shape: (804, 2)
2023-09-02 21:01:04,058 - FGO - INFO - 	Y sum: 804 (number of postive labels)
2023-09-02 21:01:04,059 - FGO - INFO - ===== Preparing data =====================================================================
2023-09-02 21:01:04,060 - FGO - INFO - ===== Disconnecting Source and Target ====================================================
2023-09-02 21:01:04,158 - FGO - INFO - ===== Finalize Data ======================================================================
2023-09-02 21:01:04,158 - FGO - INFO - A shape: (804, 804)
2023-09-02 21:01:04,158 - FGO - INFO - X shape: (804, 93)
2023-09-02 21:01:04,159 - FGO - INFO - Y shape: (804, 2)
2023-09-02 21:01:04,159 - FGO - INFO - N: 804
2023-09-02 21:01:04,159 - FGO - INFO - N_s: 725
2023-09-02 21:01:04,159 - FGO - INFO - N_t: 79
2023-09-02 21:01:04,162 - FGO - INFO - ===== Pretrain GCN Model =================================================================
2023-09-02 21:01:04,165 - FGO - INFO - Epoch   0 | Train Loss: 0.690 | Val Loss: 0.67 | Val F1: 0.38 |
2023-09-02 21:01:04,190 - FGO - INFO - Epoch  10 | Train Loss: 0.471 | Val Loss: 0.48 | Val F1: 0.87 |
2023-09-02 21:01:04,215 - FGO - INFO - Epoch  20 | Train Loss: 0.138 | Val Loss: 0.18 | Val F1: 0.96 |
2023-09-02 21:01:04,239 - FGO - INFO - Epoch  30 | Train Loss: 0.102 | Val Loss: 0.19 | Val F1: 0.97 |
2023-09-02 21:01:04,264 - FGO - INFO - Epoch  40 | Train Loss: 0.092 | Val Loss: 0.21 | Val F1: 0.97 |
2023-09-02 21:01:04,288 - FGO - INFO - Epoch  50 | Train Loss: 0.078 | Val Loss: 0.19 | Val F1: 0.97 |
2023-09-02 21:01:04,313 - FGO - INFO - Epoch  60 | Train Loss: 0.071 | Val Loss: 0.18 | Val F1: 0.97 |
2023-09-02 21:01:04,337 - FGO - INFO - Epoch  70 | Train Loss: 0.066 | Val Loss: 0.15 | Val F1: 0.97 |
2023-09-02 21:01:04,361 - FGO - INFO - Epoch  80 | Train Loss: 0.069 | Val Loss: 0.15 | Val F1: 0.97 |
2023-09-02 21:01:04,386 - FGO - INFO - Epoch  90 | Train Loss: 0.063 | Val Loss: 0.10 | Val F1: 0.97 |
2023-09-02 21:01:04,410 - FGO - INFO - Epoch 100 | Train Loss: 0.070 | Val Loss: 0.06 | Val F1: 0.97 |
2023-09-02 21:01:04,410 - FGO - INFO - Best Epoch:  25 | Train Loss: 0.119 | Val Loss: 0.24 | Val F1: 0.97 
2023-09-02 21:01:04,410 - FGO - INFO - Setting model to best state.
2023-09-02 21:01:04,412 - FGO - INFO - ===== Train Fair OT GCN Model ============================================================
2023-09-02 21:01:04,503 - FGO - INFO - Epoch   0 | Train Loss: -13.107 | Val Loss: -1.33 | Val F1: 0.97 |
2023-09-02 21:01:05,304 - FGO - INFO - Epoch  10 | Train Loss: -13.891 | Val Loss: -1.42 | Val F1: 0.94 |
2023-09-02 21:01:06,127 - FGO - INFO - Epoch  20 | Train Loss: -14.015 | Val Loss: -1.47 | Val F1: 0.99 |
2023-09-02 21:01:06,924 - FGO - INFO - Epoch  30 | Train Loss: -14.113 | Val Loss: -1.49 | Val F1: 0.99 |
2023-09-02 21:01:07,733 - FGO - INFO - Epoch  40 | Train Loss: -14.177 | Val Loss: -1.49 | Val F1: 0.99 |
2023-09-02 21:01:08,421 - FGO - INFO - Best Epoch:   8 | Train Loss: -13.845 | Val Loss: -1.44 | Val F1: 0.99 |
2023-09-02 21:01:08,421 - FGO - INFO - Setting model to best state.
2023-09-02 21:01:08,429 - FGO - INFO - ===== Test Fair OT GCN Model =============================================================
2023-09-02 21:01:08,459 - FGO - INFO - Train CM:
[[383   2]
 [ 23 317]]
2023-09-02 21:01:08,459 - FGO - INFO - Val CM:
[[49  0]
 [ 1 29]]
2023-09-02 21:01:08,459 - FGO - INFO - Test CM:
[[49  0]
 [ 1 29]]
2023-09-02 21:01:08,464 - FGO - INFO - test statistical parity: 0.03768115942028988
2023-09-02 21:01:08,466 - FGO - INFO - test equal opportunity: 0.038461538461538436
2023-09-02 21:01:08,467 - FGO - INFO - test micro f1: 0.9873417721518988
2023-09-02 21:01:08,467 - FGO - INFO - test macro f1: 0.9864749186783085
