2023-09-02 20:42:15,847 - FGO - INFO - ===== SETUP LOGGING ======================================================================
2023-09-02 20:42:15,847 - FGO - INFO - THIS_FILE: Wrapper.py
2023-09-02 20:42:15,847 - FGO - INFO - 	done: False
2023-09-02 20:42:15,847 - FGO - INFO - 	learning_rate: 0.001
2023-09-02 20:42:15,847 - FGO - INFO - 	h1: 64
2023-09-02 20:42:15,847 - FGO - INFO - 	h2: 32
2023-09-02 20:42:15,847 - FGO - INFO - 	weight_decay: 0.0005
2023-09-02 20:42:15,847 - FGO - INFO - 	dropout: 0.0
2023-09-02 20:42:15,847 - FGO - INFO - 	max_pretrain_epochs: 100
2023-09-02 20:42:15,847 - FGO - INFO - 	max_ot_epochs: 50
2023-09-02 20:42:15,847 - FGO - INFO - 	lambda: 0.01
2023-09-02 20:42:15,847 - FGO - INFO - 	theta: 10
2023-09-02 20:42:15,847 - FGO - INFO - 	clip: 5
2023-09-02 20:42:15,847 - FGO - INFO - ===== SETUP LOGGING COMPLETE =============================================================
2023-09-02 20:42:15,847 - FGO - INFO - ===== Configuring Masks ==================================================================
2023-09-02 20:42:15,847 - FGO - INFO - Source Total: 717
2023-09-02 20:42:15,847 - FGO - INFO - Target Total: 87
2023-09-02 20:42:15,847 - FGO - INFO - Train Total: 717
2023-09-02 20:42:15,847 - FGO - INFO - Val Total:   87
2023-09-02 20:42:15,847 - FGO - INFO - Test Total:  87
2023-09-02 20:42:15,847 - FGO - INFO - ===== Preparing to load data =============================================================
2023-09-02 20:42:15,847 - FGO - INFO - SOURCE: abide_large
2023-09-02 20:42:15,847 - FGO - INFO - ===== Retrieving SOURCE Data =============================================================
2023-09-02 20:42:15,847 - FGO - INFO - *************** In load_graph_data ***************
2023-09-02 20:42:15,847 - FGO - INFO - 	FILEPATH: ./data/abide_large.mat
2023-09-02 20:42:15,847 - FGO - INFO - 	X shape: (804, 93)
2023-09-02 20:42:15,847 - FGO - INFO - 	A shape: (804, 804)
2023-09-02 20:42:15,847 - FGO - INFO - 	P shape: (804,)
2023-09-02 20:42:15,848 - FGO - INFO - 	Y shape: (804, 2)
2023-09-02 20:42:15,848 - FGO - INFO - 	Y sum: 804 (number of postive labels)
2023-09-02 20:42:15,849 - FGO - INFO - ===== Preparing data =====================================================================
2023-09-02 20:42:15,850 - FGO - INFO - ===== Disconnecting Source and Target ====================================================
2023-09-02 20:42:15,956 - FGO - INFO - ===== Finalize Data ======================================================================
2023-09-02 20:42:15,956 - FGO - INFO - A shape: (804, 804)
2023-09-02 20:42:15,956 - FGO - INFO - X shape: (804, 93)
2023-09-02 20:42:15,956 - FGO - INFO - Y shape: (804, 2)
2023-09-02 20:42:15,956 - FGO - INFO - N: 804
2023-09-02 20:42:15,956 - FGO - INFO - N_s: 717
2023-09-02 20:42:15,956 - FGO - INFO - N_t: 87
2023-09-02 20:42:15,960 - FGO - INFO - ===== Pretrain GCN Model =================================================================
2023-09-02 20:42:15,963 - FGO - INFO - Epoch   0 | Train Loss: 0.689 | Val Loss: 0.68 | Val F1: 0.35 |
2023-09-02 20:42:15,988 - FGO - INFO - Epoch  10 | Train Loss: 0.675 | Val Loss: 0.67 | Val F1: 0.40 |
2023-09-02 20:42:16,012 - FGO - INFO - Epoch  20 | Train Loss: 0.650 | Val Loss: 0.64 | Val F1: 0.62 |
2023-09-02 20:42:16,037 - FGO - INFO - Epoch  30 | Train Loss: 0.595 | Val Loss: 0.59 | Val F1: 0.77 |
2023-09-02 20:42:16,062 - FGO - INFO - Epoch  40 | Train Loss: 0.507 | Val Loss: 0.52 | Val F1: 0.88 |
2023-09-02 20:42:16,086 - FGO - INFO - Epoch  50 | Train Loss: 0.398 | Val Loss: 0.41 | Val F1: 0.88 |
2023-09-02 20:42:16,110 - FGO - INFO - Epoch  60 | Train Loss: 0.297 | Val Loss: 0.31 | Val F1: 0.91 |
2023-09-02 20:42:16,135 - FGO - INFO - Epoch  70 | Train Loss: 0.224 | Val Loss: 0.23 | Val F1: 0.94 |
2023-09-02 20:42:16,160 - FGO - INFO - Epoch  80 | Train Loss: 0.180 | Val Loss: 0.18 | Val F1: 0.94 |
2023-09-02 20:42:16,184 - FGO - INFO - Epoch  90 | Train Loss: 0.151 | Val Loss: 0.15 | Val F1: 0.95 |
2023-09-02 20:42:16,209 - FGO - INFO - Epoch 100 | Train Loss: 0.132 | Val Loss: 0.13 | Val F1: 0.97 |
2023-09-02 20:42:16,209 - FGO - INFO - Best Epoch:  91 | Train Loss: 0.149 | Val Loss: 0.15 | Val F1: 0.97 
2023-09-02 20:42:16,209 - FGO - INFO - Setting model to best state.
2023-09-02 20:42:16,210 - FGO - INFO - ===== Train Fair OT GCN Model ============================================================
2023-09-02 20:42:16,314 - FGO - INFO - Epoch   0 | Train Loss: -0.551 | Val Loss: 0.04 | Val F1: 0.97 |
2023-09-02 20:42:17,289 - FGO - INFO - Epoch  10 | Train Loss: -0.602 | Val Loss: 0.02 | Val F1: 0.98 |
2023-09-02 20:42:18,181 - FGO - INFO - Epoch  20 | Train Loss: -0.649 | Val Loss: 0.00 | Val F1: 0.98 |
2023-09-02 20:42:19,050 - FGO - INFO - Epoch  30 | Train Loss: -0.685 | Val Loss: -0.01 | Val F1: 0.97 |
2023-09-02 20:42:19,926 - FGO - INFO - Epoch  40 | Train Loss: -0.705 | Val Loss: -0.01 | Val F1: 0.98 |
2023-09-02 20:42:20,707 - FGO - INFO - Best Epoch:   8 | Train Loss: -0.589 | Val Loss: 0.03 | Val F1: 0.98 |
2023-09-02 20:42:20,707 - FGO - INFO - Setting model to best state.
2023-09-02 20:42:20,710 - FGO - INFO - ===== Test Fair OT GCN Model =============================================================
2023-09-02 20:42:20,741 - FGO - INFO - Train CM:
[[378   9]
 [ 17 313]]
2023-09-02 20:42:20,741 - FGO - INFO - Val CM:
[[46  1]
 [ 1 39]]
2023-09-02 20:42:20,742 - FGO - INFO - Test CM:
[[46  1]
 [ 1 39]]
2023-09-02 20:42:20,746 - FGO - INFO - test statistical parity: 0.33666666666666667
2023-09-02 20:42:20,748 - FGO - INFO - test equal opportunity: 0.032258064516129004
2023-09-02 20:42:20,749 - FGO - INFO - test micro f1: 0.9770114942528736
2023-09-02 20:42:20,749 - FGO - INFO - test macro f1: 0.9768617021276595
