2023-09-02 20:53:26,370 - FGO - INFO - ===== SETUP LOGGING ======================================================================
2023-09-02 20:53:26,370 - FGO - INFO - THIS_FILE: Wrapper.py
2023-09-02 20:53:26,370 - FGO - INFO - 	done: False
2023-09-02 20:53:26,370 - FGO - INFO - 	learning_rate: 0.005
2023-09-02 20:53:26,370 - FGO - INFO - 	h1: 64
2023-09-02 20:53:26,370 - FGO - INFO - 	h2: 32
2023-09-02 20:53:26,370 - FGO - INFO - 	weight_decay: 0.0005
2023-09-02 20:53:26,370 - FGO - INFO - 	dropout: 0.0
2023-09-02 20:53:26,370 - FGO - INFO - 	max_pretrain_epochs: 100
2023-09-02 20:53:26,370 - FGO - INFO - 	max_ot_epochs: 50
2023-09-02 20:53:26,370 - FGO - INFO - 	lambda: 0.05
2023-09-02 20:53:26,370 - FGO - INFO - 	theta: 10
2023-09-02 20:53:26,370 - FGO - INFO - 	clip: 5
2023-09-02 20:53:26,370 - FGO - INFO - ===== SETUP LOGGING COMPLETE =============================================================
2023-09-02 20:53:26,370 - FGO - INFO - ===== Configuring Masks ==================================================================
2023-09-02 20:53:26,370 - FGO - INFO - Source Total: 717
2023-09-02 20:53:26,370 - FGO - INFO - Target Total: 87
2023-09-02 20:53:26,370 - FGO - INFO - Train Total: 717
2023-09-02 20:53:26,370 - FGO - INFO - Val Total:   87
2023-09-02 20:53:26,370 - FGO - INFO - Test Total:  87
2023-09-02 20:53:26,370 - FGO - INFO - ===== Preparing to load data =============================================================
2023-09-02 20:53:26,370 - FGO - INFO - SOURCE: abide_large
2023-09-02 20:53:26,370 - FGO - INFO - ===== Retrieving SOURCE Data =============================================================
2023-09-02 20:53:26,370 - FGO - INFO - *************** In load_graph_data ***************
2023-09-02 20:53:26,370 - FGO - INFO - 	FILEPATH: ./data/abide_large.mat
2023-09-02 20:53:26,371 - FGO - INFO - 	X shape: (804, 93)
2023-09-02 20:53:26,371 - FGO - INFO - 	A shape: (804, 804)
2023-09-02 20:53:26,371 - FGO - INFO - 	P shape: (804,)
2023-09-02 20:53:26,371 - FGO - INFO - 	Y shape: (804, 2)
2023-09-02 20:53:26,371 - FGO - INFO - 	Y sum: 804 (number of postive labels)
2023-09-02 20:53:26,372 - FGO - INFO - ===== Preparing data =====================================================================
2023-09-02 20:53:26,373 - FGO - INFO - ===== Disconnecting Source and Target ====================================================
2023-09-02 20:53:26,479 - FGO - INFO - ===== Finalize Data ======================================================================
2023-09-02 20:53:26,479 - FGO - INFO - A shape: (804, 804)
2023-09-02 20:53:26,479 - FGO - INFO - X shape: (804, 93)
2023-09-02 20:53:26,479 - FGO - INFO - Y shape: (804, 2)
2023-09-02 20:53:26,479 - FGO - INFO - N: 804
2023-09-02 20:53:26,479 - FGO - INFO - N_s: 717
2023-09-02 20:53:26,479 - FGO - INFO - N_t: 87
2023-09-02 20:53:26,483 - FGO - INFO - ===== Pretrain GCN Model =================================================================
2023-09-02 20:53:26,486 - FGO - INFO - Epoch   0 | Train Loss: 0.689 | Val Loss: 0.68 | Val F1: 0.35 |
2023-09-02 20:53:26,511 - FGO - INFO - Epoch  10 | Train Loss: 0.583 | Val Loss: 0.59 | Val F1: 0.72 |
2023-09-02 20:53:26,536 - FGO - INFO - Epoch  20 | Train Loss: 0.265 | Val Loss: 0.28 | Val F1: 0.92 |
2023-09-02 20:53:26,560 - FGO - INFO - Epoch  30 | Train Loss: 0.135 | Val Loss: 0.12 | Val F1: 0.97 |
2023-09-02 20:53:26,585 - FGO - INFO - Epoch  40 | Train Loss: 0.098 | Val Loss: 0.11 | Val F1: 0.97 |
2023-09-02 20:53:26,609 - FGO - INFO - Epoch  50 | Train Loss: 0.088 | Val Loss: 0.12 | Val F1: 0.97 |
2023-09-02 20:53:26,633 - FGO - INFO - Epoch  60 | Train Loss: 0.076 | Val Loss: 0.15 | Val F1: 0.95 |
2023-09-02 20:53:26,658 - FGO - INFO - Epoch  70 | Train Loss: 0.072 | Val Loss: 0.17 | Val F1: 0.95 |
2023-09-02 20:53:26,682 - FGO - INFO - Epoch  80 | Train Loss: 0.070 | Val Loss: 0.17 | Val F1: 0.95 |
2023-09-02 20:53:26,707 - FGO - INFO - Epoch  90 | Train Loss: 0.068 | Val Loss: 0.17 | Val F1: 0.95 |
2023-09-02 20:53:26,731 - FGO - INFO - Epoch 100 | Train Loss: 0.069 | Val Loss: 0.16 | Val F1: 0.95 |
2023-09-02 20:53:26,731 - FGO - INFO - Best Epoch:  26 | Train Loss: 0.169 | Val Loss: 0.14 | Val F1: 0.98 
2023-09-02 20:53:26,731 - FGO - INFO - Setting model to best state.
2023-09-02 20:53:26,733 - FGO - INFO - ===== Train Fair OT GCN Model ============================================================
2023-09-02 20:53:26,796 - FGO - INFO - Epoch   0 | Train Loss: -4.288 | Val Loss: -0.34 | Val F1: 0.95 |
2023-09-02 20:53:27,574 - FGO - INFO - Epoch  10 | Train Loss: -4.443 | Val Loss: -0.34 | Val F1: 0.97 |
2023-09-02 20:53:28,377 - FGO - INFO - Epoch  20 | Train Loss: -4.499 | Val Loss: -0.38 | Val F1: 0.97 |
2023-09-02 20:53:29,108 - FGO - INFO - Epoch  30 | Train Loss: -4.540 | Val Loss: -0.37 | Val F1: 0.97 |
2023-09-02 20:53:29,880 - FGO - INFO - Epoch  40 | Train Loss: -4.576 | Val Loss: -0.37 | Val F1: 0.97 |
2023-09-02 20:53:30,572 - FGO - INFO - Best Epoch:  30 | Train Loss: -4.540 | Val Loss: -0.37 | Val F1: 0.97 |
2023-09-02 20:53:30,572 - FGO - INFO - Setting model to best state.
2023-09-02 20:53:30,576 - FGO - INFO - ===== Test Fair OT GCN Model =============================================================
2023-09-02 20:53:30,601 - FGO - INFO - Train CM:
[[378   9]
 [ 12 318]]
2023-09-02 20:53:30,601 - FGO - INFO - Val CM:
[[46  1]
 [ 2 38]]
2023-09-02 20:53:30,601 - FGO - INFO - Test CM:
[[46  1]
 [ 2 38]]
2023-09-02 20:53:30,606 - FGO - INFO - test statistical parity: 0.35
2023-09-02 20:53:30,608 - FGO - INFO - test equal opportunity: 0.06451612903225812
2023-09-02 20:53:30,609 - FGO - INFO - test micro f1: 0.9655172413793104
2023-09-02 20:53:30,609 - FGO - INFO - test macro f1: 0.9652231845436376
