2023-09-02 20:42:29,999 - FGO - INFO - ===== SETUP LOGGING ======================================================================
2023-09-02 20:42:29,999 - FGO - INFO - THIS_FILE: Wrapper.py
2023-09-02 20:42:29,999 - FGO - INFO - 	done: False
2023-09-02 20:42:29,999 - FGO - INFO - 	learning_rate: 0.001
2023-09-02 20:42:29,999 - FGO - INFO - 	h1: 64
2023-09-02 20:42:29,999 - FGO - INFO - 	h2: 32
2023-09-02 20:42:29,999 - FGO - INFO - 	weight_decay: 0.0005
2023-09-02 20:42:29,999 - FGO - INFO - 	dropout: 0.0
2023-09-02 20:42:29,999 - FGO - INFO - 	max_pretrain_epochs: 100
2023-09-02 20:42:29,999 - FGO - INFO - 	max_ot_epochs: 50
2023-09-02 20:42:29,999 - FGO - INFO - 	lambda: 0.01
2023-09-02 20:42:29,999 - FGO - INFO - 	theta: 30
2023-09-02 20:42:29,999 - FGO - INFO - 	clip: 5
2023-09-02 20:42:29,999 - FGO - INFO - ===== SETUP LOGGING COMPLETE =============================================================
2023-09-02 20:42:29,999 - FGO - INFO - ===== Configuring Masks ==================================================================
2023-09-02 20:42:29,999 - FGO - INFO - Source Total: 708
2023-09-02 20:42:29,999 - FGO - INFO - Target Total: 96
2023-09-02 20:42:29,999 - FGO - INFO - Train Total: 708
2023-09-02 20:42:29,999 - FGO - INFO - Val Total:   96
2023-09-02 20:42:29,999 - FGO - INFO - Test Total:  96
2023-09-02 20:42:29,999 - FGO - INFO - ===== Preparing to load data =============================================================
2023-09-02 20:42:29,999 - FGO - INFO - SOURCE: abide_large
2023-09-02 20:42:29,999 - FGO - INFO - ===== Retrieving SOURCE Data =============================================================
2023-09-02 20:42:29,999 - FGO - INFO - *************** In load_graph_data ***************
2023-09-02 20:42:29,999 - FGO - INFO - 	FILEPATH: ./data/abide_large.mat
2023-09-02 20:42:30,000 - FGO - INFO - 	X shape: (804, 93)
2023-09-02 20:42:30,000 - FGO - INFO - 	A shape: (804, 804)
2023-09-02 20:42:30,000 - FGO - INFO - 	P shape: (804,)
2023-09-02 20:42:30,000 - FGO - INFO - 	Y shape: (804, 2)
2023-09-02 20:42:30,000 - FGO - INFO - 	Y sum: 804 (number of postive labels)
2023-09-02 20:42:30,001 - FGO - INFO - ===== Preparing data =====================================================================
2023-09-02 20:42:30,002 - FGO - INFO - ===== Disconnecting Source and Target ====================================================
2023-09-02 20:42:30,117 - FGO - INFO - ===== Finalize Data ======================================================================
2023-09-02 20:42:30,117 - FGO - INFO - A shape: (804, 804)
2023-09-02 20:42:30,117 - FGO - INFO - X shape: (804, 93)
2023-09-02 20:42:30,117 - FGO - INFO - Y shape: (804, 2)
2023-09-02 20:42:30,117 - FGO - INFO - N: 804
2023-09-02 20:42:30,117 - FGO - INFO - N_s: 708
2023-09-02 20:42:30,117 - FGO - INFO - N_t: 96
2023-09-02 20:42:30,120 - FGO - INFO - ===== Pretrain GCN Model =================================================================
2023-09-02 20:42:30,123 - FGO - INFO - Epoch   0 | Train Loss: 0.688 | Val Loss: 0.69 | Val F1: 0.35 |
2023-09-02 20:42:30,148 - FGO - INFO - Epoch  10 | Train Loss: 0.672 | Val Loss: 0.68 | Val F1: 0.38 |
2023-09-02 20:42:30,172 - FGO - INFO - Epoch  20 | Train Loss: 0.647 | Val Loss: 0.66 | Val F1: 0.53 |
2023-09-02 20:42:30,196 - FGO - INFO - Epoch  30 | Train Loss: 0.595 | Val Loss: 0.61 | Val F1: 0.67 |
2023-09-02 20:42:30,221 - FGO - INFO - Epoch  40 | Train Loss: 0.508 | Val Loss: 0.52 | Val F1: 0.86 |
2023-09-02 20:42:30,245 - FGO - INFO - Epoch  50 | Train Loss: 0.399 | Val Loss: 0.41 | Val F1: 0.89 |
2023-09-02 20:42:30,269 - FGO - INFO - Epoch  60 | Train Loss: 0.298 | Val Loss: 0.31 | Val F1: 0.91 |
2023-09-02 20:42:30,293 - FGO - INFO - Epoch  70 | Train Loss: 0.225 | Val Loss: 0.24 | Val F1: 0.90 |
2023-09-02 20:42:30,318 - FGO - INFO - Epoch  80 | Train Loss: 0.180 | Val Loss: 0.20 | Val F1: 0.94 |
2023-09-02 20:42:30,342 - FGO - INFO - Epoch  90 | Train Loss: 0.151 | Val Loss: 0.17 | Val F1: 0.95 |
2023-09-02 20:42:30,366 - FGO - INFO - Epoch 100 | Train Loss: 0.130 | Val Loss: 0.15 | Val F1: 0.95 |
2023-09-02 20:42:30,366 - FGO - INFO - Best Epoch:  86 | Train Loss: 0.161 | Val Loss: 0.18 | Val F1: 0.95 
2023-09-02 20:42:30,366 - FGO - INFO - Setting model to best state.
2023-09-02 20:42:30,368 - FGO - INFO - ===== Train Fair OT GCN Model ============================================================
2023-09-02 20:42:30,460 - FGO - INFO - Epoch   0 | Train Loss: -1.958 | Val Loss: -0.15 | Val F1: 0.95 |
2023-09-02 20:42:31,381 - FGO - INFO - Epoch  10 | Train Loss: -2.141 | Val Loss: -0.20 | Val F1: 0.97 |
2023-09-02 20:42:32,218 - FGO - INFO - Epoch  20 | Train Loss: -2.286 | Val Loss: -0.21 | Val F1: 0.98 |
2023-09-02 20:42:33,048 - FGO - INFO - Epoch  30 | Train Loss: -2.363 | Val Loss: -0.21 | Val F1: 0.98 |
2023-09-02 20:42:33,871 - FGO - INFO - Epoch  40 | Train Loss: -2.400 | Val Loss: -0.21 | Val F1: 0.96 |
2023-09-02 20:42:34,591 - FGO - INFO - Best Epoch:  12 | Train Loss: -2.172 | Val Loss: -0.20 | Val F1: 0.98 |
2023-09-02 20:42:34,591 - FGO - INFO - Setting model to best state.
2023-09-02 20:42:34,594 - FGO - INFO - ===== Test Fair OT GCN Model =============================================================
2023-09-02 20:42:34,624 - FGO - INFO - Train CM:
[[379   3]
 [ 24 302]]
2023-09-02 20:42:34,624 - FGO - INFO - Val CM:
[[52  0]
 [ 3 41]]
2023-09-02 20:42:34,624 - FGO - INFO - Test CM:
[[52  0]
 [ 3 41]]
2023-09-02 20:42:34,630 - FGO - INFO - test statistical parity: 0.3390374331550802
2023-09-02 20:42:34,631 - FGO - INFO - test equal opportunity: 0.08333333333333337
2023-09-02 20:42:34,632 - FGO - INFO - test micro f1: 0.96875
2023-09-02 20:42:34,632 - FGO - INFO - test macro f1: 0.9683342495876855
