2023-09-02 21:00:03,916 - FGO - INFO - ===== SETUP LOGGING ======================================================================
2023-09-02 21:00:03,916 - FGO - INFO - THIS_FILE: Wrapper.py
2023-09-02 21:00:03,916 - FGO - INFO - 	done: False
2023-09-02 21:00:03,916 - FGO - INFO - 	learning_rate: 0.01
2023-09-02 21:00:03,916 - FGO - INFO - 	h1: 64
2023-09-02 21:00:03,916 - FGO - INFO - 	h2: 32
2023-09-02 21:00:03,916 - FGO - INFO - 	weight_decay: 0.0005
2023-09-02 21:00:03,916 - FGO - INFO - 	dropout: 0.0
2023-09-02 21:00:03,916 - FGO - INFO - 	max_pretrain_epochs: 100
2023-09-02 21:00:03,916 - FGO - INFO - 	max_ot_epochs: 50
2023-09-02 21:00:03,916 - FGO - INFO - 	lambda: 0.05
2023-09-02 21:00:03,916 - FGO - INFO - 	theta: 10
2023-09-02 21:00:03,916 - FGO - INFO - 	clip: 5
2023-09-02 21:00:03,916 - FGO - INFO - ===== SETUP LOGGING COMPLETE =============================================================
2023-09-02 21:00:03,916 - FGO - INFO - ===== Configuring Masks ==================================================================
2023-09-02 21:00:03,916 - FGO - INFO - Source Total: 726
2023-09-02 21:00:03,916 - FGO - INFO - Target Total: 78
2023-09-02 21:00:03,916 - FGO - INFO - Train Total: 726
2023-09-02 21:00:03,916 - FGO - INFO - Val Total:   78
2023-09-02 21:00:03,916 - FGO - INFO - Test Total:  78
2023-09-02 21:00:03,916 - FGO - INFO - ===== Preparing to load data =============================================================
2023-09-02 21:00:03,916 - FGO - INFO - SOURCE: abide_large
2023-09-02 21:00:03,916 - FGO - INFO - ===== Retrieving SOURCE Data =============================================================
2023-09-02 21:00:03,916 - FGO - INFO - *************** In load_graph_data ***************
2023-09-02 21:00:03,916 - FGO - INFO - 	FILEPATH: ./data/abide_large.mat
2023-09-02 21:00:03,917 - FGO - INFO - 	X shape: (804, 93)
2023-09-02 21:00:03,917 - FGO - INFO - 	A shape: (804, 804)
2023-09-02 21:00:03,917 - FGO - INFO - 	P shape: (804,)
2023-09-02 21:00:03,917 - FGO - INFO - 	Y shape: (804, 2)
2023-09-02 21:00:03,917 - FGO - INFO - 	Y sum: 804 (number of postive labels)
2023-09-02 21:00:03,918 - FGO - INFO - ===== Preparing data =====================================================================
2023-09-02 21:00:03,919 - FGO - INFO - ===== Disconnecting Source and Target ====================================================
2023-09-02 21:00:04,017 - FGO - INFO - ===== Finalize Data ======================================================================
2023-09-02 21:00:04,017 - FGO - INFO - A shape: (804, 804)
2023-09-02 21:00:04,017 - FGO - INFO - X shape: (804, 93)
2023-09-02 21:00:04,017 - FGO - INFO - Y shape: (804, 2)
2023-09-02 21:00:04,017 - FGO - INFO - N: 804
2023-09-02 21:00:04,017 - FGO - INFO - N_s: 726
2023-09-02 21:00:04,017 - FGO - INFO - N_t: 78
2023-09-02 21:00:04,020 - FGO - INFO - ===== Pretrain GCN Model =================================================================
2023-09-02 21:00:04,024 - FGO - INFO - Epoch   0 | Train Loss: 0.684 | Val Loss: 0.73 | Val F1: 0.32 |
2023-09-02 21:00:04,048 - FGO - INFO - Epoch  10 | Train Loss: 0.515 | Val Loss: 0.52 | Val F1: 0.82 |
2023-09-02 21:00:04,073 - FGO - INFO - Epoch  20 | Train Loss: 0.158 | Val Loss: 0.28 | Val F1: 0.92 |
2023-09-02 21:00:04,097 - FGO - INFO - Epoch  30 | Train Loss: 0.106 | Val Loss: 0.27 | Val F1: 0.92 |
2023-09-02 21:00:04,122 - FGO - INFO - Epoch  40 | Train Loss: 0.085 | Val Loss: 0.13 | Val F1: 0.95 |
2023-09-02 21:00:04,146 - FGO - INFO - Epoch  50 | Train Loss: 0.077 | Val Loss: 0.11 | Val F1: 0.95 |
2023-09-02 21:00:04,171 - FGO - INFO - Epoch  60 | Train Loss: 0.071 | Val Loss: 0.09 | Val F1: 0.95 |
2023-09-02 21:00:04,195 - FGO - INFO - Epoch  70 | Train Loss: 0.073 | Val Loss: 0.12 | Val F1: 0.96 |
2023-09-02 21:00:04,219 - FGO - INFO - Epoch  80 | Train Loss: 0.070 | Val Loss: 0.07 | Val F1: 0.95 |
2023-09-02 21:00:04,244 - FGO - INFO - Epoch  90 | Train Loss: 0.064 | Val Loss: 0.10 | Val F1: 0.95 |
2023-09-02 21:00:04,268 - FGO - INFO - Epoch 100 | Train Loss: 0.063 | Val Loss: 0.10 | Val F1: 0.95 |
2023-09-02 21:00:04,268 - FGO - INFO - Best Epoch:  55 | Train Loss: 0.077 | Val Loss: 0.09 | Val F1: 0.97 
2023-09-02 21:00:04,268 - FGO - INFO - Setting model to best state.
2023-09-02 21:00:04,269 - FGO - INFO - ===== Train Fair OT GCN Model ============================================================
2023-09-02 21:00:04,367 - FGO - INFO - Epoch   0 | Train Loss: -3.953 | Val Loss: -0.37 | Val F1: 0.95 |
2023-09-02 21:00:05,192 - FGO - INFO - Epoch  10 | Train Loss: -4.287 | Val Loss: 0.21 | Val F1: 0.85 |
2023-09-02 21:00:06,018 - FGO - INFO - Epoch  20 | Train Loss: -4.451 | Val Loss: -0.07 | Val F1: 0.87 |
2023-09-02 21:00:06,798 - FGO - INFO - Epoch  30 | Train Loss: -4.526 | Val Loss: -0.03 | Val F1: 0.91 |
2023-09-02 21:00:07,596 - FGO - INFO - Epoch  40 | Train Loss: -4.572 | Val Loss: -0.09 | Val F1: 0.91 |
2023-09-02 21:00:08,229 - FGO - INFO - Best Epoch:   6 | Train Loss: -4.088 | Val Loss: -0.34 | Val F1: 0.95 |
2023-09-02 21:00:08,229 - FGO - INFO - Setting model to best state.
2023-09-02 21:00:08,232 - FGO - INFO - ===== Test Fair OT GCN Model =============================================================
2023-09-02 21:00:08,256 - FGO - INFO - Train CM:
[[392   8]
 [ 17 309]]
2023-09-02 21:00:08,256 - FGO - INFO - Val CM:
[[34  0]
 [ 7 37]]
2023-09-02 21:00:08,257 - FGO - INFO - Test CM:
[[34  0]
 [ 7 37]]
2023-09-02 21:00:08,262 - FGO - INFO - test statistical parity: 0.09178743961352659
2023-09-02 21:00:08,263 - FGO - INFO - test equal opportunity: 0.17948717948717952
2023-09-02 21:00:08,264 - FGO - INFO - test micro f1: 0.9102564102564102
2023-09-02 21:00:08,265 - FGO - INFO - test macro f1: 0.9101234567901235
