2023-09-02 21:01:42,779 - FGO - INFO - ===== SETUP LOGGING ======================================================================
2023-09-02 21:01:42,779 - FGO - INFO - THIS_FILE: Wrapper.py
2023-09-02 21:01:42,779 - FGO - INFO - 	done: False
2023-09-02 21:01:42,779 - FGO - INFO - 	learning_rate: 0.01
2023-09-02 21:01:42,779 - FGO - INFO - 	h1: 64
2023-09-02 21:01:42,779 - FGO - INFO - 	h2: 32
2023-09-02 21:01:42,779 - FGO - INFO - 	weight_decay: 0.0005
2023-09-02 21:01:42,779 - FGO - INFO - 	dropout: 0.0
2023-09-02 21:01:42,779 - FGO - INFO - 	max_pretrain_epochs: 100
2023-09-02 21:01:42,779 - FGO - INFO - 	max_ot_epochs: 50
2023-09-02 21:01:42,779 - FGO - INFO - 	lambda: 0.05
2023-09-02 21:01:42,779 - FGO - INFO - 	theta: 50
2023-09-02 21:01:42,779 - FGO - INFO - 	clip: 5
2023-09-02 21:01:42,779 - FGO - INFO - ===== SETUP LOGGING COMPLETE =============================================================
2023-09-02 21:01:42,779 - FGO - INFO - ===== Configuring Masks ==================================================================
2023-09-02 21:01:42,779 - FGO - INFO - Source Total: 734
2023-09-02 21:01:42,779 - FGO - INFO - Target Total: 70
2023-09-02 21:01:42,779 - FGO - INFO - Train Total: 734
2023-09-02 21:01:42,779 - FGO - INFO - Val Total:   70
2023-09-02 21:01:42,779 - FGO - INFO - Test Total:  70
2023-09-02 21:01:42,779 - FGO - INFO - ===== Preparing to load data =============================================================
2023-09-02 21:01:42,779 - FGO - INFO - SOURCE: abide_large
2023-09-02 21:01:42,779 - FGO - INFO - ===== Retrieving SOURCE Data =============================================================
2023-09-02 21:01:42,779 - FGO - INFO - *************** In load_graph_data ***************
2023-09-02 21:01:42,779 - FGO - INFO - 	FILEPATH: ./data/abide_large.mat
2023-09-02 21:01:42,780 - FGO - INFO - 	X shape: (804, 93)
2023-09-02 21:01:42,780 - FGO - INFO - 	A shape: (804, 804)
2023-09-02 21:01:42,780 - FGO - INFO - 	P shape: (804,)
2023-09-02 21:01:42,780 - FGO - INFO - 	Y shape: (804, 2)
2023-09-02 21:01:42,780 - FGO - INFO - 	Y sum: 804 (number of postive labels)
2023-09-02 21:01:42,781 - FGO - INFO - ===== Preparing data =====================================================================
2023-09-02 21:01:42,782 - FGO - INFO - ===== Disconnecting Source and Target ====================================================
2023-09-02 21:01:42,871 - FGO - INFO - ===== Finalize Data ======================================================================
2023-09-02 21:01:42,871 - FGO - INFO - A shape: (804, 804)
2023-09-02 21:01:42,871 - FGO - INFO - X shape: (804, 93)
2023-09-02 21:01:42,871 - FGO - INFO - Y shape: (804, 2)
2023-09-02 21:01:42,871 - FGO - INFO - N: 804
2023-09-02 21:01:42,871 - FGO - INFO - N_s: 734
2023-09-02 21:01:42,871 - FGO - INFO - N_t: 70
2023-09-02 21:01:42,875 - FGO - INFO - ===== Pretrain GCN Model =================================================================
2023-09-02 21:01:42,878 - FGO - INFO - Epoch   0 | Train Loss: 0.688 | Val Loss: 0.70 | Val F1: 0.32 |
2023-09-02 21:01:42,903 - FGO - INFO - Epoch  10 | Train Loss: 0.450 | Val Loss: 0.48 | Val F1: 0.81 |
2023-09-02 21:01:42,928 - FGO - INFO - Epoch  20 | Train Loss: 0.149 | Val Loss: 0.19 | Val F1: 0.90 |
2023-09-02 21:01:42,953 - FGO - INFO - Epoch  30 | Train Loss: 0.104 | Val Loss: 0.15 | Val F1: 0.96 |
2023-09-02 21:01:42,977 - FGO - INFO - Epoch  40 | Train Loss: 0.086 | Val Loss: 0.14 | Val F1: 0.94 |
2023-09-02 21:01:43,002 - FGO - INFO - Epoch  50 | Train Loss: 0.074 | Val Loss: 0.12 | Val F1: 0.96 |
2023-09-02 21:01:43,027 - FGO - INFO - Epoch  60 | Train Loss: 0.067 | Val Loss: 0.11 | Val F1: 0.96 |
2023-09-02 21:01:43,052 - FGO - INFO - Epoch  70 | Train Loss: 0.068 | Val Loss: 0.14 | Val F1: 0.96 |
2023-09-02 21:01:43,076 - FGO - INFO - Epoch  80 | Train Loss: 0.072 | Val Loss: 0.16 | Val F1: 0.94 |
2023-09-02 21:01:43,101 - FGO - INFO - Epoch  90 | Train Loss: 0.061 | Val Loss: 0.14 | Val F1: 0.94 |
2023-09-02 21:01:43,126 - FGO - INFO - Epoch 100 | Train Loss: 0.062 | Val Loss: 0.15 | Val F1: 0.94 |
2023-09-02 21:01:43,126 - FGO - INFO - Best Epoch:  26 | Train Loss: 0.117 | Val Loss: 0.14 | Val F1: 0.96 
2023-09-02 21:01:43,126 - FGO - INFO - Setting model to best state.
2023-09-02 21:01:43,127 - FGO - INFO - ===== Train Fair OT GCN Model ============================================================
2023-09-02 21:01:43,206 - FGO - INFO - Epoch   0 | Train Loss: -21.769 | Val Loss: -1.90 | Val F1: 0.93 |
2023-09-02 21:01:43,980 - FGO - INFO - Epoch  10 | Train Loss: -23.387 | Val Loss: -1.87 | Val F1: 0.84 |
2023-09-02 21:01:44,776 - FGO - INFO - Epoch  20 | Train Loss: -24.092 | Val Loss: -1.63 | Val F1: 0.36 |
2023-09-02 21:01:45,505 - FGO - INFO - Epoch  30 | Train Loss: -24.101 | Val Loss: -1.63 | Val F1: 0.33 |
2023-09-02 21:01:46,235 - FGO - INFO - Epoch  40 | Train Loss: -24.101 | Val Loss: -1.63 | Val F1: 0.33 |
2023-09-02 21:01:46,955 - FGO - INFO - Best Epoch:   7 | Train Loss: -23.220 | Val Loss: -2.04 | Val F1: 0.96 |
2023-09-02 21:01:46,956 - FGO - INFO - Setting model to best state.
2023-09-02 21:01:46,959 - FGO - INFO - ===== Test Fair OT GCN Model =============================================================
2023-09-02 21:01:46,983 - FGO - INFO - Train CM:
[[400   0]
 [334   0]]
2023-09-02 21:01:46,983 - FGO - INFO - Val CM:
[[34  0]
 [36  0]]
2023-09-02 21:01:46,984 - FGO - INFO - Test CM:
[[34  0]
 [36  0]]
2023-09-02 21:01:46,989 - FGO - INFO - test statistical parity: 0.0
2023-09-02 21:01:46,990 - FGO - INFO - test equal opportunity: 0.0
2023-09-02 21:01:46,991 - FGO - INFO - test micro f1: 0.4857142857142857
2023-09-02 21:01:46,992 - FGO - INFO - test macro f1: 0.3269230769230769
