2023-09-02 20:48:31,991 - FGO - INFO - ===== SETUP LOGGING ======================================================================
2023-09-02 20:48:31,991 - FGO - INFO - THIS_FILE: Wrapper.py
2023-09-02 20:48:31,991 - FGO - INFO - 	done: False
2023-09-02 20:48:31,991 - FGO - INFO - 	learning_rate: 0.005
2023-09-02 20:48:31,991 - FGO - INFO - 	h1: 64
2023-09-02 20:48:31,991 - FGO - INFO - 	h2: 32
2023-09-02 20:48:31,991 - FGO - INFO - 	weight_decay: 0.0005
2023-09-02 20:48:31,991 - FGO - INFO - 	dropout: 0.0
2023-09-02 20:48:31,991 - FGO - INFO - 	max_pretrain_epochs: 100
2023-09-02 20:48:31,991 - FGO - INFO - 	max_ot_epochs: 50
2023-09-02 20:48:31,991 - FGO - INFO - 	lambda: 0.01
2023-09-02 20:48:31,991 - FGO - INFO - 	theta: 10
2023-09-02 20:48:31,991 - FGO - INFO - 	clip: 5
2023-09-02 20:48:31,991 - FGO - INFO - ===== SETUP LOGGING COMPLETE =============================================================
2023-09-02 20:48:31,991 - FGO - INFO - ===== Configuring Masks ==================================================================
2023-09-02 20:48:31,991 - FGO - INFO - Source Total: 721
2023-09-02 20:48:31,991 - FGO - INFO - Target Total: 83
2023-09-02 20:48:31,991 - FGO - INFO - Train Total: 721
2023-09-02 20:48:31,991 - FGO - INFO - Val Total:   83
2023-09-02 20:48:31,991 - FGO - INFO - Test Total:  83
2023-09-02 20:48:31,991 - FGO - INFO - ===== Preparing to load data =============================================================
2023-09-02 20:48:31,991 - FGO - INFO - SOURCE: abide_large
2023-09-02 20:48:31,991 - FGO - INFO - ===== Retrieving SOURCE Data =============================================================
2023-09-02 20:48:31,991 - FGO - INFO - *************** In load_graph_data ***************
2023-09-02 20:48:31,991 - FGO - INFO - 	FILEPATH: ./data/abide_large.mat
2023-09-02 20:48:31,992 - FGO - INFO - 	X shape: (804, 93)
2023-09-02 20:48:31,992 - FGO - INFO - 	A shape: (804, 804)
2023-09-02 20:48:31,992 - FGO - INFO - 	P shape: (804,)
2023-09-02 20:48:31,992 - FGO - INFO - 	Y shape: (804, 2)
2023-09-02 20:48:31,992 - FGO - INFO - 	Y sum: 804 (number of postive labels)
2023-09-02 20:48:31,993 - FGO - INFO - ===== Preparing data =====================================================================
2023-09-02 20:48:31,994 - FGO - INFO - ===== Disconnecting Source and Target ====================================================
2023-09-02 20:48:32,097 - FGO - INFO - ===== Finalize Data ======================================================================
2023-09-02 20:48:32,097 - FGO - INFO - A shape: (804, 804)
2023-09-02 20:48:32,097 - FGO - INFO - X shape: (804, 93)
2023-09-02 20:48:32,097 - FGO - INFO - Y shape: (804, 2)
2023-09-02 20:48:32,097 - FGO - INFO - N: 804
2023-09-02 20:48:32,097 - FGO - INFO - N_s: 721
2023-09-02 20:48:32,097 - FGO - INFO - N_t: 83
2023-09-02 20:48:32,101 - FGO - INFO - ===== Pretrain GCN Model =================================================================
2023-09-02 20:48:32,104 - FGO - INFO - Epoch   0 | Train Loss: 0.690 | Val Loss: 0.68 | Val F1: 0.38 |
2023-09-02 20:48:32,133 - FGO - INFO - Epoch  10 | Train Loss: 0.583 | Val Loss: 0.59 | Val F1: 0.76 |
2023-09-02 20:48:32,159 - FGO - INFO - Epoch  20 | Train Loss: 0.262 | Val Loss: 0.33 | Val F1: 0.88 |
2023-09-02 20:48:32,183 - FGO - INFO - Epoch  30 | Train Loss: 0.120 | Val Loss: 0.24 | Val F1: 0.88 |
2023-09-02 20:48:32,208 - FGO - INFO - Epoch  40 | Train Loss: 0.083 | Val Loss: 0.26 | Val F1: 0.90 |
2023-09-02 20:48:32,240 - FGO - INFO - Epoch  50 | Train Loss: 0.071 | Val Loss: 0.26 | Val F1: 0.90 |
2023-09-02 20:48:32,267 - FGO - INFO - Epoch  60 | Train Loss: 0.062 | Val Loss: 0.27 | Val F1: 0.91 |
2023-09-02 20:48:32,291 - FGO - INFO - Epoch  70 | Train Loss: 0.059 | Val Loss: 0.27 | Val F1: 0.92 |
2023-09-02 20:48:32,315 - FGO - INFO - Epoch  80 | Train Loss: 0.055 | Val Loss: 0.27 | Val F1: 0.92 |
2023-09-02 20:48:32,340 - FGO - INFO - Epoch  90 | Train Loss: 0.053 | Val Loss: 0.27 | Val F1: 0.90 |
2023-09-02 20:48:32,364 - FGO - INFO - Epoch 100 | Train Loss: 0.051 | Val Loss: 0.26 | Val F1: 0.91 |
2023-09-02 20:48:32,364 - FGO - INFO - Best Epoch:  58 | Train Loss: 0.063 | Val Loss: 0.26 | Val F1: 0.92 
2023-09-02 20:48:32,364 - FGO - INFO - Setting model to best state.
2023-09-02 20:48:32,366 - FGO - INFO - ===== Train Fair OT GCN Model ============================================================
2023-09-02 20:48:32,520 - FGO - INFO - Epoch   0 | Train Loss: -0.394 | Val Loss: 0.19 | Val F1: 0.90 |
2023-09-02 20:48:33,613 - FGO - INFO - Epoch  10 | Train Loss: -0.590 | Val Loss: 0.58 | Val F1: 0.85 |
2023-09-02 20:48:34,503 - FGO - INFO - Epoch  20 | Train Loss: -0.708 | Val Loss: 0.26 | Val F1: 0.93 |
2023-09-02 20:48:35,409 - FGO - INFO - Epoch  30 | Train Loss: -0.746 | Val Loss: 0.17 | Val F1: 0.91 |
2023-09-02 20:48:36,251 - FGO - INFO - Epoch  40 | Train Loss: -0.786 | Val Loss: 0.19 | Val F1: 0.91 |
2023-09-02 20:48:36,955 - FGO - INFO - Best Epoch:  16 | Train Loss: -0.676 | Val Loss: 0.34 | Val F1: 0.93 |
2023-09-02 20:48:36,955 - FGO - INFO - Setting model to best state.
2023-09-02 20:48:36,959 - FGO - INFO - ===== Test Fair OT GCN Model =============================================================
2023-09-02 20:48:36,986 - FGO - INFO - Train CM:
[[379   5]
 [  8 329]]
2023-09-02 20:48:36,986 - FGO - INFO - Val CM:
[[46  4]
 [ 3 30]]
2023-09-02 20:48:36,986 - FGO - INFO - Test CM:
[[46  4]
 [ 3 30]]
2023-09-02 20:48:36,991 - FGO - INFO - test statistical parity: 0.10563380281690143
2023-09-02 20:48:36,992 - FGO - INFO - test equal opportunity: 0.09259259259259256
2023-09-02 20:48:36,993 - FGO - INFO - test micro f1: 0.9156626506024096
2023-09-02 20:48:36,994 - FGO - INFO - test macro f1: 0.9124076586763153
