2023-09-02 20:54:56,949 - FGO - INFO - ===== SETUP LOGGING ======================================================================
2023-09-02 20:54:56,950 - FGO - INFO - THIS_FILE: Wrapper.py
2023-09-02 20:54:56,950 - FGO - INFO - 	done: False
2023-09-02 20:54:56,950 - FGO - INFO - 	learning_rate: 0.005
2023-09-02 20:54:56,950 - FGO - INFO - 	h1: 64
2023-09-02 20:54:56,950 - FGO - INFO - 	h2: 32
2023-09-02 20:54:56,950 - FGO - INFO - 	weight_decay: 0.0005
2023-09-02 20:54:56,950 - FGO - INFO - 	dropout: 0.0
2023-09-02 20:54:56,950 - FGO - INFO - 	max_pretrain_epochs: 100
2023-09-02 20:54:56,950 - FGO - INFO - 	max_ot_epochs: 50
2023-09-02 20:54:56,950 - FGO - INFO - 	lambda: 0.05
2023-09-02 20:54:56,950 - FGO - INFO - 	theta: 50
2023-09-02 20:54:56,950 - FGO - INFO - 	clip: 5
2023-09-02 20:54:56,950 - FGO - INFO - ===== SETUP LOGGING COMPLETE =============================================================
2023-09-02 20:54:56,950 - FGO - INFO - ===== Configuring Masks ==================================================================
2023-09-02 20:54:56,950 - FGO - INFO - Source Total: 734
2023-09-02 20:54:56,950 - FGO - INFO - Target Total: 70
2023-09-02 20:54:56,950 - FGO - INFO - Train Total: 734
2023-09-02 20:54:56,950 - FGO - INFO - Val Total:   70
2023-09-02 20:54:56,950 - FGO - INFO - Test Total:  70
2023-09-02 20:54:56,950 - FGO - INFO - ===== Preparing to load data =============================================================
2023-09-02 20:54:56,950 - FGO - INFO - SOURCE: abide_large
2023-09-02 20:54:56,950 - FGO - INFO - ===== Retrieving SOURCE Data =============================================================
2023-09-02 20:54:56,950 - FGO - INFO - *************** In load_graph_data ***************
2023-09-02 20:54:56,950 - FGO - INFO - 	FILEPATH: ./data/abide_large.mat
2023-09-02 20:54:56,950 - FGO - INFO - 	X shape: (804, 93)
2023-09-02 20:54:56,950 - FGO - INFO - 	A shape: (804, 804)
2023-09-02 20:54:56,950 - FGO - INFO - 	P shape: (804,)
2023-09-02 20:54:56,950 - FGO - INFO - 	Y shape: (804, 2)
2023-09-02 20:54:56,951 - FGO - INFO - 	Y sum: 804 (number of postive labels)
2023-09-02 20:54:56,951 - FGO - INFO - ===== Preparing data =====================================================================
2023-09-02 20:54:56,953 - FGO - INFO - ===== Disconnecting Source and Target ====================================================
2023-09-02 20:54:57,041 - FGO - INFO - ===== Finalize Data ======================================================================
2023-09-02 20:54:57,041 - FGO - INFO - A shape: (804, 804)
2023-09-02 20:54:57,041 - FGO - INFO - X shape: (804, 93)
2023-09-02 20:54:57,041 - FGO - INFO - Y shape: (804, 2)
2023-09-02 20:54:57,041 - FGO - INFO - N: 804
2023-09-02 20:54:57,041 - FGO - INFO - N_s: 734
2023-09-02 20:54:57,041 - FGO - INFO - N_t: 70
2023-09-02 20:54:57,044 - FGO - INFO - ===== Pretrain GCN Model =================================================================
2023-09-02 20:54:57,048 - FGO - INFO - Epoch   0 | Train Loss: 0.688 | Val Loss: 0.70 | Val F1: 0.32 |
2023-09-02 20:54:57,073 - FGO - INFO - Epoch  10 | Train Loss: 0.564 | Val Loss: 0.59 | Val F1: 0.75 |
2023-09-02 20:54:57,097 - FGO - INFO - Epoch  20 | Train Loss: 0.257 | Val Loss: 0.29 | Val F1: 0.89 |
2023-09-02 20:54:57,122 - FGO - INFO - Epoch  30 | Train Loss: 0.132 | Val Loss: 0.15 | Val F1: 0.94 |
2023-09-02 20:54:57,147 - FGO - INFO - Epoch  40 | Train Loss: 0.097 | Val Loss: 0.13 | Val F1: 0.94 |
2023-09-02 20:54:57,172 - FGO - INFO - Epoch  50 | Train Loss: 0.088 | Val Loss: 0.12 | Val F1: 0.94 |
2023-09-02 20:54:57,196 - FGO - INFO - Epoch  60 | Train Loss: 0.077 | Val Loss: 0.12 | Val F1: 0.94 |
2023-09-02 20:54:57,221 - FGO - INFO - Epoch  70 | Train Loss: 0.073 | Val Loss: 0.12 | Val F1: 0.94 |
2023-09-02 20:54:57,246 - FGO - INFO - Epoch  80 | Train Loss: 0.068 | Val Loss: 0.14 | Val F1: 0.94 |
2023-09-02 20:54:57,270 - FGO - INFO - Epoch  90 | Train Loss: 0.065 | Val Loss: 0.16 | Val F1: 0.93 |
2023-09-02 20:54:57,295 - FGO - INFO - Epoch 100 | Train Loss: 0.063 | Val Loss: 0.16 | Val F1: 0.94 |
2023-09-02 20:54:57,295 - FGO - INFO - Best Epoch:  36 | Train Loss: 0.108 | Val Loss: 0.14 | Val F1: 0.96 
2023-09-02 20:54:57,295 - FGO - INFO - Setting model to best state.
2023-09-02 20:54:57,297 - FGO - INFO - ===== Train Fair OT GCN Model ============================================================
2023-09-02 20:54:57,366 - FGO - INFO - Epoch   0 | Train Loss: -21.760 | Val Loss: -1.89 | Val F1: 0.94 |
2023-09-02 20:54:58,173 - FGO - INFO - Epoch  10 | Train Loss: -23.230 | Val Loss: -1.82 | Val F1: 0.84 |
2023-09-02 20:54:58,952 - FGO - INFO - Epoch  20 | Train Loss: -23.902 | Val Loss: -1.72 | Val F1: 0.58 |
2023-09-02 20:54:59,769 - FGO - INFO - Epoch  30 | Train Loss: -24.096 | Val Loss: -1.63 | Val F1: 0.33 |
2023-09-02 20:55:00,539 - FGO - INFO - Epoch  40 | Train Loss: -24.100 | Val Loss: -1.63 | Val F1: 0.33 |
2023-09-02 20:55:01,231 - FGO - INFO - Best Epoch:   7 | Train Loss: -22.963 | Val Loss: -1.97 | Val F1: 0.96 |
2023-09-02 20:55:01,231 - FGO - INFO - Setting model to best state.
2023-09-02 20:55:01,235 - FGO - INFO - ===== Test Fair OT GCN Model =============================================================
2023-09-02 20:55:01,259 - FGO - INFO - Train CM:
[[400   0]
 [334   0]]
2023-09-02 20:55:01,260 - FGO - INFO - Val CM:
[[34  0]
 [36  0]]
2023-09-02 20:55:01,260 - FGO - INFO - Test CM:
[[34  0]
 [36  0]]
2023-09-02 20:55:01,265 - FGO - INFO - test statistical parity: 0.0
2023-09-02 20:55:01,266 - FGO - INFO - test equal opportunity: 0.0
2023-09-02 20:55:01,267 - FGO - INFO - test micro f1: 0.4857142857142857
2023-09-02 20:55:01,268 - FGO - INFO - test macro f1: 0.3269230769230769
