2023-09-02 20:56:19,712 - FGO - INFO - ===== SETUP LOGGING ======================================================================
2023-09-02 20:56:19,712 - FGO - INFO - THIS_FILE: Wrapper.py
2023-09-02 20:56:19,712 - FGO - INFO - 	done: False
2023-09-02 20:56:19,712 - FGO - INFO - 	learning_rate: 0.01
2023-09-02 20:56:19,712 - FGO - INFO - 	h1: 64
2023-09-02 20:56:19,712 - FGO - INFO - 	h2: 32
2023-09-02 20:56:19,712 - FGO - INFO - 	weight_decay: 0.0005
2023-09-02 20:56:19,712 - FGO - INFO - 	dropout: 0.0
2023-09-02 20:56:19,712 - FGO - INFO - 	max_pretrain_epochs: 100
2023-09-02 20:56:19,712 - FGO - INFO - 	max_ot_epochs: 50
2023-09-02 20:56:19,712 - FGO - INFO - 	lambda: 0.01
2023-09-02 20:56:19,712 - FGO - INFO - 	theta: 30
2023-09-02 20:56:19,712 - FGO - INFO - 	clip: 5
2023-09-02 20:56:19,712 - FGO - INFO - ===== SETUP LOGGING COMPLETE =============================================================
2023-09-02 20:56:19,712 - FGO - INFO - ===== Configuring Masks ==================================================================
2023-09-02 20:56:19,712 - FGO - INFO - Source Total: 726
2023-09-02 20:56:19,712 - FGO - INFO - Target Total: 78
2023-09-02 20:56:19,712 - FGO - INFO - Train Total: 726
2023-09-02 20:56:19,712 - FGO - INFO - Val Total:   78
2023-09-02 20:56:19,712 - FGO - INFO - Test Total:  78
2023-09-02 20:56:19,712 - FGO - INFO - ===== Preparing to load data =============================================================
2023-09-02 20:56:19,712 - FGO - INFO - SOURCE: abide_large
2023-09-02 20:56:19,712 - FGO - INFO - ===== Retrieving SOURCE Data =============================================================
2023-09-02 20:56:19,712 - FGO - INFO - *************** In load_graph_data ***************
2023-09-02 20:56:19,712 - FGO - INFO - 	FILEPATH: ./data/abide_large.mat
2023-09-02 20:56:19,713 - FGO - INFO - 	X shape: (804, 93)
2023-09-02 20:56:19,713 - FGO - INFO - 	A shape: (804, 804)
2023-09-02 20:56:19,713 - FGO - INFO - 	P shape: (804,)
2023-09-02 20:56:19,713 - FGO - INFO - 	Y shape: (804, 2)
2023-09-02 20:56:19,713 - FGO - INFO - 	Y sum: 804 (number of postive labels)
2023-09-02 20:56:19,714 - FGO - INFO - ===== Preparing data =====================================================================
2023-09-02 20:56:19,715 - FGO - INFO - ===== Disconnecting Source and Target ====================================================
2023-09-02 20:56:19,813 - FGO - INFO - ===== Finalize Data ======================================================================
2023-09-02 20:56:19,813 - FGO - INFO - A shape: (804, 804)
2023-09-02 20:56:19,813 - FGO - INFO - X shape: (804, 93)
2023-09-02 20:56:19,813 - FGO - INFO - Y shape: (804, 2)
2023-09-02 20:56:19,813 - FGO - INFO - N: 804
2023-09-02 20:56:19,813 - FGO - INFO - N_s: 726
2023-09-02 20:56:19,813 - FGO - INFO - N_t: 78
2023-09-02 20:56:19,816 - FGO - INFO - ===== Pretrain GCN Model =================================================================
2023-09-02 20:56:19,820 - FGO - INFO - Epoch   0 | Train Loss: 0.684 | Val Loss: 0.73 | Val F1: 0.32 |
2023-09-02 20:56:19,844 - FGO - INFO - Epoch  10 | Train Loss: 0.515 | Val Loss: 0.52 | Val F1: 0.82 |
2023-09-02 20:56:19,869 - FGO - INFO - Epoch  20 | Train Loss: 0.158 | Val Loss: 0.28 | Val F1: 0.92 |
2023-09-02 20:56:19,894 - FGO - INFO - Epoch  30 | Train Loss: 0.106 | Val Loss: 0.27 | Val F1: 0.92 |
2023-09-02 20:56:19,918 - FGO - INFO - Epoch  40 | Train Loss: 0.085 | Val Loss: 0.13 | Val F1: 0.95 |
2023-09-02 20:56:19,942 - FGO - INFO - Epoch  50 | Train Loss: 0.077 | Val Loss: 0.11 | Val F1: 0.95 |
2023-09-02 20:56:19,967 - FGO - INFO - Epoch  60 | Train Loss: 0.071 | Val Loss: 0.09 | Val F1: 0.95 |
2023-09-02 20:56:19,991 - FGO - INFO - Epoch  70 | Train Loss: 0.074 | Val Loss: 0.12 | Val F1: 0.96 |
2023-09-02 20:56:20,016 - FGO - INFO - Epoch  80 | Train Loss: 0.069 | Val Loss: 0.07 | Val F1: 0.95 |
2023-09-02 20:56:20,040 - FGO - INFO - Epoch  90 | Train Loss: 0.065 | Val Loss: 0.10 | Val F1: 0.95 |
2023-09-02 20:56:20,064 - FGO - INFO - Epoch 100 | Train Loss: 0.062 | Val Loss: 0.10 | Val F1: 0.95 |
2023-09-02 20:56:20,064 - FGO - INFO - Best Epoch:  55 | Train Loss: 0.077 | Val Loss: 0.09 | Val F1: 0.97 
2023-09-02 20:56:20,064 - FGO - INFO - Setting model to best state.
2023-09-02 20:56:20,066 - FGO - INFO - ===== Train Fair OT GCN Model ============================================================
2023-09-02 20:56:20,176 - FGO - WARNING - long running sinkhorn (1000), u_diff: 1.2369265789402561e-07
2023-09-02 20:56:20,264 - FGO - WARNING - long running sinkhorn (2000), u_diff: 1.2752992972764332e-07
2023-09-02 20:56:20,352 - FGO - WARNING - long running sinkhorn (3000), u_diff: 1.2307134511502227e-07
2023-09-02 20:56:20,440 - FGO - WARNING - long running sinkhorn (4000), u_diff: 1.2636132851184811e-07
2023-09-02 20:56:20,527 - FGO - WARNING - long running sinkhorn (5000), u_diff: 1.2122676196213433e-07
2023-09-02 20:56:20,615 - FGO - WARNING - long running sinkhorn (6000), u_diff: 1.1600047855608864e-07
2023-09-02 20:56:20,703 - FGO - WARNING - long running sinkhorn (7000), u_diff: 1.1826498536038343e-07
2023-09-02 20:56:20,790 - FGO - WARNING - long running sinkhorn (8000), u_diff: 1.2439582519618853e-07
2023-09-02 20:56:20,878 - FGO - WARNING - long running sinkhorn (9000), u_diff: 1.2040874253216316e-07
2023-09-02 20:56:20,966 - FGO - WARNING - long running sinkhorn (10000), u_diff: 1.2443463504041574e-07
2023-09-02 20:56:20,966 - FGO - WARNING - large sinkhorn itter (10000)
2023-09-02 20:56:21,476 - FGO - INFO - Epoch   0 | Train Loss: -1.547 | Val Loss: -0.11 | Val F1: 0.95 |
2023-09-02 20:56:22,377 - FGO - INFO - Epoch  10 | Train Loss: -2.259 | Val Loss: 0.15 | Val F1: 0.86 |
2023-09-02 20:56:23,184 - FGO - INFO - Epoch  20 | Train Loss: -2.431 | Val Loss: 0.06 | Val F1: 0.91 |
2023-09-02 20:56:23,968 - FGO - INFO - Epoch  30 | Train Loss: -2.539 | Val Loss: 0.02 | Val F1: 0.91 |
2023-09-02 20:56:24,758 - FGO - INFO - Epoch  40 | Train Loss: -2.586 | Val Loss: 0.02 | Val F1: 0.91 |
2023-09-02 20:56:25,465 - FGO - INFO - Best Epoch:   6 | Train Loss: -2.064 | Val Loss: -0.11 | Val F1: 0.94 |
2023-09-02 20:56:25,465 - FGO - INFO - Setting model to best state.
2023-09-02 20:56:25,468 - FGO - INFO - ===== Test Fair OT GCN Model =============================================================
2023-09-02 20:56:25,509 - FGO - INFO - Train CM:
[[394   6]
 [ 18 308]]
2023-09-02 20:56:25,510 - FGO - INFO - Val CM:
[[34  0]
 [ 7 37]]
2023-09-02 20:56:25,510 - FGO - INFO - Test CM:
[[34  0]
 [ 7 37]]
2023-09-02 20:56:25,515 - FGO - INFO - test statistical parity: 0.09178743961352659
2023-09-02 20:56:25,516 - FGO - INFO - test equal opportunity: 0.17948717948717952
2023-09-02 20:56:25,517 - FGO - INFO - test micro f1: 0.9102564102564102
2023-09-02 20:56:25,517 - FGO - INFO - test macro f1: 0.9101234567901235
