2023-09-02 19:16:39,808 - FGO - INFO - ===== SETUP LOGGING ======================================================================
2023-09-02 19:16:39,808 - FGO - INFO - THIS_FILE: Wrapper.py
2023-09-02 19:16:39,808 - FGO - INFO - 	learning_rate: 0.005
2023-09-02 19:16:39,808 - FGO - INFO - 	h1: 64
2023-09-02 19:16:39,808 - FGO - INFO - 	h2: 32
2023-09-02 19:16:39,808 - FGO - INFO - 	weight_decay: 0.0005
2023-09-02 19:16:39,808 - FGO - INFO - 	dropout: 0.0
2023-09-02 19:16:39,808 - FGO - INFO - 	max_pretrain_epochs: 50
2023-09-02 19:16:39,808 - FGO - INFO - 	max_ot_epochs: 15
2023-09-02 19:16:39,808 - FGO - INFO - 	lambda: 0.01
2023-09-02 19:16:39,808 - FGO - INFO - 	theta: 10
2023-09-02 19:16:39,808 - FGO - INFO - 	clip: 5
2023-09-02 19:16:39,808 - FGO - INFO - ===== SETUP LOGGING COMPLETE =============================================================
2023-09-02 19:16:39,809 - FGO - INFO - ===== Preparing to load data =============================================================
2023-09-02 19:16:39,809 - FGO - INFO - SOURCE: abide_large
2023-09-02 19:16:39,809 - FGO - INFO - TARGET: abide_small
2023-09-02 19:16:39,809 - FGO - INFO - ===== Retrieving SOURCE Data =============================================================
2023-09-02 19:16:39,809 - FGO - INFO - *************** In load_graph_data ***************
2023-09-02 19:16:39,809 - FGO - INFO - 	FILEPATH: ./data/abide_large.mat
2023-09-02 19:16:39,809 - FGO - INFO - 	X shape: (804, 93)
2023-09-02 19:16:39,809 - FGO - INFO - 	A shape: (804, 804)
2023-09-02 19:16:39,809 - FGO - INFO - 	P shape: (804,)
2023-09-02 19:16:39,809 - FGO - INFO - 	Y shape: (804, 2)
2023-09-02 19:16:39,809 - FGO - INFO - 	Y sum: 804 (number of postive labels)
2023-09-02 19:16:39,811 - FGO - INFO - ===== Retrieving TARGET Data =============================================================
2023-09-02 19:16:39,811 - FGO - INFO - *************** In load_graph_data ***************
2023-09-02 19:16:39,811 - FGO - INFO - 	FILEPATH: ./data/abide_small.mat
2023-09-02 19:16:39,811 - FGO - INFO - 	X shape: (67, 93)
2023-09-02 19:16:39,811 - FGO - INFO - 	A shape: (67, 67)
2023-09-02 19:16:39,811 - FGO - INFO - 	P shape: (67,)
2023-09-02 19:16:39,811 - FGO - INFO - 	Y shape: (67, 2)
2023-09-02 19:16:39,811 - FGO - INFO - 	Y sum: 67 (number of postive labels)
2023-09-02 19:16:39,811 - FGO - INFO - ===== Combine Data =======================================================================
2023-09-02 19:16:39,843 - FGO - INFO - A shape: (871, 871)
2023-09-02 19:16:39,843 - FGO - INFO - X shape: (871, 93)
2023-09-02 19:16:39,843 - FGO - INFO - Y shape: (871, 2)
2023-09-02 19:16:39,843 - FGO - INFO - N: 871
2023-09-02 19:16:39,843 - FGO - INFO - N_s: 804
2023-09-02 19:16:39,843 - FGO - INFO - N_t: 67
2023-09-02 19:16:39,846 - FGO - INFO - ===== Configuring Train/Val/Test Masks ===================================================
2023-09-02 19:16:39,847 - FGO - INFO - Train Total: 804
2023-09-02 19:16:39,847 - FGO - INFO - Val Total:   0.0
2023-09-02 19:16:39,847 - FGO - INFO - Test Total:  67
2023-09-02 19:16:39,847 - FGO - INFO - ===== Pretrain GCN Model =================================================================
2023-09-02 19:16:39,890 - FGO - INFO - Epoch   0 | Train Loss: 0.698 | Train Macro F1: 0.42 |
2023-09-02 19:16:40,323 - FGO - INFO - Epoch  10 | Train Loss: 0.581 | Train Macro F1: 0.74 |
2023-09-02 19:16:40,756 - FGO - INFO - Epoch  20 | Train Loss: 0.280 | Train Macro F1: 0.91 |
2023-09-02 19:16:41,190 - FGO - INFO - Epoch  30 | Train Loss: 0.140 | Train Macro F1: 0.95 |
2023-09-02 19:16:41,626 - FGO - INFO - Epoch  40 | Train Loss: 0.100 | Train Macro F1: 0.96 |
2023-09-02 19:16:42,064 - FGO - INFO - Epoch  50 | Train Loss: 0.087 | Train Macro F1: 0.97 |
2023-09-02 19:16:42,065 - FGO - INFO - ===== Train Fair OT GCN Model ============================================================
2023-09-02 19:16:42,228 - FGO - INFO - Epoch   0 | Train Loss: 2.496 | Train CE Loss: 3.028 | Train OT Loss: -0.053| Train Macro F1: 0.58 |
2023-09-02 19:16:43,436 - FGO - INFO - Epoch  10 | Train Loss: -0.281 | Train CE Loss: 0.460 | Train OT Loss: -0.074| Train Macro F1: 0.75 |
2023-09-02 19:16:43,971 - FGO - INFO - ===== Test Fair OT GCN Model =============================================================
2023-09-02 19:16:44,010 - FGO - INFO - Train CM:
[[431   3]
 [ 34 336]]
2023-09-02 19:16:44,011 - FGO - INFO - Val CM:
[]
2023-09-02 19:16:44,011 - FGO - INFO - Test CM:
[[34  0]
 [ 1 32]]
2023-09-02 19:16:44,016 - FGO - INFO - test micro f1: 0.9850746268656716
2023-09-02 19:16:44,016 - FGO - INFO - test macro f1: 0.9850613154960981
2023-09-02 19:16:44,017 - FGO - INFO - test statistical parity: 0.12380952380952381
2023-09-02 19:16:44,018 - FGO - INFO - test equal opportunity: 0.09090909090909094
2023-09-02 19:16:44,018 - FGO - INFO - train micro f1: 0.9539800995024875
2023-09-02 19:16:44,019 - FGO - INFO - train macro f1: 0.9533284906752684
2023-09-02 19:16:44,019 - FGO - INFO - train statistical parity: 0.12995154266085995
2023-09-02 19:16:44,020 - FGO - INFO - train equal opportunity: 0.05390797240594558
