2023-09-02 21:01:29,941 - FGO - INFO - ===== SETUP LOGGING ======================================================================
2023-09-02 21:01:29,941 - FGO - INFO - THIS_FILE: Wrapper.py
2023-09-02 21:01:29,941 - FGO - INFO - 	done: False
2023-09-02 21:01:29,941 - FGO - INFO - 	learning_rate: 0.01
2023-09-02 21:01:29,941 - FGO - INFO - 	h1: 64
2023-09-02 21:01:29,941 - FGO - INFO - 	h2: 32
2023-09-02 21:01:29,941 - FGO - INFO - 	weight_decay: 0.0005
2023-09-02 21:01:29,941 - FGO - INFO - 	dropout: 0.0
2023-09-02 21:01:29,941 - FGO - INFO - 	max_pretrain_epochs: 100
2023-09-02 21:01:29,941 - FGO - INFO - 	max_ot_epochs: 50
2023-09-02 21:01:29,941 - FGO - INFO - 	lambda: 0.05
2023-09-02 21:01:29,941 - FGO - INFO - 	theta: 50
2023-09-02 21:01:29,941 - FGO - INFO - 	clip: 5
2023-09-02 21:01:29,941 - FGO - INFO - ===== SETUP LOGGING COMPLETE =============================================================
2023-09-02 21:01:29,941 - FGO - INFO - ===== Configuring Masks ==================================================================
2023-09-02 21:01:29,941 - FGO - INFO - Source Total: 726
2023-09-02 21:01:29,941 - FGO - INFO - Target Total: 78
2023-09-02 21:01:29,941 - FGO - INFO - Train Total: 726
2023-09-02 21:01:29,941 - FGO - INFO - Val Total:   78
2023-09-02 21:01:29,941 - FGO - INFO - Test Total:  78
2023-09-02 21:01:29,941 - FGO - INFO - ===== Preparing to load data =============================================================
2023-09-02 21:01:29,941 - FGO - INFO - SOURCE: abide_large
2023-09-02 21:01:29,941 - FGO - INFO - ===== Retrieving SOURCE Data =============================================================
2023-09-02 21:01:29,941 - FGO - INFO - *************** In load_graph_data ***************
2023-09-02 21:01:29,941 - FGO - INFO - 	FILEPATH: ./data/abide_large.mat
2023-09-02 21:01:29,942 - FGO - INFO - 	X shape: (804, 93)
2023-09-02 21:01:29,942 - FGO - INFO - 	A shape: (804, 804)
2023-09-02 21:01:29,942 - FGO - INFO - 	P shape: (804,)
2023-09-02 21:01:29,942 - FGO - INFO - 	Y shape: (804, 2)
2023-09-02 21:01:29,942 - FGO - INFO - 	Y sum: 804 (number of postive labels)
2023-09-02 21:01:29,943 - FGO - INFO - ===== Preparing data =====================================================================
2023-09-02 21:01:29,944 - FGO - INFO - ===== Disconnecting Source and Target ====================================================
2023-09-02 21:01:30,042 - FGO - INFO - ===== Finalize Data ======================================================================
2023-09-02 21:01:30,043 - FGO - INFO - A shape: (804, 804)
2023-09-02 21:01:30,043 - FGO - INFO - X shape: (804, 93)
2023-09-02 21:01:30,043 - FGO - INFO - Y shape: (804, 2)
2023-09-02 21:01:30,043 - FGO - INFO - N: 804
2023-09-02 21:01:30,043 - FGO - INFO - N_s: 726
2023-09-02 21:01:30,043 - FGO - INFO - N_t: 78
2023-09-02 21:01:30,046 - FGO - INFO - ===== Pretrain GCN Model =================================================================
2023-09-02 21:01:30,050 - FGO - INFO - Epoch   0 | Train Loss: 0.684 | Val Loss: 0.73 | Val F1: 0.32 |
2023-09-02 21:01:30,074 - FGO - INFO - Epoch  10 | Train Loss: 0.515 | Val Loss: 0.52 | Val F1: 0.82 |
2023-09-02 21:01:30,099 - FGO - INFO - Epoch  20 | Train Loss: 0.158 | Val Loss: 0.28 | Val F1: 0.92 |
2023-09-02 21:01:30,123 - FGO - INFO - Epoch  30 | Train Loss: 0.106 | Val Loss: 0.27 | Val F1: 0.92 |
2023-09-02 21:01:30,148 - FGO - INFO - Epoch  40 | Train Loss: 0.085 | Val Loss: 0.13 | Val F1: 0.95 |
2023-09-02 21:01:30,172 - FGO - INFO - Epoch  50 | Train Loss: 0.077 | Val Loss: 0.11 | Val F1: 0.95 |
2023-09-02 21:01:30,197 - FGO - INFO - Epoch  60 | Train Loss: 0.071 | Val Loss: 0.09 | Val F1: 0.95 |
2023-09-02 21:01:30,221 - FGO - INFO - Epoch  70 | Train Loss: 0.074 | Val Loss: 0.12 | Val F1: 0.96 |
2023-09-02 21:01:30,246 - FGO - INFO - Epoch  80 | Train Loss: 0.069 | Val Loss: 0.07 | Val F1: 0.95 |
2023-09-02 21:01:30,270 - FGO - INFO - Epoch  90 | Train Loss: 0.065 | Val Loss: 0.10 | Val F1: 0.95 |
2023-09-02 21:01:30,295 - FGO - INFO - Epoch 100 | Train Loss: 0.062 | Val Loss: 0.10 | Val F1: 0.95 |
2023-09-02 21:01:30,295 - FGO - INFO - Best Epoch:  55 | Train Loss: 0.077 | Val Loss: 0.09 | Val F1: 0.97 
2023-09-02 21:01:30,295 - FGO - INFO - Setting model to best state.
2023-09-02 21:01:30,296 - FGO - INFO - ===== Train Fair OT GCN Model ============================================================
2023-09-02 21:01:30,362 - FGO - INFO - Epoch   0 | Train Loss: -21.352 | Val Loss: -2.18 | Val F1: 0.95 |
2023-09-02 21:01:31,194 - FGO - INFO - Epoch  10 | Train Loss: -23.334 | Val Loss: -1.95 | Val F1: 0.79 |
2023-09-02 21:01:31,987 - FGO - INFO - Epoch  20 | Train Loss: -24.016 | Val Loss: -1.92 | Val F1: 0.38 |
2023-09-02 21:01:32,810 - FGO - INFO - Epoch  30 | Train Loss: -24.072 | Val Loss: -1.90 | Val F1: 0.30 |
2023-09-02 21:01:33,576 - FGO - INFO - Epoch  40 | Train Loss: -24.072 | Val Loss: -1.89 | Val F1: 0.30 |
2023-09-02 21:01:34,234 - FGO - INFO - Best Epoch:   6 | Train Loss: -22.766 | Val Loss: -2.21 | Val F1: 0.91 |
2023-09-02 21:01:34,234 - FGO - INFO - Setting model to best state.
2023-09-02 21:01:34,238 - FGO - INFO - ===== Test Fair OT GCN Model =============================================================
2023-09-02 21:01:34,265 - FGO - INFO - Train CM:
[[400   0]
 [326   0]]
2023-09-02 21:01:34,265 - FGO - INFO - Val CM:
[[34  0]
 [44  0]]
2023-09-02 21:01:34,266 - FGO - INFO - Test CM:
[[34  0]
 [44  0]]
2023-09-02 21:01:34,271 - FGO - INFO - test statistical parity: 0.0
2023-09-02 21:01:34,272 - FGO - INFO - test equal opportunity: 0.0
2023-09-02 21:01:34,273 - FGO - INFO - test micro f1: 0.4358974358974359
2023-09-02 21:01:34,274 - FGO - INFO - test macro f1: 0.30357142857142855
