2023-09-02 20:54:35,504 - FGO - INFO - ===== SETUP LOGGING ======================================================================
2023-09-02 20:54:35,504 - FGO - INFO - THIS_FILE: Wrapper.py
2023-09-02 20:54:35,504 - FGO - INFO - 	done: False
2023-09-02 20:54:35,504 - FGO - INFO - 	learning_rate: 0.005
2023-09-02 20:54:35,504 - FGO - INFO - 	h1: 64
2023-09-02 20:54:35,504 - FGO - INFO - 	h2: 32
2023-09-02 20:54:35,504 - FGO - INFO - 	weight_decay: 0.0005
2023-09-02 20:54:35,504 - FGO - INFO - 	dropout: 0.0
2023-09-02 20:54:35,504 - FGO - INFO - 	max_pretrain_epochs: 100
2023-09-02 20:54:35,504 - FGO - INFO - 	max_ot_epochs: 50
2023-09-02 20:54:35,504 - FGO - INFO - 	lambda: 0.05
2023-09-02 20:54:35,504 - FGO - INFO - 	theta: 50
2023-09-02 20:54:35,504 - FGO - INFO - 	clip: 5
2023-09-02 20:54:35,504 - FGO - INFO - ===== SETUP LOGGING COMPLETE =============================================================
2023-09-02 20:54:35,504 - FGO - INFO - ===== Configuring Masks ==================================================================
2023-09-02 20:54:35,504 - FGO - INFO - Source Total: 729
2023-09-02 20:54:35,504 - FGO - INFO - Target Total: 75
2023-09-02 20:54:35,504 - FGO - INFO - Train Total: 729
2023-09-02 20:54:35,504 - FGO - INFO - Val Total:   75
2023-09-02 20:54:35,504 - FGO - INFO - Test Total:  75
2023-09-02 20:54:35,504 - FGO - INFO - ===== Preparing to load data =============================================================
2023-09-02 20:54:35,504 - FGO - INFO - SOURCE: abide_large
2023-09-02 20:54:35,504 - FGO - INFO - ===== Retrieving SOURCE Data =============================================================
2023-09-02 20:54:35,504 - FGO - INFO - *************** In load_graph_data ***************
2023-09-02 20:54:35,504 - FGO - INFO - 	FILEPATH: ./data/abide_large.mat
2023-09-02 20:54:35,504 - FGO - INFO - 	X shape: (804, 93)
2023-09-02 20:54:35,504 - FGO - INFO - 	A shape: (804, 804)
2023-09-02 20:54:35,505 - FGO - INFO - 	P shape: (804,)
2023-09-02 20:54:35,505 - FGO - INFO - 	Y shape: (804, 2)
2023-09-02 20:54:35,505 - FGO - INFO - 	Y sum: 804 (number of postive labels)
2023-09-02 20:54:35,506 - FGO - INFO - ===== Preparing data =====================================================================
2023-09-02 20:54:35,507 - FGO - INFO - ===== Disconnecting Source and Target ====================================================
2023-09-02 20:54:35,600 - FGO - INFO - ===== Finalize Data ======================================================================
2023-09-02 20:54:35,600 - FGO - INFO - A shape: (804, 804)
2023-09-02 20:54:35,600 - FGO - INFO - X shape: (804, 93)
2023-09-02 20:54:35,600 - FGO - INFO - Y shape: (804, 2)
2023-09-02 20:54:35,600 - FGO - INFO - N: 804
2023-09-02 20:54:35,600 - FGO - INFO - N_s: 729
2023-09-02 20:54:35,600 - FGO - INFO - N_t: 75
2023-09-02 20:54:35,604 - FGO - INFO - ===== Pretrain GCN Model =================================================================
2023-09-02 20:54:35,607 - FGO - INFO - Epoch   0 | Train Loss: 0.689 | Val Loss: 0.68 | Val F1: 0.37 |
2023-09-02 20:54:35,632 - FGO - INFO - Epoch  10 | Train Loss: 0.580 | Val Loss: 0.56 | Val F1: 0.75 |
2023-09-02 20:54:35,656 - FGO - INFO - Epoch  20 | Train Loss: 0.266 | Val Loss: 0.18 | Val F1: 0.97 |
2023-09-02 20:54:35,681 - FGO - INFO - Epoch  30 | Train Loss: 0.135 | Val Loss: 0.07 | Val F1: 0.99 |
2023-09-02 20:54:35,705 - FGO - INFO - Epoch  40 | Train Loss: 0.098 | Val Loss: 0.04 | Val F1: 0.99 |
2023-09-02 20:54:35,730 - FGO - INFO - Epoch  50 | Train Loss: 0.087 | Val Loss: 0.05 | Val F1: 0.99 |
2023-09-02 20:54:35,754 - FGO - INFO - Epoch  60 | Train Loss: 0.077 | Val Loss: 0.05 | Val F1: 0.99 |
2023-09-02 20:54:35,779 - FGO - INFO - Epoch  70 | Train Loss: 0.071 | Val Loss: 0.04 | Val F1: 0.99 |
2023-09-02 20:54:35,803 - FGO - INFO - Epoch  80 | Train Loss: 0.076 | Val Loss: 0.07 | Val F1: 0.97 |
2023-09-02 20:54:35,828 - FGO - INFO - Epoch  90 | Train Loss: 0.071 | Val Loss: 0.04 | Val F1: 0.99 |
2023-09-02 20:54:35,852 - FGO - INFO - Epoch 100 | Train Loss: 0.066 | Val Loss: 0.04 | Val F1: 0.97 |
2023-09-02 20:54:35,852 - FGO - INFO - Best Epoch:  24 | Train Loss: 0.189 | Val Loss: 0.10 | Val F1: 1.00 
2023-09-02 20:54:35,852 - FGO - INFO - Setting model to best state.
2023-09-02 20:54:35,854 - FGO - INFO - ===== Train Fair OT GCN Model ============================================================
2023-09-02 20:54:35,919 - FGO - INFO - Epoch   0 | Train Loss: -21.509 | Val Loss: -2.23 | Val F1: 0.97 |
2023-09-02 20:54:36,707 - FGO - INFO - Epoch  10 | Train Loss: -23.232 | Val Loss: -2.26 | Val F1: 0.92 |
2023-09-02 20:54:37,502 - FGO - INFO - Epoch  20 | Train Loss: -23.853 | Val Loss: -1.94 | Val F1: 0.58 |
2023-09-02 20:54:38,232 - FGO - INFO - Epoch  30 | Train Loss: -23.997 | Val Loss: -1.89 | Val F1: 0.34 |
2023-09-02 20:54:38,985 - FGO - INFO - Epoch  40 | Train Loss: -24.001 | Val Loss: -1.89 | Val F1: 0.34 |
2023-09-02 20:54:39,662 - FGO - INFO - Best Epoch:   6 | Train Loss: -22.748 | Val Loss: -2.32 | Val F1: 0.96 |
2023-09-02 20:54:39,662 - FGO - INFO - Setting model to best state.
2023-09-02 20:54:39,666 - FGO - INFO - ===== Test Fair OT GCN Model =============================================================
2023-09-02 20:54:39,689 - FGO - INFO - Train CM:
[[396   0]
 [333   0]]
2023-09-02 20:54:39,690 - FGO - INFO - Val CM:
[[38  0]
 [37  0]]
2023-09-02 20:54:39,690 - FGO - INFO - Test CM:
[[38  0]
 [37  0]]
2023-09-02 20:54:39,695 - FGO - INFO - test statistical parity: 0.0
2023-09-02 20:54:39,696 - FGO - INFO - test equal opportunity: 0.0
2023-09-02 20:54:39,697 - FGO - INFO - test micro f1: 0.5066666666666667
2023-09-02 20:54:39,698 - FGO - INFO - test macro f1: 0.33628318584070793
