2023-09-02 20:47:12,765 - FGO - INFO - ===== SETUP LOGGING ======================================================================
2023-09-02 20:47:12,765 - FGO - INFO - THIS_FILE: Wrapper.py
2023-09-02 20:47:12,765 - FGO - INFO - 	done: False
2023-09-02 20:47:12,765 - FGO - INFO - 	learning_rate: 0.001
2023-09-02 20:47:12,765 - FGO - INFO - 	h1: 64
2023-09-02 20:47:12,765 - FGO - INFO - 	h2: 32
2023-09-02 20:47:12,765 - FGO - INFO - 	weight_decay: 0.0005
2023-09-02 20:47:12,765 - FGO - INFO - 	dropout: 0.0
2023-09-02 20:47:12,765 - FGO - INFO - 	max_pretrain_epochs: 100
2023-09-02 20:47:12,765 - FGO - INFO - 	max_ot_epochs: 50
2023-09-02 20:47:12,765 - FGO - INFO - 	lambda: 0.05
2023-09-02 20:47:12,765 - FGO - INFO - 	theta: 30
2023-09-02 20:47:12,765 - FGO - INFO - 	clip: 5
2023-09-02 20:47:12,765 - FGO - INFO - ===== SETUP LOGGING COMPLETE =============================================================
2023-09-02 20:47:12,765 - FGO - INFO - ===== Configuring Masks ==================================================================
2023-09-02 20:47:12,765 - FGO - INFO - Source Total: 732
2023-09-02 20:47:12,765 - FGO - INFO - Target Total: 72
2023-09-02 20:47:12,765 - FGO - INFO - Train Total: 732
2023-09-02 20:47:12,765 - FGO - INFO - Val Total:   72
2023-09-02 20:47:12,765 - FGO - INFO - Test Total:  72
2023-09-02 20:47:12,765 - FGO - INFO - ===== Preparing to load data =============================================================
2023-09-02 20:47:12,765 - FGO - INFO - SOURCE: abide_large
2023-09-02 20:47:12,765 - FGO - INFO - ===== Retrieving SOURCE Data =============================================================
2023-09-02 20:47:12,765 - FGO - INFO - *************** In load_graph_data ***************
2023-09-02 20:47:12,765 - FGO - INFO - 	FILEPATH: ./data/abide_large.mat
2023-09-02 20:47:12,766 - FGO - INFO - 	X shape: (804, 93)
2023-09-02 20:47:12,766 - FGO - INFO - 	A shape: (804, 804)
2023-09-02 20:47:12,766 - FGO - INFO - 	P shape: (804,)
2023-09-02 20:47:12,766 - FGO - INFO - 	Y shape: (804, 2)
2023-09-02 20:47:12,766 - FGO - INFO - 	Y sum: 804 (number of postive labels)
2023-09-02 20:47:12,767 - FGO - INFO - ===== Preparing data =====================================================================
2023-09-02 20:47:12,768 - FGO - INFO - ===== Disconnecting Source and Target ====================================================
2023-09-02 20:47:12,861 - FGO - INFO - ===== Finalize Data ======================================================================
2023-09-02 20:47:12,861 - FGO - INFO - A shape: (804, 804)
2023-09-02 20:47:12,861 - FGO - INFO - X shape: (804, 93)
2023-09-02 20:47:12,861 - FGO - INFO - Y shape: (804, 2)
2023-09-02 20:47:12,861 - FGO - INFO - N: 804
2023-09-02 20:47:12,861 - FGO - INFO - N_s: 732
2023-09-02 20:47:12,861 - FGO - INFO - N_t: 72
2023-09-02 20:47:12,865 - FGO - INFO - ===== Pretrain GCN Model =================================================================
2023-09-02 20:47:12,868 - FGO - INFO - Epoch   0 | Train Loss: 0.688 | Val Loss: 0.70 | Val F1: 0.33 |
2023-09-02 20:47:12,893 - FGO - INFO - Epoch  10 | Train Loss: 0.674 | Val Loss: 0.68 | Val F1: 0.45 |
2023-09-02 20:47:12,917 - FGO - INFO - Epoch  20 | Train Loss: 0.649 | Val Loss: 0.66 | Val F1: 0.63 |
2023-09-02 20:47:12,942 - FGO - INFO - Epoch  30 | Train Loss: 0.596 | Val Loss: 0.60 | Val F1: 0.75 |
2023-09-02 20:47:12,967 - FGO - INFO - Epoch  40 | Train Loss: 0.508 | Val Loss: 0.50 | Val F1: 0.87 |
2023-09-02 20:47:12,992 - FGO - INFO - Epoch  50 | Train Loss: 0.399 | Val Loss: 0.39 | Val F1: 0.89 |
2023-09-02 20:47:13,016 - FGO - INFO - Epoch  60 | Train Loss: 0.297 | Val Loss: 0.27 | Val F1: 0.90 |
2023-09-02 20:47:13,041 - FGO - INFO - Epoch  70 | Train Loss: 0.224 | Val Loss: 0.20 | Val F1: 0.94 |
2023-09-02 20:47:13,065 - FGO - INFO - Epoch  80 | Train Loss: 0.179 | Val Loss: 0.16 | Val F1: 0.96 |
2023-09-02 20:47:13,090 - FGO - INFO - Epoch  90 | Train Loss: 0.150 | Val Loss: 0.14 | Val F1: 0.97 |
2023-09-02 20:47:13,114 - FGO - INFO - Epoch 100 | Train Loss: 0.130 | Val Loss: 0.13 | Val F1: 0.97 |
2023-09-02 20:47:13,114 - FGO - INFO - Best Epoch:  81 | Train Loss: 0.175 | Val Loss: 0.16 | Val F1: 0.97 
2023-09-02 20:47:13,114 - FGO - INFO - Setting model to best state.
2023-09-02 20:47:13,116 - FGO - INFO - ===== Train Fair OT GCN Model ============================================================
2023-09-02 20:47:13,181 - FGO - INFO - Epoch   0 | Train Loss: -13.333 | Val Loss: -1.27 | Val F1: 0.97 |
2023-09-02 20:47:14,046 - FGO - INFO - Epoch  10 | Train Loss: -13.571 | Val Loss: -1.27 | Val F1: 0.94 |
2023-09-02 20:47:14,934 - FGO - INFO - Epoch  20 | Train Loss: -13.743 | Val Loss: -1.27 | Val F1: 0.92 |
2023-09-02 20:47:15,701 - FGO - INFO - Epoch  30 | Train Loss: -13.837 | Val Loss: -1.24 | Val F1: 0.90 |
2023-09-02 20:47:16,523 - FGO - INFO - Epoch  40 | Train Loss: -13.877 | Val Loss: -1.25 | Val F1: 0.90 |
2023-09-02 20:47:17,220 - FGO - INFO - Best Epoch:   7 | Train Loss: -13.508 | Val Loss: -1.27 | Val F1: 0.96 |
2023-09-02 20:47:17,220 - FGO - INFO - Setting model to best state.
2023-09-02 20:47:17,227 - FGO - INFO - ===== Test Fair OT GCN Model =============================================================
2023-09-02 20:47:17,257 - FGO - INFO - Train CM:
[[396   1]
 [ 70 265]]
2023-09-02 20:47:17,257 - FGO - INFO - Val CM:
[[37  0]
 [ 7 28]]
2023-09-02 20:47:17,258 - FGO - INFO - Test CM:
[[37  0]
 [ 7 28]]
2023-09-02 20:47:17,263 - FGO - INFO - test statistical parity: 0.012903225806451646
2023-09-02 20:47:17,264 - FGO - INFO - test equal opportunity: 0.0
2023-09-02 20:47:17,265 - FGO - INFO - test micro f1: 0.9027777777777778
2023-09-02 20:47:17,265 - FGO - INFO - test macro f1: 0.9012345679012346
