2023-09-02 20:59:16,021 - FGO - INFO - ===== SETUP LOGGING ======================================================================
2023-09-02 20:59:16,021 - FGO - INFO - THIS_FILE: Wrapper.py
2023-09-02 20:59:16,021 - FGO - INFO - 	done: False
2023-09-02 20:59:16,021 - FGO - INFO - 	learning_rate: 0.01
2023-09-02 20:59:16,021 - FGO - INFO - 	h1: 64
2023-09-02 20:59:16,021 - FGO - INFO - 	h2: 32
2023-09-02 20:59:16,021 - FGO - INFO - 	weight_decay: 0.0005
2023-09-02 20:59:16,021 - FGO - INFO - 	dropout: 0.0
2023-09-02 20:59:16,021 - FGO - INFO - 	max_pretrain_epochs: 100
2023-09-02 20:59:16,021 - FGO - INFO - 	max_ot_epochs: 50
2023-09-02 20:59:16,021 - FGO - INFO - 	lambda: 0.03
2023-09-02 20:59:16,021 - FGO - INFO - 	theta: 50
2023-09-02 20:59:16,021 - FGO - INFO - 	clip: 5
2023-09-02 20:59:16,021 - FGO - INFO - ===== SETUP LOGGING COMPLETE =============================================================
2023-09-02 20:59:16,021 - FGO - INFO - ===== Configuring Masks ==================================================================
2023-09-02 20:59:16,021 - FGO - INFO - Source Total: 732
2023-09-02 20:59:16,021 - FGO - INFO - Target Total: 72
2023-09-02 20:59:16,021 - FGO - INFO - Train Total: 732
2023-09-02 20:59:16,021 - FGO - INFO - Val Total:   72
2023-09-02 20:59:16,021 - FGO - INFO - Test Total:  72
2023-09-02 20:59:16,021 - FGO - INFO - ===== Preparing to load data =============================================================
2023-09-02 20:59:16,021 - FGO - INFO - SOURCE: abide_large
2023-09-02 20:59:16,021 - FGO - INFO - ===== Retrieving SOURCE Data =============================================================
2023-09-02 20:59:16,021 - FGO - INFO - *************** In load_graph_data ***************
2023-09-02 20:59:16,021 - FGO - INFO - 	FILEPATH: ./data/abide_large.mat
2023-09-02 20:59:16,022 - FGO - INFO - 	X shape: (804, 93)
2023-09-02 20:59:16,022 - FGO - INFO - 	A shape: (804, 804)
2023-09-02 20:59:16,022 - FGO - INFO - 	P shape: (804,)
2023-09-02 20:59:16,022 - FGO - INFO - 	Y shape: (804, 2)
2023-09-02 20:59:16,022 - FGO - INFO - 	Y sum: 804 (number of postive labels)
2023-09-02 20:59:16,023 - FGO - INFO - ===== Preparing data =====================================================================
2023-09-02 20:59:16,024 - FGO - INFO - ===== Disconnecting Source and Target ====================================================
2023-09-02 20:59:16,116 - FGO - INFO - ===== Finalize Data ======================================================================
2023-09-02 20:59:16,116 - FGO - INFO - A shape: (804, 804)
2023-09-02 20:59:16,116 - FGO - INFO - X shape: (804, 93)
2023-09-02 20:59:16,116 - FGO - INFO - Y shape: (804, 2)
2023-09-02 20:59:16,116 - FGO - INFO - N: 804
2023-09-02 20:59:16,116 - FGO - INFO - N_s: 732
2023-09-02 20:59:16,116 - FGO - INFO - N_t: 72
2023-09-02 20:59:16,119 - FGO - INFO - ===== Pretrain GCN Model =================================================================
2023-09-02 20:59:16,123 - FGO - INFO - Epoch   0 | Train Loss: 0.688 | Val Loss: 0.70 | Val F1: 0.33 |
2023-09-02 20:59:16,148 - FGO - INFO - Epoch  10 | Train Loss: 0.469 | Val Loss: 0.46 | Val F1: 0.81 |
2023-09-02 20:59:16,173 - FGO - INFO - Epoch  20 | Train Loss: 0.141 | Val Loss: 0.14 | Val F1: 0.97 |
2023-09-02 20:59:16,197 - FGO - INFO - Epoch  30 | Train Loss: 0.100 | Val Loss: 0.14 | Val F1: 0.97 |
2023-09-02 20:59:16,222 - FGO - INFO - Epoch  40 | Train Loss: 0.086 | Val Loss: 0.14 | Val F1: 0.97 |
2023-09-02 20:59:16,247 - FGO - INFO - Epoch  50 | Train Loss: 0.077 | Val Loss: 0.11 | Val F1: 0.97 |
2023-09-02 20:59:16,271 - FGO - INFO - Epoch  60 | Train Loss: 0.073 | Val Loss: 0.08 | Val F1: 0.97 |
2023-09-02 20:59:16,296 - FGO - INFO - Epoch  70 | Train Loss: 0.073 | Val Loss: 0.05 | Val F1: 0.99 |
2023-09-02 20:59:16,321 - FGO - INFO - Epoch  80 | Train Loss: 0.067 | Val Loss: 0.06 | Val F1: 0.99 |
2023-09-02 20:59:16,345 - FGO - INFO - Epoch  90 | Train Loss: 0.067 | Val Loss: 0.06 | Val F1: 0.99 |
2023-09-02 20:59:16,370 - FGO - INFO - Epoch 100 | Train Loss: 0.068 | Val Loss: 0.05 | Val F1: 0.99 |
2023-09-02 20:59:16,370 - FGO - INFO - Best Epoch:  64 | Train Loss: 0.069 | Val Loss: 0.06 | Val F1: 0.99 
2023-09-02 20:59:16,370 - FGO - INFO - Setting model to best state.
2023-09-02 20:59:16,371 - FGO - INFO - ===== Train Fair OT GCN Model ============================================================
2023-09-02 20:59:16,470 - FGO - INFO - Epoch   0 | Train Loss: -12.399 | Val Loss: -1.22 | Val F1: 0.99 |
2023-09-02 20:59:17,359 - FGO - INFO - Epoch  10 | Train Loss: -13.745 | Val Loss: -1.25 | Val F1: 0.94 |
2023-09-02 20:59:18,204 - FGO - INFO - Epoch  20 | Train Loss: -14.102 | Val Loss: -0.82 | Val F1: 0.34 |
2023-09-02 20:59:19,002 - FGO - INFO - Epoch  30 | Train Loss: -14.104 | Val Loss: -0.82 | Val F1: 0.34 |
2023-09-02 20:59:19,734 - FGO - INFO - Epoch  40 | Train Loss: -14.104 | Val Loss: -0.82 | Val F1: 0.34 |
2023-09-02 20:59:20,423 - FGO - INFO - Best Epoch:  11 | Train Loss: -13.767 | Val Loss: -1.23 | Val F1: 0.96 |
2023-09-02 20:59:20,423 - FGO - INFO - Setting model to best state.
2023-09-02 20:59:20,426 - FGO - INFO - ===== Test Fair OT GCN Model =============================================================
2023-09-02 20:59:20,453 - FGO - INFO - Train CM:
[[397   0]
 [335   0]]
2023-09-02 20:59:20,453 - FGO - INFO - Val CM:
[[37  0]
 [35  0]]
2023-09-02 20:59:20,454 - FGO - INFO - Test CM:
[[37  0]
 [35  0]]
2023-09-02 20:59:20,459 - FGO - INFO - test statistical parity: 0.0
2023-09-02 20:59:20,460 - FGO - INFO - test equal opportunity: 0.0
2023-09-02 20:59:20,461 - FGO - INFO - test micro f1: 0.5138888888888888
2023-09-02 20:59:20,462 - FGO - INFO - test macro f1: 0.33944954128440363
