2023-09-02 20:59:24,693 - FGO - INFO - ===== SETUP LOGGING ======================================================================
2023-09-02 20:59:24,693 - FGO - INFO - THIS_FILE: Wrapper.py
2023-09-02 20:59:24,693 - FGO - INFO - 	done: False
2023-09-02 20:59:24,693 - FGO - INFO - 	learning_rate: 0.01
2023-09-02 20:59:24,693 - FGO - INFO - 	h1: 64
2023-09-02 20:59:24,693 - FGO - INFO - 	h2: 32
2023-09-02 20:59:24,693 - FGO - INFO - 	weight_decay: 0.0005
2023-09-02 20:59:24,693 - FGO - INFO - 	dropout: 0.0
2023-09-02 20:59:24,693 - FGO - INFO - 	max_pretrain_epochs: 100
2023-09-02 20:59:24,693 - FGO - INFO - 	max_ot_epochs: 50
2023-09-02 20:59:24,693 - FGO - INFO - 	lambda: 0.03
2023-09-02 20:59:24,693 - FGO - INFO - 	theta: 50
2023-09-02 20:59:24,693 - FGO - INFO - 	clip: 5
2023-09-02 20:59:24,693 - FGO - INFO - ===== SETUP LOGGING COMPLETE =============================================================
2023-09-02 20:59:24,693 - FGO - INFO - ===== Configuring Masks ==================================================================
2023-09-02 20:59:24,693 - FGO - INFO - Source Total: 717
2023-09-02 20:59:24,693 - FGO - INFO - Target Total: 87
2023-09-02 20:59:24,693 - FGO - INFO - Train Total: 717
2023-09-02 20:59:24,693 - FGO - INFO - Val Total:   87
2023-09-02 20:59:24,693 - FGO - INFO - Test Total:  87
2023-09-02 20:59:24,693 - FGO - INFO - ===== Preparing to load data =============================================================
2023-09-02 20:59:24,693 - FGO - INFO - SOURCE: abide_large
2023-09-02 20:59:24,693 - FGO - INFO - ===== Retrieving SOURCE Data =============================================================
2023-09-02 20:59:24,693 - FGO - INFO - *************** In load_graph_data ***************
2023-09-02 20:59:24,693 - FGO - INFO - 	FILEPATH: ./data/abide_large.mat
2023-09-02 20:59:24,693 - FGO - INFO - 	X shape: (804, 93)
2023-09-02 20:59:24,694 - FGO - INFO - 	A shape: (804, 804)
2023-09-02 20:59:24,694 - FGO - INFO - 	P shape: (804,)
2023-09-02 20:59:24,694 - FGO - INFO - 	Y shape: (804, 2)
2023-09-02 20:59:24,694 - FGO - INFO - 	Y sum: 804 (number of postive labels)
2023-09-02 20:59:24,695 - FGO - INFO - ===== Preparing data =====================================================================
2023-09-02 20:59:24,696 - FGO - INFO - ===== Disconnecting Source and Target ====================================================
2023-09-02 20:59:24,802 - FGO - INFO - ===== Finalize Data ======================================================================
2023-09-02 20:59:24,802 - FGO - INFO - A shape: (804, 804)
2023-09-02 20:59:24,802 - FGO - INFO - X shape: (804, 93)
2023-09-02 20:59:24,802 - FGO - INFO - Y shape: (804, 2)
2023-09-02 20:59:24,802 - FGO - INFO - N: 804
2023-09-02 20:59:24,802 - FGO - INFO - N_s: 717
2023-09-02 20:59:24,802 - FGO - INFO - N_t: 87
2023-09-02 20:59:24,806 - FGO - INFO - ===== Pretrain GCN Model =================================================================
2023-09-02 20:59:24,809 - FGO - INFO - Epoch   0 | Train Loss: 0.690 | Val Loss: 0.68 | Val F1: 0.36 |
2023-09-02 20:59:24,837 - FGO - INFO - Epoch  10 | Train Loss: 0.496 | Val Loss: 0.48 | Val F1: 0.80 |
2023-09-02 20:59:24,862 - FGO - INFO - Epoch  20 | Train Loss: 0.161 | Val Loss: 0.13 | Val F1: 0.93 |
2023-09-02 20:59:24,887 - FGO - INFO - Epoch  30 | Train Loss: 0.108 | Val Loss: 0.07 | Val F1: 0.96 |
2023-09-02 20:59:24,911 - FGO - INFO - Epoch  40 | Train Loss: 0.089 | Val Loss: 0.09 | Val F1: 0.98 |
2023-09-02 20:59:24,935 - FGO - INFO - Epoch  50 | Train Loss: 0.078 | Val Loss: 0.08 | Val F1: 0.99 |
2023-09-02 20:59:24,960 - FGO - INFO - Epoch  60 | Train Loss: 0.072 | Val Loss: 0.06 | Val F1: 0.98 |
2023-09-02 20:59:24,984 - FGO - INFO - Epoch  70 | Train Loss: 0.074 | Val Loss: 0.05 | Val F1: 0.99 |
2023-09-02 20:59:25,009 - FGO - INFO - Epoch  80 | Train Loss: 0.068 | Val Loss: 0.05 | Val F1: 0.99 |
2023-09-02 20:59:25,033 - FGO - INFO - Epoch  90 | Train Loss: 0.065 | Val Loss: 0.04 | Val F1: 0.99 |
2023-09-02 20:59:25,057 - FGO - INFO - Epoch 100 | Train Loss: 0.066 | Val Loss: 0.04 | Val F1: 1.00 |
2023-09-02 20:59:25,057 - FGO - INFO - Best Epoch:  73 | Train Loss: 0.068 | Val Loss: 0.05 | Val F1: 1.00 
2023-09-02 20:59:25,057 - FGO - INFO - Setting model to best state.
2023-09-02 20:59:25,059 - FGO - INFO - ===== Train Fair OT GCN Model ============================================================
2023-09-02 20:59:25,126 - FGO - INFO - Epoch   0 | Train Loss: -12.404 | Val Loss: -1.55 | Val F1: 1.00 |
2023-09-02 20:59:25,958 - FGO - INFO - Epoch  10 | Train Loss: -13.623 | Val Loss: -1.54 | Val F1: 0.90 |
2023-09-02 20:59:26,657 - FGO - INFO - Epoch  20 | Train Loss: -13.989 | Val Loss: -1.18 | Val F1: 0.39 |
2023-09-02 20:59:27,446 - FGO - INFO - Epoch  30 | Train Loss: -14.000 | Val Loss: -1.18 | Val F1: 0.36 |
2023-09-02 20:59:28,194 - FGO - INFO - Epoch  40 | Train Loss: -14.000 | Val Loss: -1.18 | Val F1: 0.36 |
2023-09-02 20:59:28,912 - FGO - INFO - Best Epoch:   6 | Train Loss: -13.392 | Val Loss: -1.63 | Val F1: 1.00 |
2023-09-02 20:59:28,912 - FGO - INFO - Setting model to best state.
2023-09-02 20:59:28,915 - FGO - INFO - ===== Test Fair OT GCN Model =============================================================
2023-09-02 20:59:28,937 - FGO - INFO - Train CM:
[[385   0]
 [332   0]]
2023-09-02 20:59:28,938 - FGO - INFO - Val CM:
[[49  0]
 [38  0]]
2023-09-02 20:59:28,938 - FGO - INFO - Test CM:
[[49  0]
 [38  0]]
2023-09-02 20:59:28,942 - FGO - INFO - test statistical parity: 0.0
2023-09-02 20:59:28,943 - FGO - INFO - test equal opportunity: 0.0
2023-09-02 20:59:28,944 - FGO - INFO - test micro f1: 0.5632183908045977
2023-09-02 20:59:28,945 - FGO - INFO - test macro f1: 0.3602941176470588
