2023-09-02 20:44:01,728 - FGO - INFO - ===== SETUP LOGGING ======================================================================
2023-09-02 20:44:01,728 - FGO - INFO - THIS_FILE: Wrapper.py
2023-09-02 20:44:01,728 - FGO - INFO - 	done: False
2023-09-02 20:44:01,728 - FGO - INFO - 	learning_rate: 0.001
2023-09-02 20:44:01,728 - FGO - INFO - 	h1: 64
2023-09-02 20:44:01,728 - FGO - INFO - 	h2: 32
2023-09-02 20:44:01,728 - FGO - INFO - 	weight_decay: 0.0005
2023-09-02 20:44:01,728 - FGO - INFO - 	dropout: 0.0
2023-09-02 20:44:01,728 - FGO - INFO - 	max_pretrain_epochs: 100
2023-09-02 20:44:01,728 - FGO - INFO - 	max_ot_epochs: 50
2023-09-02 20:44:01,728 - FGO - INFO - 	lambda: 0.03
2023-09-02 20:44:01,728 - FGO - INFO - 	theta: 10
2023-09-02 20:44:01,728 - FGO - INFO - 	clip: 5
2023-09-02 20:44:01,728 - FGO - INFO - ===== SETUP LOGGING COMPLETE =============================================================
2023-09-02 20:44:01,728 - FGO - INFO - ===== Configuring Masks ==================================================================
2023-09-02 20:44:01,728 - FGO - INFO - Source Total: 708
2023-09-02 20:44:01,728 - FGO - INFO - Target Total: 96
2023-09-02 20:44:01,728 - FGO - INFO - Train Total: 708
2023-09-02 20:44:01,728 - FGO - INFO - Val Total:   96
2023-09-02 20:44:01,728 - FGO - INFO - Test Total:  96
2023-09-02 20:44:01,728 - FGO - INFO - ===== Preparing to load data =============================================================
2023-09-02 20:44:01,728 - FGO - INFO - SOURCE: abide_large
2023-09-02 20:44:01,728 - FGO - INFO - ===== Retrieving SOURCE Data =============================================================
2023-09-02 20:44:01,728 - FGO - INFO - *************** In load_graph_data ***************
2023-09-02 20:44:01,729 - FGO - INFO - 	FILEPATH: ./data/abide_large.mat
2023-09-02 20:44:01,729 - FGO - INFO - 	X shape: (804, 93)
2023-09-02 20:44:01,729 - FGO - INFO - 	A shape: (804, 804)
2023-09-02 20:44:01,729 - FGO - INFO - 	P shape: (804,)
2023-09-02 20:44:01,729 - FGO - INFO - 	Y shape: (804, 2)
2023-09-02 20:44:01,729 - FGO - INFO - 	Y sum: 804 (number of postive labels)
2023-09-02 20:44:01,730 - FGO - INFO - ===== Preparing data =====================================================================
2023-09-02 20:44:01,731 - FGO - INFO - ===== Disconnecting Source and Target ====================================================
2023-09-02 20:44:01,846 - FGO - INFO - ===== Finalize Data ======================================================================
2023-09-02 20:44:01,846 - FGO - INFO - A shape: (804, 804)
2023-09-02 20:44:01,846 - FGO - INFO - X shape: (804, 93)
2023-09-02 20:44:01,846 - FGO - INFO - Y shape: (804, 2)
2023-09-02 20:44:01,846 - FGO - INFO - N: 804
2023-09-02 20:44:01,846 - FGO - INFO - N_s: 708
2023-09-02 20:44:01,846 - FGO - INFO - N_t: 96
2023-09-02 20:44:01,850 - FGO - INFO - ===== Pretrain GCN Model =================================================================
2023-09-02 20:44:01,853 - FGO - INFO - Epoch   0 | Train Loss: 0.688 | Val Loss: 0.69 | Val F1: 0.35 |
2023-09-02 20:44:01,877 - FGO - INFO - Epoch  10 | Train Loss: 0.672 | Val Loss: 0.68 | Val F1: 0.38 |
2023-09-02 20:44:01,902 - FGO - INFO - Epoch  20 | Train Loss: 0.647 | Val Loss: 0.66 | Val F1: 0.53 |
2023-09-02 20:44:01,926 - FGO - INFO - Epoch  30 | Train Loss: 0.595 | Val Loss: 0.61 | Val F1: 0.67 |
2023-09-02 20:44:01,950 - FGO - INFO - Epoch  40 | Train Loss: 0.508 | Val Loss: 0.52 | Val F1: 0.86 |
2023-09-02 20:44:01,975 - FGO - INFO - Epoch  50 | Train Loss: 0.399 | Val Loss: 0.41 | Val F1: 0.89 |
2023-09-02 20:44:01,999 - FGO - INFO - Epoch  60 | Train Loss: 0.298 | Val Loss: 0.31 | Val F1: 0.91 |
2023-09-02 20:44:02,023 - FGO - INFO - Epoch  70 | Train Loss: 0.225 | Val Loss: 0.24 | Val F1: 0.90 |
2023-09-02 20:44:02,047 - FGO - INFO - Epoch  80 | Train Loss: 0.180 | Val Loss: 0.20 | Val F1: 0.94 |
2023-09-02 20:44:02,071 - FGO - INFO - Epoch  90 | Train Loss: 0.151 | Val Loss: 0.17 | Val F1: 0.95 |
2023-09-02 20:44:02,096 - FGO - INFO - Epoch 100 | Train Loss: 0.130 | Val Loss: 0.15 | Val F1: 0.95 |
2023-09-02 20:44:02,096 - FGO - INFO - Best Epoch:  86 | Train Loss: 0.161 | Val Loss: 0.18 | Val F1: 0.95 
2023-09-02 20:44:02,096 - FGO - INFO - Setting model to best state.
2023-09-02 20:44:02,097 - FGO - INFO - ===== Train Fair OT GCN Model ============================================================
2023-09-02 20:44:02,190 - FGO - INFO - Epoch   0 | Train Loss: -2.359 | Val Loss: -0.21 | Val F1: 0.95 |
2023-09-02 20:44:02,945 - FGO - INFO - Epoch  10 | Train Loss: -2.413 | Val Loss: -0.25 | Val F1: 0.97 |
2023-09-02 20:44:03,791 - FGO - INFO - Epoch  20 | Train Loss: -2.461 | Val Loss: -0.25 | Val F1: 0.97 |
2023-09-02 20:44:04,593 - FGO - INFO - Epoch  30 | Train Loss: -2.494 | Val Loss: -0.26 | Val F1: 0.97 |
2023-09-02 20:44:05,462 - FGO - INFO - Epoch  40 | Train Loss: -2.517 | Val Loss: -0.26 | Val F1: 0.96 |
2023-09-02 20:44:06,133 - FGO - INFO - Best Epoch:   8 | Train Loss: -2.406 | Val Loss: -0.24 | Val F1: 0.98 |
2023-09-02 20:44:06,133 - FGO - INFO - Setting model to best state.
2023-09-02 20:44:06,136 - FGO - INFO - ===== Test Fair OT GCN Model =============================================================
2023-09-02 20:44:06,160 - FGO - INFO - Train CM:
[[375   7]
 [ 25 301]]
2023-09-02 20:44:06,160 - FGO - INFO - Val CM:
[[52  0]
 [ 4 40]]
2023-09-02 20:44:06,161 - FGO - INFO - Test CM:
[[52  0]
 [ 4 40]]
2023-09-02 20:44:06,166 - FGO - INFO - test statistical parity: 0.3508021390374332
2023-09-02 20:44:06,167 - FGO - INFO - test equal opportunity: 0.11111111111111116
2023-09-02 20:44:06,168 - FGO - INFO - test micro f1: 0.9583333333333334
2023-09-02 20:44:06,169 - FGO - INFO - test macro f1: 0.9576719576719577
