2023-09-02 20:52:03,693 - FGO - INFO - ===== SETUP LOGGING ======================================================================
2023-09-02 20:52:03,694 - FGO - INFO - THIS_FILE: Wrapper.py
2023-09-02 20:52:03,694 - FGO - INFO - 	done: False
2023-09-02 20:52:03,694 - FGO - INFO - 	learning_rate: 0.005
2023-09-02 20:52:03,694 - FGO - INFO - 	h1: 64
2023-09-02 20:52:03,694 - FGO - INFO - 	h2: 32
2023-09-02 20:52:03,694 - FGO - INFO - 	weight_decay: 0.0005
2023-09-02 20:52:03,694 - FGO - INFO - 	dropout: 0.0
2023-09-02 20:52:03,694 - FGO - INFO - 	max_pretrain_epochs: 100
2023-09-02 20:52:03,694 - FGO - INFO - 	max_ot_epochs: 50
2023-09-02 20:52:03,694 - FGO - INFO - 	lambda: 0.03
2023-09-02 20:52:03,694 - FGO - INFO - 	theta: 30
2023-09-02 20:52:03,694 - FGO - INFO - 	clip: 5
2023-09-02 20:52:03,694 - FGO - INFO - ===== SETUP LOGGING COMPLETE =============================================================
2023-09-02 20:52:03,694 - FGO - INFO - ===== Configuring Masks ==================================================================
2023-09-02 20:52:03,694 - FGO - INFO - Source Total: 734
2023-09-02 20:52:03,694 - FGO - INFO - Target Total: 70
2023-09-02 20:52:03,694 - FGO - INFO - Train Total: 734
2023-09-02 20:52:03,694 - FGO - INFO - Val Total:   70
2023-09-02 20:52:03,694 - FGO - INFO - Test Total:  70
2023-09-02 20:52:03,694 - FGO - INFO - ===== Preparing to load data =============================================================
2023-09-02 20:52:03,694 - FGO - INFO - SOURCE: abide_large
2023-09-02 20:52:03,694 - FGO - INFO - ===== Retrieving SOURCE Data =============================================================
2023-09-02 20:52:03,694 - FGO - INFO - *************** In load_graph_data ***************
2023-09-02 20:52:03,694 - FGO - INFO - 	FILEPATH: ./data/abide_large.mat
2023-09-02 20:52:03,694 - FGO - INFO - 	X shape: (804, 93)
2023-09-02 20:52:03,694 - FGO - INFO - 	A shape: (804, 804)
2023-09-02 20:52:03,694 - FGO - INFO - 	P shape: (804,)
2023-09-02 20:52:03,695 - FGO - INFO - 	Y shape: (804, 2)
2023-09-02 20:52:03,695 - FGO - INFO - 	Y sum: 804 (number of postive labels)
2023-09-02 20:52:03,695 - FGO - INFO - ===== Preparing data =====================================================================
2023-09-02 20:52:03,697 - FGO - INFO - ===== Disconnecting Source and Target ====================================================
2023-09-02 20:52:03,786 - FGO - INFO - ===== Finalize Data ======================================================================
2023-09-02 20:52:03,786 - FGO - INFO - A shape: (804, 804)
2023-09-02 20:52:03,786 - FGO - INFO - X shape: (804, 93)
2023-09-02 20:52:03,786 - FGO - INFO - Y shape: (804, 2)
2023-09-02 20:52:03,786 - FGO - INFO - N: 804
2023-09-02 20:52:03,786 - FGO - INFO - N_s: 734
2023-09-02 20:52:03,786 - FGO - INFO - N_t: 70
2023-09-02 20:52:03,790 - FGO - INFO - ===== Pretrain GCN Model =================================================================
2023-09-02 20:52:03,793 - FGO - INFO - Epoch   0 | Train Loss: 0.688 | Val Loss: 0.70 | Val F1: 0.32 |
2023-09-02 20:52:03,818 - FGO - INFO - Epoch  10 | Train Loss: 0.564 | Val Loss: 0.59 | Val F1: 0.75 |
2023-09-02 20:52:03,843 - FGO - INFO - Epoch  20 | Train Loss: 0.257 | Val Loss: 0.29 | Val F1: 0.89 |
2023-09-02 20:52:03,868 - FGO - INFO - Epoch  30 | Train Loss: 0.132 | Val Loss: 0.15 | Val F1: 0.94 |
2023-09-02 20:52:03,892 - FGO - INFO - Epoch  40 | Train Loss: 0.097 | Val Loss: 0.13 | Val F1: 0.94 |
2023-09-02 20:52:03,917 - FGO - INFO - Epoch  50 | Train Loss: 0.088 | Val Loss: 0.12 | Val F1: 0.94 |
2023-09-02 20:52:03,942 - FGO - INFO - Epoch  60 | Train Loss: 0.077 | Val Loss: 0.12 | Val F1: 0.94 |
2023-09-02 20:52:03,966 - FGO - INFO - Epoch  70 | Train Loss: 0.073 | Val Loss: 0.12 | Val F1: 0.94 |
2023-09-02 20:52:03,991 - FGO - INFO - Epoch  80 | Train Loss: 0.068 | Val Loss: 0.14 | Val F1: 0.94 |
2023-09-02 20:52:04,016 - FGO - INFO - Epoch  90 | Train Loss: 0.065 | Val Loss: 0.16 | Val F1: 0.93 |
2023-09-02 20:52:04,041 - FGO - INFO - Epoch 100 | Train Loss: 0.064 | Val Loss: 0.16 | Val F1: 0.94 |
2023-09-02 20:52:04,041 - FGO - INFO - Best Epoch:  36 | Train Loss: 0.108 | Val Loss: 0.14 | Val F1: 0.96 
2023-09-02 20:52:04,041 - FGO - INFO - Setting model to best state.
2023-09-02 20:52:04,042 - FGO - INFO - ===== Train Fair OT GCN Model ============================================================
2023-09-02 20:52:04,141 - FGO - INFO - Epoch   0 | Train Loss: -7.311 | Val Loss: -0.53 | Val F1: 0.93 |
2023-09-02 20:52:04,941 - FGO - INFO - Epoch  10 | Train Loss: -7.956 | Val Loss: -0.50 | Val F1: 0.93 |
2023-09-02 20:52:05,714 - FGO - INFO - Epoch  20 | Train Loss: -8.111 | Val Loss: -0.55 | Val F1: 0.96 |
2023-09-02 20:52:06,549 - FGO - INFO - Epoch  30 | Train Loss: -8.232 | Val Loss: -0.53 | Val F1: 0.94 |
2023-09-02 20:52:07,322 - FGO - INFO - Epoch  40 | Train Loss: -8.301 | Val Loss: -0.57 | Val F1: 0.94 |
2023-09-02 20:52:08,023 - FGO - INFO - Best Epoch:  11 | Train Loss: -8.011 | Val Loss: -0.54 | Val F1: 0.96 |
2023-09-02 20:52:08,023 - FGO - INFO - Setting model to best state.
2023-09-02 20:52:08,026 - FGO - INFO - ===== Test Fair OT GCN Model =============================================================
2023-09-02 20:52:08,049 - FGO - INFO - Train CM:
[[392   8]
 [ 12 322]]
2023-09-02 20:52:08,050 - FGO - INFO - Val CM:
[[34  0]
 [ 3 33]]
2023-09-02 20:52:08,050 - FGO - INFO - Test CM:
[[34  0]
 [ 3 33]]
2023-09-02 20:52:08,054 - FGO - INFO - test statistical parity: 0.10661268556005393
2023-09-02 20:52:08,056 - FGO - INFO - test equal opportunity: 0.09999999999999998
2023-09-02 20:52:08,057 - FGO - INFO - test micro f1: 0.9571428571428572
2023-09-02 20:52:08,057 - FGO - INFO - test macro f1: 0.9571341090018372
