2023-09-02 20:46:25,064 - FGO - INFO - ===== SETUP LOGGING ======================================================================
2023-09-02 20:46:25,064 - FGO - INFO - THIS_FILE: Wrapper.py
2023-09-02 20:46:25,064 - FGO - INFO - 	done: False
2023-09-02 20:46:25,064 - FGO - INFO - 	learning_rate: 0.001
2023-09-02 20:46:25,064 - FGO - INFO - 	h1: 64
2023-09-02 20:46:25,064 - FGO - INFO - 	h2: 32
2023-09-02 20:46:25,064 - FGO - INFO - 	weight_decay: 0.0005
2023-09-02 20:46:25,064 - FGO - INFO - 	dropout: 0.0
2023-09-02 20:46:25,064 - FGO - INFO - 	max_pretrain_epochs: 100
2023-09-02 20:46:25,064 - FGO - INFO - 	max_ot_epochs: 50
2023-09-02 20:46:25,064 - FGO - INFO - 	lambda: 0.05
2023-09-02 20:46:25,064 - FGO - INFO - 	theta: 10
2023-09-02 20:46:25,064 - FGO - INFO - 	clip: 5
2023-09-02 20:46:25,064 - FGO - INFO - ===== SETUP LOGGING COMPLETE =============================================================
2023-09-02 20:46:25,064 - FGO - INFO - ===== Configuring Masks ==================================================================
2023-09-02 20:46:25,064 - FGO - INFO - Source Total: 729
2023-09-02 20:46:25,064 - FGO - INFO - Target Total: 75
2023-09-02 20:46:25,064 - FGO - INFO - Train Total: 729
2023-09-02 20:46:25,064 - FGO - INFO - Val Total:   75
2023-09-02 20:46:25,064 - FGO - INFO - Test Total:  75
2023-09-02 20:46:25,064 - FGO - INFO - ===== Preparing to load data =============================================================
2023-09-02 20:46:25,064 - FGO - INFO - SOURCE: abide_large
2023-09-02 20:46:25,064 - FGO - INFO - ===== Retrieving SOURCE Data =============================================================
2023-09-02 20:46:25,064 - FGO - INFO - *************** In load_graph_data ***************
2023-09-02 20:46:25,064 - FGO - INFO - 	FILEPATH: ./data/abide_large.mat
2023-09-02 20:46:25,065 - FGO - INFO - 	X shape: (804, 93)
2023-09-02 20:46:25,065 - FGO - INFO - 	A shape: (804, 804)
2023-09-02 20:46:25,065 - FGO - INFO - 	P shape: (804,)
2023-09-02 20:46:25,065 - FGO - INFO - 	Y shape: (804, 2)
2023-09-02 20:46:25,065 - FGO - INFO - 	Y sum: 804 (number of postive labels)
2023-09-02 20:46:25,066 - FGO - INFO - ===== Preparing data =====================================================================
2023-09-02 20:46:25,067 - FGO - INFO - ===== Disconnecting Source and Target ====================================================
2023-09-02 20:46:25,161 - FGO - INFO - ===== Finalize Data ======================================================================
2023-09-02 20:46:25,161 - FGO - INFO - A shape: (804, 804)
2023-09-02 20:46:25,161 - FGO - INFO - X shape: (804, 93)
2023-09-02 20:46:25,161 - FGO - INFO - Y shape: (804, 2)
2023-09-02 20:46:25,161 - FGO - INFO - N: 804
2023-09-02 20:46:25,161 - FGO - INFO - N_s: 729
2023-09-02 20:46:25,161 - FGO - INFO - N_t: 75
2023-09-02 20:46:25,165 - FGO - INFO - ===== Pretrain GCN Model =================================================================
2023-09-02 20:46:25,168 - FGO - INFO - Epoch   0 | Train Loss: 0.689 | Val Loss: 0.68 | Val F1: 0.37 |
2023-09-02 20:46:25,192 - FGO - INFO - Epoch  10 | Train Loss: 0.674 | Val Loss: 0.67 | Val F1: 0.39 |
2023-09-02 20:46:25,217 - FGO - INFO - Epoch  20 | Train Loss: 0.650 | Val Loss: 0.64 | Val F1: 0.64 |
2023-09-02 20:46:25,242 - FGO - INFO - Epoch  30 | Train Loss: 0.596 | Val Loss: 0.57 | Val F1: 0.86 |
2023-09-02 20:46:25,267 - FGO - INFO - Epoch  40 | Train Loss: 0.510 | Val Loss: 0.47 | Val F1: 0.92 |
2023-09-02 20:46:25,291 - FGO - INFO - Epoch  50 | Train Loss: 0.406 | Val Loss: 0.34 | Val F1: 0.93 |
2023-09-02 20:46:25,316 - FGO - INFO - Epoch  60 | Train Loss: 0.305 | Val Loss: 0.23 | Val F1: 0.97 |
2023-09-02 20:46:25,340 - FGO - INFO - Epoch  70 | Train Loss: 0.231 | Val Loss: 0.16 | Val F1: 0.99 |
2023-09-02 20:46:25,365 - FGO - INFO - Epoch  80 | Train Loss: 0.186 | Val Loss: 0.12 | Val F1: 0.99 |
2023-09-02 20:46:25,389 - FGO - INFO - Epoch  90 | Train Loss: 0.156 | Val Loss: 0.10 | Val F1: 0.99 |
2023-09-02 20:46:25,414 - FGO - INFO - Epoch 100 | Train Loss: 0.135 | Val Loss: 0.09 | Val F1: 0.97 |
2023-09-02 20:46:25,414 - FGO - INFO - Best Epoch:  88 | Train Loss: 0.161 | Val Loss: 0.10 | Val F1: 0.99 
2023-09-02 20:46:25,414 - FGO - INFO - Setting model to best state.
2023-09-02 20:46:25,416 - FGO - INFO - ===== Train Fair OT GCN Model ============================================================
2023-09-02 20:46:25,509 - FGO - INFO - Epoch   0 | Train Loss: -3.978 | Val Loss: -0.39 | Val F1: 0.99 |
2023-09-02 20:46:26,393 - FGO - INFO - Epoch  10 | Train Loss: -4.297 | Val Loss: -0.41 | Val F1: 0.99 |
2023-09-02 20:46:27,168 - FGO - INFO - Epoch  20 | Train Loss: -4.344 | Val Loss: -0.38 | Val F1: 0.97 |
2023-09-02 20:46:27,957 - FGO - INFO - Epoch  30 | Train Loss: -4.378 | Val Loss: -0.41 | Val F1: 0.97 |
2023-09-02 20:46:28,753 - FGO - INFO - Epoch  40 | Train Loss: -4.403 | Val Loss: -0.42 | Val F1: 0.99 |
2023-09-02 20:46:29,454 - FGO - INFO - Best Epoch:   8 | Train Loss: -4.311 | Val Loss: -0.39 | Val F1: 0.99 |
2023-09-02 20:46:29,454 - FGO - INFO - Setting model to best state.
2023-09-02 20:46:29,458 - FGO - INFO - ===== Test Fair OT GCN Model =============================================================
2023-09-02 20:46:29,486 - FGO - INFO - Train CM:
[[393   3]
 [ 41 292]]
2023-09-02 20:46:29,487 - FGO - INFO - Val CM:
[[38  0]
 [ 1 36]]
2023-09-02 20:46:29,487 - FGO - INFO - Test CM:
[[38  0]
 [ 1 36]]
2023-09-02 20:46:29,491 - FGO - INFO - test statistical parity: 0.024590163934426257
2023-09-02 20:46:29,493 - FGO - INFO - test equal opportunity: 0.033333333333333326
2023-09-02 20:46:29,493 - FGO - INFO - test micro f1: 0.9866666666666668
2023-09-02 20:46:29,494 - FGO - INFO - test macro f1: 0.9866571784380003
