2023-09-02 21:00:29,729 - FGO - INFO - ===== SETUP LOGGING ======================================================================
2023-09-02 21:00:29,729 - FGO - INFO - THIS_FILE: Wrapper.py
2023-09-02 21:00:29,729 - FGO - INFO - 	done: False
2023-09-02 21:00:29,729 - FGO - INFO - 	learning_rate: 0.01
2023-09-02 21:00:29,729 - FGO - INFO - 	h1: 64
2023-09-02 21:00:29,729 - FGO - INFO - 	h2: 32
2023-09-02 21:00:29,729 - FGO - INFO - 	weight_decay: 0.0005
2023-09-02 21:00:29,729 - FGO - INFO - 	dropout: 0.0
2023-09-02 21:00:29,729 - FGO - INFO - 	max_pretrain_epochs: 100
2023-09-02 21:00:29,729 - FGO - INFO - 	max_ot_epochs: 50
2023-09-02 21:00:29,729 - FGO - INFO - 	lambda: 0.05
2023-09-02 21:00:29,729 - FGO - INFO - 	theta: 30
2023-09-02 21:00:29,729 - FGO - INFO - 	clip: 5
2023-09-02 21:00:29,729 - FGO - INFO - ===== SETUP LOGGING COMPLETE =============================================================
2023-09-02 21:00:29,729 - FGO - INFO - ===== Configuring Masks ==================================================================
2023-09-02 21:00:29,729 - FGO - INFO - Source Total: 727
2023-09-02 21:00:29,729 - FGO - INFO - Target Total: 77
2023-09-02 21:00:29,729 - FGO - INFO - Train Total: 727
2023-09-02 21:00:29,729 - FGO - INFO - Val Total:   77
2023-09-02 21:00:29,729 - FGO - INFO - Test Total:  77
2023-09-02 21:00:29,729 - FGO - INFO - ===== Preparing to load data =============================================================
2023-09-02 21:00:29,729 - FGO - INFO - SOURCE: abide_large
2023-09-02 21:00:29,729 - FGO - INFO - ===== Retrieving SOURCE Data =============================================================
2023-09-02 21:00:29,729 - FGO - INFO - *************** In load_graph_data ***************
2023-09-02 21:00:29,729 - FGO - INFO - 	FILEPATH: ./data/abide_large.mat
2023-09-02 21:00:29,729 - FGO - INFO - 	X shape: (804, 93)
2023-09-02 21:00:29,730 - FGO - INFO - 	A shape: (804, 804)
2023-09-02 21:00:29,730 - FGO - INFO - 	P shape: (804,)
2023-09-02 21:00:29,730 - FGO - INFO - 	Y shape: (804, 2)
2023-09-02 21:00:29,730 - FGO - INFO - 	Y sum: 804 (number of postive labels)
2023-09-02 21:00:29,731 - FGO - INFO - ===== Preparing data =====================================================================
2023-09-02 21:00:29,732 - FGO - INFO - ===== Disconnecting Source and Target ====================================================
2023-09-02 21:00:29,828 - FGO - INFO - ===== Finalize Data ======================================================================
2023-09-02 21:00:29,828 - FGO - INFO - A shape: (804, 804)
2023-09-02 21:00:29,828 - FGO - INFO - X shape: (804, 93)
2023-09-02 21:00:29,828 - FGO - INFO - Y shape: (804, 2)
2023-09-02 21:00:29,828 - FGO - INFO - N: 804
2023-09-02 21:00:29,828 - FGO - INFO - N_s: 727
2023-09-02 21:00:29,828 - FGO - INFO - N_t: 77
2023-09-02 21:00:29,832 - FGO - INFO - ===== Pretrain GCN Model =================================================================
2023-09-02 21:00:29,835 - FGO - INFO - Epoch   0 | Train Loss: 0.689 | Val Loss: 0.68 | Val F1: 0.36 |
2023-09-02 21:00:29,860 - FGO - INFO - Epoch  10 | Train Loss: 0.472 | Val Loss: 0.55 | Val F1: 0.71 |
2023-09-02 21:00:29,885 - FGO - INFO - Epoch  20 | Train Loss: 0.138 | Val Loss: 0.27 | Val F1: 0.84 |
2023-09-02 21:00:29,909 - FGO - INFO - Epoch  30 | Train Loss: 0.091 | Val Loss: 0.17 | Val F1: 0.93 |
2023-09-02 21:00:29,934 - FGO - INFO - Epoch  40 | Train Loss: 0.080 | Val Loss: 0.16 | Val F1: 0.92 |
2023-09-02 21:00:29,959 - FGO - INFO - Epoch  50 | Train Loss: 0.067 | Val Loss: 0.20 | Val F1: 0.87 |
2023-09-02 21:00:29,983 - FGO - INFO - Epoch  60 | Train Loss: 0.061 | Val Loss: 0.22 | Val F1: 0.89 |
2023-09-02 21:00:30,008 - FGO - INFO - Epoch  70 | Train Loss: 0.061 | Val Loss: 0.16 | Val F1: 0.92 |
2023-09-02 21:00:30,032 - FGO - INFO - Epoch  80 | Train Loss: 0.054 | Val Loss: 0.18 | Val F1: 0.90 |
2023-09-02 21:00:30,057 - FGO - INFO - Epoch  90 | Train Loss: 0.051 | Val Loss: 0.21 | Val F1: 0.92 |
2023-09-02 21:00:30,081 - FGO - INFO - Epoch 100 | Train Loss: 0.055 | Val Loss: 0.29 | Val F1: 0.89 |
2023-09-02 21:00:30,082 - FGO - INFO - Best Epoch:  34 | Train Loss: 0.088 | Val Loss: 0.17 | Val F1: 0.95 
2023-09-02 21:00:30,082 - FGO - INFO - Setting model to best state.
2023-09-02 21:00:30,083 - FGO - INFO - ===== Train Fair OT GCN Model ============================================================
2023-09-02 21:00:30,180 - FGO - INFO - Epoch   0 | Train Loss: -13.080 | Val Loss: -1.13 | Val F1: 0.90 |
2023-09-02 21:00:30,973 - FGO - INFO - Epoch  10 | Train Loss: -13.766 | Val Loss: -1.01 | Val F1: 0.86 |
2023-09-02 21:00:31,735 - FGO - INFO - Epoch  20 | Train Loss: -13.952 | Val Loss: -1.13 | Val F1: 0.89 |
2023-09-02 21:00:32,509 - FGO - INFO - Epoch  30 | Train Loss: -14.150 | Val Loss: -0.88 | Val F1: 0.65 |
2023-09-02 21:00:33,264 - FGO - INFO - Epoch  40 | Train Loss: -14.219 | Val Loss: -0.80 | Val F1: 0.36 |
2023-09-02 21:00:33,924 - FGO - INFO - Best Epoch:   7 | Train Loss: -13.675 | Val Loss: -1.12 | Val F1: 0.89 |
2023-09-02 21:00:33,924 - FGO - INFO - Setting model to best state.
2023-09-02 21:00:33,927 - FGO - INFO - ===== Test Fair OT GCN Model =============================================================
2023-09-02 21:00:33,951 - FGO - INFO - Train CM:
[[390   0]
 [337   0]]
2023-09-02 21:00:33,952 - FGO - INFO - Val CM:
[[44  0]
 [33  0]]
2023-09-02 21:00:33,952 - FGO - INFO - Test CM:
[[44  0]
 [33  0]]
2023-09-02 21:00:33,957 - FGO - INFO - test statistical parity: 0.0
2023-09-02 21:00:33,958 - FGO - INFO - test equal opportunity: 0.0
2023-09-02 21:00:33,959 - FGO - INFO - test micro f1: 0.5714285714285714
2023-09-02 21:00:33,960 - FGO - INFO - test macro f1: 0.36363636363636365
