2023-09-02 21:00:08,266 - FGO - INFO - ===== SETUP LOGGING ======================================================================
2023-09-02 21:00:08,266 - FGO - INFO - THIS_FILE: Wrapper.py
2023-09-02 21:00:08,266 - FGO - INFO - 	done: False
2023-09-02 21:00:08,266 - FGO - INFO - 	learning_rate: 0.01
2023-09-02 21:00:08,266 - FGO - INFO - 	h1: 64
2023-09-02 21:00:08,266 - FGO - INFO - 	h2: 32
2023-09-02 21:00:08,266 - FGO - INFO - 	weight_decay: 0.0005
2023-09-02 21:00:08,266 - FGO - INFO - 	dropout: 0.0
2023-09-02 21:00:08,267 - FGO - INFO - 	max_pretrain_epochs: 100
2023-09-02 21:00:08,267 - FGO - INFO - 	max_ot_epochs: 50
2023-09-02 21:00:08,267 - FGO - INFO - 	lambda: 0.05
2023-09-02 21:00:08,267 - FGO - INFO - 	theta: 10
2023-09-02 21:00:08,267 - FGO - INFO - 	clip: 5
2023-09-02 21:00:08,267 - FGO - INFO - ===== SETUP LOGGING COMPLETE =============================================================
2023-09-02 21:00:08,267 - FGO - INFO - ===== Configuring Masks ==================================================================
2023-09-02 21:00:08,267 - FGO - INFO - Source Total: 717
2023-09-02 21:00:08,267 - FGO - INFO - Target Total: 87
2023-09-02 21:00:08,267 - FGO - INFO - Train Total: 717
2023-09-02 21:00:08,267 - FGO - INFO - Val Total:   87
2023-09-02 21:00:08,267 - FGO - INFO - Test Total:  87
2023-09-02 21:00:08,267 - FGO - INFO - ===== Preparing to load data =============================================================
2023-09-02 21:00:08,267 - FGO - INFO - SOURCE: abide_large
2023-09-02 21:00:08,267 - FGO - INFO - ===== Retrieving SOURCE Data =============================================================
2023-09-02 21:00:08,267 - FGO - INFO - *************** In load_graph_data ***************
2023-09-02 21:00:08,267 - FGO - INFO - 	FILEPATH: ./data/abide_large.mat
2023-09-02 21:00:08,267 - FGO - INFO - 	X shape: (804, 93)
2023-09-02 21:00:08,267 - FGO - INFO - 	A shape: (804, 804)
2023-09-02 21:00:08,267 - FGO - INFO - 	P shape: (804,)
2023-09-02 21:00:08,267 - FGO - INFO - 	Y shape: (804, 2)
2023-09-02 21:00:08,267 - FGO - INFO - 	Y sum: 804 (number of postive labels)
2023-09-02 21:00:08,268 - FGO - INFO - ===== Preparing data =====================================================================
2023-09-02 21:00:08,270 - FGO - INFO - ===== Disconnecting Source and Target ====================================================
2023-09-02 21:00:08,376 - FGO - INFO - ===== Finalize Data ======================================================================
2023-09-02 21:00:08,376 - FGO - INFO - A shape: (804, 804)
2023-09-02 21:00:08,376 - FGO - INFO - X shape: (804, 93)
2023-09-02 21:00:08,376 - FGO - INFO - Y shape: (804, 2)
2023-09-02 21:00:08,376 - FGO - INFO - N: 804
2023-09-02 21:00:08,376 - FGO - INFO - N_s: 717
2023-09-02 21:00:08,376 - FGO - INFO - N_t: 87
2023-09-02 21:00:08,380 - FGO - INFO - ===== Pretrain GCN Model =================================================================
2023-09-02 21:00:08,383 - FGO - INFO - Epoch   0 | Train Loss: 0.690 | Val Loss: 0.68 | Val F1: 0.36 |
2023-09-02 21:00:08,408 - FGO - INFO - Epoch  10 | Train Loss: 0.496 | Val Loss: 0.48 | Val F1: 0.80 |
2023-09-02 21:00:08,432 - FGO - INFO - Epoch  20 | Train Loss: 0.161 | Val Loss: 0.13 | Val F1: 0.93 |
2023-09-02 21:00:08,457 - FGO - INFO - Epoch  30 | Train Loss: 0.108 | Val Loss: 0.07 | Val F1: 0.96 |
2023-09-02 21:00:08,481 - FGO - INFO - Epoch  40 | Train Loss: 0.089 | Val Loss: 0.09 | Val F1: 0.98 |
2023-09-02 21:00:08,506 - FGO - INFO - Epoch  50 | Train Loss: 0.078 | Val Loss: 0.08 | Val F1: 0.99 |
2023-09-02 21:00:08,530 - FGO - INFO - Epoch  60 | Train Loss: 0.072 | Val Loss: 0.06 | Val F1: 0.98 |
2023-09-02 21:00:08,554 - FGO - INFO - Epoch  70 | Train Loss: 0.073 | Val Loss: 0.05 | Val F1: 0.99 |
2023-09-02 21:00:08,579 - FGO - INFO - Epoch  80 | Train Loss: 0.067 | Val Loss: 0.05 | Val F1: 1.00 |
2023-09-02 21:00:08,603 - FGO - INFO - Epoch  90 | Train Loss: 0.068 | Val Loss: 0.05 | Val F1: 1.00 |
2023-09-02 21:00:08,627 - FGO - INFO - Epoch 100 | Train Loss: 0.068 | Val Loss: 0.04 | Val F1: 0.99 |
2023-09-02 21:00:08,627 - FGO - INFO - Best Epoch:  73 | Train Loss: 0.068 | Val Loss: 0.05 | Val F1: 1.00 
2023-09-02 21:00:08,627 - FGO - INFO - Setting model to best state.
2023-09-02 21:00:08,629 - FGO - INFO - ===== Train Fair OT GCN Model ============================================================
2023-09-02 21:00:08,694 - FGO - INFO - Epoch   0 | Train Loss: -4.266 | Val Loss: -0.51 | Val F1: 1.00 |
2023-09-02 21:00:09,533 - FGO - INFO - Epoch  10 | Train Loss: -4.298 | Val Loss: -0.41 | Val F1: 0.94 |
2023-09-02 21:00:10,307 - FGO - INFO - Epoch  20 | Train Loss: -4.430 | Val Loss: -0.49 | Val F1: 0.95 |
2023-09-02 21:00:11,047 - FGO - INFO - Epoch  30 | Train Loss: -4.498 | Val Loss: -0.52 | Val F1: 0.97 |
2023-09-02 21:00:11,793 - FGO - INFO - Epoch  40 | Train Loss: -4.545 | Val Loss: -0.58 | Val F1: 1.00 |
2023-09-02 21:00:12,495 - FGO - INFO - Best Epoch:  35 | Train Loss: -4.529 | Val Loss: -0.57 | Val F1: 1.00 |
2023-09-02 21:00:12,495 - FGO - INFO - Setting model to best state.
2023-09-02 21:00:12,499 - FGO - INFO - ===== Test Fair OT GCN Model =============================================================
2023-09-02 21:00:12,524 - FGO - INFO - Train CM:
[[376   9]
 [ 12 320]]
2023-09-02 21:00:12,524 - FGO - INFO - Val CM:
[[48  1]
 [ 0 38]]
2023-09-02 21:00:12,525 - FGO - INFO - Test CM:
[[48  1]
 [ 0 38]]
2023-09-02 21:00:12,530 - FGO - INFO - test statistical parity: 0.05696202531645572
2023-09-02 21:00:12,532 - FGO - INFO - test equal opportunity: 0.0
2023-09-02 21:00:12,533 - FGO - INFO - test micro f1: 0.9885057471264368
2023-09-02 21:00:12,533 - FGO - INFO - test macro f1: 0.9883518543312357
