2023-09-02 20:50:21,434 - FGO - INFO - ===== SETUP LOGGING ======================================================================
2023-09-02 20:50:21,434 - FGO - INFO - THIS_FILE: Wrapper.py
2023-09-02 20:50:21,434 - FGO - INFO - 	done: False
2023-09-02 20:50:21,434 - FGO - INFO - 	learning_rate: 0.005
2023-09-02 20:50:21,434 - FGO - INFO - 	h1: 64
2023-09-02 20:50:21,434 - FGO - INFO - 	h2: 32
2023-09-02 20:50:21,434 - FGO - INFO - 	weight_decay: 0.0005
2023-09-02 20:50:21,434 - FGO - INFO - 	dropout: 0.0
2023-09-02 20:50:21,434 - FGO - INFO - 	max_pretrain_epochs: 100
2023-09-02 20:50:21,434 - FGO - INFO - 	max_ot_epochs: 50
2023-09-02 20:50:21,434 - FGO - INFO - 	lambda: 0.01
2023-09-02 20:50:21,434 - FGO - INFO - 	theta: 50
2023-09-02 20:50:21,434 - FGO - INFO - 	clip: 5
2023-09-02 20:50:21,434 - FGO - INFO - ===== SETUP LOGGING COMPLETE =============================================================
2023-09-02 20:50:21,434 - FGO - INFO - ===== Configuring Masks ==================================================================
2023-09-02 20:50:21,434 - FGO - INFO - Source Total: 726
2023-09-02 20:50:21,434 - FGO - INFO - Target Total: 78
2023-09-02 20:50:21,434 - FGO - INFO - Train Total: 726
2023-09-02 20:50:21,434 - FGO - INFO - Val Total:   78
2023-09-02 20:50:21,434 - FGO - INFO - Test Total:  78
2023-09-02 20:50:21,434 - FGO - INFO - ===== Preparing to load data =============================================================
2023-09-02 20:50:21,434 - FGO - INFO - SOURCE: abide_large
2023-09-02 20:50:21,434 - FGO - INFO - ===== Retrieving SOURCE Data =============================================================
2023-09-02 20:50:21,434 - FGO - INFO - *************** In load_graph_data ***************
2023-09-02 20:50:21,434 - FGO - INFO - 	FILEPATH: ./data/abide_large.mat
2023-09-02 20:50:21,435 - FGO - INFO - 	X shape: (804, 93)
2023-09-02 20:50:21,435 - FGO - INFO - 	A shape: (804, 804)
2023-09-02 20:50:21,435 - FGO - INFO - 	P shape: (804,)
2023-09-02 20:50:21,435 - FGO - INFO - 	Y shape: (804, 2)
2023-09-02 20:50:21,435 - FGO - INFO - 	Y sum: 804 (number of postive labels)
2023-09-02 20:50:21,436 - FGO - INFO - ===== Preparing data =====================================================================
2023-09-02 20:50:21,437 - FGO - INFO - ===== Disconnecting Source and Target ====================================================
2023-09-02 20:50:21,534 - FGO - INFO - ===== Finalize Data ======================================================================
2023-09-02 20:50:21,534 - FGO - INFO - A shape: (804, 804)
2023-09-02 20:50:21,534 - FGO - INFO - X shape: (804, 93)
2023-09-02 20:50:21,534 - FGO - INFO - Y shape: (804, 2)
2023-09-02 20:50:21,534 - FGO - INFO - N: 804
2023-09-02 20:50:21,534 - FGO - INFO - N_s: 726
2023-09-02 20:50:21,534 - FGO - INFO - N_t: 78
2023-09-02 20:50:21,538 - FGO - INFO - ===== Pretrain GCN Model =================================================================
2023-09-02 20:50:21,541 - FGO - INFO - Epoch   0 | Train Loss: 0.684 | Val Loss: 0.73 | Val F1: 0.32 |
2023-09-02 20:50:21,566 - FGO - INFO - Epoch  10 | Train Loss: 0.582 | Val Loss: 0.61 | Val F1: 0.72 |
2023-09-02 20:50:21,590 - FGO - INFO - Epoch  20 | Train Loss: 0.268 | Val Loss: 0.31 | Val F1: 0.87 |
2023-09-02 20:50:21,615 - FGO - INFO - Epoch  30 | Train Loss: 0.130 | Val Loss: 0.25 | Val F1: 0.92 |
2023-09-02 20:50:21,639 - FGO - INFO - Epoch  40 | Train Loss: 0.100 | Val Loss: 0.22 | Val F1: 0.92 |
2023-09-02 20:50:21,663 - FGO - INFO - Epoch  50 | Train Loss: 0.087 | Val Loss: 0.12 | Val F1: 0.95 |
2023-09-02 20:50:21,687 - FGO - INFO - Epoch  60 | Train Loss: 0.078 | Val Loss: 0.11 | Val F1: 0.95 |
2023-09-02 20:50:21,712 - FGO - INFO - Epoch  70 | Train Loss: 0.073 | Val Loss: 0.10 | Val F1: 0.95 |
2023-09-02 20:50:21,736 - FGO - INFO - Epoch  80 | Train Loss: 0.070 | Val Loss: 0.07 | Val F1: 0.95 |
2023-09-02 20:50:21,760 - FGO - INFO - Epoch  90 | Train Loss: 0.066 | Val Loss: 0.07 | Val F1: 0.96 |
2023-09-02 20:50:21,784 - FGO - INFO - Epoch 100 | Train Loss: 0.062 | Val Loss: 0.07 | Val F1: 0.96 |
2023-09-02 20:50:21,785 - FGO - INFO - Best Epoch:  77 | Train Loss: 0.070 | Val Loss: 0.10 | Val F1: 0.96 
2023-09-02 20:50:21,785 - FGO - INFO - Setting model to best state.
2023-09-02 20:50:21,786 - FGO - INFO - ===== Train Fair OT GCN Model ============================================================
2023-09-02 20:50:21,899 - FGO - INFO - Epoch   0 | Train Loss: -2.875 | Val Loss: -0.25 | Val F1: 0.96 |
2023-09-02 20:50:22,780 - FGO - INFO - Epoch  10 | Train Loss: -3.972 | Val Loss: -0.16 | Val F1: 0.88 |
2023-09-02 20:50:23,669 - FGO - INFO - Epoch  20 | Train Loss: -4.147 | Val Loss: -0.15 | Val F1: 0.88 |
2023-09-02 20:50:24,440 - FGO - INFO - Epoch  30 | Train Loss: -4.299 | Val Loss: -0.14 | Val F1: 0.88 |
2023-09-02 20:50:25,252 - FGO - INFO - Epoch  40 | Train Loss: -4.379 | Val Loss: -0.23 | Val F1: 0.92 |
2023-09-02 20:50:25,955 - FGO - INFO - Best Epoch:   6 | Train Loss: -3.690 | Val Loss: -0.20 | Val F1: 0.94 |
2023-09-02 20:50:25,955 - FGO - INFO - Setting model to best state.
2023-09-02 20:50:25,959 - FGO - INFO - ===== Test Fair OT GCN Model =============================================================
2023-09-02 20:50:25,989 - FGO - INFO - Train CM:
[[396   4]
 [ 23 303]]
2023-09-02 20:50:25,990 - FGO - INFO - Val CM:
[[34  0]
 [ 6 38]]
2023-09-02 20:50:25,990 - FGO - INFO - Test CM:
[[34  0]
 [ 6 38]]
2023-09-02 20:50:25,995 - FGO - INFO - test statistical parity: 0.07729468599033817
2023-09-02 20:50:25,996 - FGO - INFO - test equal opportunity: 0.15384615384615385
2023-09-02 20:50:25,997 - FGO - INFO - test micro f1: 0.9230769230769231
2023-09-02 20:50:25,997 - FGO - INFO - test macro f1: 0.9228740936058009
