2023-09-02 20:46:29,496 - FGO - INFO - ===== SETUP LOGGING ======================================================================
2023-09-02 20:46:29,496 - FGO - INFO - THIS_FILE: Wrapper.py
2023-09-02 20:46:29,496 - FGO - INFO - 	done: False
2023-09-02 20:46:29,496 - FGO - INFO - 	learning_rate: 0.001
2023-09-02 20:46:29,496 - FGO - INFO - 	h1: 64
2023-09-02 20:46:29,496 - FGO - INFO - 	h2: 32
2023-09-02 20:46:29,496 - FGO - INFO - 	weight_decay: 0.0005
2023-09-02 20:46:29,496 - FGO - INFO - 	dropout: 0.0
2023-09-02 20:46:29,496 - FGO - INFO - 	max_pretrain_epochs: 100
2023-09-02 20:46:29,496 - FGO - INFO - 	max_ot_epochs: 50
2023-09-02 20:46:29,496 - FGO - INFO - 	lambda: 0.05
2023-09-02 20:46:29,496 - FGO - INFO - 	theta: 10
2023-09-02 20:46:29,496 - FGO - INFO - 	clip: 5
2023-09-02 20:46:29,496 - FGO - INFO - ===== SETUP LOGGING COMPLETE =============================================================
2023-09-02 20:46:29,496 - FGO - INFO - ===== Configuring Masks ==================================================================
2023-09-02 20:46:29,496 - FGO - INFO - Source Total: 732
2023-09-02 20:46:29,496 - FGO - INFO - Target Total: 72
2023-09-02 20:46:29,496 - FGO - INFO - Train Total: 732
2023-09-02 20:46:29,496 - FGO - INFO - Val Total:   72
2023-09-02 20:46:29,496 - FGO - INFO - Test Total:  72
2023-09-02 20:46:29,496 - FGO - INFO - ===== Preparing to load data =============================================================
2023-09-02 20:46:29,496 - FGO - INFO - SOURCE: abide_large
2023-09-02 20:46:29,496 - FGO - INFO - ===== Retrieving SOURCE Data =============================================================
2023-09-02 20:46:29,496 - FGO - INFO - *************** In load_graph_data ***************
2023-09-02 20:46:29,496 - FGO - INFO - 	FILEPATH: ./data/abide_large.mat
2023-09-02 20:46:29,497 - FGO - INFO - 	X shape: (804, 93)
2023-09-02 20:46:29,497 - FGO - INFO - 	A shape: (804, 804)
2023-09-02 20:46:29,497 - FGO - INFO - 	P shape: (804,)
2023-09-02 20:46:29,497 - FGO - INFO - 	Y shape: (804, 2)
2023-09-02 20:46:29,497 - FGO - INFO - 	Y sum: 804 (number of postive labels)
2023-09-02 20:46:29,498 - FGO - INFO - ===== Preparing data =====================================================================
2023-09-02 20:46:29,499 - FGO - INFO - ===== Disconnecting Source and Target ====================================================
2023-09-02 20:46:29,589 - FGO - INFO - ===== Finalize Data ======================================================================
2023-09-02 20:46:29,589 - FGO - INFO - A shape: (804, 804)
2023-09-02 20:46:29,589 - FGO - INFO - X shape: (804, 93)
2023-09-02 20:46:29,589 - FGO - INFO - Y shape: (804, 2)
2023-09-02 20:46:29,589 - FGO - INFO - N: 804
2023-09-02 20:46:29,589 - FGO - INFO - N_s: 732
2023-09-02 20:46:29,589 - FGO - INFO - N_t: 72
2023-09-02 20:46:29,593 - FGO - INFO - ===== Pretrain GCN Model =================================================================
2023-09-02 20:46:29,596 - FGO - INFO - Epoch   0 | Train Loss: 0.688 | Val Loss: 0.70 | Val F1: 0.33 |
2023-09-02 20:46:29,621 - FGO - INFO - Epoch  10 | Train Loss: 0.674 | Val Loss: 0.68 | Val F1: 0.45 |
2023-09-02 20:46:29,646 - FGO - INFO - Epoch  20 | Train Loss: 0.649 | Val Loss: 0.66 | Val F1: 0.63 |
2023-09-02 20:46:29,670 - FGO - INFO - Epoch  30 | Train Loss: 0.596 | Val Loss: 0.60 | Val F1: 0.75 |
2023-09-02 20:46:29,695 - FGO - INFO - Epoch  40 | Train Loss: 0.508 | Val Loss: 0.50 | Val F1: 0.87 |
2023-09-02 20:46:29,720 - FGO - INFO - Epoch  50 | Train Loss: 0.399 | Val Loss: 0.39 | Val F1: 0.89 |
2023-09-02 20:46:29,744 - FGO - INFO - Epoch  60 | Train Loss: 0.297 | Val Loss: 0.27 | Val F1: 0.90 |
2023-09-02 20:46:29,769 - FGO - INFO - Epoch  70 | Train Loss: 0.224 | Val Loss: 0.20 | Val F1: 0.94 |
2023-09-02 20:46:29,793 - FGO - INFO - Epoch  80 | Train Loss: 0.179 | Val Loss: 0.16 | Val F1: 0.96 |
2023-09-02 20:46:29,818 - FGO - INFO - Epoch  90 | Train Loss: 0.150 | Val Loss: 0.14 | Val F1: 0.97 |
2023-09-02 20:46:29,843 - FGO - INFO - Epoch 100 | Train Loss: 0.130 | Val Loss: 0.13 | Val F1: 0.97 |
2023-09-02 20:46:29,843 - FGO - INFO - Best Epoch:  81 | Train Loss: 0.175 | Val Loss: 0.16 | Val F1: 0.97 
2023-09-02 20:46:29,843 - FGO - INFO - Setting model to best state.
2023-09-02 20:46:29,844 - FGO - INFO - ===== Train Fair OT GCN Model ============================================================
2023-09-02 20:46:29,909 - FGO - INFO - Epoch   0 | Train Loss: -4.247 | Val Loss: -0.34 | Val F1: 0.97 |
2023-09-02 20:46:30,738 - FGO - INFO - Epoch  10 | Train Loss: -4.336 | Val Loss: -0.32 | Val F1: 0.96 |
2023-09-02 20:46:31,510 - FGO - INFO - Epoch  20 | Train Loss: -4.374 | Val Loss: -0.33 | Val F1: 0.96 |
2023-09-02 20:46:32,241 - FGO - INFO - Epoch  30 | Train Loss: -4.408 | Val Loss: -0.32 | Val F1: 0.96 |
2023-09-02 20:46:33,044 - FGO - INFO - Epoch  40 | Train Loss: -4.431 | Val Loss: -0.32 | Val F1: 0.96 |
2023-09-02 20:46:33,740 - FGO - INFO - Best Epoch:   7 | Train Loss: -4.314 | Val Loss: -0.33 | Val F1: 0.97 |
2023-09-02 20:46:33,740 - FGO - INFO - Setting model to best state.
2023-09-02 20:46:33,743 - FGO - INFO - ===== Test Fair OT GCN Model =============================================================
2023-09-02 20:46:33,766 - FGO - INFO - Train CM:
[[395   2]
 [ 39 296]]
2023-09-02 20:46:33,766 - FGO - INFO - Val CM:
[[37  0]
 [ 3 32]]
2023-09-02 20:46:33,767 - FGO - INFO - Test CM:
[[37  0]
 [ 3 32]]
2023-09-02 20:46:33,771 - FGO - INFO - test statistical parity: 0.05161290322580642
2023-09-02 20:46:33,773 - FGO - INFO - test equal opportunity: 0.1333333333333333
2023-09-02 20:46:33,773 - FGO - INFO - test micro f1: 0.9583333333333334
2023-09-02 20:46:33,774 - FGO - INFO - test macro f1: 0.9581314208179881
