2023-09-02 20:54:05,546 - FGO - INFO - ===== SETUP LOGGING ======================================================================
2023-09-02 20:54:05,546 - FGO - INFO - THIS_FILE: Wrapper.py
2023-09-02 20:54:05,546 - FGO - INFO - 	done: False
2023-09-02 20:54:05,546 - FGO - INFO - 	learning_rate: 0.005
2023-09-02 20:54:05,546 - FGO - INFO - 	h1: 64
2023-09-02 20:54:05,546 - FGO - INFO - 	h2: 32
2023-09-02 20:54:05,546 - FGO - INFO - 	weight_decay: 0.0005
2023-09-02 20:54:05,546 - FGO - INFO - 	dropout: 0.0
2023-09-02 20:54:05,546 - FGO - INFO - 	max_pretrain_epochs: 100
2023-09-02 20:54:05,546 - FGO - INFO - 	max_ot_epochs: 50
2023-09-02 20:54:05,546 - FGO - INFO - 	lambda: 0.05
2023-09-02 20:54:05,546 - FGO - INFO - 	theta: 30
2023-09-02 20:54:05,546 - FGO - INFO - 	clip: 5
2023-09-02 20:54:05,546 - FGO - INFO - ===== SETUP LOGGING COMPLETE =============================================================
2023-09-02 20:54:05,546 - FGO - INFO - ===== Configuring Masks ==================================================================
2023-09-02 20:54:05,546 - FGO - INFO - Source Total: 717
2023-09-02 20:54:05,546 - FGO - INFO - Target Total: 87
2023-09-02 20:54:05,546 - FGO - INFO - Train Total: 717
2023-09-02 20:54:05,546 - FGO - INFO - Val Total:   87
2023-09-02 20:54:05,547 - FGO - INFO - Test Total:  87
2023-09-02 20:54:05,547 - FGO - INFO - ===== Preparing to load data =============================================================
2023-09-02 20:54:05,547 - FGO - INFO - SOURCE: abide_large
2023-09-02 20:54:05,547 - FGO - INFO - ===== Retrieving SOURCE Data =============================================================
2023-09-02 20:54:05,547 - FGO - INFO - *************** In load_graph_data ***************
2023-09-02 20:54:05,547 - FGO - INFO - 	FILEPATH: ./data/abide_large.mat
2023-09-02 20:54:05,547 - FGO - INFO - 	X shape: (804, 93)
2023-09-02 20:54:05,547 - FGO - INFO - 	A shape: (804, 804)
2023-09-02 20:54:05,547 - FGO - INFO - 	P shape: (804,)
2023-09-02 20:54:05,547 - FGO - INFO - 	Y shape: (804, 2)
2023-09-02 20:54:05,547 - FGO - INFO - 	Y sum: 804 (number of postive labels)
2023-09-02 20:54:05,548 - FGO - INFO - ===== Preparing data =====================================================================
2023-09-02 20:54:05,549 - FGO - INFO - ===== Disconnecting Source and Target ====================================================
2023-09-02 20:54:05,656 - FGO - INFO - ===== Finalize Data ======================================================================
2023-09-02 20:54:05,656 - FGO - INFO - A shape: (804, 804)
2023-09-02 20:54:05,656 - FGO - INFO - X shape: (804, 93)
2023-09-02 20:54:05,656 - FGO - INFO - Y shape: (804, 2)
2023-09-02 20:54:05,656 - FGO - INFO - N: 804
2023-09-02 20:54:05,656 - FGO - INFO - N_s: 717
2023-09-02 20:54:05,656 - FGO - INFO - N_t: 87
2023-09-02 20:54:05,660 - FGO - INFO - ===== Pretrain GCN Model =================================================================
2023-09-02 20:54:05,663 - FGO - INFO - Epoch   0 | Train Loss: 0.690 | Val Loss: 0.68 | Val F1: 0.36 |
2023-09-02 20:54:05,687 - FGO - INFO - Epoch  10 | Train Loss: 0.585 | Val Loss: 0.57 | Val F1: 0.75 |
2023-09-02 20:54:05,712 - FGO - INFO - Epoch  20 | Train Loss: 0.271 | Val Loss: 0.27 | Val F1: 0.92 |
2023-09-02 20:54:05,736 - FGO - INFO - Epoch  30 | Train Loss: 0.135 | Val Loss: 0.12 | Val F1: 0.95 |
2023-09-02 20:54:05,761 - FGO - INFO - Epoch  40 | Train Loss: 0.097 | Val Loss: 0.08 | Val F1: 0.98 |
2023-09-02 20:54:05,785 - FGO - INFO - Epoch  50 | Train Loss: 0.085 | Val Loss: 0.08 | Val F1: 0.98 |
2023-09-02 20:54:05,809 - FGO - INFO - Epoch  60 | Train Loss: 0.078 | Val Loss: 0.08 | Val F1: 0.99 |
2023-09-02 20:54:05,834 - FGO - INFO - Epoch  70 | Train Loss: 0.073 | Val Loss: 0.06 | Val F1: 0.98 |
2023-09-02 20:54:05,858 - FGO - INFO - Epoch  80 | Train Loss: 0.070 | Val Loss: 0.06 | Val F1: 0.99 |
2023-09-02 20:54:05,882 - FGO - INFO - Epoch  90 | Train Loss: 0.071 | Val Loss: 0.06 | Val F1: 0.98 |
2023-09-02 20:54:05,907 - FGO - INFO - Epoch 100 | Train Loss: 0.068 | Val Loss: 0.05 | Val F1: 0.99 |
2023-09-02 20:54:05,907 - FGO - INFO - Best Epoch:  36 | Train Loss: 0.107 | Val Loss: 0.08 | Val F1: 0.99 
2023-09-02 20:54:05,907 - FGO - INFO - Setting model to best state.
2023-09-02 20:54:05,908 - FGO - INFO - ===== Train Fair OT GCN Model ============================================================
2023-09-02 20:54:05,973 - FGO - INFO - Epoch   0 | Train Loss: -13.037 | Val Loss: -1.62 | Val F1: 0.99 |
2023-09-02 20:54:06,776 - FGO - INFO - Epoch  10 | Train Loss: -13.683 | Val Loss: -1.69 | Val F1: 0.98 |
2023-09-02 20:54:07,588 - FGO - INFO - Epoch  20 | Train Loss: -13.792 | Val Loss: -1.68 | Val F1: 0.93 |
2023-09-02 20:54:08,350 - FGO - INFO - Epoch  30 | Train Loss: -13.878 | Val Loss: -1.69 | Val F1: 0.95 |
2023-09-02 20:54:09,136 - FGO - INFO - Epoch  40 | Train Loss: -13.938 | Val Loss: -1.74 | Val F1: 0.95 |
2023-09-02 20:54:09,793 - FGO - INFO - Best Epoch:  41 | Train Loss: -13.939 | Val Loss: -1.74 | Val F1: 0.98 |
2023-09-02 20:54:09,793 - FGO - INFO - Setting model to best state.
2023-09-02 20:54:09,797 - FGO - INFO - ===== Test Fair OT GCN Model =============================================================
2023-09-02 20:54:09,821 - FGO - INFO - Train CM:
[[380   5]
 [ 23 309]]
2023-09-02 20:54:09,821 - FGO - INFO - Val CM:
[[47  2]
 [ 1 37]]
2023-09-02 20:54:09,821 - FGO - INFO - Test CM:
[[47  2]
 [ 1 37]]
2023-09-02 20:54:09,826 - FGO - INFO - test statistical parity: 0.05696202531645572
2023-09-02 20:54:09,828 - FGO - INFO - test equal opportunity: 0.02941176470588236
2023-09-02 20:54:09,829 - FGO - INFO - test micro f1: 0.9655172413793104
2023-09-02 20:54:09,829 - FGO - INFO - test macro f1: 0.9650555629937074
