2023-09-02 20:52:47,221 - FGO - INFO - ===== SETUP LOGGING ======================================================================
2023-09-02 20:52:47,221 - FGO - INFO - THIS_FILE: Wrapper.py
2023-09-02 20:52:47,221 - FGO - INFO - 	done: False
2023-09-02 20:52:47,221 - FGO - INFO - 	learning_rate: 0.005
2023-09-02 20:52:47,221 - FGO - INFO - 	h1: 64
2023-09-02 20:52:47,221 - FGO - INFO - 	h2: 32
2023-09-02 20:52:47,221 - FGO - INFO - 	weight_decay: 0.0005
2023-09-02 20:52:47,221 - FGO - INFO - 	dropout: 0.0
2023-09-02 20:52:47,221 - FGO - INFO - 	max_pretrain_epochs: 100
2023-09-02 20:52:47,221 - FGO - INFO - 	max_ot_epochs: 50
2023-09-02 20:52:47,221 - FGO - INFO - 	lambda: 0.03
2023-09-02 20:52:47,221 - FGO - INFO - 	theta: 50
2023-09-02 20:52:47,221 - FGO - INFO - 	clip: 5
2023-09-02 20:52:47,221 - FGO - INFO - ===== SETUP LOGGING COMPLETE =============================================================
2023-09-02 20:52:47,221 - FGO - INFO - ===== Configuring Masks ==================================================================
2023-09-02 20:52:47,221 - FGO - INFO - Source Total: 734
2023-09-02 20:52:47,221 - FGO - INFO - Target Total: 70
2023-09-02 20:52:47,221 - FGO - INFO - Train Total: 734
2023-09-02 20:52:47,221 - FGO - INFO - Val Total:   70
2023-09-02 20:52:47,221 - FGO - INFO - Test Total:  70
2023-09-02 20:52:47,221 - FGO - INFO - ===== Preparing to load data =============================================================
2023-09-02 20:52:47,221 - FGO - INFO - SOURCE: abide_large
2023-09-02 20:52:47,221 - FGO - INFO - ===== Retrieving SOURCE Data =============================================================
2023-09-02 20:52:47,221 - FGO - INFO - *************** In load_graph_data ***************
2023-09-02 20:52:47,221 - FGO - INFO - 	FILEPATH: ./data/abide_large.mat
2023-09-02 20:52:47,222 - FGO - INFO - 	X shape: (804, 93)
2023-09-02 20:52:47,222 - FGO - INFO - 	A shape: (804, 804)
2023-09-02 20:52:47,222 - FGO - INFO - 	P shape: (804,)
2023-09-02 20:52:47,222 - FGO - INFO - 	Y shape: (804, 2)
2023-09-02 20:52:47,222 - FGO - INFO - 	Y sum: 804 (number of postive labels)
2023-09-02 20:52:47,256 - FGO - INFO - ===== Preparing data =====================================================================
2023-09-02 20:52:47,257 - FGO - INFO - ===== Disconnecting Source and Target ====================================================
2023-09-02 20:52:47,346 - FGO - INFO - ===== Finalize Data ======================================================================
2023-09-02 20:52:47,346 - FGO - INFO - A shape: (804, 804)
2023-09-02 20:52:47,346 - FGO - INFO - X shape: (804, 93)
2023-09-02 20:52:47,346 - FGO - INFO - Y shape: (804, 2)
2023-09-02 20:52:47,346 - FGO - INFO - N: 804
2023-09-02 20:52:47,346 - FGO - INFO - N_s: 734
2023-09-02 20:52:47,346 - FGO - INFO - N_t: 70
2023-09-02 20:52:47,350 - FGO - INFO - ===== Pretrain GCN Model =================================================================
2023-09-02 20:52:47,353 - FGO - INFO - Epoch   0 | Train Loss: 0.688 | Val Loss: 0.70 | Val F1: 0.32 |
2023-09-02 20:52:47,378 - FGO - INFO - Epoch  10 | Train Loss: 0.564 | Val Loss: 0.59 | Val F1: 0.75 |
2023-09-02 20:52:47,403 - FGO - INFO - Epoch  20 | Train Loss: 0.257 | Val Loss: 0.29 | Val F1: 0.89 |
2023-09-02 20:52:47,428 - FGO - INFO - Epoch  30 | Train Loss: 0.132 | Val Loss: 0.15 | Val F1: 0.94 |
2023-09-02 20:52:47,452 - FGO - INFO - Epoch  40 | Train Loss: 0.097 | Val Loss: 0.13 | Val F1: 0.94 |
2023-09-02 20:52:47,477 - FGO - INFO - Epoch  50 | Train Loss: 0.088 | Val Loss: 0.12 | Val F1: 0.94 |
2023-09-02 20:52:47,502 - FGO - INFO - Epoch  60 | Train Loss: 0.077 | Val Loss: 0.12 | Val F1: 0.94 |
2023-09-02 20:52:47,527 - FGO - INFO - Epoch  70 | Train Loss: 0.073 | Val Loss: 0.12 | Val F1: 0.94 |
2023-09-02 20:52:47,551 - FGO - INFO - Epoch  80 | Train Loss: 0.068 | Val Loss: 0.14 | Val F1: 0.94 |
2023-09-02 20:52:47,576 - FGO - INFO - Epoch  90 | Train Loss: 0.065 | Val Loss: 0.16 | Val F1: 0.93 |
2023-09-02 20:52:47,601 - FGO - INFO - Epoch 100 | Train Loss: 0.064 | Val Loss: 0.16 | Val F1: 0.94 |
2023-09-02 20:52:47,601 - FGO - INFO - Best Epoch:  36 | Train Loss: 0.108 | Val Loss: 0.14 | Val F1: 0.96 
2023-09-02 20:52:47,601 - FGO - INFO - Setting model to best state.
2023-09-02 20:52:47,602 - FGO - INFO - ===== Train Fair OT GCN Model ============================================================
2023-09-02 20:52:47,671 - FGO - INFO - Epoch   0 | Train Loss: -12.297 | Val Loss: -1.00 | Val F1: 0.93 |
2023-09-02 20:52:48,467 - FGO - INFO - Epoch  10 | Train Loss: -13.497 | Val Loss: -0.94 | Val F1: 0.86 |
2023-09-02 20:52:49,280 - FGO - INFO - Epoch  20 | Train Loss: -13.967 | Val Loss: -0.80 | Val F1: 0.66 |
2023-09-02 20:52:50,111 - FGO - INFO - Epoch  30 | Train Loss: -14.179 | Val Loss: -0.70 | Val F1: 0.33 |
2023-09-02 20:52:50,865 - FGO - INFO - Epoch  40 | Train Loss: -14.184 | Val Loss: -0.70 | Val F1: 0.33 |
2023-09-02 20:52:51,549 - FGO - INFO - Best Epoch:   7 | Train Loss: -13.272 | Val Loss: -1.05 | Val F1: 0.94 |
2023-09-02 20:52:51,549 - FGO - INFO - Setting model to best state.
2023-09-02 20:52:51,553 - FGO - INFO - ===== Test Fair OT GCN Model =============================================================
2023-09-02 20:52:51,576 - FGO - INFO - Train CM:
[[400   0]
 [334   0]]
2023-09-02 20:52:51,577 - FGO - INFO - Val CM:
[[34  0]
 [36  0]]
2023-09-02 20:52:51,577 - FGO - INFO - Test CM:
[[34  0]
 [36  0]]
2023-09-02 20:52:51,582 - FGO - INFO - test statistical parity: 0.0
2023-09-02 20:52:51,584 - FGO - INFO - test equal opportunity: 0.0
2023-09-02 20:52:51,584 - FGO - INFO - test micro f1: 0.4857142857142857
2023-09-02 20:52:51,585 - FGO - INFO - test macro f1: 0.3269230769230769
