2023-09-02 20:57:22,004 - FGO - INFO - ===== SETUP LOGGING ======================================================================
2023-09-02 20:57:22,004 - FGO - INFO - THIS_FILE: Wrapper.py
2023-09-02 20:57:22,004 - FGO - INFO - 	done: False
2023-09-02 20:57:22,004 - FGO - INFO - 	learning_rate: 0.01
2023-09-02 20:57:22,004 - FGO - INFO - 	h1: 64
2023-09-02 20:57:22,004 - FGO - INFO - 	h2: 32
2023-09-02 20:57:22,004 - FGO - INFO - 	weight_decay: 0.0005
2023-09-02 20:57:22,004 - FGO - INFO - 	dropout: 0.0
2023-09-02 20:57:22,004 - FGO - INFO - 	max_pretrain_epochs: 100
2023-09-02 20:57:22,004 - FGO - INFO - 	max_ot_epochs: 50
2023-09-02 20:57:22,004 - FGO - INFO - 	lambda: 0.01
2023-09-02 20:57:22,004 - FGO - INFO - 	theta: 50
2023-09-02 20:57:22,004 - FGO - INFO - 	clip: 5
2023-09-02 20:57:22,004 - FGO - INFO - ===== SETUP LOGGING COMPLETE =============================================================
2023-09-02 20:57:22,004 - FGO - INFO - ===== Configuring Masks ==================================================================
2023-09-02 20:57:22,005 - FGO - INFO - Source Total: 734
2023-09-02 20:57:22,005 - FGO - INFO - Target Total: 70
2023-09-02 20:57:22,005 - FGO - INFO - Train Total: 734
2023-09-02 20:57:22,005 - FGO - INFO - Val Total:   70
2023-09-02 20:57:22,005 - FGO - INFO - Test Total:  70
2023-09-02 20:57:22,005 - FGO - INFO - ===== Preparing to load data =============================================================
2023-09-02 20:57:22,005 - FGO - INFO - SOURCE: abide_large
2023-09-02 20:57:22,005 - FGO - INFO - ===== Retrieving SOURCE Data =============================================================
2023-09-02 20:57:22,005 - FGO - INFO - *************** In load_graph_data ***************
2023-09-02 20:57:22,005 - FGO - INFO - 	FILEPATH: ./data/abide_large.mat
2023-09-02 20:57:22,005 - FGO - INFO - 	X shape: (804, 93)
2023-09-02 20:57:22,005 - FGO - INFO - 	A shape: (804, 804)
2023-09-02 20:57:22,005 - FGO - INFO - 	P shape: (804,)
2023-09-02 20:57:22,005 - FGO - INFO - 	Y shape: (804, 2)
2023-09-02 20:57:22,005 - FGO - INFO - 	Y sum: 804 (number of postive labels)
2023-09-02 20:57:22,006 - FGO - INFO - ===== Preparing data =====================================================================
2023-09-02 20:57:22,007 - FGO - INFO - ===== Disconnecting Source and Target ====================================================
2023-09-02 20:57:22,096 - FGO - INFO - ===== Finalize Data ======================================================================
2023-09-02 20:57:22,096 - FGO - INFO - A shape: (804, 804)
2023-09-02 20:57:22,096 - FGO - INFO - X shape: (804, 93)
2023-09-02 20:57:22,096 - FGO - INFO - Y shape: (804, 2)
2023-09-02 20:57:22,096 - FGO - INFO - N: 804
2023-09-02 20:57:22,096 - FGO - INFO - N_s: 734
2023-09-02 20:57:22,096 - FGO - INFO - N_t: 70
2023-09-02 20:57:22,100 - FGO - INFO - ===== Pretrain GCN Model =================================================================
2023-09-02 20:57:22,103 - FGO - INFO - Epoch   0 | Train Loss: 0.688 | Val Loss: 0.70 | Val F1: 0.32 |
2023-09-02 20:57:22,129 - FGO - INFO - Epoch  10 | Train Loss: 0.450 | Val Loss: 0.48 | Val F1: 0.81 |
2023-09-02 20:57:22,154 - FGO - INFO - Epoch  20 | Train Loss: 0.149 | Val Loss: 0.19 | Val F1: 0.90 |
2023-09-02 20:57:22,178 - FGO - INFO - Epoch  30 | Train Loss: 0.104 | Val Loss: 0.15 | Val F1: 0.96 |
2023-09-02 20:57:22,203 - FGO - INFO - Epoch  40 | Train Loss: 0.086 | Val Loss: 0.14 | Val F1: 0.94 |
2023-09-02 20:57:22,228 - FGO - INFO - Epoch  50 | Train Loss: 0.074 | Val Loss: 0.12 | Val F1: 0.96 |
2023-09-02 20:57:22,253 - FGO - INFO - Epoch  60 | Train Loss: 0.067 | Val Loss: 0.11 | Val F1: 0.96 |
2023-09-02 20:57:22,278 - FGO - INFO - Epoch  70 | Train Loss: 0.068 | Val Loss: 0.14 | Val F1: 0.96 |
2023-09-02 20:57:22,302 - FGO - INFO - Epoch  80 | Train Loss: 0.072 | Val Loss: 0.16 | Val F1: 0.94 |
2023-09-02 20:57:22,327 - FGO - INFO - Epoch  90 | Train Loss: 0.061 | Val Loss: 0.14 | Val F1: 0.94 |
2023-09-02 20:57:22,352 - FGO - INFO - Epoch 100 | Train Loss: 0.062 | Val Loss: 0.15 | Val F1: 0.94 |
2023-09-02 20:57:22,352 - FGO - INFO - Best Epoch:  26 | Train Loss: 0.117 | Val Loss: 0.14 | Val F1: 0.96 
2023-09-02 20:57:22,352 - FGO - INFO - Setting model to best state.
2023-09-02 20:57:22,353 - FGO - INFO - ===== Train Fair OT GCN Model ============================================================
2023-09-02 20:57:22,442 - FGO - INFO - Epoch   0 | Train Loss: -3.201 | Val Loss: -0.16 | Val F1: 0.93 |
2023-09-02 20:57:23,417 - FGO - INFO - Epoch  10 | Train Loss: -4.057 | Val Loss: -0.09 | Val F1: 0.90 |
2023-09-02 20:57:24,195 - FGO - INFO - Epoch  20 | Train Loss: -4.215 | Val Loss: -0.15 | Val F1: 0.91 |
2023-09-02 20:57:24,967 - FGO - INFO - Epoch  30 | Train Loss: -4.372 | Val Loss: -0.22 | Val F1: 0.96 |
2023-09-02 20:57:25,783 - FGO - INFO - Epoch  40 | Train Loss: -4.462 | Val Loss: -0.24 | Val F1: 0.96 |
2023-09-02 20:57:26,512 - FGO - INFO - Best Epoch:   8 | Train Loss: -3.978 | Val Loss: -0.19 | Val F1: 0.96 |
2023-09-02 20:57:26,512 - FGO - INFO - Setting model to best state.
2023-09-02 20:57:26,515 - FGO - INFO - ===== Test Fair OT GCN Model =============================================================
2023-09-02 20:57:26,540 - FGO - INFO - Train CM:
[[391   9]
 [ 11 323]]
2023-09-02 20:57:26,541 - FGO - INFO - Val CM:
[[34  0]
 [ 3 33]]
2023-09-02 20:57:26,541 - FGO - INFO - Test CM:
[[34  0]
 [ 3 33]]
2023-09-02 20:57:26,546 - FGO - INFO - test statistical parity: 0.10661268556005393
2023-09-02 20:57:26,547 - FGO - INFO - test equal opportunity: 0.09999999999999998
2023-09-02 20:57:26,548 - FGO - INFO - test micro f1: 0.9571428571428572
2023-09-02 20:57:26,549 - FGO - INFO - test macro f1: 0.9571341090018372
