2023-09-02 20:58:15,325 - FGO - INFO - ===== SETUP LOGGING ======================================================================
2023-09-02 20:58:15,325 - FGO - INFO - THIS_FILE: Wrapper.py
2023-09-02 20:58:15,325 - FGO - INFO - 	done: False
2023-09-02 20:58:15,325 - FGO - INFO - 	learning_rate: 0.01
2023-09-02 20:58:15,325 - FGO - INFO - 	h1: 64
2023-09-02 20:58:15,325 - FGO - INFO - 	h2: 32
2023-09-02 20:58:15,325 - FGO - INFO - 	weight_decay: 0.0005
2023-09-02 20:58:15,325 - FGO - INFO - 	dropout: 0.0
2023-09-02 20:58:15,325 - FGO - INFO - 	max_pretrain_epochs: 100
2023-09-02 20:58:15,325 - FGO - INFO - 	max_ot_epochs: 50
2023-09-02 20:58:15,325 - FGO - INFO - 	lambda: 0.03
2023-09-02 20:58:15,325 - FGO - INFO - 	theta: 30
2023-09-02 20:58:15,325 - FGO - INFO - 	clip: 5
2023-09-02 20:58:15,325 - FGO - INFO - ===== SETUP LOGGING COMPLETE =============================================================
2023-09-02 20:58:15,325 - FGO - INFO - ===== Configuring Masks ==================================================================
2023-09-02 20:58:15,325 - FGO - INFO - Source Total: 708
2023-09-02 20:58:15,325 - FGO - INFO - Target Total: 96
2023-09-02 20:58:15,325 - FGO - INFO - Train Total: 708
2023-09-02 20:58:15,325 - FGO - INFO - Val Total:   96
2023-09-02 20:58:15,325 - FGO - INFO - Test Total:  96
2023-09-02 20:58:15,325 - FGO - INFO - ===== Preparing to load data =============================================================
2023-09-02 20:58:15,325 - FGO - INFO - SOURCE: abide_large
2023-09-02 20:58:15,325 - FGO - INFO - ===== Retrieving SOURCE Data =============================================================
2023-09-02 20:58:15,325 - FGO - INFO - *************** In load_graph_data ***************
2023-09-02 20:58:15,325 - FGO - INFO - 	FILEPATH: ./data/abide_large.mat
2023-09-02 20:58:15,325 - FGO - INFO - 	X shape: (804, 93)
2023-09-02 20:58:15,326 - FGO - INFO - 	A shape: (804, 804)
2023-09-02 20:58:15,326 - FGO - INFO - 	P shape: (804,)
2023-09-02 20:58:15,326 - FGO - INFO - 	Y shape: (804, 2)
2023-09-02 20:58:15,326 - FGO - INFO - 	Y sum: 804 (number of postive labels)
2023-09-02 20:58:15,327 - FGO - INFO - ===== Preparing data =====================================================================
2023-09-02 20:58:15,328 - FGO - INFO - ===== Disconnecting Source and Target ====================================================
2023-09-02 20:58:15,443 - FGO - INFO - ===== Finalize Data ======================================================================
2023-09-02 20:58:15,443 - FGO - INFO - A shape: (804, 804)
2023-09-02 20:58:15,443 - FGO - INFO - X shape: (804, 93)
2023-09-02 20:58:15,443 - FGO - INFO - Y shape: (804, 2)
2023-09-02 20:58:15,443 - FGO - INFO - N: 804
2023-09-02 20:58:15,443 - FGO - INFO - N_s: 708
2023-09-02 20:58:15,443 - FGO - INFO - N_t: 96
2023-09-02 20:58:15,446 - FGO - INFO - ===== Pretrain GCN Model =================================================================
2023-09-02 20:58:15,450 - FGO - INFO - Epoch   0 | Train Loss: 0.688 | Val Loss: 0.69 | Val F1: 0.35 |
2023-09-02 20:58:15,474 - FGO - INFO - Epoch  10 | Train Loss: 0.421 | Val Loss: 0.44 | Val F1: 0.88 |
2023-09-02 20:58:15,499 - FGO - INFO - Epoch  20 | Train Loss: 0.142 | Val Loss: 0.20 | Val F1: 0.94 |
2023-09-02 20:58:15,523 - FGO - INFO - Epoch  30 | Train Loss: 0.103 | Val Loss: 0.16 | Val F1: 0.94 |
2023-09-02 20:58:15,547 - FGO - INFO - Epoch  40 | Train Loss: 0.085 | Val Loss: 0.18 | Val F1: 0.96 |
2023-09-02 20:58:15,572 - FGO - INFO - Epoch  50 | Train Loss: 0.073 | Val Loss: 0.18 | Val F1: 0.96 |
2023-09-02 20:58:15,596 - FGO - INFO - Epoch  60 | Train Loss: 0.066 | Val Loss: 0.15 | Val F1: 0.97 |
2023-09-02 20:58:15,620 - FGO - INFO - Epoch  70 | Train Loss: 0.061 | Val Loss: 0.13 | Val F1: 0.97 |
2023-09-02 20:58:15,644 - FGO - INFO - Epoch  80 | Train Loss: 0.058 | Val Loss: 0.15 | Val F1: 0.96 |
2023-09-02 20:58:15,669 - FGO - INFO - Epoch  90 | Train Loss: 0.058 | Val Loss: 0.12 | Val F1: 0.97 |
2023-09-02 20:58:15,693 - FGO - INFO - Epoch 100 | Train Loss: 0.055 | Val Loss: 0.15 | Val F1: 0.96 |
2023-09-02 20:58:15,693 - FGO - INFO - Best Epoch:  28 | Train Loss: 0.112 | Val Loss: 0.09 | Val F1: 0.99 
2023-09-02 20:58:15,693 - FGO - INFO - Setting model to best state.
2023-09-02 20:58:15,694 - FGO - INFO - ===== Train Fair OT GCN Model ============================================================
2023-09-02 20:58:15,762 - FGO - INFO - Epoch   0 | Train Loss: -7.282 | Val Loss: -0.88 | Val F1: 0.94 |
2023-09-02 20:58:16,535 - FGO - INFO - Epoch  10 | Train Loss: -7.881 | Val Loss: -1.01 | Val F1: 0.96 |
2023-09-02 20:58:17,325 - FGO - INFO - Epoch  20 | Train Loss: -8.064 | Val Loss: -1.01 | Val F1: 0.95 |
2023-09-02 20:58:18,085 - FGO - INFO - Epoch  30 | Train Loss: -8.178 | Val Loss: -1.04 | Val F1: 0.96 |
2023-09-02 20:58:18,811 - FGO - INFO - Epoch  40 | Train Loss: -8.239 | Val Loss: -1.07 | Val F1: 0.98 |
2023-09-02 20:58:19,551 - FGO - INFO - Best Epoch:  31 | Train Loss: -8.183 | Val Loss: -1.07 | Val F1: 0.98 |
2023-09-02 20:58:19,551 - FGO - INFO - Setting model to best state.
2023-09-02 20:58:19,554 - FGO - INFO - ===== Test Fair OT GCN Model =============================================================
2023-09-02 20:58:19,579 - FGO - INFO - Train CM:
[[372  10]
 [ 10 316]]
2023-09-02 20:58:19,579 - FGO - INFO - Val CM:
[[52  0]
 [ 2 42]]
2023-09-02 20:58:19,579 - FGO - INFO - Test CM:
[[52  0]
 [ 2 42]]
2023-09-02 20:58:19,585 - FGO - INFO - test statistical parity: 0.32727272727272727
2023-09-02 20:58:19,586 - FGO - INFO - test equal opportunity: 0.05555555555555558
2023-09-02 20:58:19,587 - FGO - INFO - test micro f1: 0.9791666666666666
2023-09-02 20:58:19,587 - FGO - INFO - test macro f1: 0.978938130759105
