2023-09-02 20:57:17,531 - FGO - INFO - ===== SETUP LOGGING ======================================================================
2023-09-02 20:57:17,531 - FGO - INFO - THIS_FILE: Wrapper.py
2023-09-02 20:57:17,531 - FGO - INFO - 	done: False
2023-09-02 20:57:17,531 - FGO - INFO - 	learning_rate: 0.01
2023-09-02 20:57:17,531 - FGO - INFO - 	h1: 64
2023-09-02 20:57:17,531 - FGO - INFO - 	h2: 32
2023-09-02 20:57:17,531 - FGO - INFO - 	weight_decay: 0.0005
2023-09-02 20:57:17,531 - FGO - INFO - 	dropout: 0.0
2023-09-02 20:57:17,531 - FGO - INFO - 	max_pretrain_epochs: 100
2023-09-02 20:57:17,531 - FGO - INFO - 	max_ot_epochs: 50
2023-09-02 20:57:17,531 - FGO - INFO - 	lambda: 0.01
2023-09-02 20:57:17,531 - FGO - INFO - 	theta: 50
2023-09-02 20:57:17,531 - FGO - INFO - 	clip: 5
2023-09-02 20:57:17,531 - FGO - INFO - ===== SETUP LOGGING COMPLETE =============================================================
2023-09-02 20:57:17,531 - FGO - INFO - ===== Configuring Masks ==================================================================
2023-09-02 20:57:17,531 - FGO - INFO - Source Total: 717
2023-09-02 20:57:17,531 - FGO - INFO - Target Total: 87
2023-09-02 20:57:17,531 - FGO - INFO - Train Total: 717
2023-09-02 20:57:17,531 - FGO - INFO - Val Total:   87
2023-09-02 20:57:17,531 - FGO - INFO - Test Total:  87
2023-09-02 20:57:17,531 - FGO - INFO - ===== Preparing to load data =============================================================
2023-09-02 20:57:17,531 - FGO - INFO - SOURCE: abide_large
2023-09-02 20:57:17,531 - FGO - INFO - ===== Retrieving SOURCE Data =============================================================
2023-09-02 20:57:17,531 - FGO - INFO - *************** In load_graph_data ***************
2023-09-02 20:57:17,531 - FGO - INFO - 	FILEPATH: ./data/abide_large.mat
2023-09-02 20:57:17,532 - FGO - INFO - 	X shape: (804, 93)
2023-09-02 20:57:17,532 - FGO - INFO - 	A shape: (804, 804)
2023-09-02 20:57:17,532 - FGO - INFO - 	P shape: (804,)
2023-09-02 20:57:17,532 - FGO - INFO - 	Y shape: (804, 2)
2023-09-02 20:57:17,532 - FGO - INFO - 	Y sum: 804 (number of postive labels)
2023-09-02 20:57:17,533 - FGO - INFO - ===== Preparing data =====================================================================
2023-09-02 20:57:17,534 - FGO - INFO - ===== Disconnecting Source and Target ====================================================
2023-09-02 20:57:17,640 - FGO - INFO - ===== Finalize Data ======================================================================
2023-09-02 20:57:17,640 - FGO - INFO - A shape: (804, 804)
2023-09-02 20:57:17,640 - FGO - INFO - X shape: (804, 93)
2023-09-02 20:57:17,640 - FGO - INFO - Y shape: (804, 2)
2023-09-02 20:57:17,640 - FGO - INFO - N: 804
2023-09-02 20:57:17,640 - FGO - INFO - N_s: 717
2023-09-02 20:57:17,640 - FGO - INFO - N_t: 87
2023-09-02 20:57:17,644 - FGO - INFO - ===== Pretrain GCN Model =================================================================
2023-09-02 20:57:17,647 - FGO - INFO - Epoch   0 | Train Loss: 0.689 | Val Loss: 0.68 | Val F1: 0.35 |
2023-09-02 20:57:17,672 - FGO - INFO - Epoch  10 | Train Loss: 0.469 | Val Loss: 0.49 | Val F1: 0.86 |
2023-09-02 20:57:17,696 - FGO - INFO - Epoch  20 | Train Loss: 0.145 | Val Loss: 0.11 | Val F1: 0.98 |
2023-09-02 20:57:17,721 - FGO - INFO - Epoch  30 | Train Loss: 0.097 | Val Loss: 0.10 | Val F1: 0.97 |
2023-09-02 20:57:17,746 - FGO - INFO - Epoch  40 | Train Loss: 0.081 | Val Loss: 0.16 | Val F1: 0.95 |
2023-09-02 20:57:17,770 - FGO - INFO - Epoch  50 | Train Loss: 0.077 | Val Loss: 0.18 | Val F1: 0.95 |
2023-09-02 20:57:17,795 - FGO - INFO - Epoch  60 | Train Loss: 0.071 | Val Loss: 0.17 | Val F1: 0.95 |
2023-09-02 20:57:17,819 - FGO - INFO - Epoch  70 | Train Loss: 0.068 | Val Loss: 0.16 | Val F1: 0.95 |
2023-09-02 20:57:17,844 - FGO - INFO - Epoch  80 | Train Loss: 0.068 | Val Loss: 0.18 | Val F1: 0.95 |
2023-09-02 20:57:17,868 - FGO - INFO - Epoch  90 | Train Loss: 0.068 | Val Loss: 0.16 | Val F1: 0.95 |
2023-09-02 20:57:17,892 - FGO - INFO - Epoch 100 | Train Loss: 0.077 | Val Loss: 0.21 | Val F1: 0.95 |
2023-09-02 20:57:17,893 - FGO - INFO - Best Epoch:  20 | Train Loss: 0.145 | Val Loss: 0.11 | Val F1: 0.98 
2023-09-02 20:57:17,893 - FGO - INFO - Setting model to best state.
2023-09-02 20:57:17,894 - FGO - INFO - ===== Train Fair OT GCN Model ============================================================
2023-09-02 20:57:18,003 - FGO - INFO - Epoch   0 | Train Loss: -3.287 | Val Loss: -0.25 | Val F1: 0.95 |
2023-09-02 20:57:18,903 - FGO - INFO - Epoch  10 | Train Loss: -4.071 | Val Loss: -0.25 | Val F1: 0.88 |
2023-09-02 20:57:19,720 - FGO - INFO - Epoch  20 | Train Loss: -4.301 | Val Loss: -0.33 | Val F1: 0.93 |
2023-09-02 20:57:20,501 - FGO - INFO - Epoch  30 | Train Loss: -4.429 | Val Loss: -0.38 | Val F1: 0.95 |
2023-09-02 20:57:21,270 - FGO - INFO - Epoch  40 | Train Loss: -4.484 | Val Loss: -0.36 | Val F1: 0.95 |
2023-09-02 20:57:21,965 - FGO - INFO - Best Epoch:   7 | Train Loss: -4.020 | Val Loss: -0.32 | Val F1: 0.95 |
2023-09-02 20:57:21,966 - FGO - INFO - Setting model to best state.
2023-09-02 20:57:21,969 - FGO - INFO - ===== Test Fair OT GCN Model =============================================================
2023-09-02 20:57:21,994 - FGO - INFO - Train CM:
[[378   9]
 [ 13 317]]
2023-09-02 20:57:21,994 - FGO - INFO - Val CM:
[[46  1]
 [ 3 37]]
2023-09-02 20:57:21,995 - FGO - INFO - Test CM:
[[46  1]
 [ 3 37]]
2023-09-02 20:57:22,000 - FGO - INFO - test statistical parity: 0.36333333333333334
2023-09-02 20:57:22,001 - FGO - INFO - test equal opportunity: 0.09677419354838712
2023-09-02 20:57:22,002 - FGO - INFO - test micro f1: 0.9540229885057472
2023-09-02 20:57:22,002 - FGO - INFO - test macro f1: 0.9535256410256411
