2023-09-02 20:51:59,350 - FGO - INFO - ===== SETUP LOGGING ======================================================================
2023-09-02 20:51:59,350 - FGO - INFO - THIS_FILE: Wrapper.py
2023-09-02 20:51:59,350 - FGO - INFO - 	done: False
2023-09-02 20:51:59,350 - FGO - INFO - 	learning_rate: 0.005
2023-09-02 20:51:59,350 - FGO - INFO - 	h1: 64
2023-09-02 20:51:59,350 - FGO - INFO - 	h2: 32
2023-09-02 20:51:59,350 - FGO - INFO - 	weight_decay: 0.0005
2023-09-02 20:51:59,350 - FGO - INFO - 	dropout: 0.0
2023-09-02 20:51:59,350 - FGO - INFO - 	max_pretrain_epochs: 100
2023-09-02 20:51:59,350 - FGO - INFO - 	max_ot_epochs: 50
2023-09-02 20:51:59,350 - FGO - INFO - 	lambda: 0.03
2023-09-02 20:51:59,350 - FGO - INFO - 	theta: 30
2023-09-02 20:51:59,350 - FGO - INFO - 	clip: 5
2023-09-02 20:51:59,350 - FGO - INFO - ===== SETUP LOGGING COMPLETE =============================================================
2023-09-02 20:51:59,350 - FGO - INFO - ===== Configuring Masks ==================================================================
2023-09-02 20:51:59,350 - FGO - INFO - Source Total: 717
2023-09-02 20:51:59,350 - FGO - INFO - Target Total: 87
2023-09-02 20:51:59,350 - FGO - INFO - Train Total: 717
2023-09-02 20:51:59,350 - FGO - INFO - Val Total:   87
2023-09-02 20:51:59,350 - FGO - INFO - Test Total:  87
2023-09-02 20:51:59,350 - FGO - INFO - ===== Preparing to load data =============================================================
2023-09-02 20:51:59,350 - FGO - INFO - SOURCE: abide_large
2023-09-02 20:51:59,350 - FGO - INFO - ===== Retrieving SOURCE Data =============================================================
2023-09-02 20:51:59,350 - FGO - INFO - *************** In load_graph_data ***************
2023-09-02 20:51:59,350 - FGO - INFO - 	FILEPATH: ./data/abide_large.mat
2023-09-02 20:51:59,351 - FGO - INFO - 	X shape: (804, 93)
2023-09-02 20:51:59,351 - FGO - INFO - 	A shape: (804, 804)
2023-09-02 20:51:59,351 - FGO - INFO - 	P shape: (804,)
2023-09-02 20:51:59,351 - FGO - INFO - 	Y shape: (804, 2)
2023-09-02 20:51:59,351 - FGO - INFO - 	Y sum: 804 (number of postive labels)
2023-09-02 20:51:59,352 - FGO - INFO - ===== Preparing data =====================================================================
2023-09-02 20:51:59,353 - FGO - INFO - ===== Disconnecting Source and Target ====================================================
2023-09-02 20:51:59,459 - FGO - INFO - ===== Finalize Data ======================================================================
2023-09-02 20:51:59,459 - FGO - INFO - A shape: (804, 804)
2023-09-02 20:51:59,459 - FGO - INFO - X shape: (804, 93)
2023-09-02 20:51:59,459 - FGO - INFO - Y shape: (804, 2)
2023-09-02 20:51:59,459 - FGO - INFO - N: 804
2023-09-02 20:51:59,459 - FGO - INFO - N_s: 717
2023-09-02 20:51:59,459 - FGO - INFO - N_t: 87
2023-09-02 20:51:59,463 - FGO - INFO - ===== Pretrain GCN Model =================================================================
2023-09-02 20:51:59,466 - FGO - INFO - Epoch   0 | Train Loss: 0.689 | Val Loss: 0.68 | Val F1: 0.35 |
2023-09-02 20:51:59,491 - FGO - INFO - Epoch  10 | Train Loss: 0.583 | Val Loss: 0.59 | Val F1: 0.72 |
2023-09-02 20:51:59,515 - FGO - INFO - Epoch  20 | Train Loss: 0.265 | Val Loss: 0.28 | Val F1: 0.92 |
2023-09-02 20:51:59,540 - FGO - INFO - Epoch  30 | Train Loss: 0.135 | Val Loss: 0.12 | Val F1: 0.97 |
2023-09-02 20:51:59,564 - FGO - INFO - Epoch  40 | Train Loss: 0.098 | Val Loss: 0.11 | Val F1: 0.97 |
2023-09-02 20:51:59,589 - FGO - INFO - Epoch  50 | Train Loss: 0.086 | Val Loss: 0.12 | Val F1: 0.97 |
2023-09-02 20:51:59,613 - FGO - INFO - Epoch  60 | Train Loss: 0.076 | Val Loss: 0.15 | Val F1: 0.95 |
2023-09-02 20:51:59,638 - FGO - INFO - Epoch  70 | Train Loss: 0.071 | Val Loss: 0.16 | Val F1: 0.95 |
2023-09-02 20:51:59,662 - FGO - INFO - Epoch  80 | Train Loss: 0.068 | Val Loss: 0.17 | Val F1: 0.94 |
2023-09-02 20:51:59,687 - FGO - INFO - Epoch  90 | Train Loss: 0.070 | Val Loss: 0.15 | Val F1: 0.95 |
2023-09-02 20:51:59,711 - FGO - INFO - Epoch 100 | Train Loss: 0.066 | Val Loss: 0.16 | Val F1: 0.95 |
2023-09-02 20:51:59,711 - FGO - INFO - Best Epoch:  26 | Train Loss: 0.169 | Val Loss: 0.14 | Val F1: 0.98 
2023-09-02 20:51:59,711 - FGO - INFO - Setting model to best state.
2023-09-02 20:51:59,713 - FGO - INFO - ===== Train Fair OT GCN Model ============================================================
2023-09-02 20:51:59,781 - FGO - INFO - Epoch   0 | Train Loss: -7.373 | Val Loss: -0.75 | Val F1: 0.95 |
2023-09-02 20:52:00,644 - FGO - INFO - Epoch  10 | Train Loss: -7.986 | Val Loss: -0.81 | Val F1: 0.94 |
2023-09-02 20:52:01,405 - FGO - INFO - Epoch  20 | Train Loss: -8.136 | Val Loss: -0.82 | Val F1: 0.94 |
2023-09-02 20:52:02,187 - FGO - INFO - Epoch  30 | Train Loss: -8.242 | Val Loss: -0.87 | Val F1: 0.97 |
2023-09-02 20:52:02,965 - FGO - INFO - Epoch  40 | Train Loss: -8.305 | Val Loss: -0.88 | Val F1: 0.97 |
2023-09-02 20:52:03,654 - FGO - INFO - Best Epoch:  22 | Train Loss: -8.173 | Val Loss: -0.84 | Val F1: 0.97 |
2023-09-02 20:52:03,654 - FGO - INFO - Setting model to best state.
2023-09-02 20:52:03,658 - FGO - INFO - ===== Test Fair OT GCN Model =============================================================
2023-09-02 20:52:03,683 - FGO - INFO - Train CM:
[[378   9]
 [ 12 318]]
2023-09-02 20:52:03,684 - FGO - INFO - Val CM:
[[46  1]
 [ 2 38]]
2023-09-02 20:52:03,684 - FGO - INFO - Test CM:
[[46  1]
 [ 2 38]]
2023-09-02 20:52:03,689 - FGO - INFO - test statistical parity: 0.35
2023-09-02 20:52:03,690 - FGO - INFO - test equal opportunity: 0.06451612903225812
2023-09-02 20:52:03,691 - FGO - INFO - test micro f1: 0.9655172413793104
2023-09-02 20:52:03,692 - FGO - INFO - test macro f1: 0.9652231845436376
