2023-09-02 20:44:14,928 - FGO - INFO - ===== SETUP LOGGING ======================================================================
2023-09-02 20:44:14,928 - FGO - INFO - THIS_FILE: Wrapper.py
2023-09-02 20:44:14,928 - FGO - INFO - 	done: False
2023-09-02 20:44:14,928 - FGO - INFO - 	learning_rate: 0.001
2023-09-02 20:44:14,928 - FGO - INFO - 	h1: 64
2023-09-02 20:44:14,928 - FGO - INFO - 	h2: 32
2023-09-02 20:44:14,928 - FGO - INFO - 	weight_decay: 0.0005
2023-09-02 20:44:14,928 - FGO - INFO - 	dropout: 0.0
2023-09-02 20:44:14,928 - FGO - INFO - 	max_pretrain_epochs: 100
2023-09-02 20:44:14,928 - FGO - INFO - 	max_ot_epochs: 50
2023-09-02 20:44:14,928 - FGO - INFO - 	lambda: 0.03
2023-09-02 20:44:14,928 - FGO - INFO - 	theta: 10
2023-09-02 20:44:14,928 - FGO - INFO - 	clip: 5
2023-09-02 20:44:14,929 - FGO - INFO - ===== SETUP LOGGING COMPLETE =============================================================
2023-09-02 20:44:14,929 - FGO - INFO - ===== Configuring Masks ==================================================================
2023-09-02 20:44:14,929 - FGO - INFO - Source Total: 729
2023-09-02 20:44:14,929 - FGO - INFO - Target Total: 75
2023-09-02 20:44:14,929 - FGO - INFO - Train Total: 729
2023-09-02 20:44:14,929 - FGO - INFO - Val Total:   75
2023-09-02 20:44:14,929 - FGO - INFO - Test Total:  75
2023-09-02 20:44:14,929 - FGO - INFO - ===== Preparing to load data =============================================================
2023-09-02 20:44:14,929 - FGO - INFO - SOURCE: abide_large
2023-09-02 20:44:14,929 - FGO - INFO - ===== Retrieving SOURCE Data =============================================================
2023-09-02 20:44:14,929 - FGO - INFO - *************** In load_graph_data ***************
2023-09-02 20:44:14,929 - FGO - INFO - 	FILEPATH: ./data/abide_large.mat
2023-09-02 20:44:14,929 - FGO - INFO - 	X shape: (804, 93)
2023-09-02 20:44:14,929 - FGO - INFO - 	A shape: (804, 804)
2023-09-02 20:44:14,929 - FGO - INFO - 	P shape: (804,)
2023-09-02 20:44:14,929 - FGO - INFO - 	Y shape: (804, 2)
2023-09-02 20:44:14,929 - FGO - INFO - 	Y sum: 804 (number of postive labels)
2023-09-02 20:44:14,930 - FGO - INFO - ===== Preparing data =====================================================================
2023-09-02 20:44:14,932 - FGO - INFO - ===== Disconnecting Source and Target ====================================================
2023-09-02 20:44:15,026 - FGO - INFO - ===== Finalize Data ======================================================================
2023-09-02 20:44:15,026 - FGO - INFO - A shape: (804, 804)
2023-09-02 20:44:15,026 - FGO - INFO - X shape: (804, 93)
2023-09-02 20:44:15,026 - FGO - INFO - Y shape: (804, 2)
2023-09-02 20:44:15,026 - FGO - INFO - N: 804
2023-09-02 20:44:15,026 - FGO - INFO - N_s: 729
2023-09-02 20:44:15,026 - FGO - INFO - N_t: 75
2023-09-02 20:44:15,029 - FGO - INFO - ===== Pretrain GCN Model =================================================================
2023-09-02 20:44:15,033 - FGO - INFO - Epoch   0 | Train Loss: 0.689 | Val Loss: 0.68 | Val F1: 0.37 |
2023-09-02 20:44:15,057 - FGO - INFO - Epoch  10 | Train Loss: 0.674 | Val Loss: 0.67 | Val F1: 0.39 |
2023-09-02 20:44:15,082 - FGO - INFO - Epoch  20 | Train Loss: 0.650 | Val Loss: 0.64 | Val F1: 0.64 |
2023-09-02 20:44:15,106 - FGO - INFO - Epoch  30 | Train Loss: 0.596 | Val Loss: 0.57 | Val F1: 0.86 |
2023-09-02 20:44:15,131 - FGO - INFO - Epoch  40 | Train Loss: 0.510 | Val Loss: 0.47 | Val F1: 0.92 |
2023-09-02 20:44:15,155 - FGO - INFO - Epoch  50 | Train Loss: 0.406 | Val Loss: 0.34 | Val F1: 0.93 |
2023-09-02 20:44:15,180 - FGO - INFO - Epoch  60 | Train Loss: 0.305 | Val Loss: 0.23 | Val F1: 0.97 |
2023-09-02 20:44:15,205 - FGO - INFO - Epoch  70 | Train Loss: 0.231 | Val Loss: 0.16 | Val F1: 0.99 |
2023-09-02 20:44:15,229 - FGO - INFO - Epoch  80 | Train Loss: 0.186 | Val Loss: 0.12 | Val F1: 0.99 |
2023-09-02 20:44:15,254 - FGO - INFO - Epoch  90 | Train Loss: 0.156 | Val Loss: 0.10 | Val F1: 0.99 |
2023-09-02 20:44:15,278 - FGO - INFO - Epoch 100 | Train Loss: 0.135 | Val Loss: 0.09 | Val F1: 0.97 |
2023-09-02 20:44:15,278 - FGO - INFO - Best Epoch:  88 | Train Loss: 0.161 | Val Loss: 0.10 | Val F1: 0.99 
2023-09-02 20:44:15,278 - FGO - INFO - Setting model to best state.
2023-09-02 20:44:15,280 - FGO - INFO - ===== Train Fair OT GCN Model ============================================================
2023-09-02 20:44:15,374 - FGO - INFO - Epoch   0 | Train Loss: -2.235 | Val Loss: -0.18 | Val F1: 0.99 |
2023-09-02 20:44:16,235 - FGO - INFO - Epoch  10 | Train Loss: -2.421 | Val Loss: -0.21 | Val F1: 0.99 |
2023-09-02 20:44:17,095 - FGO - INFO - Epoch  20 | Train Loss: -2.466 | Val Loss: -0.20 | Val F1: 0.99 |
2023-09-02 20:44:17,925 - FGO - INFO - Epoch  30 | Train Loss: -2.500 | Val Loss: -0.22 | Val F1: 0.99 |
2023-09-02 20:44:18,699 - FGO - INFO - Epoch  40 | Train Loss: -2.526 | Val Loss: -0.23 | Val F1: 0.99 |
2023-09-02 20:44:19,370 - FGO - INFO - Best Epoch:   7 | Train Loss: -2.424 | Val Loss: -0.19 | Val F1: 0.99 |
2023-09-02 20:44:19,370 - FGO - INFO - Setting model to best state.
2023-09-02 20:44:19,374 - FGO - INFO - ===== Test Fair OT GCN Model =============================================================
2023-09-02 20:44:19,398 - FGO - INFO - Train CM:
[[389   7]
 [ 25 308]]
2023-09-02 20:44:19,399 - FGO - INFO - Val CM:
[[38  0]
 [ 1 36]]
2023-09-02 20:44:19,399 - FGO - INFO - Test CM:
[[38  0]
 [ 1 36]]
2023-09-02 20:44:19,404 - FGO - INFO - test statistical parity: 0.024590163934426257
2023-09-02 20:44:19,405 - FGO - INFO - test equal opportunity: 0.033333333333333326
2023-09-02 20:44:19,406 - FGO - INFO - test micro f1: 0.9866666666666668
2023-09-02 20:44:19,407 - FGO - INFO - test macro f1: 0.9866571784380003
