2023-09-02 20:52:12,597 - FGO - INFO - ===== SETUP LOGGING ======================================================================
2023-09-02 20:52:12,597 - FGO - INFO - THIS_FILE: Wrapper.py
2023-09-02 20:52:12,597 - FGO - INFO - 	done: False
2023-09-02 20:52:12,597 - FGO - INFO - 	learning_rate: 0.005
2023-09-02 20:52:12,597 - FGO - INFO - 	h1: 64
2023-09-02 20:52:12,597 - FGO - INFO - 	h2: 32
2023-09-02 20:52:12,597 - FGO - INFO - 	weight_decay: 0.0005
2023-09-02 20:52:12,597 - FGO - INFO - 	dropout: 0.0
2023-09-02 20:52:12,598 - FGO - INFO - 	max_pretrain_epochs: 100
2023-09-02 20:52:12,598 - FGO - INFO - 	max_ot_epochs: 50
2023-09-02 20:52:12,598 - FGO - INFO - 	lambda: 0.03
2023-09-02 20:52:12,598 - FGO - INFO - 	theta: 50
2023-09-02 20:52:12,598 - FGO - INFO - 	clip: 5
2023-09-02 20:52:12,598 - FGO - INFO - ===== SETUP LOGGING COMPLETE =============================================================
2023-09-02 20:52:12,598 - FGO - INFO - ===== Configuring Masks ==================================================================
2023-09-02 20:52:12,598 - FGO - INFO - Source Total: 708
2023-09-02 20:52:12,598 - FGO - INFO - Target Total: 96
2023-09-02 20:52:12,598 - FGO - INFO - Train Total: 708
2023-09-02 20:52:12,598 - FGO - INFO - Val Total:   96
2023-09-02 20:52:12,598 - FGO - INFO - Test Total:  96
2023-09-02 20:52:12,598 - FGO - INFO - ===== Preparing to load data =============================================================
2023-09-02 20:52:12,598 - FGO - INFO - SOURCE: abide_large
2023-09-02 20:52:12,598 - FGO - INFO - ===== Retrieving SOURCE Data =============================================================
2023-09-02 20:52:12,598 - FGO - INFO - *************** In load_graph_data ***************
2023-09-02 20:52:12,598 - FGO - INFO - 	FILEPATH: ./data/abide_large.mat
2023-09-02 20:52:12,598 - FGO - INFO - 	X shape: (804, 93)
2023-09-02 20:52:12,598 - FGO - INFO - 	A shape: (804, 804)
2023-09-02 20:52:12,598 - FGO - INFO - 	P shape: (804,)
2023-09-02 20:52:12,598 - FGO - INFO - 	Y shape: (804, 2)
2023-09-02 20:52:12,598 - FGO - INFO - 	Y sum: 804 (number of postive labels)
2023-09-02 20:52:12,599 - FGO - INFO - ===== Preparing data =====================================================================
2023-09-02 20:52:12,601 - FGO - INFO - ===== Disconnecting Source and Target ====================================================
2023-09-02 20:52:12,716 - FGO - INFO - ===== Finalize Data ======================================================================
2023-09-02 20:52:12,716 - FGO - INFO - A shape: (804, 804)
2023-09-02 20:52:12,716 - FGO - INFO - X shape: (804, 93)
2023-09-02 20:52:12,716 - FGO - INFO - Y shape: (804, 2)
2023-09-02 20:52:12,716 - FGO - INFO - N: 804
2023-09-02 20:52:12,716 - FGO - INFO - N_s: 708
2023-09-02 20:52:12,716 - FGO - INFO - N_t: 96
2023-09-02 20:52:12,720 - FGO - INFO - ===== Pretrain GCN Model =================================================================
2023-09-02 20:52:12,723 - FGO - INFO - Epoch   0 | Train Loss: 0.688 | Val Loss: 0.69 | Val F1: 0.35 |
2023-09-02 20:52:12,748 - FGO - INFO - Epoch  10 | Train Loss: 0.572 | Val Loss: 0.59 | Val F1: 0.62 |
2023-09-02 20:52:12,772 - FGO - INFO - Epoch  20 | Train Loss: 0.245 | Val Loss: 0.25 | Val F1: 0.93 |
2023-09-02 20:52:12,796 - FGO - INFO - Epoch  30 | Train Loss: 0.127 | Val Loss: 0.16 | Val F1: 0.95 |
2023-09-02 20:52:12,821 - FGO - INFO - Epoch  40 | Train Loss: 0.092 | Val Loss: 0.12 | Val F1: 0.95 |
2023-09-02 20:52:12,845 - FGO - INFO - Epoch  50 | Train Loss: 0.083 | Val Loss: 0.18 | Val F1: 0.96 |
2023-09-02 20:52:12,869 - FGO - INFO - Epoch  60 | Train Loss: 0.072 | Val Loss: 0.17 | Val F1: 0.96 |
2023-09-02 20:52:12,893 - FGO - INFO - Epoch  70 | Train Loss: 0.067 | Val Loss: 0.17 | Val F1: 0.96 |
2023-09-02 20:52:12,918 - FGO - INFO - Epoch  80 | Train Loss: 0.068 | Val Loss: 0.12 | Val F1: 0.97 |
2023-09-02 20:52:12,942 - FGO - INFO - Epoch  90 | Train Loss: 0.060 | Val Loss: 0.13 | Val F1: 0.97 |
2023-09-02 20:52:12,966 - FGO - INFO - Epoch 100 | Train Loss: 0.058 | Val Loss: 0.16 | Val F1: 0.95 |
2023-09-02 20:52:12,966 - FGO - INFO - Best Epoch:  39 | Train Loss: 0.095 | Val Loss: 0.10 | Val F1: 0.98 
2023-09-02 20:52:12,966 - FGO - INFO - Setting model to best state.
2023-09-02 20:52:12,967 - FGO - INFO - ===== Train Fair OT GCN Model ============================================================
2023-09-02 20:52:13,077 - FGO - INFO - Epoch   0 | Train Loss: -12.246 | Val Loss: -1.60 | Val F1: 0.97 |
2023-09-02 20:52:13,916 - FGO - INFO - Epoch  10 | Train Loss: -13.214 | Val Loss: -1.71 | Val F1: 0.95 |
2023-09-02 20:52:14,660 - FGO - INFO - Epoch  20 | Train Loss: -13.660 | Val Loss: -1.48 | Val F1: 0.81 |
2023-09-02 20:52:15,383 - FGO - INFO - Epoch  30 | Train Loss: -13.945 | Val Loss: -1.36 | Val F1: 0.35 |
2023-09-02 20:52:16,133 - FGO - INFO - Epoch  40 | Train Loss: -13.949 | Val Loss: -1.36 | Val F1: 0.35 |
2023-09-02 20:52:16,827 - FGO - INFO - Best Epoch:   9 | Train Loss: -13.178 | Val Loss: -1.70 | Val F1: 0.95 |
2023-09-02 20:52:16,827 - FGO - INFO - Setting model to best state.
2023-09-02 20:52:16,831 - FGO - INFO - ===== Test Fair OT GCN Model =============================================================
2023-09-02 20:52:16,854 - FGO - INFO - Train CM:
[[382   0]
 [326   0]]
2023-09-02 20:52:16,854 - FGO - INFO - Val CM:
[[52  0]
 [44  0]]
2023-09-02 20:52:16,854 - FGO - INFO - Test CM:
[[52  0]
 [44  0]]
2023-09-02 20:52:16,860 - FGO - INFO - test statistical parity: 0.0
2023-09-02 20:52:16,861 - FGO - INFO - test equal opportunity: 0.0
2023-09-02 20:52:16,862 - FGO - INFO - test micro f1: 0.5416666666666666
2023-09-02 20:52:16,863 - FGO - INFO - test macro f1: 0.35135135135135137
