2023-09-02 20:49:11,412 - FGO - INFO - ===== SETUP LOGGING ======================================================================
2023-09-02 20:49:11,412 - FGO - INFO - THIS_FILE: Wrapper.py
2023-09-02 20:49:11,412 - FGO - INFO - 	done: False
2023-09-02 20:49:11,412 - FGO - INFO - 	learning_rate: 0.005
2023-09-02 20:49:11,412 - FGO - INFO - 	h1: 64
2023-09-02 20:49:11,412 - FGO - INFO - 	h2: 32
2023-09-02 20:49:11,412 - FGO - INFO - 	weight_decay: 0.0005
2023-09-02 20:49:11,412 - FGO - INFO - 	dropout: 0.0
2023-09-02 20:49:11,412 - FGO - INFO - 	max_pretrain_epochs: 100
2023-09-02 20:49:11,412 - FGO - INFO - 	max_ot_epochs: 50
2023-09-02 20:49:11,412 - FGO - INFO - 	lambda: 0.01
2023-09-02 20:49:11,412 - FGO - INFO - 	theta: 30
2023-09-02 20:49:11,412 - FGO - INFO - 	clip: 5
2023-09-02 20:49:11,412 - FGO - INFO - ===== SETUP LOGGING COMPLETE =============================================================
2023-09-02 20:49:11,412 - FGO - INFO - ===== Configuring Masks ==================================================================
2023-09-02 20:49:11,412 - FGO - INFO - Source Total: 708
2023-09-02 20:49:11,412 - FGO - INFO - Target Total: 96
2023-09-02 20:49:11,412 - FGO - INFO - Train Total: 708
2023-09-02 20:49:11,412 - FGO - INFO - Val Total:   96
2023-09-02 20:49:11,412 - FGO - INFO - Test Total:  96
2023-09-02 20:49:11,412 - FGO - INFO - ===== Preparing to load data =============================================================
2023-09-02 20:49:11,412 - FGO - INFO - SOURCE: abide_large
2023-09-02 20:49:11,412 - FGO - INFO - ===== Retrieving SOURCE Data =============================================================
2023-09-02 20:49:11,412 - FGO - INFO - *************** In load_graph_data ***************
2023-09-02 20:49:11,412 - FGO - INFO - 	FILEPATH: ./data/abide_large.mat
2023-09-02 20:49:11,413 - FGO - INFO - 	X shape: (804, 93)
2023-09-02 20:49:11,413 - FGO - INFO - 	A shape: (804, 804)
2023-09-02 20:49:11,413 - FGO - INFO - 	P shape: (804,)
2023-09-02 20:49:11,413 - FGO - INFO - 	Y shape: (804, 2)
2023-09-02 20:49:11,413 - FGO - INFO - 	Y sum: 804 (number of postive labels)
2023-09-02 20:49:11,414 - FGO - INFO - ===== Preparing data =====================================================================
2023-09-02 20:49:11,415 - FGO - INFO - ===== Disconnecting Source and Target ====================================================
2023-09-02 20:49:11,530 - FGO - INFO - ===== Finalize Data ======================================================================
2023-09-02 20:49:11,530 - FGO - INFO - A shape: (804, 804)
2023-09-02 20:49:11,530 - FGO - INFO - X shape: (804, 93)
2023-09-02 20:49:11,530 - FGO - INFO - Y shape: (804, 2)
2023-09-02 20:49:11,530 - FGO - INFO - N: 804
2023-09-02 20:49:11,530 - FGO - INFO - N_s: 708
2023-09-02 20:49:11,530 - FGO - INFO - N_t: 96
2023-09-02 20:49:11,533 - FGO - INFO - ===== Pretrain GCN Model =================================================================
2023-09-02 20:49:11,536 - FGO - INFO - Epoch   0 | Train Loss: 0.688 | Val Loss: 0.69 | Val F1: 0.35 |
2023-09-02 20:49:11,561 - FGO - INFO - Epoch  10 | Train Loss: 0.572 | Val Loss: 0.59 | Val F1: 0.62 |
2023-09-02 20:49:11,585 - FGO - INFO - Epoch  20 | Train Loss: 0.245 | Val Loss: 0.25 | Val F1: 0.93 |
2023-09-02 20:49:11,610 - FGO - INFO - Epoch  30 | Train Loss: 0.127 | Val Loss: 0.16 | Val F1: 0.95 |
2023-09-02 20:49:11,634 - FGO - INFO - Epoch  40 | Train Loss: 0.092 | Val Loss: 0.12 | Val F1: 0.95 |
2023-09-02 20:49:11,658 - FGO - INFO - Epoch  50 | Train Loss: 0.083 | Val Loss: 0.18 | Val F1: 0.96 |
2023-09-02 20:49:11,682 - FGO - INFO - Epoch  60 | Train Loss: 0.072 | Val Loss: 0.17 | Val F1: 0.96 |
2023-09-02 20:49:11,706 - FGO - INFO - Epoch  70 | Train Loss: 0.067 | Val Loss: 0.17 | Val F1: 0.96 |
2023-09-02 20:49:11,730 - FGO - INFO - Epoch  80 | Train Loss: 0.068 | Val Loss: 0.12 | Val F1: 0.97 |
2023-09-02 20:49:11,754 - FGO - INFO - Epoch  90 | Train Loss: 0.060 | Val Loss: 0.13 | Val F1: 0.97 |
2023-09-02 20:49:11,779 - FGO - INFO - Epoch 100 | Train Loss: 0.058 | Val Loss: 0.16 | Val F1: 0.95 |
2023-09-02 20:49:11,779 - FGO - INFO - Best Epoch:  39 | Train Loss: 0.095 | Val Loss: 0.10 | Val F1: 0.98 
2023-09-02 20:49:11,779 - FGO - INFO - Setting model to best state.
2023-09-02 20:49:11,780 - FGO - INFO - ===== Train Fair OT GCN Model ============================================================
2023-09-02 20:49:11,893 - FGO - INFO - Epoch   0 | Train Loss: -1.878 | Val Loss: -0.15 | Val F1: 0.97 |
2023-09-02 20:49:12,823 - FGO - INFO - Epoch  10 | Train Loss: -2.145 | Val Loss: -0.19 | Val F1: 0.95 |
2023-09-02 20:49:13,713 - FGO - INFO - Epoch  20 | Train Loss: -2.380 | Val Loss: -0.21 | Val F1: 0.96 |
2023-09-02 20:49:14,500 - FGO - INFO - Epoch  30 | Train Loss: -2.469 | Val Loss: -0.22 | Val F1: 0.96 |
2023-09-02 20:49:15,326 - FGO - INFO - Epoch  40 | Train Loss: -2.528 | Val Loss: -0.27 | Val F1: 0.98 |
2023-09-02 20:49:16,040 - FGO - INFO - Best Epoch:  38 | Train Loss: -2.519 | Val Loss: -0.25 | Val F1: 0.98 |
2023-09-02 20:49:16,040 - FGO - INFO - Setting model to best state.
2023-09-02 20:49:16,043 - FGO - INFO - ===== Test Fair OT GCN Model =============================================================
2023-09-02 20:49:16,069 - FGO - INFO - Train CM:
[[373   9]
 [ 10 316]]
2023-09-02 20:49:16,070 - FGO - INFO - Val CM:
[[52  0]
 [ 2 42]]
2023-09-02 20:49:16,070 - FGO - INFO - Test CM:
[[52  0]
 [ 2 42]]
2023-09-02 20:49:16,075 - FGO - INFO - test statistical parity: 0.32727272727272727
2023-09-02 20:49:16,076 - FGO - INFO - test equal opportunity: 0.05555555555555558
2023-09-02 20:49:16,077 - FGO - INFO - test micro f1: 0.9791666666666666
2023-09-02 20:49:16,078 - FGO - INFO - test macro f1: 0.978938130759105
