2023-09-02 20:47:21,460 - FGO - INFO - ===== SETUP LOGGING ======================================================================
2023-09-02 20:47:21,460 - FGO - INFO - THIS_FILE: Wrapper.py
2023-09-02 20:47:21,461 - FGO - INFO - 	done: False
2023-09-02 20:47:21,461 - FGO - INFO - 	learning_rate: 0.001
2023-09-02 20:47:21,461 - FGO - INFO - 	h1: 64
2023-09-02 20:47:21,461 - FGO - INFO - 	h2: 32
2023-09-02 20:47:21,461 - FGO - INFO - 	weight_decay: 0.0005
2023-09-02 20:47:21,461 - FGO - INFO - 	dropout: 0.0
2023-09-02 20:47:21,461 - FGO - INFO - 	max_pretrain_epochs: 100
2023-09-02 20:47:21,461 - FGO - INFO - 	max_ot_epochs: 50
2023-09-02 20:47:21,461 - FGO - INFO - 	lambda: 0.05
2023-09-02 20:47:21,461 - FGO - INFO - 	theta: 30
2023-09-02 20:47:21,461 - FGO - INFO - 	clip: 5
2023-09-02 20:47:21,461 - FGO - INFO - ===== SETUP LOGGING COMPLETE =============================================================
2023-09-02 20:47:21,461 - FGO - INFO - ===== Configuring Masks ==================================================================
2023-09-02 20:47:21,461 - FGO - INFO - Source Total: 717
2023-09-02 20:47:21,461 - FGO - INFO - Target Total: 87
2023-09-02 20:47:21,461 - FGO - INFO - Train Total: 717
2023-09-02 20:47:21,461 - FGO - INFO - Val Total:   87
2023-09-02 20:47:21,461 - FGO - INFO - Test Total:  87
2023-09-02 20:47:21,461 - FGO - INFO - ===== Preparing to load data =============================================================
2023-09-02 20:47:21,461 - FGO - INFO - SOURCE: abide_large
2023-09-02 20:47:21,461 - FGO - INFO - ===== Retrieving SOURCE Data =============================================================
2023-09-02 20:47:21,461 - FGO - INFO - *************** In load_graph_data ***************
2023-09-02 20:47:21,461 - FGO - INFO - 	FILEPATH: ./data/abide_large.mat
2023-09-02 20:47:21,461 - FGO - INFO - 	X shape: (804, 93)
2023-09-02 20:47:21,461 - FGO - INFO - 	A shape: (804, 804)
2023-09-02 20:47:21,461 - FGO - INFO - 	P shape: (804,)
2023-09-02 20:47:21,461 - FGO - INFO - 	Y shape: (804, 2)
2023-09-02 20:47:21,461 - FGO - INFO - 	Y sum: 804 (number of postive labels)
2023-09-02 20:47:21,462 - FGO - INFO - ===== Preparing data =====================================================================
2023-09-02 20:47:21,464 - FGO - INFO - ===== Disconnecting Source and Target ====================================================
2023-09-02 20:47:21,571 - FGO - INFO - ===== Finalize Data ======================================================================
2023-09-02 20:47:21,571 - FGO - INFO - A shape: (804, 804)
2023-09-02 20:47:21,571 - FGO - INFO - X shape: (804, 93)
2023-09-02 20:47:21,571 - FGO - INFO - Y shape: (804, 2)
2023-09-02 20:47:21,571 - FGO - INFO - N: 804
2023-09-02 20:47:21,571 - FGO - INFO - N_s: 717
2023-09-02 20:47:21,571 - FGO - INFO - N_t: 87
2023-09-02 20:47:21,575 - FGO - INFO - ===== Pretrain GCN Model =================================================================
2023-09-02 20:47:21,578 - FGO - INFO - Epoch   0 | Train Loss: 0.690 | Val Loss: 0.68 | Val F1: 0.36 |
2023-09-02 20:47:21,602 - FGO - INFO - Epoch  10 | Train Loss: 0.675 | Val Loss: 0.67 | Val F1: 0.47 |
2023-09-02 20:47:21,627 - FGO - INFO - Epoch  20 | Train Loss: 0.650 | Val Loss: 0.64 | Val F1: 0.63 |
2023-09-02 20:47:21,651 - FGO - INFO - Epoch  30 | Train Loss: 0.595 | Val Loss: 0.59 | Val F1: 0.78 |
2023-09-02 20:47:21,676 - FGO - INFO - Epoch  40 | Train Loss: 0.509 | Val Loss: 0.50 | Val F1: 0.84 |
2023-09-02 20:47:21,700 - FGO - INFO - Epoch  50 | Train Loss: 0.402 | Val Loss: 0.40 | Val F1: 0.86 |
2023-09-02 20:47:21,725 - FGO - INFO - Epoch  60 | Train Loss: 0.301 | Val Loss: 0.31 | Val F1: 0.92 |
2023-09-02 20:47:21,749 - FGO - INFO - Epoch  70 | Train Loss: 0.228 | Val Loss: 0.23 | Val F1: 0.92 |
2023-09-02 20:47:21,773 - FGO - INFO - Epoch  80 | Train Loss: 0.184 | Val Loss: 0.19 | Val F1: 0.93 |
2023-09-02 20:47:21,798 - FGO - INFO - Epoch  90 | Train Loss: 0.154 | Val Loss: 0.16 | Val F1: 0.94 |
2023-09-02 20:47:21,822 - FGO - INFO - Epoch 100 | Train Loss: 0.134 | Val Loss: 0.14 | Val F1: 0.95 |
2023-09-02 20:47:21,822 - FGO - INFO - Best Epoch:  99 | Train Loss: 0.135 | Val Loss: 0.14 | Val F1: 0.95 
2023-09-02 20:47:21,822 - FGO - INFO - Setting model to best state.
2023-09-02 20:47:21,824 - FGO - INFO - ===== Train Fair OT GCN Model ============================================================
2023-09-02 20:47:21,917 - FGO - INFO - Epoch   0 | Train Loss: -13.241 | Val Loss: -1.58 | Val F1: 0.95 |
2023-09-02 20:47:22,796 - FGO - INFO - Epoch  10 | Train Loss: -13.465 | Val Loss: -1.60 | Val F1: 0.94 |
2023-09-02 20:47:23,658 - FGO - INFO - Epoch  20 | Train Loss: -13.624 | Val Loss: -1.63 | Val F1: 0.94 |
2023-09-02 20:47:24,437 - FGO - INFO - Epoch  30 | Train Loss: -13.720 | Val Loss: -1.63 | Val F1: 0.93 |
2023-09-02 20:47:25,241 - FGO - INFO - Epoch  40 | Train Loss: -13.763 | Val Loss: -1.64 | Val F1: 0.93 |
2023-09-02 20:47:25,902 - FGO - INFO - Best Epoch:   6 | Train Loss: -13.384 | Val Loss: -1.59 | Val F1: 0.94 |
2023-09-02 20:47:25,902 - FGO - INFO - Setting model to best state.
2023-09-02 20:47:25,905 - FGO - INFO - ===== Test Fair OT GCN Model =============================================================
2023-09-02 20:47:25,929 - FGO - INFO - Train CM:
[[384   1]
 [ 68 264]]
2023-09-02 20:47:25,929 - FGO - INFO - Val CM:
[[49  0]
 [ 5 33]]
2023-09-02 20:47:25,930 - FGO - INFO - Test CM:
[[49  0]
 [ 5 33]]
2023-09-02 20:47:25,935 - FGO - INFO - test statistical parity: 0.13291139240506328
2023-09-02 20:47:25,936 - FGO - INFO - test equal opportunity: 0.1470588235294118
2023-09-02 20:47:25,937 - FGO - INFO - test micro f1: 0.9425287356321839
2023-09-02 20:47:25,938 - FGO - INFO - test macro f1: 0.9405168877341721
