2023-09-02 20:45:45,646 - FGO - INFO - ===== SETUP LOGGING ======================================================================
2023-09-02 20:45:45,646 - FGO - INFO - THIS_FILE: Wrapper.py
2023-09-02 20:45:45,646 - FGO - INFO - 	done: False
2023-09-02 20:45:45,646 - FGO - INFO - 	learning_rate: 0.001
2023-09-02 20:45:45,646 - FGO - INFO - 	h1: 64
2023-09-02 20:45:45,646 - FGO - INFO - 	h2: 32
2023-09-02 20:45:45,646 - FGO - INFO - 	weight_decay: 0.0005
2023-09-02 20:45:45,646 - FGO - INFO - 	dropout: 0.0
2023-09-02 20:45:45,646 - FGO - INFO - 	max_pretrain_epochs: 100
2023-09-02 20:45:45,646 - FGO - INFO - 	max_ot_epochs: 50
2023-09-02 20:45:45,646 - FGO - INFO - 	lambda: 0.03
2023-09-02 20:45:45,646 - FGO - INFO - 	theta: 50
2023-09-02 20:45:45,646 - FGO - INFO - 	clip: 5
2023-09-02 20:45:45,646 - FGO - INFO - ===== SETUP LOGGING COMPLETE =============================================================
2023-09-02 20:45:45,646 - FGO - INFO - ===== Configuring Masks ==================================================================
2023-09-02 20:45:45,646 - FGO - INFO - Source Total: 732
2023-09-02 20:45:45,646 - FGO - INFO - Target Total: 72
2023-09-02 20:45:45,646 - FGO - INFO - Train Total: 732
2023-09-02 20:45:45,646 - FGO - INFO - Val Total:   72
2023-09-02 20:45:45,646 - FGO - INFO - Test Total:  72
2023-09-02 20:45:45,646 - FGO - INFO - ===== Preparing to load data =============================================================
2023-09-02 20:45:45,646 - FGO - INFO - SOURCE: abide_large
2023-09-02 20:45:45,646 - FGO - INFO - ===== Retrieving SOURCE Data =============================================================
2023-09-02 20:45:45,646 - FGO - INFO - *************** In load_graph_data ***************
2023-09-02 20:45:45,646 - FGO - INFO - 	FILEPATH: ./data/abide_large.mat
2023-09-02 20:45:45,647 - FGO - INFO - 	X shape: (804, 93)
2023-09-02 20:45:45,647 - FGO - INFO - 	A shape: (804, 804)
2023-09-02 20:45:45,647 - FGO - INFO - 	P shape: (804,)
2023-09-02 20:45:45,647 - FGO - INFO - 	Y shape: (804, 2)
2023-09-02 20:45:45,647 - FGO - INFO - 	Y sum: 804 (number of postive labels)
2023-09-02 20:45:45,648 - FGO - INFO - ===== Preparing data =====================================================================
2023-09-02 20:45:45,649 - FGO - INFO - ===== Disconnecting Source and Target ====================================================
2023-09-02 20:45:45,740 - FGO - INFO - ===== Finalize Data ======================================================================
2023-09-02 20:45:45,740 - FGO - INFO - A shape: (804, 804)
2023-09-02 20:45:45,740 - FGO - INFO - X shape: (804, 93)
2023-09-02 20:45:45,740 - FGO - INFO - Y shape: (804, 2)
2023-09-02 20:45:45,740 - FGO - INFO - N: 804
2023-09-02 20:45:45,740 - FGO - INFO - N_s: 732
2023-09-02 20:45:45,740 - FGO - INFO - N_t: 72
2023-09-02 20:45:45,743 - FGO - INFO - ===== Pretrain GCN Model =================================================================
2023-09-02 20:45:45,747 - FGO - INFO - Epoch   0 | Train Loss: 0.688 | Val Loss: 0.70 | Val F1: 0.33 |
2023-09-02 20:45:45,772 - FGO - INFO - Epoch  10 | Train Loss: 0.674 | Val Loss: 0.68 | Val F1: 0.45 |
2023-09-02 20:45:45,796 - FGO - INFO - Epoch  20 | Train Loss: 0.649 | Val Loss: 0.66 | Val F1: 0.63 |
2023-09-02 20:45:45,821 - FGO - INFO - Epoch  30 | Train Loss: 0.596 | Val Loss: 0.60 | Val F1: 0.75 |
2023-09-02 20:45:45,846 - FGO - INFO - Epoch  40 | Train Loss: 0.508 | Val Loss: 0.50 | Val F1: 0.87 |
2023-09-02 20:45:45,870 - FGO - INFO - Epoch  50 | Train Loss: 0.399 | Val Loss: 0.39 | Val F1: 0.89 |
2023-09-02 20:45:45,895 - FGO - INFO - Epoch  60 | Train Loss: 0.297 | Val Loss: 0.27 | Val F1: 0.90 |
2023-09-02 20:45:45,920 - FGO - INFO - Epoch  70 | Train Loss: 0.224 | Val Loss: 0.20 | Val F1: 0.94 |
2023-09-02 20:45:45,944 - FGO - INFO - Epoch  80 | Train Loss: 0.179 | Val Loss: 0.16 | Val F1: 0.96 |
2023-09-02 20:45:45,969 - FGO - INFO - Epoch  90 | Train Loss: 0.150 | Val Loss: 0.14 | Val F1: 0.97 |
2023-09-02 20:45:45,993 - FGO - INFO - Epoch 100 | Train Loss: 0.130 | Val Loss: 0.13 | Val F1: 0.97 |
2023-09-02 20:45:45,993 - FGO - INFO - Best Epoch:  81 | Train Loss: 0.175 | Val Loss: 0.16 | Val F1: 0.97 
2023-09-02 20:45:45,993 - FGO - INFO - Setting model to best state.
2023-09-02 20:45:45,995 - FGO - INFO - ===== Train Fair OT GCN Model ============================================================
2023-09-02 20:45:46,064 - FGO - INFO - Epoch   0 | Train Loss: -12.791 | Val Loss: -1.20 | Val F1: 0.97 |
2023-09-02 20:45:46,907 - FGO - INFO - Epoch  10 | Train Loss: -13.257 | Val Loss: -1.22 | Val F1: 0.94 |
2023-09-02 20:45:47,726 - FGO - INFO - Epoch  20 | Train Loss: -13.572 | Val Loss: -1.22 | Val F1: 0.90 |
2023-09-02 20:45:48,458 - FGO - INFO - Epoch  30 | Train Loss: -13.702 | Val Loss: -1.21 | Val F1: 0.90 |
2023-09-02 20:45:49,260 - FGO - INFO - Epoch  40 | Train Loss: -13.763 | Val Loss: -1.22 | Val F1: 0.92 |
2023-09-02 20:45:49,961 - FGO - INFO - Best Epoch:   7 | Train Loss: -13.126 | Val Loss: -1.22 | Val F1: 0.97 |
2023-09-02 20:45:49,962 - FGO - INFO - Setting model to best state.
2023-09-02 20:45:49,965 - FGO - INFO - ===== Test Fair OT GCN Model =============================================================
2023-09-02 20:45:49,990 - FGO - INFO - Train CM:
[[396   1]
 [ 72 263]]
2023-09-02 20:45:49,990 - FGO - INFO - Val CM:
[[37  0]
 [ 4 31]]
2023-09-02 20:45:49,991 - FGO - INFO - Test CM:
[[37  0]
 [ 4 31]]
2023-09-02 20:45:49,996 - FGO - INFO - test statistical parity: 0.035483870967741915
2023-09-02 20:45:49,997 - FGO - INFO - test equal opportunity: 0.09999999999999998
2023-09-02 20:45:49,998 - FGO - INFO - test micro f1: 0.9444444444444444
2023-09-02 20:45:49,999 - FGO - INFO - test macro f1: 0.9440559440559441
