2023-09-02 20:53:35,030 - FGO - INFO - ===== SETUP LOGGING ======================================================================
2023-09-02 20:53:35,030 - FGO - INFO - THIS_FILE: Wrapper.py
2023-09-02 20:53:35,030 - FGO - INFO - 	done: False
2023-09-02 20:53:35,030 - FGO - INFO - 	learning_rate: 0.005
2023-09-02 20:53:35,030 - FGO - INFO - 	h1: 64
2023-09-02 20:53:35,030 - FGO - INFO - 	h2: 32
2023-09-02 20:53:35,030 - FGO - INFO - 	weight_decay: 0.0005
2023-09-02 20:53:35,030 - FGO - INFO - 	dropout: 0.0
2023-09-02 20:53:35,030 - FGO - INFO - 	max_pretrain_epochs: 100
2023-09-02 20:53:35,030 - FGO - INFO - 	max_ot_epochs: 50
2023-09-02 20:53:35,030 - FGO - INFO - 	lambda: 0.05
2023-09-02 20:53:35,030 - FGO - INFO - 	theta: 10
2023-09-02 20:53:35,030 - FGO - INFO - 	clip: 5
2023-09-02 20:53:35,030 - FGO - INFO - ===== SETUP LOGGING COMPLETE =============================================================
2023-09-02 20:53:35,030 - FGO - INFO - ===== Configuring Masks ==================================================================
2023-09-02 20:53:35,030 - FGO - INFO - Source Total: 725
2023-09-02 20:53:35,030 - FGO - INFO - Target Total: 79
2023-09-02 20:53:35,030 - FGO - INFO - Train Total: 725
2023-09-02 20:53:35,030 - FGO - INFO - Val Total:   79
2023-09-02 20:53:35,030 - FGO - INFO - Test Total:  79
2023-09-02 20:53:35,030 - FGO - INFO - ===== Preparing to load data =============================================================
2023-09-02 20:53:35,030 - FGO - INFO - SOURCE: abide_large
2023-09-02 20:53:35,030 - FGO - INFO - ===== Retrieving SOURCE Data =============================================================
2023-09-02 20:53:35,030 - FGO - INFO - *************** In load_graph_data ***************
2023-09-02 20:53:35,030 - FGO - INFO - 	FILEPATH: ./data/abide_large.mat
2023-09-02 20:53:35,031 - FGO - INFO - 	X shape: (804, 93)
2023-09-02 20:53:35,031 - FGO - INFO - 	A shape: (804, 804)
2023-09-02 20:53:35,031 - FGO - INFO - 	P shape: (804,)
2023-09-02 20:53:35,031 - FGO - INFO - 	Y shape: (804, 2)
2023-09-02 20:53:35,031 - FGO - INFO - 	Y sum: 804 (number of postive labels)
2023-09-02 20:53:35,032 - FGO - INFO - ===== Preparing data =====================================================================
2023-09-02 20:53:35,033 - FGO - INFO - ===== Disconnecting Source and Target ====================================================
2023-09-02 20:53:35,132 - FGO - INFO - ===== Finalize Data ======================================================================
2023-09-02 20:53:35,132 - FGO - INFO - A shape: (804, 804)
2023-09-02 20:53:35,132 - FGO - INFO - X shape: (804, 93)
2023-09-02 20:53:35,132 - FGO - INFO - Y shape: (804, 2)
2023-09-02 20:53:35,132 - FGO - INFO - N: 804
2023-09-02 20:53:35,132 - FGO - INFO - N_s: 725
2023-09-02 20:53:35,132 - FGO - INFO - N_t: 79
2023-09-02 20:53:35,135 - FGO - INFO - ===== Pretrain GCN Model =================================================================
2023-09-02 20:53:35,138 - FGO - INFO - Epoch   0 | Train Loss: 0.690 | Val Loss: 0.67 | Val F1: 0.38 |
2023-09-02 20:53:35,163 - FGO - INFO - Epoch  10 | Train Loss: 0.579 | Val Loss: 0.59 | Val F1: 0.74 |
2023-09-02 20:53:35,188 - FGO - INFO - Epoch  20 | Train Loss: 0.262 | Val Loss: 0.30 | Val F1: 0.91 |
2023-09-02 20:53:35,212 - FGO - INFO - Epoch  30 | Train Loss: 0.128 | Val Loss: 0.18 | Val F1: 0.97 |
2023-09-02 20:53:35,237 - FGO - INFO - Epoch  40 | Train Loss: 0.098 | Val Loss: 0.20 | Val F1: 0.97 |
2023-09-02 20:53:35,261 - FGO - INFO - Epoch  50 | Train Loss: 0.085 | Val Loss: 0.20 | Val F1: 0.97 |
2023-09-02 20:53:35,285 - FGO - INFO - Epoch  60 | Train Loss: 0.076 | Val Loss: 0.19 | Val F1: 0.97 |
2023-09-02 20:53:35,310 - FGO - INFO - Epoch  70 | Train Loss: 0.071 | Val Loss: 0.17 | Val F1: 0.97 |
2023-09-02 20:53:35,334 - FGO - INFO - Epoch  80 | Train Loss: 0.068 | Val Loss: 0.17 | Val F1: 0.97 |
2023-09-02 20:53:35,358 - FGO - INFO - Epoch  90 | Train Loss: 0.066 | Val Loss: 0.15 | Val F1: 0.97 |
2023-09-02 20:53:35,383 - FGO - INFO - Epoch 100 | Train Loss: 0.065 | Val Loss: 0.15 | Val F1: 0.97 |
2023-09-02 20:53:35,383 - FGO - INFO - Best Epoch:  51 | Train Loss: 0.085 | Val Loss: 0.18 | Val F1: 0.99 
2023-09-02 20:53:35,383 - FGO - INFO - Setting model to best state.
2023-09-02 20:53:35,384 - FGO - INFO - ===== Train Fair OT GCN Model ============================================================
2023-09-02 20:53:35,473 - FGO - INFO - Epoch   0 | Train Loss: -4.309 | Val Loss: -0.34 | Val F1: 0.97 |
2023-09-02 20:53:36,274 - FGO - INFO - Epoch  10 | Train Loss: -4.402 | Val Loss: -0.42 | Val F1: 0.97 |
2023-09-02 20:53:37,130 - FGO - INFO - Epoch  20 | Train Loss: -4.491 | Val Loss: -0.45 | Val F1: 0.99 |
2023-09-02 20:53:37,892 - FGO - INFO - Epoch  30 | Train Loss: -4.536 | Val Loss: -0.46 | Val F1: 0.99 |
2023-09-02 20:53:38,634 - FGO - INFO - Epoch  40 | Train Loss: -4.564 | Val Loss: -0.46 | Val F1: 0.99 |
2023-09-02 20:53:39,401 - FGO - INFO - Best Epoch:  16 | Train Loss: -4.475 | Val Loss: -0.45 | Val F1: 0.99 |
2023-09-02 20:53:39,401 - FGO - INFO - Setting model to best state.
2023-09-02 20:53:39,404 - FGO - INFO - ===== Test Fair OT GCN Model =============================================================
2023-09-02 20:53:39,429 - FGO - INFO - Train CM:
[[377   8]
 [ 12 328]]
2023-09-02 20:53:39,429 - FGO - INFO - Val CM:
[[47  2]
 [ 0 30]]
2023-09-02 20:53:39,430 - FGO - INFO - Test CM:
[[47  2]
 [ 0 30]]
2023-09-02 20:53:39,435 - FGO - INFO - test statistical parity: 0.005797101449275366
2023-09-02 20:53:39,436 - FGO - INFO - test equal opportunity: 0.0
2023-09-02 20:53:39,437 - FGO - INFO - test micro f1: 0.9746835443037974
2023-09-02 20:53:39,437 - FGO - INFO - test macro f1: 0.9734543010752688
