2023-09-02 21:00:46,956 - FGO - INFO - ===== SETUP LOGGING ======================================================================
2023-09-02 21:00:46,956 - FGO - INFO - THIS_FILE: Wrapper.py
2023-09-02 21:00:46,956 - FGO - INFO - 	done: False
2023-09-02 21:00:46,956 - FGO - INFO - 	learning_rate: 0.01
2023-09-02 21:00:46,956 - FGO - INFO - 	h1: 64
2023-09-02 21:00:46,956 - FGO - INFO - 	h2: 32
2023-09-02 21:00:46,956 - FGO - INFO - 	weight_decay: 0.0005
2023-09-02 21:00:46,956 - FGO - INFO - 	dropout: 0.0
2023-09-02 21:00:46,956 - FGO - INFO - 	max_pretrain_epochs: 100
2023-09-02 21:00:46,956 - FGO - INFO - 	max_ot_epochs: 50
2023-09-02 21:00:46,956 - FGO - INFO - 	lambda: 0.05
2023-09-02 21:00:46,956 - FGO - INFO - 	theta: 30
2023-09-02 21:00:46,956 - FGO - INFO - 	clip: 5
2023-09-02 21:00:46,956 - FGO - INFO - ===== SETUP LOGGING COMPLETE =============================================================
2023-09-02 21:00:46,956 - FGO - INFO - ===== Configuring Masks ==================================================================
2023-09-02 21:00:46,956 - FGO - INFO - Source Total: 726
2023-09-02 21:00:46,956 - FGO - INFO - Target Total: 78
2023-09-02 21:00:46,956 - FGO - INFO - Train Total: 726
2023-09-02 21:00:46,956 - FGO - INFO - Val Total:   78
2023-09-02 21:00:46,956 - FGO - INFO - Test Total:  78
2023-09-02 21:00:46,956 - FGO - INFO - ===== Preparing to load data =============================================================
2023-09-02 21:00:46,957 - FGO - INFO - SOURCE: abide_large
2023-09-02 21:00:46,957 - FGO - INFO - ===== Retrieving SOURCE Data =============================================================
2023-09-02 21:00:46,957 - FGO - INFO - *************** In load_graph_data ***************
2023-09-02 21:00:46,957 - FGO - INFO - 	FILEPATH: ./data/abide_large.mat
2023-09-02 21:00:46,957 - FGO - INFO - 	X shape: (804, 93)
2023-09-02 21:00:46,957 - FGO - INFO - 	A shape: (804, 804)
2023-09-02 21:00:46,957 - FGO - INFO - 	P shape: (804,)
2023-09-02 21:00:46,957 - FGO - INFO - 	Y shape: (804, 2)
2023-09-02 21:00:46,957 - FGO - INFO - 	Y sum: 804 (number of postive labels)
2023-09-02 21:00:46,958 - FGO - INFO - ===== Preparing data =====================================================================
2023-09-02 21:00:46,959 - FGO - INFO - ===== Disconnecting Source and Target ====================================================
2023-09-02 21:00:47,057 - FGO - INFO - ===== Finalize Data ======================================================================
2023-09-02 21:00:47,058 - FGO - INFO - A shape: (804, 804)
2023-09-02 21:00:47,058 - FGO - INFO - X shape: (804, 93)
2023-09-02 21:00:47,058 - FGO - INFO - Y shape: (804, 2)
2023-09-02 21:00:47,058 - FGO - INFO - N: 804
2023-09-02 21:00:47,058 - FGO - INFO - N_s: 726
2023-09-02 21:00:47,058 - FGO - INFO - N_t: 78
2023-09-02 21:00:47,061 - FGO - INFO - ===== Pretrain GCN Model =================================================================
2023-09-02 21:00:47,065 - FGO - INFO - Epoch   0 | Train Loss: 0.684 | Val Loss: 0.73 | Val F1: 0.32 |
2023-09-02 21:00:47,093 - FGO - INFO - Epoch  10 | Train Loss: 0.515 | Val Loss: 0.52 | Val F1: 0.82 |
2023-09-02 21:00:47,118 - FGO - INFO - Epoch  20 | Train Loss: 0.158 | Val Loss: 0.28 | Val F1: 0.92 |
2023-09-02 21:00:47,142 - FGO - INFO - Epoch  30 | Train Loss: 0.106 | Val Loss: 0.27 | Val F1: 0.92 |
2023-09-02 21:00:47,167 - FGO - INFO - Epoch  40 | Train Loss: 0.085 | Val Loss: 0.13 | Val F1: 0.95 |
2023-09-02 21:00:47,205 - FGO - INFO - Epoch  50 | Train Loss: 0.077 | Val Loss: 0.11 | Val F1: 0.95 |
2023-09-02 21:00:47,230 - FGO - INFO - Epoch  60 | Train Loss: 0.071 | Val Loss: 0.09 | Val F1: 0.95 |
2023-09-02 21:00:47,255 - FGO - INFO - Epoch  70 | Train Loss: 0.073 | Val Loss: 0.12 | Val F1: 0.96 |
2023-09-02 21:00:47,290 - FGO - INFO - Epoch  80 | Train Loss: 0.070 | Val Loss: 0.07 | Val F1: 0.95 |
2023-09-02 21:00:47,319 - FGO - INFO - Epoch  90 | Train Loss: 0.064 | Val Loss: 0.10 | Val F1: 0.95 |
2023-09-02 21:00:47,355 - FGO - INFO - Epoch 100 | Train Loss: 0.062 | Val Loss: 0.10 | Val F1: 0.95 |
2023-09-02 21:00:47,355 - FGO - INFO - Best Epoch:  55 | Train Loss: 0.077 | Val Loss: 0.09 | Val F1: 0.97 
2023-09-02 21:00:47,355 - FGO - INFO - Setting model to best state.
2023-09-02 21:00:47,356 - FGO - INFO - ===== Train Fair OT GCN Model ============================================================
2023-09-02 21:00:47,428 - FGO - INFO - Epoch   0 | Train Loss: -12.665 | Val Loss: -1.28 | Val F1: 0.95 |
2023-09-02 21:00:48,234 - FGO - INFO - Epoch  10 | Train Loss: -13.715 | Val Loss: -0.83 | Val F1: 0.82 |
2023-09-02 21:00:48,994 - FGO - INFO - Epoch  20 | Train Loss: -13.970 | Val Loss: -1.19 | Val F1: 0.86 |
2023-09-02 21:00:49,781 - FGO - INFO - Epoch  30 | Train Loss: -14.026 | Val Loss: -1.19 | Val F1: 0.91 |
2023-09-02 21:00:50,549 - FGO - INFO - Epoch  40 | Train Loss: -14.072 | Val Loss: -1.09 | Val F1: 0.91 |
2023-09-02 21:00:51,267 - FGO - INFO - Best Epoch:   6 | Train Loss: -13.383 | Val Loss: -1.19 | Val F1: 0.92 |
2023-09-02 21:00:51,267 - FGO - INFO - Setting model to best state.
2023-09-02 21:00:51,275 - FGO - INFO - ===== Test Fair OT GCN Model =============================================================
2023-09-02 21:00:51,303 - FGO - INFO - Train CM:
[[400   0]
 [326   0]]
2023-09-02 21:00:51,303 - FGO - INFO - Val CM:
[[34  0]
 [44  0]]
2023-09-02 21:00:51,304 - FGO - INFO - Test CM:
[[34  0]
 [44  0]]
2023-09-02 21:00:51,309 - FGO - INFO - test statistical parity: 0.0
2023-09-02 21:00:51,310 - FGO - INFO - test equal opportunity: 0.0
2023-09-02 21:00:51,311 - FGO - INFO - test micro f1: 0.4358974358974359
2023-09-02 21:00:51,311 - FGO - INFO - test macro f1: 0.30357142857142855
