2023-09-02 20:45:58,958 - FGO - INFO - ===== SETUP LOGGING ======================================================================
2023-09-02 20:45:58,958 - FGO - INFO - THIS_FILE: Wrapper.py
2023-09-02 20:45:58,958 - FGO - INFO - 	done: False
2023-09-02 20:45:58,958 - FGO - INFO - 	learning_rate: 0.001
2023-09-02 20:45:58,958 - FGO - INFO - 	h1: 64
2023-09-02 20:45:58,958 - FGO - INFO - 	h2: 32
2023-09-02 20:45:58,958 - FGO - INFO - 	weight_decay: 0.0005
2023-09-02 20:45:58,958 - FGO - INFO - 	dropout: 0.0
2023-09-02 20:45:58,958 - FGO - INFO - 	max_pretrain_epochs: 100
2023-09-02 20:45:58,958 - FGO - INFO - 	max_ot_epochs: 50
2023-09-02 20:45:58,958 - FGO - INFO - 	lambda: 0.03
2023-09-02 20:45:58,958 - FGO - INFO - 	theta: 50
2023-09-02 20:45:58,958 - FGO - INFO - 	clip: 5
2023-09-02 20:45:58,958 - FGO - INFO - ===== SETUP LOGGING COMPLETE =============================================================
2023-09-02 20:45:58,958 - FGO - INFO - ===== Configuring Masks ==================================================================
2023-09-02 20:45:58,958 - FGO - INFO - Source Total: 717
2023-09-02 20:45:58,958 - FGO - INFO - Target Total: 87
2023-09-02 20:45:58,958 - FGO - INFO - Train Total: 717
2023-09-02 20:45:58,958 - FGO - INFO - Val Total:   87
2023-09-02 20:45:58,958 - FGO - INFO - Test Total:  87
2023-09-02 20:45:58,958 - FGO - INFO - ===== Preparing to load data =============================================================
2023-09-02 20:45:58,958 - FGO - INFO - SOURCE: abide_large
2023-09-02 20:45:58,958 - FGO - INFO - ===== Retrieving SOURCE Data =============================================================
2023-09-02 20:45:58,958 - FGO - INFO - *************** In load_graph_data ***************
2023-09-02 20:45:58,958 - FGO - INFO - 	FILEPATH: ./data/abide_large.mat
2023-09-02 20:45:58,959 - FGO - INFO - 	X shape: (804, 93)
2023-09-02 20:45:58,959 - FGO - INFO - 	A shape: (804, 804)
2023-09-02 20:45:58,959 - FGO - INFO - 	P shape: (804,)
2023-09-02 20:45:58,959 - FGO - INFO - 	Y shape: (804, 2)
2023-09-02 20:45:58,959 - FGO - INFO - 	Y sum: 804 (number of postive labels)
2023-09-02 20:45:58,960 - FGO - INFO - ===== Preparing data =====================================================================
2023-09-02 20:45:58,961 - FGO - INFO - ===== Disconnecting Source and Target ====================================================
2023-09-02 20:45:59,067 - FGO - INFO - ===== Finalize Data ======================================================================
2023-09-02 20:45:59,067 - FGO - INFO - A shape: (804, 804)
2023-09-02 20:45:59,067 - FGO - INFO - X shape: (804, 93)
2023-09-02 20:45:59,067 - FGO - INFO - Y shape: (804, 2)
2023-09-02 20:45:59,067 - FGO - INFO - N: 804
2023-09-02 20:45:59,067 - FGO - INFO - N_s: 717
2023-09-02 20:45:59,067 - FGO - INFO - N_t: 87
2023-09-02 20:45:59,071 - FGO - INFO - ===== Pretrain GCN Model =================================================================
2023-09-02 20:45:59,074 - FGO - INFO - Epoch   0 | Train Loss: 0.689 | Val Loss: 0.68 | Val F1: 0.35 |
2023-09-02 20:45:59,099 - FGO - INFO - Epoch  10 | Train Loss: 0.675 | Val Loss: 0.67 | Val F1: 0.40 |
2023-09-02 20:45:59,123 - FGO - INFO - Epoch  20 | Train Loss: 0.650 | Val Loss: 0.64 | Val F1: 0.62 |
2023-09-02 20:45:59,148 - FGO - INFO - Epoch  30 | Train Loss: 0.595 | Val Loss: 0.59 | Val F1: 0.77 |
2023-09-02 20:45:59,173 - FGO - INFO - Epoch  40 | Train Loss: 0.507 | Val Loss: 0.52 | Val F1: 0.88 |
2023-09-02 20:45:59,197 - FGO - INFO - Epoch  50 | Train Loss: 0.398 | Val Loss: 0.41 | Val F1: 0.88 |
2023-09-02 20:45:59,222 - FGO - INFO - Epoch  60 | Train Loss: 0.297 | Val Loss: 0.31 | Val F1: 0.91 |
2023-09-02 20:45:59,246 - FGO - INFO - Epoch  70 | Train Loss: 0.224 | Val Loss: 0.23 | Val F1: 0.94 |
2023-09-02 20:45:59,271 - FGO - INFO - Epoch  80 | Train Loss: 0.180 | Val Loss: 0.18 | Val F1: 0.94 |
2023-09-02 20:45:59,295 - FGO - INFO - Epoch  90 | Train Loss: 0.151 | Val Loss: 0.15 | Val F1: 0.95 |
2023-09-02 20:45:59,320 - FGO - INFO - Epoch 100 | Train Loss: 0.132 | Val Loss: 0.13 | Val F1: 0.97 |
2023-09-02 20:45:59,320 - FGO - INFO - Best Epoch:  91 | Train Loss: 0.149 | Val Loss: 0.15 | Val F1: 0.97 
2023-09-02 20:45:59,320 - FGO - INFO - Setting model to best state.
2023-09-02 20:45:59,321 - FGO - INFO - ===== Train Fair OT GCN Model ============================================================
2023-09-02 20:45:59,409 - FGO - INFO - Epoch   0 | Train Loss: -12.789 | Val Loss: -1.44 | Val F1: 0.97 |
2023-09-02 20:46:00,173 - FGO - INFO - Epoch  10 | Train Loss: -13.243 | Val Loss: -1.46 | Val F1: 0.93 |
2023-09-02 20:46:00,948 - FGO - INFO - Epoch  20 | Train Loss: -13.565 | Val Loss: -1.48 | Val F1: 0.92 |
2023-09-02 20:46:01,713 - FGO - INFO - Epoch  30 | Train Loss: -13.695 | Val Loss: -1.45 | Val F1: 0.89 |
2023-09-02 20:46:02,487 - FGO - INFO - Epoch  40 | Train Loss: -13.754 | Val Loss: -1.43 | Val F1: 0.92 |
2023-09-02 20:46:03,203 - FGO - INFO - Best Epoch:   6 | Train Loss: -13.072 | Val Loss: -1.46 | Val F1: 0.95 |
2023-09-02 20:46:03,203 - FGO - INFO - Setting model to best state.
2023-09-02 20:46:03,206 - FGO - INFO - ===== Test Fair OT GCN Model =============================================================
2023-09-02 20:46:03,233 - FGO - INFO - Train CM:
[[387   0]
 [193 137]]
2023-09-02 20:46:03,233 - FGO - INFO - Val CM:
[[47  0]
 [12 28]]
2023-09-02 20:46:03,234 - FGO - INFO - Test CM:
[[47  0]
 [12 28]]
2023-09-02 20:46:03,239 - FGO - INFO - test statistical parity: 0.30333333333333334
2023-09-02 20:46:03,240 - FGO - INFO - test equal opportunity: 0.10035842293906816
2023-09-02 20:46:03,241 - FGO - INFO - test micro f1: 0.8620689655172413
2023-09-02 20:46:03,242 - FGO - INFO - test macro f1: 0.8551609322974472
