2023-09-02 20:55:46,504 - FGO - INFO - ===== SETUP LOGGING ======================================================================
2023-09-02 20:55:46,504 - FGO - INFO - THIS_FILE: Wrapper.py
2023-09-02 20:55:46,504 - FGO - INFO - 	done: False
2023-09-02 20:55:46,504 - FGO - INFO - 	learning_rate: 0.01
2023-09-02 20:55:46,504 - FGO - INFO - 	h1: 64
2023-09-02 20:55:46,504 - FGO - INFO - 	h2: 32
2023-09-02 20:55:46,504 - FGO - INFO - 	weight_decay: 0.0005
2023-09-02 20:55:46,504 - FGO - INFO - 	dropout: 0.0
2023-09-02 20:55:46,504 - FGO - INFO - 	max_pretrain_epochs: 100
2023-09-02 20:55:46,504 - FGO - INFO - 	max_ot_epochs: 50
2023-09-02 20:55:46,504 - FGO - INFO - 	lambda: 0.01
2023-09-02 20:55:46,504 - FGO - INFO - 	theta: 10
2023-09-02 20:55:46,504 - FGO - INFO - 	clip: 5
2023-09-02 20:55:46,504 - FGO - INFO - ===== SETUP LOGGING COMPLETE =============================================================
2023-09-02 20:55:46,504 - FGO - INFO - ===== Configuring Masks ==================================================================
2023-09-02 20:55:46,504 - FGO - INFO - Source Total: 734
2023-09-02 20:55:46,504 - FGO - INFO - Target Total: 70
2023-09-02 20:55:46,504 - FGO - INFO - Train Total: 734
2023-09-02 20:55:46,504 - FGO - INFO - Val Total:   70
2023-09-02 20:55:46,504 - FGO - INFO - Test Total:  70
2023-09-02 20:55:46,504 - FGO - INFO - ===== Preparing to load data =============================================================
2023-09-02 20:55:46,504 - FGO - INFO - SOURCE: abide_large
2023-09-02 20:55:46,504 - FGO - INFO - ===== Retrieving SOURCE Data =============================================================
2023-09-02 20:55:46,504 - FGO - INFO - *************** In load_graph_data ***************
2023-09-02 20:55:46,504 - FGO - INFO - 	FILEPATH: ./data/abide_large.mat
2023-09-02 20:55:46,505 - FGO - INFO - 	X shape: (804, 93)
2023-09-02 20:55:46,505 - FGO - INFO - 	A shape: (804, 804)
2023-09-02 20:55:46,505 - FGO - INFO - 	P shape: (804,)
2023-09-02 20:55:46,505 - FGO - INFO - 	Y shape: (804, 2)
2023-09-02 20:55:46,505 - FGO - INFO - 	Y sum: 804 (number of postive labels)
2023-09-02 20:55:46,506 - FGO - INFO - ===== Preparing data =====================================================================
2023-09-02 20:55:46,507 - FGO - INFO - ===== Disconnecting Source and Target ====================================================
2023-09-02 20:55:46,595 - FGO - INFO - ===== Finalize Data ======================================================================
2023-09-02 20:55:46,595 - FGO - INFO - A shape: (804, 804)
2023-09-02 20:55:46,595 - FGO - INFO - X shape: (804, 93)
2023-09-02 20:55:46,595 - FGO - INFO - Y shape: (804, 2)
2023-09-02 20:55:46,595 - FGO - INFO - N: 804
2023-09-02 20:55:46,595 - FGO - INFO - N_s: 734
2023-09-02 20:55:46,595 - FGO - INFO - N_t: 70
2023-09-02 20:55:46,599 - FGO - INFO - ===== Pretrain GCN Model =================================================================
2023-09-02 20:55:46,602 - FGO - INFO - Epoch   0 | Train Loss: 0.688 | Val Loss: 0.70 | Val F1: 0.32 |
2023-09-02 20:55:46,627 - FGO - INFO - Epoch  10 | Train Loss: 0.450 | Val Loss: 0.48 | Val F1: 0.81 |
2023-09-02 20:55:46,652 - FGO - INFO - Epoch  20 | Train Loss: 0.149 | Val Loss: 0.19 | Val F1: 0.90 |
2023-09-02 20:55:46,677 - FGO - INFO - Epoch  30 | Train Loss: 0.104 | Val Loss: 0.15 | Val F1: 0.96 |
2023-09-02 20:55:46,702 - FGO - INFO - Epoch  40 | Train Loss: 0.086 | Val Loss: 0.14 | Val F1: 0.94 |
2023-09-02 20:55:46,726 - FGO - INFO - Epoch  50 | Train Loss: 0.074 | Val Loss: 0.12 | Val F1: 0.96 |
2023-09-02 20:55:46,751 - FGO - INFO - Epoch  60 | Train Loss: 0.067 | Val Loss: 0.11 | Val F1: 0.96 |
2023-09-02 20:55:46,776 - FGO - INFO - Epoch  70 | Train Loss: 0.068 | Val Loss: 0.14 | Val F1: 0.96 |
2023-09-02 20:55:46,800 - FGO - INFO - Epoch  80 | Train Loss: 0.072 | Val Loss: 0.16 | Val F1: 0.94 |
2023-09-02 20:55:46,825 - FGO - INFO - Epoch  90 | Train Loss: 0.061 | Val Loss: 0.14 | Val F1: 0.94 |
2023-09-02 20:55:46,850 - FGO - INFO - Epoch 100 | Train Loss: 0.062 | Val Loss: 0.15 | Val F1: 0.94 |
2023-09-02 20:55:46,850 - FGO - INFO - Best Epoch:  26 | Train Loss: 0.117 | Val Loss: 0.14 | Val F1: 0.96 
2023-09-02 20:55:46,850 - FGO - INFO - Setting model to best state.
2023-09-02 20:55:46,851 - FGO - INFO - ===== Train Fair OT GCN Model ============================================================
2023-09-02 20:55:46,970 - FGO - INFO - Epoch   0 | Train Loss: -0.520 | Val Loss: 0.09 | Val F1: 0.93 |
2023-09-02 20:55:47,877 - FGO - INFO - Epoch  10 | Train Loss: -0.627 | Val Loss: 0.24 | Val F1: 0.93 |
2023-09-02 20:55:48,815 - FGO - INFO - Epoch  20 | Train Loss: -0.707 | Val Loss: 0.17 | Val F1: 0.94 |
2023-09-02 20:55:49,615 - FGO - INFO - Epoch  30 | Train Loss: -0.760 | Val Loss: 0.15 | Val F1: 0.94 |
2023-09-02 20:55:50,500 - FGO - INFO - Epoch  40 | Train Loss: -0.787 | Val Loss: 0.15 | Val F1: 0.96 |
2023-09-02 20:55:51,296 - FGO - INFO - Best Epoch:  28 | Train Loss: -0.754 | Val Loss: 0.14 | Val F1: 0.96 |
2023-09-02 20:55:51,296 - FGO - INFO - Setting model to best state.
2023-09-02 20:55:51,300 - FGO - INFO - ===== Test Fair OT GCN Model =============================================================
2023-09-02 20:55:51,333 - FGO - INFO - Train CM:
[[392   8]
 [ 11 323]]
2023-09-02 20:55:51,334 - FGO - INFO - Val CM:
[[33  1]
 [ 3 33]]
2023-09-02 20:55:51,334 - FGO - INFO - Test CM:
[[33  1]
 [ 3 33]]
2023-09-02 20:55:51,338 - FGO - INFO - test statistical parity: 0.1241565452091768
2023-09-02 20:55:51,340 - FGO - INFO - test equal opportunity: 0.09999999999999998
2023-09-02 20:55:51,341 - FGO - INFO - test micro f1: 0.9428571428571428
2023-09-02 20:55:51,341 - FGO - INFO - test macro f1: 0.9428571428571428
