2023-09-02 20:58:54,489 - FGO - INFO - ===== SETUP LOGGING ======================================================================
2023-09-02 20:58:54,489 - FGO - INFO - THIS_FILE: Wrapper.py
2023-09-02 20:58:54,489 - FGO - INFO - 	done: False
2023-09-02 20:58:54,489 - FGO - INFO - 	learning_rate: 0.01
2023-09-02 20:58:54,489 - FGO - INFO - 	h1: 64
2023-09-02 20:58:54,489 - FGO - INFO - 	h2: 32
2023-09-02 20:58:54,489 - FGO - INFO - 	weight_decay: 0.0005
2023-09-02 20:58:54,489 - FGO - INFO - 	dropout: 0.0
2023-09-02 20:58:54,489 - FGO - INFO - 	max_pretrain_epochs: 100
2023-09-02 20:58:54,489 - FGO - INFO - 	max_ot_epochs: 50
2023-09-02 20:58:54,489 - FGO - INFO - 	lambda: 0.03
2023-09-02 20:58:54,489 - FGO - INFO - 	theta: 30
2023-09-02 20:58:54,489 - FGO - INFO - 	clip: 5
2023-09-02 20:58:54,489 - FGO - INFO - ===== SETUP LOGGING COMPLETE =============================================================
2023-09-02 20:58:54,489 - FGO - INFO - ===== Configuring Masks ==================================================================
2023-09-02 20:58:54,489 - FGO - INFO - Source Total: 725
2023-09-02 20:58:54,489 - FGO - INFO - Target Total: 79
2023-09-02 20:58:54,489 - FGO - INFO - Train Total: 725
2023-09-02 20:58:54,489 - FGO - INFO - Val Total:   79
2023-09-02 20:58:54,489 - FGO - INFO - Test Total:  79
2023-09-02 20:58:54,489 - FGO - INFO - ===== Preparing to load data =============================================================
2023-09-02 20:58:54,489 - FGO - INFO - SOURCE: abide_large
2023-09-02 20:58:54,489 - FGO - INFO - ===== Retrieving SOURCE Data =============================================================
2023-09-02 20:58:54,489 - FGO - INFO - *************** In load_graph_data ***************
2023-09-02 20:58:54,489 - FGO - INFO - 	FILEPATH: ./data/abide_large.mat
2023-09-02 20:58:54,490 - FGO - INFO - 	X shape: (804, 93)
2023-09-02 20:58:54,490 - FGO - INFO - 	A shape: (804, 804)
2023-09-02 20:58:54,490 - FGO - INFO - 	P shape: (804,)
2023-09-02 20:58:54,490 - FGO - INFO - 	Y shape: (804, 2)
2023-09-02 20:58:54,490 - FGO - INFO - 	Y sum: 804 (number of postive labels)
2023-09-02 20:58:54,491 - FGO - INFO - ===== Preparing data =====================================================================
2023-09-02 20:58:54,492 - FGO - INFO - ===== Disconnecting Source and Target ====================================================
2023-09-02 20:58:54,590 - FGO - INFO - ===== Finalize Data ======================================================================
2023-09-02 20:58:54,590 - FGO - INFO - A shape: (804, 804)
2023-09-02 20:58:54,590 - FGO - INFO - X shape: (804, 93)
2023-09-02 20:58:54,590 - FGO - INFO - Y shape: (804, 2)
2023-09-02 20:58:54,590 - FGO - INFO - N: 804
2023-09-02 20:58:54,590 - FGO - INFO - N_s: 725
2023-09-02 20:58:54,590 - FGO - INFO - N_t: 79
2023-09-02 20:58:54,594 - FGO - INFO - ===== Pretrain GCN Model =================================================================
2023-09-02 20:58:54,597 - FGO - INFO - Epoch   0 | Train Loss: 0.690 | Val Loss: 0.67 | Val F1: 0.38 |
2023-09-02 20:58:54,622 - FGO - INFO - Epoch  10 | Train Loss: 0.471 | Val Loss: 0.48 | Val F1: 0.87 |
2023-09-02 20:58:54,647 - FGO - INFO - Epoch  20 | Train Loss: 0.138 | Val Loss: 0.18 | Val F1: 0.96 |
2023-09-02 20:58:54,672 - FGO - INFO - Epoch  30 | Train Loss: 0.102 | Val Loss: 0.19 | Val F1: 0.97 |
2023-09-02 20:58:54,696 - FGO - INFO - Epoch  40 | Train Loss: 0.092 | Val Loss: 0.21 | Val F1: 0.97 |
2023-09-02 20:58:54,720 - FGO - INFO - Epoch  50 | Train Loss: 0.078 | Val Loss: 0.19 | Val F1: 0.97 |
2023-09-02 20:58:54,745 - FGO - INFO - Epoch  60 | Train Loss: 0.071 | Val Loss: 0.18 | Val F1: 0.97 |
2023-09-02 20:58:54,769 - FGO - INFO - Epoch  70 | Train Loss: 0.066 | Val Loss: 0.15 | Val F1: 0.97 |
2023-09-02 20:58:54,794 - FGO - INFO - Epoch  80 | Train Loss: 0.069 | Val Loss: 0.15 | Val F1: 0.97 |
2023-09-02 20:58:54,818 - FGO - INFO - Epoch  90 | Train Loss: 0.063 | Val Loss: 0.10 | Val F1: 0.97 |
2023-09-02 20:58:54,843 - FGO - INFO - Epoch 100 | Train Loss: 0.070 | Val Loss: 0.06 | Val F1: 0.97 |
2023-09-02 20:58:54,843 - FGO - INFO - Best Epoch:  25 | Train Loss: 0.119 | Val Loss: 0.24 | Val F1: 0.97 
2023-09-02 20:58:54,843 - FGO - INFO - Setting model to best state.
2023-09-02 20:58:54,844 - FGO - INFO - ===== Train Fair OT GCN Model ============================================================
2023-09-02 20:58:54,945 - FGO - INFO - Epoch   0 | Train Loss: -7.380 | Val Loss: -0.70 | Val F1: 0.97 |
2023-09-02 20:58:55,729 - FGO - INFO - Epoch  10 | Train Loss: -8.003 | Val Loss: -0.77 | Val F1: 0.93 |
2023-09-02 20:58:56,467 - FGO - INFO - Epoch  20 | Train Loss: -8.179 | Val Loss: -0.82 | Val F1: 0.99 |
2023-09-02 20:58:57,264 - FGO - INFO - Epoch  30 | Train Loss: -8.294 | Val Loss: -0.87 | Val F1: 0.99 |
2023-09-02 20:58:58,013 - FGO - INFO - Epoch  40 | Train Loss: -8.351 | Val Loss: -0.85 | Val F1: 0.97 |
2023-09-02 20:58:58,733 - FGO - INFO - Best Epoch:  19 | Train Loss: -8.176 | Val Loss: -0.83 | Val F1: 0.99 |
2023-09-02 20:58:58,733 - FGO - INFO - Setting model to best state.
2023-09-02 20:58:58,737 - FGO - INFO - ===== Test Fair OT GCN Model =============================================================
2023-09-02 20:58:58,762 - FGO - INFO - Train CM:
[[377   8]
 [ 12 328]]
2023-09-02 20:58:58,762 - FGO - INFO - Val CM:
[[47  2]
 [ 0 30]]
2023-09-02 20:58:58,763 - FGO - INFO - Test CM:
[[47  2]
 [ 0 30]]
2023-09-02 20:58:58,768 - FGO - INFO - test statistical parity: 0.005797101449275366
2023-09-02 20:58:58,769 - FGO - INFO - test equal opportunity: 0.0
2023-09-02 20:58:58,770 - FGO - INFO - test micro f1: 0.9746835443037974
2023-09-02 20:58:58,770 - FGO - INFO - test macro f1: 0.9734543010752688
