2023-09-02 20:45:15,638 - FGO - INFO - ===== SETUP LOGGING ======================================================================
2023-09-02 20:45:15,638 - FGO - INFO - THIS_FILE: Wrapper.py
2023-09-02 20:45:15,638 - FGO - INFO - 	done: False
2023-09-02 20:45:15,638 - FGO - INFO - 	learning_rate: 0.001
2023-09-02 20:45:15,638 - FGO - INFO - 	h1: 64
2023-09-02 20:45:15,638 - FGO - INFO - 	h2: 32
2023-09-02 20:45:15,638 - FGO - INFO - 	weight_decay: 0.0005
2023-09-02 20:45:15,638 - FGO - INFO - 	dropout: 0.0
2023-09-02 20:45:15,638 - FGO - INFO - 	max_pretrain_epochs: 100
2023-09-02 20:45:15,638 - FGO - INFO - 	max_ot_epochs: 50
2023-09-02 20:45:15,638 - FGO - INFO - 	lambda: 0.03
2023-09-02 20:45:15,638 - FGO - INFO - 	theta: 30
2023-09-02 20:45:15,638 - FGO - INFO - 	clip: 5
2023-09-02 20:45:15,638 - FGO - INFO - ===== SETUP LOGGING COMPLETE =============================================================
2023-09-02 20:45:15,638 - FGO - INFO - ===== Configuring Masks ==================================================================
2023-09-02 20:45:15,638 - FGO - INFO - Source Total: 717
2023-09-02 20:45:15,638 - FGO - INFO - Target Total: 87
2023-09-02 20:45:15,638 - FGO - INFO - Train Total: 717
2023-09-02 20:45:15,638 - FGO - INFO - Val Total:   87
2023-09-02 20:45:15,638 - FGO - INFO - Test Total:  87
2023-09-02 20:45:15,638 - FGO - INFO - ===== Preparing to load data =============================================================
2023-09-02 20:45:15,638 - FGO - INFO - SOURCE: abide_large
2023-09-02 20:45:15,638 - FGO - INFO - ===== Retrieving SOURCE Data =============================================================
2023-09-02 20:45:15,638 - FGO - INFO - *************** In load_graph_data ***************
2023-09-02 20:45:15,638 - FGO - INFO - 	FILEPATH: ./data/abide_large.mat
2023-09-02 20:45:15,639 - FGO - INFO - 	X shape: (804, 93)
2023-09-02 20:45:15,639 - FGO - INFO - 	A shape: (804, 804)
2023-09-02 20:45:15,639 - FGO - INFO - 	P shape: (804,)
2023-09-02 20:45:15,639 - FGO - INFO - 	Y shape: (804, 2)
2023-09-02 20:45:15,639 - FGO - INFO - 	Y sum: 804 (number of postive labels)
2023-09-02 20:45:15,640 - FGO - INFO - ===== Preparing data =====================================================================
2023-09-02 20:45:15,641 - FGO - INFO - ===== Disconnecting Source and Target ====================================================
2023-09-02 20:45:15,746 - FGO - INFO - ===== Finalize Data ======================================================================
2023-09-02 20:45:15,746 - FGO - INFO - A shape: (804, 804)
2023-09-02 20:45:15,746 - FGO - INFO - X shape: (804, 93)
2023-09-02 20:45:15,746 - FGO - INFO - Y shape: (804, 2)
2023-09-02 20:45:15,746 - FGO - INFO - N: 804
2023-09-02 20:45:15,746 - FGO - INFO - N_s: 717
2023-09-02 20:45:15,746 - FGO - INFO - N_t: 87
2023-09-02 20:45:15,750 - FGO - INFO - ===== Pretrain GCN Model =================================================================
2023-09-02 20:45:15,753 - FGO - INFO - Epoch   0 | Train Loss: 0.689 | Val Loss: 0.68 | Val F1: 0.35 |
2023-09-02 20:45:15,793 - FGO - INFO - Epoch  10 | Train Loss: 0.675 | Val Loss: 0.67 | Val F1: 0.40 |
2023-09-02 20:45:15,820 - FGO - INFO - Epoch  20 | Train Loss: 0.650 | Val Loss: 0.64 | Val F1: 0.62 |
2023-09-02 20:45:15,845 - FGO - INFO - Epoch  30 | Train Loss: 0.595 | Val Loss: 0.59 | Val F1: 0.77 |
2023-09-02 20:45:15,869 - FGO - INFO - Epoch  40 | Train Loss: 0.507 | Val Loss: 0.52 | Val F1: 0.88 |
2023-09-02 20:45:15,894 - FGO - INFO - Epoch  50 | Train Loss: 0.398 | Val Loss: 0.41 | Val F1: 0.88 |
2023-09-02 20:45:15,918 - FGO - INFO - Epoch  60 | Train Loss: 0.297 | Val Loss: 0.31 | Val F1: 0.91 |
2023-09-02 20:45:15,943 - FGO - INFO - Epoch  70 | Train Loss: 0.224 | Val Loss: 0.23 | Val F1: 0.94 |
2023-09-02 20:45:15,967 - FGO - INFO - Epoch  80 | Train Loss: 0.180 | Val Loss: 0.18 | Val F1: 0.94 |
2023-09-02 20:45:15,992 - FGO - INFO - Epoch  90 | Train Loss: 0.151 | Val Loss: 0.15 | Val F1: 0.95 |
2023-09-02 20:45:16,016 - FGO - INFO - Epoch 100 | Train Loss: 0.132 | Val Loss: 0.13 | Val F1: 0.97 |
2023-09-02 20:45:16,016 - FGO - INFO - Best Epoch:  91 | Train Loss: 0.149 | Val Loss: 0.15 | Val F1: 0.97 
2023-09-02 20:45:16,016 - FGO - INFO - Setting model to best state.
2023-09-02 20:45:16,018 - FGO - INFO - ===== Train Fair OT GCN Model ============================================================
2023-09-02 20:45:16,083 - FGO - INFO - Epoch   0 | Train Loss: -7.579 | Val Loss: -0.81 | Val F1: 0.97 |
2023-09-02 20:45:16,844 - FGO - INFO - Epoch  10 | Train Loss: -7.806 | Val Loss: -0.81 | Val F1: 0.93 |
2023-09-02 20:45:17,645 - FGO - INFO - Epoch  20 | Train Loss: -7.972 | Val Loss: -0.83 | Val F1: 0.94 |
2023-09-02 20:45:18,437 - FGO - INFO - Epoch  30 | Train Loss: -8.054 | Val Loss: -0.84 | Val F1: 0.93 |
2023-09-02 20:45:19,203 - FGO - INFO - Epoch  40 | Train Loss: -8.095 | Val Loss: -0.85 | Val F1: 0.93 |
2023-09-02 20:45:19,843 - FGO - INFO - Best Epoch:   6 | Train Loss: -7.719 | Val Loss: -0.82 | Val F1: 0.97 |
2023-09-02 20:45:19,843 - FGO - INFO - Setting model to best state.
2023-09-02 20:45:19,847 - FGO - INFO - ===== Test Fair OT GCN Model =============================================================
2023-09-02 20:45:19,873 - FGO - INFO - Train CM:
[[385   2]
 [ 56 274]]
2023-09-02 20:45:19,873 - FGO - INFO - Val CM:
[[47  0]
 [ 5 35]]
2023-09-02 20:45:19,873 - FGO - INFO - Test CM:
[[47  0]
 [ 5 35]]
2023-09-02 20:45:19,878 - FGO - INFO - test statistical parity: 0.4033333333333333
2023-09-02 20:45:19,880 - FGO - INFO - test equal opportunity: 0.16129032258064513
2023-09-02 20:45:19,881 - FGO - INFO - test micro f1: 0.9425287356321839
2023-09-02 20:45:19,881 - FGO - INFO - test macro f1: 0.9414141414141415
