2023-09-02 20:45:11,264 - FGO - INFO - ===== SETUP LOGGING ======================================================================
2023-09-02 20:45:11,264 - FGO - INFO - THIS_FILE: Wrapper.py
2023-09-02 20:45:11,264 - FGO - INFO - 	done: False
2023-09-02 20:45:11,264 - FGO - INFO - 	learning_rate: 0.001
2023-09-02 20:45:11,264 - FGO - INFO - 	h1: 64
2023-09-02 20:45:11,264 - FGO - INFO - 	h2: 32
2023-09-02 20:45:11,264 - FGO - INFO - 	weight_decay: 0.0005
2023-09-02 20:45:11,264 - FGO - INFO - 	dropout: 0.0
2023-09-02 20:45:11,264 - FGO - INFO - 	max_pretrain_epochs: 100
2023-09-02 20:45:11,264 - FGO - INFO - 	max_ot_epochs: 50
2023-09-02 20:45:11,264 - FGO - INFO - 	lambda: 0.03
2023-09-02 20:45:11,264 - FGO - INFO - 	theta: 30
2023-09-02 20:45:11,264 - FGO - INFO - 	clip: 5
2023-09-02 20:45:11,264 - FGO - INFO - ===== SETUP LOGGING COMPLETE =============================================================
2023-09-02 20:45:11,264 - FGO - INFO - ===== Configuring Masks ==================================================================
2023-09-02 20:45:11,264 - FGO - INFO - Source Total: 717
2023-09-02 20:45:11,264 - FGO - INFO - Target Total: 87
2023-09-02 20:45:11,264 - FGO - INFO - Train Total: 717
2023-09-02 20:45:11,264 - FGO - INFO - Val Total:   87
2023-09-02 20:45:11,264 - FGO - INFO - Test Total:  87
2023-09-02 20:45:11,264 - FGO - INFO - ===== Preparing to load data =============================================================
2023-09-02 20:45:11,264 - FGO - INFO - SOURCE: abide_large
2023-09-02 20:45:11,264 - FGO - INFO - ===== Retrieving SOURCE Data =============================================================
2023-09-02 20:45:11,264 - FGO - INFO - *************** In load_graph_data ***************
2023-09-02 20:45:11,264 - FGO - INFO - 	FILEPATH: ./data/abide_large.mat
2023-09-02 20:45:11,265 - FGO - INFO - 	X shape: (804, 93)
2023-09-02 20:45:11,265 - FGO - INFO - 	A shape: (804, 804)
2023-09-02 20:45:11,265 - FGO - INFO - 	P shape: (804,)
2023-09-02 20:45:11,265 - FGO - INFO - 	Y shape: (804, 2)
2023-09-02 20:45:11,265 - FGO - INFO - 	Y sum: 804 (number of postive labels)
2023-09-02 20:45:11,266 - FGO - INFO - ===== Preparing data =====================================================================
2023-09-02 20:45:11,267 - FGO - INFO - ===== Disconnecting Source and Target ====================================================
2023-09-02 20:45:11,374 - FGO - INFO - ===== Finalize Data ======================================================================
2023-09-02 20:45:11,374 - FGO - INFO - A shape: (804, 804)
2023-09-02 20:45:11,374 - FGO - INFO - X shape: (804, 93)
2023-09-02 20:45:11,374 - FGO - INFO - Y shape: (804, 2)
2023-09-02 20:45:11,374 - FGO - INFO - N: 804
2023-09-02 20:45:11,374 - FGO - INFO - N_s: 717
2023-09-02 20:45:11,374 - FGO - INFO - N_t: 87
2023-09-02 20:45:11,378 - FGO - INFO - ===== Pretrain GCN Model =================================================================
2023-09-02 20:45:11,381 - FGO - INFO - Epoch   0 | Train Loss: 0.690 | Val Loss: 0.68 | Val F1: 0.36 |
2023-09-02 20:45:11,405 - FGO - INFO - Epoch  10 | Train Loss: 0.675 | Val Loss: 0.67 | Val F1: 0.47 |
2023-09-02 20:45:11,430 - FGO - INFO - Epoch  20 | Train Loss: 0.650 | Val Loss: 0.64 | Val F1: 0.63 |
2023-09-02 20:45:11,454 - FGO - INFO - Epoch  30 | Train Loss: 0.595 | Val Loss: 0.59 | Val F1: 0.78 |
2023-09-02 20:45:11,479 - FGO - INFO - Epoch  40 | Train Loss: 0.509 | Val Loss: 0.50 | Val F1: 0.84 |
2023-09-02 20:45:11,504 - FGO - INFO - Epoch  50 | Train Loss: 0.402 | Val Loss: 0.40 | Val F1: 0.86 |
2023-09-02 20:45:11,528 - FGO - INFO - Epoch  60 | Train Loss: 0.301 | Val Loss: 0.31 | Val F1: 0.92 |
2023-09-02 20:45:11,552 - FGO - INFO - Epoch  70 | Train Loss: 0.228 | Val Loss: 0.23 | Val F1: 0.92 |
2023-09-02 20:45:11,577 - FGO - INFO - Epoch  80 | Train Loss: 0.183 | Val Loss: 0.19 | Val F1: 0.93 |
2023-09-02 20:45:11,601 - FGO - INFO - Epoch  90 | Train Loss: 0.154 | Val Loss: 0.16 | Val F1: 0.95 |
2023-09-02 20:45:11,626 - FGO - INFO - Epoch 100 | Train Loss: 0.134 | Val Loss: 0.14 | Val F1: 0.95 |
2023-09-02 20:45:11,626 - FGO - INFO - Best Epoch:  98 | Train Loss: 0.137 | Val Loss: 0.15 | Val F1: 0.95 
2023-09-02 20:45:11,626 - FGO - INFO - Setting model to best state.
2023-09-02 20:45:11,627 - FGO - INFO - ===== Train Fair OT GCN Model ============================================================
2023-09-02 20:45:11,691 - FGO - INFO - Epoch   0 | Train Loss: -7.542 | Val Loss: -0.85 | Val F1: 0.95 |
2023-09-02 20:45:12,472 - FGO - INFO - Epoch  10 | Train Loss: -7.762 | Val Loss: -0.86 | Val F1: 0.94 |
2023-09-02 20:45:13,244 - FGO - INFO - Epoch  20 | Train Loss: -7.922 | Val Loss: -0.89 | Val F1: 0.94 |
2023-09-02 20:45:14,055 - FGO - INFO - Epoch  30 | Train Loss: -7.999 | Val Loss: -0.89 | Val F1: 0.92 |
2023-09-02 20:45:14,850 - FGO - INFO - Epoch  40 | Train Loss: -8.038 | Val Loss: -0.90 | Val F1: 0.92 |
2023-09-02 20:45:15,595 - FGO - INFO - Best Epoch:   7 | Train Loss: -7.700 | Val Loss: -0.86 | Val F1: 0.95 |
2023-09-02 20:45:15,595 - FGO - INFO - Setting model to best state.
2023-09-02 20:45:15,599 - FGO - INFO - ===== Test Fair OT GCN Model =============================================================
2023-09-02 20:45:15,627 - FGO - INFO - Train CM:
[[382   3]
 [ 57 275]]
2023-09-02 20:45:15,627 - FGO - INFO - Val CM:
[[47  2]
 [ 5 33]]
2023-09-02 20:45:15,628 - FGO - INFO - Test CM:
[[47  2]
 [ 5 33]]
2023-09-02 20:45:15,633 - FGO - INFO - test statistical parity: 0.10759493670886078
2023-09-02 20:45:15,635 - FGO - INFO - test equal opportunity: 0.1470588235294118
2023-09-02 20:45:15,635 - FGO - INFO - test micro f1: 0.9195402298850575
2023-09-02 20:45:15,636 - FGO - INFO - test macro f1: 0.9174013291740133
