2023-09-02 20:47:08,457 - FGO - INFO - ===== SETUP LOGGING ======================================================================
2023-09-02 20:47:08,457 - FGO - INFO - THIS_FILE: Wrapper.py
2023-09-02 20:47:08,457 - FGO - INFO - 	done: False
2023-09-02 20:47:08,457 - FGO - INFO - 	learning_rate: 0.001
2023-09-02 20:47:08,457 - FGO - INFO - 	h1: 64
2023-09-02 20:47:08,457 - FGO - INFO - 	h2: 32
2023-09-02 20:47:08,457 - FGO - INFO - 	weight_decay: 0.0005
2023-09-02 20:47:08,457 - FGO - INFO - 	dropout: 0.0
2023-09-02 20:47:08,457 - FGO - INFO - 	max_pretrain_epochs: 100
2023-09-02 20:47:08,457 - FGO - INFO - 	max_ot_epochs: 50
2023-09-02 20:47:08,457 - FGO - INFO - 	lambda: 0.05
2023-09-02 20:47:08,457 - FGO - INFO - 	theta: 30
2023-09-02 20:47:08,457 - FGO - INFO - 	clip: 5
2023-09-02 20:47:08,457 - FGO - INFO - ===== SETUP LOGGING COMPLETE =============================================================
2023-09-02 20:47:08,457 - FGO - INFO - ===== Configuring Masks ==================================================================
2023-09-02 20:47:08,457 - FGO - INFO - Source Total: 729
2023-09-02 20:47:08,457 - FGO - INFO - Target Total: 75
2023-09-02 20:47:08,457 - FGO - INFO - Train Total: 729
2023-09-02 20:47:08,457 - FGO - INFO - Val Total:   75
2023-09-02 20:47:08,457 - FGO - INFO - Test Total:  75
2023-09-02 20:47:08,457 - FGO - INFO - ===== Preparing to load data =============================================================
2023-09-02 20:47:08,457 - FGO - INFO - SOURCE: abide_large
2023-09-02 20:47:08,457 - FGO - INFO - ===== Retrieving SOURCE Data =============================================================
2023-09-02 20:47:08,457 - FGO - INFO - *************** In load_graph_data ***************
2023-09-02 20:47:08,457 - FGO - INFO - 	FILEPATH: ./data/abide_large.mat
2023-09-02 20:47:08,458 - FGO - INFO - 	X shape: (804, 93)
2023-09-02 20:47:08,458 - FGO - INFO - 	A shape: (804, 804)
2023-09-02 20:47:08,458 - FGO - INFO - 	P shape: (804,)
2023-09-02 20:47:08,458 - FGO - INFO - 	Y shape: (804, 2)
2023-09-02 20:47:08,458 - FGO - INFO - 	Y sum: 804 (number of postive labels)
2023-09-02 20:47:08,459 - FGO - INFO - ===== Preparing data =====================================================================
2023-09-02 20:47:08,460 - FGO - INFO - ===== Disconnecting Source and Target ====================================================
2023-09-02 20:47:08,553 - FGO - INFO - ===== Finalize Data ======================================================================
2023-09-02 20:47:08,553 - FGO - INFO - A shape: (804, 804)
2023-09-02 20:47:08,553 - FGO - INFO - X shape: (804, 93)
2023-09-02 20:47:08,553 - FGO - INFO - Y shape: (804, 2)
2023-09-02 20:47:08,553 - FGO - INFO - N: 804
2023-09-02 20:47:08,553 - FGO - INFO - N_s: 729
2023-09-02 20:47:08,553 - FGO - INFO - N_t: 75
2023-09-02 20:47:08,557 - FGO - INFO - ===== Pretrain GCN Model =================================================================
2023-09-02 20:47:08,560 - FGO - INFO - Epoch   0 | Train Loss: 0.689 | Val Loss: 0.68 | Val F1: 0.37 |
2023-09-02 20:47:08,585 - FGO - INFO - Epoch  10 | Train Loss: 0.674 | Val Loss: 0.67 | Val F1: 0.39 |
2023-09-02 20:47:08,609 - FGO - INFO - Epoch  20 | Train Loss: 0.650 | Val Loss: 0.64 | Val F1: 0.64 |
2023-09-02 20:47:08,634 - FGO - INFO - Epoch  30 | Train Loss: 0.596 | Val Loss: 0.57 | Val F1: 0.86 |
2023-09-02 20:47:08,659 - FGO - INFO - Epoch  40 | Train Loss: 0.510 | Val Loss: 0.47 | Val F1: 0.92 |
2023-09-02 20:47:08,683 - FGO - INFO - Epoch  50 | Train Loss: 0.406 | Val Loss: 0.34 | Val F1: 0.93 |
2023-09-02 20:47:08,708 - FGO - INFO - Epoch  60 | Train Loss: 0.305 | Val Loss: 0.23 | Val F1: 0.97 |
2023-09-02 20:47:08,732 - FGO - INFO - Epoch  70 | Train Loss: 0.231 | Val Loss: 0.16 | Val F1: 0.99 |
2023-09-02 20:47:08,757 - FGO - INFO - Epoch  80 | Train Loss: 0.186 | Val Loss: 0.12 | Val F1: 0.99 |
2023-09-02 20:47:08,781 - FGO - INFO - Epoch  90 | Train Loss: 0.156 | Val Loss: 0.10 | Val F1: 0.99 |
2023-09-02 20:47:08,806 - FGO - INFO - Epoch 100 | Train Loss: 0.135 | Val Loss: 0.09 | Val F1: 0.97 |
2023-09-02 20:47:08,806 - FGO - INFO - Best Epoch:  88 | Train Loss: 0.161 | Val Loss: 0.10 | Val F1: 0.99 
2023-09-02 20:47:08,806 - FGO - INFO - Setting model to best state.
2023-09-02 20:47:08,807 - FGO - INFO - ===== Train Fair OT GCN Model ============================================================
2023-09-02 20:47:08,901 - FGO - INFO - Epoch   0 | Train Loss: -13.054 | Val Loss: -1.33 | Val F1: 0.99 |
2023-09-02 20:47:09,703 - FGO - INFO - Epoch  10 | Train Loss: -13.503 | Val Loss: -1.35 | Val F1: 0.99 |
2023-09-02 20:47:10,501 - FGO - INFO - Epoch  20 | Train Loss: -13.665 | Val Loss: -1.33 | Val F1: 0.95 |
2023-09-02 20:47:11,253 - FGO - INFO - Epoch  30 | Train Loss: -13.789 | Val Loss: -1.37 | Val F1: 0.95 |
2023-09-02 20:47:12,026 - FGO - INFO - Epoch  40 | Train Loss: -13.853 | Val Loss: -1.36 | Val F1: 0.95 |
2023-09-02 20:47:12,725 - FGO - INFO - Best Epoch:   8 | Train Loss: -13.481 | Val Loss: -1.33 | Val F1: 0.99 |
2023-09-02 20:47:12,725 - FGO - INFO - Setting model to best state.
2023-09-02 20:47:12,728 - FGO - INFO - ===== Test Fair OT GCN Model =============================================================
2023-09-02 20:47:12,754 - FGO - INFO - Train CM:
[[395   1]
 [ 71 262]]
2023-09-02 20:47:12,755 - FGO - INFO - Val CM:
[[38  0]
 [ 4 33]]
2023-09-02 20:47:12,755 - FGO - INFO - Test CM:
[[38  0]
 [ 4 33]]
2023-09-02 20:47:12,760 - FGO - INFO - test statistical parity: 0.10187353629976581
2023-09-02 20:47:12,762 - FGO - INFO - test equal opportunity: 0.21904761904761905
2023-09-02 20:47:12,763 - FGO - INFO - test micro f1: 0.9466666666666667
2023-09-02 20:47:12,763 - FGO - INFO - test macro f1: 0.9464285714285714
