2023-09-02 20:56:25,519 - FGO - INFO - ===== SETUP LOGGING ======================================================================
2023-09-02 20:56:25,519 - FGO - INFO - THIS_FILE: Wrapper.py
2023-09-02 20:56:25,519 - FGO - INFO - 	done: False
2023-09-02 20:56:25,519 - FGO - INFO - 	learning_rate: 0.01
2023-09-02 20:56:25,519 - FGO - INFO - 	h1: 64
2023-09-02 20:56:25,519 - FGO - INFO - 	h2: 32
2023-09-02 20:56:25,519 - FGO - INFO - 	weight_decay: 0.0005
2023-09-02 20:56:25,519 - FGO - INFO - 	dropout: 0.0
2023-09-02 20:56:25,519 - FGO - INFO - 	max_pretrain_epochs: 100
2023-09-02 20:56:25,519 - FGO - INFO - 	max_ot_epochs: 50
2023-09-02 20:56:25,519 - FGO - INFO - 	lambda: 0.01
2023-09-02 20:56:25,519 - FGO - INFO - 	theta: 30
2023-09-02 20:56:25,519 - FGO - INFO - 	clip: 5
2023-09-02 20:56:25,519 - FGO - INFO - ===== SETUP LOGGING COMPLETE =============================================================
2023-09-02 20:56:25,519 - FGO - INFO - ===== Configuring Masks ==================================================================
2023-09-02 20:56:25,519 - FGO - INFO - Source Total: 717
2023-09-02 20:56:25,519 - FGO - INFO - Target Total: 87
2023-09-02 20:56:25,519 - FGO - INFO - Train Total: 717
2023-09-02 20:56:25,519 - FGO - INFO - Val Total:   87
2023-09-02 20:56:25,519 - FGO - INFO - Test Total:  87
2023-09-02 20:56:25,519 - FGO - INFO - ===== Preparing to load data =============================================================
2023-09-02 20:56:25,519 - FGO - INFO - SOURCE: abide_large
2023-09-02 20:56:25,519 - FGO - INFO - ===== Retrieving SOURCE Data =============================================================
2023-09-02 20:56:25,519 - FGO - INFO - *************** In load_graph_data ***************
2023-09-02 20:56:25,519 - FGO - INFO - 	FILEPATH: ./data/abide_large.mat
2023-09-02 20:56:25,520 - FGO - INFO - 	X shape: (804, 93)
2023-09-02 20:56:25,520 - FGO - INFO - 	A shape: (804, 804)
2023-09-02 20:56:25,520 - FGO - INFO - 	P shape: (804,)
2023-09-02 20:56:25,520 - FGO - INFO - 	Y shape: (804, 2)
2023-09-02 20:56:25,520 - FGO - INFO - 	Y sum: 804 (number of postive labels)
2023-09-02 20:56:25,521 - FGO - INFO - ===== Preparing data =====================================================================
2023-09-02 20:56:25,522 - FGO - INFO - ===== Disconnecting Source and Target ====================================================
2023-09-02 20:56:25,629 - FGO - INFO - ===== Finalize Data ======================================================================
2023-09-02 20:56:25,629 - FGO - INFO - A shape: (804, 804)
2023-09-02 20:56:25,629 - FGO - INFO - X shape: (804, 93)
2023-09-02 20:56:25,629 - FGO - INFO - Y shape: (804, 2)
2023-09-02 20:56:25,629 - FGO - INFO - N: 804
2023-09-02 20:56:25,629 - FGO - INFO - N_s: 717
2023-09-02 20:56:25,629 - FGO - INFO - N_t: 87
2023-09-02 20:56:25,633 - FGO - INFO - ===== Pretrain GCN Model =================================================================
2023-09-02 20:56:25,636 - FGO - INFO - Epoch   0 | Train Loss: 0.690 | Val Loss: 0.68 | Val F1: 0.36 |
2023-09-02 20:56:25,661 - FGO - INFO - Epoch  10 | Train Loss: 0.496 | Val Loss: 0.48 | Val F1: 0.80 |
2023-09-02 20:56:25,685 - FGO - INFO - Epoch  20 | Train Loss: 0.161 | Val Loss: 0.13 | Val F1: 0.93 |
2023-09-02 20:56:25,710 - FGO - INFO - Epoch  30 | Train Loss: 0.108 | Val Loss: 0.07 | Val F1: 0.96 |
2023-09-02 20:56:25,734 - FGO - INFO - Epoch  40 | Train Loss: 0.089 | Val Loss: 0.09 | Val F1: 0.98 |
2023-09-02 20:56:25,759 - FGO - INFO - Epoch  50 | Train Loss: 0.078 | Val Loss: 0.08 | Val F1: 0.99 |
2023-09-02 20:56:25,783 - FGO - INFO - Epoch  60 | Train Loss: 0.072 | Val Loss: 0.06 | Val F1: 0.98 |
2023-09-02 20:56:25,807 - FGO - INFO - Epoch  70 | Train Loss: 0.074 | Val Loss: 0.05 | Val F1: 0.99 |
2023-09-02 20:56:25,832 - FGO - INFO - Epoch  80 | Train Loss: 0.068 | Val Loss: 0.05 | Val F1: 0.99 |
2023-09-02 20:56:25,856 - FGO - INFO - Epoch  90 | Train Loss: 0.065 | Val Loss: 0.04 | Val F1: 0.99 |
2023-09-02 20:56:25,880 - FGO - INFO - Epoch 100 | Train Loss: 0.065 | Val Loss: 0.04 | Val F1: 1.00 |
2023-09-02 20:56:25,880 - FGO - INFO - Best Epoch:  73 | Train Loss: 0.068 | Val Loss: 0.05 | Val F1: 1.00 
2023-09-02 20:56:25,880 - FGO - INFO - Setting model to best state.
2023-09-02 20:56:25,882 - FGO - INFO - ===== Train Fair OT GCN Model ============================================================
2023-09-02 20:56:26,002 - FGO - INFO - Epoch   0 | Train Loss: -2.006 | Val Loss: -0.23 | Val F1: 1.00 |
2023-09-02 20:56:27,005 - FGO - INFO - Epoch  10 | Train Loss: -2.301 | Val Loss: -0.25 | Val F1: 0.99 |
2023-09-02 20:56:27,873 - FGO - INFO - Epoch  20 | Train Loss: -2.471 | Val Loss: -0.23 | Val F1: 0.97 |
2023-09-02 20:56:28,725 - FGO - INFO - Epoch  30 | Train Loss: -2.547 | Val Loss: -0.28 | Val F1: 0.99 |
2023-09-02 20:56:29,508 - FGO - INFO - Epoch  40 | Train Loss: -2.596 | Val Loss: -0.29 | Val F1: 0.99 |
2023-09-02 20:56:30,285 - FGO - INFO - Best Epoch:  12 | Train Loss: -2.343 | Val Loss: -0.22 | Val F1: 1.00 |
2023-09-02 20:56:30,285 - FGO - INFO - Setting model to best state.
2023-09-02 20:56:30,289 - FGO - INFO - ===== Test Fair OT GCN Model =============================================================
2023-09-02 20:56:30,317 - FGO - INFO - Train CM:
[[375  10]
 [ 11 321]]
2023-09-02 20:56:30,317 - FGO - INFO - Val CM:
[[48  1]
 [ 0 38]]
2023-09-02 20:56:30,317 - FGO - INFO - Test CM:
[[48  1]
 [ 0 38]]
2023-09-02 20:56:30,322 - FGO - INFO - test statistical parity: 0.05696202531645572
2023-09-02 20:56:30,324 - FGO - INFO - test equal opportunity: 0.0
2023-09-02 20:56:30,325 - FGO - INFO - test micro f1: 0.9885057471264368
2023-09-02 20:56:30,325 - FGO - INFO - test macro f1: 0.9883518543312357
