2023-09-02 20:57:13,022 - FGO - INFO - ===== SETUP LOGGING ======================================================================
2023-09-02 20:57:13,022 - FGO - INFO - THIS_FILE: Wrapper.py
2023-09-02 20:57:13,022 - FGO - INFO - 	done: False
2023-09-02 20:57:13,022 - FGO - INFO - 	learning_rate: 0.01
2023-09-02 20:57:13,022 - FGO - INFO - 	h1: 64
2023-09-02 20:57:13,022 - FGO - INFO - 	h2: 32
2023-09-02 20:57:13,022 - FGO - INFO - 	weight_decay: 0.0005
2023-09-02 20:57:13,022 - FGO - INFO - 	dropout: 0.0
2023-09-02 20:57:13,022 - FGO - INFO - 	max_pretrain_epochs: 100
2023-09-02 20:57:13,022 - FGO - INFO - 	max_ot_epochs: 50
2023-09-02 20:57:13,022 - FGO - INFO - 	lambda: 0.01
2023-09-02 20:57:13,022 - FGO - INFO - 	theta: 50
2023-09-02 20:57:13,022 - FGO - INFO - 	clip: 5
2023-09-02 20:57:13,022 - FGO - INFO - ===== SETUP LOGGING COMPLETE =============================================================
2023-09-02 20:57:13,022 - FGO - INFO - ===== Configuring Masks ==================================================================
2023-09-02 20:57:13,022 - FGO - INFO - Source Total: 717
2023-09-02 20:57:13,022 - FGO - INFO - Target Total: 87
2023-09-02 20:57:13,022 - FGO - INFO - Train Total: 717
2023-09-02 20:57:13,022 - FGO - INFO - Val Total:   87
2023-09-02 20:57:13,022 - FGO - INFO - Test Total:  87
2023-09-02 20:57:13,022 - FGO - INFO - ===== Preparing to load data =============================================================
2023-09-02 20:57:13,022 - FGO - INFO - SOURCE: abide_large
2023-09-02 20:57:13,022 - FGO - INFO - ===== Retrieving SOURCE Data =============================================================
2023-09-02 20:57:13,022 - FGO - INFO - *************** In load_graph_data ***************
2023-09-02 20:57:13,023 - FGO - INFO - 	FILEPATH: ./data/abide_large.mat
2023-09-02 20:57:13,023 - FGO - INFO - 	X shape: (804, 93)
2023-09-02 20:57:13,023 - FGO - INFO - 	A shape: (804, 804)
2023-09-02 20:57:13,023 - FGO - INFO - 	P shape: (804,)
2023-09-02 20:57:13,023 - FGO - INFO - 	Y shape: (804, 2)
2023-09-02 20:57:13,023 - FGO - INFO - 	Y sum: 804 (number of postive labels)
2023-09-02 20:57:13,024 - FGO - INFO - ===== Preparing data =====================================================================
2023-09-02 20:57:13,025 - FGO - INFO - ===== Disconnecting Source and Target ====================================================
2023-09-02 20:57:13,131 - FGO - INFO - ===== Finalize Data ======================================================================
2023-09-02 20:57:13,131 - FGO - INFO - A shape: (804, 804)
2023-09-02 20:57:13,131 - FGO - INFO - X shape: (804, 93)
2023-09-02 20:57:13,131 - FGO - INFO - Y shape: (804, 2)
2023-09-02 20:57:13,131 - FGO - INFO - N: 804
2023-09-02 20:57:13,131 - FGO - INFO - N_s: 717
2023-09-02 20:57:13,131 - FGO - INFO - N_t: 87
2023-09-02 20:57:13,135 - FGO - INFO - ===== Pretrain GCN Model =================================================================
2023-09-02 20:57:13,138 - FGO - INFO - Epoch   0 | Train Loss: 0.690 | Val Loss: 0.68 | Val F1: 0.36 |
2023-09-02 20:57:13,167 - FGO - INFO - Epoch  10 | Train Loss: 0.496 | Val Loss: 0.48 | Val F1: 0.80 |
2023-09-02 20:57:13,195 - FGO - INFO - Epoch  20 | Train Loss: 0.161 | Val Loss: 0.13 | Val F1: 0.93 |
2023-09-02 20:57:13,222 - FGO - INFO - Epoch  30 | Train Loss: 0.108 | Val Loss: 0.07 | Val F1: 0.96 |
2023-09-02 20:57:13,248 - FGO - INFO - Epoch  40 | Train Loss: 0.089 | Val Loss: 0.09 | Val F1: 0.98 |
2023-09-02 20:57:13,272 - FGO - INFO - Epoch  50 | Train Loss: 0.078 | Val Loss: 0.08 | Val F1: 0.99 |
2023-09-02 20:57:13,296 - FGO - INFO - Epoch  60 | Train Loss: 0.072 | Val Loss: 0.06 | Val F1: 0.98 |
2023-09-02 20:57:13,321 - FGO - INFO - Epoch  70 | Train Loss: 0.074 | Val Loss: 0.05 | Val F1: 0.99 |
2023-09-02 20:57:13,345 - FGO - INFO - Epoch  80 | Train Loss: 0.068 | Val Loss: 0.05 | Val F1: 0.99 |
2023-09-02 20:57:13,369 - FGO - INFO - Epoch  90 | Train Loss: 0.065 | Val Loss: 0.04 | Val F1: 0.99 |
2023-09-02 20:57:13,394 - FGO - INFO - Epoch 100 | Train Loss: 0.066 | Val Loss: 0.04 | Val F1: 1.00 |
2023-09-02 20:57:13,394 - FGO - INFO - Best Epoch:  73 | Train Loss: 0.068 | Val Loss: 0.05 | Val F1: 1.00 
2023-09-02 20:57:13,394 - FGO - INFO - Setting model to best state.
2023-09-02 20:57:13,395 - FGO - INFO - ===== Train Fair OT GCN Model ============================================================
2023-09-02 20:57:13,518 - FGO - INFO - Epoch   0 | Train Loss: -3.397 | Val Loss: -0.40 | Val F1: 1.00 |
2023-09-02 20:57:14,423 - FGO - INFO - Epoch  10 | Train Loss: -4.047 | Val Loss: -0.42 | Val F1: 0.97 |
2023-09-02 20:57:15,276 - FGO - INFO - Epoch  20 | Train Loss: -4.244 | Val Loss: -0.44 | Val F1: 0.99 |
2023-09-02 20:57:16,017 - FGO - INFO - Epoch  30 | Train Loss: -4.359 | Val Loss: -0.51 | Val F1: 0.98 |
2023-09-02 20:57:16,797 - FGO - INFO - Epoch  40 | Train Loss: -4.427 | Val Loss: -0.53 | Val F1: 0.99 |
2023-09-02 20:57:17,488 - FGO - INFO - Best Epoch:  31 | Train Loss: -4.370 | Val Loss: -0.51 | Val F1: 0.99 |
2023-09-02 20:57:17,488 - FGO - INFO - Setting model to best state.
2023-09-02 20:57:17,492 - FGO - INFO - ===== Test Fair OT GCN Model =============================================================
2023-09-02 20:57:17,521 - FGO - INFO - Train CM:
[[376   9]
 [ 12 320]]
2023-09-02 20:57:17,521 - FGO - INFO - Val CM:
[[47  2]
 [ 0 38]]
2023-09-02 20:57:17,521 - FGO - INFO - Test CM:
[[47  2]
 [ 0 38]]
2023-09-02 20:57:17,526 - FGO - INFO - test statistical parity: 0.044303797468354444
2023-09-02 20:57:17,528 - FGO - INFO - test equal opportunity: 0.0
2023-09-02 20:57:17,529 - FGO - INFO - test micro f1: 0.9770114942528736
2023-09-02 20:57:17,529 - FGO - INFO - test macro f1: 0.9767628205128205
