2023-09-02 20:49:53,614 - FGO - INFO - ===== SETUP LOGGING ======================================================================
2023-09-02 20:49:53,614 - FGO - INFO - THIS_FILE: Wrapper.py
2023-09-02 20:49:53,614 - FGO - INFO - 	done: False
2023-09-02 20:49:53,614 - FGO - INFO - 	learning_rate: 0.005
2023-09-02 20:49:53,614 - FGO - INFO - 	h1: 64
2023-09-02 20:49:53,614 - FGO - INFO - 	h2: 32
2023-09-02 20:49:53,614 - FGO - INFO - 	weight_decay: 0.0005
2023-09-02 20:49:53,614 - FGO - INFO - 	dropout: 0.0
2023-09-02 20:49:53,614 - FGO - INFO - 	max_pretrain_epochs: 100
2023-09-02 20:49:53,614 - FGO - INFO - 	max_ot_epochs: 50
2023-09-02 20:49:53,614 - FGO - INFO - 	lambda: 0.01
2023-09-02 20:49:53,614 - FGO - INFO - 	theta: 30
2023-09-02 20:49:53,614 - FGO - INFO - 	clip: 5
2023-09-02 20:49:53,614 - FGO - INFO - ===== SETUP LOGGING COMPLETE =============================================================
2023-09-02 20:49:53,614 - FGO - INFO - ===== Configuring Masks ==================================================================
2023-09-02 20:49:53,614 - FGO - INFO - Source Total: 725
2023-09-02 20:49:53,614 - FGO - INFO - Target Total: 79
2023-09-02 20:49:53,614 - FGO - INFO - Train Total: 725
2023-09-02 20:49:53,614 - FGO - INFO - Val Total:   79
2023-09-02 20:49:53,614 - FGO - INFO - Test Total:  79
2023-09-02 20:49:53,614 - FGO - INFO - ===== Preparing to load data =============================================================
2023-09-02 20:49:53,614 - FGO - INFO - SOURCE: abide_large
2023-09-02 20:49:53,614 - FGO - INFO - ===== Retrieving SOURCE Data =============================================================
2023-09-02 20:49:53,614 - FGO - INFO - *************** In load_graph_data ***************
2023-09-02 20:49:53,614 - FGO - INFO - 	FILEPATH: ./data/abide_large.mat
2023-09-02 20:49:53,614 - FGO - INFO - 	X shape: (804, 93)
2023-09-02 20:49:53,614 - FGO - INFO - 	A shape: (804, 804)
2023-09-02 20:49:53,615 - FGO - INFO - 	P shape: (804,)
2023-09-02 20:49:53,615 - FGO - INFO - 	Y shape: (804, 2)
2023-09-02 20:49:53,615 - FGO - INFO - 	Y sum: 804 (number of postive labels)
2023-09-02 20:49:53,616 - FGO - INFO - ===== Preparing data =====================================================================
2023-09-02 20:49:53,617 - FGO - INFO - ===== Disconnecting Source and Target ====================================================
2023-09-02 20:49:53,716 - FGO - INFO - ===== Finalize Data ======================================================================
2023-09-02 20:49:53,716 - FGO - INFO - A shape: (804, 804)
2023-09-02 20:49:53,716 - FGO - INFO - X shape: (804, 93)
2023-09-02 20:49:53,716 - FGO - INFO - Y shape: (804, 2)
2023-09-02 20:49:53,716 - FGO - INFO - N: 804
2023-09-02 20:49:53,716 - FGO - INFO - N_s: 725
2023-09-02 20:49:53,716 - FGO - INFO - N_t: 79
2023-09-02 20:49:53,720 - FGO - INFO - ===== Pretrain GCN Model =================================================================
2023-09-02 20:49:53,723 - FGO - INFO - Epoch   0 | Train Loss: 0.690 | Val Loss: 0.67 | Val F1: 0.38 |
2023-09-02 20:49:53,748 - FGO - INFO - Epoch  10 | Train Loss: 0.579 | Val Loss: 0.59 | Val F1: 0.74 |
2023-09-02 20:49:53,772 - FGO - INFO - Epoch  20 | Train Loss: 0.262 | Val Loss: 0.30 | Val F1: 0.91 |
2023-09-02 20:49:53,797 - FGO - INFO - Epoch  30 | Train Loss: 0.128 | Val Loss: 0.18 | Val F1: 0.97 |
2023-09-02 20:49:53,821 - FGO - INFO - Epoch  40 | Train Loss: 0.098 | Val Loss: 0.20 | Val F1: 0.97 |
2023-09-02 20:49:53,846 - FGO - INFO - Epoch  50 | Train Loss: 0.085 | Val Loss: 0.20 | Val F1: 0.97 |
2023-09-02 20:49:53,870 - FGO - INFO - Epoch  60 | Train Loss: 0.076 | Val Loss: 0.19 | Val F1: 0.97 |
2023-09-02 20:49:53,894 - FGO - INFO - Epoch  70 | Train Loss: 0.071 | Val Loss: 0.17 | Val F1: 0.97 |
2023-09-02 20:49:53,919 - FGO - INFO - Epoch  80 | Train Loss: 0.068 | Val Loss: 0.17 | Val F1: 0.97 |
2023-09-02 20:49:53,943 - FGO - INFO - Epoch  90 | Train Loss: 0.066 | Val Loss: 0.15 | Val F1: 0.97 |
2023-09-02 20:49:53,967 - FGO - INFO - Epoch 100 | Train Loss: 0.065 | Val Loss: 0.15 | Val F1: 0.97 |
2023-09-02 20:49:53,967 - FGO - INFO - Best Epoch:  51 | Train Loss: 0.085 | Val Loss: 0.18 | Val F1: 0.99 
2023-09-02 20:49:53,967 - FGO - INFO - Setting model to best state.
2023-09-02 20:49:53,969 - FGO - INFO - ===== Train Fair OT GCN Model ============================================================
2023-09-02 20:49:54,083 - FGO - INFO - Epoch   0 | Train Loss: -1.848 | Val Loss: -0.08 | Val F1: 0.97 |
2023-09-02 20:49:54,971 - FGO - INFO - Epoch  10 | Train Loss: -2.219 | Val Loss: 0.07 | Val F1: 0.85 |
2023-09-02 20:49:55,842 - FGO - INFO - Epoch  20 | Train Loss: -2.376 | Val Loss: -0.13 | Val F1: 0.96 |
2023-09-02 20:49:56,676 - FGO - INFO - Epoch  30 | Train Loss: -2.491 | Val Loss: -0.17 | Val F1: 0.97 |
2023-09-02 20:49:57,497 - FGO - INFO - Epoch  40 | Train Loss: -2.554 | Val Loss: -0.18 | Val F1: 0.97 |
2023-09-02 20:49:58,251 - FGO - INFO - Best Epoch:  22 | Train Loss: -2.401 | Val Loss: -0.13 | Val F1: 0.97 |
2023-09-02 20:49:58,251 - FGO - INFO - Setting model to best state.
2023-09-02 20:49:58,255 - FGO - INFO - ===== Test Fair OT GCN Model =============================================================
2023-09-02 20:49:58,279 - FGO - INFO - Train CM:
[[378   7]
 [ 12 328]]
2023-09-02 20:49:58,280 - FGO - INFO - Val CM:
[[47  2]
 [ 0 30]]
2023-09-02 20:49:58,280 - FGO - INFO - Test CM:
[[47  2]
 [ 0 30]]
2023-09-02 20:49:58,284 - FGO - INFO - test statistical parity: 0.005797101449275366
2023-09-02 20:49:58,286 - FGO - INFO - test equal opportunity: 0.0
2023-09-02 20:49:58,287 - FGO - INFO - test micro f1: 0.9746835443037974
2023-09-02 20:49:58,287 - FGO - INFO - test macro f1: 0.9734543010752688
