2023-09-02 20:51:46,226 - FGO - INFO - ===== SETUP LOGGING ======================================================================
2023-09-02 20:51:46,226 - FGO - INFO - THIS_FILE: Wrapper.py
2023-09-02 20:51:46,226 - FGO - INFO - 	done: False
2023-09-02 20:51:46,226 - FGO - INFO - 	learning_rate: 0.005
2023-09-02 20:51:46,226 - FGO - INFO - 	h1: 64
2023-09-02 20:51:46,227 - FGO - INFO - 	h2: 32
2023-09-02 20:51:46,227 - FGO - INFO - 	weight_decay: 0.0005
2023-09-02 20:51:46,227 - FGO - INFO - 	dropout: 0.0
2023-09-02 20:51:46,227 - FGO - INFO - 	max_pretrain_epochs: 100
2023-09-02 20:51:46,227 - FGO - INFO - 	max_ot_epochs: 50
2023-09-02 20:51:46,227 - FGO - INFO - 	lambda: 0.03
2023-09-02 20:51:46,227 - FGO - INFO - 	theta: 30
2023-09-02 20:51:46,227 - FGO - INFO - 	clip: 5
2023-09-02 20:51:46,227 - FGO - INFO - ===== SETUP LOGGING COMPLETE =============================================================
2023-09-02 20:51:46,227 - FGO - INFO - ===== Configuring Masks ==================================================================
2023-09-02 20:51:46,227 - FGO - INFO - Source Total: 732
2023-09-02 20:51:46,227 - FGO - INFO - Target Total: 72
2023-09-02 20:51:46,227 - FGO - INFO - Train Total: 732
2023-09-02 20:51:46,227 - FGO - INFO - Val Total:   72
2023-09-02 20:51:46,227 - FGO - INFO - Test Total:  72
2023-09-02 20:51:46,227 - FGO - INFO - ===== Preparing to load data =============================================================
2023-09-02 20:51:46,227 - FGO - INFO - SOURCE: abide_large
2023-09-02 20:51:46,227 - FGO - INFO - ===== Retrieving SOURCE Data =============================================================
2023-09-02 20:51:46,227 - FGO - INFO - *************** In load_graph_data ***************
2023-09-02 20:51:46,227 - FGO - INFO - 	FILEPATH: ./data/abide_large.mat
2023-09-02 20:51:46,227 - FGO - INFO - 	X shape: (804, 93)
2023-09-02 20:51:46,227 - FGO - INFO - 	A shape: (804, 804)
2023-09-02 20:51:46,227 - FGO - INFO - 	P shape: (804,)
2023-09-02 20:51:46,227 - FGO - INFO - 	Y shape: (804, 2)
2023-09-02 20:51:46,227 - FGO - INFO - 	Y sum: 804 (number of postive labels)
2023-09-02 20:51:46,228 - FGO - INFO - ===== Preparing data =====================================================================
2023-09-02 20:51:46,230 - FGO - INFO - ===== Disconnecting Source and Target ====================================================
2023-09-02 20:51:46,320 - FGO - INFO - ===== Finalize Data ======================================================================
2023-09-02 20:51:46,320 - FGO - INFO - A shape: (804, 804)
2023-09-02 20:51:46,320 - FGO - INFO - X shape: (804, 93)
2023-09-02 20:51:46,320 - FGO - INFO - Y shape: (804, 2)
2023-09-02 20:51:46,320 - FGO - INFO - N: 804
2023-09-02 20:51:46,320 - FGO - INFO - N_s: 732
2023-09-02 20:51:46,320 - FGO - INFO - N_t: 72
2023-09-02 20:51:46,324 - FGO - INFO - ===== Pretrain GCN Model =================================================================
2023-09-02 20:51:46,327 - FGO - INFO - Epoch   0 | Train Loss: 0.688 | Val Loss: 0.70 | Val F1: 0.33 |
2023-09-02 20:51:46,352 - FGO - INFO - Epoch  10 | Train Loss: 0.578 | Val Loss: 0.58 | Val F1: 0.78 |
2023-09-02 20:51:46,377 - FGO - INFO - Epoch  20 | Train Loss: 0.258 | Val Loss: 0.23 | Val F1: 0.90 |
2023-09-02 20:51:46,402 - FGO - INFO - Epoch  30 | Train Loss: 0.130 | Val Loss: 0.12 | Val F1: 0.97 |
2023-09-02 20:51:46,426 - FGO - INFO - Epoch  40 | Train Loss: 0.095 | Val Loss: 0.12 | Val F1: 0.97 |
2023-09-02 20:51:46,451 - FGO - INFO - Epoch  50 | Train Loss: 0.084 | Val Loss: 0.12 | Val F1: 0.97 |
2023-09-02 20:51:46,475 - FGO - INFO - Epoch  60 | Train Loss: 0.077 | Val Loss: 0.10 | Val F1: 0.97 |
2023-09-02 20:51:46,500 - FGO - INFO - Epoch  70 | Train Loss: 0.071 | Val Loss: 0.07 | Val F1: 0.97 |
2023-09-02 20:51:46,525 - FGO - INFO - Epoch  80 | Train Loss: 0.067 | Val Loss: 0.06 | Val F1: 0.99 |
2023-09-02 20:51:46,549 - FGO - INFO - Epoch  90 | Train Loss: 0.065 | Val Loss: 0.06 | Val F1: 0.99 |
2023-09-02 20:51:46,574 - FGO - INFO - Epoch 100 | Train Loss: 0.064 | Val Loss: 0.06 | Val F1: 0.99 |
2023-09-02 20:51:46,574 - FGO - INFO - Best Epoch:  72 | Train Loss: 0.070 | Val Loss: 0.07 | Val F1: 0.99 
2023-09-02 20:51:46,574 - FGO - INFO - Setting model to best state.
2023-09-02 20:51:46,575 - FGO - INFO - ===== Train Fair OT GCN Model ============================================================
2023-09-02 20:51:46,669 - FGO - INFO - Epoch   0 | Train Loss: -7.398 | Val Loss: -0.71 | Val F1: 0.99 |
2023-09-02 20:51:47,509 - FGO - INFO - Epoch  10 | Train Loss: -7.980 | Val Loss: -0.76 | Val F1: 0.99 |
2023-09-02 20:51:48,286 - FGO - INFO - Epoch  20 | Train Loss: -8.124 | Val Loss: -0.74 | Val F1: 0.99 |
2023-09-02 20:51:49,106 - FGO - INFO - Epoch  30 | Train Loss: -8.227 | Val Loss: -0.76 | Val F1: 0.99 |
2023-09-02 20:51:49,850 - FGO - INFO - Epoch  40 | Train Loss: -8.294 | Val Loss: -0.78 | Val F1: 0.99 |
2023-09-02 20:51:50,655 - FGO - INFO - Best Epoch:   9 | Train Loss: -7.982 | Val Loss: -0.75 | Val F1: 0.99 |
2023-09-02 20:51:50,655 - FGO - INFO - Setting model to best state.
2023-09-02 20:51:50,659 - FGO - INFO - ===== Test Fair OT GCN Model =============================================================
2023-09-02 20:51:50,684 - FGO - INFO - Train CM:
[[388   9]
 [ 11 324]]
2023-09-02 20:51:50,684 - FGO - INFO - Val CM:
[[37  0]
 [ 1 34]]
2023-09-02 20:51:50,684 - FGO - INFO - Test CM:
[[37  0]
 [ 1 34]]
2023-09-02 20:51:50,689 - FGO - INFO - test statistical parity: 0.08387096774193548
2023-09-02 20:51:50,691 - FGO - INFO - test equal opportunity: 0.19999999999999996
2023-09-02 20:51:50,691 - FGO - INFO - test micro f1: 0.9861111111111112
2023-09-02 20:51:50,692 - FGO - INFO - test macro f1: 0.986086956521739
