2023-09-02 20:58:02,075 - FGO - INFO - ===== SETUP LOGGING ======================================================================
2023-09-02 20:58:02,075 - FGO - INFO - THIS_FILE: Wrapper.py
2023-09-02 20:58:02,075 - FGO - INFO - 	done: False
2023-09-02 20:58:02,075 - FGO - INFO - 	learning_rate: 0.01
2023-09-02 20:58:02,075 - FGO - INFO - 	h1: 64
2023-09-02 20:58:02,075 - FGO - INFO - 	h2: 32
2023-09-02 20:58:02,075 - FGO - INFO - 	weight_decay: 0.0005
2023-09-02 20:58:02,075 - FGO - INFO - 	dropout: 0.0
2023-09-02 20:58:02,075 - FGO - INFO - 	max_pretrain_epochs: 100
2023-09-02 20:58:02,075 - FGO - INFO - 	max_ot_epochs: 50
2023-09-02 20:58:02,075 - FGO - INFO - 	lambda: 0.03
2023-09-02 20:58:02,075 - FGO - INFO - 	theta: 10
2023-09-02 20:58:02,075 - FGO - INFO - 	clip: 5
2023-09-02 20:58:02,075 - FGO - INFO - ===== SETUP LOGGING COMPLETE =============================================================
2023-09-02 20:58:02,075 - FGO - INFO - ===== Configuring Masks ==================================================================
2023-09-02 20:58:02,076 - FGO - INFO - Source Total: 717
2023-09-02 20:58:02,076 - FGO - INFO - Target Total: 87
2023-09-02 20:58:02,076 - FGO - INFO - Train Total: 717
2023-09-02 20:58:02,076 - FGO - INFO - Val Total:   87
2023-09-02 20:58:02,076 - FGO - INFO - Test Total:  87
2023-09-02 20:58:02,076 - FGO - INFO - ===== Preparing to load data =============================================================
2023-09-02 20:58:02,076 - FGO - INFO - SOURCE: abide_large
2023-09-02 20:58:02,076 - FGO - INFO - ===== Retrieving SOURCE Data =============================================================
2023-09-02 20:58:02,076 - FGO - INFO - *************** In load_graph_data ***************
2023-09-02 20:58:02,076 - FGO - INFO - 	FILEPATH: ./data/abide_large.mat
2023-09-02 20:58:02,076 - FGO - INFO - 	X shape: (804, 93)
2023-09-02 20:58:02,076 - FGO - INFO - 	A shape: (804, 804)
2023-09-02 20:58:02,076 - FGO - INFO - 	P shape: (804,)
2023-09-02 20:58:02,076 - FGO - INFO - 	Y shape: (804, 2)
2023-09-02 20:58:02,076 - FGO - INFO - 	Y sum: 804 (number of postive labels)
2023-09-02 20:58:02,077 - FGO - INFO - ===== Preparing data =====================================================================
2023-09-02 20:58:02,078 - FGO - INFO - ===== Disconnecting Source and Target ====================================================
2023-09-02 20:58:02,184 - FGO - INFO - ===== Finalize Data ======================================================================
2023-09-02 20:58:02,184 - FGO - INFO - A shape: (804, 804)
2023-09-02 20:58:02,184 - FGO - INFO - X shape: (804, 93)
2023-09-02 20:58:02,184 - FGO - INFO - Y shape: (804, 2)
2023-09-02 20:58:02,184 - FGO - INFO - N: 804
2023-09-02 20:58:02,184 - FGO - INFO - N_s: 717
2023-09-02 20:58:02,184 - FGO - INFO - N_t: 87
2023-09-02 20:58:02,188 - FGO - INFO - ===== Pretrain GCN Model =================================================================
2023-09-02 20:58:02,191 - FGO - INFO - Epoch   0 | Train Loss: 0.689 | Val Loss: 0.68 | Val F1: 0.35 |
2023-09-02 20:58:02,216 - FGO - INFO - Epoch  10 | Train Loss: 0.469 | Val Loss: 0.49 | Val F1: 0.86 |
2023-09-02 20:58:02,241 - FGO - INFO - Epoch  20 | Train Loss: 0.145 | Val Loss: 0.11 | Val F1: 0.98 |
2023-09-02 20:58:02,265 - FGO - INFO - Epoch  30 | Train Loss: 0.097 | Val Loss: 0.10 | Val F1: 0.97 |
2023-09-02 20:58:02,290 - FGO - INFO - Epoch  40 | Train Loss: 0.081 | Val Loss: 0.16 | Val F1: 0.95 |
2023-09-02 20:58:02,314 - FGO - INFO - Epoch  50 | Train Loss: 0.077 | Val Loss: 0.18 | Val F1: 0.95 |
2023-09-02 20:58:02,343 - FGO - INFO - Epoch  60 | Train Loss: 0.071 | Val Loss: 0.17 | Val F1: 0.95 |
2023-09-02 20:58:02,368 - FGO - INFO - Epoch  70 | Train Loss: 0.068 | Val Loss: 0.16 | Val F1: 0.95 |
2023-09-02 20:58:02,393 - FGO - INFO - Epoch  80 | Train Loss: 0.068 | Val Loss: 0.18 | Val F1: 0.95 |
2023-09-02 20:58:02,417 - FGO - INFO - Epoch  90 | Train Loss: 0.068 | Val Loss: 0.16 | Val F1: 0.95 |
2023-09-02 20:58:02,441 - FGO - INFO - Epoch 100 | Train Loss: 0.074 | Val Loss: 0.20 | Val F1: 0.95 |
2023-09-02 20:58:02,441 - FGO - INFO - Best Epoch:  20 | Train Loss: 0.145 | Val Loss: 0.11 | Val F1: 0.98 
2023-09-02 20:58:02,442 - FGO - INFO - Setting model to best state.
2023-09-02 20:58:02,443 - FGO - INFO - ===== Train Fair OT GCN Model ============================================================
2023-09-02 20:58:02,542 - FGO - INFO - Epoch   0 | Train Loss: -2.401 | Val Loss: -0.14 | Val F1: 0.95 |
2023-09-02 20:58:03,326 - FGO - INFO - Epoch  10 | Train Loss: -2.485 | Val Loss: -0.14 | Val F1: 0.93 |
2023-09-02 20:58:04,089 - FGO - INFO - Epoch  20 | Train Loss: -2.547 | Val Loss: -0.17 | Val F1: 0.95 |
2023-09-02 20:58:04,845 - FGO - INFO - Epoch  30 | Train Loss: -2.624 | Val Loss: -0.14 | Val F1: 0.95 |
2023-09-02 20:58:05,645 - FGO - INFO - Epoch  40 | Train Loss: -2.660 | Val Loss: -0.13 | Val F1: 0.97 |
2023-09-02 20:58:06,311 - FGO - INFO - Best Epoch:  35 | Train Loss: -2.646 | Val Loss: -0.14 | Val F1: 0.97 |
2023-09-02 20:58:06,311 - FGO - INFO - Setting model to best state.
2023-09-02 20:58:06,314 - FGO - INFO - ===== Test Fair OT GCN Model =============================================================
2023-09-02 20:58:06,351 - FGO - INFO - Train CM:
[[378   9]
 [ 12 318]]
2023-09-02 20:58:06,352 - FGO - INFO - Val CM:
[[46  1]
 [ 2 38]]
2023-09-02 20:58:06,352 - FGO - INFO - Test CM:
[[46  1]
 [ 2 38]]
2023-09-02 20:58:06,357 - FGO - INFO - test statistical parity: 0.35
2023-09-02 20:58:06,358 - FGO - INFO - test equal opportunity: 0.06451612903225812
2023-09-02 20:58:06,359 - FGO - INFO - test micro f1: 0.9655172413793104
2023-09-02 20:58:06,359 - FGO - INFO - test macro f1: 0.9652231845436376
