2023-09-02 20:44:10,564 - FGO - INFO - ===== SETUP LOGGING ======================================================================
2023-09-02 20:44:10,564 - FGO - INFO - THIS_FILE: Wrapper.py
2023-09-02 20:44:10,564 - FGO - INFO - 	done: False
2023-09-02 20:44:10,564 - FGO - INFO - 	learning_rate: 0.001
2023-09-02 20:44:10,564 - FGO - INFO - 	h1: 64
2023-09-02 20:44:10,564 - FGO - INFO - 	h2: 32
2023-09-02 20:44:10,564 - FGO - INFO - 	weight_decay: 0.0005
2023-09-02 20:44:10,564 - FGO - INFO - 	dropout: 0.0
2023-09-02 20:44:10,564 - FGO - INFO - 	max_pretrain_epochs: 100
2023-09-02 20:44:10,564 - FGO - INFO - 	max_ot_epochs: 50
2023-09-02 20:44:10,564 - FGO - INFO - 	lambda: 0.03
2023-09-02 20:44:10,564 - FGO - INFO - 	theta: 10
2023-09-02 20:44:10,564 - FGO - INFO - 	clip: 5
2023-09-02 20:44:10,564 - FGO - INFO - ===== SETUP LOGGING COMPLETE =============================================================
2023-09-02 20:44:10,564 - FGO - INFO - ===== Configuring Masks ==================================================================
2023-09-02 20:44:10,564 - FGO - INFO - Source Total: 721
2023-09-02 20:44:10,564 - FGO - INFO - Target Total: 83
2023-09-02 20:44:10,564 - FGO - INFO - Train Total: 721
2023-09-02 20:44:10,564 - FGO - INFO - Val Total:   83
2023-09-02 20:44:10,564 - FGO - INFO - Test Total:  83
2023-09-02 20:44:10,564 - FGO - INFO - ===== Preparing to load data =============================================================
2023-09-02 20:44:10,564 - FGO - INFO - SOURCE: abide_large
2023-09-02 20:44:10,565 - FGO - INFO - ===== Retrieving SOURCE Data =============================================================
2023-09-02 20:44:10,565 - FGO - INFO - *************** In load_graph_data ***************
2023-09-02 20:44:10,565 - FGO - INFO - 	FILEPATH: ./data/abide_large.mat
2023-09-02 20:44:10,565 - FGO - INFO - 	X shape: (804, 93)
2023-09-02 20:44:10,565 - FGO - INFO - 	A shape: (804, 804)
2023-09-02 20:44:10,565 - FGO - INFO - 	P shape: (804,)
2023-09-02 20:44:10,565 - FGO - INFO - 	Y shape: (804, 2)
2023-09-02 20:44:10,565 - FGO - INFO - 	Y sum: 804 (number of postive labels)
2023-09-02 20:44:10,566 - FGO - INFO - ===== Preparing data =====================================================================
2023-09-02 20:44:10,567 - FGO - INFO - ===== Disconnecting Source and Target ====================================================
2023-09-02 20:44:10,670 - FGO - INFO - ===== Finalize Data ======================================================================
2023-09-02 20:44:10,670 - FGO - INFO - A shape: (804, 804)
2023-09-02 20:44:10,670 - FGO - INFO - X shape: (804, 93)
2023-09-02 20:44:10,670 - FGO - INFO - Y shape: (804, 2)
2023-09-02 20:44:10,670 - FGO - INFO - N: 804
2023-09-02 20:44:10,670 - FGO - INFO - N_s: 721
2023-09-02 20:44:10,670 - FGO - INFO - N_t: 83
2023-09-02 20:44:10,673 - FGO - INFO - ===== Pretrain GCN Model =================================================================
2023-09-02 20:44:10,677 - FGO - INFO - Epoch   0 | Train Loss: 0.690 | Val Loss: 0.68 | Val F1: 0.38 |
2023-09-02 20:44:10,701 - FGO - INFO - Epoch  10 | Train Loss: 0.675 | Val Loss: 0.67 | Val F1: 0.57 |
2023-09-02 20:44:10,726 - FGO - INFO - Epoch  20 | Train Loss: 0.649 | Val Loss: 0.64 | Val F1: 0.66 |
2023-09-02 20:44:10,751 - FGO - INFO - Epoch  30 | Train Loss: 0.594 | Val Loss: 0.60 | Val F1: 0.76 |
2023-09-02 20:44:10,776 - FGO - INFO - Epoch  40 | Train Loss: 0.506 | Val Loss: 0.52 | Val F1: 0.83 |
2023-09-02 20:44:10,800 - FGO - INFO - Epoch  50 | Train Loss: 0.398 | Val Loss: 0.43 | Val F1: 0.84 |
2023-09-02 20:44:10,825 - FGO - INFO - Epoch  60 | Train Loss: 0.295 | Val Loss: 0.34 | Val F1: 0.85 |
2023-09-02 20:44:10,849 - FGO - INFO - Epoch  70 | Train Loss: 0.219 | Val Loss: 0.27 | Val F1: 0.90 |
2023-09-02 20:44:10,874 - FGO - INFO - Epoch  80 | Train Loss: 0.171 | Val Loss: 0.25 | Val F1: 0.91 |
2023-09-02 20:44:10,898 - FGO - INFO - Epoch  90 | Train Loss: 0.140 | Val Loss: 0.24 | Val F1: 0.90 |
2023-09-02 20:44:10,922 - FGO - INFO - Epoch 100 | Train Loss: 0.119 | Val Loss: 0.25 | Val F1: 0.87 |
2023-09-02 20:44:10,922 - FGO - INFO - Best Epoch:  80 | Train Loss: 0.171 | Val Loss: 0.25 | Val F1: 0.91 
2023-09-02 20:44:10,922 - FGO - INFO - Setting model to best state.
2023-09-02 20:44:10,924 - FGO - INFO - ===== Train Fair OT GCN Model ============================================================
2023-09-02 20:44:10,989 - FGO - INFO - Epoch   0 | Train Loss: -2.394 | Val Loss: -0.04 | Val F1: 0.87 |
2023-09-02 20:44:11,813 - FGO - INFO - Epoch  10 | Train Loss: -2.463 | Val Loss: 0.01 | Val F1: 0.91 |
2023-09-02 20:44:12,629 - FGO - INFO - Epoch  20 | Train Loss: -2.511 | Val Loss: -0.00 | Val F1: 0.91 |
2023-09-02 20:44:13,382 - FGO - INFO - Epoch  30 | Train Loss: -2.547 | Val Loss: -0.00 | Val F1: 0.91 |
2023-09-02 20:44:14,179 - FGO - INFO - Epoch  40 | Train Loss: -2.575 | Val Loss: 0.00 | Val F1: 0.91 |
2023-09-02 20:44:14,889 - FGO - INFO - Best Epoch:   6 | Train Loss: -2.441 | Val Loss: -0.03 | Val F1: 0.91 |
2023-09-02 20:44:14,889 - FGO - INFO - Setting model to best state.
2023-09-02 20:44:14,892 - FGO - INFO - ===== Test Fair OT GCN Model =============================================================
2023-09-02 20:44:14,918 - FGO - INFO - Train CM:
[[379   5]
 [ 18 319]]
2023-09-02 20:44:14,919 - FGO - INFO - Val CM:
[[46  4]
 [ 3 30]]
2023-09-02 20:44:14,919 - FGO - INFO - Test CM:
[[46  4]
 [ 3 30]]
2023-09-02 20:44:14,924 - FGO - INFO - test statistical parity: 0.10563380281690143
2023-09-02 20:44:14,925 - FGO - INFO - test equal opportunity: 0.09259259259259256
2023-09-02 20:44:14,926 - FGO - INFO - test micro f1: 0.9156626506024096
2023-09-02 20:44:14,927 - FGO - INFO - test macro f1: 0.9124076586763153
