2023-09-02 20:46:20,747 - FGO - INFO - ===== SETUP LOGGING ======================================================================
2023-09-02 20:46:20,747 - FGO - INFO - THIS_FILE: Wrapper.py
2023-09-02 20:46:20,747 - FGO - INFO - 	done: False
2023-09-02 20:46:20,747 - FGO - INFO - 	learning_rate: 0.001
2023-09-02 20:46:20,747 - FGO - INFO - 	h1: 64
2023-09-02 20:46:20,747 - FGO - INFO - 	h2: 32
2023-09-02 20:46:20,747 - FGO - INFO - 	weight_decay: 0.0005
2023-09-02 20:46:20,747 - FGO - INFO - 	dropout: 0.0
2023-09-02 20:46:20,747 - FGO - INFO - 	max_pretrain_epochs: 100
2023-09-02 20:46:20,747 - FGO - INFO - 	max_ot_epochs: 50
2023-09-02 20:46:20,747 - FGO - INFO - 	lambda: 0.05
2023-09-02 20:46:20,747 - FGO - INFO - 	theta: 10
2023-09-02 20:46:20,747 - FGO - INFO - 	clip: 5
2023-09-02 20:46:20,747 - FGO - INFO - ===== SETUP LOGGING COMPLETE =============================================================
2023-09-02 20:46:20,747 - FGO - INFO - ===== Configuring Masks ==================================================================
2023-09-02 20:46:20,747 - FGO - INFO - Source Total: 721
2023-09-02 20:46:20,747 - FGO - INFO - Target Total: 83
2023-09-02 20:46:20,747 - FGO - INFO - Train Total: 721
2023-09-02 20:46:20,747 - FGO - INFO - Val Total:   83
2023-09-02 20:46:20,747 - FGO - INFO - Test Total:  83
2023-09-02 20:46:20,747 - FGO - INFO - ===== Preparing to load data =============================================================
2023-09-02 20:46:20,747 - FGO - INFO - SOURCE: abide_large
2023-09-02 20:46:20,747 - FGO - INFO - ===== Retrieving SOURCE Data =============================================================
2023-09-02 20:46:20,747 - FGO - INFO - *************** In load_graph_data ***************
2023-09-02 20:46:20,747 - FGO - INFO - 	FILEPATH: ./data/abide_large.mat
2023-09-02 20:46:20,748 - FGO - INFO - 	X shape: (804, 93)
2023-09-02 20:46:20,748 - FGO - INFO - 	A shape: (804, 804)
2023-09-02 20:46:20,748 - FGO - INFO - 	P shape: (804,)
2023-09-02 20:46:20,748 - FGO - INFO - 	Y shape: (804, 2)
2023-09-02 20:46:20,748 - FGO - INFO - 	Y sum: 804 (number of postive labels)
2023-09-02 20:46:20,749 - FGO - INFO - ===== Preparing data =====================================================================
2023-09-02 20:46:20,750 - FGO - INFO - ===== Disconnecting Source and Target ====================================================
2023-09-02 20:46:20,852 - FGO - INFO - ===== Finalize Data ======================================================================
2023-09-02 20:46:20,852 - FGO - INFO - A shape: (804, 804)
2023-09-02 20:46:20,852 - FGO - INFO - X shape: (804, 93)
2023-09-02 20:46:20,852 - FGO - INFO - Y shape: (804, 2)
2023-09-02 20:46:20,852 - FGO - INFO - N: 804
2023-09-02 20:46:20,852 - FGO - INFO - N_s: 721
2023-09-02 20:46:20,852 - FGO - INFO - N_t: 83
2023-09-02 20:46:20,856 - FGO - INFO - ===== Pretrain GCN Model =================================================================
2023-09-02 20:46:20,859 - FGO - INFO - Epoch   0 | Train Loss: 0.690 | Val Loss: 0.68 | Val F1: 0.38 |
2023-09-02 20:46:20,884 - FGO - INFO - Epoch  10 | Train Loss: 0.675 | Val Loss: 0.67 | Val F1: 0.57 |
2023-09-02 20:46:20,908 - FGO - INFO - Epoch  20 | Train Loss: 0.649 | Val Loss: 0.64 | Val F1: 0.66 |
2023-09-02 20:46:20,933 - FGO - INFO - Epoch  30 | Train Loss: 0.594 | Val Loss: 0.60 | Val F1: 0.76 |
2023-09-02 20:46:20,957 - FGO - INFO - Epoch  40 | Train Loss: 0.506 | Val Loss: 0.52 | Val F1: 0.83 |
2023-09-02 20:46:20,982 - FGO - INFO - Epoch  50 | Train Loss: 0.398 | Val Loss: 0.43 | Val F1: 0.84 |
2023-09-02 20:46:21,006 - FGO - INFO - Epoch  60 | Train Loss: 0.295 | Val Loss: 0.34 | Val F1: 0.85 |
2023-09-02 20:46:21,030 - FGO - INFO - Epoch  70 | Train Loss: 0.219 | Val Loss: 0.27 | Val F1: 0.90 |
2023-09-02 20:46:21,055 - FGO - INFO - Epoch  80 | Train Loss: 0.171 | Val Loss: 0.25 | Val F1: 0.91 |
2023-09-02 20:46:21,079 - FGO - INFO - Epoch  90 | Train Loss: 0.140 | Val Loss: 0.24 | Val F1: 0.90 |
2023-09-02 20:46:21,104 - FGO - INFO - Epoch 100 | Train Loss: 0.119 | Val Loss: 0.25 | Val F1: 0.87 |
2023-09-02 20:46:21,104 - FGO - INFO - Best Epoch:  80 | Train Loss: 0.171 | Val Loss: 0.25 | Val F1: 0.91 
2023-09-02 20:46:21,104 - FGO - INFO - Setting model to best state.
2023-09-02 20:46:21,105 - FGO - INFO - ===== Train Fair OT GCN Model ============================================================
2023-09-02 20:46:21,184 - FGO - INFO - Epoch   0 | Train Loss: -4.315 | Val Loss: -0.25 | Val F1: 0.87 |
2023-09-02 20:46:21,995 - FGO - INFO - Epoch  10 | Train Loss: -4.360 | Val Loss: -0.23 | Val F1: 0.91 |
2023-09-02 20:46:22,764 - FGO - INFO - Epoch  20 | Train Loss: -4.403 | Val Loss: -0.22 | Val F1: 0.91 |
2023-09-02 20:46:23,519 - FGO - INFO - Epoch  30 | Train Loss: -4.437 | Val Loss: -0.22 | Val F1: 0.91 |
2023-09-02 20:46:24,286 - FGO - INFO - Epoch  40 | Train Loss: -4.465 | Val Loss: -0.21 | Val F1: 0.90 |
2023-09-02 20:46:25,011 - FGO - INFO - Best Epoch:   8 | Train Loss: -4.351 | Val Loss: -0.23 | Val F1: 0.91 |
2023-09-02 20:46:25,011 - FGO - INFO - Setting model to best state.
2023-09-02 20:46:25,020 - FGO - INFO - ===== Test Fair OT GCN Model =============================================================
2023-09-02 20:46:25,054 - FGO - INFO - Train CM:
[[379   5]
 [ 26 311]]
2023-09-02 20:46:25,055 - FGO - INFO - Val CM:
[[46  4]
 [ 4 29]]
2023-09-02 20:46:25,055 - FGO - INFO - Test CM:
[[46  4]
 [ 4 29]]
2023-09-02 20:46:25,059 - FGO - INFO - test statistical parity: 0.11971830985915494
2023-09-02 20:46:25,061 - FGO - INFO - test equal opportunity: 0.05555555555555547
2023-09-02 20:46:25,062 - FGO - INFO - test micro f1: 0.9036144578313253
2023-09-02 20:46:25,062 - FGO - INFO - test macro f1: 0.8993939393939394
