2023-09-02 21:01:21,269 - FGO - INFO - ===== SETUP LOGGING ======================================================================
2023-09-02 21:01:21,269 - FGO - INFO - THIS_FILE: Wrapper.py
2023-09-02 21:01:21,269 - FGO - INFO - 	done: False
2023-09-02 21:01:21,269 - FGO - INFO - 	learning_rate: 0.01
2023-09-02 21:01:21,270 - FGO - INFO - 	h1: 64
2023-09-02 21:01:21,270 - FGO - INFO - 	h2: 32
2023-09-02 21:01:21,270 - FGO - INFO - 	weight_decay: 0.0005
2023-09-02 21:01:21,270 - FGO - INFO - 	dropout: 0.0
2023-09-02 21:01:21,270 - FGO - INFO - 	max_pretrain_epochs: 100
2023-09-02 21:01:21,270 - FGO - INFO - 	max_ot_epochs: 50
2023-09-02 21:01:21,270 - FGO - INFO - 	lambda: 0.05
2023-09-02 21:01:21,270 - FGO - INFO - 	theta: 50
2023-09-02 21:01:21,270 - FGO - INFO - 	clip: 5
2023-09-02 21:01:21,270 - FGO - INFO - ===== SETUP LOGGING COMPLETE =============================================================
2023-09-02 21:01:21,270 - FGO - INFO - ===== Configuring Masks ==================================================================
2023-09-02 21:01:21,270 - FGO - INFO - Source Total: 729
2023-09-02 21:01:21,270 - FGO - INFO - Target Total: 75
2023-09-02 21:01:21,270 - FGO - INFO - Train Total: 729
2023-09-02 21:01:21,270 - FGO - INFO - Val Total:   75
2023-09-02 21:01:21,270 - FGO - INFO - Test Total:  75
2023-09-02 21:01:21,270 - FGO - INFO - ===== Preparing to load data =============================================================
2023-09-02 21:01:21,270 - FGO - INFO - SOURCE: abide_large
2023-09-02 21:01:21,270 - FGO - INFO - ===== Retrieving SOURCE Data =============================================================
2023-09-02 21:01:21,270 - FGO - INFO - *************** In load_graph_data ***************
2023-09-02 21:01:21,270 - FGO - INFO - 	FILEPATH: ./data/abide_large.mat
2023-09-02 21:01:21,270 - FGO - INFO - 	X shape: (804, 93)
2023-09-02 21:01:21,270 - FGO - INFO - 	A shape: (804, 804)
2023-09-02 21:01:21,270 - FGO - INFO - 	P shape: (804,)
2023-09-02 21:01:21,270 - FGO - INFO - 	Y shape: (804, 2)
2023-09-02 21:01:21,270 - FGO - INFO - 	Y sum: 804 (number of postive labels)
2023-09-02 21:01:21,271 - FGO - INFO - ===== Preparing data =====================================================================
2023-09-02 21:01:21,273 - FGO - INFO - ===== Disconnecting Source and Target ====================================================
2023-09-02 21:01:21,367 - FGO - INFO - ===== Finalize Data ======================================================================
2023-09-02 21:01:21,367 - FGO - INFO - A shape: (804, 804)
2023-09-02 21:01:21,367 - FGO - INFO - X shape: (804, 93)
2023-09-02 21:01:21,367 - FGO - INFO - Y shape: (804, 2)
2023-09-02 21:01:21,367 - FGO - INFO - N: 804
2023-09-02 21:01:21,367 - FGO - INFO - N_s: 729
2023-09-02 21:01:21,367 - FGO - INFO - N_t: 75
2023-09-02 21:01:21,371 - FGO - INFO - ===== Pretrain GCN Model =================================================================
2023-09-02 21:01:21,374 - FGO - INFO - Epoch   0 | Train Loss: 0.689 | Val Loss: 0.68 | Val F1: 0.37 |
2023-09-02 21:01:21,399 - FGO - INFO - Epoch  10 | Train Loss: 0.431 | Val Loss: 0.36 | Val F1: 0.93 |
2023-09-02 21:01:21,423 - FGO - INFO - Epoch  20 | Train Loss: 0.158 | Val Loss: 0.05 | Val F1: 0.99 |
2023-09-02 21:01:21,448 - FGO - INFO - Epoch  30 | Train Loss: 0.109 | Val Loss: 0.06 | Val F1: 0.99 |
2023-09-02 21:01:21,473 - FGO - INFO - Epoch  40 | Train Loss: 0.093 | Val Loss: 0.03 | Val F1: 0.99 |
2023-09-02 21:01:21,497 - FGO - INFO - Epoch  50 | Train Loss: 0.080 | Val Loss: 0.04 | Val F1: 1.00 |
2023-09-02 21:01:21,522 - FGO - INFO - Epoch  60 | Train Loss: 0.073 | Val Loss: 0.04 | Val F1: 0.99 |
2023-09-02 21:01:21,546 - FGO - INFO - Epoch  70 | Train Loss: 0.068 | Val Loss: 0.05 | Val F1: 0.97 |
2023-09-02 21:01:21,571 - FGO - INFO - Epoch  80 | Train Loss: 0.065 | Val Loss: 0.05 | Val F1: 0.97 |
2023-09-02 21:01:21,595 - FGO - INFO - Epoch  90 | Train Loss: 0.064 | Val Loss: 0.04 | Val F1: 0.99 |
2023-09-02 21:01:21,619 - FGO - INFO - Epoch 100 | Train Loss: 0.068 | Val Loss: 0.07 | Val F1: 0.97 |
2023-09-02 21:01:21,619 - FGO - INFO - Best Epoch:  27 | Train Loss: 0.114 | Val Loss: 0.03 | Val F1: 1.00 
2023-09-02 21:01:21,619 - FGO - INFO - Setting model to best state.
2023-09-02 21:01:21,621 - FGO - INFO - ===== Train Fair OT GCN Model ============================================================
2023-09-02 21:01:21,700 - FGO - INFO - Epoch   0 | Train Loss: -21.546 | Val Loss: -2.24 | Val F1: 0.97 |
2023-09-02 21:01:22,510 - FGO - INFO - Epoch  10 | Train Loss: -23.170 | Val Loss: -2.18 | Val F1: 0.89 |
2023-09-02 21:01:23,321 - FGO - INFO - Epoch  20 | Train Loss: -23.898 | Val Loss: -1.95 | Val F1: 0.42 |
2023-09-02 21:01:24,116 - FGO - INFO - Epoch  30 | Train Loss: -24.000 | Val Loss: -1.89 | Val F1: 0.34 |
2023-09-02 21:01:24,890 - FGO - INFO - Epoch  40 | Train Loss: -24.001 | Val Loss: -1.89 | Val F1: 0.34 |
2023-09-02 21:01:25,609 - FGO - INFO - Best Epoch:   6 | Train Loss: -22.569 | Val Loss: -2.34 | Val F1: 0.97 |
2023-09-02 21:01:25,609 - FGO - INFO - Setting model to best state.
2023-09-02 21:01:25,613 - FGO - INFO - ===== Test Fair OT GCN Model =============================================================
2023-09-02 21:01:25,635 - FGO - INFO - Train CM:
[[396   0]
 [333   0]]
2023-09-02 21:01:25,635 - FGO - INFO - Val CM:
[[38  0]
 [37  0]]
2023-09-02 21:01:25,636 - FGO - INFO - Test CM:
[[38  0]
 [37  0]]
2023-09-02 21:01:25,640 - FGO - INFO - test statistical parity: 0.0
2023-09-02 21:01:25,641 - FGO - INFO - test equal opportunity: 0.0
2023-09-02 21:01:25,642 - FGO - INFO - test micro f1: 0.5066666666666667
2023-09-02 21:01:25,643 - FGO - INFO - test macro f1: 0.33628318584070793
