2023-09-02 20:47:43,055 - FGO - INFO - ===== SETUP LOGGING ======================================================================
2023-09-02 20:47:43,055 - FGO - INFO - THIS_FILE: Wrapper.py
2023-09-02 20:47:43,055 - FGO - INFO - 	done: False
2023-09-02 20:47:43,055 - FGO - INFO - 	learning_rate: 0.001
2023-09-02 20:47:43,055 - FGO - INFO - 	h1: 64
2023-09-02 20:47:43,055 - FGO - INFO - 	h2: 32
2023-09-02 20:47:43,055 - FGO - INFO - 	weight_decay: 0.0005
2023-09-02 20:47:43,055 - FGO - INFO - 	dropout: 0.0
2023-09-02 20:47:43,055 - FGO - INFO - 	max_pretrain_epochs: 100
2023-09-02 20:47:43,055 - FGO - INFO - 	max_ot_epochs: 50
2023-09-02 20:47:43,055 - FGO - INFO - 	lambda: 0.05
2023-09-02 20:47:43,055 - FGO - INFO - 	theta: 50
2023-09-02 20:47:43,055 - FGO - INFO - 	clip: 5
2023-09-02 20:47:43,055 - FGO - INFO - ===== SETUP LOGGING COMPLETE =============================================================
2023-09-02 20:47:43,055 - FGO - INFO - ===== Configuring Masks ==================================================================
2023-09-02 20:47:43,055 - FGO - INFO - Source Total: 727
2023-09-02 20:47:43,055 - FGO - INFO - Target Total: 77
2023-09-02 20:47:43,056 - FGO - INFO - Train Total: 727
2023-09-02 20:47:43,056 - FGO - INFO - Val Total:   77
2023-09-02 20:47:43,056 - FGO - INFO - Test Total:  77
2023-09-02 20:47:43,056 - FGO - INFO - ===== Preparing to load data =============================================================
2023-09-02 20:47:43,056 - FGO - INFO - SOURCE: abide_large
2023-09-02 20:47:43,056 - FGO - INFO - ===== Retrieving SOURCE Data =============================================================
2023-09-02 20:47:43,056 - FGO - INFO - *************** In load_graph_data ***************
2023-09-02 20:47:43,056 - FGO - INFO - 	FILEPATH: ./data/abide_large.mat
2023-09-02 20:47:43,056 - FGO - INFO - 	X shape: (804, 93)
2023-09-02 20:47:43,056 - FGO - INFO - 	A shape: (804, 804)
2023-09-02 20:47:43,056 - FGO - INFO - 	P shape: (804,)
2023-09-02 20:47:43,056 - FGO - INFO - 	Y shape: (804, 2)
2023-09-02 20:47:43,056 - FGO - INFO - 	Y sum: 804 (number of postive labels)
2023-09-02 20:47:43,057 - FGO - INFO - ===== Preparing data =====================================================================
2023-09-02 20:47:43,058 - FGO - INFO - ===== Disconnecting Source and Target ====================================================
2023-09-02 20:47:43,153 - FGO - INFO - ===== Finalize Data ======================================================================
2023-09-02 20:47:43,153 - FGO - INFO - A shape: (804, 804)
2023-09-02 20:47:43,153 - FGO - INFO - X shape: (804, 93)
2023-09-02 20:47:43,153 - FGO - INFO - Y shape: (804, 2)
2023-09-02 20:47:43,153 - FGO - INFO - N: 804
2023-09-02 20:47:43,153 - FGO - INFO - N_s: 727
2023-09-02 20:47:43,153 - FGO - INFO - N_t: 77
2023-09-02 20:47:43,157 - FGO - INFO - ===== Pretrain GCN Model =================================================================
2023-09-02 20:47:43,160 - FGO - INFO - Epoch   0 | Train Loss: 0.689 | Val Loss: 0.68 | Val F1: 0.36 |
2023-09-02 20:47:43,185 - FGO - INFO - Epoch  10 | Train Loss: 0.673 | Val Loss: 0.68 | Val F1: 0.51 |
2023-09-02 20:47:43,210 - FGO - INFO - Epoch  20 | Train Loss: 0.647 | Val Loss: 0.66 | Val F1: 0.55 |
2023-09-02 20:47:43,234 - FGO - INFO - Epoch  30 | Train Loss: 0.593 | Val Loss: 0.63 | Val F1: 0.61 |
2023-09-02 20:47:43,259 - FGO - INFO - Epoch  40 | Train Loss: 0.505 | Val Loss: 0.55 | Val F1: 0.73 |
2023-09-02 20:47:43,284 - FGO - INFO - Epoch  50 | Train Loss: 0.396 | Val Loss: 0.47 | Val F1: 0.73 |
2023-09-02 20:47:43,308 - FGO - INFO - Epoch  60 | Train Loss: 0.294 | Val Loss: 0.40 | Val F1: 0.81 |
2023-09-02 20:47:43,333 - FGO - INFO - Epoch  70 | Train Loss: 0.219 | Val Loss: 0.34 | Val F1: 0.80 |
2023-09-02 20:47:43,357 - FGO - INFO - Epoch  80 | Train Loss: 0.172 | Val Loss: 0.29 | Val F1: 0.84 |
2023-09-02 20:47:43,382 - FGO - INFO - Epoch  90 | Train Loss: 0.142 | Val Loss: 0.26 | Val F1: 0.87 |
2023-09-02 20:47:43,407 - FGO - INFO - Epoch 100 | Train Loss: 0.122 | Val Loss: 0.25 | Val F1: 0.87 |
2023-09-02 20:47:43,407 - FGO - INFO - Best Epoch:  88 | Train Loss: 0.147 | Val Loss: 0.27 | Val F1: 0.87 
2023-09-02 20:47:43,407 - FGO - INFO - Setting model to best state.
2023-09-02 20:47:43,408 - FGO - INFO - ===== Train Fair OT GCN Model ============================================================
2023-09-02 20:47:43,473 - FGO - INFO - Epoch   0 | Train Loss: -22.544 | Val Loss: -2.04 | Val F1: 0.87 |
2023-09-02 20:47:44,259 - FGO - INFO - Epoch  10 | Train Loss: -22.999 | Val Loss: -2.11 | Val F1: 0.92 |
2023-09-02 20:47:45,027 - FGO - INFO - Epoch  20 | Train Loss: -23.371 | Val Loss: -2.12 | Val F1: 0.92 |
2023-09-02 20:47:45,843 - FGO - INFO - Epoch  30 | Train Loss: -23.613 | Val Loss: -2.07 | Val F1: 0.83 |
2023-09-02 20:47:46,661 - FGO - INFO - Epoch  40 | Train Loss: -23.850 | Val Loss: -1.94 | Val F1: 0.76 |
2023-09-02 20:47:47,355 - FGO - INFO - Best Epoch:   7 | Train Loss: -22.871 | Val Loss: -2.09 | Val F1: 0.92 |
2023-09-02 20:47:47,355 - FGO - INFO - Setting model to best state.
2023-09-02 20:47:47,359 - FGO - INFO - ===== Test Fair OT GCN Model =============================================================
2023-09-02 20:47:47,383 - FGO - INFO - Train CM:
[[390   0]
 [291  46]]
2023-09-02 20:47:47,383 - FGO - INFO - Val CM:
[[44  0]
 [27  6]]
2023-09-02 20:47:47,383 - FGO - INFO - Test CM:
[[44  0]
 [27  6]]
2023-09-02 20:47:47,389 - FGO - INFO - test statistical parity: 0.09230769230769231
2023-09-02 20:47:47,390 - FGO - INFO - test equal opportunity: 0.1935483870967742
2023-09-02 20:47:47,391 - FGO - INFO - test micro f1: 0.6493506493506493
2023-09-02 20:47:47,391 - FGO - INFO - test macro f1: 0.5364548494983277
