2023-09-02 20:51:50,694 - FGO - INFO - ===== SETUP LOGGING ======================================================================
2023-09-02 20:51:50,694 - FGO - INFO - THIS_FILE: Wrapper.py
2023-09-02 20:51:50,694 - FGO - INFO - 	done: False
2023-09-02 20:51:50,694 - FGO - INFO - 	learning_rate: 0.005
2023-09-02 20:51:50,694 - FGO - INFO - 	h1: 64
2023-09-02 20:51:50,694 - FGO - INFO - 	h2: 32
2023-09-02 20:51:50,694 - FGO - INFO - 	weight_decay: 0.0005
2023-09-02 20:51:50,694 - FGO - INFO - 	dropout: 0.0
2023-09-02 20:51:50,694 - FGO - INFO - 	max_pretrain_epochs: 100
2023-09-02 20:51:50,694 - FGO - INFO - 	max_ot_epochs: 50
2023-09-02 20:51:50,694 - FGO - INFO - 	lambda: 0.03
2023-09-02 20:51:50,694 - FGO - INFO - 	theta: 30
2023-09-02 20:51:50,694 - FGO - INFO - 	clip: 5
2023-09-02 20:51:50,694 - FGO - INFO - ===== SETUP LOGGING COMPLETE =============================================================
2023-09-02 20:51:50,694 - FGO - INFO - ===== Configuring Masks ==================================================================
2023-09-02 20:51:50,694 - FGO - INFO - Source Total: 726
2023-09-02 20:51:50,694 - FGO - INFO - Target Total: 78
2023-09-02 20:51:50,694 - FGO - INFO - Train Total: 726
2023-09-02 20:51:50,694 - FGO - INFO - Val Total:   78
2023-09-02 20:51:50,694 - FGO - INFO - Test Total:  78
2023-09-02 20:51:50,694 - FGO - INFO - ===== Preparing to load data =============================================================
2023-09-02 20:51:50,694 - FGO - INFO - SOURCE: abide_large
2023-09-02 20:51:50,694 - FGO - INFO - ===== Retrieving SOURCE Data =============================================================
2023-09-02 20:51:50,694 - FGO - INFO - *************** In load_graph_data ***************
2023-09-02 20:51:50,694 - FGO - INFO - 	FILEPATH: ./data/abide_large.mat
2023-09-02 20:51:50,695 - FGO - INFO - 	X shape: (804, 93)
2023-09-02 20:51:50,695 - FGO - INFO - 	A shape: (804, 804)
2023-09-02 20:51:50,695 - FGO - INFO - 	P shape: (804,)
2023-09-02 20:51:50,695 - FGO - INFO - 	Y shape: (804, 2)
2023-09-02 20:51:50,695 - FGO - INFO - 	Y sum: 804 (number of postive labels)
2023-09-02 20:51:50,696 - FGO - INFO - ===== Preparing data =====================================================================
2023-09-02 20:51:50,697 - FGO - INFO - ===== Disconnecting Source and Target ====================================================
2023-09-02 20:51:50,794 - FGO - INFO - ===== Finalize Data ======================================================================
2023-09-02 20:51:50,795 - FGO - INFO - A shape: (804, 804)
2023-09-02 20:51:50,795 - FGO - INFO - X shape: (804, 93)
2023-09-02 20:51:50,795 - FGO - INFO - Y shape: (804, 2)
2023-09-02 20:51:50,795 - FGO - INFO - N: 804
2023-09-02 20:51:50,795 - FGO - INFO - N_s: 726
2023-09-02 20:51:50,795 - FGO - INFO - N_t: 78
2023-09-02 20:51:50,798 - FGO - INFO - ===== Pretrain GCN Model =================================================================
2023-09-02 20:51:50,801 - FGO - INFO - Epoch   0 | Train Loss: 0.684 | Val Loss: 0.73 | Val F1: 0.32 |
2023-09-02 20:51:50,826 - FGO - INFO - Epoch  10 | Train Loss: 0.582 | Val Loss: 0.61 | Val F1: 0.72 |
2023-09-02 20:51:50,851 - FGO - INFO - Epoch  20 | Train Loss: 0.268 | Val Loss: 0.31 | Val F1: 0.87 |
2023-09-02 20:51:50,875 - FGO - INFO - Epoch  30 | Train Loss: 0.130 | Val Loss: 0.25 | Val F1: 0.92 |
2023-09-02 20:51:50,900 - FGO - INFO - Epoch  40 | Train Loss: 0.100 | Val Loss: 0.22 | Val F1: 0.92 |
2023-09-02 20:51:50,924 - FGO - INFO - Epoch  50 | Train Loss: 0.087 | Val Loss: 0.12 | Val F1: 0.95 |
2023-09-02 20:51:50,948 - FGO - INFO - Epoch  60 | Train Loss: 0.078 | Val Loss: 0.11 | Val F1: 0.95 |
2023-09-02 20:51:50,973 - FGO - INFO - Epoch  70 | Train Loss: 0.073 | Val Loss: 0.10 | Val F1: 0.95 |
2023-09-02 20:51:50,997 - FGO - INFO - Epoch  80 | Train Loss: 0.070 | Val Loss: 0.07 | Val F1: 0.95 |
2023-09-02 20:51:51,021 - FGO - INFO - Epoch  90 | Train Loss: 0.066 | Val Loss: 0.07 | Val F1: 0.96 |
2023-09-02 20:51:51,046 - FGO - INFO - Epoch 100 | Train Loss: 0.062 | Val Loss: 0.07 | Val F1: 0.96 |
2023-09-02 20:51:51,046 - FGO - INFO - Best Epoch:  77 | Train Loss: 0.070 | Val Loss: 0.10 | Val F1: 0.96 
2023-09-02 20:51:51,046 - FGO - INFO - Setting model to best state.
2023-09-02 20:51:51,047 - FGO - INFO - ===== Train Fair OT GCN Model ============================================================
2023-09-02 20:51:51,147 - FGO - INFO - Epoch   0 | Train Loss: -7.149 | Val Loss: -0.69 | Val F1: 0.96 |
2023-09-02 20:51:51,990 - FGO - INFO - Epoch  10 | Train Loss: -7.963 | Val Loss: -0.57 | Val F1: 0.90 |
2023-09-02 20:51:52,720 - FGO - INFO - Epoch  20 | Train Loss: -8.104 | Val Loss: -0.68 | Val F1: 0.92 |
2023-09-02 20:51:53,496 - FGO - INFO - Epoch  30 | Train Loss: -8.211 | Val Loss: -0.54 | Val F1: 0.91 |
2023-09-02 20:51:54,359 - FGO - INFO - Epoch  40 | Train Loss: -8.279 | Val Loss: -0.59 | Val F1: 0.92 |
2023-09-02 20:51:55,037 - FGO - INFO - Best Epoch:   6 | Train Loss: -7.716 | Val Loss: -0.71 | Val F1: 0.95 |
2023-09-02 20:51:55,037 - FGO - INFO - Setting model to best state.
2023-09-02 20:51:55,040 - FGO - INFO - ===== Test Fair OT GCN Model =============================================================
2023-09-02 20:51:55,065 - FGO - INFO - Train CM:
[[394   6]
 [ 17 309]]
2023-09-02 20:51:55,065 - FGO - INFO - Val CM:
[[34  0]
 [ 6 38]]
2023-09-02 20:51:55,065 - FGO - INFO - Test CM:
[[34  0]
 [ 6 38]]
2023-09-02 20:51:55,070 - FGO - INFO - test statistical parity: 0.07729468599033817
2023-09-02 20:51:55,072 - FGO - INFO - test equal opportunity: 0.15384615384615385
2023-09-02 20:51:55,073 - FGO - INFO - test micro f1: 0.9230769230769231
2023-09-02 20:51:55,073 - FGO - INFO - test macro f1: 0.9228740936058009
