2023-09-02 20:49:01,672 - FGO - INFO - ===== SETUP LOGGING ======================================================================
2023-09-02 20:49:01,672 - FGO - INFO - THIS_FILE: Wrapper.py
2023-09-02 20:49:01,672 - FGO - INFO - 	done: False
2023-09-02 20:49:01,672 - FGO - INFO - 	learning_rate: 0.005
2023-09-02 20:49:01,672 - FGO - INFO - 	h1: 64
2023-09-02 20:49:01,672 - FGO - INFO - 	h2: 32
2023-09-02 20:49:01,672 - FGO - INFO - 	weight_decay: 0.0005
2023-09-02 20:49:01,672 - FGO - INFO - 	dropout: 0.0
2023-09-02 20:49:01,672 - FGO - INFO - 	max_pretrain_epochs: 100
2023-09-02 20:49:01,672 - FGO - INFO - 	max_ot_epochs: 50
2023-09-02 20:49:01,672 - FGO - INFO - 	lambda: 0.01
2023-09-02 20:49:01,672 - FGO - INFO - 	theta: 10
2023-09-02 20:49:01,672 - FGO - INFO - 	clip: 5
2023-09-02 20:49:01,672 - FGO - INFO - ===== SETUP LOGGING COMPLETE =============================================================
2023-09-02 20:49:01,672 - FGO - INFO - ===== Configuring Masks ==================================================================
2023-09-02 20:49:01,672 - FGO - INFO - Source Total: 734
2023-09-02 20:49:01,672 - FGO - INFO - Target Total: 70
2023-09-02 20:49:01,672 - FGO - INFO - Train Total: 734
2023-09-02 20:49:01,672 - FGO - INFO - Val Total:   70
2023-09-02 20:49:01,672 - FGO - INFO - Test Total:  70
2023-09-02 20:49:01,672 - FGO - INFO - ===== Preparing to load data =============================================================
2023-09-02 20:49:01,672 - FGO - INFO - SOURCE: abide_large
2023-09-02 20:49:01,672 - FGO - INFO - ===== Retrieving SOURCE Data =============================================================
2023-09-02 20:49:01,672 - FGO - INFO - *************** In load_graph_data ***************
2023-09-02 20:49:01,672 - FGO - INFO - 	FILEPATH: ./data/abide_large.mat
2023-09-02 20:49:01,673 - FGO - INFO - 	X shape: (804, 93)
2023-09-02 20:49:01,673 - FGO - INFO - 	A shape: (804, 804)
2023-09-02 20:49:01,673 - FGO - INFO - 	P shape: (804,)
2023-09-02 20:49:01,673 - FGO - INFO - 	Y shape: (804, 2)
2023-09-02 20:49:01,673 - FGO - INFO - 	Y sum: 804 (number of postive labels)
2023-09-02 20:49:01,674 - FGO - INFO - ===== Preparing data =====================================================================
2023-09-02 20:49:01,675 - FGO - INFO - ===== Disconnecting Source and Target ====================================================
2023-09-02 20:49:01,763 - FGO - INFO - ===== Finalize Data ======================================================================
2023-09-02 20:49:01,764 - FGO - INFO - A shape: (804, 804)
2023-09-02 20:49:01,764 - FGO - INFO - X shape: (804, 93)
2023-09-02 20:49:01,764 - FGO - INFO - Y shape: (804, 2)
2023-09-02 20:49:01,764 - FGO - INFO - N: 804
2023-09-02 20:49:01,764 - FGO - INFO - N_s: 734
2023-09-02 20:49:01,764 - FGO - INFO - N_t: 70
2023-09-02 20:49:01,767 - FGO - INFO - ===== Pretrain GCN Model =================================================================
2023-09-02 20:49:01,771 - FGO - INFO - Epoch   0 | Train Loss: 0.688 | Val Loss: 0.70 | Val F1: 0.32 |
2023-09-02 20:49:01,796 - FGO - INFO - Epoch  10 | Train Loss: 0.564 | Val Loss: 0.59 | Val F1: 0.75 |
2023-09-02 20:49:01,820 - FGO - INFO - Epoch  20 | Train Loss: 0.257 | Val Loss: 0.29 | Val F1: 0.89 |
2023-09-02 20:49:01,845 - FGO - INFO - Epoch  30 | Train Loss: 0.132 | Val Loss: 0.15 | Val F1: 0.94 |
2023-09-02 20:49:01,870 - FGO - INFO - Epoch  40 | Train Loss: 0.097 | Val Loss: 0.13 | Val F1: 0.94 |
2023-09-02 20:49:01,894 - FGO - INFO - Epoch  50 | Train Loss: 0.088 | Val Loss: 0.12 | Val F1: 0.94 |
2023-09-02 20:49:01,919 - FGO - INFO - Epoch  60 | Train Loss: 0.077 | Val Loss: 0.12 | Val F1: 0.94 |
2023-09-02 20:49:01,944 - FGO - INFO - Epoch  70 | Train Loss: 0.073 | Val Loss: 0.12 | Val F1: 0.94 |
2023-09-02 20:49:01,968 - FGO - INFO - Epoch  80 | Train Loss: 0.068 | Val Loss: 0.14 | Val F1: 0.94 |
2023-09-02 20:49:01,993 - FGO - INFO - Epoch  90 | Train Loss: 0.065 | Val Loss: 0.16 | Val F1: 0.93 |
2023-09-02 20:49:02,017 - FGO - INFO - Epoch 100 | Train Loss: 0.064 | Val Loss: 0.16 | Val F1: 0.94 |
2023-09-02 20:49:02,017 - FGO - INFO - Best Epoch:  36 | Train Loss: 0.108 | Val Loss: 0.14 | Val F1: 0.96 
2023-09-02 20:49:02,017 - FGO - INFO - Setting model to best state.
2023-09-02 20:49:02,019 - FGO - INFO - ===== Train Fair OT GCN Model ============================================================
2023-09-02 20:49:02,105 - FGO - INFO - Epoch   0 | Train Loss: -0.500 | Val Loss: 0.11 | Val F1: 0.93 |
2023-09-02 20:49:03,133 - FGO - INFO - Epoch  10 | Train Loss: -0.604 | Val Loss: 0.31 | Val F1: 0.93 |
2023-09-02 20:49:03,992 - FGO - INFO - Epoch  20 | Train Loss: -0.712 | Val Loss: 0.17 | Val F1: 0.96 |
2023-09-02 20:49:04,961 - FGO - INFO - Epoch  30 | Train Loss: -0.748 | Val Loss: 0.12 | Val F1: 0.94 |
2023-09-02 20:49:05,776 - FGO - INFO - Epoch  40 | Train Loss: -0.771 | Val Loss: 0.14 | Val F1: 0.94 |
2023-09-02 20:49:06,498 - FGO - INFO - Best Epoch:  12 | Train Loss: -0.665 | Val Loss: 0.18 | Val F1: 0.96 |
2023-09-02 20:49:06,498 - FGO - INFO - Setting model to best state.
2023-09-02 20:49:06,502 - FGO - INFO - ===== Test Fair OT GCN Model =============================================================
2023-09-02 20:49:06,529 - FGO - INFO - Train CM:
[[392   8]
 [ 10 324]]
2023-09-02 20:49:06,530 - FGO - INFO - Val CM:
[[33  1]
 [ 3 33]]
2023-09-02 20:49:06,530 - FGO - INFO - Test CM:
[[33  1]
 [ 3 33]]
2023-09-02 20:49:06,535 - FGO - INFO - test statistical parity: 0.1241565452091768
2023-09-02 20:49:06,536 - FGO - INFO - test equal opportunity: 0.09999999999999998
2023-09-02 20:49:06,537 - FGO - INFO - test micro f1: 0.9428571428571428
2023-09-02 20:49:06,537 - FGO - INFO - test macro f1: 0.9428571428571428
