2023-09-02 20:59:11,605 - FGO - INFO - ===== SETUP LOGGING ======================================================================
2023-09-02 20:59:11,605 - FGO - INFO - THIS_FILE: Wrapper.py
2023-09-02 20:59:11,605 - FGO - INFO - 	done: False
2023-09-02 20:59:11,605 - FGO - INFO - 	learning_rate: 0.01
2023-09-02 20:59:11,605 - FGO - INFO - 	h1: 64
2023-09-02 20:59:11,605 - FGO - INFO - 	h2: 32
2023-09-02 20:59:11,605 - FGO - INFO - 	weight_decay: 0.0005
2023-09-02 20:59:11,605 - FGO - INFO - 	dropout: 0.0
2023-09-02 20:59:11,605 - FGO - INFO - 	max_pretrain_epochs: 100
2023-09-02 20:59:11,605 - FGO - INFO - 	max_ot_epochs: 50
2023-09-02 20:59:11,605 - FGO - INFO - 	lambda: 0.03
2023-09-02 20:59:11,605 - FGO - INFO - 	theta: 50
2023-09-02 20:59:11,605 - FGO - INFO - 	clip: 5
2023-09-02 20:59:11,605 - FGO - INFO - ===== SETUP LOGGING COMPLETE =============================================================
2023-09-02 20:59:11,606 - FGO - INFO - ===== Configuring Masks ==================================================================
2023-09-02 20:59:11,606 - FGO - INFO - Source Total: 729
2023-09-02 20:59:11,606 - FGO - INFO - Target Total: 75
2023-09-02 20:59:11,606 - FGO - INFO - Train Total: 729
2023-09-02 20:59:11,606 - FGO - INFO - Val Total:   75
2023-09-02 20:59:11,606 - FGO - INFO - Test Total:  75
2023-09-02 20:59:11,606 - FGO - INFO - ===== Preparing to load data =============================================================
2023-09-02 20:59:11,606 - FGO - INFO - SOURCE: abide_large
2023-09-02 20:59:11,606 - FGO - INFO - ===== Retrieving SOURCE Data =============================================================
2023-09-02 20:59:11,606 - FGO - INFO - *************** In load_graph_data ***************
2023-09-02 20:59:11,606 - FGO - INFO - 	FILEPATH: ./data/abide_large.mat
2023-09-02 20:59:11,606 - FGO - INFO - 	X shape: (804, 93)
2023-09-02 20:59:11,606 - FGO - INFO - 	A shape: (804, 804)
2023-09-02 20:59:11,606 - FGO - INFO - 	P shape: (804,)
2023-09-02 20:59:11,606 - FGO - INFO - 	Y shape: (804, 2)
2023-09-02 20:59:11,606 - FGO - INFO - 	Y sum: 804 (number of postive labels)
2023-09-02 20:59:11,607 - FGO - INFO - ===== Preparing data =====================================================================
2023-09-02 20:59:11,609 - FGO - INFO - ===== Disconnecting Source and Target ====================================================
2023-09-02 20:59:11,703 - FGO - INFO - ===== Finalize Data ======================================================================
2023-09-02 20:59:11,703 - FGO - INFO - A shape: (804, 804)
2023-09-02 20:59:11,703 - FGO - INFO - X shape: (804, 93)
2023-09-02 20:59:11,703 - FGO - INFO - Y shape: (804, 2)
2023-09-02 20:59:11,707 - FGO - INFO - N: 804
2023-09-02 20:59:11,707 - FGO - INFO - N_s: 729
2023-09-02 20:59:11,707 - FGO - INFO - N_t: 75
2023-09-02 20:59:11,711 - FGO - INFO - ===== Pretrain GCN Model =================================================================
2023-09-02 20:59:11,714 - FGO - INFO - Epoch   0 | Train Loss: 0.689 | Val Loss: 0.68 | Val F1: 0.37 |
2023-09-02 20:59:11,739 - FGO - INFO - Epoch  10 | Train Loss: 0.431 | Val Loss: 0.36 | Val F1: 0.93 |
2023-09-02 20:59:11,764 - FGO - INFO - Epoch  20 | Train Loss: 0.158 | Val Loss: 0.05 | Val F1: 0.99 |
2023-09-02 20:59:11,788 - FGO - INFO - Epoch  30 | Train Loss: 0.109 | Val Loss: 0.06 | Val F1: 0.99 |
2023-09-02 20:59:11,813 - FGO - INFO - Epoch  40 | Train Loss: 0.093 | Val Loss: 0.03 | Val F1: 0.99 |
2023-09-02 20:59:11,837 - FGO - INFO - Epoch  50 | Train Loss: 0.080 | Val Loss: 0.04 | Val F1: 1.00 |
2023-09-02 20:59:11,862 - FGO - INFO - Epoch  60 | Train Loss: 0.073 | Val Loss: 0.04 | Val F1: 0.99 |
2023-09-02 20:59:11,887 - FGO - INFO - Epoch  70 | Train Loss: 0.068 | Val Loss: 0.05 | Val F1: 0.97 |
2023-09-02 20:59:11,911 - FGO - INFO - Epoch  80 | Train Loss: 0.065 | Val Loss: 0.05 | Val F1: 0.97 |
2023-09-02 20:59:11,936 - FGO - INFO - Epoch  90 | Train Loss: 0.063 | Val Loss: 0.04 | Val F1: 0.99 |
2023-09-02 20:59:11,960 - FGO - INFO - Epoch 100 | Train Loss: 0.069 | Val Loss: 0.07 | Val F1: 0.97 |
2023-09-02 20:59:11,960 - FGO - INFO - Best Epoch:  27 | Train Loss: 0.114 | Val Loss: 0.03 | Val F1: 1.00 
2023-09-02 20:59:11,960 - FGO - INFO - Setting model to best state.
2023-09-02 20:59:11,962 - FGO - INFO - ===== Train Fair OT GCN Model ============================================================
2023-09-02 20:59:12,059 - FGO - INFO - Epoch   0 | Train Loss: -12.178 | Val Loss: -1.25 | Val F1: 0.97 |
2023-09-02 20:59:12,877 - FGO - INFO - Epoch  10 | Train Loss: -13.472 | Val Loss: -1.14 | Val F1: 0.88 |
2023-09-02 20:59:13,655 - FGO - INFO - Epoch  20 | Train Loss: -13.866 | Val Loss: -1.12 | Val F1: 0.88 |
2023-09-02 20:59:14,419 - FGO - INFO - Epoch  30 | Train Loss: -14.122 | Val Loss: -0.86 | Val F1: 0.34 |
2023-09-02 20:59:15,311 - FGO - INFO - Epoch  40 | Train Loss: -14.124 | Val Loss: -0.86 | Val F1: 0.34 |
2023-09-02 20:59:15,977 - FGO - INFO - Best Epoch:   6 | Train Loss: -13.107 | Val Loss: -1.33 | Val F1: 0.97 |
2023-09-02 20:59:15,977 - FGO - INFO - Setting model to best state.
2023-09-02 20:59:15,980 - FGO - INFO - ===== Test Fair OT GCN Model =============================================================
2023-09-02 20:59:16,011 - FGO - INFO - Train CM:
[[396   0]
 [333   0]]
2023-09-02 20:59:16,011 - FGO - INFO - Val CM:
[[38  0]
 [37  0]]
2023-09-02 20:59:16,012 - FGO - INFO - Test CM:
[[38  0]
 [37  0]]
2023-09-02 20:59:16,017 - FGO - INFO - test statistical parity: 0.0
2023-09-02 20:59:16,018 - FGO - INFO - test equal opportunity: 0.0
2023-09-02 20:59:16,019 - FGO - INFO - test micro f1: 0.5066666666666667
2023-09-02 20:59:16,019 - FGO - INFO - test macro f1: 0.33628318584070793
