2023-09-02 20:57:53,236 - FGO - INFO - ===== SETUP LOGGING ======================================================================
2023-09-02 20:57:53,236 - FGO - INFO - THIS_FILE: Wrapper.py
2023-09-02 20:57:53,236 - FGO - INFO - 	done: False
2023-09-02 20:57:53,236 - FGO - INFO - 	learning_rate: 0.01
2023-09-02 20:57:53,236 - FGO - INFO - 	h1: 64
2023-09-02 20:57:53,236 - FGO - INFO - 	h2: 32
2023-09-02 20:57:53,236 - FGO - INFO - 	weight_decay: 0.0005
2023-09-02 20:57:53,236 - FGO - INFO - 	dropout: 0.0
2023-09-02 20:57:53,236 - FGO - INFO - 	max_pretrain_epochs: 100
2023-09-02 20:57:53,236 - FGO - INFO - 	max_ot_epochs: 50
2023-09-02 20:57:53,236 - FGO - INFO - 	lambda: 0.03
2023-09-02 20:57:53,236 - FGO - INFO - 	theta: 10
2023-09-02 20:57:53,236 - FGO - INFO - 	clip: 5
2023-09-02 20:57:53,236 - FGO - INFO - ===== SETUP LOGGING COMPLETE =============================================================
2023-09-02 20:57:53,236 - FGO - INFO - ===== Configuring Masks ==================================================================
2023-09-02 20:57:53,236 - FGO - INFO - Source Total: 726
2023-09-02 20:57:53,236 - FGO - INFO - Target Total: 78
2023-09-02 20:57:53,236 - FGO - INFO - Train Total: 726
2023-09-02 20:57:53,236 - FGO - INFO - Val Total:   78
2023-09-02 20:57:53,236 - FGO - INFO - Test Total:  78
2023-09-02 20:57:53,236 - FGO - INFO - ===== Preparing to load data =============================================================
2023-09-02 20:57:53,236 - FGO - INFO - SOURCE: abide_large
2023-09-02 20:57:53,236 - FGO - INFO - ===== Retrieving SOURCE Data =============================================================
2023-09-02 20:57:53,236 - FGO - INFO - *************** In load_graph_data ***************
2023-09-02 20:57:53,236 - FGO - INFO - 	FILEPATH: ./data/abide_large.mat
2023-09-02 20:57:53,237 - FGO - INFO - 	X shape: (804, 93)
2023-09-02 20:57:53,237 - FGO - INFO - 	A shape: (804, 804)
2023-09-02 20:57:53,237 - FGO - INFO - 	P shape: (804,)
2023-09-02 20:57:53,237 - FGO - INFO - 	Y shape: (804, 2)
2023-09-02 20:57:53,237 - FGO - INFO - 	Y sum: 804 (number of postive labels)
2023-09-02 20:57:53,238 - FGO - INFO - ===== Preparing data =====================================================================
2023-09-02 20:57:53,239 - FGO - INFO - ===== Disconnecting Source and Target ====================================================
2023-09-02 20:57:53,336 - FGO - INFO - ===== Finalize Data ======================================================================
2023-09-02 20:57:53,336 - FGO - INFO - A shape: (804, 804)
2023-09-02 20:57:53,336 - FGO - INFO - X shape: (804, 93)
2023-09-02 20:57:53,336 - FGO - INFO - Y shape: (804, 2)
2023-09-02 20:57:53,336 - FGO - INFO - N: 804
2023-09-02 20:57:53,336 - FGO - INFO - N_s: 726
2023-09-02 20:57:53,336 - FGO - INFO - N_t: 78
2023-09-02 20:57:53,340 - FGO - INFO - ===== Pretrain GCN Model =================================================================
2023-09-02 20:57:53,343 - FGO - INFO - Epoch   0 | Train Loss: 0.684 | Val Loss: 0.73 | Val F1: 0.32 |
2023-09-02 20:57:53,372 - FGO - INFO - Epoch  10 | Train Loss: 0.515 | Val Loss: 0.52 | Val F1: 0.82 |
2023-09-02 20:57:53,400 - FGO - INFO - Epoch  20 | Train Loss: 0.158 | Val Loss: 0.28 | Val F1: 0.92 |
2023-09-02 20:57:53,427 - FGO - INFO - Epoch  30 | Train Loss: 0.106 | Val Loss: 0.27 | Val F1: 0.92 |
2023-09-02 20:57:53,455 - FGO - INFO - Epoch  40 | Train Loss: 0.085 | Val Loss: 0.13 | Val F1: 0.95 |
2023-09-02 20:57:53,493 - FGO - INFO - Epoch  50 | Train Loss: 0.077 | Val Loss: 0.11 | Val F1: 0.95 |
2023-09-02 20:57:53,519 - FGO - INFO - Epoch  60 | Train Loss: 0.071 | Val Loss: 0.09 | Val F1: 0.95 |
2023-09-02 20:57:53,557 - FGO - INFO - Epoch  70 | Train Loss: 0.074 | Val Loss: 0.12 | Val F1: 0.96 |
2023-09-02 20:57:53,584 - FGO - INFO - Epoch  80 | Train Loss: 0.069 | Val Loss: 0.07 | Val F1: 0.95 |
2023-09-02 20:57:53,616 - FGO - INFO - Epoch  90 | Train Loss: 0.065 | Val Loss: 0.10 | Val F1: 0.95 |
2023-09-02 20:57:53,649 - FGO - INFO - Epoch 100 | Train Loss: 0.062 | Val Loss: 0.10 | Val F1: 0.95 |
2023-09-02 20:57:53,649 - FGO - INFO - Best Epoch:  55 | Train Loss: 0.077 | Val Loss: 0.09 | Val F1: 0.97 
2023-09-02 20:57:53,649 - FGO - INFO - Setting model to best state.
2023-09-02 20:57:53,650 - FGO - INFO - ===== Train Fair OT GCN Model ============================================================
2023-09-02 20:57:53,723 - FGO - INFO - Epoch   0 | Train Loss: -2.168 | Val Loss: -0.16 | Val F1: 0.95 |
2023-09-02 20:57:54,546 - FGO - INFO - Epoch  10 | Train Loss: -2.425 | Val Loss: 0.22 | Val F1: 0.88 |
2023-09-02 20:57:55,370 - FGO - INFO - Epoch  20 | Train Loss: -2.537 | Val Loss: 0.08 | Val F1: 0.88 |
2023-09-02 20:57:56,130 - FGO - INFO - Epoch  30 | Train Loss: -2.620 | Val Loss: 0.11 | Val F1: 0.91 |
2023-09-02 20:57:56,906 - FGO - INFO - Epoch  40 | Train Loss: -2.665 | Val Loss: 0.07 | Val F1: 0.90 |
2023-09-02 20:57:57,662 - FGO - INFO - Best Epoch:   6 | Train Loss: -2.290 | Val Loss: -0.17 | Val F1: 0.95 |
2023-09-02 20:57:57,662 - FGO - INFO - Setting model to best state.
2023-09-02 20:57:57,669 - FGO - INFO - ===== Test Fair OT GCN Model =============================================================
2023-09-02 20:57:57,697 - FGO - INFO - Train CM:
[[393   7]
 [ 15 311]]
2023-09-02 20:57:57,697 - FGO - INFO - Val CM:
[[32  2]
 [ 6 38]]
2023-09-02 20:57:57,697 - FGO - INFO - Test CM:
[[32  2]
 [ 6 38]]
2023-09-02 20:57:57,703 - FGO - INFO - test statistical parity: 0.1739130434782608
2023-09-02 20:57:57,704 - FGO - INFO - test equal opportunity: 0.15384615384615385
2023-09-02 20:57:57,705 - FGO - INFO - test micro f1: 0.8974358974358975
2023-09-02 20:57:57,706 - FGO - INFO - test macro f1: 0.8968253968253967
