2023-09-02 20:45:28,508 - FGO - INFO - ===== SETUP LOGGING ======================================================================
2023-09-02 20:45:28,508 - FGO - INFO - THIS_FILE: Wrapper.py
2023-09-02 20:45:28,508 - FGO - INFO - 	done: False
2023-09-02 20:45:28,508 - FGO - INFO - 	learning_rate: 0.001
2023-09-02 20:45:28,508 - FGO - INFO - 	h1: 64
2023-09-02 20:45:28,508 - FGO - INFO - 	h2: 32
2023-09-02 20:45:28,508 - FGO - INFO - 	weight_decay: 0.0005
2023-09-02 20:45:28,508 - FGO - INFO - 	dropout: 0.0
2023-09-02 20:45:28,508 - FGO - INFO - 	max_pretrain_epochs: 100
2023-09-02 20:45:28,508 - FGO - INFO - 	max_ot_epochs: 50
2023-09-02 20:45:28,508 - FGO - INFO - 	lambda: 0.03
2023-09-02 20:45:28,508 - FGO - INFO - 	theta: 50
2023-09-02 20:45:28,508 - FGO - INFO - 	clip: 5
2023-09-02 20:45:28,508 - FGO - INFO - ===== SETUP LOGGING COMPLETE =============================================================
2023-09-02 20:45:28,508 - FGO - INFO - ===== Configuring Masks ==================================================================
2023-09-02 20:45:28,508 - FGO - INFO - Source Total: 708
2023-09-02 20:45:28,508 - FGO - INFO - Target Total: 96
2023-09-02 20:45:28,508 - FGO - INFO - Train Total: 708
2023-09-02 20:45:28,508 - FGO - INFO - Val Total:   96
2023-09-02 20:45:28,508 - FGO - INFO - Test Total:  96
2023-09-02 20:45:28,508 - FGO - INFO - ===== Preparing to load data =============================================================
2023-09-02 20:45:28,508 - FGO - INFO - SOURCE: abide_large
2023-09-02 20:45:28,508 - FGO - INFO - ===== Retrieving SOURCE Data =============================================================
2023-09-02 20:45:28,508 - FGO - INFO - *************** In load_graph_data ***************
2023-09-02 20:45:28,508 - FGO - INFO - 	FILEPATH: ./data/abide_large.mat
2023-09-02 20:45:28,509 - FGO - INFO - 	X shape: (804, 93)
2023-09-02 20:45:28,509 - FGO - INFO - 	A shape: (804, 804)
2023-09-02 20:45:28,509 - FGO - INFO - 	P shape: (804,)
2023-09-02 20:45:28,509 - FGO - INFO - 	Y shape: (804, 2)
2023-09-02 20:45:28,509 - FGO - INFO - 	Y sum: 804 (number of postive labels)
2023-09-02 20:45:28,510 - FGO - INFO - ===== Preparing data =====================================================================
2023-09-02 20:45:28,511 - FGO - INFO - ===== Disconnecting Source and Target ====================================================
2023-09-02 20:45:28,627 - FGO - INFO - ===== Finalize Data ======================================================================
2023-09-02 20:45:28,627 - FGO - INFO - A shape: (804, 804)
2023-09-02 20:45:28,627 - FGO - INFO - X shape: (804, 93)
2023-09-02 20:45:28,627 - FGO - INFO - Y shape: (804, 2)
2023-09-02 20:45:28,627 - FGO - INFO - N: 804
2023-09-02 20:45:28,627 - FGO - INFO - N_s: 708
2023-09-02 20:45:28,627 - FGO - INFO - N_t: 96
2023-09-02 20:45:28,630 - FGO - INFO - ===== Pretrain GCN Model =================================================================
2023-09-02 20:45:28,633 - FGO - INFO - Epoch   0 | Train Loss: 0.688 | Val Loss: 0.69 | Val F1: 0.35 |
2023-09-02 20:45:28,658 - FGO - INFO - Epoch  10 | Train Loss: 0.672 | Val Loss: 0.68 | Val F1: 0.38 |
2023-09-02 20:45:28,682 - FGO - INFO - Epoch  20 | Train Loss: 0.647 | Val Loss: 0.66 | Val F1: 0.53 |
2023-09-02 20:45:28,707 - FGO - INFO - Epoch  30 | Train Loss: 0.595 | Val Loss: 0.61 | Val F1: 0.67 |
2023-09-02 20:45:28,731 - FGO - INFO - Epoch  40 | Train Loss: 0.508 | Val Loss: 0.52 | Val F1: 0.86 |
2023-09-02 20:45:28,756 - FGO - INFO - Epoch  50 | Train Loss: 0.399 | Val Loss: 0.41 | Val F1: 0.89 |
2023-09-02 20:45:28,780 - FGO - INFO - Epoch  60 | Train Loss: 0.298 | Val Loss: 0.31 | Val F1: 0.91 |
2023-09-02 20:45:28,804 - FGO - INFO - Epoch  70 | Train Loss: 0.225 | Val Loss: 0.24 | Val F1: 0.90 |
2023-09-02 20:45:28,828 - FGO - INFO - Epoch  80 | Train Loss: 0.180 | Val Loss: 0.20 | Val F1: 0.94 |
2023-09-02 20:45:28,852 - FGO - INFO - Epoch  90 | Train Loss: 0.151 | Val Loss: 0.17 | Val F1: 0.95 |
2023-09-02 20:45:28,877 - FGO - INFO - Epoch 100 | Train Loss: 0.130 | Val Loss: 0.15 | Val F1: 0.95 |
2023-09-02 20:45:28,877 - FGO - INFO - Best Epoch:  86 | Train Loss: 0.161 | Val Loss: 0.18 | Val F1: 0.95 
2023-09-02 20:45:28,877 - FGO - INFO - Setting model to best state.
2023-09-02 20:45:28,878 - FGO - INFO - ===== Train Fair OT GCN Model ============================================================
2023-09-02 20:45:28,942 - FGO - INFO - Epoch   0 | Train Loss: -12.700 | Val Loss: -1.65 | Val F1: 0.95 |
2023-09-02 20:45:29,691 - FGO - INFO - Epoch  10 | Train Loss: -13.128 | Val Loss: -1.72 | Val F1: 0.95 |
2023-09-02 20:45:30,549 - FGO - INFO - Epoch  20 | Train Loss: -13.434 | Val Loss: -1.73 | Val F1: 0.93 |
2023-09-02 20:45:31,344 - FGO - INFO - Epoch  30 | Train Loss: -13.559 | Val Loss: -1.69 | Val F1: 0.90 |
2023-09-02 20:45:32,040 - FGO - INFO - Epoch  40 | Train Loss: -13.618 | Val Loss: -1.69 | Val F1: 0.93 |
2023-09-02 20:45:32,723 - FGO - INFO - Best Epoch:   6 | Train Loss: -12.964 | Val Loss: -1.69 | Val F1: 0.95 |
2023-09-02 20:45:32,723 - FGO - INFO - Setting model to best state.
2023-09-02 20:45:32,727 - FGO - INFO - ===== Test Fair OT GCN Model =============================================================
2023-09-02 20:45:32,750 - FGO - INFO - Train CM:
[[381   1]
 [219 107]]
2023-09-02 20:45:32,750 - FGO - INFO - Val CM:
[[52  0]
 [10 34]]
2023-09-02 20:45:32,751 - FGO - INFO - Test CM:
[[52  0]
 [10 34]]
2023-09-02 20:45:32,756 - FGO - INFO - test statistical parity: 0.31871657754010696
2023-09-02 20:45:32,758 - FGO - INFO - test equal opportunity: 0.125
2023-09-02 20:45:32,758 - FGO - INFO - test micro f1: 0.8958333333333334
2023-09-02 20:45:32,759 - FGO - INFO - test macro f1: 0.8920377867746289
