2023-09-02 20:53:30,611 - FGO - INFO - ===== SETUP LOGGING ======================================================================
2023-09-02 20:53:30,611 - FGO - INFO - THIS_FILE: Wrapper.py
2023-09-02 20:53:30,611 - FGO - INFO - 	done: False
2023-09-02 20:53:30,611 - FGO - INFO - 	learning_rate: 0.005
2023-09-02 20:53:30,611 - FGO - INFO - 	h1: 64
2023-09-02 20:53:30,611 - FGO - INFO - 	h2: 32
2023-09-02 20:53:30,611 - FGO - INFO - 	weight_decay: 0.0005
2023-09-02 20:53:30,611 - FGO - INFO - 	dropout: 0.0
2023-09-02 20:53:30,611 - FGO - INFO - 	max_pretrain_epochs: 100
2023-09-02 20:53:30,611 - FGO - INFO - 	max_ot_epochs: 50
2023-09-02 20:53:30,611 - FGO - INFO - 	lambda: 0.05
2023-09-02 20:53:30,611 - FGO - INFO - 	theta: 10
2023-09-02 20:53:30,611 - FGO - INFO - 	clip: 5
2023-09-02 20:53:30,611 - FGO - INFO - ===== SETUP LOGGING COMPLETE =============================================================
2023-09-02 20:53:30,611 - FGO - INFO - ===== Configuring Masks ==================================================================
2023-09-02 20:53:30,611 - FGO - INFO - Source Total: 734
2023-09-02 20:53:30,611 - FGO - INFO - Target Total: 70
2023-09-02 20:53:30,611 - FGO - INFO - Train Total: 734
2023-09-02 20:53:30,611 - FGO - INFO - Val Total:   70
2023-09-02 20:53:30,611 - FGO - INFO - Test Total:  70
2023-09-02 20:53:30,611 - FGO - INFO - ===== Preparing to load data =============================================================
2023-09-02 20:53:30,611 - FGO - INFO - SOURCE: abide_large
2023-09-02 20:53:30,611 - FGO - INFO - ===== Retrieving SOURCE Data =============================================================
2023-09-02 20:53:30,611 - FGO - INFO - *************** In load_graph_data ***************
2023-09-02 20:53:30,611 - FGO - INFO - 	FILEPATH: ./data/abide_large.mat
2023-09-02 20:53:30,612 - FGO - INFO - 	X shape: (804, 93)
2023-09-02 20:53:30,612 - FGO - INFO - 	A shape: (804, 804)
2023-09-02 20:53:30,612 - FGO - INFO - 	P shape: (804,)
2023-09-02 20:53:30,612 - FGO - INFO - 	Y shape: (804, 2)
2023-09-02 20:53:30,612 - FGO - INFO - 	Y sum: 804 (number of postive labels)
2023-09-02 20:53:30,613 - FGO - INFO - ===== Preparing data =====================================================================
2023-09-02 20:53:30,614 - FGO - INFO - ===== Disconnecting Source and Target ====================================================
2023-09-02 20:53:30,703 - FGO - INFO - ===== Finalize Data ======================================================================
2023-09-02 20:53:30,703 - FGO - INFO - A shape: (804, 804)
2023-09-02 20:53:30,703 - FGO - INFO - X shape: (804, 93)
2023-09-02 20:53:30,703 - FGO - INFO - Y shape: (804, 2)
2023-09-02 20:53:30,703 - FGO - INFO - N: 804
2023-09-02 20:53:30,703 - FGO - INFO - N_s: 734
2023-09-02 20:53:30,703 - FGO - INFO - N_t: 70
2023-09-02 20:53:30,707 - FGO - INFO - ===== Pretrain GCN Model =================================================================
2023-09-02 20:53:30,710 - FGO - INFO - Epoch   0 | Train Loss: 0.688 | Val Loss: 0.70 | Val F1: 0.32 |
2023-09-02 20:53:30,735 - FGO - INFO - Epoch  10 | Train Loss: 0.564 | Val Loss: 0.59 | Val F1: 0.75 |
2023-09-02 20:53:30,760 - FGO - INFO - Epoch  20 | Train Loss: 0.257 | Val Loss: 0.29 | Val F1: 0.89 |
2023-09-02 20:53:30,785 - FGO - INFO - Epoch  30 | Train Loss: 0.132 | Val Loss: 0.15 | Val F1: 0.94 |
2023-09-02 20:53:30,809 - FGO - INFO - Epoch  40 | Train Loss: 0.097 | Val Loss: 0.13 | Val F1: 0.94 |
2023-09-02 20:53:30,834 - FGO - INFO - Epoch  50 | Train Loss: 0.088 | Val Loss: 0.12 | Val F1: 0.94 |
2023-09-02 20:53:30,859 - FGO - INFO - Epoch  60 | Train Loss: 0.077 | Val Loss: 0.12 | Val F1: 0.94 |
2023-09-02 20:53:30,884 - FGO - INFO - Epoch  70 | Train Loss: 0.073 | Val Loss: 0.12 | Val F1: 0.94 |
2023-09-02 20:53:30,908 - FGO - INFO - Epoch  80 | Train Loss: 0.068 | Val Loss: 0.14 | Val F1: 0.94 |
2023-09-02 20:53:30,933 - FGO - INFO - Epoch  90 | Train Loss: 0.065 | Val Loss: 0.16 | Val F1: 0.93 |
2023-09-02 20:53:30,957 - FGO - INFO - Epoch 100 | Train Loss: 0.064 | Val Loss: 0.16 | Val F1: 0.94 |
2023-09-02 20:53:30,958 - FGO - INFO - Best Epoch:  36 | Train Loss: 0.108 | Val Loss: 0.14 | Val F1: 0.96 
2023-09-02 20:53:30,958 - FGO - INFO - Setting model to best state.
2023-09-02 20:53:30,959 - FGO - INFO - ===== Train Fair OT GCN Model ============================================================
2023-09-02 20:53:31,046 - FGO - INFO - Epoch   0 | Train Loss: -4.099 | Val Loss: -0.24 | Val F1: 0.93 |
2023-09-02 20:53:31,850 - FGO - INFO - Epoch  10 | Train Loss: -4.353 | Val Loss: -0.07 | Val F1: 0.93 |
2023-09-02 20:53:32,679 - FGO - INFO - Epoch  20 | Train Loss: -4.496 | Val Loss: -0.19 | Val F1: 0.94 |
2023-09-02 20:53:33,448 - FGO - INFO - Epoch  30 | Train Loss: -4.544 | Val Loss: -0.16 | Val F1: 0.96 |
2023-09-02 20:53:34,259 - FGO - INFO - Epoch  40 | Train Loss: -4.576 | Val Loss: -0.11 | Val F1: 0.96 |
2023-09-02 20:53:34,991 - FGO - INFO - Best Epoch:  24 | Train Loss: -4.512 | Val Loss: -0.16 | Val F1: 0.96 |
2023-09-02 20:53:34,991 - FGO - INFO - Setting model to best state.
2023-09-02 20:53:34,995 - FGO - INFO - ===== Test Fair OT GCN Model =============================================================
2023-09-02 20:53:35,020 - FGO - INFO - Train CM:
[[391   9]
 [ 11 323]]
2023-09-02 20:53:35,020 - FGO - INFO - Val CM:
[[34  0]
 [ 3 33]]
2023-09-02 20:53:35,021 - FGO - INFO - Test CM:
[[34  0]
 [ 3 33]]
2023-09-02 20:53:35,026 - FGO - INFO - test statistical parity: 0.10661268556005393
2023-09-02 20:53:35,027 - FGO - INFO - test equal opportunity: 0.09999999999999998
2023-09-02 20:53:35,028 - FGO - INFO - test micro f1: 0.9571428571428572
2023-09-02 20:53:35,028 - FGO - INFO - test macro f1: 0.9571341090018372
