2023-09-02 21:00:25,464 - FGO - INFO - ===== SETUP LOGGING ======================================================================
2023-09-02 21:00:25,464 - FGO - INFO - THIS_FILE: Wrapper.py
2023-09-02 21:00:25,464 - FGO - INFO - 	done: False
2023-09-02 21:00:25,464 - FGO - INFO - 	learning_rate: 0.01
2023-09-02 21:00:25,464 - FGO - INFO - 	h1: 64
2023-09-02 21:00:25,464 - FGO - INFO - 	h2: 32
2023-09-02 21:00:25,464 - FGO - INFO - 	weight_decay: 0.0005
2023-09-02 21:00:25,464 - FGO - INFO - 	dropout: 0.0
2023-09-02 21:00:25,464 - FGO - INFO - 	max_pretrain_epochs: 100
2023-09-02 21:00:25,464 - FGO - INFO - 	max_ot_epochs: 50
2023-09-02 21:00:25,464 - FGO - INFO - 	lambda: 0.05
2023-09-02 21:00:25,465 - FGO - INFO - 	theta: 30
2023-09-02 21:00:25,465 - FGO - INFO - 	clip: 5
2023-09-02 21:00:25,465 - FGO - INFO - ===== SETUP LOGGING COMPLETE =============================================================
2023-09-02 21:00:25,465 - FGO - INFO - ===== Configuring Masks ==================================================================
2023-09-02 21:00:25,465 - FGO - INFO - Source Total: 708
2023-09-02 21:00:25,465 - FGO - INFO - Target Total: 96
2023-09-02 21:00:25,465 - FGO - INFO - Train Total: 708
2023-09-02 21:00:25,465 - FGO - INFO - Val Total:   96
2023-09-02 21:00:25,465 - FGO - INFO - Test Total:  96
2023-09-02 21:00:25,465 - FGO - INFO - ===== Preparing to load data =============================================================
2023-09-02 21:00:25,465 - FGO - INFO - SOURCE: abide_large
2023-09-02 21:00:25,465 - FGO - INFO - ===== Retrieving SOURCE Data =============================================================
2023-09-02 21:00:25,465 - FGO - INFO - *************** In load_graph_data ***************
2023-09-02 21:00:25,465 - FGO - INFO - 	FILEPATH: ./data/abide_large.mat
2023-09-02 21:00:25,465 - FGO - INFO - 	X shape: (804, 93)
2023-09-02 21:00:25,465 - FGO - INFO - 	A shape: (804, 804)
2023-09-02 21:00:25,465 - FGO - INFO - 	P shape: (804,)
2023-09-02 21:00:25,465 - FGO - INFO - 	Y shape: (804, 2)
2023-09-02 21:00:25,465 - FGO - INFO - 	Y sum: 804 (number of postive labels)
2023-09-02 21:00:25,466 - FGO - INFO - ===== Preparing data =====================================================================
2023-09-02 21:00:25,468 - FGO - INFO - ===== Disconnecting Source and Target ====================================================
2023-09-02 21:00:25,583 - FGO - INFO - ===== Finalize Data ======================================================================
2023-09-02 21:00:25,583 - FGO - INFO - A shape: (804, 804)
2023-09-02 21:00:25,583 - FGO - INFO - X shape: (804, 93)
2023-09-02 21:00:25,583 - FGO - INFO - Y shape: (804, 2)
2023-09-02 21:00:25,583 - FGO - INFO - N: 804
2023-09-02 21:00:25,583 - FGO - INFO - N_s: 708
2023-09-02 21:00:25,583 - FGO - INFO - N_t: 96
2023-09-02 21:00:25,587 - FGO - INFO - ===== Pretrain GCN Model =================================================================
2023-09-02 21:00:25,590 - FGO - INFO - Epoch   0 | Train Loss: 0.688 | Val Loss: 0.69 | Val F1: 0.35 |
2023-09-02 21:00:25,614 - FGO - INFO - Epoch  10 | Train Loss: 0.421 | Val Loss: 0.44 | Val F1: 0.88 |
2023-09-02 21:00:25,639 - FGO - INFO - Epoch  20 | Train Loss: 0.142 | Val Loss: 0.20 | Val F1: 0.94 |
2023-09-02 21:00:25,663 - FGO - INFO - Epoch  30 | Train Loss: 0.103 | Val Loss: 0.16 | Val F1: 0.94 |
2023-09-02 21:00:25,687 - FGO - INFO - Epoch  40 | Train Loss: 0.085 | Val Loss: 0.18 | Val F1: 0.96 |
2023-09-02 21:00:25,711 - FGO - INFO - Epoch  50 | Train Loss: 0.073 | Val Loss: 0.18 | Val F1: 0.96 |
2023-09-02 21:00:25,736 - FGO - INFO - Epoch  60 | Train Loss: 0.066 | Val Loss: 0.15 | Val F1: 0.97 |
2023-09-02 21:00:25,760 - FGO - INFO - Epoch  70 | Train Loss: 0.061 | Val Loss: 0.13 | Val F1: 0.97 |
2023-09-02 21:00:25,784 - FGO - INFO - Epoch  80 | Train Loss: 0.058 | Val Loss: 0.15 | Val F1: 0.96 |
2023-09-02 21:00:25,808 - FGO - INFO - Epoch  90 | Train Loss: 0.058 | Val Loss: 0.12 | Val F1: 0.97 |
2023-09-02 21:00:25,833 - FGO - INFO - Epoch 100 | Train Loss: 0.055 | Val Loss: 0.15 | Val F1: 0.96 |
2023-09-02 21:00:25,833 - FGO - INFO - Best Epoch:  28 | Train Loss: 0.112 | Val Loss: 0.09 | Val F1: 0.99 
2023-09-02 21:00:25,833 - FGO - INFO - Setting model to best state.
2023-09-02 21:00:25,834 - FGO - INFO - ===== Train Fair OT GCN Model ============================================================
2023-09-02 21:00:25,899 - FGO - INFO - Epoch   0 | Train Loss: -12.972 | Val Loss: -1.67 | Val F1: 0.94 |
2023-09-02 21:00:26,721 - FGO - INFO - Epoch  10 | Train Loss: -13.484 | Val Loss: -1.79 | Val F1: 0.96 |
2023-09-02 21:00:27,472 - FGO - INFO - Epoch  20 | Train Loss: -13.762 | Val Loss: -1.80 | Val F1: 0.93 |
2023-09-02 21:00:28,221 - FGO - INFO - Epoch  30 | Train Loss: -13.826 | Val Loss: -1.79 | Val F1: 0.95 |
2023-09-02 21:00:28,971 - FGO - INFO - Epoch  40 | Train Loss: -13.916 | Val Loss: -1.81 | Val F1: 0.95 |
2023-09-02 21:00:29,693 - FGO - INFO - Best Epoch:   8 | Train Loss: -13.556 | Val Loss: -1.79 | Val F1: 0.96 |
2023-09-02 21:00:29,693 - FGO - INFO - Setting model to best state.
2023-09-02 21:00:29,697 - FGO - INFO - ===== Test Fair OT GCN Model =============================================================
2023-09-02 21:00:29,719 - FGO - INFO - Train CM:
[[379   3]
 [ 24 302]]
2023-09-02 21:00:29,719 - FGO - INFO - Val CM:
[[52  0]
 [ 4 40]]
2023-09-02 21:00:29,720 - FGO - INFO - Test CM:
[[52  0]
 [ 4 40]]
2023-09-02 21:00:29,724 - FGO - INFO - test statistical parity: 0.2481283422459893
2023-09-02 21:00:29,725 - FGO - INFO - test equal opportunity: 0.04166666666666663
2023-09-02 21:00:29,726 - FGO - INFO - test micro f1: 0.9583333333333334
2023-09-02 21:00:29,727 - FGO - INFO - test macro f1: 0.9576719576719577
