2023-09-02 20:45:32,761 - FGO - INFO - ===== SETUP LOGGING ======================================================================
2023-09-02 20:45:32,761 - FGO - INFO - THIS_FILE: Wrapper.py
2023-09-02 20:45:32,761 - FGO - INFO - 	done: False
2023-09-02 20:45:32,761 - FGO - INFO - 	learning_rate: 0.001
2023-09-02 20:45:32,761 - FGO - INFO - 	h1: 64
2023-09-02 20:45:32,761 - FGO - INFO - 	h2: 32
2023-09-02 20:45:32,761 - FGO - INFO - 	weight_decay: 0.0005
2023-09-02 20:45:32,761 - FGO - INFO - 	dropout: 0.0
2023-09-02 20:45:32,761 - FGO - INFO - 	max_pretrain_epochs: 100
2023-09-02 20:45:32,761 - FGO - INFO - 	max_ot_epochs: 50
2023-09-02 20:45:32,761 - FGO - INFO - 	lambda: 0.03
2023-09-02 20:45:32,761 - FGO - INFO - 	theta: 50
2023-09-02 20:45:32,761 - FGO - INFO - 	clip: 5
2023-09-02 20:45:32,761 - FGO - INFO - ===== SETUP LOGGING COMPLETE =============================================================
2023-09-02 20:45:32,761 - FGO - INFO - ===== Configuring Masks ==================================================================
2023-09-02 20:45:32,761 - FGO - INFO - Source Total: 727
2023-09-02 20:45:32,761 - FGO - INFO - Target Total: 77
2023-09-02 20:45:32,761 - FGO - INFO - Train Total: 727
2023-09-02 20:45:32,761 - FGO - INFO - Val Total:   77
2023-09-02 20:45:32,761 - FGO - INFO - Test Total:  77
2023-09-02 20:45:32,761 - FGO - INFO - ===== Preparing to load data =============================================================
2023-09-02 20:45:32,761 - FGO - INFO - SOURCE: abide_large
2023-09-02 20:45:32,761 - FGO - INFO - ===== Retrieving SOURCE Data =============================================================
2023-09-02 20:45:32,761 - FGO - INFO - *************** In load_graph_data ***************
2023-09-02 20:45:32,761 - FGO - INFO - 	FILEPATH: ./data/abide_large.mat
2023-09-02 20:45:32,762 - FGO - INFO - 	X shape: (804, 93)
2023-09-02 20:45:32,762 - FGO - INFO - 	A shape: (804, 804)
2023-09-02 20:45:32,762 - FGO - INFO - 	P shape: (804,)
2023-09-02 20:45:32,762 - FGO - INFO - 	Y shape: (804, 2)
2023-09-02 20:45:32,762 - FGO - INFO - 	Y sum: 804 (number of postive labels)
2023-09-02 20:45:32,763 - FGO - INFO - ===== Preparing data =====================================================================
2023-09-02 20:45:32,764 - FGO - INFO - ===== Disconnecting Source and Target ====================================================
2023-09-02 20:45:32,860 - FGO - INFO - ===== Finalize Data ======================================================================
2023-09-02 20:45:32,860 - FGO - INFO - A shape: (804, 804)
2023-09-02 20:45:32,860 - FGO - INFO - X shape: (804, 93)
2023-09-02 20:45:32,860 - FGO - INFO - Y shape: (804, 2)
2023-09-02 20:45:32,860 - FGO - INFO - N: 804
2023-09-02 20:45:32,860 - FGO - INFO - N_s: 727
2023-09-02 20:45:32,860 - FGO - INFO - N_t: 77
2023-09-02 20:45:32,864 - FGO - INFO - ===== Pretrain GCN Model =================================================================
2023-09-02 20:45:32,867 - FGO - INFO - Epoch   0 | Train Loss: 0.689 | Val Loss: 0.68 | Val F1: 0.36 |
2023-09-02 20:45:32,892 - FGO - INFO - Epoch  10 | Train Loss: 0.673 | Val Loss: 0.68 | Val F1: 0.51 |
2023-09-02 20:45:32,916 - FGO - INFO - Epoch  20 | Train Loss: 0.647 | Val Loss: 0.66 | Val F1: 0.55 |
2023-09-02 20:45:32,941 - FGO - INFO - Epoch  30 | Train Loss: 0.593 | Val Loss: 0.63 | Val F1: 0.61 |
2023-09-02 20:45:32,966 - FGO - INFO - Epoch  40 | Train Loss: 0.505 | Val Loss: 0.55 | Val F1: 0.73 |
2023-09-02 20:45:32,990 - FGO - INFO - Epoch  50 | Train Loss: 0.396 | Val Loss: 0.47 | Val F1: 0.73 |
2023-09-02 20:45:33,015 - FGO - INFO - Epoch  60 | Train Loss: 0.294 | Val Loss: 0.40 | Val F1: 0.81 |
2023-09-02 20:45:33,040 - FGO - INFO - Epoch  70 | Train Loss: 0.219 | Val Loss: 0.34 | Val F1: 0.80 |
2023-09-02 20:45:33,064 - FGO - INFO - Epoch  80 | Train Loss: 0.172 | Val Loss: 0.29 | Val F1: 0.84 |
2023-09-02 20:45:33,089 - FGO - INFO - Epoch  90 | Train Loss: 0.142 | Val Loss: 0.26 | Val F1: 0.87 |
2023-09-02 20:45:33,113 - FGO - INFO - Epoch 100 | Train Loss: 0.122 | Val Loss: 0.25 | Val F1: 0.87 |
2023-09-02 20:45:33,113 - FGO - INFO - Best Epoch:  88 | Train Loss: 0.147 | Val Loss: 0.27 | Val F1: 0.87 
2023-09-02 20:45:33,113 - FGO - INFO - Setting model to best state.
2023-09-02 20:45:33,115 - FGO - INFO - ===== Train Fair OT GCN Model ============================================================
2023-09-02 20:45:33,190 - FGO - INFO - Epoch   0 | Train Loss: -12.759 | Val Loss: -1.06 | Val F1: 0.87 |
2023-09-02 20:45:33,920 - FGO - INFO - Epoch  10 | Train Loss: -13.207 | Val Loss: -1.13 | Val F1: 0.92 |
2023-09-02 20:45:34,715 - FGO - INFO - Epoch  20 | Train Loss: -13.553 | Val Loss: -1.15 | Val F1: 0.92 |
2023-09-02 20:45:35,470 - FGO - INFO - Epoch  30 | Train Loss: -13.741 | Val Loss: -1.12 | Val F1: 0.93 |
2023-09-02 20:45:36,209 - FGO - INFO - Epoch  40 | Train Loss: -13.839 | Val Loss: -1.06 | Val F1: 0.86 |
2023-09-02 20:45:36,946 - FGO - INFO - Best Epoch:  30 | Train Loss: -13.741 | Val Loss: -1.12 | Val F1: 0.93 |
2023-09-02 20:45:36,946 - FGO - INFO - Setting model to best state.
2023-09-02 20:45:36,950 - FGO - INFO - ===== Test Fair OT GCN Model =============================================================
2023-09-02 20:45:36,976 - FGO - INFO - Train CM:
[[390   0]
 [220 117]]
2023-09-02 20:45:36,977 - FGO - INFO - Val CM:
[[44  0]
 [14 19]]
2023-09-02 20:45:36,977 - FGO - INFO - Test CM:
[[44  0]
 [14 19]]
2023-09-02 20:45:36,982 - FGO - INFO - test statistical parity: 0.19358974358974362
2023-09-02 20:45:36,984 - FGO - INFO - test equal opportunity: 0.08064516129032262
2023-09-02 20:45:36,985 - FGO - INFO - test micro f1: 0.8181818181818182
2023-09-02 20:45:36,985 - FGO - INFO - test macro f1: 0.7967571644042233
