2023-09-02 21:01:12,805 - FGO - INFO - ===== SETUP LOGGING ======================================================================
2023-09-02 21:01:12,805 - FGO - INFO - THIS_FILE: Wrapper.py
2023-09-02 21:01:12,805 - FGO - INFO - 	done: False
2023-09-02 21:01:12,805 - FGO - INFO - 	learning_rate: 0.01
2023-09-02 21:01:12,805 - FGO - INFO - 	h1: 64
2023-09-02 21:01:12,805 - FGO - INFO - 	h2: 32
2023-09-02 21:01:12,805 - FGO - INFO - 	weight_decay: 0.0005
2023-09-02 21:01:12,805 - FGO - INFO - 	dropout: 0.0
2023-09-02 21:01:12,805 - FGO - INFO - 	max_pretrain_epochs: 100
2023-09-02 21:01:12,805 - FGO - INFO - 	max_ot_epochs: 50
2023-09-02 21:01:12,805 - FGO - INFO - 	lambda: 0.05
2023-09-02 21:01:12,805 - FGO - INFO - 	theta: 50
2023-09-02 21:01:12,805 - FGO - INFO - 	clip: 5
2023-09-02 21:01:12,806 - FGO - INFO - ===== SETUP LOGGING COMPLETE =============================================================
2023-09-02 21:01:12,806 - FGO - INFO - ===== Configuring Masks ==================================================================
2023-09-02 21:01:12,806 - FGO - INFO - Source Total: 727
2023-09-02 21:01:12,806 - FGO - INFO - Target Total: 77
2023-09-02 21:01:12,806 - FGO - INFO - Train Total: 727
2023-09-02 21:01:12,806 - FGO - INFO - Val Total:   77
2023-09-02 21:01:12,806 - FGO - INFO - Test Total:  77
2023-09-02 21:01:12,806 - FGO - INFO - ===== Preparing to load data =============================================================
2023-09-02 21:01:12,806 - FGO - INFO - SOURCE: abide_large
2023-09-02 21:01:12,806 - FGO - INFO - ===== Retrieving SOURCE Data =============================================================
2023-09-02 21:01:12,806 - FGO - INFO - *************** In load_graph_data ***************
2023-09-02 21:01:12,806 - FGO - INFO - 	FILEPATH: ./data/abide_large.mat
2023-09-02 21:01:12,806 - FGO - INFO - 	X shape: (804, 93)
2023-09-02 21:01:12,806 - FGO - INFO - 	A shape: (804, 804)
2023-09-02 21:01:12,806 - FGO - INFO - 	P shape: (804,)
2023-09-02 21:01:12,806 - FGO - INFO - 	Y shape: (804, 2)
2023-09-02 21:01:12,806 - FGO - INFO - 	Y sum: 804 (number of postive labels)
2023-09-02 21:01:12,807 - FGO - INFO - ===== Preparing data =====================================================================
2023-09-02 21:01:12,809 - FGO - INFO - ===== Disconnecting Source and Target ====================================================
2023-09-02 21:01:12,905 - FGO - INFO - ===== Finalize Data ======================================================================
2023-09-02 21:01:12,905 - FGO - INFO - A shape: (804, 804)
2023-09-02 21:01:12,905 - FGO - INFO - X shape: (804, 93)
2023-09-02 21:01:12,905 - FGO - INFO - Y shape: (804, 2)
2023-09-02 21:01:12,905 - FGO - INFO - N: 804
2023-09-02 21:01:12,905 - FGO - INFO - N_s: 727
2023-09-02 21:01:12,905 - FGO - INFO - N_t: 77
2023-09-02 21:01:12,909 - FGO - INFO - ===== Pretrain GCN Model =================================================================
2023-09-02 21:01:12,912 - FGO - INFO - Epoch   0 | Train Loss: 0.689 | Val Loss: 0.68 | Val F1: 0.36 |
2023-09-02 21:01:12,937 - FGO - INFO - Epoch  10 | Train Loss: 0.472 | Val Loss: 0.55 | Val F1: 0.71 |
2023-09-02 21:01:12,962 - FGO - INFO - Epoch  20 | Train Loss: 0.138 | Val Loss: 0.27 | Val F1: 0.84 |
2023-09-02 21:01:12,986 - FGO - INFO - Epoch  30 | Train Loss: 0.091 | Val Loss: 0.17 | Val F1: 0.93 |
2023-09-02 21:01:13,011 - FGO - INFO - Epoch  40 | Train Loss: 0.080 | Val Loss: 0.16 | Val F1: 0.92 |
2023-09-02 21:01:13,036 - FGO - INFO - Epoch  50 | Train Loss: 0.067 | Val Loss: 0.20 | Val F1: 0.87 |
2023-09-02 21:01:13,060 - FGO - INFO - Epoch  60 | Train Loss: 0.061 | Val Loss: 0.22 | Val F1: 0.89 |
2023-09-02 21:01:13,085 - FGO - INFO - Epoch  70 | Train Loss: 0.061 | Val Loss: 0.16 | Val F1: 0.92 |
2023-09-02 21:01:13,109 - FGO - INFO - Epoch  80 | Train Loss: 0.054 | Val Loss: 0.18 | Val F1: 0.90 |
2023-09-02 21:01:13,134 - FGO - INFO - Epoch  90 | Train Loss: 0.051 | Val Loss: 0.21 | Val F1: 0.92 |
2023-09-02 21:01:13,159 - FGO - INFO - Epoch 100 | Train Loss: 0.055 | Val Loss: 0.29 | Val F1: 0.89 |
2023-09-02 21:01:13,159 - FGO - INFO - Best Epoch:  34 | Train Loss: 0.088 | Val Loss: 0.17 | Val F1: 0.95 
2023-09-02 21:01:13,159 - FGO - INFO - Setting model to best state.
2023-09-02 21:01:13,160 - FGO - INFO - ===== Train Fair OT GCN Model ============================================================
2023-09-02 21:01:13,227 - FGO - INFO - Epoch   0 | Train Loss: -21.908 | Val Loss: -2.01 | Val F1: 0.90 |
2023-09-02 21:01:13,984 - FGO - INFO - Epoch  10 | Train Loss: -23.333 | Val Loss: -2.04 | Val F1: 0.86 |
2023-09-02 21:01:14,783 - FGO - INFO - Epoch  20 | Train Loss: -24.152 | Val Loss: -1.79 | Val F1: 0.36 |
2023-09-02 21:01:15,537 - FGO - INFO - Epoch  30 | Train Loss: -24.159 | Val Loss: -1.79 | Val F1: 0.36 |
2023-09-02 21:01:16,327 - FGO - INFO - Epoch  40 | Train Loss: -24.160 | Val Loss: -1.79 | Val F1: 0.36 |
2023-09-02 21:01:17,038 - FGO - INFO - Best Epoch:   8 | Train Loss: -23.232 | Val Loss: -2.07 | Val F1: 0.89 |
2023-09-02 21:01:17,038 - FGO - INFO - Setting model to best state.
2023-09-02 21:01:17,042 - FGO - INFO - ===== Test Fair OT GCN Model =============================================================
2023-09-02 21:01:17,078 - FGO - INFO - Train CM:
[[390   0]
 [337   0]]
2023-09-02 21:01:17,078 - FGO - INFO - Val CM:
[[44  0]
 [33  0]]
2023-09-02 21:01:17,078 - FGO - INFO - Test CM:
[[44  0]
 [33  0]]
2023-09-02 21:01:17,083 - FGO - INFO - test statistical parity: 0.0
2023-09-02 21:01:17,084 - FGO - INFO - test equal opportunity: 0.0
2023-09-02 21:01:17,085 - FGO - INFO - test micro f1: 0.5714285714285714
2023-09-02 21:01:17,085 - FGO - INFO - test macro f1: 0.36363636363636365
