2023-09-02 20:58:50,030 - FGO - INFO - ===== SETUP LOGGING ======================================================================
2023-09-02 20:58:50,030 - FGO - INFO - THIS_FILE: Wrapper.py
2023-09-02 20:58:50,030 - FGO - INFO - 	done: False
2023-09-02 20:58:50,030 - FGO - INFO - 	learning_rate: 0.01
2023-09-02 20:58:50,030 - FGO - INFO - 	h1: 64
2023-09-02 20:58:50,030 - FGO - INFO - 	h2: 32
2023-09-02 20:58:50,030 - FGO - INFO - 	weight_decay: 0.0005
2023-09-02 20:58:50,030 - FGO - INFO - 	dropout: 0.0
2023-09-02 20:58:50,030 - FGO - INFO - 	max_pretrain_epochs: 100
2023-09-02 20:58:50,030 - FGO - INFO - 	max_ot_epochs: 50
2023-09-02 20:58:50,030 - FGO - INFO - 	lambda: 0.03
2023-09-02 20:58:50,030 - FGO - INFO - 	theta: 30
2023-09-02 20:58:50,030 - FGO - INFO - 	clip: 5
2023-09-02 20:58:50,030 - FGO - INFO - ===== SETUP LOGGING COMPLETE =============================================================
2023-09-02 20:58:50,030 - FGO - INFO - ===== Configuring Masks ==================================================================
2023-09-02 20:58:50,030 - FGO - INFO - Source Total: 734
2023-09-02 20:58:50,030 - FGO - INFO - Target Total: 70
2023-09-02 20:58:50,030 - FGO - INFO - Train Total: 734
2023-09-02 20:58:50,030 - FGO - INFO - Val Total:   70
2023-09-02 20:58:50,030 - FGO - INFO - Test Total:  70
2023-09-02 20:58:50,030 - FGO - INFO - ===== Preparing to load data =============================================================
2023-09-02 20:58:50,030 - FGO - INFO - SOURCE: abide_large
2023-09-02 20:58:50,030 - FGO - INFO - ===== Retrieving SOURCE Data =============================================================
2023-09-02 20:58:50,030 - FGO - INFO - *************** In load_graph_data ***************
2023-09-02 20:58:50,030 - FGO - INFO - 	FILEPATH: ./data/abide_large.mat
2023-09-02 20:58:50,031 - FGO - INFO - 	X shape: (804, 93)
2023-09-02 20:58:50,031 - FGO - INFO - 	A shape: (804, 804)
2023-09-02 20:58:50,031 - FGO - INFO - 	P shape: (804,)
2023-09-02 20:58:50,031 - FGO - INFO - 	Y shape: (804, 2)
2023-09-02 20:58:50,031 - FGO - INFO - 	Y sum: 804 (number of postive labels)
2023-09-02 20:58:50,032 - FGO - INFO - ===== Preparing data =====================================================================
2023-09-02 20:58:50,033 - FGO - INFO - ===== Disconnecting Source and Target ====================================================
2023-09-02 20:58:50,121 - FGO - INFO - ===== Finalize Data ======================================================================
2023-09-02 20:58:50,121 - FGO - INFO - A shape: (804, 804)
2023-09-02 20:58:50,121 - FGO - INFO - X shape: (804, 93)
2023-09-02 20:58:50,121 - FGO - INFO - Y shape: (804, 2)
2023-09-02 20:58:50,121 - FGO - INFO - N: 804
2023-09-02 20:58:50,121 - FGO - INFO - N_s: 734
2023-09-02 20:58:50,121 - FGO - INFO - N_t: 70
2023-09-02 20:58:50,125 - FGO - INFO - ===== Pretrain GCN Model =================================================================
2023-09-02 20:58:50,128 - FGO - INFO - Epoch   0 | Train Loss: 0.688 | Val Loss: 0.70 | Val F1: 0.32 |
2023-09-02 20:58:50,165 - FGO - INFO - Epoch  10 | Train Loss: 0.450 | Val Loss: 0.48 | Val F1: 0.81 |
2023-09-02 20:58:50,191 - FGO - INFO - Epoch  20 | Train Loss: 0.149 | Val Loss: 0.19 | Val F1: 0.90 |
2023-09-02 20:58:50,217 - FGO - INFO - Epoch  30 | Train Loss: 0.104 | Val Loss: 0.15 | Val F1: 0.96 |
2023-09-02 20:58:50,242 - FGO - INFO - Epoch  40 | Train Loss: 0.086 | Val Loss: 0.14 | Val F1: 0.94 |
2023-09-02 20:58:50,267 - FGO - INFO - Epoch  50 | Train Loss: 0.074 | Val Loss: 0.12 | Val F1: 0.96 |
2023-09-02 20:58:50,291 - FGO - INFO - Epoch  60 | Train Loss: 0.067 | Val Loss: 0.11 | Val F1: 0.96 |
2023-09-02 20:58:50,316 - FGO - INFO - Epoch  70 | Train Loss: 0.068 | Val Loss: 0.14 | Val F1: 0.96 |
2023-09-02 20:58:50,340 - FGO - INFO - Epoch  80 | Train Loss: 0.072 | Val Loss: 0.16 | Val F1: 0.94 |
2023-09-02 20:58:50,365 - FGO - INFO - Epoch  90 | Train Loss: 0.061 | Val Loss: 0.14 | Val F1: 0.94 |
2023-09-02 20:58:50,390 - FGO - INFO - Epoch 100 | Train Loss: 0.062 | Val Loss: 0.15 | Val F1: 0.94 |
2023-09-02 20:58:50,390 - FGO - INFO - Best Epoch:  26 | Train Loss: 0.117 | Val Loss: 0.14 | Val F1: 0.96 
2023-09-02 20:58:50,390 - FGO - INFO - Setting model to best state.
2023-09-02 20:58:50,391 - FGO - INFO - ===== Train Fair OT GCN Model ============================================================
2023-09-02 20:58:50,461 - FGO - INFO - Epoch   0 | Train Loss: -7.356 | Val Loss: -0.55 | Val F1: 0.93 |
2023-09-02 20:58:51,341 - FGO - INFO - Epoch  10 | Train Loss: -7.968 | Val Loss: -0.42 | Val F1: 0.90 |
2023-09-02 20:58:52,174 - FGO - INFO - Epoch  20 | Train Loss: -8.174 | Val Loss: -0.54 | Val F1: 0.94 |
2023-09-02 20:58:52,946 - FGO - INFO - Epoch  30 | Train Loss: -8.299 | Val Loss: -0.57 | Val F1: 0.96 |
2023-09-02 20:58:53,715 - FGO - INFO - Epoch  40 | Train Loss: -8.358 | Val Loss: -0.56 | Val F1: 0.96 |
2023-09-02 20:58:54,450 - FGO - INFO - Best Epoch:  30 | Train Loss: -8.299 | Val Loss: -0.57 | Val F1: 0.96 |
2023-09-02 20:58:54,450 - FGO - INFO - Setting model to best state.
2023-09-02 20:58:54,454 - FGO - INFO - ===== Test Fair OT GCN Model =============================================================
2023-09-02 20:58:54,479 - FGO - INFO - Train CM:
[[391   9]
 [ 11 323]]
2023-09-02 20:58:54,479 - FGO - INFO - Val CM:
[[34  0]
 [ 3 33]]
2023-09-02 20:58:54,480 - FGO - INFO - Test CM:
[[34  0]
 [ 3 33]]
2023-09-02 20:58:54,485 - FGO - INFO - test statistical parity: 0.10661268556005393
2023-09-02 20:58:54,486 - FGO - INFO - test equal opportunity: 0.09999999999999998
2023-09-02 20:58:54,487 - FGO - INFO - test micro f1: 0.9571428571428572
2023-09-02 20:58:54,487 - FGO - INFO - test macro f1: 0.9571341090018372
