2023-09-02 20:57:26,551 - FGO - INFO - ===== SETUP LOGGING ======================================================================
2023-09-02 20:57:26,551 - FGO - INFO - THIS_FILE: Wrapper.py
2023-09-02 20:57:26,551 - FGO - INFO - 	done: False
2023-09-02 20:57:26,551 - FGO - INFO - 	learning_rate: 0.01
2023-09-02 20:57:26,551 - FGO - INFO - 	h1: 64
2023-09-02 20:57:26,551 - FGO - INFO - 	h2: 32
2023-09-02 20:57:26,551 - FGO - INFO - 	weight_decay: 0.0005
2023-09-02 20:57:26,551 - FGO - INFO - 	dropout: 0.0
2023-09-02 20:57:26,551 - FGO - INFO - 	max_pretrain_epochs: 100
2023-09-02 20:57:26,551 - FGO - INFO - 	max_ot_epochs: 50
2023-09-02 20:57:26,551 - FGO - INFO - 	lambda: 0.01
2023-09-02 20:57:26,551 - FGO - INFO - 	theta: 50
2023-09-02 20:57:26,551 - FGO - INFO - 	clip: 5
2023-09-02 20:57:26,551 - FGO - INFO - ===== SETUP LOGGING COMPLETE =============================================================
2023-09-02 20:57:26,551 - FGO - INFO - ===== Configuring Masks ==================================================================
2023-09-02 20:57:26,551 - FGO - INFO - Source Total: 725
2023-09-02 20:57:26,551 - FGO - INFO - Target Total: 79
2023-09-02 20:57:26,551 - FGO - INFO - Train Total: 725
2023-09-02 20:57:26,551 - FGO - INFO - Val Total:   79
2023-09-02 20:57:26,551 - FGO - INFO - Test Total:  79
2023-09-02 20:57:26,551 - FGO - INFO - ===== Preparing to load data =============================================================
2023-09-02 20:57:26,551 - FGO - INFO - SOURCE: abide_large
2023-09-02 20:57:26,551 - FGO - INFO - ===== Retrieving SOURCE Data =============================================================
2023-09-02 20:57:26,551 - FGO - INFO - *************** In load_graph_data ***************
2023-09-02 20:57:26,551 - FGO - INFO - 	FILEPATH: ./data/abide_large.mat
2023-09-02 20:57:26,552 - FGO - INFO - 	X shape: (804, 93)
2023-09-02 20:57:26,552 - FGO - INFO - 	A shape: (804, 804)
2023-09-02 20:57:26,552 - FGO - INFO - 	P shape: (804,)
2023-09-02 20:57:26,552 - FGO - INFO - 	Y shape: (804, 2)
2023-09-02 20:57:26,552 - FGO - INFO - 	Y sum: 804 (number of postive labels)
2023-09-02 20:57:26,553 - FGO - INFO - ===== Preparing data =====================================================================
2023-09-02 20:57:26,554 - FGO - INFO - ===== Disconnecting Source and Target ====================================================
2023-09-02 20:57:26,652 - FGO - INFO - ===== Finalize Data ======================================================================
2023-09-02 20:57:26,652 - FGO - INFO - A shape: (804, 804)
2023-09-02 20:57:26,652 - FGO - INFO - X shape: (804, 93)
2023-09-02 20:57:26,652 - FGO - INFO - Y shape: (804, 2)
2023-09-02 20:57:26,652 - FGO - INFO - N: 804
2023-09-02 20:57:26,652 - FGO - INFO - N_s: 725
2023-09-02 20:57:26,652 - FGO - INFO - N_t: 79
2023-09-02 20:57:26,656 - FGO - INFO - ===== Pretrain GCN Model =================================================================
2023-09-02 20:57:26,659 - FGO - INFO - Epoch   0 | Train Loss: 0.690 | Val Loss: 0.67 | Val F1: 0.38 |
2023-09-02 20:57:26,684 - FGO - INFO - Epoch  10 | Train Loss: 0.471 | Val Loss: 0.48 | Val F1: 0.87 |
2023-09-02 20:57:26,709 - FGO - INFO - Epoch  20 | Train Loss: 0.138 | Val Loss: 0.18 | Val F1: 0.96 |
2023-09-02 20:57:26,733 - FGO - INFO - Epoch  30 | Train Loss: 0.102 | Val Loss: 0.19 | Val F1: 0.97 |
2023-09-02 20:57:26,758 - FGO - INFO - Epoch  40 | Train Loss: 0.092 | Val Loss: 0.21 | Val F1: 0.97 |
2023-09-02 20:57:26,782 - FGO - INFO - Epoch  50 | Train Loss: 0.078 | Val Loss: 0.19 | Val F1: 0.97 |
2023-09-02 20:57:26,807 - FGO - INFO - Epoch  60 | Train Loss: 0.071 | Val Loss: 0.18 | Val F1: 0.97 |
2023-09-02 20:57:26,831 - FGO - INFO - Epoch  70 | Train Loss: 0.066 | Val Loss: 0.15 | Val F1: 0.97 |
2023-09-02 20:57:26,855 - FGO - INFO - Epoch  80 | Train Loss: 0.069 | Val Loss: 0.15 | Val F1: 0.97 |
2023-09-02 20:57:26,880 - FGO - INFO - Epoch  90 | Train Loss: 0.063 | Val Loss: 0.10 | Val F1: 0.97 |
2023-09-02 20:57:26,904 - FGO - INFO - Epoch 100 | Train Loss: 0.070 | Val Loss: 0.06 | Val F1: 0.97 |
2023-09-02 20:57:26,904 - FGO - INFO - Best Epoch:  25 | Train Loss: 0.119 | Val Loss: 0.24 | Val F1: 0.97 
2023-09-02 20:57:26,904 - FGO - INFO - Setting model to best state.
2023-09-02 20:57:26,906 - FGO - INFO - ===== Train Fair OT GCN Model ============================================================
2023-09-02 20:57:27,032 - FGO - INFO - Epoch   0 | Train Loss: -3.212 | Val Loss: -0.25 | Val F1: 0.97 |
2023-09-02 20:57:27,966 - FGO - INFO - Epoch  10 | Train Loss: -4.059 | Val Loss: -0.26 | Val F1: 0.91 |
2023-09-02 20:57:28,795 - FGO - INFO - Epoch  20 | Train Loss: -4.244 | Val Loss: -0.34 | Val F1: 0.99 |
2023-09-02 20:57:29,567 - FGO - INFO - Epoch  30 | Train Loss: -4.365 | Val Loss: -0.41 | Val F1: 0.99 |
2023-09-02 20:57:30,452 - FGO - INFO - Epoch  40 | Train Loss: -4.440 | Val Loss: -0.40 | Val F1: 0.96 |
2023-09-02 20:57:31,162 - FGO - INFO - Best Epoch:  17 | Train Loss: -4.146 | Val Loss: -0.26 | Val F1: 0.99 |
2023-09-02 20:57:31,163 - FGO - INFO - Setting model to best state.
2023-09-02 20:57:31,166 - FGO - INFO - ===== Test Fair OT GCN Model =============================================================
2023-09-02 20:57:31,192 - FGO - INFO - Train CM:
[[377   8]
 [ 12 328]]
2023-09-02 20:57:31,192 - FGO - INFO - Val CM:
[[47  2]
 [ 0 30]]
2023-09-02 20:57:31,193 - FGO - INFO - Test CM:
[[47  2]
 [ 0 30]]
2023-09-02 20:57:31,197 - FGO - INFO - test statistical parity: 0.005797101449275366
2023-09-02 20:57:31,199 - FGO - INFO - test equal opportunity: 0.0
2023-09-02 20:57:31,200 - FGO - INFO - test micro f1: 0.9746835443037974
2023-09-02 20:57:31,200 - FGO - INFO - test macro f1: 0.9734543010752688
