2023-09-02 20:59:28,947 - FGO - INFO - ===== SETUP LOGGING ======================================================================
2023-09-02 20:59:28,947 - FGO - INFO - THIS_FILE: Wrapper.py
2023-09-02 20:59:28,947 - FGO - INFO - 	done: False
2023-09-02 20:59:28,947 - FGO - INFO - 	learning_rate: 0.01
2023-09-02 20:59:28,947 - FGO - INFO - 	h1: 64
2023-09-02 20:59:28,947 - FGO - INFO - 	h2: 32
2023-09-02 20:59:28,947 - FGO - INFO - 	weight_decay: 0.0005
2023-09-02 20:59:28,947 - FGO - INFO - 	dropout: 0.0
2023-09-02 20:59:28,947 - FGO - INFO - 	max_pretrain_epochs: 100
2023-09-02 20:59:28,947 - FGO - INFO - 	max_ot_epochs: 50
2023-09-02 20:59:28,947 - FGO - INFO - 	lambda: 0.03
2023-09-02 20:59:28,947 - FGO - INFO - 	theta: 50
2023-09-02 20:59:28,947 - FGO - INFO - 	clip: 5
2023-09-02 20:59:28,947 - FGO - INFO - ===== SETUP LOGGING COMPLETE =============================================================
2023-09-02 20:59:28,947 - FGO - INFO - ===== Configuring Masks ==================================================================
2023-09-02 20:59:28,947 - FGO - INFO - Source Total: 717
2023-09-02 20:59:28,947 - FGO - INFO - Target Total: 87
2023-09-02 20:59:28,947 - FGO - INFO - Train Total: 717
2023-09-02 20:59:28,947 - FGO - INFO - Val Total:   87
2023-09-02 20:59:28,947 - FGO - INFO - Test Total:  87
2023-09-02 20:59:28,947 - FGO - INFO - ===== Preparing to load data =============================================================
2023-09-02 20:59:28,947 - FGO - INFO - SOURCE: abide_large
2023-09-02 20:59:28,947 - FGO - INFO - ===== Retrieving SOURCE Data =============================================================
2023-09-02 20:59:28,947 - FGO - INFO - *************** In load_graph_data ***************
2023-09-02 20:59:28,947 - FGO - INFO - 	FILEPATH: ./data/abide_large.mat
2023-09-02 20:59:28,948 - FGO - INFO - 	X shape: (804, 93)
2023-09-02 20:59:28,948 - FGO - INFO - 	A shape: (804, 804)
2023-09-02 20:59:28,948 - FGO - INFO - 	P shape: (804,)
2023-09-02 20:59:28,948 - FGO - INFO - 	Y shape: (804, 2)
2023-09-02 20:59:28,948 - FGO - INFO - 	Y sum: 804 (number of postive labels)
2023-09-02 20:59:28,949 - FGO - INFO - ===== Preparing data =====================================================================
2023-09-02 20:59:28,950 - FGO - INFO - ===== Disconnecting Source and Target ====================================================
2023-09-02 20:59:29,056 - FGO - INFO - ===== Finalize Data ======================================================================
2023-09-02 20:59:29,056 - FGO - INFO - A shape: (804, 804)
2023-09-02 20:59:29,056 - FGO - INFO - X shape: (804, 93)
2023-09-02 20:59:29,056 - FGO - INFO - Y shape: (804, 2)
2023-09-02 20:59:29,056 - FGO - INFO - N: 804
2023-09-02 20:59:29,056 - FGO - INFO - N_s: 717
2023-09-02 20:59:29,056 - FGO - INFO - N_t: 87
2023-09-02 20:59:29,060 - FGO - INFO - ===== Pretrain GCN Model =================================================================
2023-09-02 20:59:29,063 - FGO - INFO - Epoch   0 | Train Loss: 0.689 | Val Loss: 0.68 | Val F1: 0.35 |
2023-09-02 20:59:29,088 - FGO - INFO - Epoch  10 | Train Loss: 0.469 | Val Loss: 0.49 | Val F1: 0.86 |
2023-09-02 20:59:29,112 - FGO - INFO - Epoch  20 | Train Loss: 0.145 | Val Loss: 0.11 | Val F1: 0.98 |
2023-09-02 20:59:29,137 - FGO - INFO - Epoch  30 | Train Loss: 0.097 | Val Loss: 0.10 | Val F1: 0.97 |
2023-09-02 20:59:29,161 - FGO - INFO - Epoch  40 | Train Loss: 0.081 | Val Loss: 0.16 | Val F1: 0.95 |
2023-09-02 20:59:29,186 - FGO - INFO - Epoch  50 | Train Loss: 0.077 | Val Loss: 0.18 | Val F1: 0.95 |
2023-09-02 20:59:29,210 - FGO - INFO - Epoch  60 | Train Loss: 0.071 | Val Loss: 0.17 | Val F1: 0.95 |
2023-09-02 20:59:29,235 - FGO - INFO - Epoch  70 | Train Loss: 0.068 | Val Loss: 0.16 | Val F1: 0.95 |
2023-09-02 20:59:29,259 - FGO - INFO - Epoch  80 | Train Loss: 0.068 | Val Loss: 0.18 | Val F1: 0.95 |
2023-09-02 20:59:29,284 - FGO - INFO - Epoch  90 | Train Loss: 0.068 | Val Loss: 0.16 | Val F1: 0.95 |
2023-09-02 20:59:29,308 - FGO - INFO - Epoch 100 | Train Loss: 0.074 | Val Loss: 0.20 | Val F1: 0.95 |
2023-09-02 20:59:29,308 - FGO - INFO - Best Epoch:  20 | Train Loss: 0.145 | Val Loss: 0.11 | Val F1: 0.98 
2023-09-02 20:59:29,308 - FGO - INFO - Setting model to best state.
2023-09-02 20:59:29,310 - FGO - INFO - ===== Train Fair OT GCN Model ============================================================
2023-09-02 20:59:29,399 - FGO - INFO - Epoch   0 | Train Loss: -12.316 | Val Loss: -1.33 | Val F1: 0.95 |
2023-09-02 20:59:30,272 - FGO - INFO - Epoch  10 | Train Loss: -13.749 | Val Loss: -1.40 | Val F1: 0.91 |
2023-09-02 20:59:31,029 - FGO - INFO - Epoch  20 | Train Loss: -14.092 | Val Loss: -1.09 | Val F1: 0.35 |
2023-09-02 20:59:31,788 - FGO - INFO - Epoch  30 | Train Loss: -14.093 | Val Loss: -1.09 | Val F1: 0.35 |
2023-09-02 20:59:32,589 - FGO - INFO - Epoch  40 | Train Loss: -14.093 | Val Loss: -1.09 | Val F1: 0.35 |
2023-09-02 20:59:33,245 - FGO - INFO - Best Epoch:   6 | Train Loss: -13.547 | Val Loss: -1.45 | Val F1: 0.91 |
2023-09-02 20:59:33,245 - FGO - INFO - Setting model to best state.
2023-09-02 20:59:33,249 - FGO - INFO - ===== Test Fair OT GCN Model =============================================================
2023-09-02 20:59:33,274 - FGO - INFO - Train CM:
[[387   0]
 [330   0]]
2023-09-02 20:59:33,275 - FGO - INFO - Val CM:
[[47  0]
 [40  0]]
2023-09-02 20:59:33,275 - FGO - INFO - Test CM:
[[47  0]
 [40  0]]
2023-09-02 20:59:33,281 - FGO - INFO - test statistical parity: 0.0
2023-09-02 20:59:33,282 - FGO - INFO - test equal opportunity: 0.0
2023-09-02 20:59:33,283 - FGO - INFO - test micro f1: 0.5402298850574713
2023-09-02 20:59:33,283 - FGO - INFO - test macro f1: 0.3507462686567164
