2023-09-02 19:16:22,897 - CV - INFO - ===== FILE SETUP =========================================================================
2023-09-02 19:16:22,897 - CV - INFO - SOURCE: abide_large
2023-09-02 19:16:22,897 - CV - INFO - TARGET: abide_small
2023-09-02 19:16:22,897 - CV - INFO - DEVICE: cpu
2023-09-02 19:16:22,897 - CV - INFO - continue_previous: 0
2023-09-02 19:16:22,897 - CV - INFO - ===== DONE FILE SETUP ====================================================================
2023-09-02 19:16:22,897 - CV - INFO - ===== LOGGING INITAL VALUES ==============================================================
2023-09-02 19:16:22,897 - CV - INFO - 	learning_rate: 0.005
2023-09-02 19:16:22,897 - CV - INFO - 	h1: 64
2023-09-02 19:16:22,897 - CV - INFO - 	h2: 32
2023-09-02 19:16:22,897 - CV - INFO - 	weight_decay: 0.0005
2023-09-02 19:16:22,897 - CV - INFO - 	dropout: 0.0
2023-09-02 19:16:22,897 - CV - INFO - 	max_pretrain_epochs: 50
2023-09-02 19:16:22,897 - CV - INFO - 	max_ot_epochs: 15
2023-09-02 19:16:22,897 - CV - INFO - 	lambda: 0.01
2023-09-02 19:16:22,897 - CV - INFO - 	theta: 10
2023-09-02 19:16:22,897 - CV - INFO - 	clip: 5
2023-09-02 19:16:22,897 - CV - INFO - ===== DONE LOGGING INITAL VALUES =========================================================
2023-09-02 19:16:22,897 - CV - INFO - ===== BEGINNING SEED (01)=================================================================
2023-09-02 19:16:22,897 - CV - INFO - ----- SETTING SEED -----------------------------------------------------------------------
2023-09-02 19:16:22,897 - CV - INFO - SEED: 1
2023-09-02 19:16:22,898 - CV - INFO - ----- DONE SETTING SEED ------------------------------------------------------------------
2023-09-02 19:16:22,898 - CV - INFO - Saving details to directory: 
log/run/abide_large__abide_small/1
2023-09-02 19:16:22,937 - CV - INFO - Begin Pretrain
2023-09-02 19:16:25,165 - CV - INFO - Pretrain Complete, 50 epochs
2023-09-02 19:16:25,165 - CV - INFO - Begin OT Train
2023-09-02 19:16:27,032 - CV - INFO - OT Train Complete, 50 epochs
2023-09-02 19:16:27,080 - CV - INFO - train macro: 0.9609644554773336
2023-09-02 19:16:27,080 - CV - INFO - test macro: 0.9850613154960981
2023-09-02 19:16:27,080 - CV - INFO - train micro: 0.9614427860696517
2023-09-02 19:16:27,080 - CV - INFO - test micro: 0.9850746268656716
2023-09-02 19:16:27,080 - CV - INFO - train stat par: 0.12884745138931486
2023-09-02 19:16:27,080 - CV - INFO - test stat par: 0.12380952380952381
2023-09-02 19:16:27,080 - CV - INFO - train equal opp: 0.04594267833013299
2023-09-02 19:16:27,080 - CV - INFO - test equal opp: 0.09090909090909094
2023-09-02 19:16:27,080 - CV - INFO - seed time: 4.183012008666992s (0.06971686681111654m)
2023-09-02 19:16:27,080 - CV - INFO - ===== BEGINNING SEED (01)=================================================================
2023-09-02 19:16:27,080 - CV - INFO - ----- SETTING SEED -----------------------------------------------------------------------
2023-09-02 19:16:27,080 - CV - INFO - SEED: 5
2023-09-02 19:16:27,080 - CV - INFO - ----- DONE SETTING SEED ------------------------------------------------------------------
2023-09-02 19:16:27,083 - CV - INFO - Saving details to directory: 
log/run/abide_large__abide_small/5
2023-09-02 19:16:27,124 - CV - INFO - Begin Pretrain
2023-09-02 19:16:29,347 - CV - INFO - Pretrain Complete, 50 epochs
2023-09-02 19:16:29,347 - CV - INFO - Begin OT Train
2023-09-02 19:16:31,394 - CV - INFO - OT Train Complete, 50 epochs
2023-09-02 19:16:31,442 - CV - INFO - train macro: 0.9430586835507586
2023-09-02 19:16:31,442 - CV - INFO - test macro: 0.9700892857142858
2023-09-02 19:16:31,442 - CV - INFO - train micro: 0.9440298507462687
2023-09-02 19:16:31,442 - CV - INFO - test micro: 0.9701492537313433
2023-09-02 19:16:31,442 - CV - INFO - train stat par: 0.12521621787401094
2023-09-02 19:16:31,442 - CV - INFO - test stat par: 0.09999999999999998
2023-09-02 19:16:31,442 - CV - INFO - train equal opp: 0.0526989545551525
2023-09-02 19:16:31,442 - CV - INFO - test equal opp: 0.045454545454545525
2023-09-02 19:16:31,442 - CV - INFO - seed time: 4.361994981765747s (0.07269991636276245m)
2023-09-02 19:16:31,442 - CV - INFO - ===== BEGINNING SEED (01)=================================================================
2023-09-02 19:16:31,442 - CV - INFO - ----- SETTING SEED -----------------------------------------------------------------------
2023-09-02 19:16:31,442 - CV - INFO - SEED: 10
2023-09-02 19:16:31,442 - CV - INFO - ----- DONE SETTING SEED ------------------------------------------------------------------
2023-09-02 19:16:31,446 - CV - INFO - Saving details to directory: 
log/run/abide_large__abide_small/10
2023-09-02 19:16:31,485 - CV - INFO - Begin Pretrain
2023-09-02 19:16:33,703 - CV - INFO - Pretrain Complete, 50 epochs
2023-09-02 19:16:33,703 - CV - INFO - Begin OT Train
2023-09-02 19:16:35,604 - CV - INFO - OT Train Complete, 50 epochs
2023-09-02 19:16:35,651 - CV - INFO - train macro: 0.9533560061903485
2023-09-02 19:16:35,651 - CV - INFO - test macro: 0.9850613154960981
2023-09-02 19:16:35,651 - CV - INFO - train micro: 0.9539800995024875
2023-09-02 19:16:35,651 - CV - INFO - test micro: 0.9850746268656716
2023-09-02 19:16:35,651 - CV - INFO - train stat par: 0.13287125069005706
2023-09-02 19:16:35,651 - CV - INFO - test stat par: 0.12380952380952381
2023-09-02 19:16:35,651 - CV - INFO - train equal opp: 0.08327999431050415
2023-09-02 19:16:35,651 - CV - INFO - test equal opp: 0.09090909090909094
2023-09-02 19:16:35,652 - CV - INFO - seed time: 4.209349155426025s (0.07015581925710042m)
2023-09-02 19:16:35,652 - CV - INFO - ===== BEGINNING SEED (01)=================================================================
2023-09-02 19:16:35,652 - CV - INFO - ----- SETTING SEED -----------------------------------------------------------------------
2023-09-02 19:16:35,652 - CV - INFO - SEED: 15
2023-09-02 19:16:35,652 - CV - INFO - ----- DONE SETTING SEED ------------------------------------------------------------------
2023-09-02 19:16:35,655 - CV - INFO - Saving details to directory: 
log/run/abide_large__abide_small/15
2023-09-02 19:16:35,695 - CV - INFO - Begin Pretrain
2023-09-02 19:16:37,916 - CV - INFO - Pretrain Complete, 50 epochs
2023-09-02 19:16:37,916 - CV - INFO - Begin OT Train
2023-09-02 19:16:39,758 - CV - INFO - OT Train Complete, 50 epochs
2023-09-02 19:16:39,805 - CV - INFO - train macro: 0.9456250088470244
2023-09-02 19:16:39,805 - CV - INFO - test macro: 0.9700892857142858
2023-09-02 19:16:39,805 - CV - INFO - train micro: 0.9465174129353234
2023-09-02 19:16:39,805 - CV - INFO - test micro: 0.9701492537313433
2023-09-02 19:16:39,805 - CV - INFO - train stat par: 0.128135925903208
2023-09-02 19:16:39,805 - CV - INFO - test stat par: 0.09999999999999998
2023-09-02 19:16:39,805 - CV - INFO - train equal opp: 0.05881516250622287
2023-09-02 19:16:39,805 - CV - INFO - test equal opp: 0.045454545454545525
2023-09-02 19:16:39,805 - CV - INFO - seed time: 4.153873920440674s (0.06923123200734456m)
2023-09-02 19:16:39,805 - CV - INFO - ===== BEGINNING SEED (01)=================================================================
2023-09-02 19:16:39,805 - CV - INFO - ----- SETTING SEED -----------------------------------------------------------------------
2023-09-02 19:16:39,805 - CV - INFO - SEED: 20
2023-09-02 19:16:39,806 - CV - INFO - ----- DONE SETTING SEED ------------------------------------------------------------------
2023-09-02 19:16:39,808 - CV - INFO - Saving details to directory: 
log/run/abide_large__abide_small/20
2023-09-02 19:16:39,847 - CV - INFO - Begin Pretrain
2023-09-02 19:16:42,065 - CV - INFO - Pretrain Complete, 50 epochs
2023-09-02 19:16:42,065 - CV - INFO - Begin OT Train
2023-09-02 19:16:43,971 - CV - INFO - OT Train Complete, 50 epochs
2023-09-02 19:16:44,020 - CV - INFO - train macro: 0.9533284906752684
2023-09-02 19:16:44,020 - CV - INFO - test macro: 0.9850613154960981
2023-09-02 19:16:44,020 - CV - INFO - train micro: 0.9539800995024875
2023-09-02 19:16:44,020 - CV - INFO - test micro: 0.9850746268656716
2023-09-02 19:16:44,020 - CV - INFO - train stat par: 0.12995154266085995
2023-09-02 19:16:44,020 - CV - INFO - test stat par: 0.12380952380952381
2023-09-02 19:16:44,020 - CV - INFO - train equal opp: 0.05390797240594558
2023-09-02 19:16:44,020 - CV - INFO - test equal opp: 0.09090909090909094
2023-09-02 19:16:44,020 - CV - INFO - seed time: 4.214735984802246s (0.07024559974670411m)
2023-09-02 19:16:44,020 - CV - INFO - ===== BEGINNING SEED (01)=================================================================
2023-09-02 19:16:44,020 - CV - INFO - ----- SETTING SEED -----------------------------------------------------------------------
2023-09-02 19:16:44,020 - CV - INFO - SEED: 25
2023-09-02 19:16:44,020 - CV - INFO - ----- DONE SETTING SEED ------------------------------------------------------------------
2023-09-02 19:16:44,024 - CV - INFO - Saving details to directory: 
log/run/abide_large__abide_small/25
2023-09-02 19:16:44,063 - CV - INFO - Begin Pretrain
2023-09-02 19:16:46,399 - CV - INFO - Pretrain Complete, 50 epochs
2023-09-02 19:16:46,399 - CV - INFO - Begin OT Train
2023-09-02 19:16:48,661 - CV - INFO - OT Train Complete, 50 epochs
2023-09-02 19:16:48,709 - CV - INFO - train macro: 0.9546298154093098
2023-09-02 19:16:48,709 - CV - INFO - test macro: 0.9850613154960981
2023-09-02 19:16:48,709 - CV - INFO - train micro: 0.9552238805970149
2023-09-02 19:16:48,709 - CV - INFO - test micro: 0.9850746268656716
2023-09-02 19:16:48,709 - CV - INFO - train stat par: 0.1343311047046556
2023-09-02 19:16:48,709 - CV - INFO - test stat par: 0.12380952380952381
2023-09-02 19:16:48,709 - CV - INFO - train equal opp: 0.08633809828603933
2023-09-02 19:16:48,709 - CV - INFO - test equal opp: 0.09090909090909094
2023-09-02 19:16:48,709 - CV - INFO - seed time: 4.6891701221466064s (0.07815283536911011m)
2023-09-02 19:16:48,709 - CV - INFO - ===== BEGINNING SEED (01)=================================================================
2023-09-02 19:16:48,709 - CV - INFO - ----- SETTING SEED -----------------------------------------------------------------------
2023-09-02 19:16:48,709 - CV - INFO - SEED: 30
2023-09-02 19:16:48,710 - CV - INFO - ----- DONE SETTING SEED ------------------------------------------------------------------
2023-09-02 19:16:48,714 - CV - INFO - Saving details to directory: 
log/run/abide_large__abide_small/30
2023-09-02 19:16:48,752 - CV - INFO - Begin Pretrain
2023-09-02 19:16:51,139 - CV - INFO - Pretrain Complete, 50 epochs
2023-09-02 19:16:51,139 - CV - INFO - Begin OT Train
2023-09-02 19:16:53,463 - CV - INFO - OT Train Complete, 50 epochs
2023-09-02 19:16:53,512 - CV - INFO - train macro: 0.9558512749630919
2023-09-02 19:16:53,512 - CV - INFO - test macro: 0.9850613154960981
2023-09-02 19:16:53,512 - CV - INFO - train micro: 0.9564676616915423
2023-09-02 19:16:53,512 - CV - INFO - test micro: 0.9850746268656716
2023-09-02 19:16:53,512 - CV - INFO - train stat par: 0.12995154266085995
2023-09-02 19:16:53,512 - CV - INFO - test stat par: 0.12380952380952381
2023-09-02 19:16:53,512 - CV - INFO - train equal opp: 0.05696607638148077
2023-09-02 19:16:53,512 - CV - INFO - test equal opp: 0.09090909090909094
2023-09-02 19:16:53,512 - CV - INFO - seed time: 4.8029491901397705s (0.08004915316899618m)
2023-09-02 19:16:53,512 - CV - INFO - ===== BEGINNING SEED (01)=================================================================
2023-09-02 19:16:53,512 - CV - INFO - ----- SETTING SEED -----------------------------------------------------------------------
2023-09-02 19:16:53,512 - CV - INFO - SEED: 35
2023-09-02 19:16:53,513 - CV - INFO - ----- DONE SETTING SEED ------------------------------------------------------------------
2023-09-02 19:16:53,516 - CV - INFO - Saving details to directory: 
log/run/abide_large__abide_small/35
2023-09-02 19:16:53,556 - CV - INFO - Begin Pretrain
2023-09-02 19:16:55,998 - CV - INFO - Pretrain Complete, 50 epochs
2023-09-02 19:16:55,998 - CV - INFO - Begin OT Train
2023-09-02 19:17:01,307 - CV - INFO - OT Train Complete, 50 epochs
2023-09-02 19:17:01,356 - CV - INFO - train macro: 0.9379135902668884
2023-09-02 19:17:01,357 - CV - INFO - test macro: 0.9700892857142858
2023-09-02 19:17:01,357 - CV - INFO - train micro: 0.9390547263681592
2023-09-02 19:17:01,357 - CV - INFO - test micro: 0.9701492537313433
2023-09-02 19:17:01,357 - CV - INFO - train stat par: 0.12924001717475309
2023-09-02 19:17:01,357 - CV - INFO - test stat par: 0.09999999999999998
2023-09-02 19:17:01,357 - CV - INFO - train equal opp: 0.06678045658203546
2023-09-02 19:17:01,357 - CV - INFO - test equal opp: 0.045454545454545525
2023-09-02 19:17:01,357 - CV - INFO - seed time: 7.844333648681641s (0.130738894144694m)
2023-09-02 19:17:01,357 - CV - INFO - ===== BEGINNING SEED (01)=================================================================
2023-09-02 19:17:01,357 - CV - INFO - ----- SETTING SEED -----------------------------------------------------------------------
2023-09-02 19:17:01,357 - CV - INFO - SEED: 40
2023-09-02 19:17:01,357 - CV - INFO - ----- DONE SETTING SEED ------------------------------------------------------------------
2023-09-02 19:17:01,361 - CV - INFO - Saving details to directory: 
log/run/abide_large__abide_small/40
2023-09-02 19:17:01,400 - CV - INFO - Begin Pretrain
2023-09-02 19:17:03,828 - CV - INFO - Pretrain Complete, 50 epochs
2023-09-02 19:17:03,828 - CV - INFO - Begin OT Train
2023-09-02 19:17:06,251 - CV - INFO - OT Train Complete, 50 epochs
2023-09-02 19:17:06,301 - CV - INFO - train macro: 0.936624647651959
2023-09-02 19:17:06,301 - CV - INFO - test macro: 0.9700892857142858
2023-09-02 19:17:06,301 - CV - INFO - train micro: 0.9378109452736318
2023-09-02 19:17:06,301 - CV - INFO - test micro: 0.9701492537313433
2023-09-02 19:17:06,301 - CV - INFO - train stat par: 0.12778016316015456
2023-09-02 19:17:06,301 - CV - INFO - test stat par: 0.09999999999999998
2023-09-02 19:17:06,301 - CV - INFO - train equal opp: 0.06372235260650028
2023-09-02 19:17:06,301 - CV - INFO - test equal opp: 0.045454545454545525
2023-09-02 19:17:06,301 - CV - INFO - seed time: 4.944302082061768s (0.08240503470102946m)
2023-09-02 19:17:06,301 - CV - INFO - ===== BEGINNING SEED (01)=================================================================
2023-09-02 19:17:06,301 - CV - INFO - ----- SETTING SEED -----------------------------------------------------------------------
2023-09-02 19:17:06,301 - CV - INFO - SEED: 45
2023-09-02 19:17:06,301 - CV - INFO - ----- DONE SETTING SEED ------------------------------------------------------------------
2023-09-02 19:17:06,305 - CV - INFO - Saving details to directory: 
log/run/abide_large__abide_small/45
2023-09-02 19:17:06,343 - CV - INFO - Begin Pretrain
2023-09-02 19:17:08,786 - CV - INFO - Pretrain Complete, 50 epochs
2023-09-02 19:17:08,786 - CV - INFO - Begin OT Train
2023-09-02 19:17:11,160 - CV - INFO - OT Train Complete, 50 epochs
2023-09-02 19:17:11,210 - CV - INFO - train macro: 0.9597164115539746
2023-09-02 19:17:11,210 - CV - INFO - test macro: 0.9850613154960981
2023-09-02 19:17:11,210 - CV - INFO - train micro: 0.9601990049751243
2023-09-02 19:17:11,210 - CV - INFO - test micro: 0.9850746268656716
2023-09-02 19:17:11,210 - CV - INFO - train stat par: 0.1303073054039134
2023-09-02 19:17:11,210 - CV - INFO - test stat par: 0.12380952380952381
2023-09-02 19:17:11,210 - CV - INFO - train equal opp: 0.07225659625915659
2023-09-02 19:17:11,210 - CV - INFO - test equal opp: 0.09090909090909094
2023-09-02 19:17:11,210 - CV - INFO - seed time: 4.90880012512207s (0.08181333541870117m)
2023-09-02 19:17:11,210 - CV - INFO - ===== Summarizing Results ================================================================
2023-09-02 19:17:11,210 - CV - INFO - train_macro: 0.95011 +/- 0.00828
2023-09-02 19:17:11,210 - CV - INFO - test_macro: 0.97907 +/- 0.00733
2023-09-02 19:17:11,210 - CV - INFO - train_micro: 0.95087 +/- 0.00803
2023-09-02 19:17:11,210 - CV - INFO - test_micro: 0.97910 +/- 0.00731
2023-09-02 19:17:11,210 - CV - INFO - train_sp: 0.12966 +/- 0.00243
2023-09-02 19:17:11,210 - CV - INFO - test_sp: 0.11429 +/- 0.01166
2023-09-02 19:17:11,210 - CV - INFO - train_eo: 0.06407 +/- 0.01256
2023-09-02 19:17:11,210 - CV - INFO - test_eo: 0.07273 +/- 0.02227
2023-09-02 19:17:11,210 - CV - INFO - Latex Header: 
Source & Target & Method & train_macro & test_macro & train_micro & test_micro & train_sp & test_sp & train_eo & test_eo\\ \hline
2023-09-02 19:17:11,210 - CV - INFO - Latex Results: 
abide_large & abide_small & GCN & 0.950 \pm 0.008 & 0.979 \pm 0.007 & 0.951 \pm 0.008 & 0.979 \pm 0.007 & 0.130 \pm 0.002 & 0.114 \pm 0.012 & 0.064 \pm 0.013 & 0.073 \pm 0.022\\ \hline
2023-09-02 19:17:11,210 - CV - INFO - total script time: 48.32445478439331s (0.8054075797398885m) (0.0013423459662331475h)
