2023-09-02 20:45:54,524 - FGO - INFO - ===== SETUP LOGGING ======================================================================
2023-09-02 20:45:54,524 - FGO - INFO - THIS_FILE: Wrapper.py
2023-09-02 20:45:54,524 - FGO - INFO - 	done: False
2023-09-02 20:45:54,524 - FGO - INFO - 	learning_rate: 0.001
2023-09-02 20:45:54,524 - FGO - INFO - 	h1: 64
2023-09-02 20:45:54,524 - FGO - INFO - 	h2: 32
2023-09-02 20:45:54,524 - FGO - INFO - 	weight_decay: 0.0005
2023-09-02 20:45:54,524 - FGO - INFO - 	dropout: 0.0
2023-09-02 20:45:54,524 - FGO - INFO - 	max_pretrain_epochs: 100
2023-09-02 20:45:54,524 - FGO - INFO - 	max_ot_epochs: 50
2023-09-02 20:45:54,524 - FGO - INFO - 	lambda: 0.03
2023-09-02 20:45:54,524 - FGO - INFO - 	theta: 50
2023-09-02 20:45:54,524 - FGO - INFO - 	clip: 5
2023-09-02 20:45:54,524 - FGO - INFO - ===== SETUP LOGGING COMPLETE =============================================================
2023-09-02 20:45:54,524 - FGO - INFO - ===== Configuring Masks ==================================================================
2023-09-02 20:45:54,524 - FGO - INFO - Source Total: 717
2023-09-02 20:45:54,524 - FGO - INFO - Target Total: 87
2023-09-02 20:45:54,525 - FGO - INFO - Train Total: 717
2023-09-02 20:45:54,525 - FGO - INFO - Val Total:   87
2023-09-02 20:45:54,525 - FGO - INFO - Test Total:  87
2023-09-02 20:45:54,525 - FGO - INFO - ===== Preparing to load data =============================================================
2023-09-02 20:45:54,525 - FGO - INFO - SOURCE: abide_large
2023-09-02 20:45:54,525 - FGO - INFO - ===== Retrieving SOURCE Data =============================================================
2023-09-02 20:45:54,525 - FGO - INFO - *************** In load_graph_data ***************
2023-09-02 20:45:54,525 - FGO - INFO - 	FILEPATH: ./data/abide_large.mat
2023-09-02 20:45:54,525 - FGO - INFO - 	X shape: (804, 93)
2023-09-02 20:45:54,525 - FGO - INFO - 	A shape: (804, 804)
2023-09-02 20:45:54,525 - FGO - INFO - 	P shape: (804,)
2023-09-02 20:45:54,525 - FGO - INFO - 	Y shape: (804, 2)
2023-09-02 20:45:54,525 - FGO - INFO - 	Y sum: 804 (number of postive labels)
2023-09-02 20:45:54,526 - FGO - INFO - ===== Preparing data =====================================================================
2023-09-02 20:45:54,527 - FGO - INFO - ===== Disconnecting Source and Target ====================================================
2023-09-02 20:45:54,634 - FGO - INFO - ===== Finalize Data ======================================================================
2023-09-02 20:45:54,634 - FGO - INFO - A shape: (804, 804)
2023-09-02 20:45:54,634 - FGO - INFO - X shape: (804, 93)
2023-09-02 20:45:54,634 - FGO - INFO - Y shape: (804, 2)
2023-09-02 20:45:54,634 - FGO - INFO - N: 804
2023-09-02 20:45:54,634 - FGO - INFO - N_s: 717
2023-09-02 20:45:54,634 - FGO - INFO - N_t: 87
2023-09-02 20:45:54,638 - FGO - INFO - ===== Pretrain GCN Model =================================================================
2023-09-02 20:45:54,641 - FGO - INFO - Epoch   0 | Train Loss: 0.690 | Val Loss: 0.68 | Val F1: 0.36 |
2023-09-02 20:45:54,675 - FGO - INFO - Epoch  10 | Train Loss: 0.675 | Val Loss: 0.67 | Val F1: 0.47 |
2023-09-02 20:45:54,700 - FGO - INFO - Epoch  20 | Train Loss: 0.650 | Val Loss: 0.64 | Val F1: 0.63 |
2023-09-02 20:45:54,726 - FGO - INFO - Epoch  30 | Train Loss: 0.595 | Val Loss: 0.59 | Val F1: 0.78 |
2023-09-02 20:45:54,750 - FGO - INFO - Epoch  40 | Train Loss: 0.509 | Val Loss: 0.50 | Val F1: 0.84 |
2023-09-02 20:45:54,774 - FGO - INFO - Epoch  50 | Train Loss: 0.402 | Val Loss: 0.40 | Val F1: 0.86 |
2023-09-02 20:45:54,799 - FGO - INFO - Epoch  60 | Train Loss: 0.301 | Val Loss: 0.31 | Val F1: 0.92 |
2023-09-02 20:45:54,823 - FGO - INFO - Epoch  70 | Train Loss: 0.228 | Val Loss: 0.23 | Val F1: 0.92 |
2023-09-02 20:45:54,847 - FGO - INFO - Epoch  80 | Train Loss: 0.183 | Val Loss: 0.19 | Val F1: 0.93 |
2023-09-02 20:45:54,872 - FGO - INFO - Epoch  90 | Train Loss: 0.154 | Val Loss: 0.16 | Val F1: 0.95 |
2023-09-02 20:45:54,896 - FGO - INFO - Epoch 100 | Train Loss: 0.134 | Val Loss: 0.14 | Val F1: 0.95 |
2023-09-02 20:45:54,896 - FGO - INFO - Best Epoch:  98 | Train Loss: 0.137 | Val Loss: 0.15 | Val F1: 0.95 
2023-09-02 20:45:54,896 - FGO - INFO - Setting model to best state.
2023-09-02 20:45:54,897 - FGO - INFO - ===== Train Fair OT GCN Model ============================================================
2023-09-02 20:45:54,965 - FGO - INFO - Epoch   0 | Train Loss: -12.719 | Val Loss: -1.50 | Val F1: 0.95 |
2023-09-02 20:45:55,832 - FGO - INFO - Epoch  10 | Train Loss: -13.159 | Val Loss: -1.55 | Val F1: 0.94 |
2023-09-02 20:45:56,618 - FGO - INFO - Epoch  20 | Train Loss: -13.467 | Val Loss: -1.58 | Val F1: 0.94 |
2023-09-02 20:45:57,381 - FGO - INFO - Epoch  30 | Train Loss: -13.596 | Val Loss: -1.56 | Val F1: 0.90 |
2023-09-02 20:45:58,250 - FGO - INFO - Epoch  40 | Train Loss: -13.656 | Val Loss: -1.55 | Val F1: 0.94 |
2023-09-02 20:45:58,913 - FGO - INFO - Best Epoch:   6 | Train Loss: -12.990 | Val Loss: -1.54 | Val F1: 0.95 |
2023-09-02 20:45:58,913 - FGO - INFO - Setting model to best state.
2023-09-02 20:45:58,916 - FGO - INFO - ===== Test Fair OT GCN Model =============================================================
2023-09-02 20:45:58,948 - FGO - INFO - Train CM:
[[385   0]
 [164 168]]
2023-09-02 20:45:58,948 - FGO - INFO - Val CM:
[[49  0]
 [ 7 31]]
2023-09-02 20:45:58,948 - FGO - INFO - Test CM:
[[49  0]
 [ 7 31]]
2023-09-02 20:45:58,953 - FGO - INFO - test statistical parity: 0.15822784810126583
2023-09-02 20:45:58,955 - FGO - INFO - test equal opportunity: 0.20588235294117652
2023-09-02 20:45:58,955 - FGO - INFO - test micro f1: 0.9195402298850575
2023-09-02 20:45:58,956 - FGO - INFO - test macro f1: 0.9159420289855071
