2023-09-02 21:01:34,275 - FGO - INFO - ===== SETUP LOGGING ======================================================================
2023-09-02 21:01:34,276 - FGO - INFO - THIS_FILE: Wrapper.py
2023-09-02 21:01:34,276 - FGO - INFO - 	done: False
2023-09-02 21:01:34,276 - FGO - INFO - 	learning_rate: 0.01
2023-09-02 21:01:34,276 - FGO - INFO - 	h1: 64
2023-09-02 21:01:34,276 - FGO - INFO - 	h2: 32
2023-09-02 21:01:34,276 - FGO - INFO - 	weight_decay: 0.0005
2023-09-02 21:01:34,276 - FGO - INFO - 	dropout: 0.0
2023-09-02 21:01:34,276 - FGO - INFO - 	max_pretrain_epochs: 100
2023-09-02 21:01:34,276 - FGO - INFO - 	max_ot_epochs: 50
2023-09-02 21:01:34,276 - FGO - INFO - 	lambda: 0.05
2023-09-02 21:01:34,276 - FGO - INFO - 	theta: 50
2023-09-02 21:01:34,276 - FGO - INFO - 	clip: 5
2023-09-02 21:01:34,276 - FGO - INFO - ===== SETUP LOGGING COMPLETE =============================================================
2023-09-02 21:01:34,276 - FGO - INFO - ===== Configuring Masks ==================================================================
2023-09-02 21:01:34,276 - FGO - INFO - Source Total: 717
2023-09-02 21:01:34,276 - FGO - INFO - Target Total: 87
2023-09-02 21:01:34,276 - FGO - INFO - Train Total: 717
2023-09-02 21:01:34,276 - FGO - INFO - Val Total:   87
2023-09-02 21:01:34,276 - FGO - INFO - Test Total:  87
2023-09-02 21:01:34,276 - FGO - INFO - ===== Preparing to load data =============================================================
2023-09-02 21:01:34,276 - FGO - INFO - SOURCE: abide_large
2023-09-02 21:01:34,276 - FGO - INFO - ===== Retrieving SOURCE Data =============================================================
2023-09-02 21:01:34,276 - FGO - INFO - *************** In load_graph_data ***************
2023-09-02 21:01:34,276 - FGO - INFO - 	FILEPATH: ./data/abide_large.mat
2023-09-02 21:01:34,276 - FGO - INFO - 	X shape: (804, 93)
2023-09-02 21:01:34,276 - FGO - INFO - 	A shape: (804, 804)
2023-09-02 21:01:34,276 - FGO - INFO - 	P shape: (804,)
2023-09-02 21:01:34,276 - FGO - INFO - 	Y shape: (804, 2)
2023-09-02 21:01:34,277 - FGO - INFO - 	Y sum: 804 (number of postive labels)
2023-09-02 21:01:34,277 - FGO - INFO - ===== Preparing data =====================================================================
2023-09-02 21:01:34,279 - FGO - INFO - ===== Disconnecting Source and Target ====================================================
2023-09-02 21:01:34,386 - FGO - INFO - ===== Finalize Data ======================================================================
2023-09-02 21:01:34,386 - FGO - INFO - A shape: (804, 804)
2023-09-02 21:01:34,386 - FGO - INFO - X shape: (804, 93)
2023-09-02 21:01:34,386 - FGO - INFO - Y shape: (804, 2)
2023-09-02 21:01:34,386 - FGO - INFO - N: 804
2023-09-02 21:01:34,386 - FGO - INFO - N_s: 717
2023-09-02 21:01:34,386 - FGO - INFO - N_t: 87
2023-09-02 21:01:34,390 - FGO - INFO - ===== Pretrain GCN Model =================================================================
2023-09-02 21:01:34,393 - FGO - INFO - Epoch   0 | Train Loss: 0.690 | Val Loss: 0.68 | Val F1: 0.36 |
2023-09-02 21:01:34,417 - FGO - INFO - Epoch  10 | Train Loss: 0.496 | Val Loss: 0.48 | Val F1: 0.80 |
2023-09-02 21:01:34,442 - FGO - INFO - Epoch  20 | Train Loss: 0.161 | Val Loss: 0.13 | Val F1: 0.93 |
2023-09-02 21:01:34,467 - FGO - INFO - Epoch  30 | Train Loss: 0.108 | Val Loss: 0.07 | Val F1: 0.96 |
2023-09-02 21:01:34,491 - FGO - INFO - Epoch  40 | Train Loss: 0.089 | Val Loss: 0.09 | Val F1: 0.98 |
2023-09-02 21:01:34,515 - FGO - INFO - Epoch  50 | Train Loss: 0.078 | Val Loss: 0.08 | Val F1: 0.99 |
2023-09-02 21:01:34,540 - FGO - INFO - Epoch  60 | Train Loss: 0.072 | Val Loss: 0.06 | Val F1: 0.98 |
2023-09-02 21:01:34,564 - FGO - INFO - Epoch  70 | Train Loss: 0.074 | Val Loss: 0.05 | Val F1: 0.99 |
2023-09-02 21:01:34,589 - FGO - INFO - Epoch  80 | Train Loss: 0.068 | Val Loss: 0.05 | Val F1: 0.99 |
2023-09-02 21:01:34,613 - FGO - INFO - Epoch  90 | Train Loss: 0.065 | Val Loss: 0.04 | Val F1: 0.99 |
2023-09-02 21:01:34,637 - FGO - INFO - Epoch 100 | Train Loss: 0.066 | Val Loss: 0.04 | Val F1: 1.00 |
2023-09-02 21:01:34,637 - FGO - INFO - Best Epoch:  73 | Train Loss: 0.068 | Val Loss: 0.05 | Val F1: 1.00 
2023-09-02 21:01:34,637 - FGO - INFO - Setting model to best state.
2023-09-02 21:01:34,639 - FGO - INFO - ===== Train Fair OT GCN Model ============================================================
2023-09-02 21:01:34,735 - FGO - INFO - Epoch   0 | Train Loss: -21.811 | Val Loss: -2.75 | Val F1: 1.00 |
2023-09-02 21:01:35,573 - FGO - INFO - Epoch  10 | Train Loss: -23.313 | Val Loss: -2.78 | Val F1: 0.96 |
2023-09-02 21:01:36,361 - FGO - INFO - Epoch  20 | Train Loss: -23.793 | Val Loss: -2.43 | Val F1: 0.39 |
2023-09-02 21:01:37,105 - FGO - INFO - Epoch  30 | Train Loss: -23.794 | Val Loss: -2.43 | Val F1: 0.36 |
2023-09-02 21:01:37,858 - FGO - INFO - Epoch  40 | Train Loss: -23.794 | Val Loss: -2.43 | Val F1: 0.36 |
2023-09-02 21:01:38,512 - FGO - INFO - Best Epoch:  10 | Train Loss: -23.313 | Val Loss: -2.78 | Val F1: 0.96 |
2023-09-02 21:01:38,512 - FGO - INFO - Setting model to best state.
2023-09-02 21:01:38,516 - FGO - INFO - ===== Test Fair OT GCN Model =============================================================
2023-09-02 21:01:38,541 - FGO - INFO - Train CM:
[[385   0]
 [332   0]]
2023-09-02 21:01:38,541 - FGO - INFO - Val CM:
[[49  0]
 [38  0]]
2023-09-02 21:01:38,541 - FGO - INFO - Test CM:
[[49  0]
 [38  0]]
2023-09-02 21:01:38,546 - FGO - INFO - test statistical parity: 0.0
2023-09-02 21:01:38,548 - FGO - INFO - test equal opportunity: 0.0
2023-09-02 21:01:38,549 - FGO - INFO - test micro f1: 0.5632183908045977
2023-09-02 21:01:38,549 - FGO - INFO - test macro f1: 0.3602941176470588
