2023-09-02 20:51:24,550 - FGO - INFO - ===== SETUP LOGGING ======================================================================
2023-09-02 20:51:24,550 - FGO - INFO - THIS_FILE: Wrapper.py
2023-09-02 20:51:24,550 - FGO - INFO - 	done: False
2023-09-02 20:51:24,550 - FGO - INFO - 	learning_rate: 0.005
2023-09-02 20:51:24,550 - FGO - INFO - 	h1: 64
2023-09-02 20:51:24,550 - FGO - INFO - 	h2: 32
2023-09-02 20:51:24,550 - FGO - INFO - 	weight_decay: 0.0005
2023-09-02 20:51:24,550 - FGO - INFO - 	dropout: 0.0
2023-09-02 20:51:24,550 - FGO - INFO - 	max_pretrain_epochs: 100
2023-09-02 20:51:24,550 - FGO - INFO - 	max_ot_epochs: 50
2023-09-02 20:51:24,550 - FGO - INFO - 	lambda: 0.03
2023-09-02 20:51:24,550 - FGO - INFO - 	theta: 10
2023-09-02 20:51:24,550 - FGO - INFO - 	clip: 5
2023-09-02 20:51:24,550 - FGO - INFO - ===== SETUP LOGGING COMPLETE =============================================================
2023-09-02 20:51:24,550 - FGO - INFO - ===== Configuring Masks ==================================================================
2023-09-02 20:51:24,550 - FGO - INFO - Source Total: 725
2023-09-02 20:51:24,550 - FGO - INFO - Target Total: 79
2023-09-02 20:51:24,550 - FGO - INFO - Train Total: 725
2023-09-02 20:51:24,550 - FGO - INFO - Val Total:   79
2023-09-02 20:51:24,550 - FGO - INFO - Test Total:  79
2023-09-02 20:51:24,550 - FGO - INFO - ===== Preparing to load data =============================================================
2023-09-02 20:51:24,550 - FGO - INFO - SOURCE: abide_large
2023-09-02 20:51:24,550 - FGO - INFO - ===== Retrieving SOURCE Data =============================================================
2023-09-02 20:51:24,550 - FGO - INFO - *************** In load_graph_data ***************
2023-09-02 20:51:24,550 - FGO - INFO - 	FILEPATH: ./data/abide_large.mat
2023-09-02 20:51:24,551 - FGO - INFO - 	X shape: (804, 93)
2023-09-02 20:51:24,551 - FGO - INFO - 	A shape: (804, 804)
2023-09-02 20:51:24,551 - FGO - INFO - 	P shape: (804,)
2023-09-02 20:51:24,551 - FGO - INFO - 	Y shape: (804, 2)
2023-09-02 20:51:24,551 - FGO - INFO - 	Y sum: 804 (number of postive labels)
2023-09-02 20:51:24,552 - FGO - INFO - ===== Preparing data =====================================================================
2023-09-02 20:51:24,553 - FGO - INFO - ===== Disconnecting Source and Target ====================================================
2023-09-02 20:51:24,651 - FGO - INFO - ===== Finalize Data ======================================================================
2023-09-02 20:51:24,651 - FGO - INFO - A shape: (804, 804)
2023-09-02 20:51:24,651 - FGO - INFO - X shape: (804, 93)
2023-09-02 20:51:24,651 - FGO - INFO - Y shape: (804, 2)
2023-09-02 20:51:24,651 - FGO - INFO - N: 804
2023-09-02 20:51:24,651 - FGO - INFO - N_s: 725
2023-09-02 20:51:24,651 - FGO - INFO - N_t: 79
2023-09-02 20:51:24,655 - FGO - INFO - ===== Pretrain GCN Model =================================================================
2023-09-02 20:51:24,658 - FGO - INFO - Epoch   0 | Train Loss: 0.690 | Val Loss: 0.67 | Val F1: 0.38 |
2023-09-02 20:51:24,682 - FGO - INFO - Epoch  10 | Train Loss: 0.579 | Val Loss: 0.59 | Val F1: 0.74 |
2023-09-02 20:51:24,707 - FGO - INFO - Epoch  20 | Train Loss: 0.262 | Val Loss: 0.30 | Val F1: 0.91 |
2023-09-02 20:51:24,731 - FGO - INFO - Epoch  30 | Train Loss: 0.128 | Val Loss: 0.18 | Val F1: 0.97 |
2023-09-02 20:51:24,756 - FGO - INFO - Epoch  40 | Train Loss: 0.098 | Val Loss: 0.20 | Val F1: 0.97 |
2023-09-02 20:51:24,780 - FGO - INFO - Epoch  50 | Train Loss: 0.085 | Val Loss: 0.20 | Val F1: 0.97 |
2023-09-02 20:51:24,805 - FGO - INFO - Epoch  60 | Train Loss: 0.076 | Val Loss: 0.19 | Val F1: 0.97 |
2023-09-02 20:51:24,829 - FGO - INFO - Epoch  70 | Train Loss: 0.071 | Val Loss: 0.17 | Val F1: 0.97 |
2023-09-02 20:51:24,854 - FGO - INFO - Epoch  80 | Train Loss: 0.068 | Val Loss: 0.17 | Val F1: 0.97 |
2023-09-02 20:51:24,878 - FGO - INFO - Epoch  90 | Train Loss: 0.066 | Val Loss: 0.15 | Val F1: 0.97 |
2023-09-02 20:51:24,902 - FGO - INFO - Epoch 100 | Train Loss: 0.065 | Val Loss: 0.15 | Val F1: 0.97 |
2023-09-02 20:51:24,902 - FGO - INFO - Best Epoch:  51 | Train Loss: 0.085 | Val Loss: 0.18 | Val F1: 0.99 
2023-09-02 20:51:24,903 - FGO - INFO - Setting model to best state.
2023-09-02 20:51:24,904 - FGO - INFO - ===== Train Fair OT GCN Model ============================================================
2023-09-02 20:51:24,972 - FGO - INFO - Epoch   0 | Train Loss: -2.378 | Val Loss: -0.13 | Val F1: 0.97 |
2023-09-02 20:51:25,814 - FGO - INFO - Epoch  10 | Train Loss: -2.437 | Val Loss: 0.06 | Val F1: 0.88 |
2023-09-02 20:51:26,603 - FGO - INFO - Epoch  20 | Train Loss: -2.557 | Val Loss: -0.22 | Val F1: 0.97 |
2023-09-02 20:51:27,433 - FGO - INFO - Epoch  30 | Train Loss: -2.617 | Val Loss: -0.22 | Val F1: 0.97 |
2023-09-02 20:51:28,208 - FGO - INFO - Epoch  40 | Train Loss: -2.649 | Val Loss: -0.20 | Val F1: 0.97 |
2023-09-02 20:51:28,877 - FGO - INFO - Best Epoch:  12 | Train Loss: -2.488 | Val Loss: -0.21 | Val F1: 0.97 |
2023-09-02 20:51:28,877 - FGO - INFO - Setting model to best state.
2023-09-02 20:51:28,880 - FGO - INFO - ===== Test Fair OT GCN Model =============================================================
2023-09-02 20:51:28,905 - FGO - INFO - Train CM:
[[377   8]
 [ 13 327]]
2023-09-02 20:51:28,905 - FGO - INFO - Val CM:
[[47  2]
 [ 0 30]]
2023-09-02 20:51:28,905 - FGO - INFO - Test CM:
[[47  2]
 [ 0 30]]
2023-09-02 20:51:28,910 - FGO - INFO - test statistical parity: 0.005797101449275366
2023-09-02 20:51:28,912 - FGO - INFO - test equal opportunity: 0.0
2023-09-02 20:51:28,913 - FGO - INFO - test micro f1: 0.9746835443037974
2023-09-02 20:51:28,913 - FGO - INFO - test macro f1: 0.9734543010752688
