2023-09-02 20:46:47,048 - FGO - INFO - ===== SETUP LOGGING ======================================================================
2023-09-02 20:46:47,048 - FGO - INFO - THIS_FILE: Wrapper.py
2023-09-02 20:46:47,048 - FGO - INFO - 	done: False
2023-09-02 20:46:47,048 - FGO - INFO - 	learning_rate: 0.001
2023-09-02 20:46:47,048 - FGO - INFO - 	h1: 64
2023-09-02 20:46:47,048 - FGO - INFO - 	h2: 32
2023-09-02 20:46:47,048 - FGO - INFO - 	weight_decay: 0.0005
2023-09-02 20:46:47,048 - FGO - INFO - 	dropout: 0.0
2023-09-02 20:46:47,048 - FGO - INFO - 	max_pretrain_epochs: 100
2023-09-02 20:46:47,048 - FGO - INFO - 	max_ot_epochs: 50
2023-09-02 20:46:47,048 - FGO - INFO - 	lambda: 0.05
2023-09-02 20:46:47,048 - FGO - INFO - 	theta: 10
2023-09-02 20:46:47,048 - FGO - INFO - 	clip: 5
2023-09-02 20:46:47,048 - FGO - INFO - ===== SETUP LOGGING COMPLETE =============================================================
2023-09-02 20:46:47,048 - FGO - INFO - ===== Configuring Masks ==================================================================
2023-09-02 20:46:47,048 - FGO - INFO - Source Total: 734
2023-09-02 20:46:47,048 - FGO - INFO - Target Total: 70
2023-09-02 20:46:47,048 - FGO - INFO - Train Total: 734
2023-09-02 20:46:47,048 - FGO - INFO - Val Total:   70
2023-09-02 20:46:47,048 - FGO - INFO - Test Total:  70
2023-09-02 20:46:47,048 - FGO - INFO - ===== Preparing to load data =============================================================
2023-09-02 20:46:47,048 - FGO - INFO - SOURCE: abide_large
2023-09-02 20:46:47,048 - FGO - INFO - ===== Retrieving SOURCE Data =============================================================
2023-09-02 20:46:47,048 - FGO - INFO - *************** In load_graph_data ***************
2023-09-02 20:46:47,048 - FGO - INFO - 	FILEPATH: ./data/abide_large.mat
2023-09-02 20:46:47,049 - FGO - INFO - 	X shape: (804, 93)
2023-09-02 20:46:47,049 - FGO - INFO - 	A shape: (804, 804)
2023-09-02 20:46:47,049 - FGO - INFO - 	P shape: (804,)
2023-09-02 20:46:47,049 - FGO - INFO - 	Y shape: (804, 2)
2023-09-02 20:46:47,049 - FGO - INFO - 	Y sum: 804 (number of postive labels)
2023-09-02 20:46:47,050 - FGO - INFO - ===== Preparing data =====================================================================
2023-09-02 20:46:47,051 - FGO - INFO - ===== Disconnecting Source and Target ====================================================
2023-09-02 20:46:47,139 - FGO - INFO - ===== Finalize Data ======================================================================
2023-09-02 20:46:47,139 - FGO - INFO - A shape: (804, 804)
2023-09-02 20:46:47,139 - FGO - INFO - X shape: (804, 93)
2023-09-02 20:46:47,139 - FGO - INFO - Y shape: (804, 2)
2023-09-02 20:46:47,139 - FGO - INFO - N: 804
2023-09-02 20:46:47,139 - FGO - INFO - N_s: 734
2023-09-02 20:46:47,139 - FGO - INFO - N_t: 70
2023-09-02 20:46:47,143 - FGO - INFO - ===== Pretrain GCN Model =================================================================
2023-09-02 20:46:47,146 - FGO - INFO - Epoch   0 | Train Loss: 0.688 | Val Loss: 0.70 | Val F1: 0.32 |
2023-09-02 20:46:47,171 - FGO - INFO - Epoch  10 | Train Loss: 0.672 | Val Loss: 0.69 | Val F1: 0.41 |
2023-09-02 20:46:47,196 - FGO - INFO - Epoch  20 | Train Loss: 0.645 | Val Loss: 0.66 | Val F1: 0.62 |
2023-09-02 20:46:47,221 - FGO - INFO - Epoch  30 | Train Loss: 0.588 | Val Loss: 0.61 | Val F1: 0.76 |
2023-09-02 20:46:47,246 - FGO - INFO - Epoch  40 | Train Loss: 0.498 | Val Loss: 0.53 | Val F1: 0.81 |
2023-09-02 20:46:47,271 - FGO - INFO - Epoch  50 | Train Loss: 0.392 | Val Loss: 0.43 | Val F1: 0.84 |
2023-09-02 20:46:47,295 - FGO - INFO - Epoch  60 | Train Loss: 0.295 | Val Loss: 0.33 | Val F1: 0.87 |
2023-09-02 20:46:47,320 - FGO - INFO - Epoch  70 | Train Loss: 0.225 | Val Loss: 0.27 | Val F1: 0.86 |
2023-09-02 20:46:47,345 - FGO - INFO - Epoch  80 | Train Loss: 0.181 | Val Loss: 0.22 | Val F1: 0.91 |
2023-09-02 20:46:47,369 - FGO - INFO - Epoch  90 | Train Loss: 0.152 | Val Loss: 0.19 | Val F1: 0.94 |
2023-09-02 20:46:47,394 - FGO - INFO - Epoch 100 | Train Loss: 0.132 | Val Loss: 0.17 | Val F1: 0.94 |
2023-09-02 20:46:47,394 - FGO - INFO - Best Epoch:  88 | Train Loss: 0.157 | Val Loss: 0.19 | Val F1: 0.94 
2023-09-02 20:46:47,394 - FGO - INFO - Setting model to best state.
2023-09-02 20:46:47,395 - FGO - INFO - ===== Train Fair OT GCN Model ============================================================
2023-09-02 20:46:47,490 - FGO - INFO - Epoch   0 | Train Loss: -4.122 | Val Loss: -0.26 | Val F1: 0.94 |
2023-09-02 20:46:48,250 - FGO - INFO - Epoch  10 | Train Loss: -4.314 | Val Loss: -0.22 | Val F1: 0.91 |
2023-09-02 20:46:49,041 - FGO - INFO - Epoch  20 | Train Loss: -4.357 | Val Loss: -0.20 | Val F1: 0.91 |
2023-09-02 20:46:49,806 - FGO - INFO - Epoch  30 | Train Loss: -4.393 | Val Loss: -0.16 | Val F1: 0.90 |
2023-09-02 20:46:50,583 - FGO - INFO - Epoch  40 | Train Loss: -4.420 | Val Loss: -0.15 | Val F1: 0.90 |
2023-09-02 20:46:51,271 - FGO - INFO - Best Epoch:   7 | Train Loss: -4.304 | Val Loss: -0.22 | Val F1: 0.91 |
2023-09-02 20:46:51,271 - FGO - INFO - Setting model to best state.
2023-09-02 20:46:51,275 - FGO - INFO - ===== Test Fair OT GCN Model =============================================================
2023-09-02 20:46:51,309 - FGO - INFO - Train CM:
[[398   2]
 [ 47 287]]
2023-09-02 20:46:51,309 - FGO - INFO - Val CM:
[[34  0]
 [ 6 30]]
2023-09-02 20:46:51,309 - FGO - INFO - Test CM:
[[34  0]
 [ 6 30]]
2023-09-02 20:46:51,314 - FGO - INFO - test statistical parity: 0.053981106612685514
2023-09-02 20:46:51,315 - FGO - INFO - test equal opportunity: 0.0
2023-09-02 20:46:51,316 - FGO - INFO - test micro f1: 0.9142857142857143
2023-09-02 20:46:51,317 - FGO - INFO - test macro f1: 0.914004914004914
