2023-09-02 20:41:47,534 - FGO - INFO - ===== SETUP LOGGING ======================================================================
2023-09-02 20:41:47,534 - FGO - INFO - THIS_FILE: Wrapper.py
2023-09-02 20:41:47,534 - FGO - INFO - 	done: False
2023-09-02 20:41:47,534 - FGO - INFO - 	learning_rate: 0.001
2023-09-02 20:41:47,534 - FGO - INFO - 	h1: 64
2023-09-02 20:41:47,534 - FGO - INFO - 	h2: 32
2023-09-02 20:41:47,534 - FGO - INFO - 	weight_decay: 0.0005
2023-09-02 20:41:47,534 - FGO - INFO - 	dropout: 0.0
2023-09-02 20:41:47,534 - FGO - INFO - 	max_pretrain_epochs: 100
2023-09-02 20:41:47,534 - FGO - INFO - 	max_ot_epochs: 50
2023-09-02 20:41:47,534 - FGO - INFO - 	lambda: 0.01
2023-09-02 20:41:47,534 - FGO - INFO - 	theta: 10
2023-09-02 20:41:47,534 - FGO - INFO - 	clip: 5
2023-09-02 20:41:47,534 - FGO - INFO - ===== SETUP LOGGING COMPLETE =============================================================
2023-09-02 20:41:47,534 - FGO - INFO - ===== Configuring Masks ==================================================================
2023-09-02 20:41:47,534 - FGO - INFO - Source Total: 727
2023-09-02 20:41:47,534 - FGO - INFO - Target Total: 77
2023-09-02 20:41:47,534 - FGO - INFO - Train Total: 727
2023-09-02 20:41:47,534 - FGO - INFO - Val Total:   77
2023-09-02 20:41:47,534 - FGO - INFO - Test Total:  77
2023-09-02 20:41:47,534 - FGO - INFO - ===== Preparing to load data =============================================================
2023-09-02 20:41:47,534 - FGO - INFO - SOURCE: abide_large
2023-09-02 20:41:47,534 - FGO - INFO - ===== Retrieving SOURCE Data =============================================================
2023-09-02 20:41:47,534 - FGO - INFO - *************** In load_graph_data ***************
2023-09-02 20:41:47,534 - FGO - INFO - 	FILEPATH: ./data/abide_large.mat
2023-09-02 20:41:47,535 - FGO - INFO - 	X shape: (804, 93)
2023-09-02 20:41:47,535 - FGO - INFO - 	A shape: (804, 804)
2023-09-02 20:41:47,535 - FGO - INFO - 	P shape: (804,)
2023-09-02 20:41:47,535 - FGO - INFO - 	Y shape: (804, 2)
2023-09-02 20:41:47,535 - FGO - INFO - 	Y sum: 804 (number of postive labels)
2023-09-02 20:41:47,536 - FGO - INFO - ===== Preparing data =====================================================================
2023-09-02 20:41:47,537 - FGO - INFO - ===== Disconnecting Source and Target ====================================================
2023-09-02 20:41:47,633 - FGO - INFO - ===== Finalize Data ======================================================================
2023-09-02 20:41:47,633 - FGO - INFO - A shape: (804, 804)
2023-09-02 20:41:47,633 - FGO - INFO - X shape: (804, 93)
2023-09-02 20:41:47,633 - FGO - INFO - Y shape: (804, 2)
2023-09-02 20:41:47,633 - FGO - INFO - N: 804
2023-09-02 20:41:47,633 - FGO - INFO - N_s: 727
2023-09-02 20:41:47,633 - FGO - INFO - N_t: 77
2023-09-02 20:41:47,637 - FGO - INFO - ===== Pretrain GCN Model =================================================================
2023-09-02 20:41:47,640 - FGO - INFO - Epoch   0 | Train Loss: 0.689 | Val Loss: 0.68 | Val F1: 0.36 |
2023-09-02 20:41:47,665 - FGO - INFO - Epoch  10 | Train Loss: 0.673 | Val Loss: 0.68 | Val F1: 0.51 |
2023-09-02 20:41:47,690 - FGO - INFO - Epoch  20 | Train Loss: 0.647 | Val Loss: 0.66 | Val F1: 0.55 |
2023-09-02 20:41:47,714 - FGO - INFO - Epoch  30 | Train Loss: 0.593 | Val Loss: 0.63 | Val F1: 0.61 |
2023-09-02 20:41:47,739 - FGO - INFO - Epoch  40 | Train Loss: 0.505 | Val Loss: 0.55 | Val F1: 0.73 |
2023-09-02 20:41:47,764 - FGO - INFO - Epoch  50 | Train Loss: 0.396 | Val Loss: 0.47 | Val F1: 0.73 |
2023-09-02 20:41:47,788 - FGO - INFO - Epoch  60 | Train Loss: 0.294 | Val Loss: 0.40 | Val F1: 0.81 |
2023-09-02 20:41:47,813 - FGO - INFO - Epoch  70 | Train Loss: 0.219 | Val Loss: 0.34 | Val F1: 0.80 |
2023-09-02 20:41:47,838 - FGO - INFO - Epoch  80 | Train Loss: 0.172 | Val Loss: 0.29 | Val F1: 0.83 |
2023-09-02 20:41:47,862 - FGO - INFO - Epoch  90 | Train Loss: 0.142 | Val Loss: 0.26 | Val F1: 0.87 |
2023-09-02 20:41:47,887 - FGO - INFO - Epoch 100 | Train Loss: 0.122 | Val Loss: 0.25 | Val F1: 0.87 |
2023-09-02 20:41:47,887 - FGO - INFO - Best Epoch:  88 | Train Loss: 0.147 | Val Loss: 0.27 | Val F1: 0.87 
2023-09-02 20:41:47,887 - FGO - INFO - Setting model to best state.
2023-09-02 20:41:47,888 - FGO - INFO - ===== Train Fair OT GCN Model ============================================================
2023-09-02 20:41:47,980 - FGO - INFO - Epoch   0 | Train Loss: -0.431 | Val Loss: 0.18 | Val F1: 0.87 |
2023-09-02 20:41:48,846 - FGO - INFO - Epoch  10 | Train Loss: -0.558 | Val Loss: 0.14 | Val F1: 0.92 |
2023-09-02 20:41:49,703 - FGO - INFO - Epoch  20 | Train Loss: -0.597 | Val Loss: 0.14 | Val F1: 0.91 |
2023-09-02 20:41:50,556 - FGO - INFO - Epoch  30 | Train Loss: -0.635 | Val Loss: 0.14 | Val F1: 0.91 |
2023-09-02 20:41:51,388 - FGO - INFO - Epoch  40 | Train Loss: -0.662 | Val Loss: 0.14 | Val F1: 0.89 |
2023-09-02 20:41:52,206 - FGO - INFO - Best Epoch:   6 | Train Loss: -0.540 | Val Loss: 0.14 | Val F1: 0.93 |
2023-09-02 20:41:52,206 - FGO - INFO - Setting model to best state.
2023-09-02 20:41:52,210 - FGO - INFO - ===== Test Fair OT GCN Model =============================================================
2023-09-02 20:41:52,249 - FGO - INFO - Train CM:
[[379  11]
 [ 16 321]]
2023-09-02 20:41:52,250 - FGO - INFO - Val CM:
[[41  3]
 [ 4 29]]
2023-09-02 20:41:52,250 - FGO - INFO - Test CM:
[[41  3]
 [ 4 29]]
2023-09-02 20:41:52,254 - FGO - INFO - test statistical parity: 0.29487179487179493
2023-09-02 20:41:52,256 - FGO - INFO - test equal opportunity: 0.4032258064516129
2023-09-02 20:41:52,257 - FGO - INFO - test micro f1: 0.9090909090909091
2023-09-02 20:41:52,257 - FGO - INFO - test macro f1: 0.9068280034572169
