2023-09-02 20:50:44,855 - FGO - INFO - ===== SETUP LOGGING ======================================================================
2023-09-02 20:50:44,855 - FGO - INFO - THIS_FILE: Wrapper.py
2023-09-02 20:50:44,855 - FGO - INFO - 	done: False
2023-09-02 20:50:44,855 - FGO - INFO - 	learning_rate: 0.005
2023-09-02 20:50:44,855 - FGO - INFO - 	h1: 64
2023-09-02 20:50:44,855 - FGO - INFO - 	h2: 32
2023-09-02 20:50:44,855 - FGO - INFO - 	weight_decay: 0.0005
2023-09-02 20:50:44,855 - FGO - INFO - 	dropout: 0.0
2023-09-02 20:50:44,855 - FGO - INFO - 	max_pretrain_epochs: 100
2023-09-02 20:50:44,855 - FGO - INFO - 	max_ot_epochs: 50
2023-09-02 20:50:44,855 - FGO - INFO - 	lambda: 0.03
2023-09-02 20:50:44,855 - FGO - INFO - 	theta: 10
2023-09-02 20:50:44,855 - FGO - INFO - 	clip: 5
2023-09-02 20:50:44,855 - FGO - INFO - ===== SETUP LOGGING COMPLETE =============================================================
2023-09-02 20:50:44,855 - FGO - INFO - ===== Configuring Masks ==================================================================
2023-09-02 20:50:44,855 - FGO - INFO - Source Total: 708
2023-09-02 20:50:44,855 - FGO - INFO - Target Total: 96
2023-09-02 20:50:44,855 - FGO - INFO - Train Total: 708
2023-09-02 20:50:44,855 - FGO - INFO - Val Total:   96
2023-09-02 20:50:44,855 - FGO - INFO - Test Total:  96
2023-09-02 20:50:44,855 - FGO - INFO - ===== Preparing to load data =============================================================
2023-09-02 20:50:44,855 - FGO - INFO - SOURCE: abide_large
2023-09-02 20:50:44,855 - FGO - INFO - ===== Retrieving SOURCE Data =============================================================
2023-09-02 20:50:44,855 - FGO - INFO - *************** In load_graph_data ***************
2023-09-02 20:50:44,855 - FGO - INFO - 	FILEPATH: ./data/abide_large.mat
2023-09-02 20:50:44,856 - FGO - INFO - 	X shape: (804, 93)
2023-09-02 20:50:44,856 - FGO - INFO - 	A shape: (804, 804)
2023-09-02 20:50:44,856 - FGO - INFO - 	P shape: (804,)
2023-09-02 20:50:44,856 - FGO - INFO - 	Y shape: (804, 2)
2023-09-02 20:50:44,856 - FGO - INFO - 	Y sum: 804 (number of postive labels)
2023-09-02 20:50:44,857 - FGO - INFO - ===== Preparing data =====================================================================
2023-09-02 20:50:44,858 - FGO - INFO - ===== Disconnecting Source and Target ====================================================
2023-09-02 20:50:44,974 - FGO - INFO - ===== Finalize Data ======================================================================
2023-09-02 20:50:44,974 - FGO - INFO - A shape: (804, 804)
2023-09-02 20:50:44,974 - FGO - INFO - X shape: (804, 93)
2023-09-02 20:50:44,974 - FGO - INFO - Y shape: (804, 2)
2023-09-02 20:50:44,974 - FGO - INFO - N: 804
2023-09-02 20:50:44,974 - FGO - INFO - N_s: 708
2023-09-02 20:50:44,974 - FGO - INFO - N_t: 96
2023-09-02 20:50:44,978 - FGO - INFO - ===== Pretrain GCN Model =================================================================
2023-09-02 20:50:44,981 - FGO - INFO - Epoch   0 | Train Loss: 0.688 | Val Loss: 0.69 | Val F1: 0.35 |
2023-09-02 20:50:45,006 - FGO - INFO - Epoch  10 | Train Loss: 0.572 | Val Loss: 0.59 | Val F1: 0.62 |
2023-09-02 20:50:45,030 - FGO - INFO - Epoch  20 | Train Loss: 0.245 | Val Loss: 0.25 | Val F1: 0.93 |
2023-09-02 20:50:45,054 - FGO - INFO - Epoch  30 | Train Loss: 0.127 | Val Loss: 0.16 | Val F1: 0.95 |
2023-09-02 20:50:45,079 - FGO - INFO - Epoch  40 | Train Loss: 0.092 | Val Loss: 0.12 | Val F1: 0.95 |
2023-09-02 20:50:45,103 - FGO - INFO - Epoch  50 | Train Loss: 0.083 | Val Loss: 0.18 | Val F1: 0.96 |
2023-09-02 20:50:45,127 - FGO - INFO - Epoch  60 | Train Loss: 0.072 | Val Loss: 0.17 | Val F1: 0.96 |
2023-09-02 20:50:45,151 - FGO - INFO - Epoch  70 | Train Loss: 0.067 | Val Loss: 0.17 | Val F1: 0.96 |
2023-09-02 20:50:45,175 - FGO - INFO - Epoch  80 | Train Loss: 0.068 | Val Loss: 0.12 | Val F1: 0.97 |
2023-09-02 20:50:45,199 - FGO - INFO - Epoch  90 | Train Loss: 0.060 | Val Loss: 0.13 | Val F1: 0.97 |
2023-09-02 20:50:45,223 - FGO - INFO - Epoch 100 | Train Loss: 0.058 | Val Loss: 0.16 | Val F1: 0.95 |
2023-09-02 20:50:45,223 - FGO - INFO - Best Epoch:  39 | Train Loss: 0.095 | Val Loss: 0.10 | Val F1: 0.98 
2023-09-02 20:50:45,223 - FGO - INFO - Setting model to best state.
2023-09-02 20:50:45,225 - FGO - INFO - ===== Train Fair OT GCN Model ============================================================
2023-09-02 20:50:45,293 - FGO - INFO - Epoch   0 | Train Loss: -2.345 | Val Loss: -0.22 | Val F1: 0.97 |
2023-09-02 20:50:46,105 - FGO - INFO - Epoch  10 | Train Loss: -2.432 | Val Loss: -0.25 | Val F1: 0.96 |
2023-09-02 20:50:46,909 - FGO - INFO - Epoch  20 | Train Loss: -2.539 | Val Loss: -0.22 | Val F1: 0.97 |
2023-09-02 20:50:47,756 - FGO - INFO - Epoch  30 | Train Loss: -2.591 | Val Loss: -0.25 | Val F1: 0.97 |
2023-09-02 20:50:48,570 - FGO - INFO - Epoch  40 | Train Loss: -2.628 | Val Loss: -0.29 | Val F1: 0.97 |
2023-09-02 20:50:49,318 - FGO - INFO - Best Epoch:  25 | Train Loss: -2.560 | Val Loss: -0.27 | Val F1: 0.98 |
2023-09-02 20:50:49,318 - FGO - INFO - Setting model to best state.
2023-09-02 20:50:49,321 - FGO - INFO - ===== Test Fair OT GCN Model =============================================================
2023-09-02 20:50:49,345 - FGO - INFO - Train CM:
[[373   9]
 [  9 317]]
2023-09-02 20:50:49,346 - FGO - INFO - Val CM:
[[52  0]
 [ 2 42]]
2023-09-02 20:50:49,346 - FGO - INFO - Test CM:
[[52  0]
 [ 2 42]]
2023-09-02 20:50:49,351 - FGO - INFO - test statistical parity: 0.32727272727272727
2023-09-02 20:50:49,352 - FGO - INFO - test equal opportunity: 0.05555555555555558
2023-09-02 20:50:49,353 - FGO - INFO - test micro f1: 0.9791666666666666
2023-09-02 20:50:49,354 - FGO - INFO - test macro f1: 0.978938130759105
