2023-09-02 20:59:07,395 - FGO - INFO - ===== SETUP LOGGING ======================================================================
2023-09-02 20:59:07,395 - FGO - INFO - THIS_FILE: Wrapper.py
2023-09-02 20:59:07,396 - FGO - INFO - 	done: False
2023-09-02 20:59:07,396 - FGO - INFO - 	learning_rate: 0.01
2023-09-02 20:59:07,396 - FGO - INFO - 	h1: 64
2023-09-02 20:59:07,396 - FGO - INFO - 	h2: 32
2023-09-02 20:59:07,396 - FGO - INFO - 	weight_decay: 0.0005
2023-09-02 20:59:07,396 - FGO - INFO - 	dropout: 0.0
2023-09-02 20:59:07,396 - FGO - INFO - 	max_pretrain_epochs: 100
2023-09-02 20:59:07,396 - FGO - INFO - 	max_ot_epochs: 50
2023-09-02 20:59:07,396 - FGO - INFO - 	lambda: 0.03
2023-09-02 20:59:07,396 - FGO - INFO - 	theta: 50
2023-09-02 20:59:07,396 - FGO - INFO - 	clip: 5
2023-09-02 20:59:07,396 - FGO - INFO - ===== SETUP LOGGING COMPLETE =============================================================
2023-09-02 20:59:07,396 - FGO - INFO - ===== Configuring Masks ==================================================================
2023-09-02 20:59:07,396 - FGO - INFO - Source Total: 721
2023-09-02 20:59:07,396 - FGO - INFO - Target Total: 83
2023-09-02 20:59:07,396 - FGO - INFO - Train Total: 721
2023-09-02 20:59:07,396 - FGO - INFO - Val Total:   83
2023-09-02 20:59:07,396 - FGO - INFO - Test Total:  83
2023-09-02 20:59:07,396 - FGO - INFO - ===== Preparing to load data =============================================================
2023-09-02 20:59:07,396 - FGO - INFO - SOURCE: abide_large
2023-09-02 20:59:07,396 - FGO - INFO - ===== Retrieving SOURCE Data =============================================================
2023-09-02 20:59:07,396 - FGO - INFO - *************** In load_graph_data ***************
2023-09-02 20:59:07,396 - FGO - INFO - 	FILEPATH: ./data/abide_large.mat
2023-09-02 20:59:07,396 - FGO - INFO - 	X shape: (804, 93)
2023-09-02 20:59:07,396 - FGO - INFO - 	A shape: (804, 804)
2023-09-02 20:59:07,396 - FGO - INFO - 	P shape: (804,)
2023-09-02 20:59:07,396 - FGO - INFO - 	Y shape: (804, 2)
2023-09-02 20:59:07,397 - FGO - INFO - 	Y sum: 804 (number of postive labels)
2023-09-02 20:59:07,397 - FGO - INFO - ===== Preparing data =====================================================================
2023-09-02 20:59:07,399 - FGO - INFO - ===== Disconnecting Source and Target ====================================================
2023-09-02 20:59:07,501 - FGO - INFO - ===== Finalize Data ======================================================================
2023-09-02 20:59:07,501 - FGO - INFO - A shape: (804, 804)
2023-09-02 20:59:07,501 - FGO - INFO - X shape: (804, 93)
2023-09-02 20:59:07,501 - FGO - INFO - Y shape: (804, 2)
2023-09-02 20:59:07,501 - FGO - INFO - N: 804
2023-09-02 20:59:07,501 - FGO - INFO - N_s: 721
2023-09-02 20:59:07,501 - FGO - INFO - N_t: 83
2023-09-02 20:59:07,505 - FGO - INFO - ===== Pretrain GCN Model =================================================================
2023-09-02 20:59:07,508 - FGO - INFO - Epoch   0 | Train Loss: 0.690 | Val Loss: 0.68 | Val F1: 0.38 |
2023-09-02 20:59:07,533 - FGO - INFO - Epoch  10 | Train Loss: 0.478 | Val Loss: 0.49 | Val F1: 0.84 |
2023-09-02 20:59:07,558 - FGO - INFO - Epoch  20 | Train Loss: 0.142 | Val Loss: 0.24 | Val F1: 0.87 |
2023-09-02 20:59:07,582 - FGO - INFO - Epoch  30 | Train Loss: 0.087 | Val Loss: 0.26 | Val F1: 0.90 |
2023-09-02 20:59:07,606 - FGO - INFO - Epoch  40 | Train Loss: 0.073 | Val Loss: 0.25 | Val F1: 0.90 |
2023-09-02 20:59:07,631 - FGO - INFO - Epoch  50 | Train Loss: 0.063 | Val Loss: 0.25 | Val F1: 0.91 |
2023-09-02 20:59:07,655 - FGO - INFO - Epoch  60 | Train Loss: 0.058 | Val Loss: 0.27 | Val F1: 0.91 |
2023-09-02 20:59:07,680 - FGO - INFO - Epoch  70 | Train Loss: 0.056 | Val Loss: 0.28 | Val F1: 0.91 |
2023-09-02 20:59:07,704 - FGO - INFO - Epoch  80 | Train Loss: 0.052 | Val Loss: 0.28 | Val F1: 0.88 |
2023-09-02 20:59:07,729 - FGO - INFO - Epoch  90 | Train Loss: 0.051 | Val Loss: 0.28 | Val F1: 0.89 |
2023-09-02 20:59:07,753 - FGO - INFO - Epoch 100 | Train Loss: 0.046 | Val Loss: 0.29 | Val F1: 0.89 |
2023-09-02 20:59:07,753 - FGO - INFO - Best Epoch:  58 | Train Loss: 0.058 | Val Loss: 0.26 | Val F1: 0.92 
2023-09-02 20:59:07,753 - FGO - INFO - Setting model to best state.
2023-09-02 20:59:07,755 - FGO - INFO - ===== Train Fair OT GCN Model ============================================================
2023-09-02 20:59:07,854 - FGO - INFO - Epoch   0 | Train Loss: -12.116 | Val Loss: -1.05 | Val F1: 0.90 |
2023-09-02 20:59:08,672 - FGO - INFO - Epoch  10 | Train Loss: -13.616 | Val Loss: -1.11 | Val F1: 0.88 |
2023-09-02 20:59:09,463 - FGO - INFO - Epoch  20 | Train Loss: -14.179 | Val Loss: -0.93 | Val F1: 0.52 |
2023-09-02 20:59:10,185 - FGO - INFO - Epoch  30 | Train Loss: -14.206 | Val Loss: -0.92 | Val F1: 0.38 |
2023-09-02 20:59:10,938 - FGO - INFO - Epoch  40 | Train Loss: -14.206 | Val Loss: -0.92 | Val F1: 0.38 |
2023-09-02 20:59:11,568 - FGO - INFO - Best Epoch:   7 | Train Loss: -13.315 | Val Loss: -1.16 | Val F1: 0.91 |
2023-09-02 20:59:11,568 - FGO - INFO - Setting model to best state.
2023-09-02 20:59:11,571 - FGO - INFO - ===== Test Fair OT GCN Model =============================================================
2023-09-02 20:59:11,595 - FGO - INFO - Train CM:
[[384   0]
 [337   0]]
2023-09-02 20:59:11,595 - FGO - INFO - Val CM:
[[50  0]
 [33  0]]
2023-09-02 20:59:11,595 - FGO - INFO - Test CM:
[[50  0]
 [33  0]]
2023-09-02 20:59:11,601 - FGO - INFO - test statistical parity: 0.0
2023-09-02 20:59:11,602 - FGO - INFO - test equal opportunity: 0.0
2023-09-02 20:59:11,603 - FGO - INFO - test micro f1: 0.6024096385542169
2023-09-02 20:59:11,603 - FGO - INFO - test macro f1: 0.3759398496240602
