2023-09-02 20:48:17,665 - FGO - INFO - ===== SETUP LOGGING ======================================================================
2023-09-02 20:48:17,665 - FGO - INFO - THIS_FILE: Wrapper.py
2023-09-02 20:48:17,665 - FGO - INFO - 	done: False
2023-09-02 20:48:17,665 - FGO - INFO - 	learning_rate: 0.001
2023-09-02 20:48:17,665 - FGO - INFO - 	h1: 64
2023-09-02 20:48:17,665 - FGO - INFO - 	h2: 32
2023-09-02 20:48:17,665 - FGO - INFO - 	weight_decay: 0.0005
2023-09-02 20:48:17,665 - FGO - INFO - 	dropout: 0.0
2023-09-02 20:48:17,665 - FGO - INFO - 	max_pretrain_epochs: 100
2023-09-02 20:48:17,665 - FGO - INFO - 	max_ot_epochs: 50
2023-09-02 20:48:17,665 - FGO - INFO - 	lambda: 0.05
2023-09-02 20:48:17,665 - FGO - INFO - 	theta: 50
2023-09-02 20:48:17,665 - FGO - INFO - 	clip: 5
2023-09-02 20:48:17,665 - FGO - INFO - ===== SETUP LOGGING COMPLETE =============================================================
2023-09-02 20:48:17,665 - FGO - INFO - ===== Configuring Masks ==================================================================
2023-09-02 20:48:17,665 - FGO - INFO - Source Total: 725
2023-09-02 20:48:17,665 - FGO - INFO - Target Total: 79
2023-09-02 20:48:17,665 - FGO - INFO - Train Total: 725
2023-09-02 20:48:17,665 - FGO - INFO - Val Total:   79
2023-09-02 20:48:17,665 - FGO - INFO - Test Total:  79
2023-09-02 20:48:17,665 - FGO - INFO - ===== Preparing to load data =============================================================
2023-09-02 20:48:17,665 - FGO - INFO - SOURCE: abide_large
2023-09-02 20:48:17,665 - FGO - INFO - ===== Retrieving SOURCE Data =============================================================
2023-09-02 20:48:17,665 - FGO - INFO - *************** In load_graph_data ***************
2023-09-02 20:48:17,665 - FGO - INFO - 	FILEPATH: ./data/abide_large.mat
2023-09-02 20:48:17,666 - FGO - INFO - 	X shape: (804, 93)
2023-09-02 20:48:17,666 - FGO - INFO - 	A shape: (804, 804)
2023-09-02 20:48:17,666 - FGO - INFO - 	P shape: (804,)
2023-09-02 20:48:17,666 - FGO - INFO - 	Y shape: (804, 2)
2023-09-02 20:48:17,666 - FGO - INFO - 	Y sum: 804 (number of postive labels)
2023-09-02 20:48:17,667 - FGO - INFO - ===== Preparing data =====================================================================
2023-09-02 20:48:17,668 - FGO - INFO - ===== Disconnecting Source and Target ====================================================
2023-09-02 20:48:17,766 - FGO - INFO - ===== Finalize Data ======================================================================
2023-09-02 20:48:17,766 - FGO - INFO - A shape: (804, 804)
2023-09-02 20:48:17,766 - FGO - INFO - X shape: (804, 93)
2023-09-02 20:48:17,766 - FGO - INFO - Y shape: (804, 2)
2023-09-02 20:48:17,766 - FGO - INFO - N: 804
2023-09-02 20:48:17,766 - FGO - INFO - N_s: 725
2023-09-02 20:48:17,766 - FGO - INFO - N_t: 79
2023-09-02 20:48:17,770 - FGO - INFO - ===== Pretrain GCN Model =================================================================
2023-09-02 20:48:17,773 - FGO - INFO - Epoch   0 | Train Loss: 0.690 | Val Loss: 0.67 | Val F1: 0.38 |
2023-09-02 20:48:17,798 - FGO - INFO - Epoch  10 | Train Loss: 0.675 | Val Loss: 0.67 | Val F1: 0.50 |
2023-09-02 20:48:17,822 - FGO - INFO - Epoch  20 | Train Loss: 0.648 | Val Loss: 0.65 | Val F1: 0.59 |
2023-09-02 20:48:17,847 - FGO - INFO - Epoch  30 | Train Loss: 0.593 | Val Loss: 0.61 | Val F1: 0.69 |
2023-09-02 20:48:17,871 - FGO - INFO - Epoch  40 | Train Loss: 0.504 | Val Loss: 0.54 | Val F1: 0.78 |
2023-09-02 20:48:17,896 - FGO - INFO - Epoch  50 | Train Loss: 0.399 | Val Loss: 0.44 | Val F1: 0.88 |
2023-09-02 20:48:17,920 - FGO - INFO - Epoch  60 | Train Loss: 0.301 | Val Loss: 0.34 | Val F1: 0.90 |
2023-09-02 20:48:17,945 - FGO - INFO - Epoch  70 | Train Loss: 0.227 | Val Loss: 0.26 | Val F1: 0.92 |
2023-09-02 20:48:17,969 - FGO - INFO - Epoch  80 | Train Loss: 0.182 | Val Loss: 0.21 | Val F1: 0.96 |
2023-09-02 20:48:17,993 - FGO - INFO - Epoch  90 | Train Loss: 0.152 | Val Loss: 0.18 | Val F1: 0.96 |
2023-09-02 20:48:18,018 - FGO - INFO - Epoch 100 | Train Loss: 0.133 | Val Loss: 0.16 | Val F1: 0.96 |
2023-09-02 20:48:18,018 - FGO - INFO - Best Epoch:  85 | Train Loss: 0.165 | Val Loss: 0.19 | Val F1: 0.97 
2023-09-02 20:48:18,018 - FGO - INFO - Setting model to best state.
2023-09-02 20:48:18,019 - FGO - INFO - ===== Train Fair OT GCN Model ============================================================
2023-09-02 20:48:18,113 - FGO - INFO - Epoch   0 | Train Loss: -22.513 | Val Loss: -2.31 | Val F1: 0.96 |
2023-09-02 20:48:18,946 - FGO - INFO - Epoch  10 | Train Loss: -22.984 | Val Loss: -2.38 | Val F1: 0.96 |
2023-09-02 20:48:19,728 - FGO - INFO - Epoch  20 | Train Loss: -23.333 | Val Loss: -2.39 | Val F1: 0.93 |
2023-09-02 20:48:20,462 - FGO - INFO - Epoch  30 | Train Loss: -23.553 | Val Loss: -2.33 | Val F1: 0.92 |
2023-09-02 20:48:21,277 - FGO - INFO - Epoch  40 | Train Loss: -23.817 | Val Loss: -2.08 | Val F1: 0.95 |
2023-09-02 20:48:21,955 - FGO - INFO - Best Epoch:   9 | Train Loss: -22.942 | Val Loss: -2.37 | Val F1: 0.97 |
2023-09-02 20:48:21,955 - FGO - INFO - Setting model to best state.
2023-09-02 20:48:21,958 - FGO - INFO - ===== Test Fair OT GCN Model =============================================================
2023-09-02 20:48:21,984 - FGO - INFO - Train CM:
[[  0 385]
 [  0 340]]
2023-09-02 20:48:21,985 - FGO - INFO - Val CM:
[[49  0]
 [25  5]]
2023-09-02 20:48:21,985 - FGO - INFO - Test CM:
[[49  0]
 [25  5]]
2023-09-02 20:48:21,990 - FGO - INFO - test statistical parity: 0.07246376811594203
2023-09-02 20:48:21,992 - FGO - INFO - test equal opportunity: 0.19230769230769232
2023-09-02 20:48:21,992 - FGO - INFO - test micro f1: 0.6835443037974683
2023-09-02 20:48:21,993 - FGO - INFO - test macro f1: 0.5412311265969802
