2023-09-02 20:51:07,059 - FGO - INFO - ===== SETUP LOGGING ======================================================================
2023-09-02 20:51:07,059 - FGO - INFO - THIS_FILE: Wrapper.py
2023-09-02 20:51:07,059 - FGO - INFO - 	done: False
2023-09-02 20:51:07,059 - FGO - INFO - 	learning_rate: 0.005
2023-09-02 20:51:07,059 - FGO - INFO - 	h1: 64
2023-09-02 20:51:07,059 - FGO - INFO - 	h2: 32
2023-09-02 20:51:07,059 - FGO - INFO - 	weight_decay: 0.0005
2023-09-02 20:51:07,059 - FGO - INFO - 	dropout: 0.0
2023-09-02 20:51:07,059 - FGO - INFO - 	max_pretrain_epochs: 100
2023-09-02 20:51:07,059 - FGO - INFO - 	max_ot_epochs: 50
2023-09-02 20:51:07,059 - FGO - INFO - 	lambda: 0.03
2023-09-02 20:51:07,059 - FGO - INFO - 	theta: 10
2023-09-02 20:51:07,059 - FGO - INFO - 	clip: 5
2023-09-02 20:51:07,059 - FGO - INFO - ===== SETUP LOGGING COMPLETE =============================================================
2023-09-02 20:51:07,059 - FGO - INFO - ===== Configuring Masks ==================================================================
2023-09-02 20:51:07,059 - FGO - INFO - Source Total: 726
2023-09-02 20:51:07,059 - FGO - INFO - Target Total: 78
2023-09-02 20:51:07,059 - FGO - INFO - Train Total: 726
2023-09-02 20:51:07,059 - FGO - INFO - Val Total:   78
2023-09-02 20:51:07,059 - FGO - INFO - Test Total:  78
2023-09-02 20:51:07,059 - FGO - INFO - ===== Preparing to load data =============================================================
2023-09-02 20:51:07,059 - FGO - INFO - SOURCE: abide_large
2023-09-02 20:51:07,059 - FGO - INFO - ===== Retrieving SOURCE Data =============================================================
2023-09-02 20:51:07,059 - FGO - INFO - *************** In load_graph_data ***************
2023-09-02 20:51:07,059 - FGO - INFO - 	FILEPATH: ./data/abide_large.mat
2023-09-02 20:51:07,060 - FGO - INFO - 	X shape: (804, 93)
2023-09-02 20:51:07,060 - FGO - INFO - 	A shape: (804, 804)
2023-09-02 20:51:07,060 - FGO - INFO - 	P shape: (804,)
2023-09-02 20:51:07,060 - FGO - INFO - 	Y shape: (804, 2)
2023-09-02 20:51:07,060 - FGO - INFO - 	Y sum: 804 (number of postive labels)
2023-09-02 20:51:07,061 - FGO - INFO - ===== Preparing data =====================================================================
2023-09-02 20:51:07,062 - FGO - INFO - ===== Disconnecting Source and Target ====================================================
2023-09-02 20:51:07,159 - FGO - INFO - ===== Finalize Data ======================================================================
2023-09-02 20:51:07,159 - FGO - INFO - A shape: (804, 804)
2023-09-02 20:51:07,160 - FGO - INFO - X shape: (804, 93)
2023-09-02 20:51:07,160 - FGO - INFO - Y shape: (804, 2)
2023-09-02 20:51:07,160 - FGO - INFO - N: 804
2023-09-02 20:51:07,160 - FGO - INFO - N_s: 726
2023-09-02 20:51:07,160 - FGO - INFO - N_t: 78
2023-09-02 20:51:07,163 - FGO - INFO - ===== Pretrain GCN Model =================================================================
2023-09-02 20:51:07,166 - FGO - INFO - Epoch   0 | Train Loss: 0.684 | Val Loss: 0.73 | Val F1: 0.32 |
2023-09-02 20:51:07,191 - FGO - INFO - Epoch  10 | Train Loss: 0.582 | Val Loss: 0.61 | Val F1: 0.72 |
2023-09-02 20:51:07,216 - FGO - INFO - Epoch  20 | Train Loss: 0.268 | Val Loss: 0.31 | Val F1: 0.87 |
2023-09-02 20:51:07,240 - FGO - INFO - Epoch  30 | Train Loss: 0.130 | Val Loss: 0.25 | Val F1: 0.92 |
2023-09-02 20:51:07,264 - FGO - INFO - Epoch  40 | Train Loss: 0.100 | Val Loss: 0.22 | Val F1: 0.92 |
2023-09-02 20:51:07,289 - FGO - INFO - Epoch  50 | Train Loss: 0.087 | Val Loss: 0.12 | Val F1: 0.95 |
2023-09-02 20:51:07,313 - FGO - INFO - Epoch  60 | Train Loss: 0.078 | Val Loss: 0.11 | Val F1: 0.95 |
2023-09-02 20:51:07,337 - FGO - INFO - Epoch  70 | Train Loss: 0.072 | Val Loss: 0.10 | Val F1: 0.95 |
2023-09-02 20:51:07,362 - FGO - INFO - Epoch  80 | Train Loss: 0.068 | Val Loss: 0.07 | Val F1: 0.96 |
2023-09-02 20:51:07,386 - FGO - INFO - Epoch  90 | Train Loss: 0.066 | Val Loss: 0.07 | Val F1: 0.96 |
2023-09-02 20:51:07,410 - FGO - INFO - Epoch 100 | Train Loss: 0.062 | Val Loss: 0.07 | Val F1: 0.96 |
2023-09-02 20:51:07,410 - FGO - INFO - Best Epoch:  77 | Train Loss: 0.071 | Val Loss: 0.10 | Val F1: 0.96 
2023-09-02 20:51:07,410 - FGO - INFO - Setting model to best state.
2023-09-02 20:51:07,412 - FGO - INFO - ===== Train Fair OT GCN Model ============================================================
2023-09-02 20:51:07,480 - FGO - INFO - Epoch   0 | Train Loss: -2.167 | Val Loss: -0.17 | Val F1: 0.96 |
2023-09-02 20:51:08,236 - FGO - INFO - Epoch  10 | Train Loss: -2.433 | Val Loss: 0.13 | Val F1: 0.90 |
2023-09-02 20:51:09,022 - FGO - INFO - Epoch  20 | Train Loss: -2.598 | Val Loss: -0.12 | Val F1: 0.92 |
2023-09-02 20:51:09,762 - FGO - INFO - Epoch  30 | Train Loss: -2.631 | Val Loss: -0.13 | Val F1: 0.92 |
2023-09-02 20:51:10,578 - FGO - INFO - Epoch  40 | Train Loss: -2.658 | Val Loss: -0.07 | Val F1: 0.91 |
2023-09-02 20:51:11,271 - FGO - INFO - Best Epoch:   7 | Train Loss: -2.464 | Val Loss: -0.15 | Val F1: 0.94 |
2023-09-02 20:51:11,271 - FGO - INFO - Setting model to best state.
2023-09-02 20:51:11,274 - FGO - INFO - ===== Test Fair OT GCN Model =============================================================
2023-09-02 20:51:11,300 - FGO - INFO - Train CM:
[[392   8]
 [ 12 314]]
2023-09-02 20:51:11,301 - FGO - INFO - Val CM:
[[31  3]
 [ 4 40]]
2023-09-02 20:51:11,301 - FGO - INFO - Test CM:
[[31  3]
 [ 4 40]]
2023-09-02 20:51:11,307 - FGO - INFO - test statistical parity: 0.13043478260869557
2023-09-02 20:51:11,308 - FGO - INFO - test equal opportunity: 0.10256410256410253
2023-09-02 20:51:11,309 - FGO - INFO - test micro f1: 0.9102564102564102
2023-09-02 20:51:11,310 - FGO - INFO - test macro f1: 0.9090454772613693
