2023-09-02 20:41:42,051 - FGO - INFO - ===== SETUP LOGGING ======================================================================
2023-09-02 20:41:42,051 - FGO - INFO - THIS_FILE: Wrapper.py
2023-09-02 20:41:42,051 - FGO - INFO - 	done: False
2023-09-02 20:41:42,051 - FGO - INFO - 	learning_rate: 0.001
2023-09-02 20:41:42,051 - FGO - INFO - 	h1: 64
2023-09-02 20:41:42,051 - FGO - INFO - 	h2: 32
2023-09-02 20:41:42,051 - FGO - INFO - 	weight_decay: 0.0005
2023-09-02 20:41:42,051 - FGO - INFO - 	dropout: 0.0
2023-09-02 20:41:42,051 - FGO - INFO - 	max_pretrain_epochs: 100
2023-09-02 20:41:42,051 - FGO - INFO - 	max_ot_epochs: 50
2023-09-02 20:41:42,051 - FGO - INFO - 	lambda: 0.01
2023-09-02 20:41:42,051 - FGO - INFO - 	theta: 10
2023-09-02 20:41:42,051 - FGO - INFO - 	clip: 5
2023-09-02 20:41:42,051 - FGO - INFO - ===== SETUP LOGGING COMPLETE =============================================================
2023-09-02 20:41:42,051 - FGO - INFO - ===== Configuring Masks ==================================================================
2023-09-02 20:41:42,052 - FGO - INFO - Source Total: 708
2023-09-02 20:41:42,052 - FGO - INFO - Target Total: 96
2023-09-02 20:41:42,052 - FGO - INFO - Train Total: 708
2023-09-02 20:41:42,052 - FGO - INFO - Val Total:   96
2023-09-02 20:41:42,052 - FGO - INFO - Test Total:  96
2023-09-02 20:41:42,052 - FGO - INFO - ===== Preparing to load data =============================================================
2023-09-02 20:41:42,052 - FGO - INFO - SOURCE: abide_large
2023-09-02 20:41:42,052 - FGO - INFO - ===== Retrieving SOURCE Data =============================================================
2023-09-02 20:41:42,052 - FGO - INFO - *************** In load_graph_data ***************
2023-09-02 20:41:42,052 - FGO - INFO - 	FILEPATH: ./data/abide_large.mat
2023-09-02 20:41:42,052 - FGO - INFO - 	X shape: (804, 93)
2023-09-02 20:41:42,052 - FGO - INFO - 	A shape: (804, 804)
2023-09-02 20:41:42,052 - FGO - INFO - 	P shape: (804,)
2023-09-02 20:41:42,052 - FGO - INFO - 	Y shape: (804, 2)
2023-09-02 20:41:42,052 - FGO - INFO - 	Y sum: 804 (number of postive labels)
2023-09-02 20:41:42,053 - FGO - INFO - ===== Preparing data =====================================================================
2023-09-02 20:41:42,538 - FGO - INFO - ===== Disconnecting Source and Target ====================================================
2023-09-02 20:41:42,653 - FGO - INFO - ===== Finalize Data ======================================================================
2023-09-02 20:41:42,653 - FGO - INFO - A shape: (804, 804)
2023-09-02 20:41:42,653 - FGO - INFO - X shape: (804, 93)
2023-09-02 20:41:42,653 - FGO - INFO - Y shape: (804, 2)
2023-09-02 20:41:42,653 - FGO - INFO - N: 804
2023-09-02 20:41:42,653 - FGO - INFO - N_s: 708
2023-09-02 20:41:42,653 - FGO - INFO - N_t: 96
2023-09-02 20:41:42,658 - FGO - INFO - ===== Pretrain GCN Model =================================================================
2023-09-02 20:41:43,044 - FGO - INFO - Epoch   0 | Train Loss: 0.688 | Val Loss: 0.69 | Val F1: 0.35 |
2023-09-02 20:41:43,069 - FGO - INFO - Epoch  10 | Train Loss: 0.672 | Val Loss: 0.68 | Val F1: 0.38 |
2023-09-02 20:41:43,094 - FGO - INFO - Epoch  20 | Train Loss: 0.647 | Val Loss: 0.66 | Val F1: 0.53 |
2023-09-02 20:41:43,119 - FGO - INFO - Epoch  30 | Train Loss: 0.595 | Val Loss: 0.61 | Val F1: 0.67 |
2023-09-02 20:41:43,145 - FGO - INFO - Epoch  40 | Train Loss: 0.508 | Val Loss: 0.52 | Val F1: 0.86 |
2023-09-02 20:41:43,170 - FGO - INFO - Epoch  50 | Train Loss: 0.399 | Val Loss: 0.41 | Val F1: 0.89 |
2023-09-02 20:41:43,195 - FGO - INFO - Epoch  60 | Train Loss: 0.298 | Val Loss: 0.31 | Val F1: 0.91 |
2023-09-02 20:41:43,220 - FGO - INFO - Epoch  70 | Train Loss: 0.225 | Val Loss: 0.24 | Val F1: 0.90 |
2023-09-02 20:41:43,245 - FGO - INFO - Epoch  80 | Train Loss: 0.180 | Val Loss: 0.20 | Val F1: 0.94 |
2023-09-02 20:41:43,270 - FGO - INFO - Epoch  90 | Train Loss: 0.151 | Val Loss: 0.17 | Val F1: 0.95 |
2023-09-02 20:41:43,295 - FGO - INFO - Epoch 100 | Train Loss: 0.130 | Val Loss: 0.15 | Val F1: 0.95 |
2023-09-02 20:41:43,295 - FGO - INFO - Best Epoch:  86 | Train Loss: 0.161 | Val Loss: 0.18 | Val F1: 0.95 
2023-09-02 20:41:43,295 - FGO - INFO - Setting model to best state.
2023-09-02 20:41:43,297 - FGO - INFO - ===== Train Fair OT GCN Model ============================================================
2023-09-02 20:41:43,370 - FGO - INFO - Epoch   0 | Train Loss: -0.528 | Val Loss: 0.05 | Val F1: 0.95 |
2023-09-02 20:41:44,229 - FGO - INFO - Epoch  10 | Train Loss: -0.597 | Val Loss: 0.01 | Val F1: 0.97 |
2023-09-02 20:41:45,061 - FGO - INFO - Epoch  20 | Train Loss: -0.638 | Val Loss: 0.00 | Val F1: 0.98 |
2023-09-02 20:41:45,855 - FGO - INFO - Epoch  30 | Train Loss: -0.671 | Val Loss: -0.01 | Val F1: 0.98 |
2023-09-02 20:41:46,704 - FGO - INFO - Epoch  40 | Train Loss: -0.691 | Val Loss: -0.01 | Val F1: 0.98 |
2023-09-02 20:41:47,478 - FGO - INFO - Best Epoch:  11 | Train Loss: -0.599 | Val Loss: 0.01 | Val F1: 0.98 |
2023-09-02 20:41:47,478 - FGO - INFO - Setting model to best state.
2023-09-02 20:41:47,482 - FGO - INFO - ===== Test Fair OT GCN Model =============================================================
2023-09-02 20:41:47,524 - FGO - INFO - Train CM:
[[373   9]
 [ 16 310]]
2023-09-02 20:41:47,525 - FGO - INFO - Val CM:
[[52  0]
 [ 2 42]]
2023-09-02 20:41:47,525 - FGO - INFO - Test CM:
[[52  0]
 [ 2 42]]
2023-09-02 20:41:47,529 - FGO - INFO - test statistical parity: 0.32727272727272727
2023-09-02 20:41:47,531 - FGO - INFO - test equal opportunity: 0.05555555555555558
2023-09-02 20:41:47,532 - FGO - INFO - test micro f1: 0.9791666666666666
2023-09-02 20:41:47,532 - FGO - INFO - test macro f1: 0.978938130759105
