2023-09-02 19:17:06,305 - FGO - INFO - ===== SETUP LOGGING ======================================================================
2023-09-02 19:17:06,305 - FGO - INFO - THIS_FILE: Wrapper.py
2023-09-02 19:17:06,305 - FGO - INFO - 	learning_rate: 0.005
2023-09-02 19:17:06,305 - FGO - INFO - 	h1: 64
2023-09-02 19:17:06,305 - FGO - INFO - 	h2: 32
2023-09-02 19:17:06,305 - FGO - INFO - 	weight_decay: 0.0005
2023-09-02 19:17:06,305 - FGO - INFO - 	dropout: 0.0
2023-09-02 19:17:06,305 - FGO - INFO - 	max_pretrain_epochs: 50
2023-09-02 19:17:06,305 - FGO - INFO - 	max_ot_epochs: 15
2023-09-02 19:17:06,305 - FGO - INFO - 	lambda: 0.01
2023-09-02 19:17:06,305 - FGO - INFO - 	theta: 10
2023-09-02 19:17:06,305 - FGO - INFO - 	clip: 5
2023-09-02 19:17:06,305 - FGO - INFO - ===== SETUP LOGGING COMPLETE =============================================================
2023-09-02 19:17:06,305 - FGO - INFO - ===== Preparing to load data =============================================================
2023-09-02 19:17:06,305 - FGO - INFO - SOURCE: abide_large
2023-09-02 19:17:06,305 - FGO - INFO - TARGET: abide_small
2023-09-02 19:17:06,305 - FGO - INFO - ===== Retrieving SOURCE Data =============================================================
2023-09-02 19:17:06,305 - FGO - INFO - *************** In load_graph_data ***************
2023-09-02 19:17:06,305 - FGO - INFO - 	FILEPATH: ./data/abide_large.mat
2023-09-02 19:17:06,306 - FGO - INFO - 	X shape: (804, 93)
2023-09-02 19:17:06,306 - FGO - INFO - 	A shape: (804, 804)
2023-09-02 19:17:06,306 - FGO - INFO - 	P shape: (804,)
2023-09-02 19:17:06,306 - FGO - INFO - 	Y shape: (804, 2)
2023-09-02 19:17:06,306 - FGO - INFO - 	Y sum: 804 (number of postive labels)
2023-09-02 19:17:06,307 - FGO - INFO - ===== Retrieving TARGET Data =============================================================
2023-09-02 19:17:06,307 - FGO - INFO - *************** In load_graph_data ***************
2023-09-02 19:17:06,307 - FGO - INFO - 	FILEPATH: ./data/abide_small.mat
2023-09-02 19:17:06,307 - FGO - INFO - 	X shape: (67, 93)
2023-09-02 19:17:06,307 - FGO - INFO - 	A shape: (67, 67)
2023-09-02 19:17:06,307 - FGO - INFO - 	P shape: (67,)
2023-09-02 19:17:06,307 - FGO - INFO - 	Y shape: (67, 2)
2023-09-02 19:17:06,308 - FGO - INFO - 	Y sum: 67 (number of postive labels)
2023-09-02 19:17:06,308 - FGO - INFO - ===== Combine Data =======================================================================
2023-09-02 19:17:06,339 - FGO - INFO - A shape: (871, 871)
2023-09-02 19:17:06,339 - FGO - INFO - X shape: (871, 93)
2023-09-02 19:17:06,339 - FGO - INFO - Y shape: (871, 2)
2023-09-02 19:17:06,339 - FGO - INFO - N: 871
2023-09-02 19:17:06,339 - FGO - INFO - N_s: 804
2023-09-02 19:17:06,339 - FGO - INFO - N_t: 67
2023-09-02 19:17:06,342 - FGO - INFO - ===== Configuring Train/Val/Test Masks ===================================================
2023-09-02 19:17:06,343 - FGO - INFO - Train Total: 804
2023-09-02 19:17:06,343 - FGO - INFO - Val Total:   0.0
2023-09-02 19:17:06,343 - FGO - INFO - Test Total:  67
2023-09-02 19:17:06,343 - FGO - INFO - ===== Pretrain GCN Model =================================================================
2023-09-02 19:17:06,392 - FGO - INFO - Epoch   0 | Train Loss: 0.690 | Train Macro F1: 0.35 |
2023-09-02 19:17:06,873 - FGO - INFO - Epoch  10 | Train Loss: 0.600 | Train Macro F1: 0.67 |
2023-09-02 19:17:07,357 - FGO - INFO - Epoch  20 | Train Loss: 0.300 | Train Macro F1: 0.89 |
2023-09-02 19:17:07,833 - FGO - INFO - Epoch  30 | Train Loss: 0.140 | Train Macro F1: 0.96 |
2023-09-02 19:17:08,308 - FGO - INFO - Epoch  40 | Train Loss: 0.098 | Train Macro F1: 0.97 |
2023-09-02 19:17:08,785 - FGO - INFO - Epoch  50 | Train Loss: 0.084 | Train Macro F1: 0.97 |
2023-09-02 19:17:08,786 - FGO - INFO - ===== Train Fair OT GCN Model ============================================================
2023-09-02 19:17:08,975 - FGO - INFO - Epoch   0 | Train Loss: 2.069 | Train CE Loss: 2.628 | Train OT Loss: -0.056| Train Macro F1: 0.59 |
2023-09-02 19:17:10,541 - FGO - INFO - Epoch  10 | Train Loss: -0.384 | Train CE Loss: 0.373 | Train OT Loss: -0.076| Train Macro F1: 0.76 |
2023-09-02 19:17:11,160 - FGO - INFO - ===== Test Fair OT GCN Model =============================================================
2023-09-02 19:17:11,200 - FGO - INFO - Train CM:
[[430   4]
 [ 28 342]]
2023-09-02 19:17:11,200 - FGO - INFO - Val CM:
[]
2023-09-02 19:17:11,200 - FGO - INFO - Test CM:
[[34  0]
 [ 1 32]]
2023-09-02 19:17:11,205 - FGO - INFO - test micro f1: 0.9850746268656716
2023-09-02 19:17:11,206 - FGO - INFO - test macro f1: 0.9850613154960981
2023-09-02 19:17:11,206 - FGO - INFO - test statistical parity: 0.12380952380952381
2023-09-02 19:17:11,207 - FGO - INFO - test equal opportunity: 0.09090909090909094
2023-09-02 19:17:11,208 - FGO - INFO - train micro f1: 0.9601990049751243
2023-09-02 19:17:11,208 - FGO - INFO - train macro f1: 0.9597164115539746
2023-09-02 19:17:11,208 - FGO - INFO - train statistical parity: 0.1303073054039134
2023-09-02 19:17:11,210 - FGO - INFO - train equal opportunity: 0.07225659625915659
