2023-09-02 20:51:41,865 - FGO - INFO - ===== SETUP LOGGING ======================================================================
2023-09-02 20:51:41,865 - FGO - INFO - THIS_FILE: Wrapper.py
2023-09-02 20:51:41,865 - FGO - INFO - 	done: False
2023-09-02 20:51:41,865 - FGO - INFO - 	learning_rate: 0.005
2023-09-02 20:51:41,865 - FGO - INFO - 	h1: 64
2023-09-02 20:51:41,865 - FGO - INFO - 	h2: 32
2023-09-02 20:51:41,865 - FGO - INFO - 	weight_decay: 0.0005
2023-09-02 20:51:41,865 - FGO - INFO - 	dropout: 0.0
2023-09-02 20:51:41,865 - FGO - INFO - 	max_pretrain_epochs: 100
2023-09-02 20:51:41,865 - FGO - INFO - 	max_ot_epochs: 50
2023-09-02 20:51:41,865 - FGO - INFO - 	lambda: 0.03
2023-09-02 20:51:41,865 - FGO - INFO - 	theta: 30
2023-09-02 20:51:41,865 - FGO - INFO - 	clip: 5
2023-09-02 20:51:41,865 - FGO - INFO - ===== SETUP LOGGING COMPLETE =============================================================
2023-09-02 20:51:41,865 - FGO - INFO - ===== Configuring Masks ==================================================================
2023-09-02 20:51:41,865 - FGO - INFO - Source Total: 729
2023-09-02 20:51:41,865 - FGO - INFO - Target Total: 75
2023-09-02 20:51:41,865 - FGO - INFO - Train Total: 729
2023-09-02 20:51:41,865 - FGO - INFO - Val Total:   75
2023-09-02 20:51:41,865 - FGO - INFO - Test Total:  75
2023-09-02 20:51:41,865 - FGO - INFO - ===== Preparing to load data =============================================================
2023-09-02 20:51:41,865 - FGO - INFO - SOURCE: abide_large
2023-09-02 20:51:41,865 - FGO - INFO - ===== Retrieving SOURCE Data =============================================================
2023-09-02 20:51:41,865 - FGO - INFO - *************** In load_graph_data ***************
2023-09-02 20:51:41,865 - FGO - INFO - 	FILEPATH: ./data/abide_large.mat
2023-09-02 20:51:41,866 - FGO - INFO - 	X shape: (804, 93)
2023-09-02 20:51:41,866 - FGO - INFO - 	A shape: (804, 804)
2023-09-02 20:51:41,866 - FGO - INFO - 	P shape: (804,)
2023-09-02 20:51:41,866 - FGO - INFO - 	Y shape: (804, 2)
2023-09-02 20:51:41,866 - FGO - INFO - 	Y sum: 804 (number of postive labels)
2023-09-02 20:51:41,867 - FGO - INFO - ===== Preparing data =====================================================================
2023-09-02 20:51:41,868 - FGO - INFO - ===== Disconnecting Source and Target ====================================================
2023-09-02 20:51:41,961 - FGO - INFO - ===== Finalize Data ======================================================================
2023-09-02 20:51:41,961 - FGO - INFO - A shape: (804, 804)
2023-09-02 20:51:41,961 - FGO - INFO - X shape: (804, 93)
2023-09-02 20:51:41,961 - FGO - INFO - Y shape: (804, 2)
2023-09-02 20:51:41,961 - FGO - INFO - N: 804
2023-09-02 20:51:41,961 - FGO - INFO - N_s: 729
2023-09-02 20:51:41,961 - FGO - INFO - N_t: 75
2023-09-02 20:51:41,965 - FGO - INFO - ===== Pretrain GCN Model =================================================================
2023-09-02 20:51:41,968 - FGO - INFO - Epoch   0 | Train Loss: 0.689 | Val Loss: 0.68 | Val F1: 0.37 |
2023-09-02 20:51:41,993 - FGO - INFO - Epoch  10 | Train Loss: 0.580 | Val Loss: 0.56 | Val F1: 0.75 |
2023-09-02 20:51:42,018 - FGO - INFO - Epoch  20 | Train Loss: 0.266 | Val Loss: 0.18 | Val F1: 0.97 |
2023-09-02 20:51:42,042 - FGO - INFO - Epoch  30 | Train Loss: 0.135 | Val Loss: 0.07 | Val F1: 0.99 |
2023-09-02 20:51:42,067 - FGO - INFO - Epoch  40 | Train Loss: 0.098 | Val Loss: 0.04 | Val F1: 0.99 |
2023-09-02 20:51:42,091 - FGO - INFO - Epoch  50 | Train Loss: 0.087 | Val Loss: 0.05 | Val F1: 0.99 |
2023-09-02 20:51:42,116 - FGO - INFO - Epoch  60 | Train Loss: 0.077 | Val Loss: 0.05 | Val F1: 0.99 |
2023-09-02 20:51:42,141 - FGO - INFO - Epoch  70 | Train Loss: 0.071 | Val Loss: 0.04 | Val F1: 0.99 |
2023-09-02 20:51:42,165 - FGO - INFO - Epoch  80 | Train Loss: 0.076 | Val Loss: 0.07 | Val F1: 0.97 |
2023-09-02 20:51:42,190 - FGO - INFO - Epoch  90 | Train Loss: 0.071 | Val Loss: 0.04 | Val F1: 0.99 |
2023-09-02 20:51:42,214 - FGO - INFO - Epoch 100 | Train Loss: 0.066 | Val Loss: 0.04 | Val F1: 0.97 |
2023-09-02 20:51:42,214 - FGO - INFO - Best Epoch:  24 | Train Loss: 0.189 | Val Loss: 0.10 | Val F1: 1.00 
2023-09-02 20:51:42,214 - FGO - INFO - Setting model to best state.
2023-09-02 20:51:42,216 - FGO - INFO - ===== Train Fair OT GCN Model ============================================================
2023-09-02 20:51:42,313 - FGO - INFO - Epoch   0 | Train Loss: -7.184 | Val Loss: -0.72 | Val F1: 0.97 |
2023-09-02 20:51:43,129 - FGO - INFO - Epoch  10 | Train Loss: -7.974 | Val Loss: -0.74 | Val F1: 0.95 |
2023-09-02 20:51:43,985 - FGO - INFO - Epoch  20 | Train Loss: -8.134 | Val Loss: -0.80 | Val F1: 0.99 |
2023-09-02 20:51:44,758 - FGO - INFO - Epoch  30 | Train Loss: -8.222 | Val Loss: -0.83 | Val F1: 0.99 |
2023-09-02 20:51:45,530 - FGO - INFO - Epoch  40 | Train Loss: -8.279 | Val Loss: -0.85 | Val F1: 0.99 |
2023-09-02 20:51:46,188 - FGO - INFO - Best Epoch:  19 | Train Loss: -8.100 | Val Loss: -0.80 | Val F1: 0.99 |
2023-09-02 20:51:46,188 - FGO - INFO - Setting model to best state.
2023-09-02 20:51:46,192 - FGO - INFO - ===== Test Fair OT GCN Model =============================================================
2023-09-02 20:51:46,216 - FGO - INFO - Train CM:
[[388   8]
 [ 12 321]]
2023-09-02 20:51:46,216 - FGO - INFO - Val CM:
[[37  1]
 [ 1 36]]
2023-09-02 20:51:46,217 - FGO - INFO - Test CM:
[[37  1]
 [ 1 36]]
2023-09-02 20:51:46,222 - FGO - INFO - test statistical parity: 0.008196721311475419
2023-09-02 20:51:46,223 - FGO - INFO - test equal opportunity: 0.033333333333333326
2023-09-02 20:51:46,224 - FGO - INFO - test micro f1: 0.9733333333333334
2023-09-02 20:51:46,225 - FGO - INFO - test macro f1: 0.9733285917496444
