2023-09-02 20:54:09,831 - FGO - INFO - ===== SETUP LOGGING ======================================================================
2023-09-02 20:54:09,831 - FGO - INFO - THIS_FILE: Wrapper.py
2023-09-02 20:54:09,831 - FGO - INFO - 	done: False
2023-09-02 20:54:09,831 - FGO - INFO - 	learning_rate: 0.005
2023-09-02 20:54:09,831 - FGO - INFO - 	h1: 64
2023-09-02 20:54:09,831 - FGO - INFO - 	h2: 32
2023-09-02 20:54:09,831 - FGO - INFO - 	weight_decay: 0.0005
2023-09-02 20:54:09,831 - FGO - INFO - 	dropout: 0.0
2023-09-02 20:54:09,831 - FGO - INFO - 	max_pretrain_epochs: 100
2023-09-02 20:54:09,831 - FGO - INFO - 	max_ot_epochs: 50
2023-09-02 20:54:09,831 - FGO - INFO - 	lambda: 0.05
2023-09-02 20:54:09,831 - FGO - INFO - 	theta: 30
2023-09-02 20:54:09,831 - FGO - INFO - 	clip: 5
2023-09-02 20:54:09,831 - FGO - INFO - ===== SETUP LOGGING COMPLETE =============================================================
2023-09-02 20:54:09,831 - FGO - INFO - ===== Configuring Masks ==================================================================
2023-09-02 20:54:09,831 - FGO - INFO - Source Total: 717
2023-09-02 20:54:09,831 - FGO - INFO - Target Total: 87
2023-09-02 20:54:09,831 - FGO - INFO - Train Total: 717
2023-09-02 20:54:09,831 - FGO - INFO - Val Total:   87
2023-09-02 20:54:09,831 - FGO - INFO - Test Total:  87
2023-09-02 20:54:09,831 - FGO - INFO - ===== Preparing to load data =============================================================
2023-09-02 20:54:09,831 - FGO - INFO - SOURCE: abide_large
2023-09-02 20:54:09,831 - FGO - INFO - ===== Retrieving SOURCE Data =============================================================
2023-09-02 20:54:09,831 - FGO - INFO - *************** In load_graph_data ***************
2023-09-02 20:54:09,831 - FGO - INFO - 	FILEPATH: ./data/abide_large.mat
2023-09-02 20:54:09,832 - FGO - INFO - 	X shape: (804, 93)
2023-09-02 20:54:09,832 - FGO - INFO - 	A shape: (804, 804)
2023-09-02 20:54:09,832 - FGO - INFO - 	P shape: (804,)
2023-09-02 20:54:09,832 - FGO - INFO - 	Y shape: (804, 2)
2023-09-02 20:54:09,832 - FGO - INFO - 	Y sum: 804 (number of postive labels)
2023-09-02 20:54:09,833 - FGO - INFO - ===== Preparing data =====================================================================
2023-09-02 20:54:09,834 - FGO - INFO - ===== Disconnecting Source and Target ====================================================
2023-09-02 20:54:09,940 - FGO - INFO - ===== Finalize Data ======================================================================
2023-09-02 20:54:09,940 - FGO - INFO - A shape: (804, 804)
2023-09-02 20:54:09,940 - FGO - INFO - X shape: (804, 93)
2023-09-02 20:54:09,940 - FGO - INFO - Y shape: (804, 2)
2023-09-02 20:54:09,940 - FGO - INFO - N: 804
2023-09-02 20:54:09,940 - FGO - INFO - N_s: 717
2023-09-02 20:54:09,940 - FGO - INFO - N_t: 87
2023-09-02 20:54:09,944 - FGO - INFO - ===== Pretrain GCN Model =================================================================
2023-09-02 20:54:09,947 - FGO - INFO - Epoch   0 | Train Loss: 0.689 | Val Loss: 0.68 | Val F1: 0.35 |
2023-09-02 20:54:09,972 - FGO - INFO - Epoch  10 | Train Loss: 0.583 | Val Loss: 0.59 | Val F1: 0.72 |
2023-09-02 20:54:09,997 - FGO - INFO - Epoch  20 | Train Loss: 0.265 | Val Loss: 0.28 | Val F1: 0.92 |
2023-09-02 20:54:10,021 - FGO - INFO - Epoch  30 | Train Loss: 0.135 | Val Loss: 0.12 | Val F1: 0.97 |
2023-09-02 20:54:10,046 - FGO - INFO - Epoch  40 | Train Loss: 0.098 | Val Loss: 0.11 | Val F1: 0.97 |
2023-09-02 20:54:10,071 - FGO - INFO - Epoch  50 | Train Loss: 0.088 | Val Loss: 0.12 | Val F1: 0.97 |
2023-09-02 20:54:10,095 - FGO - INFO - Epoch  60 | Train Loss: 0.077 | Val Loss: 0.15 | Val F1: 0.95 |
2023-09-02 20:54:10,120 - FGO - INFO - Epoch  70 | Train Loss: 0.073 | Val Loss: 0.18 | Val F1: 0.94 |
2023-09-02 20:54:10,144 - FGO - INFO - Epoch  80 | Train Loss: 0.070 | Val Loss: 0.17 | Val F1: 0.94 |
2023-09-02 20:54:10,169 - FGO - INFO - Epoch  90 | Train Loss: 0.068 | Val Loss: 0.16 | Val F1: 0.95 |
2023-09-02 20:54:10,193 - FGO - INFO - Epoch 100 | Train Loss: 0.076 | Val Loss: 0.19 | Val F1: 0.94 |
2023-09-02 20:54:10,193 - FGO - INFO - Best Epoch:  26 | Train Loss: 0.169 | Val Loss: 0.14 | Val F1: 0.98 
2023-09-02 20:54:10,193 - FGO - INFO - Setting model to best state.
2023-09-02 20:54:10,195 - FGO - INFO - ===== Train Fair OT GCN Model ============================================================
2023-09-02 20:54:10,289 - FGO - INFO - Epoch   0 | Train Loss: -13.020 | Val Loss: -1.43 | Val F1: 0.95 |
2023-09-02 20:54:11,123 - FGO - INFO - Epoch  10 | Train Loss: -13.670 | Val Loss: -1.43 | Val F1: 0.93 |
2023-09-02 20:54:11,893 - FGO - INFO - Epoch  20 | Train Loss: -13.822 | Val Loss: -1.51 | Val F1: 0.94 |
2023-09-02 20:54:12,651 - FGO - INFO - Epoch  30 | Train Loss: -13.913 | Val Loss: -1.49 | Val F1: 0.93 |
2023-09-02 20:54:13,373 - FGO - INFO - Epoch  40 | Train Loss: -14.007 | Val Loss: -1.57 | Val F1: 0.95 |
2023-09-02 20:54:14,088 - FGO - INFO - Best Epoch:   6 | Train Loss: -13.388 | Val Loss: -1.49 | Val F1: 0.95 |
2023-09-02 20:54:14,088 - FGO - INFO - Setting model to best state.
2023-09-02 20:54:14,092 - FGO - INFO - ===== Test Fair OT GCN Model =============================================================
2023-09-02 20:54:14,118 - FGO - INFO - Train CM:
[[385   2]
 [ 26 304]]
2023-09-02 20:54:14,118 - FGO - INFO - Val CM:
[[46  1]
 [ 3 37]]
2023-09-02 20:54:14,118 - FGO - INFO - Test CM:
[[46  1]
 [ 3 37]]
2023-09-02 20:54:14,124 - FGO - INFO - test statistical parity: 0.36333333333333334
2023-09-02 20:54:14,125 - FGO - INFO - test equal opportunity: 0.09677419354838712
2023-09-02 20:54:14,126 - FGO - INFO - test micro f1: 0.9540229885057472
2023-09-02 20:54:14,127 - FGO - INFO - test macro f1: 0.9535256410256411
