2023-09-02 20:49:34,908 - FGO - INFO - ===== SETUP LOGGING ======================================================================
2023-09-02 20:49:34,908 - FGO - INFO - THIS_FILE: Wrapper.py
2023-09-02 20:49:34,908 - FGO - INFO - 	done: False
2023-09-02 20:49:34,908 - FGO - INFO - 	learning_rate: 0.005
2023-09-02 20:49:34,908 - FGO - INFO - 	h1: 64
2023-09-02 20:49:34,908 - FGO - INFO - 	h2: 32
2023-09-02 20:49:34,908 - FGO - INFO - 	weight_decay: 0.0005
2023-09-02 20:49:34,908 - FGO - INFO - 	dropout: 0.0
2023-09-02 20:49:34,908 - FGO - INFO - 	max_pretrain_epochs: 100
2023-09-02 20:49:34,908 - FGO - INFO - 	max_ot_epochs: 50
2023-09-02 20:49:34,908 - FGO - INFO - 	lambda: 0.01
2023-09-02 20:49:34,908 - FGO - INFO - 	theta: 30
2023-09-02 20:49:34,908 - FGO - INFO - 	clip: 5
2023-09-02 20:49:34,908 - FGO - INFO - ===== SETUP LOGGING COMPLETE =============================================================
2023-09-02 20:49:34,908 - FGO - INFO - ===== Configuring Masks ==================================================================
2023-09-02 20:49:34,908 - FGO - INFO - Source Total: 726
2023-09-02 20:49:34,908 - FGO - INFO - Target Total: 78
2023-09-02 20:49:34,908 - FGO - INFO - Train Total: 726
2023-09-02 20:49:34,908 - FGO - INFO - Val Total:   78
2023-09-02 20:49:34,908 - FGO - INFO - Test Total:  78
2023-09-02 20:49:34,908 - FGO - INFO - ===== Preparing to load data =============================================================
2023-09-02 20:49:34,908 - FGO - INFO - SOURCE: abide_large
2023-09-02 20:49:34,908 - FGO - INFO - ===== Retrieving SOURCE Data =============================================================
2023-09-02 20:49:34,908 - FGO - INFO - *************** In load_graph_data ***************
2023-09-02 20:49:34,908 - FGO - INFO - 	FILEPATH: ./data/abide_large.mat
2023-09-02 20:49:34,909 - FGO - INFO - 	X shape: (804, 93)
2023-09-02 20:49:34,909 - FGO - INFO - 	A shape: (804, 804)
2023-09-02 20:49:34,909 - FGO - INFO - 	P shape: (804,)
2023-09-02 20:49:34,909 - FGO - INFO - 	Y shape: (804, 2)
2023-09-02 20:49:34,909 - FGO - INFO - 	Y sum: 804 (number of postive labels)
2023-09-02 20:49:34,910 - FGO - INFO - ===== Preparing data =====================================================================
2023-09-02 20:49:34,911 - FGO - INFO - ===== Disconnecting Source and Target ====================================================
2023-09-02 20:49:35,009 - FGO - INFO - ===== Finalize Data ======================================================================
2023-09-02 20:49:35,009 - FGO - INFO - A shape: (804, 804)
2023-09-02 20:49:35,009 - FGO - INFO - X shape: (804, 93)
2023-09-02 20:49:35,009 - FGO - INFO - Y shape: (804, 2)
2023-09-02 20:49:35,009 - FGO - INFO - N: 804
2023-09-02 20:49:35,009 - FGO - INFO - N_s: 726
2023-09-02 20:49:35,009 - FGO - INFO - N_t: 78
2023-09-02 20:49:35,013 - FGO - INFO - ===== Pretrain GCN Model =================================================================
2023-09-02 20:49:35,016 - FGO - INFO - Epoch   0 | Train Loss: 0.684 | Val Loss: 0.73 | Val F1: 0.32 |
2023-09-02 20:49:35,041 - FGO - INFO - Epoch  10 | Train Loss: 0.582 | Val Loss: 0.61 | Val F1: 0.72 |
2023-09-02 20:49:35,065 - FGO - INFO - Epoch  20 | Train Loss: 0.268 | Val Loss: 0.31 | Val F1: 0.87 |
2023-09-02 20:49:35,089 - FGO - INFO - Epoch  30 | Train Loss: 0.130 | Val Loss: 0.25 | Val F1: 0.92 |
2023-09-02 20:49:35,114 - FGO - INFO - Epoch  40 | Train Loss: 0.100 | Val Loss: 0.22 | Val F1: 0.92 |
2023-09-02 20:49:35,138 - FGO - INFO - Epoch  50 | Train Loss: 0.087 | Val Loss: 0.12 | Val F1: 0.95 |
2023-09-02 20:49:35,162 - FGO - INFO - Epoch  60 | Train Loss: 0.078 | Val Loss: 0.11 | Val F1: 0.95 |
2023-09-02 20:49:35,187 - FGO - INFO - Epoch  70 | Train Loss: 0.072 | Val Loss: 0.10 | Val F1: 0.95 |
2023-09-02 20:49:35,211 - FGO - INFO - Epoch  80 | Train Loss: 0.067 | Val Loss: 0.08 | Val F1: 0.96 |
2023-09-02 20:49:35,235 - FGO - INFO - Epoch  90 | Train Loss: 0.065 | Val Loss: 0.07 | Val F1: 0.96 |
2023-09-02 20:49:35,260 - FGO - INFO - Epoch 100 | Train Loss: 0.062 | Val Loss: 0.07 | Val F1: 0.96 |
2023-09-02 20:49:35,260 - FGO - INFO - Best Epoch:  77 | Train Loss: 0.070 | Val Loss: 0.10 | Val F1: 0.96 
2023-09-02 20:49:35,260 - FGO - INFO - Setting model to best state.
2023-09-02 20:49:35,261 - FGO - INFO - ===== Train Fair OT GCN Model ============================================================
2023-09-02 20:49:35,387 - FGO - INFO - Epoch   0 | Train Loss: -1.580 | Val Loss: -0.12 | Val F1: 0.96 |
2023-09-02 20:49:36,299 - FGO - INFO - Epoch  10 | Train Loss: -2.239 | Val Loss: 0.09 | Val F1: 0.88 |
2023-09-02 20:49:37,136 - FGO - INFO - Epoch  20 | Train Loss: -2.393 | Val Loss: -0.03 | Val F1: 0.91 |
2023-09-02 20:49:37,968 - FGO - INFO - Epoch  30 | Train Loss: -2.508 | Val Loss: -0.03 | Val F1: 0.91 |
2023-09-02 20:49:38,762 - FGO - INFO - Epoch  40 | Train Loss: -2.557 | Val Loss: -0.02 | Val F1: 0.91 |
2023-09-02 20:49:39,499 - FGO - INFO - Best Epoch:   6 | Train Loss: -2.045 | Val Loss: -0.08 | Val F1: 0.95 |
2023-09-02 20:49:39,499 - FGO - INFO - Setting model to best state.
2023-09-02 20:49:39,503 - FGO - INFO - ===== Test Fair OT GCN Model =============================================================
2023-09-02 20:49:39,528 - FGO - INFO - Train CM:
[[392   8]
 [ 14 312]]
2023-09-02 20:49:39,528 - FGO - INFO - Val CM:
[[34  0]
 [ 7 37]]
2023-09-02 20:49:39,529 - FGO - INFO - Test CM:
[[34  0]
 [ 7 37]]
2023-09-02 20:49:39,534 - FGO - INFO - test statistical parity: 0.09178743961352659
2023-09-02 20:49:39,535 - FGO - INFO - test equal opportunity: 0.17948717948717952
2023-09-02 20:49:39,536 - FGO - INFO - test micro f1: 0.9102564102564102
2023-09-02 20:49:39,537 - FGO - INFO - test macro f1: 0.9101234567901235
