2023-09-02 20:47:25,939 - FGO - INFO - ===== SETUP LOGGING ======================================================================
2023-09-02 20:47:25,939 - FGO - INFO - THIS_FILE: Wrapper.py
2023-09-02 20:47:25,939 - FGO - INFO - 	done: False
2023-09-02 20:47:25,939 - FGO - INFO - 	learning_rate: 0.001
2023-09-02 20:47:25,939 - FGO - INFO - 	h1: 64
2023-09-02 20:47:25,939 - FGO - INFO - 	h2: 32
2023-09-02 20:47:25,939 - FGO - INFO - 	weight_decay: 0.0005
2023-09-02 20:47:25,939 - FGO - INFO - 	dropout: 0.0
2023-09-02 20:47:25,939 - FGO - INFO - 	max_pretrain_epochs: 100
2023-09-02 20:47:25,939 - FGO - INFO - 	max_ot_epochs: 50
2023-09-02 20:47:25,939 - FGO - INFO - 	lambda: 0.05
2023-09-02 20:47:25,939 - FGO - INFO - 	theta: 30
2023-09-02 20:47:25,939 - FGO - INFO - 	clip: 5
2023-09-02 20:47:25,939 - FGO - INFO - ===== SETUP LOGGING COMPLETE =============================================================
2023-09-02 20:47:25,940 - FGO - INFO - ===== Configuring Masks ==================================================================
2023-09-02 20:47:25,940 - FGO - INFO - Source Total: 717
2023-09-02 20:47:25,940 - FGO - INFO - Target Total: 87
2023-09-02 20:47:25,940 - FGO - INFO - Train Total: 717
2023-09-02 20:47:25,940 - FGO - INFO - Val Total:   87
2023-09-02 20:47:25,940 - FGO - INFO - Test Total:  87
2023-09-02 20:47:25,940 - FGO - INFO - ===== Preparing to load data =============================================================
2023-09-02 20:47:25,940 - FGO - INFO - SOURCE: abide_large
2023-09-02 20:47:25,940 - FGO - INFO - ===== Retrieving SOURCE Data =============================================================
2023-09-02 20:47:25,940 - FGO - INFO - *************** In load_graph_data ***************
2023-09-02 20:47:25,940 - FGO - INFO - 	FILEPATH: ./data/abide_large.mat
2023-09-02 20:47:25,940 - FGO - INFO - 	X shape: (804, 93)
2023-09-02 20:47:25,940 - FGO - INFO - 	A shape: (804, 804)
2023-09-02 20:47:25,940 - FGO - INFO - 	P shape: (804,)
2023-09-02 20:47:25,940 - FGO - INFO - 	Y shape: (804, 2)
2023-09-02 20:47:25,940 - FGO - INFO - 	Y sum: 804 (number of postive labels)
2023-09-02 20:47:25,941 - FGO - INFO - ===== Preparing data =====================================================================
2023-09-02 20:47:25,942 - FGO - INFO - ===== Disconnecting Source and Target ====================================================
2023-09-02 20:47:26,048 - FGO - INFO - ===== Finalize Data ======================================================================
2023-09-02 20:47:26,048 - FGO - INFO - A shape: (804, 804)
2023-09-02 20:47:26,048 - FGO - INFO - X shape: (804, 93)
2023-09-02 20:47:26,048 - FGO - INFO - Y shape: (804, 2)
2023-09-02 20:47:26,048 - FGO - INFO - N: 804
2023-09-02 20:47:26,048 - FGO - INFO - N_s: 717
2023-09-02 20:47:26,048 - FGO - INFO - N_t: 87
2023-09-02 20:47:26,052 - FGO - INFO - ===== Pretrain GCN Model =================================================================
2023-09-02 20:47:26,055 - FGO - INFO - Epoch   0 | Train Loss: 0.689 | Val Loss: 0.68 | Val F1: 0.35 |
2023-09-02 20:47:26,079 - FGO - INFO - Epoch  10 | Train Loss: 0.675 | Val Loss: 0.67 | Val F1: 0.40 |
2023-09-02 20:47:26,104 - FGO - INFO - Epoch  20 | Train Loss: 0.650 | Val Loss: 0.64 | Val F1: 0.62 |
2023-09-02 20:47:26,129 - FGO - INFO - Epoch  30 | Train Loss: 0.595 | Val Loss: 0.59 | Val F1: 0.77 |
2023-09-02 20:47:26,153 - FGO - INFO - Epoch  40 | Train Loss: 0.507 | Val Loss: 0.52 | Val F1: 0.88 |
2023-09-02 20:47:26,178 - FGO - INFO - Epoch  50 | Train Loss: 0.398 | Val Loss: 0.41 | Val F1: 0.88 |
2023-09-02 20:47:26,202 - FGO - INFO - Epoch  60 | Train Loss: 0.297 | Val Loss: 0.31 | Val F1: 0.91 |
2023-09-02 20:47:26,227 - FGO - INFO - Epoch  70 | Train Loss: 0.224 | Val Loss: 0.23 | Val F1: 0.94 |
2023-09-02 20:47:26,251 - FGO - INFO - Epoch  80 | Train Loss: 0.180 | Val Loss: 0.18 | Val F1: 0.94 |
2023-09-02 20:47:26,276 - FGO - INFO - Epoch  90 | Train Loss: 0.151 | Val Loss: 0.15 | Val F1: 0.95 |
2023-09-02 20:47:26,300 - FGO - INFO - Epoch 100 | Train Loss: 0.132 | Val Loss: 0.13 | Val F1: 0.97 |
2023-09-02 20:47:26,300 - FGO - INFO - Best Epoch:  91 | Train Loss: 0.149 | Val Loss: 0.15 | Val F1: 0.97 
2023-09-02 20:47:26,300 - FGO - INFO - Setting model to best state.
2023-09-02 20:47:26,302 - FGO - INFO - ===== Train Fair OT GCN Model ============================================================
2023-09-02 20:47:26,394 - FGO - INFO - Epoch   0 | Train Loss: -13.330 | Val Loss: -1.51 | Val F1: 0.97 |
2023-09-02 20:47:27,175 - FGO - INFO - Epoch  10 | Train Loss: -13.550 | Val Loss: -1.50 | Val F1: 0.93 |
2023-09-02 20:47:27,951 - FGO - INFO - Epoch  20 | Train Loss: -13.718 | Val Loss: -1.53 | Val F1: 0.93 |
2023-09-02 20:47:28,742 - FGO - INFO - Epoch  30 | Train Loss: -13.816 | Val Loss: -1.53 | Val F1: 0.92 |
2023-09-02 20:47:29,481 - FGO - INFO - Epoch  40 | Train Loss: -13.859 | Val Loss: -1.52 | Val F1: 0.92 |
2023-09-02 20:47:30,177 - FGO - INFO - Best Epoch:   6 | Train Loss: -13.462 | Val Loss: -1.52 | Val F1: 0.95 |
2023-09-02 20:47:30,177 - FGO - INFO - Setting model to best state.
2023-09-02 20:47:30,180 - FGO - INFO - ===== Test Fair OT GCN Model =============================================================
2023-09-02 20:47:30,203 - FGO - INFO - Train CM:
[[386   1]
 [ 76 254]]
2023-09-02 20:47:30,203 - FGO - INFO - Val CM:
[[47  0]
 [ 6 34]]
2023-09-02 20:47:30,204 - FGO - INFO - Test CM:
[[47  0]
 [ 6 34]]
2023-09-02 20:47:30,209 - FGO - INFO - test statistical parity: 0.4166666666666667
2023-09-02 20:47:30,210 - FGO - INFO - test equal opportunity: 0.19354838709677424
2023-09-02 20:47:30,211 - FGO - INFO - test micro f1: 0.9310344827586207
2023-09-02 20:47:30,212 - FGO - INFO - test macro f1: 0.9294594594594594
