2023-09-02 20:58:19,589 - FGO - INFO - ===== SETUP LOGGING ======================================================================
2023-09-02 20:58:19,589 - FGO - INFO - THIS_FILE: Wrapper.py
2023-09-02 20:58:19,589 - FGO - INFO - 	done: False
2023-09-02 20:58:19,589 - FGO - INFO - 	learning_rate: 0.01
2023-09-02 20:58:19,589 - FGO - INFO - 	h1: 64
2023-09-02 20:58:19,589 - FGO - INFO - 	h2: 32
2023-09-02 20:58:19,589 - FGO - INFO - 	weight_decay: 0.0005
2023-09-02 20:58:19,589 - FGO - INFO - 	dropout: 0.0
2023-09-02 20:58:19,589 - FGO - INFO - 	max_pretrain_epochs: 100
2023-09-02 20:58:19,589 - FGO - INFO - 	max_ot_epochs: 50
2023-09-02 20:58:19,589 - FGO - INFO - 	lambda: 0.03
2023-09-02 20:58:19,589 - FGO - INFO - 	theta: 30
2023-09-02 20:58:19,589 - FGO - INFO - 	clip: 5
2023-09-02 20:58:19,589 - FGO - INFO - ===== SETUP LOGGING COMPLETE =============================================================
2023-09-02 20:58:19,589 - FGO - INFO - ===== Configuring Masks ==================================================================
2023-09-02 20:58:19,589 - FGO - INFO - Source Total: 727
2023-09-02 20:58:19,589 - FGO - INFO - Target Total: 77
2023-09-02 20:58:19,589 - FGO - INFO - Train Total: 727
2023-09-02 20:58:19,589 - FGO - INFO - Val Total:   77
2023-09-02 20:58:19,589 - FGO - INFO - Test Total:  77
2023-09-02 20:58:19,589 - FGO - INFO - ===== Preparing to load data =============================================================
2023-09-02 20:58:19,589 - FGO - INFO - SOURCE: abide_large
2023-09-02 20:58:19,589 - FGO - INFO - ===== Retrieving SOURCE Data =============================================================
2023-09-02 20:58:19,589 - FGO - INFO - *************** In load_graph_data ***************
2023-09-02 20:58:19,589 - FGO - INFO - 	FILEPATH: ./data/abide_large.mat
2023-09-02 20:58:19,590 - FGO - INFO - 	X shape: (804, 93)
2023-09-02 20:58:19,590 - FGO - INFO - 	A shape: (804, 804)
2023-09-02 20:58:19,590 - FGO - INFO - 	P shape: (804,)
2023-09-02 20:58:19,590 - FGO - INFO - 	Y shape: (804, 2)
2023-09-02 20:58:19,590 - FGO - INFO - 	Y sum: 804 (number of postive labels)
2023-09-02 20:58:19,591 - FGO - INFO - ===== Preparing data =====================================================================
2023-09-02 20:58:19,592 - FGO - INFO - ===== Disconnecting Source and Target ====================================================
2023-09-02 20:58:19,689 - FGO - INFO - ===== Finalize Data ======================================================================
2023-09-02 20:58:19,689 - FGO - INFO - A shape: (804, 804)
2023-09-02 20:58:19,689 - FGO - INFO - X shape: (804, 93)
2023-09-02 20:58:19,689 - FGO - INFO - Y shape: (804, 2)
2023-09-02 20:58:19,689 - FGO - INFO - N: 804
2023-09-02 20:58:19,689 - FGO - INFO - N_s: 727
2023-09-02 20:58:19,689 - FGO - INFO - N_t: 77
2023-09-02 20:58:19,692 - FGO - INFO - ===== Pretrain GCN Model =================================================================
2023-09-02 20:58:19,696 - FGO - INFO - Epoch   0 | Train Loss: 0.689 | Val Loss: 0.68 | Val F1: 0.36 |
2023-09-02 20:58:19,721 - FGO - INFO - Epoch  10 | Train Loss: 0.472 | Val Loss: 0.55 | Val F1: 0.71 |
2023-09-02 20:58:19,746 - FGO - INFO - Epoch  20 | Train Loss: 0.138 | Val Loss: 0.27 | Val F1: 0.84 |
2023-09-02 20:58:19,770 - FGO - INFO - Epoch  30 | Train Loss: 0.091 | Val Loss: 0.17 | Val F1: 0.93 |
2023-09-02 20:58:19,795 - FGO - INFO - Epoch  40 | Train Loss: 0.080 | Val Loss: 0.16 | Val F1: 0.92 |
2023-09-02 20:58:19,820 - FGO - INFO - Epoch  50 | Train Loss: 0.067 | Val Loss: 0.20 | Val F1: 0.87 |
2023-09-02 20:58:19,844 - FGO - INFO - Epoch  60 | Train Loss: 0.061 | Val Loss: 0.22 | Val F1: 0.89 |
2023-09-02 20:58:19,869 - FGO - INFO - Epoch  70 | Train Loss: 0.061 | Val Loss: 0.16 | Val F1: 0.92 |
2023-09-02 20:58:19,893 - FGO - INFO - Epoch  80 | Train Loss: 0.054 | Val Loss: 0.18 | Val F1: 0.90 |
2023-09-02 20:58:19,918 - FGO - INFO - Epoch  90 | Train Loss: 0.051 | Val Loss: 0.22 | Val F1: 0.90 |
2023-09-02 20:58:19,943 - FGO - INFO - Epoch 100 | Train Loss: 0.055 | Val Loss: 0.30 | Val F1: 0.89 |
2023-09-02 20:58:19,943 - FGO - INFO - Best Epoch:  34 | Train Loss: 0.088 | Val Loss: 0.17 | Val F1: 0.95 
2023-09-02 20:58:19,943 - FGO - INFO - Setting model to best state.
2023-09-02 20:58:19,944 - FGO - INFO - ===== Train Fair OT GCN Model ============================================================
2023-09-02 20:58:20,013 - FGO - INFO - Epoch   0 | Train Loss: -7.304 | Val Loss: -0.56 | Val F1: 0.90 |
2023-09-02 20:58:20,863 - FGO - INFO - Epoch  10 | Train Loss: -7.988 | Val Loss: -0.48 | Val F1: 0.87 |
2023-09-02 20:58:21,676 - FGO - INFO - Epoch  20 | Train Loss: -8.107 | Val Loss: -0.57 | Val F1: 0.88 |
2023-09-02 20:58:22,432 - FGO - INFO - Epoch  30 | Train Loss: -8.240 | Val Loss: -0.54 | Val F1: 0.88 |
2023-09-02 20:58:23,265 - FGO - INFO - Epoch  40 | Train Loss: -8.330 | Val Loss: -0.50 | Val F1: 0.89 |
2023-09-02 20:58:23,956 - FGO - INFO - Best Epoch:  42 | Train Loss: -8.345 | Val Loss: -0.52 | Val F1: 0.91 |
2023-09-02 20:58:23,956 - FGO - INFO - Setting model to best state.
2023-09-02 20:58:23,959 - FGO - INFO - ===== Test Fair OT GCN Model =============================================================
2023-09-02 20:58:23,985 - FGO - INFO - Train CM:
[[373  17]
 [  7 330]]
2023-09-02 20:58:23,986 - FGO - INFO - Val CM:
[[41  3]
 [ 4 29]]
2023-09-02 20:58:23,986 - FGO - INFO - Test CM:
[[41  3]
 [ 4 29]]
2023-09-02 20:58:23,991 - FGO - INFO - test statistical parity: 0.29487179487179493
2023-09-02 20:58:23,992 - FGO - INFO - test equal opportunity: 0.4032258064516129
2023-09-02 20:58:23,993 - FGO - INFO - test micro f1: 0.9090909090909091
2023-09-02 20:58:23,993 - FGO - INFO - test macro f1: 0.9068280034572169
