2023-09-02 20:43:20,706 - FGO - INFO - ===== SETUP LOGGING ======================================================================
2023-09-02 20:43:20,706 - FGO - INFO - THIS_FILE: Wrapper.py
2023-09-02 20:43:20,706 - FGO - INFO - 	done: False
2023-09-02 20:43:20,706 - FGO - INFO - 	learning_rate: 0.001
2023-09-02 20:43:20,706 - FGO - INFO - 	h1: 64
2023-09-02 20:43:20,706 - FGO - INFO - 	h2: 32
2023-09-02 20:43:20,706 - FGO - INFO - 	weight_decay: 0.0005
2023-09-02 20:43:20,706 - FGO - INFO - 	dropout: 0.0
2023-09-02 20:43:20,706 - FGO - INFO - 	max_pretrain_epochs: 100
2023-09-02 20:43:20,706 - FGO - INFO - 	max_ot_epochs: 50
2023-09-02 20:43:20,706 - FGO - INFO - 	lambda: 0.01
2023-09-02 20:43:20,706 - FGO - INFO - 	theta: 50
2023-09-02 20:43:20,706 - FGO - INFO - 	clip: 5
2023-09-02 20:43:20,706 - FGO - INFO - ===== SETUP LOGGING COMPLETE =============================================================
2023-09-02 20:43:20,706 - FGO - INFO - ===== Configuring Masks ==================================================================
2023-09-02 20:43:20,706 - FGO - INFO - Source Total: 727
2023-09-02 20:43:20,706 - FGO - INFO - Target Total: 77
2023-09-02 20:43:20,706 - FGO - INFO - Train Total: 727
2023-09-02 20:43:20,706 - FGO - INFO - Val Total:   77
2023-09-02 20:43:20,706 - FGO - INFO - Test Total:  77
2023-09-02 20:43:20,706 - FGO - INFO - ===== Preparing to load data =============================================================
2023-09-02 20:43:20,706 - FGO - INFO - SOURCE: abide_large
2023-09-02 20:43:20,706 - FGO - INFO - ===== Retrieving SOURCE Data =============================================================
2023-09-02 20:43:20,706 - FGO - INFO - *************** In load_graph_data ***************
2023-09-02 20:43:20,706 - FGO - INFO - 	FILEPATH: ./data/abide_large.mat
2023-09-02 20:43:20,707 - FGO - INFO - 	X shape: (804, 93)
2023-09-02 20:43:20,707 - FGO - INFO - 	A shape: (804, 804)
2023-09-02 20:43:20,707 - FGO - INFO - 	P shape: (804,)
2023-09-02 20:43:20,707 - FGO - INFO - 	Y shape: (804, 2)
2023-09-02 20:43:20,707 - FGO - INFO - 	Y sum: 804 (number of postive labels)
2023-09-02 20:43:20,708 - FGO - INFO - ===== Preparing data =====================================================================
2023-09-02 20:43:20,709 - FGO - INFO - ===== Disconnecting Source and Target ====================================================
2023-09-02 20:43:20,805 - FGO - INFO - ===== Finalize Data ======================================================================
2023-09-02 20:43:20,805 - FGO - INFO - A shape: (804, 804)
2023-09-02 20:43:20,805 - FGO - INFO - X shape: (804, 93)
2023-09-02 20:43:20,805 - FGO - INFO - Y shape: (804, 2)
2023-09-02 20:43:20,805 - FGO - INFO - N: 804
2023-09-02 20:43:20,805 - FGO - INFO - N_s: 727
2023-09-02 20:43:20,805 - FGO - INFO - N_t: 77
2023-09-02 20:43:20,808 - FGO - INFO - ===== Pretrain GCN Model =================================================================
2023-09-02 20:43:20,811 - FGO - INFO - Epoch   0 | Train Loss: 0.689 | Val Loss: 0.68 | Val F1: 0.36 |
2023-09-02 20:43:20,836 - FGO - INFO - Epoch  10 | Train Loss: 0.673 | Val Loss: 0.68 | Val F1: 0.51 |
2023-09-02 20:43:20,861 - FGO - INFO - Epoch  20 | Train Loss: 0.647 | Val Loss: 0.66 | Val F1: 0.55 |
2023-09-02 20:43:20,885 - FGO - INFO - Epoch  30 | Train Loss: 0.593 | Val Loss: 0.63 | Val F1: 0.61 |
2023-09-02 20:43:20,910 - FGO - INFO - Epoch  40 | Train Loss: 0.505 | Val Loss: 0.55 | Val F1: 0.73 |
2023-09-02 20:43:20,935 - FGO - INFO - Epoch  50 | Train Loss: 0.396 | Val Loss: 0.47 | Val F1: 0.73 |
2023-09-02 20:43:20,959 - FGO - INFO - Epoch  60 | Train Loss: 0.294 | Val Loss: 0.40 | Val F1: 0.81 |
2023-09-02 20:43:20,984 - FGO - INFO - Epoch  70 | Train Loss: 0.219 | Val Loss: 0.34 | Val F1: 0.80 |
2023-09-02 20:43:21,008 - FGO - INFO - Epoch  80 | Train Loss: 0.172 | Val Loss: 0.29 | Val F1: 0.84 |
2023-09-02 20:43:21,033 - FGO - INFO - Epoch  90 | Train Loss: 0.142 | Val Loss: 0.26 | Val F1: 0.87 |
2023-09-02 20:43:21,057 - FGO - INFO - Epoch 100 | Train Loss: 0.122 | Val Loss: 0.25 | Val F1: 0.87 |
2023-09-02 20:43:21,057 - FGO - INFO - Best Epoch:  88 | Train Loss: 0.147 | Val Loss: 0.27 | Val F1: 0.87 
2023-09-02 20:43:21,057 - FGO - INFO - Setting model to best state.
2023-09-02 20:43:21,059 - FGO - INFO - ===== Train Fair OT GCN Model ============================================================
2023-09-02 20:43:21,160 - FGO - INFO - Epoch   0 | Train Loss: -3.240 | Val Loss: -0.11 | Val F1: 0.87 |
2023-09-02 20:43:22,024 - FGO - INFO - Epoch  10 | Train Loss: -3.612 | Val Loss: -0.15 | Val F1: 0.89 |
2023-09-02 20:43:22,859 - FGO - INFO - Epoch  20 | Train Loss: -3.912 | Val Loss: -0.16 | Val F1: 0.89 |
2023-09-02 20:43:23,669 - FGO - INFO - Epoch  30 | Train Loss: -4.083 | Val Loss: -0.15 | Val F1: 0.89 |
2023-09-02 20:43:24,507 - FGO - INFO - Epoch  40 | Train Loss: -4.159 | Val Loss: -0.14 | Val F1: 0.88 |
2023-09-02 20:43:25,187 - FGO - INFO - Best Epoch:  14 | Train Loss: -3.738 | Val Loss: -0.13 | Val F1: 0.91 |
2023-09-02 20:43:25,187 - FGO - INFO - Setting model to best state.
2023-09-02 20:43:25,194 - FGO - INFO - ===== Test Fair OT GCN Model =============================================================
2023-09-02 20:43:25,226 - FGO - INFO - Train CM:
[[371  19]
 [ 26 311]]
2023-09-02 20:43:25,226 - FGO - INFO - Val CM:
[[40  4]
 [ 5 28]]
2023-09-02 20:43:25,226 - FGO - INFO - Test CM:
[[40  4]
 [ 5 28]]
2023-09-02 20:43:25,231 - FGO - INFO - test statistical parity: 0.29487179487179493
2023-09-02 20:43:25,232 - FGO - INFO - test equal opportunity: 0.3709677419354839
2023-09-02 20:43:25,233 - FGO - INFO - test micro f1: 0.8831168831168831
2023-09-02 20:43:25,234 - FGO - INFO - test macro f1: 0.8802074330164217
