2023-09-02 20:52:55,906 - FGO - INFO - ===== SETUP LOGGING ======================================================================
2023-09-02 20:52:55,906 - FGO - INFO - THIS_FILE: Wrapper.py
2023-09-02 20:52:55,906 - FGO - INFO - 	done: False
2023-09-02 20:52:55,906 - FGO - INFO - 	learning_rate: 0.005
2023-09-02 20:52:55,906 - FGO - INFO - 	h1: 64
2023-09-02 20:52:55,906 - FGO - INFO - 	h2: 32
2023-09-02 20:52:55,906 - FGO - INFO - 	weight_decay: 0.0005
2023-09-02 20:52:55,906 - FGO - INFO - 	dropout: 0.0
2023-09-02 20:52:55,906 - FGO - INFO - 	max_pretrain_epochs: 100
2023-09-02 20:52:55,906 - FGO - INFO - 	max_ot_epochs: 50
2023-09-02 20:52:55,906 - FGO - INFO - 	lambda: 0.05
2023-09-02 20:52:55,906 - FGO - INFO - 	theta: 10
2023-09-02 20:52:55,906 - FGO - INFO - 	clip: 5
2023-09-02 20:52:55,906 - FGO - INFO - ===== SETUP LOGGING COMPLETE =============================================================
2023-09-02 20:52:55,906 - FGO - INFO - ===== Configuring Masks ==================================================================
2023-09-02 20:52:55,906 - FGO - INFO - Source Total: 708
2023-09-02 20:52:55,906 - FGO - INFO - Target Total: 96
2023-09-02 20:52:55,906 - FGO - INFO - Train Total: 708
2023-09-02 20:52:55,906 - FGO - INFO - Val Total:   96
2023-09-02 20:52:55,906 - FGO - INFO - Test Total:  96
2023-09-02 20:52:55,906 - FGO - INFO - ===== Preparing to load data =============================================================
2023-09-02 20:52:55,906 - FGO - INFO - SOURCE: abide_large
2023-09-02 20:52:55,906 - FGO - INFO - ===== Retrieving SOURCE Data =============================================================
2023-09-02 20:52:55,906 - FGO - INFO - *************** In load_graph_data ***************
2023-09-02 20:52:55,906 - FGO - INFO - 	FILEPATH: ./data/abide_large.mat
2023-09-02 20:52:55,907 - FGO - INFO - 	X shape: (804, 93)
2023-09-02 20:52:55,907 - FGO - INFO - 	A shape: (804, 804)
2023-09-02 20:52:55,907 - FGO - INFO - 	P shape: (804,)
2023-09-02 20:52:55,907 - FGO - INFO - 	Y shape: (804, 2)
2023-09-02 20:52:55,907 - FGO - INFO - 	Y sum: 804 (number of postive labels)
2023-09-02 20:52:55,908 - FGO - INFO - ===== Preparing data =====================================================================
2023-09-02 20:52:55,909 - FGO - INFO - ===== Disconnecting Source and Target ====================================================
2023-09-02 20:52:56,024 - FGO - INFO - ===== Finalize Data ======================================================================
2023-09-02 20:52:56,024 - FGO - INFO - A shape: (804, 804)
2023-09-02 20:52:56,024 - FGO - INFO - X shape: (804, 93)
2023-09-02 20:52:56,024 - FGO - INFO - Y shape: (804, 2)
2023-09-02 20:52:56,024 - FGO - INFO - N: 804
2023-09-02 20:52:56,024 - FGO - INFO - N_s: 708
2023-09-02 20:52:56,024 - FGO - INFO - N_t: 96
2023-09-02 20:52:56,028 - FGO - INFO - ===== Pretrain GCN Model =================================================================
2023-09-02 20:52:56,031 - FGO - INFO - Epoch   0 | Train Loss: 0.688 | Val Loss: 0.69 | Val F1: 0.35 |
2023-09-02 20:52:56,056 - FGO - INFO - Epoch  10 | Train Loss: 0.572 | Val Loss: 0.59 | Val F1: 0.62 |
2023-09-02 20:52:56,080 - FGO - INFO - Epoch  20 | Train Loss: 0.245 | Val Loss: 0.25 | Val F1: 0.93 |
2023-09-02 20:52:56,104 - FGO - INFO - Epoch  30 | Train Loss: 0.127 | Val Loss: 0.16 | Val F1: 0.95 |
2023-09-02 20:52:56,128 - FGO - INFO - Epoch  40 | Train Loss: 0.092 | Val Loss: 0.12 | Val F1: 0.95 |
2023-09-02 20:52:56,152 - FGO - INFO - Epoch  50 | Train Loss: 0.083 | Val Loss: 0.18 | Val F1: 0.96 |
2023-09-02 20:52:56,176 - FGO - INFO - Epoch  60 | Train Loss: 0.072 | Val Loss: 0.17 | Val F1: 0.96 |
2023-09-02 20:52:56,200 - FGO - INFO - Epoch  70 | Train Loss: 0.067 | Val Loss: 0.17 | Val F1: 0.96 |
2023-09-02 20:52:56,224 - FGO - INFO - Epoch  80 | Train Loss: 0.068 | Val Loss: 0.12 | Val F1: 0.97 |
2023-09-02 20:52:56,248 - FGO - INFO - Epoch  90 | Train Loss: 0.060 | Val Loss: 0.13 | Val F1: 0.97 |
2023-09-02 20:52:56,272 - FGO - INFO - Epoch 100 | Train Loss: 0.058 | Val Loss: 0.16 | Val F1: 0.95 |
2023-09-02 20:52:56,272 - FGO - INFO - Best Epoch:  39 | Train Loss: 0.095 | Val Loss: 0.10 | Val F1: 0.98 
2023-09-02 20:52:56,272 - FGO - INFO - Setting model to best state.
2023-09-02 20:52:56,274 - FGO - INFO - ===== Train Fair OT GCN Model ============================================================
2023-09-02 20:52:56,368 - FGO - INFO - Epoch   0 | Train Loss: -4.251 | Val Loss: -0.48 | Val F1: 0.97 |
2023-09-02 20:52:57,182 - FGO - INFO - Epoch  10 | Train Loss: -4.312 | Val Loss: -0.49 | Val F1: 0.96 |
2023-09-02 20:52:57,933 - FGO - INFO - Epoch  20 | Train Loss: -4.414 | Val Loss: -0.47 | Val F1: 0.96 |
2023-09-02 20:52:58,693 - FGO - INFO - Epoch  30 | Train Loss: -4.477 | Val Loss: -0.52 | Val F1: 0.97 |
2023-09-02 20:52:59,486 - FGO - INFO - Epoch  40 | Train Loss: -4.511 | Val Loss: -0.52 | Val F1: 0.97 |
2023-09-02 20:53:00,138 - FGO - INFO - Best Epoch:  15 | Train Loss: -4.404 | Val Loss: -0.49 | Val F1: 0.97 |
2023-09-02 20:53:00,138 - FGO - INFO - Setting model to best state.
2023-09-02 20:53:00,142 - FGO - INFO - ===== Test Fair OT GCN Model =============================================================
2023-09-02 20:53:00,165 - FGO - INFO - Train CM:
[[373   9]
 [  9 317]]
2023-09-02 20:53:00,166 - FGO - INFO - Val CM:
[[52  0]
 [ 3 41]]
2023-09-02 20:53:00,166 - FGO - INFO - Test CM:
[[52  0]
 [ 3 41]]
2023-09-02 20:53:00,172 - FGO - INFO - test statistical parity: 0.3390374331550802
2023-09-02 20:53:00,173 - FGO - INFO - test equal opportunity: 0.08333333333333337
2023-09-02 20:53:00,174 - FGO - INFO - test micro f1: 0.96875
2023-09-02 20:53:00,174 - FGO - INFO - test macro f1: 0.9683342495876855
