2023-09-02 20:42:06,579 - FGO - INFO - ===== SETUP LOGGING ======================================================================
2023-09-02 20:42:06,579 - FGO - INFO - THIS_FILE: Wrapper.py
2023-09-02 20:42:06,579 - FGO - INFO - 	done: False
2023-09-02 20:42:06,579 - FGO - INFO - 	learning_rate: 0.001
2023-09-02 20:42:06,579 - FGO - INFO - 	h1: 64
2023-09-02 20:42:06,579 - FGO - INFO - 	h2: 32
2023-09-02 20:42:06,579 - FGO - INFO - 	weight_decay: 0.0005
2023-09-02 20:42:06,579 - FGO - INFO - 	dropout: 0.0
2023-09-02 20:42:06,579 - FGO - INFO - 	max_pretrain_epochs: 100
2023-09-02 20:42:06,579 - FGO - INFO - 	max_ot_epochs: 50
2023-09-02 20:42:06,579 - FGO - INFO - 	lambda: 0.01
2023-09-02 20:42:06,579 - FGO - INFO - 	theta: 10
2023-09-02 20:42:06,579 - FGO - INFO - 	clip: 5
2023-09-02 20:42:06,579 - FGO - INFO - ===== SETUP LOGGING COMPLETE =============================================================
2023-09-02 20:42:06,579 - FGO - INFO - ===== Configuring Masks ==================================================================
2023-09-02 20:42:06,579 - FGO - INFO - Source Total: 726
2023-09-02 20:42:06,579 - FGO - INFO - Target Total: 78
2023-09-02 20:42:06,579 - FGO - INFO - Train Total: 726
2023-09-02 20:42:06,579 - FGO - INFO - Val Total:   78
2023-09-02 20:42:06,579 - FGO - INFO - Test Total:  78
2023-09-02 20:42:06,579 - FGO - INFO - ===== Preparing to load data =============================================================
2023-09-02 20:42:06,579 - FGO - INFO - SOURCE: abide_large
2023-09-02 20:42:06,579 - FGO - INFO - ===== Retrieving SOURCE Data =============================================================
2023-09-02 20:42:06,579 - FGO - INFO - *************** In load_graph_data ***************
2023-09-02 20:42:06,579 - FGO - INFO - 	FILEPATH: ./data/abide_large.mat
2023-09-02 20:42:06,580 - FGO - INFO - 	X shape: (804, 93)
2023-09-02 20:42:06,580 - FGO - INFO - 	A shape: (804, 804)
2023-09-02 20:42:06,580 - FGO - INFO - 	P shape: (804,)
2023-09-02 20:42:06,580 - FGO - INFO - 	Y shape: (804, 2)
2023-09-02 20:42:06,580 - FGO - INFO - 	Y sum: 804 (number of postive labels)
2023-09-02 20:42:06,581 - FGO - INFO - ===== Preparing data =====================================================================
2023-09-02 20:42:06,582 - FGO - INFO - ===== Disconnecting Source and Target ====================================================
2023-09-02 20:42:06,679 - FGO - INFO - ===== Finalize Data ======================================================================
2023-09-02 20:42:06,679 - FGO - INFO - A shape: (804, 804)
2023-09-02 20:42:06,679 - FGO - INFO - X shape: (804, 93)
2023-09-02 20:42:06,679 - FGO - INFO - Y shape: (804, 2)
2023-09-02 20:42:06,679 - FGO - INFO - N: 804
2023-09-02 20:42:06,679 - FGO - INFO - N_s: 726
2023-09-02 20:42:06,679 - FGO - INFO - N_t: 78
2023-09-02 20:42:06,683 - FGO - INFO - ===== Pretrain GCN Model =================================================================
2023-09-02 20:42:06,686 - FGO - INFO - Epoch   0 | Train Loss: 0.684 | Val Loss: 0.73 | Val F1: 0.32 |
2023-09-02 20:42:06,710 - FGO - INFO - Epoch  10 | Train Loss: 0.669 | Val Loss: 0.72 | Val F1: 0.34 |
2023-09-02 20:42:06,735 - FGO - INFO - Epoch  20 | Train Loss: 0.644 | Val Loss: 0.69 | Val F1: 0.42 |
2023-09-02 20:42:06,759 - FGO - INFO - Epoch  30 | Train Loss: 0.591 | Val Loss: 0.63 | Val F1: 0.61 |
2023-09-02 20:42:06,784 - FGO - INFO - Epoch  40 | Train Loss: 0.505 | Val Loss: 0.53 | Val F1: 0.83 |
2023-09-02 20:42:06,808 - FGO - INFO - Epoch  50 | Train Loss: 0.397 | Val Loss: 0.41 | Val F1: 0.85 |
2023-09-02 20:42:06,833 - FGO - INFO - Epoch  60 | Train Loss: 0.294 | Val Loss: 0.33 | Val F1: 0.87 |
2023-09-02 20:42:06,857 - FGO - INFO - Epoch  70 | Train Loss: 0.220 | Val Loss: 0.27 | Val F1: 0.88 |
2023-09-02 20:42:06,882 - FGO - INFO - Epoch  80 | Train Loss: 0.175 | Val Loss: 0.25 | Val F1: 0.88 |
2023-09-02 20:42:06,906 - FGO - INFO - Epoch  90 | Train Loss: 0.148 | Val Loss: 0.24 | Val F1: 0.90 |
2023-09-02 20:42:06,930 - FGO - INFO - Epoch 100 | Train Loss: 0.130 | Val Loss: 0.21 | Val F1: 0.91 |
2023-09-02 20:42:06,930 - FGO - INFO - Best Epoch:  72 | Train Loss: 0.209 | Val Loss: 0.26 | Val F1: 0.91 
2023-09-02 20:42:06,930 - FGO - INFO - Setting model to best state.
2023-09-02 20:42:06,932 - FGO - INFO - ===== Train Fair OT GCN Model ============================================================
2023-09-02 20:42:07,003 - FGO - INFO - Epoch   0 | Train Loss: -0.527 | Val Loss: 0.14 | Val F1: 0.91 |
2023-09-02 20:42:07,824 - FGO - INFO - Epoch  10 | Train Loss: -0.602 | Val Loss: 0.17 | Val F1: 0.88 |
2023-09-02 20:42:08,694 - FGO - INFO - Epoch  20 | Train Loss: -0.644 | Val Loss: 0.18 | Val F1: 0.90 |
2023-09-02 20:42:09,607 - FGO - INFO - Epoch  30 | Train Loss: -0.677 | Val Loss: 0.19 | Val F1: 0.90 |
2023-09-02 20:42:10,435 - FGO - INFO - Epoch  40 | Train Loss: -0.699 | Val Loss: 0.18 | Val F1: 0.90 |
2023-09-02 20:42:11,225 - FGO - INFO - Best Epoch:  21 | Train Loss: -0.647 | Val Loss: 0.18 | Val F1: 0.91 |
2023-09-02 20:42:11,225 - FGO - INFO - Setting model to best state.
2023-09-02 20:42:11,229 - FGO - INFO - ===== Test Fair OT GCN Model =============================================================
2023-09-02 20:42:11,256 - FGO - INFO - Train CM:
[[393   7]
 [ 17 309]]
2023-09-02 20:42:11,257 - FGO - INFO - Val CM:
[[34  0]
 [ 7 37]]
2023-09-02 20:42:11,257 - FGO - INFO - Test CM:
[[34  0]
 [ 7 37]]
2023-09-02 20:42:11,262 - FGO - INFO - test statistical parity: 0.09178743961352659
2023-09-02 20:42:11,263 - FGO - INFO - test equal opportunity: 0.17948717948717952
2023-09-02 20:42:11,264 - FGO - INFO - test micro f1: 0.9102564102564102
2023-09-02 20:42:11,264 - FGO - INFO - test macro f1: 0.9101234567901235
