2023-09-02 20:54:18,546 - FGO - INFO - ===== SETUP LOGGING ======================================================================
2023-09-02 20:54:18,546 - FGO - INFO - THIS_FILE: Wrapper.py
2023-09-02 20:54:18,546 - FGO - INFO - 	done: False
2023-09-02 20:54:18,546 - FGO - INFO - 	learning_rate: 0.005
2023-09-02 20:54:18,546 - FGO - INFO - 	h1: 64
2023-09-02 20:54:18,546 - FGO - INFO - 	h2: 32
2023-09-02 20:54:18,546 - FGO - INFO - 	weight_decay: 0.0005
2023-09-02 20:54:18,546 - FGO - INFO - 	dropout: 0.0
2023-09-02 20:54:18,546 - FGO - INFO - 	max_pretrain_epochs: 100
2023-09-02 20:54:18,546 - FGO - INFO - 	max_ot_epochs: 50
2023-09-02 20:54:18,546 - FGO - INFO - 	lambda: 0.05
2023-09-02 20:54:18,546 - FGO - INFO - 	theta: 30
2023-09-02 20:54:18,546 - FGO - INFO - 	clip: 5
2023-09-02 20:54:18,546 - FGO - INFO - ===== SETUP LOGGING COMPLETE =============================================================
2023-09-02 20:54:18,546 - FGO - INFO - ===== Configuring Masks ==================================================================
2023-09-02 20:54:18,546 - FGO - INFO - Source Total: 725
2023-09-02 20:54:18,546 - FGO - INFO - Target Total: 79
2023-09-02 20:54:18,546 - FGO - INFO - Train Total: 725
2023-09-02 20:54:18,546 - FGO - INFO - Val Total:   79
2023-09-02 20:54:18,546 - FGO - INFO - Test Total:  79
2023-09-02 20:54:18,546 - FGO - INFO - ===== Preparing to load data =============================================================
2023-09-02 20:54:18,546 - FGO - INFO - SOURCE: abide_large
2023-09-02 20:54:18,546 - FGO - INFO - ===== Retrieving SOURCE Data =============================================================
2023-09-02 20:54:18,546 - FGO - INFO - *************** In load_graph_data ***************
2023-09-02 20:54:18,546 - FGO - INFO - 	FILEPATH: ./data/abide_large.mat
2023-09-02 20:54:18,547 - FGO - INFO - 	X shape: (804, 93)
2023-09-02 20:54:18,547 - FGO - INFO - 	A shape: (804, 804)
2023-09-02 20:54:18,547 - FGO - INFO - 	P shape: (804,)
2023-09-02 20:54:18,547 - FGO - INFO - 	Y shape: (804, 2)
2023-09-02 20:54:18,547 - FGO - INFO - 	Y sum: 804 (number of postive labels)
2023-09-02 20:54:18,548 - FGO - INFO - ===== Preparing data =====================================================================
2023-09-02 20:54:18,549 - FGO - INFO - ===== Disconnecting Source and Target ====================================================
2023-09-02 20:54:18,648 - FGO - INFO - ===== Finalize Data ======================================================================
2023-09-02 20:54:18,648 - FGO - INFO - A shape: (804, 804)
2023-09-02 20:54:18,648 - FGO - INFO - X shape: (804, 93)
2023-09-02 20:54:18,648 - FGO - INFO - Y shape: (804, 2)
2023-09-02 20:54:18,648 - FGO - INFO - N: 804
2023-09-02 20:54:18,648 - FGO - INFO - N_s: 725
2023-09-02 20:54:18,648 - FGO - INFO - N_t: 79
2023-09-02 20:54:18,652 - FGO - INFO - ===== Pretrain GCN Model =================================================================
2023-09-02 20:54:18,655 - FGO - INFO - Epoch   0 | Train Loss: 0.690 | Val Loss: 0.67 | Val F1: 0.38 |
2023-09-02 20:54:18,680 - FGO - INFO - Epoch  10 | Train Loss: 0.579 | Val Loss: 0.59 | Val F1: 0.74 |
2023-09-02 20:54:18,704 - FGO - INFO - Epoch  20 | Train Loss: 0.262 | Val Loss: 0.30 | Val F1: 0.91 |
2023-09-02 20:54:18,729 - FGO - INFO - Epoch  30 | Train Loss: 0.128 | Val Loss: 0.18 | Val F1: 0.97 |
2023-09-02 20:54:18,753 - FGO - INFO - Epoch  40 | Train Loss: 0.098 | Val Loss: 0.20 | Val F1: 0.97 |
2023-09-02 20:54:18,777 - FGO - INFO - Epoch  50 | Train Loss: 0.085 | Val Loss: 0.20 | Val F1: 0.97 |
2023-09-02 20:54:18,802 - FGO - INFO - Epoch  60 | Train Loss: 0.076 | Val Loss: 0.19 | Val F1: 0.97 |
2023-09-02 20:54:18,826 - FGO - INFO - Epoch  70 | Train Loss: 0.071 | Val Loss: 0.17 | Val F1: 0.97 |
2023-09-02 20:54:18,851 - FGO - INFO - Epoch  80 | Train Loss: 0.068 | Val Loss: 0.17 | Val F1: 0.97 |
2023-09-02 20:54:18,875 - FGO - INFO - Epoch  90 | Train Loss: 0.066 | Val Loss: 0.15 | Val F1: 0.97 |
2023-09-02 20:54:18,900 - FGO - INFO - Epoch 100 | Train Loss: 0.065 | Val Loss: 0.15 | Val F1: 0.97 |
2023-09-02 20:54:18,900 - FGO - INFO - Best Epoch:  51 | Train Loss: 0.085 | Val Loss: 0.18 | Val F1: 0.99 
2023-09-02 20:54:18,900 - FGO - INFO - Setting model to best state.
2023-09-02 20:54:18,901 - FGO - INFO - ===== Train Fair OT GCN Model ============================================================
2023-09-02 20:54:18,995 - FGO - INFO - Epoch   0 | Train Loss: -13.141 | Val Loss: -1.30 | Val F1: 0.97 |
2023-09-02 20:54:19,742 - FGO - INFO - Epoch  10 | Train Loss: -13.764 | Val Loss: -1.40 | Val F1: 0.93 |
2023-09-02 20:54:20,557 - FGO - INFO - Epoch  20 | Train Loss: -13.866 | Val Loss: -1.42 | Val F1: 0.94 |
2023-09-02 20:54:21,299 - FGO - INFO - Epoch  30 | Train Loss: -13.981 | Val Loss: -1.47 | Val F1: 0.97 |
2023-09-02 20:54:22,110 - FGO - INFO - Epoch  40 | Train Loss: -14.045 | Val Loss: -1.49 | Val F1: 0.96 |
2023-09-02 20:54:22,802 - FGO - INFO - Best Epoch:  30 | Train Loss: -13.981 | Val Loss: -1.47 | Val F1: 0.97 |
2023-09-02 20:54:22,802 - FGO - INFO - Setting model to best state.
2023-09-02 20:54:22,806 - FGO - INFO - ===== Test Fair OT GCN Model =============================================================
2023-09-02 20:54:22,831 - FGO - INFO - Train CM:
[[383   2]
 [ 28 312]]
2023-09-02 20:54:22,831 - FGO - INFO - Val CM:
[[49  0]
 [ 2 28]]
2023-09-02 20:54:22,831 - FGO - INFO - Test CM:
[[49  0]
 [ 2 28]]
2023-09-02 20:54:22,836 - FGO - INFO - test statistical parity: 0.05217391304347829
2023-09-02 20:54:22,838 - FGO - INFO - test equal opportunity: 0.07692307692307687
2023-09-02 20:54:22,839 - FGO - INFO - test micro f1: 0.9746835443037974
2023-09-02 20:54:22,839 - FGO - INFO - test macro f1: 0.9727586206896552
