2023-09-02 20:45:02,578 - FGO - INFO - ===== SETUP LOGGING ======================================================================
2023-09-02 20:45:02,578 - FGO - INFO - THIS_FILE: Wrapper.py
2023-09-02 20:45:02,578 - FGO - INFO - 	done: False
2023-09-02 20:45:02,578 - FGO - INFO - 	learning_rate: 0.001
2023-09-02 20:45:02,578 - FGO - INFO - 	h1: 64
2023-09-02 20:45:02,578 - FGO - INFO - 	h2: 32
2023-09-02 20:45:02,578 - FGO - INFO - 	weight_decay: 0.0005
2023-09-02 20:45:02,578 - FGO - INFO - 	dropout: 0.0
2023-09-02 20:45:02,578 - FGO - INFO - 	max_pretrain_epochs: 100
2023-09-02 20:45:02,578 - FGO - INFO - 	max_ot_epochs: 50
2023-09-02 20:45:02,578 - FGO - INFO - 	lambda: 0.03
2023-09-02 20:45:02,578 - FGO - INFO - 	theta: 30
2023-09-02 20:45:02,578 - FGO - INFO - 	clip: 5
2023-09-02 20:45:02,578 - FGO - INFO - ===== SETUP LOGGING COMPLETE =============================================================
2023-09-02 20:45:02,578 - FGO - INFO - ===== Configuring Masks ==================================================================
2023-09-02 20:45:02,578 - FGO - INFO - Source Total: 732
2023-09-02 20:45:02,578 - FGO - INFO - Target Total: 72
2023-09-02 20:45:02,578 - FGO - INFO - Train Total: 732
2023-09-02 20:45:02,578 - FGO - INFO - Val Total:   72
2023-09-02 20:45:02,578 - FGO - INFO - Test Total:  72
2023-09-02 20:45:02,578 - FGO - INFO - ===== Preparing to load data =============================================================
2023-09-02 20:45:02,578 - FGO - INFO - SOURCE: abide_large
2023-09-02 20:45:02,578 - FGO - INFO - ===== Retrieving SOURCE Data =============================================================
2023-09-02 20:45:02,578 - FGO - INFO - *************** In load_graph_data ***************
2023-09-02 20:45:02,578 - FGO - INFO - 	FILEPATH: ./data/abide_large.mat
2023-09-02 20:45:02,579 - FGO - INFO - 	X shape: (804, 93)
2023-09-02 20:45:02,579 - FGO - INFO - 	A shape: (804, 804)
2023-09-02 20:45:02,579 - FGO - INFO - 	P shape: (804,)
2023-09-02 20:45:02,579 - FGO - INFO - 	Y shape: (804, 2)
2023-09-02 20:45:02,579 - FGO - INFO - 	Y sum: 804 (number of postive labels)
2023-09-02 20:45:02,580 - FGO - INFO - ===== Preparing data =====================================================================
2023-09-02 20:45:02,581 - FGO - INFO - ===== Disconnecting Source and Target ====================================================
2023-09-02 20:45:02,671 - FGO - INFO - ===== Finalize Data ======================================================================
2023-09-02 20:45:02,671 - FGO - INFO - A shape: (804, 804)
2023-09-02 20:45:02,671 - FGO - INFO - X shape: (804, 93)
2023-09-02 20:45:02,671 - FGO - INFO - Y shape: (804, 2)
2023-09-02 20:45:02,671 - FGO - INFO - N: 804
2023-09-02 20:45:02,671 - FGO - INFO - N_s: 732
2023-09-02 20:45:02,671 - FGO - INFO - N_t: 72
2023-09-02 20:45:02,675 - FGO - INFO - ===== Pretrain GCN Model =================================================================
2023-09-02 20:45:02,678 - FGO - INFO - Epoch   0 | Train Loss: 0.688 | Val Loss: 0.70 | Val F1: 0.33 |
2023-09-02 20:45:02,703 - FGO - INFO - Epoch  10 | Train Loss: 0.674 | Val Loss: 0.68 | Val F1: 0.45 |
2023-09-02 20:45:02,728 - FGO - INFO - Epoch  20 | Train Loss: 0.649 | Val Loss: 0.66 | Val F1: 0.63 |
2023-09-02 20:45:02,752 - FGO - INFO - Epoch  30 | Train Loss: 0.596 | Val Loss: 0.60 | Val F1: 0.75 |
2023-09-02 20:45:02,777 - FGO - INFO - Epoch  40 | Train Loss: 0.508 | Val Loss: 0.50 | Val F1: 0.87 |
2023-09-02 20:45:02,802 - FGO - INFO - Epoch  50 | Train Loss: 0.399 | Val Loss: 0.39 | Val F1: 0.89 |
2023-09-02 20:45:02,826 - FGO - INFO - Epoch  60 | Train Loss: 0.297 | Val Loss: 0.27 | Val F1: 0.90 |
2023-09-02 20:45:02,851 - FGO - INFO - Epoch  70 | Train Loss: 0.224 | Val Loss: 0.20 | Val F1: 0.94 |
2023-09-02 20:45:02,876 - FGO - INFO - Epoch  80 | Train Loss: 0.179 | Val Loss: 0.16 | Val F1: 0.96 |
2023-09-02 20:45:02,900 - FGO - INFO - Epoch  90 | Train Loss: 0.150 | Val Loss: 0.14 | Val F1: 0.97 |
2023-09-02 20:45:02,925 - FGO - INFO - Epoch 100 | Train Loss: 0.130 | Val Loss: 0.13 | Val F1: 0.97 |
2023-09-02 20:45:02,925 - FGO - INFO - Best Epoch:  81 | Train Loss: 0.175 | Val Loss: 0.16 | Val F1: 0.97 
2023-09-02 20:45:02,925 - FGO - INFO - Setting model to best state.
2023-09-02 20:45:02,926 - FGO - INFO - ===== Train Fair OT GCN Model ============================================================
2023-09-02 20:45:02,992 - FGO - INFO - Epoch   0 | Train Loss: -7.594 | Val Loss: -0.67 | Val F1: 0.97 |
2023-09-02 20:45:03,800 - FGO - INFO - Epoch  10 | Train Loss: -7.838 | Val Loss: -0.67 | Val F1: 0.94 |
2023-09-02 20:45:04,583 - FGO - INFO - Epoch  20 | Train Loss: -8.001 | Val Loss: -0.68 | Val F1: 0.94 |
2023-09-02 20:45:05,355 - FGO - INFO - Epoch  30 | Train Loss: -8.079 | Val Loss: -0.67 | Val F1: 0.92 |
2023-09-02 20:45:06,110 - FGO - INFO - Epoch  40 | Train Loss: -8.117 | Val Loss: -0.67 | Val F1: 0.93 |
2023-09-02 20:45:06,812 - FGO - INFO - Best Epoch:   6 | Train Loss: -7.746 | Val Loss: -0.68 | Val F1: 0.97 |
2023-09-02 20:45:06,812 - FGO - INFO - Setting model to best state.
2023-09-02 20:45:06,816 - FGO - INFO - ===== Test Fair OT GCN Model =============================================================
2023-09-02 20:45:06,849 - FGO - INFO - Train CM:
[[396   1]
 [ 48 287]]
2023-09-02 20:45:06,849 - FGO - INFO - Val CM:
[[37  0]
 [ 5 30]]
2023-09-02 20:45:06,849 - FGO - INFO - Test CM:
[[37  0]
 [ 5 30]]
2023-09-02 20:45:06,854 - FGO - INFO - test statistical parity: 0.019354838709677413
2023-09-02 20:45:06,855 - FGO - INFO - test equal opportunity: 0.06666666666666665
2023-09-02 20:45:06,856 - FGO - INFO - test micro f1: 0.9305555555555556
2023-09-02 20:45:06,857 - FGO - INFO - test macro f1: 0.9298928919182083
