2023-09-02 20:59:41,803 - FGO - INFO - ===== SETUP LOGGING ======================================================================
2023-09-02 20:59:41,803 - FGO - INFO - THIS_FILE: Wrapper.py
2023-09-02 20:59:41,803 - FGO - INFO - 	done: False
2023-09-02 20:59:41,803 - FGO - INFO - 	learning_rate: 0.01
2023-09-02 20:59:41,803 - FGO - INFO - 	h1: 64
2023-09-02 20:59:41,803 - FGO - INFO - 	h2: 32
2023-09-02 20:59:41,803 - FGO - INFO - 	weight_decay: 0.0005
2023-09-02 20:59:41,803 - FGO - INFO - 	dropout: 0.0
2023-09-02 20:59:41,803 - FGO - INFO - 	max_pretrain_epochs: 100
2023-09-02 20:59:41,803 - FGO - INFO - 	max_ot_epochs: 50
2023-09-02 20:59:41,803 - FGO - INFO - 	lambda: 0.05
2023-09-02 20:59:41,803 - FGO - INFO - 	theta: 10
2023-09-02 20:59:41,803 - FGO - INFO - 	clip: 5
2023-09-02 20:59:41,803 - FGO - INFO - ===== SETUP LOGGING COMPLETE =============================================================
2023-09-02 20:59:41,803 - FGO - INFO - ===== Configuring Masks ==================================================================
2023-09-02 20:59:41,803 - FGO - INFO - Source Total: 708
2023-09-02 20:59:41,803 - FGO - INFO - Target Total: 96
2023-09-02 20:59:41,803 - FGO - INFO - Train Total: 708
2023-09-02 20:59:41,803 - FGO - INFO - Val Total:   96
2023-09-02 20:59:41,803 - FGO - INFO - Test Total:  96
2023-09-02 20:59:41,803 - FGO - INFO - ===== Preparing to load data =============================================================
2023-09-02 20:59:41,803 - FGO - INFO - SOURCE: abide_large
2023-09-02 20:59:41,803 - FGO - INFO - ===== Retrieving SOURCE Data =============================================================
2023-09-02 20:59:41,803 - FGO - INFO - *************** In load_graph_data ***************
2023-09-02 20:59:41,803 - FGO - INFO - 	FILEPATH: ./data/abide_large.mat
2023-09-02 20:59:41,804 - FGO - INFO - 	X shape: (804, 93)
2023-09-02 20:59:41,804 - FGO - INFO - 	A shape: (804, 804)
2023-09-02 20:59:41,804 - FGO - INFO - 	P shape: (804,)
2023-09-02 20:59:41,804 - FGO - INFO - 	Y shape: (804, 2)
2023-09-02 20:59:41,804 - FGO - INFO - 	Y sum: 804 (number of postive labels)
2023-09-02 20:59:41,805 - FGO - INFO - ===== Preparing data =====================================================================
2023-09-02 20:59:41,806 - FGO - INFO - ===== Disconnecting Source and Target ====================================================
2023-09-02 20:59:41,923 - FGO - INFO - ===== Finalize Data ======================================================================
2023-09-02 20:59:41,923 - FGO - INFO - A shape: (804, 804)
2023-09-02 20:59:41,923 - FGO - INFO - X shape: (804, 93)
2023-09-02 20:59:41,923 - FGO - INFO - Y shape: (804, 2)
2023-09-02 20:59:41,923 - FGO - INFO - N: 804
2023-09-02 20:59:41,923 - FGO - INFO - N_s: 708
2023-09-02 20:59:41,923 - FGO - INFO - N_t: 96
2023-09-02 20:59:41,926 - FGO - INFO - ===== Pretrain GCN Model =================================================================
2023-09-02 20:59:41,930 - FGO - INFO - Epoch   0 | Train Loss: 0.688 | Val Loss: 0.69 | Val F1: 0.35 |
2023-09-02 20:59:41,954 - FGO - INFO - Epoch  10 | Train Loss: 0.421 | Val Loss: 0.44 | Val F1: 0.88 |
2023-09-02 20:59:41,979 - FGO - INFO - Epoch  20 | Train Loss: 0.142 | Val Loss: 0.20 | Val F1: 0.94 |
2023-09-02 20:59:42,003 - FGO - INFO - Epoch  30 | Train Loss: 0.103 | Val Loss: 0.16 | Val F1: 0.94 |
2023-09-02 20:59:42,027 - FGO - INFO - Epoch  40 | Train Loss: 0.085 | Val Loss: 0.18 | Val F1: 0.96 |
2023-09-02 20:59:42,051 - FGO - INFO - Epoch  50 | Train Loss: 0.073 | Val Loss: 0.18 | Val F1: 0.96 |
2023-09-02 20:59:42,076 - FGO - INFO - Epoch  60 | Train Loss: 0.066 | Val Loss: 0.15 | Val F1: 0.97 |
2023-09-02 20:59:42,100 - FGO - INFO - Epoch  70 | Train Loss: 0.061 | Val Loss: 0.13 | Val F1: 0.97 |
2023-09-02 20:59:42,124 - FGO - INFO - Epoch  80 | Train Loss: 0.058 | Val Loss: 0.15 | Val F1: 0.96 |
2023-09-02 20:59:42,148 - FGO - INFO - Epoch  90 | Train Loss: 0.058 | Val Loss: 0.12 | Val F1: 0.97 |
2023-09-02 20:59:42,172 - FGO - INFO - Epoch 100 | Train Loss: 0.055 | Val Loss: 0.15 | Val F1: 0.96 |
2023-09-02 20:59:42,173 - FGO - INFO - Best Epoch:  28 | Train Loss: 0.112 | Val Loss: 0.09 | Val F1: 0.99 
2023-09-02 20:59:42,173 - FGO - INFO - Setting model to best state.
2023-09-02 20:59:42,174 - FGO - INFO - ===== Train Fair OT GCN Model ============================================================
2023-09-02 20:59:42,269 - FGO - INFO - Epoch   0 | Train Loss: -4.229 | Val Loss: -0.45 | Val F1: 0.94 |
2023-09-02 20:59:43,034 - FGO - INFO - Epoch  10 | Train Loss: -4.237 | Val Loss: -0.49 | Val F1: 0.96 |
2023-09-02 20:59:43,807 - FGO - INFO - Epoch  20 | Train Loss: -4.391 | Val Loss: -0.54 | Val F1: 0.96 |
2023-09-02 20:59:44,615 - FGO - INFO - Epoch  30 | Train Loss: -4.484 | Val Loss: -0.56 | Val F1: 0.97 |
2023-09-02 20:59:45,346 - FGO - INFO - Epoch  40 | Train Loss: -4.527 | Val Loss: -0.52 | Val F1: 0.97 |
2023-09-02 20:59:46,109 - FGO - INFO - Best Epoch:  28 | Train Loss: -4.465 | Val Loss: -0.57 | Val F1: 0.98 |
2023-09-02 20:59:46,109 - FGO - INFO - Setting model to best state.
2023-09-02 20:59:46,113 - FGO - INFO - ===== Test Fair OT GCN Model =============================================================
2023-09-02 20:59:46,138 - FGO - INFO - Train CM:
[[373   9]
 [  9 317]]
2023-09-02 20:59:46,139 - FGO - INFO - Val CM:
[[52  0]
 [ 2 42]]
2023-09-02 20:59:46,139 - FGO - INFO - Test CM:
[[52  0]
 [ 2 42]]
2023-09-02 20:59:46,145 - FGO - INFO - test statistical parity: 0.32727272727272727
2023-09-02 20:59:46,146 - FGO - INFO - test equal opportunity: 0.05555555555555558
2023-09-02 20:59:46,147 - FGO - INFO - test micro f1: 0.9791666666666666
2023-09-02 20:59:46,148 - FGO - INFO - test macro f1: 0.978938130759105
