2023-09-02 20:58:28,416 - FGO - INFO - ===== SETUP LOGGING ======================================================================
2023-09-02 20:58:28,416 - FGO - INFO - THIS_FILE: Wrapper.py
2023-09-02 20:58:28,416 - FGO - INFO - 	done: False
2023-09-02 20:58:28,416 - FGO - INFO - 	learning_rate: 0.01
2023-09-02 20:58:28,416 - FGO - INFO - 	h1: 64
2023-09-02 20:58:28,416 - FGO - INFO - 	h2: 32
2023-09-02 20:58:28,416 - FGO - INFO - 	weight_decay: 0.0005
2023-09-02 20:58:28,416 - FGO - INFO - 	dropout: 0.0
2023-09-02 20:58:28,416 - FGO - INFO - 	max_pretrain_epochs: 100
2023-09-02 20:58:28,416 - FGO - INFO - 	max_ot_epochs: 50
2023-09-02 20:58:28,416 - FGO - INFO - 	lambda: 0.03
2023-09-02 20:58:28,416 - FGO - INFO - 	theta: 30
2023-09-02 20:58:28,416 - FGO - INFO - 	clip: 5
2023-09-02 20:58:28,416 - FGO - INFO - ===== SETUP LOGGING COMPLETE =============================================================
2023-09-02 20:58:28,416 - FGO - INFO - ===== Configuring Masks ==================================================================
2023-09-02 20:58:28,416 - FGO - INFO - Source Total: 729
2023-09-02 20:58:28,416 - FGO - INFO - Target Total: 75
2023-09-02 20:58:28,416 - FGO - INFO - Train Total: 729
2023-09-02 20:58:28,416 - FGO - INFO - Val Total:   75
2023-09-02 20:58:28,416 - FGO - INFO - Test Total:  75
2023-09-02 20:58:28,416 - FGO - INFO - ===== Preparing to load data =============================================================
2023-09-02 20:58:28,416 - FGO - INFO - SOURCE: abide_large
2023-09-02 20:58:28,416 - FGO - INFO - ===== Retrieving SOURCE Data =============================================================
2023-09-02 20:58:28,416 - FGO - INFO - *************** In load_graph_data ***************
2023-09-02 20:58:28,416 - FGO - INFO - 	FILEPATH: ./data/abide_large.mat
2023-09-02 20:58:28,417 - FGO - INFO - 	X shape: (804, 93)
2023-09-02 20:58:28,417 - FGO - INFO - 	A shape: (804, 804)
2023-09-02 20:58:28,417 - FGO - INFO - 	P shape: (804,)
2023-09-02 20:58:28,417 - FGO - INFO - 	Y shape: (804, 2)
2023-09-02 20:58:28,417 - FGO - INFO - 	Y sum: 804 (number of postive labels)
2023-09-02 20:58:28,418 - FGO - INFO - ===== Preparing data =====================================================================
2023-09-02 20:58:28,419 - FGO - INFO - ===== Disconnecting Source and Target ====================================================
2023-09-02 20:58:28,513 - FGO - INFO - ===== Finalize Data ======================================================================
2023-09-02 20:58:28,513 - FGO - INFO - A shape: (804, 804)
2023-09-02 20:58:28,513 - FGO - INFO - X shape: (804, 93)
2023-09-02 20:58:28,513 - FGO - INFO - Y shape: (804, 2)
2023-09-02 20:58:28,513 - FGO - INFO - N: 804
2023-09-02 20:58:28,513 - FGO - INFO - N_s: 729
2023-09-02 20:58:28,513 - FGO - INFO - N_t: 75
2023-09-02 20:58:28,517 - FGO - INFO - ===== Pretrain GCN Model =================================================================
2023-09-02 20:58:28,520 - FGO - INFO - Epoch   0 | Train Loss: 0.689 | Val Loss: 0.68 | Val F1: 0.37 |
2023-09-02 20:58:28,545 - FGO - INFO - Epoch  10 | Train Loss: 0.431 | Val Loss: 0.36 | Val F1: 0.93 |
2023-09-02 20:58:28,569 - FGO - INFO - Epoch  20 | Train Loss: 0.158 | Val Loss: 0.05 | Val F1: 0.99 |
2023-09-02 20:58:28,594 - FGO - INFO - Epoch  30 | Train Loss: 0.109 | Val Loss: 0.06 | Val F1: 0.99 |
2023-09-02 20:58:28,618 - FGO - INFO - Epoch  40 | Train Loss: 0.093 | Val Loss: 0.03 | Val F1: 0.99 |
2023-09-02 20:58:28,643 - FGO - INFO - Epoch  50 | Train Loss: 0.080 | Val Loss: 0.04 | Val F1: 1.00 |
2023-09-02 20:58:28,667 - FGO - INFO - Epoch  60 | Train Loss: 0.073 | Val Loss: 0.04 | Val F1: 0.99 |
2023-09-02 20:58:28,692 - FGO - INFO - Epoch  70 | Train Loss: 0.068 | Val Loss: 0.05 | Val F1: 0.97 |
2023-09-02 20:58:28,716 - FGO - INFO - Epoch  80 | Train Loss: 0.065 | Val Loss: 0.05 | Val F1: 0.97 |
2023-09-02 20:58:28,741 - FGO - INFO - Epoch  90 | Train Loss: 0.063 | Val Loss: 0.04 | Val F1: 0.97 |
2023-09-02 20:58:28,765 - FGO - INFO - Epoch 100 | Train Loss: 0.070 | Val Loss: 0.07 | Val F1: 0.97 |
2023-09-02 20:58:28,765 - FGO - INFO - Best Epoch:  27 | Train Loss: 0.114 | Val Loss: 0.03 | Val F1: 1.00 
2023-09-02 20:58:28,765 - FGO - INFO - Setting model to best state.
2023-09-02 20:58:28,767 - FGO - INFO - ===== Train Fair OT GCN Model ============================================================
2023-09-02 20:58:28,835 - FGO - INFO - Epoch   0 | Train Loss: -7.242 | Val Loss: -0.74 | Val F1: 0.99 |
2023-09-02 20:58:29,642 - FGO - INFO - Epoch  10 | Train Loss: -7.874 | Val Loss: -0.59 | Val F1: 0.89 |
2023-09-02 20:58:30,375 - FGO - INFO - Epoch  20 | Train Loss: -8.111 | Val Loss: -0.73 | Val F1: 0.93 |
2023-09-02 20:58:31,250 - FGO - INFO - Epoch  30 | Train Loss: -8.240 | Val Loss: -0.81 | Val F1: 0.99 |
2023-09-02 20:58:32,018 - FGO - INFO - Epoch  40 | Train Loss: -8.307 | Val Loss: -0.83 | Val F1: 0.99 |
2023-09-02 20:58:32,706 - FGO - INFO - Best Epoch:  22 | Train Loss: -8.141 | Val Loss: -0.78 | Val F1: 0.99 |
2023-09-02 20:58:32,706 - FGO - INFO - Setting model to best state.
2023-09-02 20:58:32,713 - FGO - INFO - ===== Test Fair OT GCN Model =============================================================
2023-09-02 20:58:32,741 - FGO - INFO - Train CM:
[[392   4]
 [ 22 311]]
2023-09-02 20:58:32,741 - FGO - INFO - Val CM:
[[38  0]
 [ 1 36]]
2023-09-02 20:58:32,741 - FGO - INFO - Test CM:
[[38  0]
 [ 1 36]]
2023-09-02 20:58:32,747 - FGO - INFO - test statistical parity: 0.024590163934426257
2023-09-02 20:58:32,748 - FGO - INFO - test equal opportunity: 0.033333333333333326
2023-09-02 20:58:32,749 - FGO - INFO - test micro f1: 0.9866666666666668
2023-09-02 20:58:32,749 - FGO - INFO - test macro f1: 0.9866571784380003
