2023-09-02 20:56:10,451 - FGO - INFO - ===== SETUP LOGGING ======================================================================
2023-09-02 20:56:10,451 - FGO - INFO - THIS_FILE: Wrapper.py
2023-09-02 20:56:10,451 - FGO - INFO - 	done: False
2023-09-02 20:56:10,451 - FGO - INFO - 	learning_rate: 0.01
2023-09-02 20:56:10,452 - FGO - INFO - 	h1: 64
2023-09-02 20:56:10,452 - FGO - INFO - 	h2: 32
2023-09-02 20:56:10,452 - FGO - INFO - 	weight_decay: 0.0005
2023-09-02 20:56:10,452 - FGO - INFO - 	dropout: 0.0
2023-09-02 20:56:10,452 - FGO - INFO - 	max_pretrain_epochs: 100
2023-09-02 20:56:10,452 - FGO - INFO - 	max_ot_epochs: 50
2023-09-02 20:56:10,452 - FGO - INFO - 	lambda: 0.01
2023-09-02 20:56:10,452 - FGO - INFO - 	theta: 30
2023-09-02 20:56:10,452 - FGO - INFO - 	clip: 5
2023-09-02 20:56:10,452 - FGO - INFO - ===== SETUP LOGGING COMPLETE =============================================================
2023-09-02 20:56:10,452 - FGO - INFO - ===== Configuring Masks ==================================================================
2023-09-02 20:56:10,452 - FGO - INFO - Source Total: 729
2023-09-02 20:56:10,452 - FGO - INFO - Target Total: 75
2023-09-02 20:56:10,452 - FGO - INFO - Train Total: 729
2023-09-02 20:56:10,452 - FGO - INFO - Val Total:   75
2023-09-02 20:56:10,452 - FGO - INFO - Test Total:  75
2023-09-02 20:56:10,452 - FGO - INFO - ===== Preparing to load data =============================================================
2023-09-02 20:56:10,452 - FGO - INFO - SOURCE: abide_large
2023-09-02 20:56:10,452 - FGO - INFO - ===== Retrieving SOURCE Data =============================================================
2023-09-02 20:56:10,452 - FGO - INFO - *************** In load_graph_data ***************
2023-09-02 20:56:10,452 - FGO - INFO - 	FILEPATH: ./data/abide_large.mat
2023-09-02 20:56:10,452 - FGO - INFO - 	X shape: (804, 93)
2023-09-02 20:56:10,452 - FGO - INFO - 	A shape: (804, 804)
2023-09-02 20:56:10,452 - FGO - INFO - 	P shape: (804,)
2023-09-02 20:56:10,452 - FGO - INFO - 	Y shape: (804, 2)
2023-09-02 20:56:10,452 - FGO - INFO - 	Y sum: 804 (number of postive labels)
2023-09-02 20:56:10,453 - FGO - INFO - ===== Preparing data =====================================================================
2023-09-02 20:56:10,455 - FGO - INFO - ===== Disconnecting Source and Target ====================================================
2023-09-02 20:56:10,549 - FGO - INFO - ===== Finalize Data ======================================================================
2023-09-02 20:56:10,549 - FGO - INFO - A shape: (804, 804)
2023-09-02 20:56:10,549 - FGO - INFO - X shape: (804, 93)
2023-09-02 20:56:10,549 - FGO - INFO - Y shape: (804, 2)
2023-09-02 20:56:10,549 - FGO - INFO - N: 804
2023-09-02 20:56:10,549 - FGO - INFO - N_s: 729
2023-09-02 20:56:10,549 - FGO - INFO - N_t: 75
2023-09-02 20:56:10,553 - FGO - INFO - ===== Pretrain GCN Model =================================================================
2023-09-02 20:56:10,556 - FGO - INFO - Epoch   0 | Train Loss: 0.689 | Val Loss: 0.68 | Val F1: 0.37 |
2023-09-02 20:56:10,581 - FGO - INFO - Epoch  10 | Train Loss: 0.431 | Val Loss: 0.36 | Val F1: 0.93 |
2023-09-02 20:56:10,606 - FGO - INFO - Epoch  20 | Train Loss: 0.158 | Val Loss: 0.05 | Val F1: 0.99 |
2023-09-02 20:56:10,631 - FGO - INFO - Epoch  30 | Train Loss: 0.109 | Val Loss: 0.06 | Val F1: 0.99 |
2023-09-02 20:56:10,655 - FGO - INFO - Epoch  40 | Train Loss: 0.093 | Val Loss: 0.03 | Val F1: 0.99 |
2023-09-02 20:56:10,680 - FGO - INFO - Epoch  50 | Train Loss: 0.080 | Val Loss: 0.04 | Val F1: 1.00 |
2023-09-02 20:56:10,704 - FGO - INFO - Epoch  60 | Train Loss: 0.073 | Val Loss: 0.04 | Val F1: 0.99 |
2023-09-02 20:56:10,729 - FGO - INFO - Epoch  70 | Train Loss: 0.068 | Val Loss: 0.05 | Val F1: 0.97 |
2023-09-02 20:56:10,754 - FGO - INFO - Epoch  80 | Train Loss: 0.065 | Val Loss: 0.05 | Val F1: 0.97 |
2023-09-02 20:56:10,778 - FGO - INFO - Epoch  90 | Train Loss: 0.064 | Val Loss: 0.04 | Val F1: 0.99 |
2023-09-02 20:56:10,803 - FGO - INFO - Epoch 100 | Train Loss: 0.068 | Val Loss: 0.07 | Val F1: 0.97 |
2023-09-02 20:56:10,803 - FGO - INFO - Best Epoch:  27 | Train Loss: 0.114 | Val Loss: 0.03 | Val F1: 1.00 
2023-09-02 20:56:10,803 - FGO - INFO - Setting model to best state.
2023-09-02 20:56:10,804 - FGO - INFO - ===== Train Fair OT GCN Model ============================================================
2023-09-02 20:56:10,888 - FGO - INFO - Epoch   0 | Train Loss: -1.679 | Val Loss: -0.16 | Val F1: 0.97 |
2023-09-02 20:56:11,935 - FGO - INFO - Epoch  10 | Train Loss: -2.225 | Val Loss: -0.02 | Val F1: 0.91 |
2023-09-02 20:56:12,776 - FGO - INFO - Epoch  20 | Train Loss: -2.411 | Val Loss: -0.09 | Val F1: 0.96 |
2023-09-02 20:56:13,533 - FGO - INFO - Epoch  30 | Train Loss: -2.518 | Val Loss: -0.17 | Val F1: 0.97 |
2023-09-02 20:56:14,332 - FGO - INFO - Epoch  40 | Train Loss: -2.581 | Val Loss: -0.20 | Val F1: 0.97 |
2023-09-02 20:56:15,018 - FGO - INFO - Best Epoch:   7 | Train Loss: -2.148 | Val Loss: -0.20 | Val F1: 0.99 |
2023-09-02 20:56:15,018 - FGO - INFO - Setting model to best state.
2023-09-02 20:56:15,023 - FGO - INFO - ===== Test Fair OT GCN Model =============================================================
2023-09-02 20:56:15,060 - FGO - INFO - Train CM:
[[387   9]
 [ 12 321]]
2023-09-02 20:56:15,060 - FGO - INFO - Val CM:
[[38  0]
 [ 2 35]]
2023-09-02 20:56:15,060 - FGO - INFO - Test CM:
[[38  0]
 [ 2 35]]
2023-09-02 20:56:15,070 - FGO - INFO - test statistical parity: 0.046838407494145196
2023-09-02 20:56:15,071 - FGO - INFO - test equal opportunity: 0.10952380952380958
2023-09-02 20:56:15,072 - FGO - INFO - test micro f1: 0.9733333333333334
2023-09-02 20:56:15,072 - FGO - INFO - test macro f1: 0.9732905982905983
