2023-09-02 20:46:59,916 - FGO - INFO - ===== SETUP LOGGING ======================================================================
2023-09-02 20:46:59,916 - FGO - INFO - THIS_FILE: Wrapper.py
2023-09-02 20:46:59,916 - FGO - INFO - 	done: False
2023-09-02 20:46:59,916 - FGO - INFO - 	learning_rate: 0.001
2023-09-02 20:46:59,916 - FGO - INFO - 	h1: 64
2023-09-02 20:46:59,916 - FGO - INFO - 	h2: 32
2023-09-02 20:46:59,916 - FGO - INFO - 	weight_decay: 0.0005
2023-09-02 20:46:59,916 - FGO - INFO - 	dropout: 0.0
2023-09-02 20:46:59,916 - FGO - INFO - 	max_pretrain_epochs: 100
2023-09-02 20:46:59,916 - FGO - INFO - 	max_ot_epochs: 50
2023-09-02 20:46:59,916 - FGO - INFO - 	lambda: 0.05
2023-09-02 20:46:59,916 - FGO - INFO - 	theta: 30
2023-09-02 20:46:59,916 - FGO - INFO - 	clip: 5
2023-09-02 20:46:59,916 - FGO - INFO - ===== SETUP LOGGING COMPLETE =============================================================
2023-09-02 20:46:59,916 - FGO - INFO - ===== Configuring Masks ==================================================================
2023-09-02 20:46:59,916 - FGO - INFO - Source Total: 727
2023-09-02 20:46:59,916 - FGO - INFO - Target Total: 77
2023-09-02 20:46:59,916 - FGO - INFO - Train Total: 727
2023-09-02 20:46:59,916 - FGO - INFO - Val Total:   77
2023-09-02 20:46:59,916 - FGO - INFO - Test Total:  77
2023-09-02 20:46:59,916 - FGO - INFO - ===== Preparing to load data =============================================================
2023-09-02 20:46:59,916 - FGO - INFO - SOURCE: abide_large
2023-09-02 20:46:59,916 - FGO - INFO - ===== Retrieving SOURCE Data =============================================================
2023-09-02 20:46:59,916 - FGO - INFO - *************** In load_graph_data ***************
2023-09-02 20:46:59,916 - FGO - INFO - 	FILEPATH: ./data/abide_large.mat
2023-09-02 20:46:59,917 - FGO - INFO - 	X shape: (804, 93)
2023-09-02 20:46:59,917 - FGO - INFO - 	A shape: (804, 804)
2023-09-02 20:46:59,917 - FGO - INFO - 	P shape: (804,)
2023-09-02 20:46:59,917 - FGO - INFO - 	Y shape: (804, 2)
2023-09-02 20:46:59,917 - FGO - INFO - 	Y sum: 804 (number of postive labels)
2023-09-02 20:46:59,918 - FGO - INFO - ===== Preparing data =====================================================================
2023-09-02 20:46:59,919 - FGO - INFO - ===== Disconnecting Source and Target ====================================================
2023-09-02 20:47:00,015 - FGO - INFO - ===== Finalize Data ======================================================================
2023-09-02 20:47:00,015 - FGO - INFO - A shape: (804, 804)
2023-09-02 20:47:00,015 - FGO - INFO - X shape: (804, 93)
2023-09-02 20:47:00,015 - FGO - INFO - Y shape: (804, 2)
2023-09-02 20:47:00,015 - FGO - INFO - N: 804
2023-09-02 20:47:00,015 - FGO - INFO - N_s: 727
2023-09-02 20:47:00,015 - FGO - INFO - N_t: 77
2023-09-02 20:47:00,019 - FGO - INFO - ===== Pretrain GCN Model =================================================================
2023-09-02 20:47:00,022 - FGO - INFO - Epoch   0 | Train Loss: 0.689 | Val Loss: 0.68 | Val F1: 0.36 |
2023-09-02 20:47:00,047 - FGO - INFO - Epoch  10 | Train Loss: 0.673 | Val Loss: 0.68 | Val F1: 0.51 |
2023-09-02 20:47:00,072 - FGO - INFO - Epoch  20 | Train Loss: 0.647 | Val Loss: 0.66 | Val F1: 0.55 |
2023-09-02 20:47:00,096 - FGO - INFO - Epoch  30 | Train Loss: 0.593 | Val Loss: 0.63 | Val F1: 0.61 |
2023-09-02 20:47:00,121 - FGO - INFO - Epoch  40 | Train Loss: 0.505 | Val Loss: 0.55 | Val F1: 0.73 |
2023-09-02 20:47:00,146 - FGO - INFO - Epoch  50 | Train Loss: 0.396 | Val Loss: 0.47 | Val F1: 0.73 |
2023-09-02 20:47:00,170 - FGO - INFO - Epoch  60 | Train Loss: 0.294 | Val Loss: 0.40 | Val F1: 0.81 |
2023-09-02 20:47:00,195 - FGO - INFO - Epoch  70 | Train Loss: 0.219 | Val Loss: 0.34 | Val F1: 0.80 |
2023-09-02 20:47:00,220 - FGO - INFO - Epoch  80 | Train Loss: 0.172 | Val Loss: 0.29 | Val F1: 0.83 |
2023-09-02 20:47:00,244 - FGO - INFO - Epoch  90 | Train Loss: 0.142 | Val Loss: 0.26 | Val F1: 0.87 |
2023-09-02 20:47:00,269 - FGO - INFO - Epoch 100 | Train Loss: 0.122 | Val Loss: 0.25 | Val F1: 0.87 |
2023-09-02 20:47:00,269 - FGO - INFO - Best Epoch:  88 | Train Loss: 0.147 | Val Loss: 0.27 | Val F1: 0.87 
2023-09-02 20:47:00,269 - FGO - INFO - Setting model to best state.
2023-09-02 20:47:00,270 - FGO - INFO - ===== Train Fair OT GCN Model ============================================================
2023-09-02 20:47:00,365 - FGO - INFO - Epoch   0 | Train Loss: -13.394 | Val Loss: -1.13 | Val F1: 0.87 |
2023-09-02 20:47:01,138 - FGO - INFO - Epoch  10 | Train Loss: -13.612 | Val Loss: -1.18 | Val F1: 0.93 |
2023-09-02 20:47:01,927 - FGO - INFO - Epoch  20 | Train Loss: -13.796 | Val Loss: -1.20 | Val F1: 0.92 |
2023-09-02 20:47:02,722 - FGO - INFO - Epoch  30 | Train Loss: -13.911 | Val Loss: -1.18 | Val F1: 0.92 |
2023-09-02 20:47:03,492 - FGO - INFO - Epoch  40 | Train Loss: -13.958 | Val Loss: -1.17 | Val F1: 0.92 |
2023-09-02 20:47:04,182 - FGO - INFO - Best Epoch:  10 | Train Loss: -13.612 | Val Loss: -1.18 | Val F1: 0.93 |
2023-09-02 20:47:04,182 - FGO - INFO - Setting model to best state.
2023-09-02 20:47:04,185 - FGO - INFO - ===== Test Fair OT GCN Model =============================================================
2023-09-02 20:47:04,210 - FGO - INFO - Train CM:
[[389   1]
 [ 95 242]]
2023-09-02 20:47:04,210 - FGO - INFO - Val CM:
[[43  1]
 [ 5 28]]
2023-09-02 20:47:04,210 - FGO - INFO - Test CM:
[[43  1]
 [ 5 28]]
2023-09-02 20:47:04,215 - FGO - INFO - test statistical parity: 0.3474358974358975
2023-09-02 20:47:04,217 - FGO - INFO - test equal opportunity: 0.3709677419354839
2023-09-02 20:47:04,218 - FGO - INFO - test micro f1: 0.922077922077922
2023-09-02 20:47:04,218 - FGO - INFO - test macro f1: 0.9190042075736325
