2023-09-02 20:50:02,845 - FGO - INFO - ===== SETUP LOGGING ======================================================================
2023-09-02 20:50:02,845 - FGO - INFO - THIS_FILE: Wrapper.py
2023-09-02 20:50:02,846 - FGO - INFO - 	done: False
2023-09-02 20:50:02,846 - FGO - INFO - 	learning_rate: 0.005
2023-09-02 20:50:02,846 - FGO - INFO - 	h1: 64
2023-09-02 20:50:02,846 - FGO - INFO - 	h2: 32
2023-09-02 20:50:02,846 - FGO - INFO - 	weight_decay: 0.0005
2023-09-02 20:50:02,846 - FGO - INFO - 	dropout: 0.0
2023-09-02 20:50:02,846 - FGO - INFO - 	max_pretrain_epochs: 100
2023-09-02 20:50:02,846 - FGO - INFO - 	max_ot_epochs: 50
2023-09-02 20:50:02,846 - FGO - INFO - 	lambda: 0.01
2023-09-02 20:50:02,846 - FGO - INFO - 	theta: 50
2023-09-02 20:50:02,846 - FGO - INFO - 	clip: 5
2023-09-02 20:50:02,846 - FGO - INFO - ===== SETUP LOGGING COMPLETE =============================================================
2023-09-02 20:50:02,846 - FGO - INFO - ===== Configuring Masks ==================================================================
2023-09-02 20:50:02,846 - FGO - INFO - Source Total: 727
2023-09-02 20:50:02,846 - FGO - INFO - Target Total: 77
2023-09-02 20:50:02,846 - FGO - INFO - Train Total: 727
2023-09-02 20:50:02,846 - FGO - INFO - Val Total:   77
2023-09-02 20:50:02,846 - FGO - INFO - Test Total:  77
2023-09-02 20:50:02,846 - FGO - INFO - ===== Preparing to load data =============================================================
2023-09-02 20:50:02,846 - FGO - INFO - SOURCE: abide_large
2023-09-02 20:50:02,846 - FGO - INFO - ===== Retrieving SOURCE Data =============================================================
2023-09-02 20:50:02,846 - FGO - INFO - *************** In load_graph_data ***************
2023-09-02 20:50:02,846 - FGO - INFO - 	FILEPATH: ./data/abide_large.mat
2023-09-02 20:50:02,846 - FGO - INFO - 	X shape: (804, 93)
2023-09-02 20:50:02,846 - FGO - INFO - 	A shape: (804, 804)
2023-09-02 20:50:02,846 - FGO - INFO - 	P shape: (804,)
2023-09-02 20:50:02,846 - FGO - INFO - 	Y shape: (804, 2)
2023-09-02 20:50:02,846 - FGO - INFO - 	Y sum: 804 (number of postive labels)
2023-09-02 20:50:02,847 - FGO - INFO - ===== Preparing data =====================================================================
2023-09-02 20:50:02,849 - FGO - INFO - ===== Disconnecting Source and Target ====================================================
2023-09-02 20:50:02,945 - FGO - INFO - ===== Finalize Data ======================================================================
2023-09-02 20:50:02,945 - FGO - INFO - A shape: (804, 804)
2023-09-02 20:50:02,945 - FGO - INFO - X shape: (804, 93)
2023-09-02 20:50:02,945 - FGO - INFO - Y shape: (804, 2)
2023-09-02 20:50:02,945 - FGO - INFO - N: 804
2023-09-02 20:50:02,945 - FGO - INFO - N_s: 727
2023-09-02 20:50:02,945 - FGO - INFO - N_t: 77
2023-09-02 20:50:02,949 - FGO - INFO - ===== Pretrain GCN Model =================================================================
2023-09-02 20:50:02,952 - FGO - INFO - Epoch   0 | Train Loss: 0.689 | Val Loss: 0.68 | Val F1: 0.36 |
2023-09-02 20:50:02,977 - FGO - INFO - Epoch  10 | Train Loss: 0.577 | Val Loss: 0.61 | Val F1: 0.66 |
2023-09-02 20:50:03,002 - FGO - INFO - Epoch  20 | Train Loss: 0.255 | Val Loss: 0.38 | Val F1: 0.83 |
2023-09-02 20:50:03,026 - FGO - INFO - Epoch  30 | Train Loss: 0.122 | Val Loss: 0.24 | Val F1: 0.88 |
2023-09-02 20:50:03,051 - FGO - INFO - Epoch  40 | Train Loss: 0.089 | Val Loss: 0.20 | Val F1: 0.89 |
2023-09-02 20:50:03,075 - FGO - INFO - Epoch  50 | Train Loss: 0.077 | Val Loss: 0.21 | Val F1: 0.87 |
2023-09-02 20:50:03,100 - FGO - INFO - Epoch  60 | Train Loss: 0.068 | Val Loss: 0.18 | Val F1: 0.89 |
2023-09-02 20:50:03,124 - FGO - INFO - Epoch  70 | Train Loss: 0.063 | Val Loss: 0.19 | Val F1: 0.90 |
2023-09-02 20:50:03,149 - FGO - INFO - Epoch  80 | Train Loss: 0.060 | Val Loss: 0.19 | Val F1: 0.92 |
2023-09-02 20:50:03,173 - FGO - INFO - Epoch  90 | Train Loss: 0.057 | Val Loss: 0.21 | Val F1: 0.90 |
2023-09-02 20:50:03,198 - FGO - INFO - Epoch 100 | Train Loss: 0.055 | Val Loss: 0.20 | Val F1: 0.92 |
2023-09-02 20:50:03,198 - FGO - INFO - Best Epoch:  36 | Train Loss: 0.097 | Val Loss: 0.18 | Val F1: 0.93 
2023-09-02 20:50:03,198 - FGO - INFO - Setting model to best state.
2023-09-02 20:50:03,199 - FGO - INFO - ===== Train Fair OT GCN Model ============================================================
2023-09-02 20:50:03,312 - FGO - INFO - Epoch   0 | Train Loss: -2.952 | Val Loss: -0.09 | Val F1: 0.89 |
2023-09-02 20:50:04,237 - FGO - INFO - Epoch  10 | Train Loss: -3.663 | Val Loss: 0.10 | Val F1: 0.87 |
2023-09-02 20:50:05,092 - FGO - INFO - Epoch  20 | Train Loss: -4.083 | Val Loss: -0.16 | Val F1: 0.89 |
2023-09-02 20:50:05,918 - FGO - INFO - Epoch  30 | Train Loss: -4.247 | Val Loss: -0.13 | Val F1: 0.91 |
2023-09-02 20:50:06,684 - FGO - INFO - Epoch  40 | Train Loss: -4.352 | Val Loss: -0.17 | Val F1: 0.91 |
2023-09-02 20:50:07,384 - FGO - INFO - Best Epoch:  12 | Train Loss: -3.862 | Val Loss: -0.14 | Val F1: 0.92 |
2023-09-02 20:50:07,384 - FGO - INFO - Setting model to best state.
2023-09-02 20:50:07,387 - FGO - INFO - ===== Test Fair OT GCN Model =============================================================
2023-09-02 20:50:07,413 - FGO - INFO - Train CM:
[[375  15]
 [  8 329]]
2023-09-02 20:50:07,413 - FGO - INFO - Val CM:
[[41  3]
 [ 4 29]]
2023-09-02 20:50:07,413 - FGO - INFO - Test CM:
[[41  3]
 [ 4 29]]
2023-09-02 20:50:07,418 - FGO - INFO - test statistical parity: 0.29487179487179493
2023-09-02 20:50:07,420 - FGO - INFO - test equal opportunity: 0.4032258064516129
2023-09-02 20:50:07,420 - FGO - INFO - test micro f1: 0.9090909090909091
2023-09-02 20:50:07,421 - FGO - INFO - test macro f1: 0.9068280034572169
