2023-09-02 19:16:31,446 - FGO - INFO - ===== SETUP LOGGING ======================================================================
2023-09-02 19:16:31,446 - FGO - INFO - THIS_FILE: Wrapper.py
2023-09-02 19:16:31,446 - FGO - INFO - 	learning_rate: 0.005
2023-09-02 19:16:31,446 - FGO - INFO - 	h1: 64
2023-09-02 19:16:31,446 - FGO - INFO - 	h2: 32
2023-09-02 19:16:31,446 - FGO - INFO - 	weight_decay: 0.0005
2023-09-02 19:16:31,446 - FGO - INFO - 	dropout: 0.0
2023-09-02 19:16:31,446 - FGO - INFO - 	max_pretrain_epochs: 50
2023-09-02 19:16:31,446 - FGO - INFO - 	max_ot_epochs: 15
2023-09-02 19:16:31,446 - FGO - INFO - 	lambda: 0.01
2023-09-02 19:16:31,446 - FGO - INFO - 	theta: 10
2023-09-02 19:16:31,446 - FGO - INFO - 	clip: 5
2023-09-02 19:16:31,446 - FGO - INFO - ===== SETUP LOGGING COMPLETE =============================================================
2023-09-02 19:16:31,446 - FGO - INFO - ===== Preparing to load data =============================================================
2023-09-02 19:16:31,446 - FGO - INFO - SOURCE: abide_large
2023-09-02 19:16:31,446 - FGO - INFO - TARGET: abide_small
2023-09-02 19:16:31,447 - FGO - INFO - ===== Retrieving SOURCE Data =============================================================
2023-09-02 19:16:31,447 - FGO - INFO - *************** In load_graph_data ***************
2023-09-02 19:16:31,447 - FGO - INFO - 	FILEPATH: ./data/abide_large.mat
2023-09-02 19:16:31,447 - FGO - INFO - 	X shape: (804, 93)
2023-09-02 19:16:31,447 - FGO - INFO - 	A shape: (804, 804)
2023-09-02 19:16:31,447 - FGO - INFO - 	P shape: (804,)
2023-09-02 19:16:31,447 - FGO - INFO - 	Y shape: (804, 2)
2023-09-02 19:16:31,447 - FGO - INFO - 	Y sum: 804 (number of postive labels)
2023-09-02 19:16:31,449 - FGO - INFO - ===== Retrieving TARGET Data =============================================================
2023-09-02 19:16:31,449 - FGO - INFO - *************** In load_graph_data ***************
2023-09-02 19:16:31,449 - FGO - INFO - 	FILEPATH: ./data/abide_small.mat
2023-09-02 19:16:31,449 - FGO - INFO - 	X shape: (67, 93)
2023-09-02 19:16:31,449 - FGO - INFO - 	A shape: (67, 67)
2023-09-02 19:16:31,449 - FGO - INFO - 	P shape: (67,)
2023-09-02 19:16:31,449 - FGO - INFO - 	Y shape: (67, 2)
2023-09-02 19:16:31,449 - FGO - INFO - 	Y sum: 67 (number of postive labels)
2023-09-02 19:16:31,449 - FGO - INFO - ===== Combine Data =======================================================================
2023-09-02 19:16:31,480 - FGO - INFO - A shape: (871, 871)
2023-09-02 19:16:31,480 - FGO - INFO - X shape: (871, 93)
2023-09-02 19:16:31,480 - FGO - INFO - Y shape: (871, 2)
2023-09-02 19:16:31,480 - FGO - INFO - N: 871
2023-09-02 19:16:31,480 - FGO - INFO - N_s: 804
2023-09-02 19:16:31,480 - FGO - INFO - N_t: 67
2023-09-02 19:16:31,484 - FGO - INFO - ===== Configuring Train/Val/Test Masks ===================================================
2023-09-02 19:16:31,484 - FGO - INFO - Train Total: 804
2023-09-02 19:16:31,484 - FGO - INFO - Val Total:   0.0
2023-09-02 19:16:31,484 - FGO - INFO - Test Total:  67
2023-09-02 19:16:31,485 - FGO - INFO - ===== Pretrain GCN Model =================================================================
2023-09-02 19:16:31,529 - FGO - INFO - Epoch   0 | Train Loss: 0.697 | Train Macro F1: 0.47 |
2023-09-02 19:16:31,963 - FGO - INFO - Epoch  10 | Train Loss: 0.581 | Train Macro F1: 0.84 |
2023-09-02 19:16:32,399 - FGO - INFO - Epoch  20 | Train Loss: 0.243 | Train Macro F1: 0.93 |
2023-09-02 19:16:32,834 - FGO - INFO - Epoch  30 | Train Loss: 0.126 | Train Macro F1: 0.96 |
2023-09-02 19:16:33,270 - FGO - INFO - Epoch  40 | Train Loss: 0.095 | Train Macro F1: 0.97 |
2023-09-02 19:16:33,703 - FGO - INFO - Epoch  50 | Train Loss: 0.084 | Train Macro F1: 0.97 |
2023-09-02 19:16:33,703 - FGO - INFO - ===== Train Fair OT GCN Model ============================================================
2023-09-02 19:16:33,866 - FGO - INFO - Epoch   0 | Train Loss: 2.269 | Train CE Loss: 2.821 | Train OT Loss: -0.055| Train Macro F1: 0.60 |
2023-09-02 19:16:35,116 - FGO - INFO - Epoch  10 | Train Loss: -0.256 | Train CE Loss: 0.498 | Train OT Loss: -0.075| Train Macro F1: 0.73 |
2023-09-02 19:16:35,604 - FGO - INFO - ===== Test Fair OT GCN Model =============================================================
2023-09-02 19:16:35,641 - FGO - INFO - Train CM:
[[430   4]
 [ 33 337]]
2023-09-02 19:16:35,642 - FGO - INFO - Val CM:
[]
2023-09-02 19:16:35,642 - FGO - INFO - Test CM:
[[34  0]
 [ 1 32]]
2023-09-02 19:16:35,647 - FGO - INFO - test micro f1: 0.9850746268656716
2023-09-02 19:16:35,647 - FGO - INFO - test macro f1: 0.9850613154960981
2023-09-02 19:16:35,648 - FGO - INFO - test statistical parity: 0.12380952380952381
2023-09-02 19:16:35,649 - FGO - INFO - test equal opportunity: 0.09090909090909094
2023-09-02 19:16:35,649 - FGO - INFO - train micro f1: 0.9539800995024875
2023-09-02 19:16:35,650 - FGO - INFO - train macro f1: 0.9533560061903485
2023-09-02 19:16:35,650 - FGO - INFO - train statistical parity: 0.13287125069005706
2023-09-02 19:16:35,651 - FGO - INFO - train equal opportunity: 0.08327999431050415
