2023-09-02 20:52:25,820 - FGO - INFO - ===== SETUP LOGGING ======================================================================
2023-09-02 20:52:25,820 - FGO - INFO - THIS_FILE: Wrapper.py
2023-09-02 20:52:25,820 - FGO - INFO - 	done: False
2023-09-02 20:52:25,820 - FGO - INFO - 	learning_rate: 0.005
2023-09-02 20:52:25,820 - FGO - INFO - 	h1: 64
2023-09-02 20:52:25,820 - FGO - INFO - 	h2: 32
2023-09-02 20:52:25,820 - FGO - INFO - 	weight_decay: 0.0005
2023-09-02 20:52:25,820 - FGO - INFO - 	dropout: 0.0
2023-09-02 20:52:25,820 - FGO - INFO - 	max_pretrain_epochs: 100
2023-09-02 20:52:25,820 - FGO - INFO - 	max_ot_epochs: 50
2023-09-02 20:52:25,820 - FGO - INFO - 	lambda: 0.03
2023-09-02 20:52:25,820 - FGO - INFO - 	theta: 50
2023-09-02 20:52:25,820 - FGO - INFO - 	clip: 5
2023-09-02 20:52:25,820 - FGO - INFO - ===== SETUP LOGGING COMPLETE =============================================================
2023-09-02 20:52:25,820 - FGO - INFO - ===== Configuring Masks ==================================================================
2023-09-02 20:52:25,820 - FGO - INFO - Source Total: 729
2023-09-02 20:52:25,820 - FGO - INFO - Target Total: 75
2023-09-02 20:52:25,820 - FGO - INFO - Train Total: 729
2023-09-02 20:52:25,820 - FGO - INFO - Val Total:   75
2023-09-02 20:52:25,820 - FGO - INFO - Test Total:  75
2023-09-02 20:52:25,820 - FGO - INFO - ===== Preparing to load data =============================================================
2023-09-02 20:52:25,820 - FGO - INFO - SOURCE: abide_large
2023-09-02 20:52:25,820 - FGO - INFO - ===== Retrieving SOURCE Data =============================================================
2023-09-02 20:52:25,820 - FGO - INFO - *************** In load_graph_data ***************
2023-09-02 20:52:25,820 - FGO - INFO - 	FILEPATH: ./data/abide_large.mat
2023-09-02 20:52:25,821 - FGO - INFO - 	X shape: (804, 93)
2023-09-02 20:52:25,821 - FGO - INFO - 	A shape: (804, 804)
2023-09-02 20:52:25,821 - FGO - INFO - 	P shape: (804,)
2023-09-02 20:52:25,821 - FGO - INFO - 	Y shape: (804, 2)
2023-09-02 20:52:25,821 - FGO - INFO - 	Y sum: 804 (number of postive labels)
2023-09-02 20:52:25,822 - FGO - INFO - ===== Preparing data =====================================================================
2023-09-02 20:52:25,823 - FGO - INFO - ===== Disconnecting Source and Target ====================================================
2023-09-02 20:52:25,917 - FGO - INFO - ===== Finalize Data ======================================================================
2023-09-02 20:52:25,917 - FGO - INFO - A shape: (804, 804)
2023-09-02 20:52:25,917 - FGO - INFO - X shape: (804, 93)
2023-09-02 20:52:25,917 - FGO - INFO - Y shape: (804, 2)
2023-09-02 20:52:25,917 - FGO - INFO - N: 804
2023-09-02 20:52:25,917 - FGO - INFO - N_s: 729
2023-09-02 20:52:25,917 - FGO - INFO - N_t: 75
2023-09-02 20:52:25,921 - FGO - INFO - ===== Pretrain GCN Model =================================================================
2023-09-02 20:52:25,924 - FGO - INFO - Epoch   0 | Train Loss: 0.689 | Val Loss: 0.68 | Val F1: 0.37 |
2023-09-02 20:52:25,949 - FGO - INFO - Epoch  10 | Train Loss: 0.580 | Val Loss: 0.56 | Val F1: 0.75 |
2023-09-02 20:52:25,973 - FGO - INFO - Epoch  20 | Train Loss: 0.266 | Val Loss: 0.18 | Val F1: 0.97 |
2023-09-02 20:52:25,998 - FGO - INFO - Epoch  30 | Train Loss: 0.135 | Val Loss: 0.07 | Val F1: 0.99 |
2023-09-02 20:52:26,022 - FGO - INFO - Epoch  40 | Train Loss: 0.098 | Val Loss: 0.04 | Val F1: 0.99 |
2023-09-02 20:52:26,047 - FGO - INFO - Epoch  50 | Train Loss: 0.087 | Val Loss: 0.05 | Val F1: 0.99 |
2023-09-02 20:52:26,071 - FGO - INFO - Epoch  60 | Train Loss: 0.077 | Val Loss: 0.05 | Val F1: 0.99 |
2023-09-02 20:52:26,096 - FGO - INFO - Epoch  70 | Train Loss: 0.071 | Val Loss: 0.04 | Val F1: 0.99 |
2023-09-02 20:52:26,120 - FGO - INFO - Epoch  80 | Train Loss: 0.071 | Val Loss: 0.06 | Val F1: 0.97 |
2023-09-02 20:52:26,145 - FGO - INFO - Epoch  90 | Train Loss: 0.066 | Val Loss: 0.04 | Val F1: 0.99 |
2023-09-02 20:52:26,169 - FGO - INFO - Epoch 100 | Train Loss: 0.064 | Val Loss: 0.05 | Val F1: 0.97 |
2023-09-02 20:52:26,169 - FGO - INFO - Best Epoch:  24 | Train Loss: 0.189 | Val Loss: 0.10 | Val F1: 1.00 
2023-09-02 20:52:26,169 - FGO - INFO - Setting model to best state.
2023-09-02 20:52:26,171 - FGO - INFO - ===== Train Fair OT GCN Model ============================================================
2023-09-02 20:52:26,257 - FGO - INFO - Epoch   0 | Train Loss: -12.148 | Val Loss: -1.24 | Val F1: 0.99 |
2023-09-02 20:52:27,057 - FGO - INFO - Epoch  10 | Train Loss: -13.520 | Val Loss: -1.25 | Val F1: 0.92 |
2023-09-02 20:52:27,822 - FGO - INFO - Epoch  20 | Train Loss: -13.925 | Val Loss: -0.94 | Val F1: 0.86 |
2023-09-02 20:52:28,573 - FGO - INFO - Epoch  30 | Train Loss: -14.119 | Val Loss: -0.86 | Val F1: 0.34 |
2023-09-02 20:52:29,360 - FGO - INFO - Epoch  40 | Train Loss: -14.124 | Val Loss: -0.86 | Val F1: 0.34 |
2023-09-02 20:52:30,051 - FGO - INFO - Best Epoch:   6 | Train Loss: -13.102 | Val Loss: -1.31 | Val F1: 0.97 |
2023-09-02 20:52:30,051 - FGO - INFO - Setting model to best state.
2023-09-02 20:52:30,054 - FGO - INFO - ===== Test Fair OT GCN Model =============================================================
2023-09-02 20:52:30,078 - FGO - INFO - Train CM:
[[396   0]
 [333   0]]
2023-09-02 20:52:30,078 - FGO - INFO - Val CM:
[[38  0]
 [37  0]]
2023-09-02 20:52:30,078 - FGO - INFO - Test CM:
[[38  0]
 [37  0]]
2023-09-02 20:52:30,084 - FGO - INFO - test statistical parity: 0.0
2023-09-02 20:52:30,085 - FGO - INFO - test equal opportunity: 0.0
2023-09-02 20:52:30,086 - FGO - INFO - test micro f1: 0.5066666666666667
2023-09-02 20:52:30,087 - FGO - INFO - test macro f1: 0.33628318584070793
