2023-09-02 20:55:25,250 - FGO - INFO - ===== SETUP LOGGING ======================================================================
2023-09-02 20:55:25,250 - FGO - INFO - THIS_FILE: Wrapper.py
2023-09-02 20:55:25,250 - FGO - INFO - 	done: False
2023-09-02 20:55:25,250 - FGO - INFO - 	learning_rate: 0.01
2023-09-02 20:55:25,250 - FGO - INFO - 	h1: 64
2023-09-02 20:55:25,250 - FGO - INFO - 	h2: 32
2023-09-02 20:55:25,250 - FGO - INFO - 	weight_decay: 0.0005
2023-09-02 20:55:25,250 - FGO - INFO - 	dropout: 0.0
2023-09-02 20:55:25,250 - FGO - INFO - 	max_pretrain_epochs: 100
2023-09-02 20:55:25,250 - FGO - INFO - 	max_ot_epochs: 50
2023-09-02 20:55:25,250 - FGO - INFO - 	lambda: 0.01
2023-09-02 20:55:25,250 - FGO - INFO - 	theta: 10
2023-09-02 20:55:25,250 - FGO - INFO - 	clip: 5
2023-09-02 20:55:25,250 - FGO - INFO - ===== SETUP LOGGING COMPLETE =============================================================
2023-09-02 20:55:25,250 - FGO - INFO - ===== Configuring Masks ==================================================================
2023-09-02 20:55:25,250 - FGO - INFO - Source Total: 732
2023-09-02 20:55:25,250 - FGO - INFO - Target Total: 72
2023-09-02 20:55:25,250 - FGO - INFO - Train Total: 732
2023-09-02 20:55:25,250 - FGO - INFO - Val Total:   72
2023-09-02 20:55:25,250 - FGO - INFO - Test Total:  72
2023-09-02 20:55:25,250 - FGO - INFO - ===== Preparing to load data =============================================================
2023-09-02 20:55:25,250 - FGO - INFO - SOURCE: abide_large
2023-09-02 20:55:25,250 - FGO - INFO - ===== Retrieving SOURCE Data =============================================================
2023-09-02 20:55:25,250 - FGO - INFO - *************** In load_graph_data ***************
2023-09-02 20:55:25,250 - FGO - INFO - 	FILEPATH: ./data/abide_large.mat
2023-09-02 20:55:25,250 - FGO - INFO - 	X shape: (804, 93)
2023-09-02 20:55:25,251 - FGO - INFO - 	A shape: (804, 804)
2023-09-02 20:55:25,251 - FGO - INFO - 	P shape: (804,)
2023-09-02 20:55:25,251 - FGO - INFO - 	Y shape: (804, 2)
2023-09-02 20:55:25,251 - FGO - INFO - 	Y sum: 804 (number of postive labels)
2023-09-02 20:55:25,252 - FGO - INFO - ===== Preparing data =====================================================================
2023-09-02 20:55:25,253 - FGO - INFO - ===== Disconnecting Source and Target ====================================================
2023-09-02 20:55:25,343 - FGO - INFO - ===== Finalize Data ======================================================================
2023-09-02 20:55:25,343 - FGO - INFO - A shape: (804, 804)
2023-09-02 20:55:25,343 - FGO - INFO - X shape: (804, 93)
2023-09-02 20:55:25,343 - FGO - INFO - Y shape: (804, 2)
2023-09-02 20:55:25,343 - FGO - INFO - N: 804
2023-09-02 20:55:25,343 - FGO - INFO - N_s: 732
2023-09-02 20:55:25,343 - FGO - INFO - N_t: 72
2023-09-02 20:55:25,347 - FGO - INFO - ===== Pretrain GCN Model =================================================================
2023-09-02 20:55:25,350 - FGO - INFO - Epoch   0 | Train Loss: 0.688 | Val Loss: 0.70 | Val F1: 0.33 |
2023-09-02 20:55:25,375 - FGO - INFO - Epoch  10 | Train Loss: 0.469 | Val Loss: 0.46 | Val F1: 0.81 |
2023-09-02 20:55:25,400 - FGO - INFO - Epoch  20 | Train Loss: 0.141 | Val Loss: 0.14 | Val F1: 0.97 |
2023-09-02 20:55:25,425 - FGO - INFO - Epoch  30 | Train Loss: 0.100 | Val Loss: 0.14 | Val F1: 0.97 |
2023-09-02 20:55:25,449 - FGO - INFO - Epoch  40 | Train Loss: 0.086 | Val Loss: 0.14 | Val F1: 0.97 |
2023-09-02 20:55:25,474 - FGO - INFO - Epoch  50 | Train Loss: 0.077 | Val Loss: 0.11 | Val F1: 0.97 |
2023-09-02 20:55:25,498 - FGO - INFO - Epoch  60 | Train Loss: 0.073 | Val Loss: 0.08 | Val F1: 0.97 |
2023-09-02 20:55:25,523 - FGO - INFO - Epoch  70 | Train Loss: 0.073 | Val Loss: 0.05 | Val F1: 0.99 |
2023-09-02 20:55:25,547 - FGO - INFO - Epoch  80 | Train Loss: 0.067 | Val Loss: 0.06 | Val F1: 0.99 |
2023-09-02 20:55:25,572 - FGO - INFO - Epoch  90 | Train Loss: 0.067 | Val Loss: 0.06 | Val F1: 0.99 |
2023-09-02 20:55:25,597 - FGO - INFO - Epoch 100 | Train Loss: 0.070 | Val Loss: 0.05 | Val F1: 0.99 |
2023-09-02 20:55:25,597 - FGO - INFO - Best Epoch:  64 | Train Loss: 0.069 | Val Loss: 0.06 | Val F1: 0.99 
2023-09-02 20:55:25,597 - FGO - INFO - Setting model to best state.
2023-09-02 20:55:25,598 - FGO - INFO - ===== Train Fair OT GCN Model ============================================================
2023-09-02 20:55:25,722 - FGO - INFO - Epoch   0 | Train Loss: -0.622 | Val Loss: -0.01 | Val F1: 0.99 |
2023-09-02 20:55:26,613 - FGO - INFO - Epoch  10 | Train Loss: -0.736 | Val Loss: -0.00 | Val F1: 0.99 |
2023-09-02 20:55:27,457 - FGO - INFO - Epoch  20 | Train Loss: -0.783 | Val Loss: -0.02 | Val F1: 0.99 |
2023-09-02 20:55:28,294 - FGO - INFO - Epoch  30 | Train Loss: -0.804 | Val Loss: -0.02 | Val F1: 0.99 |
2023-09-02 20:55:29,164 - FGO - INFO - Epoch  40 | Train Loss: -0.819 | Val Loss: -0.03 | Val F1: 0.99 |
2023-09-02 20:55:29,876 - FGO - INFO - Best Epoch:   7 | Train Loss: -0.729 | Val Loss: -0.02 | Val F1: 0.99 |
2023-09-02 20:55:29,876 - FGO - INFO - Setting model to best state.
2023-09-02 20:55:29,880 - FGO - INFO - ===== Test Fair OT GCN Model =============================================================
2023-09-02 20:55:29,906 - FGO - INFO - Train CM:
[[388   9]
 [ 10 325]]
2023-09-02 20:55:29,906 - FGO - INFO - Val CM:
[[37  0]
 [ 1 34]]
2023-09-02 20:55:29,907 - FGO - INFO - Test CM:
[[37  0]
 [ 1 34]]
2023-09-02 20:55:29,912 - FGO - INFO - test statistical parity: 0.08387096774193548
2023-09-02 20:55:29,913 - FGO - INFO - test equal opportunity: 0.19999999999999996
2023-09-02 20:55:29,914 - FGO - INFO - test micro f1: 0.9861111111111112
2023-09-02 20:55:29,914 - FGO - INFO - test macro f1: 0.986086956521739
