2023-09-02 19:16:48,714 - FGO - INFO - ===== SETUP LOGGING ======================================================================
2023-09-02 19:16:48,714 - FGO - INFO - THIS_FILE: Wrapper.py
2023-09-02 19:16:48,714 - FGO - INFO - 	learning_rate: 0.005
2023-09-02 19:16:48,714 - FGO - INFO - 	h1: 64
2023-09-02 19:16:48,714 - FGO - INFO - 	h2: 32
2023-09-02 19:16:48,714 - FGO - INFO - 	weight_decay: 0.0005
2023-09-02 19:16:48,714 - FGO - INFO - 	dropout: 0.0
2023-09-02 19:16:48,714 - FGO - INFO - 	max_pretrain_epochs: 50
2023-09-02 19:16:48,714 - FGO - INFO - 	max_ot_epochs: 15
2023-09-02 19:16:48,714 - FGO - INFO - 	lambda: 0.01
2023-09-02 19:16:48,714 - FGO - INFO - 	theta: 10
2023-09-02 19:16:48,714 - FGO - INFO - 	clip: 5
2023-09-02 19:16:48,714 - FGO - INFO - ===== SETUP LOGGING COMPLETE =============================================================
2023-09-02 19:16:48,714 - FGO - INFO - ===== Preparing to load data =============================================================
2023-09-02 19:16:48,714 - FGO - INFO - SOURCE: abide_large
2023-09-02 19:16:48,714 - FGO - INFO - TARGET: abide_small
2023-09-02 19:16:48,714 - FGO - INFO - ===== Retrieving SOURCE Data =============================================================
2023-09-02 19:16:48,714 - FGO - INFO - *************** In load_graph_data ***************
2023-09-02 19:16:48,714 - FGO - INFO - 	FILEPATH: ./data/abide_large.mat
2023-09-02 19:16:48,715 - FGO - INFO - 	X shape: (804, 93)
2023-09-02 19:16:48,715 - FGO - INFO - 	A shape: (804, 804)
2023-09-02 19:16:48,715 - FGO - INFO - 	P shape: (804,)
2023-09-02 19:16:48,715 - FGO - INFO - 	Y shape: (804, 2)
2023-09-02 19:16:48,715 - FGO - INFO - 	Y sum: 804 (number of postive labels)
2023-09-02 19:16:48,716 - FGO - INFO - ===== Retrieving TARGET Data =============================================================
2023-09-02 19:16:48,716 - FGO - INFO - *************** In load_graph_data ***************
2023-09-02 19:16:48,716 - FGO - INFO - 	FILEPATH: ./data/abide_small.mat
2023-09-02 19:16:48,716 - FGO - INFO - 	X shape: (67, 93)
2023-09-02 19:16:48,716 - FGO - INFO - 	A shape: (67, 67)
2023-09-02 19:16:48,716 - FGO - INFO - 	P shape: (67,)
2023-09-02 19:16:48,716 - FGO - INFO - 	Y shape: (67, 2)
2023-09-02 19:16:48,716 - FGO - INFO - 	Y sum: 67 (number of postive labels)
2023-09-02 19:16:48,716 - FGO - INFO - ===== Combine Data =======================================================================
2023-09-02 19:16:48,748 - FGO - INFO - A shape: (871, 871)
2023-09-02 19:16:48,748 - FGO - INFO - X shape: (871, 93)
2023-09-02 19:16:48,748 - FGO - INFO - Y shape: (871, 2)
2023-09-02 19:16:48,748 - FGO - INFO - N: 871
2023-09-02 19:16:48,748 - FGO - INFO - N_s: 804
2023-09-02 19:16:48,748 - FGO - INFO - N_t: 67
2023-09-02 19:16:48,751 - FGO - INFO - ===== Configuring Train/Val/Test Masks ===================================================
2023-09-02 19:16:48,752 - FGO - INFO - Train Total: 804
2023-09-02 19:16:48,752 - FGO - INFO - Val Total:   0.0
2023-09-02 19:16:48,752 - FGO - INFO - Test Total:  67
2023-09-02 19:16:48,752 - FGO - INFO - ===== Pretrain GCN Model =================================================================
2023-09-02 19:16:48,799 - FGO - INFO - Epoch   0 | Train Loss: 0.708 | Train Macro F1: 0.35 |
2023-09-02 19:16:49,266 - FGO - INFO - Epoch  10 | Train Loss: 0.625 | Train Macro F1: 0.76 |
2023-09-02 19:16:49,730 - FGO - INFO - Epoch  20 | Train Loss: 0.323 | Train Macro F1: 0.89 |
2023-09-02 19:16:50,198 - FGO - INFO - Epoch  30 | Train Loss: 0.145 | Train Macro F1: 0.95 |
2023-09-02 19:16:50,667 - FGO - INFO - Epoch  40 | Train Loss: 0.101 | Train Macro F1: 0.96 |
2023-09-02 19:16:51,138 - FGO - INFO - Epoch  50 | Train Loss: 0.089 | Train Macro F1: 0.96 |
2023-09-02 19:16:51,139 - FGO - INFO - ===== Train Fair OT GCN Model ============================================================
2023-09-02 19:16:51,336 - FGO - INFO - Epoch   0 | Train Loss: 2.764 | Train CE Loss: 3.276 | Train OT Loss: -0.051| Train Macro F1: 0.58 |
2023-09-02 19:16:52,860 - FGO - INFO - Epoch  10 | Train Loss: -0.496 | Train CE Loss: 0.260 | Train OT Loss: -0.076| Train Macro F1: 0.92 |
2023-09-02 19:16:53,463 - FGO - INFO - ===== Test Fair OT GCN Model =============================================================
2023-09-02 19:16:53,502 - FGO - INFO - Train CM:
[[432   2]
 [ 33 337]]
2023-09-02 19:16:53,503 - FGO - INFO - Val CM:
[]
2023-09-02 19:16:53,503 - FGO - INFO - Test CM:
[[34  0]
 [ 1 32]]
2023-09-02 19:16:53,508 - FGO - INFO - test micro f1: 0.9850746268656716
2023-09-02 19:16:53,508 - FGO - INFO - test macro f1: 0.9850613154960981
2023-09-02 19:16:53,509 - FGO - INFO - test statistical parity: 0.12380952380952381
2023-09-02 19:16:53,510 - FGO - INFO - test equal opportunity: 0.09090909090909094
2023-09-02 19:16:53,510 - FGO - INFO - train micro f1: 0.9564676616915423
2023-09-02 19:16:53,511 - FGO - INFO - train macro f1: 0.9558512749630919
2023-09-02 19:16:53,511 - FGO - INFO - train statistical parity: 0.12995154266085995
2023-09-02 19:16:53,512 - FGO - INFO - train equal opportunity: 0.05696607638148077
