2023-09-02 20:55:51,343 - FGO - INFO - ===== SETUP LOGGING ======================================================================
2023-09-02 20:55:51,343 - FGO - INFO - THIS_FILE: Wrapper.py
2023-09-02 20:55:51,343 - FGO - INFO - 	done: False
2023-09-02 20:55:51,343 - FGO - INFO - 	learning_rate: 0.01
2023-09-02 20:55:51,343 - FGO - INFO - 	h1: 64
2023-09-02 20:55:51,343 - FGO - INFO - 	h2: 32
2023-09-02 20:55:51,343 - FGO - INFO - 	weight_decay: 0.0005
2023-09-02 20:55:51,343 - FGO - INFO - 	dropout: 0.0
2023-09-02 20:55:51,343 - FGO - INFO - 	max_pretrain_epochs: 100
2023-09-02 20:55:51,343 - FGO - INFO - 	max_ot_epochs: 50
2023-09-02 20:55:51,343 - FGO - INFO - 	lambda: 0.01
2023-09-02 20:55:51,343 - FGO - INFO - 	theta: 10
2023-09-02 20:55:51,343 - FGO - INFO - 	clip: 5
2023-09-02 20:55:51,343 - FGO - INFO - ===== SETUP LOGGING COMPLETE =============================================================
2023-09-02 20:55:51,343 - FGO - INFO - ===== Configuring Masks ==================================================================
2023-09-02 20:55:51,343 - FGO - INFO - Source Total: 725
2023-09-02 20:55:51,343 - FGO - INFO - Target Total: 79
2023-09-02 20:55:51,343 - FGO - INFO - Train Total: 725
2023-09-02 20:55:51,343 - FGO - INFO - Val Total:   79
2023-09-02 20:55:51,343 - FGO - INFO - Test Total:  79
2023-09-02 20:55:51,343 - FGO - INFO - ===== Preparing to load data =============================================================
2023-09-02 20:55:51,343 - FGO - INFO - SOURCE: abide_large
2023-09-02 20:55:51,343 - FGO - INFO - ===== Retrieving SOURCE Data =============================================================
2023-09-02 20:55:51,343 - FGO - INFO - *************** In load_graph_data ***************
2023-09-02 20:55:51,343 - FGO - INFO - 	FILEPATH: ./data/abide_large.mat
2023-09-02 20:55:51,344 - FGO - INFO - 	X shape: (804, 93)
2023-09-02 20:55:51,344 - FGO - INFO - 	A shape: (804, 804)
2023-09-02 20:55:51,344 - FGO - INFO - 	P shape: (804,)
2023-09-02 20:55:51,344 - FGO - INFO - 	Y shape: (804, 2)
2023-09-02 20:55:51,344 - FGO - INFO - 	Y sum: 804 (number of postive labels)
2023-09-02 20:55:51,345 - FGO - INFO - ===== Preparing data =====================================================================
2023-09-02 20:55:51,346 - FGO - INFO - ===== Disconnecting Source and Target ====================================================
2023-09-02 20:55:51,445 - FGO - INFO - ===== Finalize Data ======================================================================
2023-09-02 20:55:51,445 - FGO - INFO - A shape: (804, 804)
2023-09-02 20:55:51,445 - FGO - INFO - X shape: (804, 93)
2023-09-02 20:55:51,445 - FGO - INFO - Y shape: (804, 2)
2023-09-02 20:55:51,445 - FGO - INFO - N: 804
2023-09-02 20:55:51,445 - FGO - INFO - N_s: 725
2023-09-02 20:55:51,445 - FGO - INFO - N_t: 79
2023-09-02 20:55:51,449 - FGO - INFO - ===== Pretrain GCN Model =================================================================
2023-09-02 20:55:51,452 - FGO - INFO - Epoch   0 | Train Loss: 0.690 | Val Loss: 0.67 | Val F1: 0.38 |
2023-09-02 20:55:51,477 - FGO - INFO - Epoch  10 | Train Loss: 0.471 | Val Loss: 0.48 | Val F1: 0.87 |
2023-09-02 20:55:51,502 - FGO - INFO - Epoch  20 | Train Loss: 0.138 | Val Loss: 0.18 | Val F1: 0.96 |
2023-09-02 20:55:51,526 - FGO - INFO - Epoch  30 | Train Loss: 0.102 | Val Loss: 0.19 | Val F1: 0.97 |
2023-09-02 20:55:51,551 - FGO - INFO - Epoch  40 | Train Loss: 0.092 | Val Loss: 0.21 | Val F1: 0.97 |
2023-09-02 20:55:51,575 - FGO - INFO - Epoch  50 | Train Loss: 0.078 | Val Loss: 0.19 | Val F1: 0.97 |
2023-09-02 20:55:51,599 - FGO - INFO - Epoch  60 | Train Loss: 0.071 | Val Loss: 0.18 | Val F1: 0.97 |
2023-09-02 20:55:51,624 - FGO - INFO - Epoch  70 | Train Loss: 0.066 | Val Loss: 0.15 | Val F1: 0.97 |
2023-09-02 20:55:51,648 - FGO - INFO - Epoch  80 | Train Loss: 0.069 | Val Loss: 0.15 | Val F1: 0.97 |
2023-09-02 20:55:51,673 - FGO - INFO - Epoch  90 | Train Loss: 0.063 | Val Loss: 0.10 | Val F1: 0.97 |
2023-09-02 20:55:51,697 - FGO - INFO - Epoch 100 | Train Loss: 0.070 | Val Loss: 0.06 | Val F1: 0.97 |
2023-09-02 20:55:51,697 - FGO - INFO - Best Epoch:  25 | Train Loss: 0.119 | Val Loss: 0.24 | Val F1: 0.97 
2023-09-02 20:55:51,697 - FGO - INFO - Setting model to best state.
2023-09-02 20:55:51,699 - FGO - INFO - ===== Train Fair OT GCN Model ============================================================
2023-09-02 20:55:51,824 - FGO - INFO - Epoch   0 | Train Loss: -0.557 | Val Loss: 0.03 | Val F1: 0.97 |
2023-09-02 20:55:52,837 - FGO - INFO - Epoch  10 | Train Loss: -0.309 | Val Loss: 0.81 | Val F1: 0.77 |
2023-09-02 20:55:53,782 - FGO - INFO - Epoch  20 | Train Loss: -0.619 | Val Loss: 0.05 | Val F1: 0.96 |
2023-09-02 20:55:54,662 - FGO - INFO - Epoch  30 | Train Loss: -0.675 | Val Loss: 0.06 | Val F1: 0.93 |
2023-09-02 20:55:55,549 - FGO - INFO - Epoch  40 | Train Loss: -0.730 | Val Loss: 0.06 | Val F1: 0.93 |
2023-09-02 20:55:56,280 - FGO - INFO - Best Epoch:  44 | Train Loss: -0.751 | Val Loss: 0.02 | Val F1: 0.96 |
2023-09-02 20:55:56,280 - FGO - INFO - Setting model to best state.
2023-09-02 20:55:56,284 - FGO - INFO - ===== Test Fair OT GCN Model =============================================================
2023-09-02 20:55:56,311 - FGO - INFO - Train CM:
[[375  10]
 [ 11 329]]
2023-09-02 20:55:56,311 - FGO - INFO - Val CM:
[[46  3]
 [ 0 30]]
2023-09-02 20:55:56,311 - FGO - INFO - Test CM:
[[46  3]
 [ 0 30]]
2023-09-02 20:55:56,316 - FGO - INFO - test statistical parity: 0.09420289855072461
2023-09-02 20:55:56,317 - FGO - INFO - test equal opportunity: 0.0
2023-09-02 20:55:56,318 - FGO - INFO - test micro f1: 0.9620253164556962
2023-09-02 20:55:56,319 - FGO - INFO - test macro f1: 0.9604010025062657
