2023-09-02 20:57:48,851 - FGO - INFO - ===== SETUP LOGGING ======================================================================
2023-09-02 20:57:48,851 - FGO - INFO - THIS_FILE: Wrapper.py
2023-09-02 20:57:48,852 - FGO - INFO - 	done: False
2023-09-02 20:57:48,852 - FGO - INFO - 	learning_rate: 0.01
2023-09-02 20:57:48,852 - FGO - INFO - 	h1: 64
2023-09-02 20:57:48,852 - FGO - INFO - 	h2: 32
2023-09-02 20:57:48,852 - FGO - INFO - 	weight_decay: 0.0005
2023-09-02 20:57:48,852 - FGO - INFO - 	dropout: 0.0
2023-09-02 20:57:48,852 - FGO - INFO - 	max_pretrain_epochs: 100
2023-09-02 20:57:48,852 - FGO - INFO - 	max_ot_epochs: 50
2023-09-02 20:57:48,852 - FGO - INFO - 	lambda: 0.03
2023-09-02 20:57:48,852 - FGO - INFO - 	theta: 10
2023-09-02 20:57:48,852 - FGO - INFO - 	clip: 5
2023-09-02 20:57:48,852 - FGO - INFO - ===== SETUP LOGGING COMPLETE =============================================================
2023-09-02 20:57:48,852 - FGO - INFO - ===== Configuring Masks ==================================================================
2023-09-02 20:57:48,852 - FGO - INFO - Source Total: 732
2023-09-02 20:57:48,852 - FGO - INFO - Target Total: 72
2023-09-02 20:57:48,852 - FGO - INFO - Train Total: 732
2023-09-02 20:57:48,852 - FGO - INFO - Val Total:   72
2023-09-02 20:57:48,852 - FGO - INFO - Test Total:  72
2023-09-02 20:57:48,852 - FGO - INFO - ===== Preparing to load data =============================================================
2023-09-02 20:57:48,852 - FGO - INFO - SOURCE: abide_large
2023-09-02 20:57:48,852 - FGO - INFO - ===== Retrieving SOURCE Data =============================================================
2023-09-02 20:57:48,852 - FGO - INFO - *************** In load_graph_data ***************
2023-09-02 20:57:48,852 - FGO - INFO - 	FILEPATH: ./data/abide_large.mat
2023-09-02 20:57:48,852 - FGO - INFO - 	X shape: (804, 93)
2023-09-02 20:57:48,852 - FGO - INFO - 	A shape: (804, 804)
2023-09-02 20:57:48,852 - FGO - INFO - 	P shape: (804,)
2023-09-02 20:57:48,852 - FGO - INFO - 	Y shape: (804, 2)
2023-09-02 20:57:48,853 - FGO - INFO - 	Y sum: 804 (number of postive labels)
2023-09-02 20:57:48,853 - FGO - INFO - ===== Preparing data =====================================================================
2023-09-02 20:57:48,855 - FGO - INFO - ===== Disconnecting Source and Target ====================================================
2023-09-02 20:57:48,945 - FGO - INFO - ===== Finalize Data ======================================================================
2023-09-02 20:57:48,946 - FGO - INFO - A shape: (804, 804)
2023-09-02 20:57:48,946 - FGO - INFO - X shape: (804, 93)
2023-09-02 20:57:48,946 - FGO - INFO - Y shape: (804, 2)
2023-09-02 20:57:48,946 - FGO - INFO - N: 804
2023-09-02 20:57:48,946 - FGO - INFO - N_s: 732
2023-09-02 20:57:48,946 - FGO - INFO - N_t: 72
2023-09-02 20:57:48,949 - FGO - INFO - ===== Pretrain GCN Model =================================================================
2023-09-02 20:57:48,953 - FGO - INFO - Epoch   0 | Train Loss: 0.688 | Val Loss: 0.70 | Val F1: 0.33 |
2023-09-02 20:57:48,978 - FGO - INFO - Epoch  10 | Train Loss: 0.469 | Val Loss: 0.46 | Val F1: 0.81 |
2023-09-02 20:57:49,002 - FGO - INFO - Epoch  20 | Train Loss: 0.141 | Val Loss: 0.14 | Val F1: 0.97 |
2023-09-02 20:57:49,027 - FGO - INFO - Epoch  30 | Train Loss: 0.100 | Val Loss: 0.14 | Val F1: 0.97 |
2023-09-02 20:57:49,052 - FGO - INFO - Epoch  40 | Train Loss: 0.086 | Val Loss: 0.14 | Val F1: 0.97 |
2023-09-02 20:57:49,076 - FGO - INFO - Epoch  50 | Train Loss: 0.077 | Val Loss: 0.11 | Val F1: 0.97 |
2023-09-02 20:57:49,101 - FGO - INFO - Epoch  60 | Train Loss: 0.073 | Val Loss: 0.08 | Val F1: 0.97 |
2023-09-02 20:57:49,126 - FGO - INFO - Epoch  70 | Train Loss: 0.073 | Val Loss: 0.05 | Val F1: 0.99 |
2023-09-02 20:57:49,150 - FGO - INFO - Epoch  80 | Train Loss: 0.067 | Val Loss: 0.06 | Val F1: 0.99 |
2023-09-02 20:57:49,175 - FGO - INFO - Epoch  90 | Train Loss: 0.067 | Val Loss: 0.06 | Val F1: 0.99 |
2023-09-02 20:57:49,200 - FGO - INFO - Epoch 100 | Train Loss: 0.070 | Val Loss: 0.05 | Val F1: 0.99 |
2023-09-02 20:57:49,200 - FGO - INFO - Best Epoch:  64 | Train Loss: 0.069 | Val Loss: 0.06 | Val F1: 0.99 
2023-09-02 20:57:49,200 - FGO - INFO - Setting model to best state.
2023-09-02 20:57:49,201 - FGO - INFO - ===== Train Fair OT GCN Model ============================================================
2023-09-02 20:57:49,293 - FGO - INFO - Epoch   0 | Train Loss: -2.426 | Val Loss: -0.19 | Val F1: 0.99 |
2023-09-02 20:57:50,154 - FGO - INFO - Epoch  10 | Train Loss: -2.498 | Val Loss: -0.21 | Val F1: 0.99 |
2023-09-02 20:57:50,901 - FGO - INFO - Epoch  20 | Train Loss: -2.558 | Val Loss: -0.21 | Val F1: 0.97 |
2023-09-02 20:57:51,711 - FGO - INFO - Epoch  30 | Train Loss: -2.631 | Val Loss: -0.21 | Val F1: 0.99 |
2023-09-02 20:57:52,504 - FGO - INFO - Epoch  40 | Train Loss: -2.669 | Val Loss: -0.19 | Val F1: 0.99 |
2023-09-02 20:57:53,199 - FGO - INFO - Best Epoch:  10 | Train Loss: -2.498 | Val Loss: -0.21 | Val F1: 0.99 |
2023-09-02 20:57:53,199 - FGO - INFO - Setting model to best state.
2023-09-02 20:57:53,203 - FGO - INFO - ===== Test Fair OT GCN Model =============================================================
2023-09-02 20:57:53,226 - FGO - INFO - Train CM:
[[387  10]
 [ 12 323]]
2023-09-02 20:57:53,226 - FGO - INFO - Val CM:
[[37  0]
 [ 1 34]]
2023-09-02 20:57:53,227 - FGO - INFO - Test CM:
[[37  0]
 [ 1 34]]
2023-09-02 20:57:53,231 - FGO - INFO - test statistical parity: 0.08387096774193548
2023-09-02 20:57:53,232 - FGO - INFO - test equal opportunity: 0.19999999999999996
2023-09-02 20:57:53,233 - FGO - INFO - test micro f1: 0.9861111111111112
2023-09-02 20:57:53,234 - FGO - INFO - test macro f1: 0.986086956521739
