2023-09-02 20:42:11,266 - FGO - INFO - ===== SETUP LOGGING ======================================================================
2023-09-02 20:42:11,266 - FGO - INFO - THIS_FILE: Wrapper.py
2023-09-02 20:42:11,266 - FGO - INFO - 	done: False
2023-09-02 20:42:11,266 - FGO - INFO - 	learning_rate: 0.001
2023-09-02 20:42:11,266 - FGO - INFO - 	h1: 64
2023-09-02 20:42:11,266 - FGO - INFO - 	h2: 32
2023-09-02 20:42:11,266 - FGO - INFO - 	weight_decay: 0.0005
2023-09-02 20:42:11,266 - FGO - INFO - 	dropout: 0.0
2023-09-02 20:42:11,266 - FGO - INFO - 	max_pretrain_epochs: 100
2023-09-02 20:42:11,266 - FGO - INFO - 	max_ot_epochs: 50
2023-09-02 20:42:11,266 - FGO - INFO - 	lambda: 0.01
2023-09-02 20:42:11,266 - FGO - INFO - 	theta: 10
2023-09-02 20:42:11,266 - FGO - INFO - 	clip: 5
2023-09-02 20:42:11,266 - FGO - INFO - ===== SETUP LOGGING COMPLETE =============================================================
2023-09-02 20:42:11,266 - FGO - INFO - ===== Configuring Masks ==================================================================
2023-09-02 20:42:11,266 - FGO - INFO - Source Total: 717
2023-09-02 20:42:11,266 - FGO - INFO - Target Total: 87
2023-09-02 20:42:11,266 - FGO - INFO - Train Total: 717
2023-09-02 20:42:11,266 - FGO - INFO - Val Total:   87
2023-09-02 20:42:11,266 - FGO - INFO - Test Total:  87
2023-09-02 20:42:11,266 - FGO - INFO - ===== Preparing to load data =============================================================
2023-09-02 20:42:11,266 - FGO - INFO - SOURCE: abide_large
2023-09-02 20:42:11,266 - FGO - INFO - ===== Retrieving SOURCE Data =============================================================
2023-09-02 20:42:11,266 - FGO - INFO - *************** In load_graph_data ***************
2023-09-02 20:42:11,266 - FGO - INFO - 	FILEPATH: ./data/abide_large.mat
2023-09-02 20:42:11,267 - FGO - INFO - 	X shape: (804, 93)
2023-09-02 20:42:11,267 - FGO - INFO - 	A shape: (804, 804)
2023-09-02 20:42:11,267 - FGO - INFO - 	P shape: (804,)
2023-09-02 20:42:11,267 - FGO - INFO - 	Y shape: (804, 2)
2023-09-02 20:42:11,267 - FGO - INFO - 	Y sum: 804 (number of postive labels)
2023-09-02 20:42:11,268 - FGO - INFO - ===== Preparing data =====================================================================
2023-09-02 20:42:11,269 - FGO - INFO - ===== Disconnecting Source and Target ====================================================
2023-09-02 20:42:11,375 - FGO - INFO - ===== Finalize Data ======================================================================
2023-09-02 20:42:11,375 - FGO - INFO - A shape: (804, 804)
2023-09-02 20:42:11,375 - FGO - INFO - X shape: (804, 93)
2023-09-02 20:42:11,375 - FGO - INFO - Y shape: (804, 2)
2023-09-02 20:42:11,375 - FGO - INFO - N: 804
2023-09-02 20:42:11,375 - FGO - INFO - N_s: 717
2023-09-02 20:42:11,375 - FGO - INFO - N_t: 87
2023-09-02 20:42:11,378 - FGO - INFO - ===== Pretrain GCN Model =================================================================
2023-09-02 20:42:11,381 - FGO - INFO - Epoch   0 | Train Loss: 0.690 | Val Loss: 0.68 | Val F1: 0.36 |
2023-09-02 20:42:11,409 - FGO - INFO - Epoch  10 | Train Loss: 0.675 | Val Loss: 0.67 | Val F1: 0.47 |
2023-09-02 20:42:11,434 - FGO - INFO - Epoch  20 | Train Loss: 0.650 | Val Loss: 0.64 | Val F1: 0.63 |
2023-09-02 20:42:11,459 - FGO - INFO - Epoch  30 | Train Loss: 0.595 | Val Loss: 0.59 | Val F1: 0.78 |
2023-09-02 20:42:11,483 - FGO - INFO - Epoch  40 | Train Loss: 0.509 | Val Loss: 0.50 | Val F1: 0.84 |
2023-09-02 20:42:11,508 - FGO - INFO - Epoch  50 | Train Loss: 0.402 | Val Loss: 0.40 | Val F1: 0.86 |
2023-09-02 20:42:11,532 - FGO - INFO - Epoch  60 | Train Loss: 0.301 | Val Loss: 0.31 | Val F1: 0.92 |
2023-09-02 20:42:11,557 - FGO - INFO - Epoch  70 | Train Loss: 0.228 | Val Loss: 0.23 | Val F1: 0.92 |
2023-09-02 20:42:11,581 - FGO - INFO - Epoch  80 | Train Loss: 0.184 | Val Loss: 0.19 | Val F1: 0.93 |
2023-09-02 20:42:11,605 - FGO - INFO - Epoch  90 | Train Loss: 0.154 | Val Loss: 0.16 | Val F1: 0.94 |
2023-09-02 20:42:11,630 - FGO - INFO - Epoch 100 | Train Loss: 0.134 | Val Loss: 0.14 | Val F1: 0.95 |
2023-09-02 20:42:11,630 - FGO - INFO - Best Epoch:  99 | Train Loss: 0.135 | Val Loss: 0.14 | Val F1: 0.95 
2023-09-02 20:42:11,630 - FGO - INFO - Setting model to best state.
2023-09-02 20:42:11,631 - FGO - INFO - ===== Train Fair OT GCN Model ============================================================
2023-09-02 20:42:11,734 - FGO - INFO - Epoch   0 | Train Loss: -0.552 | Val Loss: 0.05 | Val F1: 0.95 |
2023-09-02 20:42:12,514 - FGO - INFO - Epoch  10 | Train Loss: -0.606 | Val Loss: 0.04 | Val F1: 0.95 |
2023-09-02 20:42:13,363 - FGO - INFO - Epoch  20 | Train Loss: -0.651 | Val Loss: 0.02 | Val F1: 0.95 |
2023-09-02 20:42:14,185 - FGO - INFO - Epoch  30 | Train Loss: -0.681 | Val Loss: 0.01 | Val F1: 0.96 |
2023-09-02 20:42:15,029 - FGO - INFO - Epoch  40 | Train Loss: -0.699 | Val Loss: -0.00 | Val F1: 0.98 |
2023-09-02 20:42:15,805 - FGO - INFO - Best Epoch:  40 | Train Loss: -0.699 | Val Loss: -0.00 | Val F1: 0.98 |
2023-09-02 20:42:15,805 - FGO - INFO - Setting model to best state.
2023-09-02 20:42:15,808 - FGO - INFO - ===== Test Fair OT GCN Model =============================================================
2023-09-02 20:42:15,837 - FGO - INFO - Train CM:
[[376   9]
 [ 20 312]]
2023-09-02 20:42:15,837 - FGO - INFO - Val CM:
[[47  2]
 [ 0 38]]
2023-09-02 20:42:15,837 - FGO - INFO - Test CM:
[[47  2]
 [ 0 38]]
2023-09-02 20:42:15,842 - FGO - INFO - test statistical parity: 0.044303797468354444
2023-09-02 20:42:15,843 - FGO - INFO - test equal opportunity: 0.0
2023-09-02 20:42:15,844 - FGO - INFO - test micro f1: 0.9770114942528736
2023-09-02 20:42:15,845 - FGO - INFO - test macro f1: 0.9767628205128205
