2023-09-02 20:46:38,043 - FGO - INFO - ===== SETUP LOGGING ======================================================================
2023-09-02 20:46:38,043 - FGO - INFO - THIS_FILE: Wrapper.py
2023-09-02 20:46:38,043 - FGO - INFO - 	done: False
2023-09-02 20:46:38,043 - FGO - INFO - 	learning_rate: 0.001
2023-09-02 20:46:38,043 - FGO - INFO - 	h1: 64
2023-09-02 20:46:38,043 - FGO - INFO - 	h2: 32
2023-09-02 20:46:38,043 - FGO - INFO - 	weight_decay: 0.0005
2023-09-02 20:46:38,043 - FGO - INFO - 	dropout: 0.0
2023-09-02 20:46:38,043 - FGO - INFO - 	max_pretrain_epochs: 100
2023-09-02 20:46:38,043 - FGO - INFO - 	max_ot_epochs: 50
2023-09-02 20:46:38,043 - FGO - INFO - 	lambda: 0.05
2023-09-02 20:46:38,043 - FGO - INFO - 	theta: 10
2023-09-02 20:46:38,043 - FGO - INFO - 	clip: 5
2023-09-02 20:46:38,043 - FGO - INFO - ===== SETUP LOGGING COMPLETE =============================================================
2023-09-02 20:46:38,043 - FGO - INFO - ===== Configuring Masks ==================================================================
2023-09-02 20:46:38,043 - FGO - INFO - Source Total: 717
2023-09-02 20:46:38,043 - FGO - INFO - Target Total: 87
2023-09-02 20:46:38,043 - FGO - INFO - Train Total: 717
2023-09-02 20:46:38,043 - FGO - INFO - Val Total:   87
2023-09-02 20:46:38,043 - FGO - INFO - Test Total:  87
2023-09-02 20:46:38,043 - FGO - INFO - ===== Preparing to load data =============================================================
2023-09-02 20:46:38,043 - FGO - INFO - SOURCE: abide_large
2023-09-02 20:46:38,043 - FGO - INFO - ===== Retrieving SOURCE Data =============================================================
2023-09-02 20:46:38,043 - FGO - INFO - *************** In load_graph_data ***************
2023-09-02 20:46:38,043 - FGO - INFO - 	FILEPATH: ./data/abide_large.mat
2023-09-02 20:46:38,044 - FGO - INFO - 	X shape: (804, 93)
2023-09-02 20:46:38,044 - FGO - INFO - 	A shape: (804, 804)
2023-09-02 20:46:38,044 - FGO - INFO - 	P shape: (804,)
2023-09-02 20:46:38,044 - FGO - INFO - 	Y shape: (804, 2)
2023-09-02 20:46:38,044 - FGO - INFO - 	Y sum: 804 (number of postive labels)
2023-09-02 20:46:38,045 - FGO - INFO - ===== Preparing data =====================================================================
2023-09-02 20:46:38,046 - FGO - INFO - ===== Disconnecting Source and Target ====================================================
2023-09-02 20:46:38,153 - FGO - INFO - ===== Finalize Data ======================================================================
2023-09-02 20:46:38,153 - FGO - INFO - A shape: (804, 804)
2023-09-02 20:46:38,153 - FGO - INFO - X shape: (804, 93)
2023-09-02 20:46:38,153 - FGO - INFO - Y shape: (804, 2)
2023-09-02 20:46:38,153 - FGO - INFO - N: 804
2023-09-02 20:46:38,153 - FGO - INFO - N_s: 717
2023-09-02 20:46:38,153 - FGO - INFO - N_t: 87
2023-09-02 20:46:38,156 - FGO - INFO - ===== Pretrain GCN Model =================================================================
2023-09-02 20:46:38,160 - FGO - INFO - Epoch   0 | Train Loss: 0.690 | Val Loss: 0.68 | Val F1: 0.36 |
2023-09-02 20:46:38,184 - FGO - INFO - Epoch  10 | Train Loss: 0.675 | Val Loss: 0.67 | Val F1: 0.47 |
2023-09-02 20:46:38,209 - FGO - INFO - Epoch  20 | Train Loss: 0.650 | Val Loss: 0.64 | Val F1: 0.63 |
2023-09-02 20:46:38,233 - FGO - INFO - Epoch  30 | Train Loss: 0.595 | Val Loss: 0.59 | Val F1: 0.78 |
2023-09-02 20:46:38,258 - FGO - INFO - Epoch  40 | Train Loss: 0.509 | Val Loss: 0.50 | Val F1: 0.84 |
2023-09-02 20:46:38,282 - FGO - INFO - Epoch  50 | Train Loss: 0.402 | Val Loss: 0.40 | Val F1: 0.86 |
2023-09-02 20:46:38,307 - FGO - INFO - Epoch  60 | Train Loss: 0.301 | Val Loss: 0.31 | Val F1: 0.92 |
2023-09-02 20:46:38,331 - FGO - INFO - Epoch  70 | Train Loss: 0.228 | Val Loss: 0.23 | Val F1: 0.92 |
2023-09-02 20:46:38,356 - FGO - INFO - Epoch  80 | Train Loss: 0.184 | Val Loss: 0.19 | Val F1: 0.93 |
2023-09-02 20:46:38,380 - FGO - INFO - Epoch  90 | Train Loss: 0.154 | Val Loss: 0.16 | Val F1: 0.94 |
2023-09-02 20:46:38,404 - FGO - INFO - Epoch 100 | Train Loss: 0.134 | Val Loss: 0.14 | Val F1: 0.95 |
2023-09-02 20:46:38,404 - FGO - INFO - Best Epoch:  99 | Train Loss: 0.135 | Val Loss: 0.14 | Val F1: 0.95 
2023-09-02 20:46:38,404 - FGO - INFO - Setting model to best state.
2023-09-02 20:46:38,406 - FGO - INFO - ===== Train Fair OT GCN Model ============================================================
2023-09-02 20:46:38,498 - FGO - INFO - Epoch   0 | Train Loss: -4.201 | Val Loss: -0.43 | Val F1: 0.95 |
2023-09-02 20:46:39,346 - FGO - INFO - Epoch  10 | Train Loss: -4.287 | Val Loss: -0.43 | Val F1: 0.94 |
2023-09-02 20:46:40,119 - FGO - INFO - Epoch  20 | Train Loss: -4.324 | Val Loss: -0.45 | Val F1: 0.93 |
2023-09-02 20:46:40,939 - FGO - INFO - Epoch  30 | Train Loss: -4.356 | Val Loss: -0.46 | Val F1: 0.92 |
2023-09-02 20:46:41,706 - FGO - INFO - Epoch  40 | Train Loss: -4.381 | Val Loss: -0.47 | Val F1: 0.92 |
2023-09-02 20:46:42,459 - FGO - INFO - Best Epoch:   6 | Train Loss: -4.260 | Val Loss: -0.44 | Val F1: 0.94 |
2023-09-02 20:46:42,459 - FGO - INFO - Setting model to best state.
2023-09-02 20:46:42,467 - FGO - INFO - ===== Test Fair OT GCN Model =============================================================
2023-09-02 20:46:42,495 - FGO - INFO - Train CM:
[[381   4]
 [ 39 293]]
2023-09-02 20:46:42,495 - FGO - INFO - Val CM:
[[48  1]
 [ 5 33]]
2023-09-02 20:46:42,496 - FGO - INFO - Test CM:
[[48  1]
 [ 5 33]]
2023-09-02 20:46:42,501 - FGO - INFO - test statistical parity: 0.120253164556962
2023-09-02 20:46:42,502 - FGO - INFO - test equal opportunity: 0.1470588235294118
2023-09-02 20:46:42,503 - FGO - INFO - test micro f1: 0.9310344827586207
2023-09-02 20:46:42,503 - FGO - INFO - test macro f1: 0.928921568627451
