2023-09-02 20:42:53,042 - FGO - INFO - ===== SETUP LOGGING ======================================================================
2023-09-02 20:42:53,042 - FGO - INFO - THIS_FILE: Wrapper.py
2023-09-02 20:42:53,042 - FGO - INFO - 	done: False
2023-09-02 20:42:53,042 - FGO - INFO - 	learning_rate: 0.001
2023-09-02 20:42:53,042 - FGO - INFO - 	h1: 64
2023-09-02 20:42:53,042 - FGO - INFO - 	h2: 32
2023-09-02 20:42:53,042 - FGO - INFO - 	weight_decay: 0.0005
2023-09-02 20:42:53,042 - FGO - INFO - 	dropout: 0.0
2023-09-02 20:42:53,042 - FGO - INFO - 	max_pretrain_epochs: 100
2023-09-02 20:42:53,042 - FGO - INFO - 	max_ot_epochs: 50
2023-09-02 20:42:53,042 - FGO - INFO - 	lambda: 0.01
2023-09-02 20:42:53,042 - FGO - INFO - 	theta: 30
2023-09-02 20:42:53,042 - FGO - INFO - 	clip: 5
2023-09-02 20:42:53,042 - FGO - INFO - ===== SETUP LOGGING COMPLETE =============================================================
2023-09-02 20:42:53,042 - FGO - INFO - ===== Configuring Masks ==================================================================
2023-09-02 20:42:53,042 - FGO - INFO - Source Total: 726
2023-09-02 20:42:53,042 - FGO - INFO - Target Total: 78
2023-09-02 20:42:53,042 - FGO - INFO - Train Total: 726
2023-09-02 20:42:53,042 - FGO - INFO - Val Total:   78
2023-09-02 20:42:53,042 - FGO - INFO - Test Total:  78
2023-09-02 20:42:53,042 - FGO - INFO - ===== Preparing to load data =============================================================
2023-09-02 20:42:53,042 - FGO - INFO - SOURCE: abide_large
2023-09-02 20:42:53,042 - FGO - INFO - ===== Retrieving SOURCE Data =============================================================
2023-09-02 20:42:53,042 - FGO - INFO - *************** In load_graph_data ***************
2023-09-02 20:42:53,042 - FGO - INFO - 	FILEPATH: ./data/abide_large.mat
2023-09-02 20:42:53,043 - FGO - INFO - 	X shape: (804, 93)
2023-09-02 20:42:53,043 - FGO - INFO - 	A shape: (804, 804)
2023-09-02 20:42:53,043 - FGO - INFO - 	P shape: (804,)
2023-09-02 20:42:53,043 - FGO - INFO - 	Y shape: (804, 2)
2023-09-02 20:42:53,043 - FGO - INFO - 	Y sum: 804 (number of postive labels)
2023-09-02 20:42:53,044 - FGO - INFO - ===== Preparing data =====================================================================
2023-09-02 20:42:53,045 - FGO - INFO - ===== Disconnecting Source and Target ====================================================
2023-09-02 20:42:53,142 - FGO - INFO - ===== Finalize Data ======================================================================
2023-09-02 20:42:53,142 - FGO - INFO - A shape: (804, 804)
2023-09-02 20:42:53,142 - FGO - INFO - X shape: (804, 93)
2023-09-02 20:42:53,142 - FGO - INFO - Y shape: (804, 2)
2023-09-02 20:42:53,142 - FGO - INFO - N: 804
2023-09-02 20:42:53,142 - FGO - INFO - N_s: 726
2023-09-02 20:42:53,142 - FGO - INFO - N_t: 78
2023-09-02 20:42:53,146 - FGO - INFO - ===== Pretrain GCN Model =================================================================
2023-09-02 20:42:53,149 - FGO - INFO - Epoch   0 | Train Loss: 0.684 | Val Loss: 0.73 | Val F1: 0.32 |
2023-09-02 20:42:53,174 - FGO - INFO - Epoch  10 | Train Loss: 0.669 | Val Loss: 0.72 | Val F1: 0.34 |
2023-09-02 20:42:53,198 - FGO - INFO - Epoch  20 | Train Loss: 0.644 | Val Loss: 0.69 | Val F1: 0.42 |
2023-09-02 20:42:53,223 - FGO - INFO - Epoch  30 | Train Loss: 0.591 | Val Loss: 0.63 | Val F1: 0.61 |
2023-09-02 20:42:53,247 - FGO - INFO - Epoch  40 | Train Loss: 0.505 | Val Loss: 0.53 | Val F1: 0.83 |
2023-09-02 20:42:53,272 - FGO - INFO - Epoch  50 | Train Loss: 0.397 | Val Loss: 0.41 | Val F1: 0.85 |
2023-09-02 20:42:53,296 - FGO - INFO - Epoch  60 | Train Loss: 0.294 | Val Loss: 0.33 | Val F1: 0.87 |
2023-09-02 20:42:53,320 - FGO - INFO - Epoch  70 | Train Loss: 0.220 | Val Loss: 0.27 | Val F1: 0.88 |
2023-09-02 20:42:53,345 - FGO - INFO - Epoch  80 | Train Loss: 0.175 | Val Loss: 0.25 | Val F1: 0.88 |
2023-09-02 20:42:53,369 - FGO - INFO - Epoch  90 | Train Loss: 0.148 | Val Loss: 0.24 | Val F1: 0.90 |
2023-09-02 20:42:53,393 - FGO - INFO - Epoch 100 | Train Loss: 0.130 | Val Loss: 0.22 | Val F1: 0.91 |
2023-09-02 20:42:53,393 - FGO - INFO - Best Epoch:  72 | Train Loss: 0.209 | Val Loss: 0.26 | Val F1: 0.91 
2023-09-02 20:42:53,393 - FGO - INFO - Setting model to best state.
2023-09-02 20:42:53,395 - FGO - INFO - ===== Train Fair OT GCN Model ============================================================
2023-09-02 20:42:53,496 - FGO - INFO - Epoch   0 | Train Loss: -1.942 | Val Loss: -0.01 | Val F1: 0.91 |
2023-09-02 20:42:54,372 - FGO - INFO - Epoch  10 | Train Loss: -2.141 | Val Loss: 0.02 | Val F1: 0.88 |
2023-09-02 20:42:55,256 - FGO - INFO - Epoch  20 | Train Loss: -2.301 | Val Loss: 0.03 | Val F1: 0.87 |
2023-09-02 20:42:56,100 - FGO - INFO - Epoch  30 | Train Loss: -2.385 | Val Loss: 0.04 | Val F1: 0.87 |
2023-09-02 20:42:56,946 - FGO - INFO - Epoch  40 | Train Loss: -2.424 | Val Loss: 0.05 | Val F1: 0.87 |
2023-09-02 20:42:57,664 - FGO - INFO - Best Epoch:   8 | Train Loss: -2.108 | Val Loss: 0.02 | Val F1: 0.91 |
2023-09-02 20:42:57,664 - FGO - INFO - Setting model to best state.
2023-09-02 20:42:57,667 - FGO - INFO - ===== Test Fair OT GCN Model =============================================================
2023-09-02 20:42:57,695 - FGO - INFO - Train CM:
[[394   6]
 [ 24 302]]
2023-09-02 20:42:57,695 - FGO - INFO - Val CM:
[[34  0]
 [ 9 35]]
2023-09-02 20:42:57,696 - FGO - INFO - Test CM:
[[34  0]
 [ 9 35]]
2023-09-02 20:42:57,701 - FGO - INFO - test statistical parity: 0.004830917874396157
2023-09-02 20:42:57,702 - FGO - INFO - test equal opportunity: 0.005128205128205221
2023-09-02 20:42:57,703 - FGO - INFO - test micro f1: 0.8846153846153846
2023-09-02 20:42:57,704 - FGO - INFO - test macro f1: 0.8845964162419858
