2023-09-02 19:17:01,361 - FGO - INFO - ===== SETUP LOGGING ======================================================================
2023-09-02 19:17:01,361 - FGO - INFO - THIS_FILE: Wrapper.py
2023-09-02 19:17:01,361 - FGO - INFO - 	learning_rate: 0.005
2023-09-02 19:17:01,361 - FGO - INFO - 	h1: 64
2023-09-02 19:17:01,361 - FGO - INFO - 	h2: 32
2023-09-02 19:17:01,361 - FGO - INFO - 	weight_decay: 0.0005
2023-09-02 19:17:01,361 - FGO - INFO - 	dropout: 0.0
2023-09-02 19:17:01,361 - FGO - INFO - 	max_pretrain_epochs: 50
2023-09-02 19:17:01,361 - FGO - INFO - 	max_ot_epochs: 15
2023-09-02 19:17:01,361 - FGO - INFO - 	lambda: 0.01
2023-09-02 19:17:01,361 - FGO - INFO - 	theta: 10
2023-09-02 19:17:01,361 - FGO - INFO - 	clip: 5
2023-09-02 19:17:01,361 - FGO - INFO - ===== SETUP LOGGING COMPLETE =============================================================
2023-09-02 19:17:01,361 - FGO - INFO - ===== Preparing to load data =============================================================
2023-09-02 19:17:01,361 - FGO - INFO - SOURCE: abide_large
2023-09-02 19:17:01,361 - FGO - INFO - TARGET: abide_small
2023-09-02 19:17:01,361 - FGO - INFO - ===== Retrieving SOURCE Data =============================================================
2023-09-02 19:17:01,361 - FGO - INFO - *************** In load_graph_data ***************
2023-09-02 19:17:01,361 - FGO - INFO - 	FILEPATH: ./data/abide_large.mat
2023-09-02 19:17:01,362 - FGO - INFO - 	X shape: (804, 93)
2023-09-02 19:17:01,362 - FGO - INFO - 	A shape: (804, 804)
2023-09-02 19:17:01,362 - FGO - INFO - 	P shape: (804,)
2023-09-02 19:17:01,362 - FGO - INFO - 	Y shape: (804, 2)
2023-09-02 19:17:01,362 - FGO - INFO - 	Y sum: 804 (number of postive labels)
2023-09-02 19:17:01,363 - FGO - INFO - ===== Retrieving TARGET Data =============================================================
2023-09-02 19:17:01,363 - FGO - INFO - *************** In load_graph_data ***************
2023-09-02 19:17:01,363 - FGO - INFO - 	FILEPATH: ./data/abide_small.mat
2023-09-02 19:17:01,363 - FGO - INFO - 	X shape: (67, 93)
2023-09-02 19:17:01,363 - FGO - INFO - 	A shape: (67, 67)
2023-09-02 19:17:01,363 - FGO - INFO - 	P shape: (67,)
2023-09-02 19:17:01,363 - FGO - INFO - 	Y shape: (67, 2)
2023-09-02 19:17:01,363 - FGO - INFO - 	Y sum: 67 (number of postive labels)
2023-09-02 19:17:01,364 - FGO - INFO - ===== Combine Data =======================================================================
2023-09-02 19:17:01,395 - FGO - INFO - A shape: (871, 871)
2023-09-02 19:17:01,395 - FGO - INFO - X shape: (871, 93)
2023-09-02 19:17:01,395 - FGO - INFO - Y shape: (871, 2)
2023-09-02 19:17:01,395 - FGO - INFO - N: 871
2023-09-02 19:17:01,395 - FGO - INFO - N_s: 804
2023-09-02 19:17:01,395 - FGO - INFO - N_t: 67
2023-09-02 19:17:01,399 - FGO - INFO - ===== Configuring Train/Val/Test Masks ===================================================
2023-09-02 19:17:01,399 - FGO - INFO - Train Total: 804
2023-09-02 19:17:01,399 - FGO - INFO - Val Total:   0.0
2023-09-02 19:17:01,399 - FGO - INFO - Test Total:  67
2023-09-02 19:17:01,400 - FGO - INFO - ===== Pretrain GCN Model =================================================================
2023-09-02 19:17:01,447 - FGO - INFO - Epoch   0 | Train Loss: 0.702 | Train Macro F1: 0.34 |
2023-09-02 19:17:01,922 - FGO - INFO - Epoch  10 | Train Loss: 0.617 | Train Macro F1: 0.65 |
2023-09-02 19:17:02,397 - FGO - INFO - Epoch  20 | Train Loss: 0.318 | Train Macro F1: 0.89 |
2023-09-02 19:17:02,879 - FGO - INFO - Epoch  30 | Train Loss: 0.142 | Train Macro F1: 0.95 |
2023-09-02 19:17:03,353 - FGO - INFO - Epoch  40 | Train Loss: 0.102 | Train Macro F1: 0.97 |
2023-09-02 19:17:03,827 - FGO - INFO - Epoch  50 | Train Loss: 0.089 | Train Macro F1: 0.97 |
2023-09-02 19:17:03,828 - FGO - INFO - ===== Train Fair OT GCN Model ============================================================
2023-09-02 19:17:04,127 - FGO - INFO - Epoch   0 | Train Loss: 3.165 | Train CE Loss: 3.615 | Train OT Loss: -0.045| Train Macro F1: 0.58 |
2023-09-02 19:17:05,625 - FGO - INFO - Epoch  10 | Train Loss: -0.366 | Train CE Loss: 0.356 | Train OT Loss: -0.072| Train Macro F1: 0.75 |
2023-09-02 19:17:06,251 - FGO - INFO - ===== Test Fair OT GCN Model =============================================================
2023-09-02 19:17:06,291 - FGO - INFO - Train CM:
[[432   2]
 [ 48 322]]
2023-09-02 19:17:06,291 - FGO - INFO - Val CM:
[]
2023-09-02 19:17:06,292 - FGO - INFO - Test CM:
[[34  0]
 [ 2 31]]
2023-09-02 19:17:06,297 - FGO - INFO - test micro f1: 0.9701492537313433
2023-09-02 19:17:06,297 - FGO - INFO - test macro f1: 0.9700892857142858
2023-09-02 19:17:06,297 - FGO - INFO - test statistical parity: 0.09999999999999998
2023-09-02 19:17:06,298 - FGO - INFO - test equal opportunity: 0.045454545454545525
2023-09-02 19:17:06,299 - FGO - INFO - train micro f1: 0.9378109452736318
2023-09-02 19:17:06,299 - FGO - INFO - train macro f1: 0.936624647651959
2023-09-02 19:17:06,300 - FGO - INFO - train statistical parity: 0.12778016316015456
2023-09-02 19:17:06,301 - FGO - INFO - train equal opportunity: 0.06372235260650028
