2023-09-02 20:50:49,356 - FGO - INFO - ===== SETUP LOGGING ======================================================================
2023-09-02 20:50:49,356 - FGO - INFO - THIS_FILE: Wrapper.py
2023-09-02 20:50:49,356 - FGO - INFO - 	done: False
2023-09-02 20:50:49,356 - FGO - INFO - 	learning_rate: 0.005
2023-09-02 20:50:49,356 - FGO - INFO - 	h1: 64
2023-09-02 20:50:49,356 - FGO - INFO - 	h2: 32
2023-09-02 20:50:49,356 - FGO - INFO - 	weight_decay: 0.0005
2023-09-02 20:50:49,356 - FGO - INFO - 	dropout: 0.0
2023-09-02 20:50:49,356 - FGO - INFO - 	max_pretrain_epochs: 100
2023-09-02 20:50:49,356 - FGO - INFO - 	max_ot_epochs: 50
2023-09-02 20:50:49,356 - FGO - INFO - 	lambda: 0.03
2023-09-02 20:50:49,356 - FGO - INFO - 	theta: 10
2023-09-02 20:50:49,356 - FGO - INFO - 	clip: 5
2023-09-02 20:50:49,356 - FGO - INFO - ===== SETUP LOGGING COMPLETE =============================================================
2023-09-02 20:50:49,356 - FGO - INFO - ===== Configuring Masks ==================================================================
2023-09-02 20:50:49,356 - FGO - INFO - Source Total: 727
2023-09-02 20:50:49,356 - FGO - INFO - Target Total: 77
2023-09-02 20:50:49,356 - FGO - INFO - Train Total: 727
2023-09-02 20:50:49,356 - FGO - INFO - Val Total:   77
2023-09-02 20:50:49,356 - FGO - INFO - Test Total:  77
2023-09-02 20:50:49,356 - FGO - INFO - ===== Preparing to load data =============================================================
2023-09-02 20:50:49,356 - FGO - INFO - SOURCE: abide_large
2023-09-02 20:50:49,356 - FGO - INFO - ===== Retrieving SOURCE Data =============================================================
2023-09-02 20:50:49,356 - FGO - INFO - *************** In load_graph_data ***************
2023-09-02 20:50:49,356 - FGO - INFO - 	FILEPATH: ./data/abide_large.mat
2023-09-02 20:50:49,357 - FGO - INFO - 	X shape: (804, 93)
2023-09-02 20:50:49,357 - FGO - INFO - 	A shape: (804, 804)
2023-09-02 20:50:49,357 - FGO - INFO - 	P shape: (804,)
2023-09-02 20:50:49,357 - FGO - INFO - 	Y shape: (804, 2)
2023-09-02 20:50:49,357 - FGO - INFO - 	Y sum: 804 (number of postive labels)
2023-09-02 20:50:49,358 - FGO - INFO - ===== Preparing data =====================================================================
2023-09-02 20:50:49,359 - FGO - INFO - ===== Disconnecting Source and Target ====================================================
2023-09-02 20:50:49,454 - FGO - INFO - ===== Finalize Data ======================================================================
2023-09-02 20:50:49,455 - FGO - INFO - A shape: (804, 804)
2023-09-02 20:50:49,455 - FGO - INFO - X shape: (804, 93)
2023-09-02 20:50:49,455 - FGO - INFO - Y shape: (804, 2)
2023-09-02 20:50:49,455 - FGO - INFO - N: 804
2023-09-02 20:50:49,455 - FGO - INFO - N_s: 727
2023-09-02 20:50:49,455 - FGO - INFO - N_t: 77
2023-09-02 20:50:49,458 - FGO - INFO - ===== Pretrain GCN Model =================================================================
2023-09-02 20:50:49,461 - FGO - INFO - Epoch   0 | Train Loss: 0.689 | Val Loss: 0.68 | Val F1: 0.36 |
2023-09-02 20:50:49,486 - FGO - INFO - Epoch  10 | Train Loss: 0.577 | Val Loss: 0.61 | Val F1: 0.66 |
2023-09-02 20:50:49,511 - FGO - INFO - Epoch  20 | Train Loss: 0.255 | Val Loss: 0.38 | Val F1: 0.83 |
2023-09-02 20:50:49,536 - FGO - INFO - Epoch  30 | Train Loss: 0.122 | Val Loss: 0.24 | Val F1: 0.88 |
2023-09-02 20:50:49,561 - FGO - INFO - Epoch  40 | Train Loss: 0.089 | Val Loss: 0.20 | Val F1: 0.89 |
2023-09-02 20:50:49,585 - FGO - INFO - Epoch  50 | Train Loss: 0.077 | Val Loss: 0.21 | Val F1: 0.87 |
2023-09-02 20:50:49,610 - FGO - INFO - Epoch  60 | Train Loss: 0.068 | Val Loss: 0.18 | Val F1: 0.89 |
2023-09-02 20:50:49,634 - FGO - INFO - Epoch  70 | Train Loss: 0.063 | Val Loss: 0.19 | Val F1: 0.90 |
2023-09-02 20:50:49,659 - FGO - INFO - Epoch  80 | Train Loss: 0.060 | Val Loss: 0.19 | Val F1: 0.92 |
2023-09-02 20:50:49,683 - FGO - INFO - Epoch  90 | Train Loss: 0.057 | Val Loss: 0.20 | Val F1: 0.90 |
2023-09-02 20:50:49,708 - FGO - INFO - Epoch 100 | Train Loss: 0.055 | Val Loss: 0.20 | Val F1: 0.92 |
2023-09-02 20:50:49,708 - FGO - INFO - Best Epoch:  36 | Train Loss: 0.097 | Val Loss: 0.18 | Val F1: 0.93 
2023-09-02 20:50:49,708 - FGO - INFO - Setting model to best state.
2023-09-02 20:50:49,709 - FGO - INFO - ===== Train Fair OT GCN Model ============================================================
2023-09-02 20:50:49,815 - FGO - INFO - Epoch   0 | Train Loss: -2.267 | Val Loss: -0.02 | Val F1: 0.89 |
2023-09-02 20:50:50,567 - FGO - INFO - Epoch  10 | Train Loss: -2.370 | Val Loss: 0.22 | Val F1: 0.87 |
2023-09-02 20:50:51,344 - FGO - INFO - Epoch  20 | Train Loss: -2.541 | Val Loss: -0.07 | Val F1: 0.90 |
2023-09-02 20:50:52,192 - FGO - INFO - Epoch  30 | Train Loss: -2.615 | Val Loss: -0.07 | Val F1: 0.89 |
2023-09-02 20:50:52,996 - FGO - INFO - Epoch  40 | Train Loss: -2.662 | Val Loss: -0.05 | Val F1: 0.93 |
2023-09-02 20:50:53,720 - FGO - INFO - Best Epoch:   7 | Train Loss: -2.422 | Val Loss: -0.02 | Val F1: 0.93 |
2023-09-02 20:50:53,720 - FGO - INFO - Setting model to best state.
2023-09-02 20:50:53,724 - FGO - INFO - ===== Test Fair OT GCN Model =============================================================
2023-09-02 20:50:53,747 - FGO - INFO - Train CM:
[[380  10]
 [  7 330]]
2023-09-02 20:50:53,747 - FGO - INFO - Val CM:
[[43  1]
 [ 4 29]]
2023-09-02 20:50:53,747 - FGO - INFO - Test CM:
[[43  1]
 [ 4 29]]
2023-09-02 20:50:53,752 - FGO - INFO - test statistical parity: 0.36282051282051286
2023-09-02 20:50:53,753 - FGO - INFO - test equal opportunity: 0.4032258064516129
2023-09-02 20:50:53,754 - FGO - INFO - test micro f1: 0.935064935064935
2023-09-02 20:50:53,754 - FGO - INFO - test macro f1: 0.9328449328449329
