2023-09-02 20:43:38,764 - FGO - INFO - ===== SETUP LOGGING ======================================================================
2023-09-02 20:43:38,764 - FGO - INFO - THIS_FILE: Wrapper.py
2023-09-02 20:43:38,764 - FGO - INFO - 	done: False
2023-09-02 20:43:38,764 - FGO - INFO - 	learning_rate: 0.001
2023-09-02 20:43:38,764 - FGO - INFO - 	h1: 64
2023-09-02 20:43:38,764 - FGO - INFO - 	h2: 32
2023-09-02 20:43:38,764 - FGO - INFO - 	weight_decay: 0.0005
2023-09-02 20:43:38,764 - FGO - INFO - 	dropout: 0.0
2023-09-02 20:43:38,764 - FGO - INFO - 	max_pretrain_epochs: 100
2023-09-02 20:43:38,764 - FGO - INFO - 	max_ot_epochs: 50
2023-09-02 20:43:38,764 - FGO - INFO - 	lambda: 0.01
2023-09-02 20:43:38,764 - FGO - INFO - 	theta: 50
2023-09-02 20:43:38,764 - FGO - INFO - 	clip: 5
2023-09-02 20:43:38,764 - FGO - INFO - ===== SETUP LOGGING COMPLETE =============================================================
2023-09-02 20:43:38,764 - FGO - INFO - ===== Configuring Masks ==================================================================
2023-09-02 20:43:38,764 - FGO - INFO - Source Total: 726
2023-09-02 20:43:38,764 - FGO - INFO - Target Total: 78
2023-09-02 20:43:38,764 - FGO - INFO - Train Total: 726
2023-09-02 20:43:38,764 - FGO - INFO - Val Total:   78
2023-09-02 20:43:38,764 - FGO - INFO - Test Total:  78
2023-09-02 20:43:38,764 - FGO - INFO - ===== Preparing to load data =============================================================
2023-09-02 20:43:38,764 - FGO - INFO - SOURCE: abide_large
2023-09-02 20:43:38,764 - FGO - INFO - ===== Retrieving SOURCE Data =============================================================
2023-09-02 20:43:38,764 - FGO - INFO - *************** In load_graph_data ***************
2023-09-02 20:43:38,764 - FGO - INFO - 	FILEPATH: ./data/abide_large.mat
2023-09-02 20:43:38,765 - FGO - INFO - 	X shape: (804, 93)
2023-09-02 20:43:38,765 - FGO - INFO - 	A shape: (804, 804)
2023-09-02 20:43:38,765 - FGO - INFO - 	P shape: (804,)
2023-09-02 20:43:38,765 - FGO - INFO - 	Y shape: (804, 2)
2023-09-02 20:43:38,765 - FGO - INFO - 	Y sum: 804 (number of postive labels)
2023-09-02 20:43:38,766 - FGO - INFO - ===== Preparing data =====================================================================
2023-09-02 20:43:38,767 - FGO - INFO - ===== Disconnecting Source and Target ====================================================
2023-09-02 20:43:38,865 - FGO - INFO - ===== Finalize Data ======================================================================
2023-09-02 20:43:38,865 - FGO - INFO - A shape: (804, 804)
2023-09-02 20:43:38,865 - FGO - INFO - X shape: (804, 93)
2023-09-02 20:43:38,865 - FGO - INFO - Y shape: (804, 2)
2023-09-02 20:43:38,865 - FGO - INFO - N: 804
2023-09-02 20:43:38,865 - FGO - INFO - N_s: 726
2023-09-02 20:43:38,865 - FGO - INFO - N_t: 78
2023-09-02 20:43:38,868 - FGO - INFO - ===== Pretrain GCN Model =================================================================
2023-09-02 20:43:38,871 - FGO - INFO - Epoch   0 | Train Loss: 0.684 | Val Loss: 0.73 | Val F1: 0.32 |
2023-09-02 20:43:38,896 - FGO - INFO - Epoch  10 | Train Loss: 0.669 | Val Loss: 0.72 | Val F1: 0.34 |
2023-09-02 20:43:38,921 - FGO - INFO - Epoch  20 | Train Loss: 0.644 | Val Loss: 0.69 | Val F1: 0.42 |
2023-09-02 20:43:38,945 - FGO - INFO - Epoch  30 | Train Loss: 0.591 | Val Loss: 0.63 | Val F1: 0.61 |
2023-09-02 20:43:38,970 - FGO - INFO - Epoch  40 | Train Loss: 0.505 | Val Loss: 0.53 | Val F1: 0.83 |
2023-09-02 20:43:38,994 - FGO - INFO - Epoch  50 | Train Loss: 0.397 | Val Loss: 0.41 | Val F1: 0.85 |
2023-09-02 20:43:39,019 - FGO - INFO - Epoch  60 | Train Loss: 0.294 | Val Loss: 0.33 | Val F1: 0.87 |
2023-09-02 20:43:39,043 - FGO - INFO - Epoch  70 | Train Loss: 0.220 | Val Loss: 0.27 | Val F1: 0.88 |
2023-09-02 20:43:39,067 - FGO - INFO - Epoch  80 | Train Loss: 0.175 | Val Loss: 0.25 | Val F1: 0.88 |
2023-09-02 20:43:39,092 - FGO - INFO - Epoch  90 | Train Loss: 0.148 | Val Loss: 0.24 | Val F1: 0.90 |
2023-09-02 20:43:39,116 - FGO - INFO - Epoch 100 | Train Loss: 0.130 | Val Loss: 0.22 | Val F1: 0.91 |
2023-09-02 20:43:39,116 - FGO - INFO - Best Epoch:  72 | Train Loss: 0.209 | Val Loss: 0.26 | Val F1: 0.91 
2023-09-02 20:43:39,116 - FGO - INFO - Setting model to best state.
2023-09-02 20:43:39,118 - FGO - INFO - ===== Train Fair OT GCN Model ============================================================
2023-09-02 20:43:39,189 - FGO - INFO - Epoch   0 | Train Loss: -3.358 | Val Loss: -0.15 | Val F1: 0.91 |
2023-09-02 20:43:40,129 - FGO - INFO - Epoch  10 | Train Loss: -3.718 | Val Loss: -0.14 | Val F1: 0.87 |
2023-09-02 20:43:40,910 - FGO - INFO - Epoch  20 | Train Loss: -4.001 | Val Loss: -0.12 | Val F1: 0.87 |
2023-09-02 20:43:41,802 - FGO - INFO - Epoch  30 | Train Loss: -4.125 | Val Loss: -0.11 | Val F1: 0.87 |
2023-09-02 20:43:42,615 - FGO - INFO - Epoch  40 | Train Loss: -4.180 | Val Loss: -0.12 | Val F1: 0.87 |
2023-09-02 20:43:43,290 - FGO - INFO - Best Epoch:   9 | Train Loss: -3.687 | Val Loss: -0.13 | Val F1: 0.88 |
2023-09-02 20:43:43,290 - FGO - INFO - Setting model to best state.
2023-09-02 20:43:43,295 - FGO - INFO - ===== Test Fair OT GCN Model =============================================================
2023-09-02 20:43:43,341 - FGO - INFO - Train CM:
[[399   1]
 [ 41 285]]
2023-09-02 20:43:43,341 - FGO - INFO - Val CM:
[[34  0]
 [10 34]]
2023-09-02 20:43:43,342 - FGO - INFO - Test CM:
[[34  0]
 [10 34]]
2023-09-02 20:43:43,346 - FGO - INFO - test statistical parity: 0.009661835748792258
2023-09-02 20:43:43,348 - FGO - INFO - test equal opportunity: 0.03076923076923077
2023-09-02 20:43:43,348 - FGO - INFO - test micro f1: 0.8717948717948718
2023-09-02 20:43:43,349 - FGO - INFO - test macro f1: 0.8717948717948718
