2023-09-02 21:00:38,296 - FGO - INFO - ===== SETUP LOGGING ======================================================================
2023-09-02 21:00:38,296 - FGO - INFO - THIS_FILE: Wrapper.py
2023-09-02 21:00:38,297 - FGO - INFO - 	done: False
2023-09-02 21:00:38,297 - FGO - INFO - 	learning_rate: 0.01
2023-09-02 21:00:38,297 - FGO - INFO - 	h1: 64
2023-09-02 21:00:38,297 - FGO - INFO - 	h2: 32
2023-09-02 21:00:38,297 - FGO - INFO - 	weight_decay: 0.0005
2023-09-02 21:00:38,297 - FGO - INFO - 	dropout: 0.0
2023-09-02 21:00:38,297 - FGO - INFO - 	max_pretrain_epochs: 100
2023-09-02 21:00:38,297 - FGO - INFO - 	max_ot_epochs: 50
2023-09-02 21:00:38,297 - FGO - INFO - 	lambda: 0.05
2023-09-02 21:00:38,297 - FGO - INFO - 	theta: 30
2023-09-02 21:00:38,297 - FGO - INFO - 	clip: 5
2023-09-02 21:00:38,297 - FGO - INFO - ===== SETUP LOGGING COMPLETE =============================================================
2023-09-02 21:00:38,297 - FGO - INFO - ===== Configuring Masks ==================================================================
2023-09-02 21:00:38,297 - FGO - INFO - Source Total: 729
2023-09-02 21:00:38,297 - FGO - INFO - Target Total: 75
2023-09-02 21:00:38,297 - FGO - INFO - Train Total: 729
2023-09-02 21:00:38,297 - FGO - INFO - Val Total:   75
2023-09-02 21:00:38,297 - FGO - INFO - Test Total:  75
2023-09-02 21:00:38,297 - FGO - INFO - ===== Preparing to load data =============================================================
2023-09-02 21:00:38,297 - FGO - INFO - SOURCE: abide_large
2023-09-02 21:00:38,297 - FGO - INFO - ===== Retrieving SOURCE Data =============================================================
2023-09-02 21:00:38,297 - FGO - INFO - *************** In load_graph_data ***************
2023-09-02 21:00:38,297 - FGO - INFO - 	FILEPATH: ./data/abide_large.mat
2023-09-02 21:00:38,297 - FGO - INFO - 	X shape: (804, 93)
2023-09-02 21:00:38,297 - FGO - INFO - 	A shape: (804, 804)
2023-09-02 21:00:38,297 - FGO - INFO - 	P shape: (804,)
2023-09-02 21:00:38,297 - FGO - INFO - 	Y shape: (804, 2)
2023-09-02 21:00:38,297 - FGO - INFO - 	Y sum: 804 (number of postive labels)
2023-09-02 21:00:38,298 - FGO - INFO - ===== Preparing data =====================================================================
2023-09-02 21:00:38,300 - FGO - INFO - ===== Disconnecting Source and Target ====================================================
2023-09-02 21:00:38,394 - FGO - INFO - ===== Finalize Data ======================================================================
2023-09-02 21:00:38,394 - FGO - INFO - A shape: (804, 804)
2023-09-02 21:00:38,394 - FGO - INFO - X shape: (804, 93)
2023-09-02 21:00:38,394 - FGO - INFO - Y shape: (804, 2)
2023-09-02 21:00:38,394 - FGO - INFO - N: 804
2023-09-02 21:00:38,394 - FGO - INFO - N_s: 729
2023-09-02 21:00:38,394 - FGO - INFO - N_t: 75
2023-09-02 21:00:38,398 - FGO - INFO - ===== Pretrain GCN Model =================================================================
2023-09-02 21:00:38,401 - FGO - INFO - Epoch   0 | Train Loss: 0.689 | Val Loss: 0.68 | Val F1: 0.37 |
2023-09-02 21:00:38,426 - FGO - INFO - Epoch  10 | Train Loss: 0.431 | Val Loss: 0.36 | Val F1: 0.93 |
2023-09-02 21:00:38,451 - FGO - INFO - Epoch  20 | Train Loss: 0.158 | Val Loss: 0.05 | Val F1: 0.99 |
2023-09-02 21:00:38,475 - FGO - INFO - Epoch  30 | Train Loss: 0.109 | Val Loss: 0.06 | Val F1: 0.99 |
2023-09-02 21:00:38,500 - FGO - INFO - Epoch  40 | Train Loss: 0.093 | Val Loss: 0.03 | Val F1: 0.99 |
2023-09-02 21:00:38,525 - FGO - INFO - Epoch  50 | Train Loss: 0.080 | Val Loss: 0.04 | Val F1: 1.00 |
2023-09-02 21:00:38,549 - FGO - INFO - Epoch  60 | Train Loss: 0.073 | Val Loss: 0.04 | Val F1: 0.99 |
2023-09-02 21:00:38,574 - FGO - INFO - Epoch  70 | Train Loss: 0.068 | Val Loss: 0.05 | Val F1: 0.97 |
2023-09-02 21:00:38,598 - FGO - INFO - Epoch  80 | Train Loss: 0.065 | Val Loss: 0.05 | Val F1: 0.97 |
2023-09-02 21:00:38,623 - FGO - INFO - Epoch  90 | Train Loss: 0.063 | Val Loss: 0.04 | Val F1: 0.99 |
2023-09-02 21:00:38,647 - FGO - INFO - Epoch 100 | Train Loss: 0.069 | Val Loss: 0.07 | Val F1: 0.97 |
2023-09-02 21:00:38,647 - FGO - INFO - Best Epoch:  27 | Train Loss: 0.114 | Val Loss: 0.03 | Val F1: 1.00 
2023-09-02 21:00:38,647 - FGO - INFO - Setting model to best state.
2023-09-02 21:00:38,649 - FGO - INFO - ===== Train Fair OT GCN Model ============================================================
2023-09-02 21:00:38,728 - FGO - INFO - Epoch   0 | Train Loss: -12.818 | Val Loss: -1.33 | Val F1: 0.97 |
2023-09-02 21:00:39,510 - FGO - INFO - Epoch  10 | Train Loss: -13.589 | Val Loss: -1.16 | Val F1: 0.91 |
2023-09-02 21:00:40,275 - FGO - INFO - Epoch  20 | Train Loss: -13.925 | Val Loss: -1.34 | Val F1: 0.93 |
2023-09-02 21:00:41,039 - FGO - INFO - Epoch  30 | Train Loss: -13.999 | Val Loss: -1.39 | Val F1: 0.97 |
2023-09-02 21:00:41,842 - FGO - INFO - Epoch  40 | Train Loss: -14.075 | Val Loss: -1.39 | Val F1: 0.97 |
2023-09-02 21:00:42,542 - FGO - INFO - Best Epoch:   7 | Train Loss: -13.457 | Val Loss: -1.37 | Val F1: 0.97 |
2023-09-02 21:00:42,542 - FGO - INFO - Setting model to best state.
2023-09-02 21:00:42,545 - FGO - INFO - ===== Test Fair OT GCN Model =============================================================
2023-09-02 21:00:42,569 - FGO - INFO - Train CM:
[[393   3]
 [ 27 306]]
2023-09-02 21:00:42,570 - FGO - INFO - Val CM:
[[38  0]
 [ 2 35]]
2023-09-02 21:00:42,570 - FGO - INFO - Test CM:
[[38  0]
 [ 2 35]]
2023-09-02 21:00:42,575 - FGO - INFO - test statistical parity: 0.046838407494145196
2023-09-02 21:00:42,577 - FGO - INFO - test equal opportunity: 0.10952380952380958
2023-09-02 21:00:42,578 - FGO - INFO - test micro f1: 0.9733333333333334
2023-09-02 21:00:42,578 - FGO - INFO - test macro f1: 0.9732905982905983
