2023-09-02 20:53:00,176 - FGO - INFO - ===== SETUP LOGGING ======================================================================
2023-09-02 20:53:00,176 - FGO - INFO - THIS_FILE: Wrapper.py
2023-09-02 20:53:00,176 - FGO - INFO - 	done: False
2023-09-02 20:53:00,176 - FGO - INFO - 	learning_rate: 0.005
2023-09-02 20:53:00,176 - FGO - INFO - 	h1: 64
2023-09-02 20:53:00,176 - FGO - INFO - 	h2: 32
2023-09-02 20:53:00,176 - FGO - INFO - 	weight_decay: 0.0005
2023-09-02 20:53:00,176 - FGO - INFO - 	dropout: 0.0
2023-09-02 20:53:00,176 - FGO - INFO - 	max_pretrain_epochs: 100
2023-09-02 20:53:00,176 - FGO - INFO - 	max_ot_epochs: 50
2023-09-02 20:53:00,176 - FGO - INFO - 	lambda: 0.05
2023-09-02 20:53:00,176 - FGO - INFO - 	theta: 10
2023-09-02 20:53:00,176 - FGO - INFO - 	clip: 5
2023-09-02 20:53:00,176 - FGO - INFO - ===== SETUP LOGGING COMPLETE =============================================================
2023-09-02 20:53:00,176 - FGO - INFO - ===== Configuring Masks ==================================================================
2023-09-02 20:53:00,176 - FGO - INFO - Source Total: 727
2023-09-02 20:53:00,176 - FGO - INFO - Target Total: 77
2023-09-02 20:53:00,176 - FGO - INFO - Train Total: 727
2023-09-02 20:53:00,176 - FGO - INFO - Val Total:   77
2023-09-02 20:53:00,176 - FGO - INFO - Test Total:  77
2023-09-02 20:53:00,176 - FGO - INFO - ===== Preparing to load data =============================================================
2023-09-02 20:53:00,176 - FGO - INFO - SOURCE: abide_large
2023-09-02 20:53:00,176 - FGO - INFO - ===== Retrieving SOURCE Data =============================================================
2023-09-02 20:53:00,176 - FGO - INFO - *************** In load_graph_data ***************
2023-09-02 20:53:00,176 - FGO - INFO - 	FILEPATH: ./data/abide_large.mat
2023-09-02 20:53:00,177 - FGO - INFO - 	X shape: (804, 93)
2023-09-02 20:53:00,177 - FGO - INFO - 	A shape: (804, 804)
2023-09-02 20:53:00,177 - FGO - INFO - 	P shape: (804,)
2023-09-02 20:53:00,177 - FGO - INFO - 	Y shape: (804, 2)
2023-09-02 20:53:00,177 - FGO - INFO - 	Y sum: 804 (number of postive labels)
2023-09-02 20:53:00,178 - FGO - INFO - ===== Preparing data =====================================================================
2023-09-02 20:53:00,179 - FGO - INFO - ===== Disconnecting Source and Target ====================================================
2023-09-02 20:53:00,275 - FGO - INFO - ===== Finalize Data ======================================================================
2023-09-02 20:53:00,275 - FGO - INFO - A shape: (804, 804)
2023-09-02 20:53:00,275 - FGO - INFO - X shape: (804, 93)
2023-09-02 20:53:00,275 - FGO - INFO - Y shape: (804, 2)
2023-09-02 20:53:00,275 - FGO - INFO - N: 804
2023-09-02 20:53:00,275 - FGO - INFO - N_s: 727
2023-09-02 20:53:00,275 - FGO - INFO - N_t: 77
2023-09-02 20:53:00,279 - FGO - INFO - ===== Pretrain GCN Model =================================================================
2023-09-02 20:53:00,282 - FGO - INFO - Epoch   0 | Train Loss: 0.689 | Val Loss: 0.68 | Val F1: 0.36 |
2023-09-02 20:53:00,307 - FGO - INFO - Epoch  10 | Train Loss: 0.577 | Val Loss: 0.61 | Val F1: 0.66 |
2023-09-02 20:53:00,332 - FGO - INFO - Epoch  20 | Train Loss: 0.255 | Val Loss: 0.38 | Val F1: 0.83 |
2023-09-02 20:53:00,356 - FGO - INFO - Epoch  30 | Train Loss: 0.122 | Val Loss: 0.24 | Val F1: 0.88 |
2023-09-02 20:53:00,381 - FGO - INFO - Epoch  40 | Train Loss: 0.089 | Val Loss: 0.20 | Val F1: 0.89 |
2023-09-02 20:53:00,406 - FGO - INFO - Epoch  50 | Train Loss: 0.077 | Val Loss: 0.21 | Val F1: 0.87 |
2023-09-02 20:53:00,430 - FGO - INFO - Epoch  60 | Train Loss: 0.068 | Val Loss: 0.18 | Val F1: 0.89 |
2023-09-02 20:53:00,455 - FGO - INFO - Epoch  70 | Train Loss: 0.063 | Val Loss: 0.19 | Val F1: 0.90 |
2023-09-02 20:53:00,479 - FGO - INFO - Epoch  80 | Train Loss: 0.060 | Val Loss: 0.19 | Val F1: 0.92 |
2023-09-02 20:53:00,504 - FGO - INFO - Epoch  90 | Train Loss: 0.057 | Val Loss: 0.21 | Val F1: 0.90 |
2023-09-02 20:53:00,528 - FGO - INFO - Epoch 100 | Train Loss: 0.055 | Val Loss: 0.20 | Val F1: 0.92 |
2023-09-02 20:53:00,528 - FGO - INFO - Best Epoch:  36 | Train Loss: 0.097 | Val Loss: 0.18 | Val F1: 0.93 
2023-09-02 20:53:00,528 - FGO - INFO - Setting model to best state.
2023-09-02 20:53:00,530 - FGO - INFO - ===== Train Fair OT GCN Model ============================================================
2023-09-02 20:53:00,627 - FGO - INFO - Epoch   0 | Train Loss: -4.213 | Val Loss: -0.21 | Val F1: 0.89 |
2023-09-02 20:53:01,495 - FGO - INFO - Epoch  10 | Train Loss: -4.324 | Val Loss: -0.06 | Val F1: 0.87 |
2023-09-02 20:53:02,265 - FGO - INFO - Epoch  20 | Train Loss: -4.458 | Val Loss: -0.24 | Val F1: 0.90 |
2023-09-02 20:53:03,056 - FGO - INFO - Epoch  30 | Train Loss: -4.535 | Val Loss: -0.25 | Val F1: 0.89 |
2023-09-02 20:53:03,813 - FGO - INFO - Epoch  40 | Train Loss: -4.585 | Val Loss: -0.22 | Val F1: 0.93 |
2023-09-02 20:53:04,546 - FGO - INFO - Best Epoch:   7 | Train Loss: -4.357 | Val Loss: -0.22 | Val F1: 0.93 |
2023-09-02 20:53:04,547 - FGO - INFO - Setting model to best state.
2023-09-02 20:53:04,550 - FGO - INFO - ===== Test Fair OT GCN Model =============================================================
2023-09-02 20:53:04,576 - FGO - INFO - Train CM:
[[382   8]
 [ 10 327]]
2023-09-02 20:53:04,576 - FGO - INFO - Val CM:
[[43  1]
 [ 4 29]]
2023-09-02 20:53:04,577 - FGO - INFO - Test CM:
[[43  1]
 [ 4 29]]
2023-09-02 20:53:04,582 - FGO - INFO - test statistical parity: 0.36282051282051286
2023-09-02 20:53:04,584 - FGO - INFO - test equal opportunity: 0.4032258064516129
2023-09-02 20:53:04,585 - FGO - INFO - test micro f1: 0.935064935064935
2023-09-02 20:53:04,585 - FGO - INFO - test macro f1: 0.9328449328449329
