2023-09-02 20:48:36,996 - FGO - INFO - ===== SETUP LOGGING ======================================================================
2023-09-02 20:48:36,996 - FGO - INFO - THIS_FILE: Wrapper.py
2023-09-02 20:48:36,996 - FGO - INFO - 	done: False
2023-09-02 20:48:36,996 - FGO - INFO - 	learning_rate: 0.005
2023-09-02 20:48:36,996 - FGO - INFO - 	h1: 64
2023-09-02 20:48:36,996 - FGO - INFO - 	h2: 32
2023-09-02 20:48:36,996 - FGO - INFO - 	weight_decay: 0.0005
2023-09-02 20:48:36,996 - FGO - INFO - 	dropout: 0.0
2023-09-02 20:48:36,996 - FGO - INFO - 	max_pretrain_epochs: 100
2023-09-02 20:48:36,996 - FGO - INFO - 	max_ot_epochs: 50
2023-09-02 20:48:36,996 - FGO - INFO - 	lambda: 0.01
2023-09-02 20:48:36,996 - FGO - INFO - 	theta: 10
2023-09-02 20:48:36,996 - FGO - INFO - 	clip: 5
2023-09-02 20:48:36,996 - FGO - INFO - ===== SETUP LOGGING COMPLETE =============================================================
2023-09-02 20:48:36,996 - FGO - INFO - ===== Configuring Masks ==================================================================
2023-09-02 20:48:36,996 - FGO - INFO - Source Total: 729
2023-09-02 20:48:36,996 - FGO - INFO - Target Total: 75
2023-09-02 20:48:36,996 - FGO - INFO - Train Total: 729
2023-09-02 20:48:36,996 - FGO - INFO - Val Total:   75
2023-09-02 20:48:36,996 - FGO - INFO - Test Total:  75
2023-09-02 20:48:36,996 - FGO - INFO - ===== Preparing to load data =============================================================
2023-09-02 20:48:36,996 - FGO - INFO - SOURCE: abide_large
2023-09-02 20:48:36,996 - FGO - INFO - ===== Retrieving SOURCE Data =============================================================
2023-09-02 20:48:36,996 - FGO - INFO - *************** In load_graph_data ***************
2023-09-02 20:48:36,996 - FGO - INFO - 	FILEPATH: ./data/abide_large.mat
2023-09-02 20:48:36,997 - FGO - INFO - 	X shape: (804, 93)
2023-09-02 20:48:36,997 - FGO - INFO - 	A shape: (804, 804)
2023-09-02 20:48:36,997 - FGO - INFO - 	P shape: (804,)
2023-09-02 20:48:36,997 - FGO - INFO - 	Y shape: (804, 2)
2023-09-02 20:48:36,997 - FGO - INFO - 	Y sum: 804 (number of postive labels)
2023-09-02 20:48:36,998 - FGO - INFO - ===== Preparing data =====================================================================
2023-09-02 20:48:36,999 - FGO - INFO - ===== Disconnecting Source and Target ====================================================
2023-09-02 20:48:37,092 - FGO - INFO - ===== Finalize Data ======================================================================
2023-09-02 20:48:37,092 - FGO - INFO - A shape: (804, 804)
2023-09-02 20:48:37,092 - FGO - INFO - X shape: (804, 93)
2023-09-02 20:48:37,092 - FGO - INFO - Y shape: (804, 2)
2023-09-02 20:48:37,092 - FGO - INFO - N: 804
2023-09-02 20:48:37,092 - FGO - INFO - N_s: 729
2023-09-02 20:48:37,093 - FGO - INFO - N_t: 75
2023-09-02 20:48:37,096 - FGO - INFO - ===== Pretrain GCN Model =================================================================
2023-09-02 20:48:37,099 - FGO - INFO - Epoch   0 | Train Loss: 0.689 | Val Loss: 0.68 | Val F1: 0.37 |
2023-09-02 20:48:37,124 - FGO - INFO - Epoch  10 | Train Loss: 0.580 | Val Loss: 0.56 | Val F1: 0.75 |
2023-09-02 20:48:37,149 - FGO - INFO - Epoch  20 | Train Loss: 0.266 | Val Loss: 0.18 | Val F1: 0.97 |
2023-09-02 20:48:37,174 - FGO - INFO - Epoch  30 | Train Loss: 0.135 | Val Loss: 0.07 | Val F1: 0.99 |
2023-09-02 20:48:37,198 - FGO - INFO - Epoch  40 | Train Loss: 0.098 | Val Loss: 0.04 | Val F1: 0.99 |
2023-09-02 20:48:37,223 - FGO - INFO - Epoch  50 | Train Loss: 0.087 | Val Loss: 0.05 | Val F1: 0.99 |
2023-09-02 20:48:37,247 - FGO - INFO - Epoch  60 | Train Loss: 0.077 | Val Loss: 0.05 | Val F1: 0.99 |
2023-09-02 20:48:37,272 - FGO - INFO - Epoch  70 | Train Loss: 0.071 | Val Loss: 0.04 | Val F1: 0.99 |
2023-09-02 20:48:37,296 - FGO - INFO - Epoch  80 | Train Loss: 0.076 | Val Loss: 0.07 | Val F1: 0.97 |
2023-09-02 20:48:37,321 - FGO - INFO - Epoch  90 | Train Loss: 0.071 | Val Loss: 0.04 | Val F1: 0.99 |
2023-09-02 20:48:37,345 - FGO - INFO - Epoch 100 | Train Loss: 0.066 | Val Loss: 0.04 | Val F1: 0.97 |
2023-09-02 20:48:37,345 - FGO - INFO - Best Epoch:  24 | Train Loss: 0.189 | Val Loss: 0.10 | Val F1: 1.00 
2023-09-02 20:48:37,345 - FGO - INFO - Setting model to best state.
2023-09-02 20:48:37,347 - FGO - INFO - ===== Train Fair OT GCN Model ============================================================
2023-09-02 20:48:37,457 - FGO - INFO - Epoch   0 | Train Loss: -0.321 | Val Loss: -0.02 | Val F1: 0.97 |
2023-09-02 20:48:38,390 - FGO - INFO - Epoch  10 | Train Loss: -0.651 | Val Loss: 0.00 | Val F1: 0.97 |
2023-09-02 20:48:39,316 - FGO - INFO - Epoch  20 | Train Loss: -0.717 | Val Loss: -0.03 | Val F1: 0.97 |
2023-09-02 20:48:40,128 - FGO - INFO - Epoch  30 | Train Loss: -0.751 | Val Loss: -0.02 | Val F1: 0.97 |
2023-09-02 20:48:41,056 - FGO - INFO - Epoch  40 | Train Loss: -0.773 | Val Loss: -0.03 | Val F1: 0.96 |
2023-09-02 20:48:41,842 - FGO - INFO - Best Epoch:  27 | Train Loss: -0.745 | Val Loss: -0.03 | Val F1: 0.99 |
2023-09-02 20:48:41,842 - FGO - INFO - Setting model to best state.
2023-09-02 20:48:41,850 - FGO - INFO - ===== Test Fair OT GCN Model =============================================================
2023-09-02 20:48:41,882 - FGO - INFO - Train CM:
[[389   7]
 [ 15 318]]
2023-09-02 20:48:41,882 - FGO - INFO - Val CM:
[[38  0]
 [ 2 35]]
2023-09-02 20:48:41,883 - FGO - INFO - Test CM:
[[38  0]
 [ 2 35]]
2023-09-02 20:48:41,887 - FGO - INFO - test statistical parity: 0.046838407494145196
2023-09-02 20:48:41,888 - FGO - INFO - test equal opportunity: 0.10952380952380958
2023-09-02 20:48:41,889 - FGO - INFO - test micro f1: 0.9733333333333334
2023-09-02 20:48:41,890 - FGO - INFO - test macro f1: 0.9732905982905983
