2023-09-02 20:44:28,150 - FGO - INFO - ===== SETUP LOGGING ======================================================================
2023-09-02 20:44:28,150 - FGO - INFO - THIS_FILE: Wrapper.py
2023-09-02 20:44:28,150 - FGO - INFO - 	done: False
2023-09-02 20:44:28,150 - FGO - INFO - 	learning_rate: 0.001
2023-09-02 20:44:28,150 - FGO - INFO - 	h1: 64
2023-09-02 20:44:28,150 - FGO - INFO - 	h2: 32
2023-09-02 20:44:28,150 - FGO - INFO - 	weight_decay: 0.0005
2023-09-02 20:44:28,150 - FGO - INFO - 	dropout: 0.0
2023-09-02 20:44:28,150 - FGO - INFO - 	max_pretrain_epochs: 100
2023-09-02 20:44:28,150 - FGO - INFO - 	max_ot_epochs: 50
2023-09-02 20:44:28,150 - FGO - INFO - 	lambda: 0.03
2023-09-02 20:44:28,150 - FGO - INFO - 	theta: 10
2023-09-02 20:44:28,150 - FGO - INFO - 	clip: 5
2023-09-02 20:44:28,150 - FGO - INFO - ===== SETUP LOGGING COMPLETE =============================================================
2023-09-02 20:44:28,150 - FGO - INFO - ===== Configuring Masks ==================================================================
2023-09-02 20:44:28,150 - FGO - INFO - Source Total: 717
2023-09-02 20:44:28,150 - FGO - INFO - Target Total: 87
2023-09-02 20:44:28,150 - FGO - INFO - Train Total: 717
2023-09-02 20:44:28,150 - FGO - INFO - Val Total:   87
2023-09-02 20:44:28,150 - FGO - INFO - Test Total:  87
2023-09-02 20:44:28,150 - FGO - INFO - ===== Preparing to load data =============================================================
2023-09-02 20:44:28,150 - FGO - INFO - SOURCE: abide_large
2023-09-02 20:44:28,150 - FGO - INFO - ===== Retrieving SOURCE Data =============================================================
2023-09-02 20:44:28,150 - FGO - INFO - *************** In load_graph_data ***************
2023-09-02 20:44:28,150 - FGO - INFO - 	FILEPATH: ./data/abide_large.mat
2023-09-02 20:44:28,151 - FGO - INFO - 	X shape: (804, 93)
2023-09-02 20:44:28,151 - FGO - INFO - 	A shape: (804, 804)
2023-09-02 20:44:28,151 - FGO - INFO - 	P shape: (804,)
2023-09-02 20:44:28,151 - FGO - INFO - 	Y shape: (804, 2)
2023-09-02 20:44:28,151 - FGO - INFO - 	Y sum: 804 (number of postive labels)
2023-09-02 20:44:28,152 - FGO - INFO - ===== Preparing data =====================================================================
2023-09-02 20:44:28,153 - FGO - INFO - ===== Disconnecting Source and Target ====================================================
2023-09-02 20:44:28,259 - FGO - INFO - ===== Finalize Data ======================================================================
2023-09-02 20:44:28,259 - FGO - INFO - A shape: (804, 804)
2023-09-02 20:44:28,259 - FGO - INFO - X shape: (804, 93)
2023-09-02 20:44:28,259 - FGO - INFO - Y shape: (804, 2)
2023-09-02 20:44:28,259 - FGO - INFO - N: 804
2023-09-02 20:44:28,259 - FGO - INFO - N_s: 717
2023-09-02 20:44:28,259 - FGO - INFO - N_t: 87
2023-09-02 20:44:28,263 - FGO - INFO - ===== Pretrain GCN Model =================================================================
2023-09-02 20:44:28,266 - FGO - INFO - Epoch   0 | Train Loss: 0.690 | Val Loss: 0.68 | Val F1: 0.36 |
2023-09-02 20:44:28,291 - FGO - INFO - Epoch  10 | Train Loss: 0.675 | Val Loss: 0.67 | Val F1: 0.47 |
2023-09-02 20:44:28,315 - FGO - INFO - Epoch  20 | Train Loss: 0.650 | Val Loss: 0.64 | Val F1: 0.63 |
2023-09-02 20:44:28,340 - FGO - INFO - Epoch  30 | Train Loss: 0.595 | Val Loss: 0.59 | Val F1: 0.78 |
2023-09-02 20:44:28,364 - FGO - INFO - Epoch  40 | Train Loss: 0.509 | Val Loss: 0.50 | Val F1: 0.84 |
2023-09-02 20:44:28,389 - FGO - INFO - Epoch  50 | Train Loss: 0.402 | Val Loss: 0.40 | Val F1: 0.86 |
2023-09-02 20:44:28,413 - FGO - INFO - Epoch  60 | Train Loss: 0.301 | Val Loss: 0.31 | Val F1: 0.92 |
2023-09-02 20:44:28,437 - FGO - INFO - Epoch  70 | Train Loss: 0.228 | Val Loss: 0.23 | Val F1: 0.92 |
2023-09-02 20:44:28,462 - FGO - INFO - Epoch  80 | Train Loss: 0.184 | Val Loss: 0.19 | Val F1: 0.93 |
2023-09-02 20:44:28,486 - FGO - INFO - Epoch  90 | Train Loss: 0.154 | Val Loss: 0.16 | Val F1: 0.94 |
2023-09-02 20:44:28,510 - FGO - INFO - Epoch 100 | Train Loss: 0.134 | Val Loss: 0.14 | Val F1: 0.95 |
2023-09-02 20:44:28,510 - FGO - INFO - Best Epoch:  99 | Train Loss: 0.135 | Val Loss: 0.14 | Val F1: 0.95 
2023-09-02 20:44:28,510 - FGO - INFO - Setting model to best state.
2023-09-02 20:44:28,512 - FGO - INFO - ===== Train Fair OT GCN Model ============================================================
2023-09-02 20:44:28,576 - FGO - INFO - Epoch   0 | Train Loss: -2.364 | Val Loss: -0.19 | Val F1: 0.95 |
2023-09-02 20:44:29,365 - FGO - INFO - Epoch  10 | Train Loss: -2.421 | Val Loss: -0.19 | Val F1: 0.94 |
2023-09-02 20:44:30,189 - FGO - INFO - Epoch  20 | Train Loss: -2.467 | Val Loss: -0.21 | Val F1: 0.93 |
2023-09-02 20:44:30,950 - FGO - INFO - Epoch  30 | Train Loss: -2.501 | Val Loss: -0.23 | Val F1: 0.94 |
2023-09-02 20:44:31,750 - FGO - INFO - Epoch  40 | Train Loss: -2.524 | Val Loss: -0.24 | Val F1: 0.94 |
2023-09-02 20:44:32,463 - FGO - INFO - Best Epoch:  45 | Train Loss: -2.534 | Val Loss: -0.25 | Val F1: 0.98 |
2023-09-02 20:44:32,463 - FGO - INFO - Setting model to best state.
2023-09-02 20:44:32,467 - FGO - INFO - ===== Test Fair OT GCN Model =============================================================
2023-09-02 20:44:32,491 - FGO - INFO - Train CM:
[[377   8]
 [ 25 307]]
2023-09-02 20:44:32,492 - FGO - INFO - Val CM:
[[48  1]
 [ 2 36]]
2023-09-02 20:44:32,492 - FGO - INFO - Test CM:
[[48  1]
 [ 2 36]]
2023-09-02 20:44:32,497 - FGO - INFO - test statistical parity: 0.08227848101265822
2023-09-02 20:44:32,498 - FGO - INFO - test equal opportunity: 0.05882352941176472
2023-09-02 20:44:32,499 - FGO - INFO - test micro f1: 0.9655172413793104
2023-09-02 20:44:32,500 - FGO - INFO - test macro f1: 0.9648484848484848
