2023-09-02 20:48:56,566 - FGO - INFO - ===== SETUP LOGGING ======================================================================
2023-09-02 20:48:56,566 - FGO - INFO - THIS_FILE: Wrapper.py
2023-09-02 20:48:56,566 - FGO - INFO - 	done: False
2023-09-02 20:48:56,566 - FGO - INFO - 	learning_rate: 0.005
2023-09-02 20:48:56,566 - FGO - INFO - 	h1: 64
2023-09-02 20:48:56,566 - FGO - INFO - 	h2: 32
2023-09-02 20:48:56,566 - FGO - INFO - 	weight_decay: 0.0005
2023-09-02 20:48:56,566 - FGO - INFO - 	dropout: 0.0
2023-09-02 20:48:56,566 - FGO - INFO - 	max_pretrain_epochs: 100
2023-09-02 20:48:56,566 - FGO - INFO - 	max_ot_epochs: 50
2023-09-02 20:48:56,566 - FGO - INFO - 	lambda: 0.01
2023-09-02 20:48:56,566 - FGO - INFO - 	theta: 10
2023-09-02 20:48:56,566 - FGO - INFO - 	clip: 5
2023-09-02 20:48:56,566 - FGO - INFO - ===== SETUP LOGGING COMPLETE =============================================================
2023-09-02 20:48:56,567 - FGO - INFO - ===== Configuring Masks ==================================================================
2023-09-02 20:48:56,567 - FGO - INFO - Source Total: 717
2023-09-02 20:48:56,567 - FGO - INFO - Target Total: 87
2023-09-02 20:48:56,567 - FGO - INFO - Train Total: 717
2023-09-02 20:48:56,567 - FGO - INFO - Val Total:   87
2023-09-02 20:48:56,567 - FGO - INFO - Test Total:  87
2023-09-02 20:48:56,567 - FGO - INFO - ===== Preparing to load data =============================================================
2023-09-02 20:48:56,567 - FGO - INFO - SOURCE: abide_large
2023-09-02 20:48:56,567 - FGO - INFO - ===== Retrieving SOURCE Data =============================================================
2023-09-02 20:48:56,567 - FGO - INFO - *************** In load_graph_data ***************
2023-09-02 20:48:56,567 - FGO - INFO - 	FILEPATH: ./data/abide_large.mat
2023-09-02 20:48:56,567 - FGO - INFO - 	X shape: (804, 93)
2023-09-02 20:48:56,567 - FGO - INFO - 	A shape: (804, 804)
2023-09-02 20:48:56,567 - FGO - INFO - 	P shape: (804,)
2023-09-02 20:48:56,567 - FGO - INFO - 	Y shape: (804, 2)
2023-09-02 20:48:56,567 - FGO - INFO - 	Y sum: 804 (number of postive labels)
2023-09-02 20:48:56,568 - FGO - INFO - ===== Preparing data =====================================================================
2023-09-02 20:48:56,569 - FGO - INFO - ===== Disconnecting Source and Target ====================================================
2023-09-02 20:48:56,675 - FGO - INFO - ===== Finalize Data ======================================================================
2023-09-02 20:48:56,675 - FGO - INFO - A shape: (804, 804)
2023-09-02 20:48:56,675 - FGO - INFO - X shape: (804, 93)
2023-09-02 20:48:56,675 - FGO - INFO - Y shape: (804, 2)
2023-09-02 20:48:56,675 - FGO - INFO - N: 804
2023-09-02 20:48:56,675 - FGO - INFO - N_s: 717
2023-09-02 20:48:56,675 - FGO - INFO - N_t: 87
2023-09-02 20:48:56,679 - FGO - INFO - ===== Pretrain GCN Model =================================================================
2023-09-02 20:48:56,682 - FGO - INFO - Epoch   0 | Train Loss: 0.689 | Val Loss: 0.68 | Val F1: 0.35 |
2023-09-02 20:48:56,707 - FGO - INFO - Epoch  10 | Train Loss: 0.583 | Val Loss: 0.59 | Val F1: 0.72 |
2023-09-02 20:48:56,731 - FGO - INFO - Epoch  20 | Train Loss: 0.265 | Val Loss: 0.28 | Val F1: 0.92 |
2023-09-02 20:48:56,756 - FGO - INFO - Epoch  30 | Train Loss: 0.135 | Val Loss: 0.12 | Val F1: 0.97 |
2023-09-02 20:48:56,780 - FGO - INFO - Epoch  40 | Train Loss: 0.098 | Val Loss: 0.11 | Val F1: 0.97 |
2023-09-02 20:48:56,805 - FGO - INFO - Epoch  50 | Train Loss: 0.086 | Val Loss: 0.12 | Val F1: 0.97 |
2023-09-02 20:48:56,829 - FGO - INFO - Epoch  60 | Train Loss: 0.076 | Val Loss: 0.15 | Val F1: 0.95 |
2023-09-02 20:48:56,854 - FGO - INFO - Epoch  70 | Train Loss: 0.071 | Val Loss: 0.16 | Val F1: 0.95 |
2023-09-02 20:48:56,878 - FGO - INFO - Epoch  80 | Train Loss: 0.068 | Val Loss: 0.17 | Val F1: 0.94 |
2023-09-02 20:48:56,903 - FGO - INFO - Epoch  90 | Train Loss: 0.070 | Val Loss: 0.15 | Val F1: 0.95 |
2023-09-02 20:48:56,927 - FGO - INFO - Epoch 100 | Train Loss: 0.066 | Val Loss: 0.16 | Val F1: 0.95 |
2023-09-02 20:48:56,927 - FGO - INFO - Best Epoch:  26 | Train Loss: 0.169 | Val Loss: 0.14 | Val F1: 0.98 
2023-09-02 20:48:56,927 - FGO - INFO - Setting model to best state.
2023-09-02 20:48:56,929 - FGO - INFO - ===== Train Fair OT GCN Model ============================================================
2023-09-02 20:48:57,028 - FGO - INFO - Epoch   0 | Train Loss: -0.593 | Val Loss: 0.07 | Val F1: 0.95 |
2023-09-02 20:48:58,077 - FGO - INFO - Epoch  10 | Train Loss: -0.629 | Val Loss: 0.13 | Val F1: 0.94 |
2023-09-02 20:48:59,121 - FGO - INFO - Epoch  20 | Train Loss: -0.707 | Val Loss: 0.09 | Val F1: 0.95 |
2023-09-02 20:49:00,004 - FGO - INFO - Epoch  30 | Train Loss: -0.731 | Val Loss: 0.07 | Val F1: 0.97 |
2023-09-02 20:49:00,907 - FGO - INFO - Epoch  40 | Train Loss: -0.757 | Val Loss: 0.07 | Val F1: 0.97 |
2023-09-02 20:49:01,631 - FGO - INFO - Best Epoch:  16 | Train Loss: -0.687 | Val Loss: 0.08 | Val F1: 0.97 |
2023-09-02 20:49:01,631 - FGO - INFO - Setting model to best state.
2023-09-02 20:49:01,635 - FGO - INFO - ===== Test Fair OT GCN Model =============================================================
2023-09-02 20:49:01,662 - FGO - INFO - Train CM:
[[378   9]
 [ 12 318]]
2023-09-02 20:49:01,663 - FGO - INFO - Val CM:
[[46  1]
 [ 2 38]]
2023-09-02 20:49:01,663 - FGO - INFO - Test CM:
[[46  1]
 [ 2 38]]
2023-09-02 20:49:01,668 - FGO - INFO - test statistical parity: 0.35
2023-09-02 20:49:01,669 - FGO - INFO - test equal opportunity: 0.06451612903225812
2023-09-02 20:49:01,670 - FGO - INFO - test micro f1: 0.9655172413793104
2023-09-02 20:49:01,670 - FGO - INFO - test macro f1: 0.9652231845436376
