2023-09-02 21:01:17,087 - FGO - INFO - ===== SETUP LOGGING ======================================================================
2023-09-02 21:01:17,087 - FGO - INFO - THIS_FILE: Wrapper.py
2023-09-02 21:01:17,087 - FGO - INFO - 	done: False
2023-09-02 21:01:17,087 - FGO - INFO - 	learning_rate: 0.01
2023-09-02 21:01:17,087 - FGO - INFO - 	h1: 64
2023-09-02 21:01:17,087 - FGO - INFO - 	h2: 32
2023-09-02 21:01:17,087 - FGO - INFO - 	weight_decay: 0.0005
2023-09-02 21:01:17,087 - FGO - INFO - 	dropout: 0.0
2023-09-02 21:01:17,087 - FGO - INFO - 	max_pretrain_epochs: 100
2023-09-02 21:01:17,087 - FGO - INFO - 	max_ot_epochs: 50
2023-09-02 21:01:17,087 - FGO - INFO - 	lambda: 0.05
2023-09-02 21:01:17,087 - FGO - INFO - 	theta: 50
2023-09-02 21:01:17,087 - FGO - INFO - 	clip: 5
2023-09-02 21:01:17,087 - FGO - INFO - ===== SETUP LOGGING COMPLETE =============================================================
2023-09-02 21:01:17,087 - FGO - INFO - ===== Configuring Masks ==================================================================
2023-09-02 21:01:17,087 - FGO - INFO - Source Total: 721
2023-09-02 21:01:17,087 - FGO - INFO - Target Total: 83
2023-09-02 21:01:17,087 - FGO - INFO - Train Total: 721
2023-09-02 21:01:17,087 - FGO - INFO - Val Total:   83
2023-09-02 21:01:17,087 - FGO - INFO - Test Total:  83
2023-09-02 21:01:17,088 - FGO - INFO - ===== Preparing to load data =============================================================
2023-09-02 21:01:17,088 - FGO - INFO - SOURCE: abide_large
2023-09-02 21:01:17,088 - FGO - INFO - ===== Retrieving SOURCE Data =============================================================
2023-09-02 21:01:17,088 - FGO - INFO - *************** In load_graph_data ***************
2023-09-02 21:01:17,088 - FGO - INFO - 	FILEPATH: ./data/abide_large.mat
2023-09-02 21:01:17,088 - FGO - INFO - 	X shape: (804, 93)
2023-09-02 21:01:17,088 - FGO - INFO - 	A shape: (804, 804)
2023-09-02 21:01:17,088 - FGO - INFO - 	P shape: (804,)
2023-09-02 21:01:17,088 - FGO - INFO - 	Y shape: (804, 2)
2023-09-02 21:01:17,088 - FGO - INFO - 	Y sum: 804 (number of postive labels)
2023-09-02 21:01:17,089 - FGO - INFO - ===== Preparing data =====================================================================
2023-09-02 21:01:17,090 - FGO - INFO - ===== Disconnecting Source and Target ====================================================
2023-09-02 21:01:17,194 - FGO - INFO - ===== Finalize Data ======================================================================
2023-09-02 21:01:17,194 - FGO - INFO - A shape: (804, 804)
2023-09-02 21:01:17,194 - FGO - INFO - X shape: (804, 93)
2023-09-02 21:01:17,194 - FGO - INFO - Y shape: (804, 2)
2023-09-02 21:01:17,194 - FGO - INFO - N: 804
2023-09-02 21:01:17,194 - FGO - INFO - N_s: 721
2023-09-02 21:01:17,194 - FGO - INFO - N_t: 83
2023-09-02 21:01:17,197 - FGO - INFO - ===== Pretrain GCN Model =================================================================
2023-09-02 21:01:17,201 - FGO - INFO - Epoch   0 | Train Loss: 0.690 | Val Loss: 0.68 | Val F1: 0.38 |
2023-09-02 21:01:17,225 - FGO - INFO - Epoch  10 | Train Loss: 0.478 | Val Loss: 0.49 | Val F1: 0.84 |
2023-09-02 21:01:17,250 - FGO - INFO - Epoch  20 | Train Loss: 0.142 | Val Loss: 0.24 | Val F1: 0.87 |
2023-09-02 21:01:17,274 - FGO - INFO - Epoch  30 | Train Loss: 0.087 | Val Loss: 0.26 | Val F1: 0.90 |
2023-09-02 21:01:17,299 - FGO - INFO - Epoch  40 | Train Loss: 0.073 | Val Loss: 0.25 | Val F1: 0.90 |
2023-09-02 21:01:17,323 - FGO - INFO - Epoch  50 | Train Loss: 0.063 | Val Loss: 0.25 | Val F1: 0.91 |
2023-09-02 21:01:17,348 - FGO - INFO - Epoch  60 | Train Loss: 0.058 | Val Loss: 0.27 | Val F1: 0.91 |
2023-09-02 21:01:17,372 - FGO - INFO - Epoch  70 | Train Loss: 0.056 | Val Loss: 0.28 | Val F1: 0.91 |
2023-09-02 21:01:17,397 - FGO - INFO - Epoch  80 | Train Loss: 0.052 | Val Loss: 0.28 | Val F1: 0.88 |
2023-09-02 21:01:17,421 - FGO - INFO - Epoch  90 | Train Loss: 0.051 | Val Loss: 0.28 | Val F1: 0.89 |
2023-09-02 21:01:17,446 - FGO - INFO - Epoch 100 | Train Loss: 0.046 | Val Loss: 0.29 | Val F1: 0.89 |
2023-09-02 21:01:17,446 - FGO - INFO - Best Epoch:  58 | Train Loss: 0.058 | Val Loss: 0.26 | Val F1: 0.92 
2023-09-02 21:01:17,446 - FGO - INFO - Setting model to best state.
2023-09-02 21:01:17,447 - FGO - INFO - ===== Train Fair OT GCN Model ============================================================
2023-09-02 21:01:17,534 - FGO - INFO - Epoch   0 | Train Loss: -21.791 | Val Loss: -2.08 | Val F1: 0.90 |
2023-09-02 21:01:18,313 - FGO - INFO - Epoch  10 | Train Loss: -23.315 | Val Loss: -2.21 | Val F1: 0.88 |
2023-09-02 21:01:19,078 - FGO - INFO - Epoch  20 | Train Loss: -24.097 | Val Loss: -2.00 | Val F1: 0.63 |
2023-09-02 21:01:19,830 - FGO - INFO - Epoch  30 | Train Loss: -24.138 | Val Loss: -1.98 | Val F1: 0.38 |
2023-09-02 21:01:20,568 - FGO - INFO - Epoch  40 | Train Loss: -24.138 | Val Loss: -1.99 | Val F1: 0.38 |
2023-09-02 21:01:21,232 - FGO - INFO - Best Epoch:  17 | Train Loss: -23.835 | Val Loss: -2.15 | Val F1: 0.92 |
2023-09-02 21:01:21,232 - FGO - INFO - Setting model to best state.
2023-09-02 21:01:21,235 - FGO - INFO - ===== Test Fair OT GCN Model =============================================================
2023-09-02 21:01:21,259 - FGO - INFO - Train CM:
[[384   0]
 [337   0]]
2023-09-02 21:01:21,260 - FGO - INFO - Val CM:
[[50  0]
 [33  0]]
2023-09-02 21:01:21,260 - FGO - INFO - Test CM:
[[50  0]
 [33  0]]
2023-09-02 21:01:21,265 - FGO - INFO - test statistical parity: 0.0
2023-09-02 21:01:21,266 - FGO - INFO - test equal opportunity: 0.0
2023-09-02 21:01:21,267 - FGO - INFO - test micro f1: 0.6024096385542169
2023-09-02 21:01:21,268 - FGO - INFO - test macro f1: 0.3759398496240602
