2023-09-02 20:59:37,595 - FGO - INFO - ===== SETUP LOGGING ======================================================================
2023-09-02 20:59:37,595 - FGO - INFO - THIS_FILE: Wrapper.py
2023-09-02 20:59:37,595 - FGO - INFO - 	done: False
2023-09-02 20:59:37,595 - FGO - INFO - 	learning_rate: 0.01
2023-09-02 20:59:37,595 - FGO - INFO - 	h1: 64
2023-09-02 20:59:37,596 - FGO - INFO - 	h2: 32
2023-09-02 20:59:37,596 - FGO - INFO - 	weight_decay: 0.0005
2023-09-02 20:59:37,596 - FGO - INFO - 	dropout: 0.0
2023-09-02 20:59:37,596 - FGO - INFO - 	max_pretrain_epochs: 100
2023-09-02 20:59:37,596 - FGO - INFO - 	max_ot_epochs: 50
2023-09-02 20:59:37,596 - FGO - INFO - 	lambda: 0.03
2023-09-02 20:59:37,596 - FGO - INFO - 	theta: 50
2023-09-02 20:59:37,596 - FGO - INFO - 	clip: 5
2023-09-02 20:59:37,596 - FGO - INFO - ===== SETUP LOGGING COMPLETE =============================================================
2023-09-02 20:59:37,596 - FGO - INFO - ===== Configuring Masks ==================================================================
2023-09-02 20:59:37,596 - FGO - INFO - Source Total: 725
2023-09-02 20:59:37,596 - FGO - INFO - Target Total: 79
2023-09-02 20:59:37,596 - FGO - INFO - Train Total: 725
2023-09-02 20:59:37,596 - FGO - INFO - Val Total:   79
2023-09-02 20:59:37,596 - FGO - INFO - Test Total:  79
2023-09-02 20:59:37,596 - FGO - INFO - ===== Preparing to load data =============================================================
2023-09-02 20:59:37,596 - FGO - INFO - SOURCE: abide_large
2023-09-02 20:59:37,596 - FGO - INFO - ===== Retrieving SOURCE Data =============================================================
2023-09-02 20:59:37,596 - FGO - INFO - *************** In load_graph_data ***************
2023-09-02 20:59:37,596 - FGO - INFO - 	FILEPATH: ./data/abide_large.mat
2023-09-02 20:59:37,596 - FGO - INFO - 	X shape: (804, 93)
2023-09-02 20:59:37,596 - FGO - INFO - 	A shape: (804, 804)
2023-09-02 20:59:37,596 - FGO - INFO - 	P shape: (804,)
2023-09-02 20:59:37,596 - FGO - INFO - 	Y shape: (804, 2)
2023-09-02 20:59:37,596 - FGO - INFO - 	Y sum: 804 (number of postive labels)
2023-09-02 20:59:37,597 - FGO - INFO - ===== Preparing data =====================================================================
2023-09-02 20:59:37,599 - FGO - INFO - ===== Disconnecting Source and Target ====================================================
2023-09-02 20:59:37,697 - FGO - INFO - ===== Finalize Data ======================================================================
2023-09-02 20:59:37,698 - FGO - INFO - A shape: (804, 804)
2023-09-02 20:59:37,698 - FGO - INFO - X shape: (804, 93)
2023-09-02 20:59:37,698 - FGO - INFO - Y shape: (804, 2)
2023-09-02 20:59:37,698 - FGO - INFO - N: 804
2023-09-02 20:59:37,698 - FGO - INFO - N_s: 725
2023-09-02 20:59:37,698 - FGO - INFO - N_t: 79
2023-09-02 20:59:37,701 - FGO - INFO - ===== Pretrain GCN Model =================================================================
2023-09-02 20:59:37,704 - FGO - INFO - Epoch   0 | Train Loss: 0.690 | Val Loss: 0.67 | Val F1: 0.38 |
2023-09-02 20:59:37,729 - FGO - INFO - Epoch  10 | Train Loss: 0.471 | Val Loss: 0.48 | Val F1: 0.87 |
2023-09-02 20:59:37,754 - FGO - INFO - Epoch  20 | Train Loss: 0.138 | Val Loss: 0.18 | Val F1: 0.96 |
2023-09-02 20:59:37,778 - FGO - INFO - Epoch  30 | Train Loss: 0.102 | Val Loss: 0.19 | Val F1: 0.97 |
2023-09-02 20:59:37,803 - FGO - INFO - Epoch  40 | Train Loss: 0.092 | Val Loss: 0.21 | Val F1: 0.97 |
2023-09-02 20:59:37,827 - FGO - INFO - Epoch  50 | Train Loss: 0.078 | Val Loss: 0.19 | Val F1: 0.97 |
2023-09-02 20:59:37,852 - FGO - INFO - Epoch  60 | Train Loss: 0.071 | Val Loss: 0.18 | Val F1: 0.97 |
2023-09-02 20:59:37,876 - FGO - INFO - Epoch  70 | Train Loss: 0.066 | Val Loss: 0.15 | Val F1: 0.97 |
2023-09-02 20:59:37,900 - FGO - INFO - Epoch  80 | Train Loss: 0.069 | Val Loss: 0.15 | Val F1: 0.97 |
2023-09-02 20:59:37,925 - FGO - INFO - Epoch  90 | Train Loss: 0.063 | Val Loss: 0.10 | Val F1: 0.97 |
2023-09-02 20:59:37,949 - FGO - INFO - Epoch 100 | Train Loss: 0.070 | Val Loss: 0.06 | Val F1: 0.97 |
2023-09-02 20:59:37,950 - FGO - INFO - Best Epoch:  25 | Train Loss: 0.119 | Val Loss: 0.24 | Val F1: 0.97 
2023-09-02 20:59:37,950 - FGO - INFO - Setting model to best state.
2023-09-02 20:59:37,951 - FGO - INFO - ===== Train Fair OT GCN Model ============================================================
2023-09-02 20:59:38,049 - FGO - INFO - Epoch   0 | Train Loss: -12.368 | Val Loss: -1.24 | Val F1: 0.97 |
2023-09-02 20:59:38,813 - FGO - INFO - Epoch  10 | Train Loss: -13.656 | Val Loss: -1.30 | Val F1: 0.93 |
2023-09-02 20:59:39,629 - FGO - INFO - Epoch  20 | Train Loss: -14.128 | Val Loss: -0.92 | Val F1: 0.42 |
2023-09-02 20:59:40,363 - FGO - INFO - Epoch  30 | Train Loss: -14.133 | Val Loss: -0.93 | Val F1: 0.38 |
2023-09-02 20:59:41,120 - FGO - INFO - Epoch  40 | Train Loss: -14.133 | Val Loss: -0.93 | Val F1: 0.38 |
2023-09-02 20:59:41,765 - FGO - INFO - Best Epoch:   9 | Train Loss: -13.665 | Val Loss: -1.34 | Val F1: 0.96 |
2023-09-02 20:59:41,765 - FGO - INFO - Setting model to best state.
2023-09-02 20:59:41,768 - FGO - INFO - ===== Test Fair OT GCN Model =============================================================
2023-09-02 20:59:41,792 - FGO - INFO - Train CM:
[[385   0]
 [340   0]]
2023-09-02 20:59:41,793 - FGO - INFO - Val CM:
[[49  0]
 [30  0]]
2023-09-02 20:59:41,793 - FGO - INFO - Test CM:
[[49  0]
 [30  0]]
2023-09-02 20:59:41,798 - FGO - INFO - test statistical parity: 0.0
2023-09-02 20:59:41,799 - FGO - INFO - test equal opportunity: 0.0
2023-09-02 20:59:41,800 - FGO - INFO - test micro f1: 0.620253164556962
2023-09-02 20:59:41,801 - FGO - INFO - test macro f1: 0.3828125
