2023-09-02 20:52:51,587 - FGO - INFO - ===== SETUP LOGGING ======================================================================
2023-09-02 20:52:51,587 - FGO - INFO - THIS_FILE: Wrapper.py
2023-09-02 20:52:51,587 - FGO - INFO - 	done: False
2023-09-02 20:52:51,587 - FGO - INFO - 	learning_rate: 0.005
2023-09-02 20:52:51,587 - FGO - INFO - 	h1: 64
2023-09-02 20:52:51,587 - FGO - INFO - 	h2: 32
2023-09-02 20:52:51,587 - FGO - INFO - 	weight_decay: 0.0005
2023-09-02 20:52:51,587 - FGO - INFO - 	dropout: 0.0
2023-09-02 20:52:51,587 - FGO - INFO - 	max_pretrain_epochs: 100
2023-09-02 20:52:51,587 - FGO - INFO - 	max_ot_epochs: 50
2023-09-02 20:52:51,587 - FGO - INFO - 	lambda: 0.03
2023-09-02 20:52:51,587 - FGO - INFO - 	theta: 50
2023-09-02 20:52:51,587 - FGO - INFO - 	clip: 5
2023-09-02 20:52:51,587 - FGO - INFO - ===== SETUP LOGGING COMPLETE =============================================================
2023-09-02 20:52:51,587 - FGO - INFO - ===== Configuring Masks ==================================================================
2023-09-02 20:52:51,587 - FGO - INFO - Source Total: 725
2023-09-02 20:52:51,587 - FGO - INFO - Target Total: 79
2023-09-02 20:52:51,587 - FGO - INFO - Train Total: 725
2023-09-02 20:52:51,587 - FGO - INFO - Val Total:   79
2023-09-02 20:52:51,587 - FGO - INFO - Test Total:  79
2023-09-02 20:52:51,587 - FGO - INFO - ===== Preparing to load data =============================================================
2023-09-02 20:52:51,587 - FGO - INFO - SOURCE: abide_large
2023-09-02 20:52:51,587 - FGO - INFO - ===== Retrieving SOURCE Data =============================================================
2023-09-02 20:52:51,587 - FGO - INFO - *************** In load_graph_data ***************
2023-09-02 20:52:51,587 - FGO - INFO - 	FILEPATH: ./data/abide_large.mat
2023-09-02 20:52:51,588 - FGO - INFO - 	X shape: (804, 93)
2023-09-02 20:52:51,588 - FGO - INFO - 	A shape: (804, 804)
2023-09-02 20:52:51,588 - FGO - INFO - 	P shape: (804,)
2023-09-02 20:52:51,588 - FGO - INFO - 	Y shape: (804, 2)
2023-09-02 20:52:51,588 - FGO - INFO - 	Y sum: 804 (number of postive labels)
2023-09-02 20:52:51,589 - FGO - INFO - ===== Preparing data =====================================================================
2023-09-02 20:52:51,590 - FGO - INFO - ===== Disconnecting Source and Target ====================================================
2023-09-02 20:52:51,688 - FGO - INFO - ===== Finalize Data ======================================================================
2023-09-02 20:52:51,688 - FGO - INFO - A shape: (804, 804)
2023-09-02 20:52:51,688 - FGO - INFO - X shape: (804, 93)
2023-09-02 20:52:51,688 - FGO - INFO - Y shape: (804, 2)
2023-09-02 20:52:51,688 - FGO - INFO - N: 804
2023-09-02 20:52:51,688 - FGO - INFO - N_s: 725
2023-09-02 20:52:51,688 - FGO - INFO - N_t: 79
2023-09-02 20:52:51,692 - FGO - INFO - ===== Pretrain GCN Model =================================================================
2023-09-02 20:52:51,695 - FGO - INFO - Epoch   0 | Train Loss: 0.690 | Val Loss: 0.67 | Val F1: 0.38 |
2023-09-02 20:52:51,720 - FGO - INFO - Epoch  10 | Train Loss: 0.579 | Val Loss: 0.59 | Val F1: 0.74 |
2023-09-02 20:52:51,745 - FGO - INFO - Epoch  20 | Train Loss: 0.262 | Val Loss: 0.30 | Val F1: 0.91 |
2023-09-02 20:52:51,769 - FGO - INFO - Epoch  30 | Train Loss: 0.128 | Val Loss: 0.18 | Val F1: 0.97 |
2023-09-02 20:52:51,794 - FGO - INFO - Epoch  40 | Train Loss: 0.098 | Val Loss: 0.20 | Val F1: 0.97 |
2023-09-02 20:52:51,818 - FGO - INFO - Epoch  50 | Train Loss: 0.085 | Val Loss: 0.20 | Val F1: 0.97 |
2023-09-02 20:52:51,843 - FGO - INFO - Epoch  60 | Train Loss: 0.076 | Val Loss: 0.19 | Val F1: 0.97 |
2023-09-02 20:52:51,867 - FGO - INFO - Epoch  70 | Train Loss: 0.071 | Val Loss: 0.17 | Val F1: 0.97 |
2023-09-02 20:52:51,892 - FGO - INFO - Epoch  80 | Train Loss: 0.068 | Val Loss: 0.17 | Val F1: 0.97 |
2023-09-02 20:52:51,916 - FGO - INFO - Epoch  90 | Train Loss: 0.066 | Val Loss: 0.15 | Val F1: 0.97 |
2023-09-02 20:52:51,940 - FGO - INFO - Epoch 100 | Train Loss: 0.065 | Val Loss: 0.15 | Val F1: 0.97 |
2023-09-02 20:52:51,940 - FGO - INFO - Best Epoch:  51 | Train Loss: 0.085 | Val Loss: 0.18 | Val F1: 0.99 
2023-09-02 20:52:51,940 - FGO - INFO - Setting model to best state.
2023-09-02 20:52:51,942 - FGO - INFO - ===== Train Fair OT GCN Model ============================================================
2023-09-02 20:52:52,041 - FGO - INFO - Epoch   0 | Train Loss: -12.383 | Val Loss: -1.22 | Val F1: 0.97 |
2023-09-02 20:52:52,841 - FGO - INFO - Epoch  10 | Train Loss: -13.368 | Val Loss: -1.22 | Val F1: 0.90 |
2023-09-02 20:52:53,688 - FGO - INFO - Epoch  20 | Train Loss: -13.776 | Val Loss: -1.13 | Val F1: 0.92 |
2023-09-02 20:52:54,455 - FGO - INFO - Epoch  30 | Train Loss: -14.117 | Val Loss: -0.93 | Val F1: 0.45 |
2023-09-02 20:52:55,191 - FGO - INFO - Epoch  40 | Train Loss: -14.133 | Val Loss: -0.93 | Val F1: 0.38 |
2023-09-02 20:52:55,868 - FGO - INFO - Best Epoch:  12 | Train Loss: -13.562 | Val Loss: -1.35 | Val F1: 0.96 |
2023-09-02 20:52:55,868 - FGO - INFO - Setting model to best state.
2023-09-02 20:52:55,872 - FGO - INFO - ===== Test Fair OT GCN Model =============================================================
2023-09-02 20:52:55,896 - FGO - INFO - Train CM:
[[385   0]
 [340   0]]
2023-09-02 20:52:55,896 - FGO - INFO - Val CM:
[[49  0]
 [30  0]]
2023-09-02 20:52:55,896 - FGO - INFO - Test CM:
[[49  0]
 [30  0]]
2023-09-02 20:52:55,901 - FGO - INFO - test statistical parity: 0.0
2023-09-02 20:52:55,903 - FGO - INFO - test equal opportunity: 0.0
2023-09-02 20:52:55,904 - FGO - INFO - test micro f1: 0.620253164556962
2023-09-02 20:52:55,904 - FGO - INFO - test macro f1: 0.3828125
