2023-09-02 20:49:44,259 - FGO - INFO - ===== SETUP LOGGING ======================================================================
2023-09-02 20:49:44,259 - FGO - INFO - THIS_FILE: Wrapper.py
2023-09-02 20:49:44,259 - FGO - INFO - 	done: False
2023-09-02 20:49:44,259 - FGO - INFO - 	learning_rate: 0.005
2023-09-02 20:49:44,259 - FGO - INFO - 	h1: 64
2023-09-02 20:49:44,259 - FGO - INFO - 	h2: 32
2023-09-02 20:49:44,259 - FGO - INFO - 	weight_decay: 0.0005
2023-09-02 20:49:44,259 - FGO - INFO - 	dropout: 0.0
2023-09-02 20:49:44,259 - FGO - INFO - 	max_pretrain_epochs: 100
2023-09-02 20:49:44,259 - FGO - INFO - 	max_ot_epochs: 50
2023-09-02 20:49:44,259 - FGO - INFO - 	lambda: 0.01
2023-09-02 20:49:44,259 - FGO - INFO - 	theta: 30
2023-09-02 20:49:44,259 - FGO - INFO - 	clip: 5
2023-09-02 20:49:44,259 - FGO - INFO - ===== SETUP LOGGING COMPLETE =============================================================
2023-09-02 20:49:44,259 - FGO - INFO - ===== Configuring Masks ==================================================================
2023-09-02 20:49:44,259 - FGO - INFO - Source Total: 717
2023-09-02 20:49:44,259 - FGO - INFO - Target Total: 87
2023-09-02 20:49:44,259 - FGO - INFO - Train Total: 717
2023-09-02 20:49:44,260 - FGO - INFO - Val Total:   87
2023-09-02 20:49:44,260 - FGO - INFO - Test Total:  87
2023-09-02 20:49:44,260 - FGO - INFO - ===== Preparing to load data =============================================================
2023-09-02 20:49:44,260 - FGO - INFO - SOURCE: abide_large
2023-09-02 20:49:44,260 - FGO - INFO - ===== Retrieving SOURCE Data =============================================================
2023-09-02 20:49:44,260 - FGO - INFO - *************** In load_graph_data ***************
2023-09-02 20:49:44,260 - FGO - INFO - 	FILEPATH: ./data/abide_large.mat
2023-09-02 20:49:44,260 - FGO - INFO - 	X shape: (804, 93)
2023-09-02 20:49:44,260 - FGO - INFO - 	A shape: (804, 804)
2023-09-02 20:49:44,260 - FGO - INFO - 	P shape: (804,)
2023-09-02 20:49:44,260 - FGO - INFO - 	Y shape: (804, 2)
2023-09-02 20:49:44,260 - FGO - INFO - 	Y sum: 804 (number of postive labels)
2023-09-02 20:49:44,261 - FGO - INFO - ===== Preparing data =====================================================================
2023-09-02 20:49:44,262 - FGO - INFO - ===== Disconnecting Source and Target ====================================================
2023-09-02 20:49:44,368 - FGO - INFO - ===== Finalize Data ======================================================================
2023-09-02 20:49:44,368 - FGO - INFO - A shape: (804, 804)
2023-09-02 20:49:44,368 - FGO - INFO - X shape: (804, 93)
2023-09-02 20:49:44,368 - FGO - INFO - Y shape: (804, 2)
2023-09-02 20:49:44,368 - FGO - INFO - N: 804
2023-09-02 20:49:44,368 - FGO - INFO - N_s: 717
2023-09-02 20:49:44,368 - FGO - INFO - N_t: 87
2023-09-02 20:49:44,372 - FGO - INFO - ===== Pretrain GCN Model =================================================================
2023-09-02 20:49:44,375 - FGO - INFO - Epoch   0 | Train Loss: 0.689 | Val Loss: 0.68 | Val F1: 0.35 |
2023-09-02 20:49:44,400 - FGO - INFO - Epoch  10 | Train Loss: 0.583 | Val Loss: 0.59 | Val F1: 0.72 |
2023-09-02 20:49:44,424 - FGO - INFO - Epoch  20 | Train Loss: 0.265 | Val Loss: 0.28 | Val F1: 0.92 |
2023-09-02 20:49:44,449 - FGO - INFO - Epoch  30 | Train Loss: 0.135 | Val Loss: 0.12 | Val F1: 0.97 |
2023-09-02 20:49:44,473 - FGO - INFO - Epoch  40 | Train Loss: 0.098 | Val Loss: 0.11 | Val F1: 0.97 |
2023-09-02 20:49:44,498 - FGO - INFO - Epoch  50 | Train Loss: 0.086 | Val Loss: 0.12 | Val F1: 0.97 |
2023-09-02 20:49:44,522 - FGO - INFO - Epoch  60 | Train Loss: 0.076 | Val Loss: 0.15 | Val F1: 0.95 |
2023-09-02 20:49:44,547 - FGO - INFO - Epoch  70 | Train Loss: 0.071 | Val Loss: 0.16 | Val F1: 0.95 |
2023-09-02 20:49:44,571 - FGO - INFO - Epoch  80 | Train Loss: 0.068 | Val Loss: 0.17 | Val F1: 0.94 |
2023-09-02 20:49:44,595 - FGO - INFO - Epoch  90 | Train Loss: 0.070 | Val Loss: 0.15 | Val F1: 0.95 |
2023-09-02 20:49:44,620 - FGO - INFO - Epoch 100 | Train Loss: 0.066 | Val Loss: 0.16 | Val F1: 0.95 |
2023-09-02 20:49:44,620 - FGO - INFO - Best Epoch:  26 | Train Loss: 0.169 | Val Loss: 0.14 | Val F1: 0.98 
2023-09-02 20:49:44,620 - FGO - INFO - Setting model to best state.
2023-09-02 20:49:44,621 - FGO - INFO - ===== Train Fair OT GCN Model ============================================================
2023-09-02 20:49:44,720 - FGO - INFO - Epoch   0 | Train Loss: -1.943 | Val Loss: -0.09 | Val F1: 0.95 |
2023-09-02 20:49:45,690 - FGO - INFO - Epoch  10 | Train Loss: -2.305 | Val Loss: -0.11 | Val F1: 0.94 |
2023-09-02 20:49:46,583 - FGO - INFO - Epoch  20 | Train Loss: -2.391 | Val Loss: -0.15 | Val F1: 0.95 |
2023-09-02 20:49:47,408 - FGO - INFO - Epoch  30 | Train Loss: -2.495 | Val Loss: -0.15 | Val F1: 0.95 |
2023-09-02 20:49:48,157 - FGO - INFO - Epoch  40 | Train Loss: -2.558 | Val Loss: -0.19 | Val F1: 0.97 |
2023-09-02 20:49:48,856 - FGO - INFO - Best Epoch:  16 | Train Loss: -2.359 | Val Loss: -0.15 | Val F1: 0.97 |
2023-09-02 20:49:48,856 - FGO - INFO - Setting model to best state.
2023-09-02 20:49:48,860 - FGO - INFO - ===== Test Fair OT GCN Model =============================================================
2023-09-02 20:49:48,894 - FGO - INFO - Train CM:
[[378   9]
 [ 12 318]]
2023-09-02 20:49:48,894 - FGO - INFO - Val CM:
[[46  1]
 [ 2 38]]
2023-09-02 20:49:48,894 - FGO - INFO - Test CM:
[[46  1]
 [ 2 38]]
2023-09-02 20:49:48,899 - FGO - INFO - test statistical parity: 0.35
2023-09-02 20:49:48,900 - FGO - INFO - test equal opportunity: 0.06451612903225812
2023-09-02 20:49:48,901 - FGO - INFO - test micro f1: 0.9655172413793104
2023-09-02 20:49:48,901 - FGO - INFO - test macro f1: 0.9652231845436376
