2023-09-02 20:59:03,033 - FGO - INFO - ===== SETUP LOGGING ======================================================================
2023-09-02 20:59:03,033 - FGO - INFO - THIS_FILE: Wrapper.py
2023-09-02 20:59:03,033 - FGO - INFO - 	done: False
2023-09-02 20:59:03,033 - FGO - INFO - 	learning_rate: 0.01
2023-09-02 20:59:03,033 - FGO - INFO - 	h1: 64
2023-09-02 20:59:03,033 - FGO - INFO - 	h2: 32
2023-09-02 20:59:03,033 - FGO - INFO - 	weight_decay: 0.0005
2023-09-02 20:59:03,033 - FGO - INFO - 	dropout: 0.0
2023-09-02 20:59:03,033 - FGO - INFO - 	max_pretrain_epochs: 100
2023-09-02 20:59:03,033 - FGO - INFO - 	max_ot_epochs: 50
2023-09-02 20:59:03,033 - FGO - INFO - 	lambda: 0.03
2023-09-02 20:59:03,033 - FGO - INFO - 	theta: 50
2023-09-02 20:59:03,033 - FGO - INFO - 	clip: 5
2023-09-02 20:59:03,033 - FGO - INFO - ===== SETUP LOGGING COMPLETE =============================================================
2023-09-02 20:59:03,033 - FGO - INFO - ===== Configuring Masks ==================================================================
2023-09-02 20:59:03,033 - FGO - INFO - Source Total: 727
2023-09-02 20:59:03,033 - FGO - INFO - Target Total: 77
2023-09-02 20:59:03,033 - FGO - INFO - Train Total: 727
2023-09-02 20:59:03,033 - FGO - INFO - Val Total:   77
2023-09-02 20:59:03,033 - FGO - INFO - Test Total:  77
2023-09-02 20:59:03,033 - FGO - INFO - ===== Preparing to load data =============================================================
2023-09-02 20:59:03,033 - FGO - INFO - SOURCE: abide_large
2023-09-02 20:59:03,033 - FGO - INFO - ===== Retrieving SOURCE Data =============================================================
2023-09-02 20:59:03,033 - FGO - INFO - *************** In load_graph_data ***************
2023-09-02 20:59:03,033 - FGO - INFO - 	FILEPATH: ./data/abide_large.mat
2023-09-02 20:59:03,034 - FGO - INFO - 	X shape: (804, 93)
2023-09-02 20:59:03,034 - FGO - INFO - 	A shape: (804, 804)
2023-09-02 20:59:03,034 - FGO - INFO - 	P shape: (804,)
2023-09-02 20:59:03,034 - FGO - INFO - 	Y shape: (804, 2)
2023-09-02 20:59:03,034 - FGO - INFO - 	Y sum: 804 (number of postive labels)
2023-09-02 20:59:03,035 - FGO - INFO - ===== Preparing data =====================================================================
2023-09-02 20:59:03,036 - FGO - INFO - ===== Disconnecting Source and Target ====================================================
2023-09-02 20:59:03,132 - FGO - INFO - ===== Finalize Data ======================================================================
2023-09-02 20:59:03,132 - FGO - INFO - A shape: (804, 804)
2023-09-02 20:59:03,132 - FGO - INFO - X shape: (804, 93)
2023-09-02 20:59:03,132 - FGO - INFO - Y shape: (804, 2)
2023-09-02 20:59:03,132 - FGO - INFO - N: 804
2023-09-02 20:59:03,132 - FGO - INFO - N_s: 727
2023-09-02 20:59:03,132 - FGO - INFO - N_t: 77
2023-09-02 20:59:03,135 - FGO - INFO - ===== Pretrain GCN Model =================================================================
2023-09-02 20:59:03,139 - FGO - INFO - Epoch   0 | Train Loss: 0.689 | Val Loss: 0.68 | Val F1: 0.36 |
2023-09-02 20:59:03,168 - FGO - INFO - Epoch  10 | Train Loss: 0.472 | Val Loss: 0.55 | Val F1: 0.71 |
2023-09-02 20:59:03,196 - FGO - INFO - Epoch  20 | Train Loss: 0.138 | Val Loss: 0.27 | Val F1: 0.84 |
2023-09-02 20:59:03,224 - FGO - INFO - Epoch  30 | Train Loss: 0.091 | Val Loss: 0.17 | Val F1: 0.93 |
2023-09-02 20:59:03,252 - FGO - INFO - Epoch  40 | Train Loss: 0.080 | Val Loss: 0.16 | Val F1: 0.92 |
2023-09-02 20:59:03,279 - FGO - INFO - Epoch  50 | Train Loss: 0.067 | Val Loss: 0.20 | Val F1: 0.87 |
2023-09-02 20:59:03,305 - FGO - INFO - Epoch  60 | Train Loss: 0.061 | Val Loss: 0.22 | Val F1: 0.89 |
2023-09-02 20:59:03,329 - FGO - INFO - Epoch  70 | Train Loss: 0.061 | Val Loss: 0.16 | Val F1: 0.92 |
2023-09-02 20:59:03,354 - FGO - INFO - Epoch  80 | Train Loss: 0.054 | Val Loss: 0.18 | Val F1: 0.90 |
2023-09-02 20:59:03,378 - FGO - INFO - Epoch  90 | Train Loss: 0.051 | Val Loss: 0.21 | Val F1: 0.92 |
2023-09-02 20:59:03,403 - FGO - INFO - Epoch 100 | Train Loss: 0.055 | Val Loss: 0.29 | Val F1: 0.89 |
2023-09-02 20:59:03,403 - FGO - INFO - Best Epoch:  34 | Train Loss: 0.088 | Val Loss: 0.17 | Val F1: 0.95 
2023-09-02 20:59:03,403 - FGO - INFO - Setting model to best state.
2023-09-02 20:59:03,404 - FGO - INFO - ===== Train Fair OT GCN Model ============================================================
2023-09-02 20:59:03,512 - FGO - INFO - Epoch   0 | Train Loss: -12.272 | Val Loss: -1.05 | Val F1: 0.90 |
2023-09-02 20:59:04,388 - FGO - INFO - Epoch  10 | Train Loss: -13.493 | Val Loss: -0.91 | Val F1: 0.83 |
2023-09-02 20:59:05,148 - FGO - INFO - Epoch  20 | Train Loss: -14.180 | Val Loss: -0.81 | Val F1: 0.61 |
2023-09-02 20:59:05,932 - FGO - INFO - Epoch  30 | Train Loss: -14.219 | Val Loss: -0.80 | Val F1: 0.36 |
2023-09-02 20:59:06,698 - FGO - INFO - Epoch  40 | Train Loss: -14.220 | Val Loss: -0.80 | Val F1: 0.36 |
2023-09-02 20:59:07,354 - FGO - INFO - Best Epoch:   7 | Train Loss: -13.233 | Val Loss: -1.06 | Val F1: 0.89 |
2023-09-02 20:59:07,354 - FGO - INFO - Setting model to best state.
2023-09-02 20:59:07,358 - FGO - INFO - ===== Test Fair OT GCN Model =============================================================
2023-09-02 20:59:07,385 - FGO - INFO - Train CM:
[[390   0]
 [337   0]]
2023-09-02 20:59:07,385 - FGO - INFO - Val CM:
[[44  0]
 [33  0]]
2023-09-02 20:59:07,386 - FGO - INFO - Test CM:
[[44  0]
 [33  0]]
2023-09-02 20:59:07,391 - FGO - INFO - test statistical parity: 0.0
2023-09-02 20:59:07,392 - FGO - INFO - test equal opportunity: 0.0
2023-09-02 20:59:07,393 - FGO - INFO - test micro f1: 0.5714285714285714
2023-09-02 20:59:07,394 - FGO - INFO - test macro f1: 0.36363636363636365
