2023-09-02 20:51:11,311 - FGO - INFO - ===== SETUP LOGGING ======================================================================
2023-09-02 20:51:11,311 - FGO - INFO - THIS_FILE: Wrapper.py
2023-09-02 20:51:11,311 - FGO - INFO - 	done: False
2023-09-02 20:51:11,311 - FGO - INFO - 	learning_rate: 0.005
2023-09-02 20:51:11,311 - FGO - INFO - 	h1: 64
2023-09-02 20:51:11,311 - FGO - INFO - 	h2: 32
2023-09-02 20:51:11,311 - FGO - INFO - 	weight_decay: 0.0005
2023-09-02 20:51:11,311 - FGO - INFO - 	dropout: 0.0
2023-09-02 20:51:11,311 - FGO - INFO - 	max_pretrain_epochs: 100
2023-09-02 20:51:11,311 - FGO - INFO - 	max_ot_epochs: 50
2023-09-02 20:51:11,311 - FGO - INFO - 	lambda: 0.03
2023-09-02 20:51:11,311 - FGO - INFO - 	theta: 10
2023-09-02 20:51:11,311 - FGO - INFO - 	clip: 5
2023-09-02 20:51:11,311 - FGO - INFO - ===== SETUP LOGGING COMPLETE =============================================================
2023-09-02 20:51:11,311 - FGO - INFO - ===== Configuring Masks ==================================================================
2023-09-02 20:51:11,311 - FGO - INFO - Source Total: 717
2023-09-02 20:51:11,311 - FGO - INFO - Target Total: 87
2023-09-02 20:51:11,312 - FGO - INFO - Train Total: 717
2023-09-02 20:51:11,312 - FGO - INFO - Val Total:   87
2023-09-02 20:51:11,312 - FGO - INFO - Test Total:  87
2023-09-02 20:51:11,312 - FGO - INFO - ===== Preparing to load data =============================================================
2023-09-02 20:51:11,312 - FGO - INFO - SOURCE: abide_large
2023-09-02 20:51:11,312 - FGO - INFO - ===== Retrieving SOURCE Data =============================================================
2023-09-02 20:51:11,312 - FGO - INFO - *************** In load_graph_data ***************
2023-09-02 20:51:11,312 - FGO - INFO - 	FILEPATH: ./data/abide_large.mat
2023-09-02 20:51:11,312 - FGO - INFO - 	X shape: (804, 93)
2023-09-02 20:51:11,312 - FGO - INFO - 	A shape: (804, 804)
2023-09-02 20:51:11,312 - FGO - INFO - 	P shape: (804,)
2023-09-02 20:51:11,312 - FGO - INFO - 	Y shape: (804, 2)
2023-09-02 20:51:11,312 - FGO - INFO - 	Y sum: 804 (number of postive labels)
2023-09-02 20:51:11,313 - FGO - INFO - ===== Preparing data =====================================================================
2023-09-02 20:51:11,314 - FGO - INFO - ===== Disconnecting Source and Target ====================================================
2023-09-02 20:51:11,421 - FGO - INFO - ===== Finalize Data ======================================================================
2023-09-02 20:51:11,421 - FGO - INFO - A shape: (804, 804)
2023-09-02 20:51:11,421 - FGO - INFO - X shape: (804, 93)
2023-09-02 20:51:11,421 - FGO - INFO - Y shape: (804, 2)
2023-09-02 20:51:11,421 - FGO - INFO - N: 804
2023-09-02 20:51:11,421 - FGO - INFO - N_s: 717
2023-09-02 20:51:11,421 - FGO - INFO - N_t: 87
2023-09-02 20:51:11,425 - FGO - INFO - ===== Pretrain GCN Model =================================================================
2023-09-02 20:51:11,428 - FGO - INFO - Epoch   0 | Train Loss: 0.690 | Val Loss: 0.68 | Val F1: 0.36 |
2023-09-02 20:51:11,453 - FGO - INFO - Epoch  10 | Train Loss: 0.585 | Val Loss: 0.57 | Val F1: 0.75 |
2023-09-02 20:51:11,477 - FGO - INFO - Epoch  20 | Train Loss: 0.271 | Val Loss: 0.27 | Val F1: 0.92 |
2023-09-02 20:51:11,502 - FGO - INFO - Epoch  30 | Train Loss: 0.135 | Val Loss: 0.12 | Val F1: 0.95 |
2023-09-02 20:51:11,526 - FGO - INFO - Epoch  40 | Train Loss: 0.097 | Val Loss: 0.08 | Val F1: 0.98 |
2023-09-02 20:51:11,550 - FGO - INFO - Epoch  50 | Train Loss: 0.085 | Val Loss: 0.08 | Val F1: 0.98 |
2023-09-02 20:51:11,575 - FGO - INFO - Epoch  60 | Train Loss: 0.078 | Val Loss: 0.08 | Val F1: 0.99 |
2023-09-02 20:51:11,599 - FGO - INFO - Epoch  70 | Train Loss: 0.073 | Val Loss: 0.06 | Val F1: 0.98 |
2023-09-02 20:51:11,623 - FGO - INFO - Epoch  80 | Train Loss: 0.070 | Val Loss: 0.06 | Val F1: 0.99 |
2023-09-02 20:51:11,648 - FGO - INFO - Epoch  90 | Train Loss: 0.071 | Val Loss: 0.06 | Val F1: 0.98 |
2023-09-02 20:51:11,672 - FGO - INFO - Epoch 100 | Train Loss: 0.068 | Val Loss: 0.05 | Val F1: 0.99 |
2023-09-02 20:51:11,672 - FGO - INFO - Best Epoch:  36 | Train Loss: 0.107 | Val Loss: 0.08 | Val F1: 0.99 
2023-09-02 20:51:11,672 - FGO - INFO - Setting model to best state.
2023-09-02 20:51:11,674 - FGO - INFO - ===== Train Fair OT GCN Model ============================================================
2023-09-02 20:51:11,770 - FGO - INFO - Epoch   0 | Train Loss: -2.403 | Val Loss: -0.27 | Val F1: 0.99 |
2023-09-02 20:51:12,623 - FGO - INFO - Epoch  10 | Train Loss: -2.476 | Val Loss: -0.26 | Val F1: 0.98 |
2023-09-02 20:51:13,390 - FGO - INFO - Epoch  20 | Train Loss: -2.575 | Val Loss: -0.29 | Val F1: 0.99 |
2023-09-02 20:51:14,202 - FGO - INFO - Epoch  30 | Train Loss: -2.614 | Val Loss: -0.29 | Val F1: 0.98 |
2023-09-02 20:51:14,968 - FGO - INFO - Epoch  40 | Train Loss: -2.638 | Val Loss: -0.32 | Val F1: 0.99 |
2023-09-02 20:51:15,669 - FGO - INFO - Best Epoch:  39 | Train Loss: -2.637 | Val Loss: -0.32 | Val F1: 1.00 |
2023-09-02 20:51:15,670 - FGO - INFO - Setting model to best state.
2023-09-02 20:51:15,673 - FGO - INFO - ===== Test Fair OT GCN Model =============================================================
2023-09-02 20:51:15,700 - FGO - INFO - Train CM:
[[376   9]
 [ 13 319]]
2023-09-02 20:51:15,700 - FGO - INFO - Val CM:
[[48  1]
 [ 0 38]]
2023-09-02 20:51:15,701 - FGO - INFO - Test CM:
[[48  1]
 [ 0 38]]
2023-09-02 20:51:15,706 - FGO - INFO - test statistical parity: 0.05696202531645572
2023-09-02 20:51:15,707 - FGO - INFO - test equal opportunity: 0.0
2023-09-02 20:51:15,708 - FGO - INFO - test micro f1: 0.9885057471264368
2023-09-02 20:51:15,709 - FGO - INFO - test macro f1: 0.9883518543312357
