2023-09-02 20:50:25,999 - FGO - INFO - ===== SETUP LOGGING ======================================================================
2023-09-02 20:50:25,999 - FGO - INFO - THIS_FILE: Wrapper.py
2023-09-02 20:50:25,999 - FGO - INFO - 	done: False
2023-09-02 20:50:25,999 - FGO - INFO - 	learning_rate: 0.005
2023-09-02 20:50:25,999 - FGO - INFO - 	h1: 64
2023-09-02 20:50:25,999 - FGO - INFO - 	h2: 32
2023-09-02 20:50:25,999 - FGO - INFO - 	weight_decay: 0.0005
2023-09-02 20:50:25,999 - FGO - INFO - 	dropout: 0.0
2023-09-02 20:50:25,999 - FGO - INFO - 	max_pretrain_epochs: 100
2023-09-02 20:50:25,999 - FGO - INFO - 	max_ot_epochs: 50
2023-09-02 20:50:25,999 - FGO - INFO - 	lambda: 0.01
2023-09-02 20:50:25,999 - FGO - INFO - 	theta: 50
2023-09-02 20:50:25,999 - FGO - INFO - 	clip: 5
2023-09-02 20:50:25,999 - FGO - INFO - ===== SETUP LOGGING COMPLETE =============================================================
2023-09-02 20:50:25,999 - FGO - INFO - ===== Configuring Masks ==================================================================
2023-09-02 20:50:25,999 - FGO - INFO - Source Total: 717
2023-09-02 20:50:25,999 - FGO - INFO - Target Total: 87
2023-09-02 20:50:25,999 - FGO - INFO - Train Total: 717
2023-09-02 20:50:25,999 - FGO - INFO - Val Total:   87
2023-09-02 20:50:25,999 - FGO - INFO - Test Total:  87
2023-09-02 20:50:25,999 - FGO - INFO - ===== Preparing to load data =============================================================
2023-09-02 20:50:25,999 - FGO - INFO - SOURCE: abide_large
2023-09-02 20:50:25,999 - FGO - INFO - ===== Retrieving SOURCE Data =============================================================
2023-09-02 20:50:25,999 - FGO - INFO - *************** In load_graph_data ***************
2023-09-02 20:50:25,999 - FGO - INFO - 	FILEPATH: ./data/abide_large.mat
2023-09-02 20:50:26,000 - FGO - INFO - 	X shape: (804, 93)
2023-09-02 20:50:26,000 - FGO - INFO - 	A shape: (804, 804)
2023-09-02 20:50:26,000 - FGO - INFO - 	P shape: (804,)
2023-09-02 20:50:26,000 - FGO - INFO - 	Y shape: (804, 2)
2023-09-02 20:50:26,000 - FGO - INFO - 	Y sum: 804 (number of postive labels)
2023-09-02 20:50:26,001 - FGO - INFO - ===== Preparing data =====================================================================
2023-09-02 20:50:26,002 - FGO - INFO - ===== Disconnecting Source and Target ====================================================
2023-09-02 20:50:26,108 - FGO - INFO - ===== Finalize Data ======================================================================
2023-09-02 20:50:26,108 - FGO - INFO - A shape: (804, 804)
2023-09-02 20:50:26,108 - FGO - INFO - X shape: (804, 93)
2023-09-02 20:50:26,108 - FGO - INFO - Y shape: (804, 2)
2023-09-02 20:50:26,108 - FGO - INFO - N: 804
2023-09-02 20:50:26,108 - FGO - INFO - N_s: 717
2023-09-02 20:50:26,108 - FGO - INFO - N_t: 87
2023-09-02 20:50:26,112 - FGO - INFO - ===== Pretrain GCN Model =================================================================
2023-09-02 20:50:26,115 - FGO - INFO - Epoch   0 | Train Loss: 0.690 | Val Loss: 0.68 | Val F1: 0.36 |
2023-09-02 20:50:26,140 - FGO - INFO - Epoch  10 | Train Loss: 0.585 | Val Loss: 0.57 | Val F1: 0.75 |
2023-09-02 20:50:26,164 - FGO - INFO - Epoch  20 | Train Loss: 0.271 | Val Loss: 0.27 | Val F1: 0.92 |
2023-09-02 20:50:26,188 - FGO - INFO - Epoch  30 | Train Loss: 0.135 | Val Loss: 0.12 | Val F1: 0.95 |
2023-09-02 20:50:26,213 - FGO - INFO - Epoch  40 | Train Loss: 0.097 | Val Loss: 0.08 | Val F1: 0.98 |
2023-09-02 20:50:26,237 - FGO - INFO - Epoch  50 | Train Loss: 0.085 | Val Loss: 0.08 | Val F1: 0.98 |
2023-09-02 20:50:26,261 - FGO - INFO - Epoch  60 | Train Loss: 0.078 | Val Loss: 0.08 | Val F1: 0.99 |
2023-09-02 20:50:26,285 - FGO - INFO - Epoch  70 | Train Loss: 0.073 | Val Loss: 0.06 | Val F1: 0.98 |
2023-09-02 20:50:26,310 - FGO - INFO - Epoch  80 | Train Loss: 0.070 | Val Loss: 0.06 | Val F1: 0.99 |
2023-09-02 20:50:26,334 - FGO - INFO - Epoch  90 | Train Loss: 0.071 | Val Loss: 0.06 | Val F1: 0.98 |
2023-09-02 20:50:26,358 - FGO - INFO - Epoch 100 | Train Loss: 0.068 | Val Loss: 0.05 | Val F1: 0.99 |
2023-09-02 20:50:26,358 - FGO - INFO - Best Epoch:  36 | Train Loss: 0.107 | Val Loss: 0.08 | Val F1: 0.99 
2023-09-02 20:50:26,358 - FGO - INFO - Setting model to best state.
2023-09-02 20:50:26,360 - FGO - INFO - ===== Train Fair OT GCN Model ============================================================
2023-09-02 20:50:26,458 - FGO - INFO - Epoch   0 | Train Loss: -3.355 | Val Loss: -0.39 | Val F1: 0.99 |
2023-09-02 20:50:27,412 - FGO - INFO - Epoch  10 | Train Loss: -4.000 | Val Loss: -0.45 | Val F1: 0.98 |
2023-09-02 20:50:28,275 - FGO - INFO - Epoch  20 | Train Loss: -4.139 | Val Loss: -0.43 | Val F1: 0.98 |
2023-09-02 20:50:29,113 - FGO - INFO - Epoch  30 | Train Loss: -4.300 | Val Loss: -0.48 | Val F1: 0.99 |
2023-09-02 20:50:29,887 - FGO - INFO - Epoch  40 | Train Loss: -4.374 | Val Loss: -0.50 | Val F1: 0.99 |
2023-09-02 20:50:30,565 - FGO - INFO - Best Epoch:  30 | Train Loss: -4.300 | Val Loss: -0.48 | Val F1: 0.99 |
2023-09-02 20:50:30,566 - FGO - INFO - Setting model to best state.
2023-09-02 20:50:30,569 - FGO - INFO - ===== Test Fair OT GCN Model =============================================================
2023-09-02 20:50:30,605 - FGO - INFO - Train CM:
[[376   9]
 [ 12 320]]
2023-09-02 20:50:30,606 - FGO - INFO - Val CM:
[[47  2]
 [ 0 38]]
2023-09-02 20:50:30,606 - FGO - INFO - Test CM:
[[47  2]
 [ 0 38]]
2023-09-02 20:50:30,610 - FGO - INFO - test statistical parity: 0.044303797468354444
2023-09-02 20:50:30,612 - FGO - INFO - test equal opportunity: 0.0
2023-09-02 20:50:30,613 - FGO - INFO - test micro f1: 0.9770114942528736
2023-09-02 20:50:30,613 - FGO - INFO - test macro f1: 0.9767628205128205
