2023-09-02 20:55:20,439 - FGO - INFO - ===== SETUP LOGGING ======================================================================
2023-09-02 20:55:20,439 - FGO - INFO - THIS_FILE: Wrapper.py
2023-09-02 20:55:20,439 - FGO - INFO - 	done: False
2023-09-02 20:55:20,439 - FGO - INFO - 	learning_rate: 0.01
2023-09-02 20:55:20,439 - FGO - INFO - 	h1: 64
2023-09-02 20:55:20,439 - FGO - INFO - 	h2: 32
2023-09-02 20:55:20,439 - FGO - INFO - 	weight_decay: 0.0005
2023-09-02 20:55:20,439 - FGO - INFO - 	dropout: 0.0
2023-09-02 20:55:20,439 - FGO - INFO - 	max_pretrain_epochs: 100
2023-09-02 20:55:20,439 - FGO - INFO - 	max_ot_epochs: 50
2023-09-02 20:55:20,439 - FGO - INFO - 	lambda: 0.01
2023-09-02 20:55:20,439 - FGO - INFO - 	theta: 10
2023-09-02 20:55:20,439 - FGO - INFO - 	clip: 5
2023-09-02 20:55:20,439 - FGO - INFO - ===== SETUP LOGGING COMPLETE =============================================================
2023-09-02 20:55:20,439 - FGO - INFO - ===== Configuring Masks ==================================================================
2023-09-02 20:55:20,439 - FGO - INFO - Source Total: 729
2023-09-02 20:55:20,439 - FGO - INFO - Target Total: 75
2023-09-02 20:55:20,439 - FGO - INFO - Train Total: 729
2023-09-02 20:55:20,439 - FGO - INFO - Val Total:   75
2023-09-02 20:55:20,439 - FGO - INFO - Test Total:  75
2023-09-02 20:55:20,439 - FGO - INFO - ===== Preparing to load data =============================================================
2023-09-02 20:55:20,439 - FGO - INFO - SOURCE: abide_large
2023-09-02 20:55:20,439 - FGO - INFO - ===== Retrieving SOURCE Data =============================================================
2023-09-02 20:55:20,439 - FGO - INFO - *************** In load_graph_data ***************
2023-09-02 20:55:20,439 - FGO - INFO - 	FILEPATH: ./data/abide_large.mat
2023-09-02 20:55:20,440 - FGO - INFO - 	X shape: (804, 93)
2023-09-02 20:55:20,440 - FGO - INFO - 	A shape: (804, 804)
2023-09-02 20:55:20,440 - FGO - INFO - 	P shape: (804,)
2023-09-02 20:55:20,440 - FGO - INFO - 	Y shape: (804, 2)
2023-09-02 20:55:20,440 - FGO - INFO - 	Y sum: 804 (number of postive labels)
2023-09-02 20:55:20,441 - FGO - INFO - ===== Preparing data =====================================================================
2023-09-02 20:55:20,442 - FGO - INFO - ===== Disconnecting Source and Target ====================================================
2023-09-02 20:55:20,535 - FGO - INFO - ===== Finalize Data ======================================================================
2023-09-02 20:55:20,535 - FGO - INFO - A shape: (804, 804)
2023-09-02 20:55:20,535 - FGO - INFO - X shape: (804, 93)
2023-09-02 20:55:20,535 - FGO - INFO - Y shape: (804, 2)
2023-09-02 20:55:20,535 - FGO - INFO - N: 804
2023-09-02 20:55:20,535 - FGO - INFO - N_s: 729
2023-09-02 20:55:20,535 - FGO - INFO - N_t: 75
2023-09-02 20:55:20,539 - FGO - INFO - ===== Pretrain GCN Model =================================================================
2023-09-02 20:55:20,542 - FGO - INFO - Epoch   0 | Train Loss: 0.689 | Val Loss: 0.68 | Val F1: 0.37 |
2023-09-02 20:55:20,567 - FGO - INFO - Epoch  10 | Train Loss: 0.431 | Val Loss: 0.36 | Val F1: 0.93 |
2023-09-02 20:55:20,592 - FGO - INFO - Epoch  20 | Train Loss: 0.158 | Val Loss: 0.05 | Val F1: 0.99 |
2023-09-02 20:55:20,616 - FGO - INFO - Epoch  30 | Train Loss: 0.109 | Val Loss: 0.06 | Val F1: 0.99 |
2023-09-02 20:55:20,641 - FGO - INFO - Epoch  40 | Train Loss: 0.093 | Val Loss: 0.03 | Val F1: 0.99 |
2023-09-02 20:55:20,665 - FGO - INFO - Epoch  50 | Train Loss: 0.080 | Val Loss: 0.04 | Val F1: 1.00 |
2023-09-02 20:55:20,690 - FGO - INFO - Epoch  60 | Train Loss: 0.073 | Val Loss: 0.04 | Val F1: 0.99 |
2023-09-02 20:55:20,714 - FGO - INFO - Epoch  70 | Train Loss: 0.068 | Val Loss: 0.05 | Val F1: 0.97 |
2023-09-02 20:55:20,738 - FGO - INFO - Epoch  80 | Train Loss: 0.065 | Val Loss: 0.05 | Val F1: 0.97 |
2023-09-02 20:55:20,763 - FGO - INFO - Epoch  90 | Train Loss: 0.064 | Val Loss: 0.04 | Val F1: 0.99 |
2023-09-02 20:55:20,787 - FGO - INFO - Epoch 100 | Train Loss: 0.068 | Val Loss: 0.07 | Val F1: 0.97 |
2023-09-02 20:55:20,787 - FGO - INFO - Best Epoch:  27 | Train Loss: 0.114 | Val Loss: 0.03 | Val F1: 1.00 
2023-09-02 20:55:20,787 - FGO - INFO - Setting model to best state.
2023-09-02 20:55:20,789 - FGO - INFO - ===== Train Fair OT GCN Model ============================================================
2023-09-02 20:55:20,872 - FGO - INFO - Epoch   0 | Train Loss: -0.405 | Val Loss: -0.03 | Val F1: 0.97 |
2023-09-02 20:55:21,748 - FGO - INFO - Epoch  10 | Train Loss: -0.587 | Val Loss: 0.11 | Val F1: 0.92 |
2023-09-02 20:55:22,692 - FGO - INFO - Epoch  20 | Train Loss: -0.711 | Val Loss: 0.00 | Val F1: 0.97 |
2023-09-02 20:55:23,541 - FGO - INFO - Epoch  30 | Train Loss: -0.757 | Val Loss: -0.03 | Val F1: 0.97 |
2023-09-02 20:55:24,391 - FGO - INFO - Epoch  40 | Train Loss: -0.779 | Val Loss: -0.03 | Val F1: 0.97 |
2023-09-02 20:55:25,186 - FGO - INFO - Best Epoch:  13 | Train Loss: -0.628 | Val Loss: -0.02 | Val F1: 0.99 |
2023-09-02 20:55:25,186 - FGO - INFO - Setting model to best state.
2023-09-02 20:55:25,190 - FGO - INFO - ===== Test Fair OT GCN Model =============================================================
2023-09-02 20:55:25,240 - FGO - INFO - Train CM:
[[388   8]
 [ 13 320]]
2023-09-02 20:55:25,240 - FGO - INFO - Val CM:
[[38  0]
 [ 2 35]]
2023-09-02 20:55:25,240 - FGO - INFO - Test CM:
[[38  0]
 [ 2 35]]
2023-09-02 20:55:25,245 - FGO - INFO - test statistical parity: 0.046838407494145196
2023-09-02 20:55:25,246 - FGO - INFO - test equal opportunity: 0.10952380952380958
2023-09-02 20:55:25,247 - FGO - INFO - test micro f1: 0.9733333333333334
2023-09-02 20:55:25,248 - FGO - INFO - test macro f1: 0.9732905982905983
