2023-09-02 20:54:31,267 - FGO - INFO - ===== SETUP LOGGING ======================================================================
2023-09-02 20:54:31,267 - FGO - INFO - THIS_FILE: Wrapper.py
2023-09-02 20:54:31,267 - FGO - INFO - 	done: False
2023-09-02 20:54:31,267 - FGO - INFO - 	learning_rate: 0.005
2023-09-02 20:54:31,267 - FGO - INFO - 	h1: 64
2023-09-02 20:54:31,267 - FGO - INFO - 	h2: 32
2023-09-02 20:54:31,267 - FGO - INFO - 	weight_decay: 0.0005
2023-09-02 20:54:31,267 - FGO - INFO - 	dropout: 0.0
2023-09-02 20:54:31,267 - FGO - INFO - 	max_pretrain_epochs: 100
2023-09-02 20:54:31,267 - FGO - INFO - 	max_ot_epochs: 50
2023-09-02 20:54:31,267 - FGO - INFO - 	lambda: 0.05
2023-09-02 20:54:31,267 - FGO - INFO - 	theta: 50
2023-09-02 20:54:31,267 - FGO - INFO - 	clip: 5
2023-09-02 20:54:31,267 - FGO - INFO - ===== SETUP LOGGING COMPLETE =============================================================
2023-09-02 20:54:31,267 - FGO - INFO - ===== Configuring Masks ==================================================================
2023-09-02 20:54:31,267 - FGO - INFO - Source Total: 721
2023-09-02 20:54:31,267 - FGO - INFO - Target Total: 83
2023-09-02 20:54:31,267 - FGO - INFO - Train Total: 721
2023-09-02 20:54:31,267 - FGO - INFO - Val Total:   83
2023-09-02 20:54:31,267 - FGO - INFO - Test Total:  83
2023-09-02 20:54:31,267 - FGO - INFO - ===== Preparing to load data =============================================================
2023-09-02 20:54:31,267 - FGO - INFO - SOURCE: abide_large
2023-09-02 20:54:31,267 - FGO - INFO - ===== Retrieving SOURCE Data =============================================================
2023-09-02 20:54:31,267 - FGO - INFO - *************** In load_graph_data ***************
2023-09-02 20:54:31,267 - FGO - INFO - 	FILEPATH: ./data/abide_large.mat
2023-09-02 20:54:31,268 - FGO - INFO - 	X shape: (804, 93)
2023-09-02 20:54:31,268 - FGO - INFO - 	A shape: (804, 804)
2023-09-02 20:54:31,268 - FGO - INFO - 	P shape: (804,)
2023-09-02 20:54:31,268 - FGO - INFO - 	Y shape: (804, 2)
2023-09-02 20:54:31,268 - FGO - INFO - 	Y sum: 804 (number of postive labels)
2023-09-02 20:54:31,269 - FGO - INFO - ===== Preparing data =====================================================================
2023-09-02 20:54:31,270 - FGO - INFO - ===== Disconnecting Source and Target ====================================================
2023-09-02 20:54:31,373 - FGO - INFO - ===== Finalize Data ======================================================================
2023-09-02 20:54:31,373 - FGO - INFO - A shape: (804, 804)
2023-09-02 20:54:31,373 - FGO - INFO - X shape: (804, 93)
2023-09-02 20:54:31,373 - FGO - INFO - Y shape: (804, 2)
2023-09-02 20:54:31,373 - FGO - INFO - N: 804
2023-09-02 20:54:31,373 - FGO - INFO - N_s: 721
2023-09-02 20:54:31,373 - FGO - INFO - N_t: 83
2023-09-02 20:54:31,376 - FGO - INFO - ===== Pretrain GCN Model =================================================================
2023-09-02 20:54:31,380 - FGO - INFO - Epoch   0 | Train Loss: 0.690 | Val Loss: 0.68 | Val F1: 0.38 |
2023-09-02 20:54:31,404 - FGO - INFO - Epoch  10 | Train Loss: 0.583 | Val Loss: 0.59 | Val F1: 0.76 |
2023-09-02 20:54:31,429 - FGO - INFO - Epoch  20 | Train Loss: 0.262 | Val Loss: 0.33 | Val F1: 0.88 |
2023-09-02 20:54:31,453 - FGO - INFO - Epoch  30 | Train Loss: 0.120 | Val Loss: 0.24 | Val F1: 0.88 |
2023-09-02 20:54:31,478 - FGO - INFO - Epoch  40 | Train Loss: 0.083 | Val Loss: 0.26 | Val F1: 0.90 |
2023-09-02 20:54:31,502 - FGO - INFO - Epoch  50 | Train Loss: 0.071 | Val Loss: 0.26 | Val F1: 0.90 |
2023-09-02 20:54:31,527 - FGO - INFO - Epoch  60 | Train Loss: 0.062 | Val Loss: 0.27 | Val F1: 0.91 |
2023-09-02 20:54:31,551 - FGO - INFO - Epoch  70 | Train Loss: 0.059 | Val Loss: 0.27 | Val F1: 0.92 |
2023-09-02 20:54:31,575 - FGO - INFO - Epoch  80 | Train Loss: 0.055 | Val Loss: 0.27 | Val F1: 0.92 |
2023-09-02 20:54:31,600 - FGO - INFO - Epoch  90 | Train Loss: 0.053 | Val Loss: 0.27 | Val F1: 0.90 |
2023-09-02 20:54:31,624 - FGO - INFO - Epoch 100 | Train Loss: 0.051 | Val Loss: 0.26 | Val F1: 0.91 |
2023-09-02 20:54:31,624 - FGO - INFO - Best Epoch:  58 | Train Loss: 0.063 | Val Loss: 0.26 | Val F1: 0.92 
2023-09-02 20:54:31,624 - FGO - INFO - Setting model to best state.
2023-09-02 20:54:31,625 - FGO - INFO - ===== Train Fair OT GCN Model ============================================================
2023-09-02 20:54:31,695 - FGO - INFO - Epoch   0 | Train Loss: -21.881 | Val Loss: -2.12 | Val F1: 0.90 |
2023-09-02 20:54:32,428 - FGO - INFO - Epoch  10 | Train Loss: -23.186 | Val Loss: -2.13 | Val F1: 0.88 |
2023-09-02 20:54:33,235 - FGO - INFO - Epoch  20 | Train Loss: -23.915 | Val Loss: -2.06 | Val F1: 0.74 |
2023-09-02 20:54:33,995 - FGO - INFO - Epoch  30 | Train Loss: -24.137 | Val Loss: -1.98 | Val F1: 0.38 |
2023-09-02 20:54:34,779 - FGO - INFO - Epoch  40 | Train Loss: -24.138 | Val Loss: -1.99 | Val F1: 0.38 |
2023-09-02 20:54:35,466 - FGO - INFO - Best Epoch:   7 | Train Loss: -22.885 | Val Loss: -2.21 | Val F1: 0.92 |
2023-09-02 20:54:35,466 - FGO - INFO - Setting model to best state.
2023-09-02 20:54:35,470 - FGO - INFO - ===== Test Fair OT GCN Model =============================================================
2023-09-02 20:54:35,493 - FGO - INFO - Train CM:
[[384   0]
 [337   0]]
2023-09-02 20:54:35,493 - FGO - INFO - Val CM:
[[50  0]
 [33  0]]
2023-09-02 20:54:35,494 - FGO - INFO - Test CM:
[[50  0]
 [33  0]]
2023-09-02 20:54:35,499 - FGO - INFO - test statistical parity: 0.0
2023-09-02 20:54:35,500 - FGO - INFO - test equal opportunity: 0.0
2023-09-02 20:54:35,501 - FGO - INFO - test micro f1: 0.6024096385542169
2023-09-02 20:54:35,502 - FGO - INFO - test macro f1: 0.3759398496240602
