2023-09-02 20:48:09,045 - FGO - INFO - ===== SETUP LOGGING ======================================================================
2023-09-02 20:48:09,045 - FGO - INFO - THIS_FILE: Wrapper.py
2023-09-02 20:48:09,045 - FGO - INFO - 	done: False
2023-09-02 20:48:09,045 - FGO - INFO - 	learning_rate: 0.001
2023-09-02 20:48:09,045 - FGO - INFO - 	h1: 64
2023-09-02 20:48:09,045 - FGO - INFO - 	h2: 32
2023-09-02 20:48:09,045 - FGO - INFO - 	weight_decay: 0.0005
2023-09-02 20:48:09,045 - FGO - INFO - 	dropout: 0.0
2023-09-02 20:48:09,045 - FGO - INFO - 	max_pretrain_epochs: 100
2023-09-02 20:48:09,045 - FGO - INFO - 	max_ot_epochs: 50
2023-09-02 20:48:09,045 - FGO - INFO - 	lambda: 0.05
2023-09-02 20:48:09,045 - FGO - INFO - 	theta: 50
2023-09-02 20:48:09,045 - FGO - INFO - 	clip: 5
2023-09-02 20:48:09,045 - FGO - INFO - ===== SETUP LOGGING COMPLETE =============================================================
2023-09-02 20:48:09,045 - FGO - INFO - ===== Configuring Masks ==================================================================
2023-09-02 20:48:09,045 - FGO - INFO - Source Total: 717
2023-09-02 20:48:09,045 - FGO - INFO - Target Total: 87
2023-09-02 20:48:09,045 - FGO - INFO - Train Total: 717
2023-09-02 20:48:09,045 - FGO - INFO - Val Total:   87
2023-09-02 20:48:09,045 - FGO - INFO - Test Total:  87
2023-09-02 20:48:09,045 - FGO - INFO - ===== Preparing to load data =============================================================
2023-09-02 20:48:09,045 - FGO - INFO - SOURCE: abide_large
2023-09-02 20:48:09,045 - FGO - INFO - ===== Retrieving SOURCE Data =============================================================
2023-09-02 20:48:09,045 - FGO - INFO - *************** In load_graph_data ***************
2023-09-02 20:48:09,045 - FGO - INFO - 	FILEPATH: ./data/abide_large.mat
2023-09-02 20:48:09,046 - FGO - INFO - 	X shape: (804, 93)
2023-09-02 20:48:09,046 - FGO - INFO - 	A shape: (804, 804)
2023-09-02 20:48:09,046 - FGO - INFO - 	P shape: (804,)
2023-09-02 20:48:09,046 - FGO - INFO - 	Y shape: (804, 2)
2023-09-02 20:48:09,046 - FGO - INFO - 	Y sum: 804 (number of postive labels)
2023-09-02 20:48:09,047 - FGO - INFO - ===== Preparing data =====================================================================
2023-09-02 20:48:09,048 - FGO - INFO - ===== Disconnecting Source and Target ====================================================
2023-09-02 20:48:09,154 - FGO - INFO - ===== Finalize Data ======================================================================
2023-09-02 20:48:09,154 - FGO - INFO - A shape: (804, 804)
2023-09-02 20:48:09,154 - FGO - INFO - X shape: (804, 93)
2023-09-02 20:48:09,154 - FGO - INFO - Y shape: (804, 2)
2023-09-02 20:48:09,154 - FGO - INFO - N: 804
2023-09-02 20:48:09,154 - FGO - INFO - N_s: 717
2023-09-02 20:48:09,154 - FGO - INFO - N_t: 87
2023-09-02 20:48:09,158 - FGO - INFO - ===== Pretrain GCN Model =================================================================
2023-09-02 20:48:09,161 - FGO - INFO - Epoch   0 | Train Loss: 0.689 | Val Loss: 0.68 | Val F1: 0.35 |
2023-09-02 20:48:09,185 - FGO - INFO - Epoch  10 | Train Loss: 0.675 | Val Loss: 0.67 | Val F1: 0.40 |
2023-09-02 20:48:09,210 - FGO - INFO - Epoch  20 | Train Loss: 0.650 | Val Loss: 0.64 | Val F1: 0.62 |
2023-09-02 20:48:09,235 - FGO - INFO - Epoch  30 | Train Loss: 0.595 | Val Loss: 0.59 | Val F1: 0.77 |
2023-09-02 20:48:09,259 - FGO - INFO - Epoch  40 | Train Loss: 0.507 | Val Loss: 0.52 | Val F1: 0.88 |
2023-09-02 20:48:09,284 - FGO - INFO - Epoch  50 | Train Loss: 0.398 | Val Loss: 0.41 | Val F1: 0.88 |
2023-09-02 20:48:09,308 - FGO - INFO - Epoch  60 | Train Loss: 0.297 | Val Loss: 0.31 | Val F1: 0.91 |
2023-09-02 20:48:09,332 - FGO - INFO - Epoch  70 | Train Loss: 0.224 | Val Loss: 0.23 | Val F1: 0.94 |
2023-09-02 20:48:09,357 - FGO - INFO - Epoch  80 | Train Loss: 0.180 | Val Loss: 0.18 | Val F1: 0.94 |
2023-09-02 20:48:09,381 - FGO - INFO - Epoch  90 | Train Loss: 0.151 | Val Loss: 0.15 | Val F1: 0.95 |
2023-09-02 20:48:09,406 - FGO - INFO - Epoch 100 | Train Loss: 0.132 | Val Loss: 0.13 | Val F1: 0.97 |
2023-09-02 20:48:09,406 - FGO - INFO - Best Epoch:  91 | Train Loss: 0.149 | Val Loss: 0.15 | Val F1: 0.97 
2023-09-02 20:48:09,406 - FGO - INFO - Setting model to best state.
2023-09-02 20:48:09,407 - FGO - INFO - ===== Train Fair OT GCN Model ============================================================
2023-09-02 20:48:09,501 - FGO - INFO - Epoch   0 | Train Loss: -22.431 | Val Loss: -2.61 | Val F1: 0.97 |
2023-09-02 20:48:10,245 - FGO - INFO - Epoch  10 | Train Loss: -22.880 | Val Loss: -2.63 | Val F1: 0.93 |
2023-09-02 20:48:11,052 - FGO - INFO - Epoch  20 | Train Loss: -23.226 | Val Loss: -2.66 | Val F1: 0.93 |
2023-09-02 20:48:11,822 - FGO - INFO - Epoch  30 | Train Loss: -23.440 | Val Loss: -2.60 | Val F1: 0.88 |
2023-09-02 20:48:12,664 - FGO - INFO - Epoch  40 | Train Loss: -23.649 | Val Loss: -2.48 | Val F1: 0.75 |
2023-09-02 20:48:13,349 - FGO - INFO - Best Epoch:   6 | Train Loss: -22.708 | Val Loss: -2.62 | Val F1: 0.95 |
2023-09-02 20:48:13,349 - FGO - INFO - Setting model to best state.
2023-09-02 20:48:13,354 - FGO - INFO - ===== Test Fair OT GCN Model =============================================================
2023-09-02 20:48:13,376 - FGO - INFO - Train CM:
[[  0 387]
 [  0 330]]
2023-09-02 20:48:13,376 - FGO - INFO - Val CM:
[[47  0]
 [31  9]]
2023-09-02 20:48:13,377 - FGO - INFO - Test CM:
[[47  0]
 [31  9]]
2023-09-02 20:48:13,381 - FGO - INFO - test statistical parity: 0.12
2023-09-02 20:48:13,382 - FGO - INFO - test equal opportunity: 0.2903225806451613
2023-09-02 20:48:13,383 - FGO - INFO - test micro f1: 0.6436781609195402
2023-09-02 20:48:13,384 - FGO - INFO - test macro f1: 0.559673469387755
