2023-09-02 20:51:55,075 - FGO - INFO - ===== SETUP LOGGING ======================================================================
2023-09-02 20:51:55,075 - FGO - INFO - THIS_FILE: Wrapper.py
2023-09-02 20:51:55,075 - FGO - INFO - 	done: False
2023-09-02 20:51:55,075 - FGO - INFO - 	learning_rate: 0.005
2023-09-02 20:51:55,075 - FGO - INFO - 	h1: 64
2023-09-02 20:51:55,075 - FGO - INFO - 	h2: 32
2023-09-02 20:51:55,075 - FGO - INFO - 	weight_decay: 0.0005
2023-09-02 20:51:55,075 - FGO - INFO - 	dropout: 0.0
2023-09-02 20:51:55,075 - FGO - INFO - 	max_pretrain_epochs: 100
2023-09-02 20:51:55,075 - FGO - INFO - 	max_ot_epochs: 50
2023-09-02 20:51:55,075 - FGO - INFO - 	lambda: 0.03
2023-09-02 20:51:55,075 - FGO - INFO - 	theta: 30
2023-09-02 20:51:55,075 - FGO - INFO - 	clip: 5
2023-09-02 20:51:55,075 - FGO - INFO - ===== SETUP LOGGING COMPLETE =============================================================
2023-09-02 20:51:55,075 - FGO - INFO - ===== Configuring Masks ==================================================================
2023-09-02 20:51:55,075 - FGO - INFO - Source Total: 717
2023-09-02 20:51:55,075 - FGO - INFO - Target Total: 87
2023-09-02 20:51:55,075 - FGO - INFO - Train Total: 717
2023-09-02 20:51:55,075 - FGO - INFO - Val Total:   87
2023-09-02 20:51:55,075 - FGO - INFO - Test Total:  87
2023-09-02 20:51:55,075 - FGO - INFO - ===== Preparing to load data =============================================================
2023-09-02 20:51:55,075 - FGO - INFO - SOURCE: abide_large
2023-09-02 20:51:55,075 - FGO - INFO - ===== Retrieving SOURCE Data =============================================================
2023-09-02 20:51:55,075 - FGO - INFO - *************** In load_graph_data ***************
2023-09-02 20:51:55,075 - FGO - INFO - 	FILEPATH: ./data/abide_large.mat
2023-09-02 20:51:55,076 - FGO - INFO - 	X shape: (804, 93)
2023-09-02 20:51:55,076 - FGO - INFO - 	A shape: (804, 804)
2023-09-02 20:51:55,076 - FGO - INFO - 	P shape: (804,)
2023-09-02 20:51:55,076 - FGO - INFO - 	Y shape: (804, 2)
2023-09-02 20:51:55,076 - FGO - INFO - 	Y sum: 804 (number of postive labels)
2023-09-02 20:51:55,077 - FGO - INFO - ===== Preparing data =====================================================================
2023-09-02 20:51:55,078 - FGO - INFO - ===== Disconnecting Source and Target ====================================================
2023-09-02 20:51:55,184 - FGO - INFO - ===== Finalize Data ======================================================================
2023-09-02 20:51:55,184 - FGO - INFO - A shape: (804, 804)
2023-09-02 20:51:55,184 - FGO - INFO - X shape: (804, 93)
2023-09-02 20:51:55,184 - FGO - INFO - Y shape: (804, 2)
2023-09-02 20:51:55,185 - FGO - INFO - N: 804
2023-09-02 20:51:55,185 - FGO - INFO - N_s: 717
2023-09-02 20:51:55,185 - FGO - INFO - N_t: 87
2023-09-02 20:51:55,188 - FGO - INFO - ===== Pretrain GCN Model =================================================================
2023-09-02 20:51:55,191 - FGO - INFO - Epoch   0 | Train Loss: 0.690 | Val Loss: 0.68 | Val F1: 0.36 |
2023-09-02 20:51:55,216 - FGO - INFO - Epoch  10 | Train Loss: 0.585 | Val Loss: 0.57 | Val F1: 0.75 |
2023-09-02 20:51:55,240 - FGO - INFO - Epoch  20 | Train Loss: 0.271 | Val Loss: 0.27 | Val F1: 0.92 |
2023-09-02 20:51:55,265 - FGO - INFO - Epoch  30 | Train Loss: 0.135 | Val Loss: 0.12 | Val F1: 0.95 |
2023-09-02 20:51:55,289 - FGO - INFO - Epoch  40 | Train Loss: 0.097 | Val Loss: 0.08 | Val F1: 0.98 |
2023-09-02 20:51:55,314 - FGO - INFO - Epoch  50 | Train Loss: 0.085 | Val Loss: 0.08 | Val F1: 0.98 |
2023-09-02 20:51:55,338 - FGO - INFO - Epoch  60 | Train Loss: 0.078 | Val Loss: 0.08 | Val F1: 0.99 |
2023-09-02 20:51:55,362 - FGO - INFO - Epoch  70 | Train Loss: 0.073 | Val Loss: 0.06 | Val F1: 0.98 |
2023-09-02 20:51:55,387 - FGO - INFO - Epoch  80 | Train Loss: 0.070 | Val Loss: 0.06 | Val F1: 0.99 |
2023-09-02 20:51:55,411 - FGO - INFO - Epoch  90 | Train Loss: 0.071 | Val Loss: 0.06 | Val F1: 0.98 |
2023-09-02 20:51:55,435 - FGO - INFO - Epoch 100 | Train Loss: 0.068 | Val Loss: 0.05 | Val F1: 0.99 |
2023-09-02 20:51:55,435 - FGO - INFO - Best Epoch:  36 | Train Loss: 0.107 | Val Loss: 0.08 | Val F1: 0.99 
2023-09-02 20:51:55,435 - FGO - INFO - Setting model to best state.
2023-09-02 20:51:55,437 - FGO - INFO - ===== Train Fair OT GCN Model ============================================================
2023-09-02 20:51:55,534 - FGO - INFO - Epoch   0 | Train Loss: -7.386 | Val Loss: -0.90 | Val F1: 0.99 |
2023-09-02 20:51:56,318 - FGO - INFO - Epoch  10 | Train Loss: -7.936 | Val Loss: -0.94 | Val F1: 0.95 |
2023-09-02 20:51:57,061 - FGO - INFO - Epoch  20 | Train Loss: -8.058 | Val Loss: -0.96 | Val F1: 0.96 |
2023-09-02 20:51:57,835 - FGO - INFO - Epoch  30 | Train Loss: -8.154 | Val Loss: -0.99 | Val F1: 0.96 |
2023-09-02 20:51:58,610 - FGO - INFO - Epoch  40 | Train Loss: -8.211 | Val Loss: -1.02 | Val F1: 0.99 |
2023-09-02 20:51:59,311 - FGO - INFO - Best Epoch:  34 | Train Loss: -8.179 | Val Loss: -1.01 | Val F1: 0.99 |
2023-09-02 20:51:59,311 - FGO - INFO - Setting model to best state.
2023-09-02 20:51:59,315 - FGO - INFO - ===== Test Fair OT GCN Model =============================================================
2023-09-02 20:51:59,340 - FGO - INFO - Train CM:
[[379   6]
 [ 14 318]]
2023-09-02 20:51:59,340 - FGO - INFO - Val CM:
[[48  1]
 [ 0 38]]
2023-09-02 20:51:59,340 - FGO - INFO - Test CM:
[[48  1]
 [ 0 38]]
2023-09-02 20:51:59,345 - FGO - INFO - test statistical parity: 0.05696202531645572
2023-09-02 20:51:59,347 - FGO - INFO - test equal opportunity: 0.0
2023-09-02 20:51:59,348 - FGO - INFO - test micro f1: 0.9885057471264368
2023-09-02 20:51:59,348 - FGO - INFO - test macro f1: 0.9883518543312357
