2023-09-02 20:43:06,898 - FGO - INFO - ===== SETUP LOGGING ======================================================================
2023-09-02 20:43:06,898 - FGO - INFO - THIS_FILE: Wrapper.py
2023-09-02 20:43:06,898 - FGO - INFO - 	done: False
2023-09-02 20:43:06,898 - FGO - INFO - 	learning_rate: 0.001
2023-09-02 20:43:06,898 - FGO - INFO - 	h1: 64
2023-09-02 20:43:06,898 - FGO - INFO - 	h2: 32
2023-09-02 20:43:06,898 - FGO - INFO - 	weight_decay: 0.0005
2023-09-02 20:43:06,898 - FGO - INFO - 	dropout: 0.0
2023-09-02 20:43:06,898 - FGO - INFO - 	max_pretrain_epochs: 100
2023-09-02 20:43:06,898 - FGO - INFO - 	max_ot_epochs: 50
2023-09-02 20:43:06,898 - FGO - INFO - 	lambda: 0.01
2023-09-02 20:43:06,898 - FGO - INFO - 	theta: 30
2023-09-02 20:43:06,898 - FGO - INFO - 	clip: 5
2023-09-02 20:43:06,898 - FGO - INFO - ===== SETUP LOGGING COMPLETE =============================================================
2023-09-02 20:43:06,898 - FGO - INFO - ===== Configuring Masks ==================================================================
2023-09-02 20:43:06,898 - FGO - INFO - Source Total: 734
2023-09-02 20:43:06,898 - FGO - INFO - Target Total: 70
2023-09-02 20:43:06,898 - FGO - INFO - Train Total: 734
2023-09-02 20:43:06,898 - FGO - INFO - Val Total:   70
2023-09-02 20:43:06,898 - FGO - INFO - Test Total:  70
2023-09-02 20:43:06,898 - FGO - INFO - ===== Preparing to load data =============================================================
2023-09-02 20:43:06,898 - FGO - INFO - SOURCE: abide_large
2023-09-02 20:43:06,898 - FGO - INFO - ===== Retrieving SOURCE Data =============================================================
2023-09-02 20:43:06,898 - FGO - INFO - *************** In load_graph_data ***************
2023-09-02 20:43:06,898 - FGO - INFO - 	FILEPATH: ./data/abide_large.mat
2023-09-02 20:43:06,899 - FGO - INFO - 	X shape: (804, 93)
2023-09-02 20:43:06,899 - FGO - INFO - 	A shape: (804, 804)
2023-09-02 20:43:06,899 - FGO - INFO - 	P shape: (804,)
2023-09-02 20:43:06,899 - FGO - INFO - 	Y shape: (804, 2)
2023-09-02 20:43:06,899 - FGO - INFO - 	Y sum: 804 (number of postive labels)
2023-09-02 20:43:06,900 - FGO - INFO - ===== Preparing data =====================================================================
2023-09-02 20:43:06,901 - FGO - INFO - ===== Disconnecting Source and Target ====================================================
2023-09-02 20:43:06,990 - FGO - INFO - ===== Finalize Data ======================================================================
2023-09-02 20:43:06,990 - FGO - INFO - A shape: (804, 804)
2023-09-02 20:43:06,990 - FGO - INFO - X shape: (804, 93)
2023-09-02 20:43:06,990 - FGO - INFO - Y shape: (804, 2)
2023-09-02 20:43:06,990 - FGO - INFO - N: 804
2023-09-02 20:43:06,990 - FGO - INFO - N_s: 734
2023-09-02 20:43:06,990 - FGO - INFO - N_t: 70
2023-09-02 20:43:06,993 - FGO - INFO - ===== Pretrain GCN Model =================================================================
2023-09-02 20:43:06,997 - FGO - INFO - Epoch   0 | Train Loss: 0.688 | Val Loss: 0.70 | Val F1: 0.32 |
2023-09-02 20:43:07,022 - FGO - INFO - Epoch  10 | Train Loss: 0.672 | Val Loss: 0.69 | Val F1: 0.41 |
2023-09-02 20:43:07,046 - FGO - INFO - Epoch  20 | Train Loss: 0.645 | Val Loss: 0.66 | Val F1: 0.62 |
2023-09-02 20:43:07,071 - FGO - INFO - Epoch  30 | Train Loss: 0.588 | Val Loss: 0.61 | Val F1: 0.76 |
2023-09-02 20:43:07,096 - FGO - INFO - Epoch  40 | Train Loss: 0.498 | Val Loss: 0.53 | Val F1: 0.81 |
2023-09-02 20:43:07,121 - FGO - INFO - Epoch  50 | Train Loss: 0.392 | Val Loss: 0.43 | Val F1: 0.84 |
2023-09-02 20:43:07,145 - FGO - INFO - Epoch  60 | Train Loss: 0.295 | Val Loss: 0.33 | Val F1: 0.87 |
2023-09-02 20:43:07,170 - FGO - INFO - Epoch  70 | Train Loss: 0.225 | Val Loss: 0.27 | Val F1: 0.86 |
2023-09-02 20:43:07,195 - FGO - INFO - Epoch  80 | Train Loss: 0.181 | Val Loss: 0.22 | Val F1: 0.91 |
2023-09-02 20:43:07,220 - FGO - INFO - Epoch  90 | Train Loss: 0.152 | Val Loss: 0.19 | Val F1: 0.94 |
2023-09-02 20:43:07,244 - FGO - INFO - Epoch 100 | Train Loss: 0.132 | Val Loss: 0.17 | Val F1: 0.94 |
2023-09-02 20:43:07,244 - FGO - INFO - Best Epoch:  88 | Train Loss: 0.157 | Val Loss: 0.19 | Val F1: 0.94 
2023-09-02 20:43:07,244 - FGO - INFO - Setting model to best state.
2023-09-02 20:43:07,246 - FGO - INFO - ===== Train Fair OT GCN Model ============================================================
2023-09-02 20:43:07,348 - FGO - INFO - Epoch   0 | Train Loss: -1.978 | Val Loss: -0.04 | Val F1: 0.94 |
2023-09-02 20:43:08,223 - FGO - INFO - Epoch  10 | Train Loss: -2.167 | Val Loss: -0.03 | Val F1: 0.94 |
2023-09-02 20:43:09,105 - FGO - INFO - Epoch  20 | Train Loss: -2.322 | Val Loss: -0.03 | Val F1: 0.94 |
2023-09-02 20:43:09,915 - FGO - INFO - Epoch  30 | Train Loss: -2.405 | Val Loss: -0.02 | Val F1: 0.93 |
2023-09-02 20:43:10,777 - FGO - INFO - Epoch  40 | Train Loss: -2.448 | Val Loss: -0.03 | Val F1: 0.93 |
2023-09-02 20:43:11,485 - FGO - INFO - Best Epoch:   6 | Train Loss: -2.094 | Val Loss: -0.04 | Val F1: 0.94 |
2023-09-02 20:43:11,485 - FGO - INFO - Setting model to best state.
2023-09-02 20:43:11,489 - FGO - INFO - ===== Test Fair OT GCN Model =============================================================
2023-09-02 20:43:11,518 - FGO - INFO - Train CM:
[[392   8]
 [ 21 313]]
2023-09-02 20:43:11,519 - FGO - INFO - Val CM:
[[34  0]
 [ 4 32]]
2023-09-02 20:43:11,519 - FGO - INFO - Test CM:
[[34  0]
 [ 4 32]]
2023-09-02 20:43:11,524 - FGO - INFO - test statistical parity: 0.08906882591093113
2023-09-02 20:43:11,525 - FGO - INFO - test equal opportunity: 0.06666666666666665
2023-09-02 20:43:11,526 - FGO - INFO - test micro f1: 0.9428571428571428
2023-09-02 20:43:11,526 - FGO - INFO - test macro f1: 0.9428104575163399
