2023-09-02 20:54:01,286 - FGO - INFO - ===== SETUP LOGGING ======================================================================
2023-09-02 20:54:01,286 - FGO - INFO - THIS_FILE: Wrapper.py
2023-09-02 20:54:01,286 - FGO - INFO - 	done: False
2023-09-02 20:54:01,286 - FGO - INFO - 	learning_rate: 0.005
2023-09-02 20:54:01,286 - FGO - INFO - 	h1: 64
2023-09-02 20:54:01,286 - FGO - INFO - 	h2: 32
2023-09-02 20:54:01,286 - FGO - INFO - 	weight_decay: 0.0005
2023-09-02 20:54:01,286 - FGO - INFO - 	dropout: 0.0
2023-09-02 20:54:01,286 - FGO - INFO - 	max_pretrain_epochs: 100
2023-09-02 20:54:01,286 - FGO - INFO - 	max_ot_epochs: 50
2023-09-02 20:54:01,286 - FGO - INFO - 	lambda: 0.05
2023-09-02 20:54:01,286 - FGO - INFO - 	theta: 30
2023-09-02 20:54:01,286 - FGO - INFO - 	clip: 5
2023-09-02 20:54:01,286 - FGO - INFO - ===== SETUP LOGGING COMPLETE =============================================================
2023-09-02 20:54:01,286 - FGO - INFO - ===== Configuring Masks ==================================================================
2023-09-02 20:54:01,286 - FGO - INFO - Source Total: 726
2023-09-02 20:54:01,286 - FGO - INFO - Target Total: 78
2023-09-02 20:54:01,286 - FGO - INFO - Train Total: 726
2023-09-02 20:54:01,286 - FGO - INFO - Val Total:   78
2023-09-02 20:54:01,286 - FGO - INFO - Test Total:  78
2023-09-02 20:54:01,286 - FGO - INFO - ===== Preparing to load data =============================================================
2023-09-02 20:54:01,286 - FGO - INFO - SOURCE: abide_large
2023-09-02 20:54:01,286 - FGO - INFO - ===== Retrieving SOURCE Data =============================================================
2023-09-02 20:54:01,286 - FGO - INFO - *************** In load_graph_data ***************
2023-09-02 20:54:01,286 - FGO - INFO - 	FILEPATH: ./data/abide_large.mat
2023-09-02 20:54:01,287 - FGO - INFO - 	X shape: (804, 93)
2023-09-02 20:54:01,287 - FGO - INFO - 	A shape: (804, 804)
2023-09-02 20:54:01,287 - FGO - INFO - 	P shape: (804,)
2023-09-02 20:54:01,287 - FGO - INFO - 	Y shape: (804, 2)
2023-09-02 20:54:01,287 - FGO - INFO - 	Y sum: 804 (number of postive labels)
2023-09-02 20:54:01,288 - FGO - INFO - ===== Preparing data =====================================================================
2023-09-02 20:54:01,289 - FGO - INFO - ===== Disconnecting Source and Target ====================================================
2023-09-02 20:54:01,387 - FGO - INFO - ===== Finalize Data ======================================================================
2023-09-02 20:54:01,387 - FGO - INFO - A shape: (804, 804)
2023-09-02 20:54:01,387 - FGO - INFO - X shape: (804, 93)
2023-09-02 20:54:01,387 - FGO - INFO - Y shape: (804, 2)
2023-09-02 20:54:01,387 - FGO - INFO - N: 804
2023-09-02 20:54:01,387 - FGO - INFO - N_s: 726
2023-09-02 20:54:01,387 - FGO - INFO - N_t: 78
2023-09-02 20:54:01,390 - FGO - INFO - ===== Pretrain GCN Model =================================================================
2023-09-02 20:54:01,393 - FGO - INFO - Epoch   0 | Train Loss: 0.684 | Val Loss: 0.73 | Val F1: 0.32 |
2023-09-02 20:54:01,418 - FGO - INFO - Epoch  10 | Train Loss: 0.582 | Val Loss: 0.61 | Val F1: 0.72 |
2023-09-02 20:54:01,443 - FGO - INFO - Epoch  20 | Train Loss: 0.268 | Val Loss: 0.31 | Val F1: 0.87 |
2023-09-02 20:54:01,467 - FGO - INFO - Epoch  30 | Train Loss: 0.130 | Val Loss: 0.25 | Val F1: 0.92 |
2023-09-02 20:54:01,491 - FGO - INFO - Epoch  40 | Train Loss: 0.100 | Val Loss: 0.22 | Val F1: 0.92 |
2023-09-02 20:54:01,516 - FGO - INFO - Epoch  50 | Train Loss: 0.087 | Val Loss: 0.12 | Val F1: 0.95 |
2023-09-02 20:54:01,540 - FGO - INFO - Epoch  60 | Train Loss: 0.078 | Val Loss: 0.11 | Val F1: 0.95 |
2023-09-02 20:54:01,564 - FGO - INFO - Epoch  70 | Train Loss: 0.072 | Val Loss: 0.10 | Val F1: 0.95 |
2023-09-02 20:54:01,589 - FGO - INFO - Epoch  80 | Train Loss: 0.067 | Val Loss: 0.08 | Val F1: 0.96 |
2023-09-02 20:54:01,613 - FGO - INFO - Epoch  90 | Train Loss: 0.065 | Val Loss: 0.07 | Val F1: 0.96 |
2023-09-02 20:54:01,638 - FGO - INFO - Epoch 100 | Train Loss: 0.062 | Val Loss: 0.08 | Val F1: 0.96 |
2023-09-02 20:54:01,638 - FGO - INFO - Best Epoch:  77 | Train Loss: 0.070 | Val Loss: 0.10 | Val F1: 0.96 
2023-09-02 20:54:01,638 - FGO - INFO - Setting model to best state.
2023-09-02 20:54:01,639 - FGO - INFO - ===== Train Fair OT GCN Model ============================================================
2023-09-02 20:54:01,704 - FGO - INFO - Epoch   0 | Train Loss: -12.722 | Val Loss: -1.30 | Val F1: 0.96 |
2023-09-02 20:54:02,441 - FGO - INFO - Epoch  10 | Train Loss: -13.726 | Val Loss: -1.09 | Val F1: 0.88 |
2023-09-02 20:54:03,225 - FGO - INFO - Epoch  20 | Train Loss: -13.907 | Val Loss: -1.31 | Val F1: 0.92 |
2023-09-02 20:54:03,986 - FGO - INFO - Epoch  30 | Train Loss: -14.005 | Val Loss: -1.22 | Val F1: 0.92 |
2023-09-02 20:54:04,847 - FGO - INFO - Epoch  40 | Train Loss: -14.067 | Val Loss: -1.16 | Val F1: 0.92 |
2023-09-02 20:54:05,508 - FGO - INFO - Best Epoch:   6 | Train Loss: -13.444 | Val Loss: -1.32 | Val F1: 0.95 |
2023-09-02 20:54:05,509 - FGO - INFO - Setting model to best state.
2023-09-02 20:54:05,512 - FGO - INFO - ===== Test Fair OT GCN Model =============================================================
2023-09-02 20:54:05,536 - FGO - INFO - Train CM:
[[398   2]
 [ 29 297]]
2023-09-02 20:54:05,536 - FGO - INFO - Val CM:
[[34  0]
 [ 6 38]]
2023-09-02 20:54:05,537 - FGO - INFO - Test CM:
[[34  0]
 [ 6 38]]
2023-09-02 20:54:05,542 - FGO - INFO - test statistical parity: 0.07729468599033817
2023-09-02 20:54:05,543 - FGO - INFO - test equal opportunity: 0.15384615384615385
2023-09-02 20:54:05,544 - FGO - INFO - test micro f1: 0.9230769230769231
2023-09-02 20:54:05,544 - FGO - INFO - test macro f1: 0.9228740936058009
