2023-09-02 20:46:33,776 - FGO - INFO - ===== SETUP LOGGING ======================================================================
2023-09-02 20:46:33,776 - FGO - INFO - THIS_FILE: Wrapper.py
2023-09-02 20:46:33,776 - FGO - INFO - 	done: False
2023-09-02 20:46:33,776 - FGO - INFO - 	learning_rate: 0.001
2023-09-02 20:46:33,776 - FGO - INFO - 	h1: 64
2023-09-02 20:46:33,776 - FGO - INFO - 	h2: 32
2023-09-02 20:46:33,776 - FGO - INFO - 	weight_decay: 0.0005
2023-09-02 20:46:33,776 - FGO - INFO - 	dropout: 0.0
2023-09-02 20:46:33,776 - FGO - INFO - 	max_pretrain_epochs: 100
2023-09-02 20:46:33,776 - FGO - INFO - 	max_ot_epochs: 50
2023-09-02 20:46:33,776 - FGO - INFO - 	lambda: 0.05
2023-09-02 20:46:33,776 - FGO - INFO - 	theta: 10
2023-09-02 20:46:33,776 - FGO - INFO - 	clip: 5
2023-09-02 20:46:33,776 - FGO - INFO - ===== SETUP LOGGING COMPLETE =============================================================
2023-09-02 20:46:33,776 - FGO - INFO - ===== Configuring Masks ==================================================================
2023-09-02 20:46:33,776 - FGO - INFO - Source Total: 726
2023-09-02 20:46:33,776 - FGO - INFO - Target Total: 78
2023-09-02 20:46:33,776 - FGO - INFO - Train Total: 726
2023-09-02 20:46:33,776 - FGO - INFO - Val Total:   78
2023-09-02 20:46:33,776 - FGO - INFO - Test Total:  78
2023-09-02 20:46:33,776 - FGO - INFO - ===== Preparing to load data =============================================================
2023-09-02 20:46:33,776 - FGO - INFO - SOURCE: abide_large
2023-09-02 20:46:33,776 - FGO - INFO - ===== Retrieving SOURCE Data =============================================================
2023-09-02 20:46:33,776 - FGO - INFO - *************** In load_graph_data ***************
2023-09-02 20:46:33,776 - FGO - INFO - 	FILEPATH: ./data/abide_large.mat
2023-09-02 20:46:33,777 - FGO - INFO - 	X shape: (804, 93)
2023-09-02 20:46:33,777 - FGO - INFO - 	A shape: (804, 804)
2023-09-02 20:46:33,777 - FGO - INFO - 	P shape: (804,)
2023-09-02 20:46:33,777 - FGO - INFO - 	Y shape: (804, 2)
2023-09-02 20:46:33,777 - FGO - INFO - 	Y sum: 804 (number of postive labels)
2023-09-02 20:46:33,778 - FGO - INFO - ===== Preparing data =====================================================================
2023-09-02 20:46:33,779 - FGO - INFO - ===== Disconnecting Source and Target ====================================================
2023-09-02 20:46:33,877 - FGO - INFO - ===== Finalize Data ======================================================================
2023-09-02 20:46:33,877 - FGO - INFO - A shape: (804, 804)
2023-09-02 20:46:33,877 - FGO - INFO - X shape: (804, 93)
2023-09-02 20:46:33,877 - FGO - INFO - Y shape: (804, 2)
2023-09-02 20:46:33,877 - FGO - INFO - N: 804
2023-09-02 20:46:33,877 - FGO - INFO - N_s: 726
2023-09-02 20:46:33,877 - FGO - INFO - N_t: 78
2023-09-02 20:46:33,881 - FGO - INFO - ===== Pretrain GCN Model =================================================================
2023-09-02 20:46:33,884 - FGO - INFO - Epoch   0 | Train Loss: 0.684 | Val Loss: 0.73 | Val F1: 0.32 |
2023-09-02 20:46:33,911 - FGO - INFO - Epoch  10 | Train Loss: 0.669 | Val Loss: 0.72 | Val F1: 0.34 |
2023-09-02 20:46:33,937 - FGO - INFO - Epoch  20 | Train Loss: 0.644 | Val Loss: 0.69 | Val F1: 0.42 |
2023-09-02 20:46:33,962 - FGO - INFO - Epoch  30 | Train Loss: 0.591 | Val Loss: 0.63 | Val F1: 0.61 |
2023-09-02 20:46:33,986 - FGO - INFO - Epoch  40 | Train Loss: 0.505 | Val Loss: 0.53 | Val F1: 0.83 |
2023-09-02 20:46:34,011 - FGO - INFO - Epoch  50 | Train Loss: 0.397 | Val Loss: 0.41 | Val F1: 0.85 |
2023-09-02 20:46:34,035 - FGO - INFO - Epoch  60 | Train Loss: 0.294 | Val Loss: 0.33 | Val F1: 0.87 |
2023-09-02 20:46:34,060 - FGO - INFO - Epoch  70 | Train Loss: 0.220 | Val Loss: 0.27 | Val F1: 0.88 |
2023-09-02 20:46:34,084 - FGO - INFO - Epoch  80 | Train Loss: 0.175 | Val Loss: 0.25 | Val F1: 0.88 |
2023-09-02 20:46:34,108 - FGO - INFO - Epoch  90 | Train Loss: 0.148 | Val Loss: 0.24 | Val F1: 0.90 |
2023-09-02 20:46:34,132 - FGO - INFO - Epoch 100 | Train Loss: 0.130 | Val Loss: 0.21 | Val F1: 0.91 |
2023-09-02 20:46:34,133 - FGO - INFO - Best Epoch:  72 | Train Loss: 0.209 | Val Loss: 0.26 | Val F1: 0.91 
2023-09-02 20:46:34,133 - FGO - INFO - Setting model to best state.
2023-09-02 20:46:34,134 - FGO - INFO - ===== Train Fair OT GCN Model ============================================================
2023-09-02 20:46:34,198 - FGO - INFO - Epoch   0 | Train Loss: -4.109 | Val Loss: -0.27 | Val F1: 0.91 |
2023-09-02 20:46:34,990 - FGO - INFO - Epoch  10 | Train Loss: -4.318 | Val Loss: -0.20 | Val F1: 0.90 |
2023-09-02 20:46:35,727 - FGO - INFO - Epoch  20 | Train Loss: -4.370 | Val Loss: -0.14 | Val F1: 0.88 |
2023-09-02 20:46:36,517 - FGO - INFO - Epoch  30 | Train Loss: -4.399 | Val Loss: -0.09 | Val F1: 0.86 |
2023-09-02 20:46:37,317 - FGO - INFO - Epoch  40 | Train Loss: -4.426 | Val Loss: -0.10 | Val F1: 0.87 |
2023-09-02 20:46:38,002 - FGO - INFO - Best Epoch:   8 | Train Loss: -4.315 | Val Loss: -0.19 | Val F1: 0.90 |
2023-09-02 20:46:38,002 - FGO - INFO - Setting model to best state.
2023-09-02 20:46:38,005 - FGO - INFO - ===== Test Fair OT GCN Model =============================================================
2023-09-02 20:46:38,032 - FGO - INFO - Train CM:
[[396   4]
 [ 34 292]]
2023-09-02 20:46:38,033 - FGO - INFO - Val CM:
[[34  0]
 [ 9 35]]
2023-09-02 20:46:38,033 - FGO - INFO - Test CM:
[[34  0]
 [ 9 35]]
2023-09-02 20:46:38,038 - FGO - INFO - test statistical parity: 0.12077294685990342
2023-09-02 20:46:38,040 - FGO - INFO - test equal opportunity: 0.23076923076923073
2023-09-02 20:46:38,041 - FGO - INFO - test micro f1: 0.8846153846153846
2023-09-02 20:46:38,041 - FGO - INFO - test macro f1: 0.8845964162419858
