2023-09-02 20:43:47,982 - FGO - INFO - ===== SETUP LOGGING ======================================================================
2023-09-02 20:43:47,982 - FGO - INFO - THIS_FILE: Wrapper.py
2023-09-02 20:43:47,982 - FGO - INFO - 	done: False
2023-09-02 20:43:47,982 - FGO - INFO - 	learning_rate: 0.001
2023-09-02 20:43:47,982 - FGO - INFO - 	h1: 64
2023-09-02 20:43:47,982 - FGO - INFO - 	h2: 32
2023-09-02 20:43:47,982 - FGO - INFO - 	weight_decay: 0.0005
2023-09-02 20:43:47,982 - FGO - INFO - 	dropout: 0.0
2023-09-02 20:43:47,982 - FGO - INFO - 	max_pretrain_epochs: 100
2023-09-02 20:43:47,982 - FGO - INFO - 	max_ot_epochs: 50
2023-09-02 20:43:47,982 - FGO - INFO - 	lambda: 0.01
2023-09-02 20:43:47,982 - FGO - INFO - 	theta: 50
2023-09-02 20:43:47,982 - FGO - INFO - 	clip: 5
2023-09-02 20:43:47,982 - FGO - INFO - ===== SETUP LOGGING COMPLETE =============================================================
2023-09-02 20:43:47,982 - FGO - INFO - ===== Configuring Masks ==================================================================
2023-09-02 20:43:47,982 - FGO - INFO - Source Total: 717
2023-09-02 20:43:47,982 - FGO - INFO - Target Total: 87
2023-09-02 20:43:47,982 - FGO - INFO - Train Total: 717
2023-09-02 20:43:47,982 - FGO - INFO - Val Total:   87
2023-09-02 20:43:47,982 - FGO - INFO - Test Total:  87
2023-09-02 20:43:47,982 - FGO - INFO - ===== Preparing to load data =============================================================
2023-09-02 20:43:47,982 - FGO - INFO - SOURCE: abide_large
2023-09-02 20:43:47,982 - FGO - INFO - ===== Retrieving SOURCE Data =============================================================
2023-09-02 20:43:47,982 - FGO - INFO - *************** In load_graph_data ***************
2023-09-02 20:43:47,982 - FGO - INFO - 	FILEPATH: ./data/abide_large.mat
2023-09-02 20:43:47,983 - FGO - INFO - 	X shape: (804, 93)
2023-09-02 20:43:47,983 - FGO - INFO - 	A shape: (804, 804)
2023-09-02 20:43:47,983 - FGO - INFO - 	P shape: (804,)
2023-09-02 20:43:47,983 - FGO - INFO - 	Y shape: (804, 2)
2023-09-02 20:43:47,983 - FGO - INFO - 	Y sum: 804 (number of postive labels)
2023-09-02 20:43:47,984 - FGO - INFO - ===== Preparing data =====================================================================
2023-09-02 20:43:47,985 - FGO - INFO - ===== Disconnecting Source and Target ====================================================
2023-09-02 20:43:48,091 - FGO - INFO - ===== Finalize Data ======================================================================
2023-09-02 20:43:48,091 - FGO - INFO - A shape: (804, 804)
2023-09-02 20:43:48,091 - FGO - INFO - X shape: (804, 93)
2023-09-02 20:43:48,091 - FGO - INFO - Y shape: (804, 2)
2023-09-02 20:43:48,091 - FGO - INFO - N: 804
2023-09-02 20:43:48,091 - FGO - INFO - N_s: 717
2023-09-02 20:43:48,091 - FGO - INFO - N_t: 87
2023-09-02 20:43:48,095 - FGO - INFO - ===== Pretrain GCN Model =================================================================
2023-09-02 20:43:48,098 - FGO - INFO - Epoch   0 | Train Loss: 0.689 | Val Loss: 0.68 | Val F1: 0.35 |
2023-09-02 20:43:48,127 - FGO - INFO - Epoch  10 | Train Loss: 0.675 | Val Loss: 0.67 | Val F1: 0.40 |
2023-09-02 20:43:48,155 - FGO - INFO - Epoch  20 | Train Loss: 0.650 | Val Loss: 0.64 | Val F1: 0.62 |
2023-09-02 20:43:48,183 - FGO - INFO - Epoch  30 | Train Loss: 0.595 | Val Loss: 0.59 | Val F1: 0.77 |
2023-09-02 20:43:48,217 - FGO - INFO - Epoch  40 | Train Loss: 0.507 | Val Loss: 0.52 | Val F1: 0.88 |
2023-09-02 20:43:48,245 - FGO - INFO - Epoch  50 | Train Loss: 0.398 | Val Loss: 0.41 | Val F1: 0.88 |
2023-09-02 20:43:48,270 - FGO - INFO - Epoch  60 | Train Loss: 0.297 | Val Loss: 0.31 | Val F1: 0.91 |
2023-09-02 20:43:48,294 - FGO - INFO - Epoch  70 | Train Loss: 0.224 | Val Loss: 0.23 | Val F1: 0.94 |
2023-09-02 20:43:48,319 - FGO - INFO - Epoch  80 | Train Loss: 0.180 | Val Loss: 0.18 | Val F1: 0.94 |
2023-09-02 20:43:48,343 - FGO - INFO - Epoch  90 | Train Loss: 0.151 | Val Loss: 0.15 | Val F1: 0.97 |
2023-09-02 20:43:48,368 - FGO - INFO - Epoch 100 | Train Loss: 0.132 | Val Loss: 0.13 | Val F1: 0.97 |
2023-09-02 20:43:48,368 - FGO - INFO - Best Epoch:  90 | Train Loss: 0.151 | Val Loss: 0.15 | Val F1: 0.97 
2023-09-02 20:43:48,368 - FGO - INFO - Setting model to best state.
2023-09-02 20:43:48,369 - FGO - INFO - ===== Train Fair OT GCN Model ============================================================
2023-09-02 20:43:48,444 - FGO - INFO - Epoch   0 | Train Loss: -3.421 | Val Loss: -0.30 | Val F1: 0.97 |
2023-09-02 20:43:49,303 - FGO - INFO - Epoch  10 | Train Loss: -3.782 | Val Loss: -0.35 | Val F1: 0.98 |
2023-09-02 20:43:50,190 - FGO - INFO - Epoch  20 | Train Loss: -4.056 | Val Loss: -0.37 | Val F1: 0.98 |
2023-09-02 20:43:51,006 - FGO - INFO - Epoch  30 | Train Loss: -4.155 | Val Loss: -0.37 | Val F1: 0.97 |
2023-09-02 20:43:51,841 - FGO - INFO - Epoch  40 | Train Loss: -4.212 | Val Loss: -0.39 | Val F1: 0.97 |
2023-09-02 20:43:52,520 - FGO - INFO - Best Epoch:   6 | Train Loss: -3.643 | Val Loss: -0.34 | Val F1: 0.98 |
2023-09-02 20:43:52,520 - FGO - INFO - Setting model to best state.
2023-09-02 20:43:52,523 - FGO - INFO - ===== Test Fair OT GCN Model =============================================================
2023-09-02 20:43:52,551 - FGO - INFO - Train CM:
[[380   7]
 [ 25 305]]
2023-09-02 20:43:52,552 - FGO - INFO - Val CM:
[[46  1]
 [ 2 38]]
2023-09-02 20:43:52,552 - FGO - INFO - Test CM:
[[46  1]
 [ 2 38]]
2023-09-02 20:43:52,557 - FGO - INFO - test statistical parity: 0.35
2023-09-02 20:43:52,558 - FGO - INFO - test equal opportunity: 0.06451612903225812
2023-09-02 20:43:52,559 - FGO - INFO - test micro f1: 0.9655172413793104
2023-09-02 20:43:52,560 - FGO - INFO - test macro f1: 0.9652231845436376
