2023-09-02 20:58:32,751 - FGO - INFO - ===== SETUP LOGGING ======================================================================
2023-09-02 20:58:32,751 - FGO - INFO - THIS_FILE: Wrapper.py
2023-09-02 20:58:32,751 - FGO - INFO - 	done: False
2023-09-02 20:58:32,751 - FGO - INFO - 	learning_rate: 0.01
2023-09-02 20:58:32,751 - FGO - INFO - 	h1: 64
2023-09-02 20:58:32,751 - FGO - INFO - 	h2: 32
2023-09-02 20:58:32,751 - FGO - INFO - 	weight_decay: 0.0005
2023-09-02 20:58:32,751 - FGO - INFO - 	dropout: 0.0
2023-09-02 20:58:32,751 - FGO - INFO - 	max_pretrain_epochs: 100
2023-09-02 20:58:32,751 - FGO - INFO - 	max_ot_epochs: 50
2023-09-02 20:58:32,751 - FGO - INFO - 	lambda: 0.03
2023-09-02 20:58:32,751 - FGO - INFO - 	theta: 30
2023-09-02 20:58:32,751 - FGO - INFO - 	clip: 5
2023-09-02 20:58:32,751 - FGO - INFO - ===== SETUP LOGGING COMPLETE =============================================================
2023-09-02 20:58:32,751 - FGO - INFO - ===== Configuring Masks ==================================================================
2023-09-02 20:58:32,751 - FGO - INFO - Source Total: 732
2023-09-02 20:58:32,751 - FGO - INFO - Target Total: 72
2023-09-02 20:58:32,752 - FGO - INFO - Train Total: 732
2023-09-02 20:58:32,752 - FGO - INFO - Val Total:   72
2023-09-02 20:58:32,752 - FGO - INFO - Test Total:  72
2023-09-02 20:58:32,752 - FGO - INFO - ===== Preparing to load data =============================================================
2023-09-02 20:58:32,752 - FGO - INFO - SOURCE: abide_large
2023-09-02 20:58:32,752 - FGO - INFO - ===== Retrieving SOURCE Data =============================================================
2023-09-02 20:58:32,752 - FGO - INFO - *************** In load_graph_data ***************
2023-09-02 20:58:32,752 - FGO - INFO - 	FILEPATH: ./data/abide_large.mat
2023-09-02 20:58:32,752 - FGO - INFO - 	X shape: (804, 93)
2023-09-02 20:58:32,752 - FGO - INFO - 	A shape: (804, 804)
2023-09-02 20:58:32,752 - FGO - INFO - 	P shape: (804,)
2023-09-02 20:58:32,752 - FGO - INFO - 	Y shape: (804, 2)
2023-09-02 20:58:32,752 - FGO - INFO - 	Y sum: 804 (number of postive labels)
2023-09-02 20:58:32,753 - FGO - INFO - ===== Preparing data =====================================================================
2023-09-02 20:58:32,754 - FGO - INFO - ===== Disconnecting Source and Target ====================================================
2023-09-02 20:58:32,845 - FGO - INFO - ===== Finalize Data ======================================================================
2023-09-02 20:58:32,845 - FGO - INFO - A shape: (804, 804)
2023-09-02 20:58:32,845 - FGO - INFO - X shape: (804, 93)
2023-09-02 20:58:32,845 - FGO - INFO - Y shape: (804, 2)
2023-09-02 20:58:32,845 - FGO - INFO - N: 804
2023-09-02 20:58:32,845 - FGO - INFO - N_s: 732
2023-09-02 20:58:32,845 - FGO - INFO - N_t: 72
2023-09-02 20:58:32,849 - FGO - INFO - ===== Pretrain GCN Model =================================================================
2023-09-02 20:58:32,852 - FGO - INFO - Epoch   0 | Train Loss: 0.688 | Val Loss: 0.70 | Val F1: 0.33 |
2023-09-02 20:58:32,877 - FGO - INFO - Epoch  10 | Train Loss: 0.469 | Val Loss: 0.46 | Val F1: 0.81 |
2023-09-02 20:58:32,902 - FGO - INFO - Epoch  20 | Train Loss: 0.141 | Val Loss: 0.14 | Val F1: 0.97 |
2023-09-02 20:58:32,927 - FGO - INFO - Epoch  30 | Train Loss: 0.100 | Val Loss: 0.14 | Val F1: 0.97 |
2023-09-02 20:58:32,952 - FGO - INFO - Epoch  40 | Train Loss: 0.086 | Val Loss: 0.14 | Val F1: 0.97 |
2023-09-02 20:58:32,976 - FGO - INFO - Epoch  50 | Train Loss: 0.077 | Val Loss: 0.11 | Val F1: 0.97 |
2023-09-02 20:58:33,001 - FGO - INFO - Epoch  60 | Train Loss: 0.073 | Val Loss: 0.08 | Val F1: 0.97 |
2023-09-02 20:58:33,026 - FGO - INFO - Epoch  70 | Train Loss: 0.073 | Val Loss: 0.05 | Val F1: 0.99 |
2023-09-02 20:58:33,050 - FGO - INFO - Epoch  80 | Train Loss: 0.067 | Val Loss: 0.06 | Val F1: 0.99 |
2023-09-02 20:58:33,075 - FGO - INFO - Epoch  90 | Train Loss: 0.067 | Val Loss: 0.06 | Val F1: 0.99 |
2023-09-02 20:58:33,100 - FGO - INFO - Epoch 100 | Train Loss: 0.069 | Val Loss: 0.05 | Val F1: 0.99 |
2023-09-02 20:58:33,100 - FGO - INFO - Best Epoch:  64 | Train Loss: 0.069 | Val Loss: 0.06 | Val F1: 0.99 
2023-09-02 20:58:33,100 - FGO - INFO - Setting model to best state.
2023-09-02 20:58:33,101 - FGO - INFO - ===== Train Fair OT GCN Model ============================================================
2023-09-02 20:58:33,199 - FGO - INFO - Epoch   0 | Train Loss: -7.413 | Val Loss: -0.71 | Val F1: 0.99 |
2023-09-02 20:58:33,996 - FGO - INFO - Epoch  10 | Train Loss: -8.097 | Val Loss: -0.75 | Val F1: 0.99 |
2023-09-02 20:58:34,733 - FGO - INFO - Epoch  20 | Train Loss: -8.261 | Val Loss: -0.79 | Val F1: 0.99 |
2023-09-02 20:58:35,562 - FGO - INFO - Epoch  30 | Train Loss: -8.352 | Val Loss: -0.79 | Val F1: 0.99 |
2023-09-02 20:58:36,391 - FGO - INFO - Epoch  40 | Train Loss: -8.400 | Val Loss: -0.78 | Val F1: 0.99 |
2023-09-02 20:58:37,062 - FGO - INFO - Best Epoch:   9 | Train Loss: -8.092 | Val Loss: -0.75 | Val F1: 0.99 |
2023-09-02 20:58:37,062 - FGO - INFO - Setting model to best state.
2023-09-02 20:58:37,065 - FGO - INFO - ===== Test Fair OT GCN Model =============================================================
2023-09-02 20:58:37,090 - FGO - INFO - Train CM:
[[386  11]
 [ 11 324]]
2023-09-02 20:58:37,090 - FGO - INFO - Val CM:
[[37  0]
 [ 1 34]]
2023-09-02 20:58:37,091 - FGO - INFO - Test CM:
[[37  0]
 [ 1 34]]
2023-09-02 20:58:37,096 - FGO - INFO - test statistical parity: 0.08387096774193548
2023-09-02 20:58:37,097 - FGO - INFO - test equal opportunity: 0.19999999999999996
2023-09-02 20:58:37,098 - FGO - INFO - test micro f1: 0.9861111111111112
2023-09-02 20:58:37,098 - FGO - INFO - test macro f1: 0.986086956521739
