2023-09-02 20:47:55,893 - FGO - INFO - ===== SETUP LOGGING ======================================================================
2023-09-02 20:47:55,893 - FGO - INFO - THIS_FILE: Wrapper.py
2023-09-02 20:47:55,893 - FGO - INFO - 	done: False
2023-09-02 20:47:55,893 - FGO - INFO - 	learning_rate: 0.001
2023-09-02 20:47:55,893 - FGO - INFO - 	h1: 64
2023-09-02 20:47:55,893 - FGO - INFO - 	h2: 32
2023-09-02 20:47:55,893 - FGO - INFO - 	weight_decay: 0.0005
2023-09-02 20:47:55,893 - FGO - INFO - 	dropout: 0.0
2023-09-02 20:47:55,893 - FGO - INFO - 	max_pretrain_epochs: 100
2023-09-02 20:47:55,893 - FGO - INFO - 	max_ot_epochs: 50
2023-09-02 20:47:55,893 - FGO - INFO - 	lambda: 0.05
2023-09-02 20:47:55,893 - FGO - INFO - 	theta: 50
2023-09-02 20:47:55,893 - FGO - INFO - 	clip: 5
2023-09-02 20:47:55,893 - FGO - INFO - ===== SETUP LOGGING COMPLETE =============================================================
2023-09-02 20:47:55,893 - FGO - INFO - ===== Configuring Masks ==================================================================
2023-09-02 20:47:55,893 - FGO - INFO - Source Total: 732
2023-09-02 20:47:55,893 - FGO - INFO - Target Total: 72
2023-09-02 20:47:55,893 - FGO - INFO - Train Total: 732
2023-09-02 20:47:55,893 - FGO - INFO - Val Total:   72
2023-09-02 20:47:55,893 - FGO - INFO - Test Total:  72
2023-09-02 20:47:55,893 - FGO - INFO - ===== Preparing to load data =============================================================
2023-09-02 20:47:55,893 - FGO - INFO - SOURCE: abide_large
2023-09-02 20:47:55,893 - FGO - INFO - ===== Retrieving SOURCE Data =============================================================
2023-09-02 20:47:55,893 - FGO - INFO - *************** In load_graph_data ***************
2023-09-02 20:47:55,893 - FGO - INFO - 	FILEPATH: ./data/abide_large.mat
2023-09-02 20:47:55,894 - FGO - INFO - 	X shape: (804, 93)
2023-09-02 20:47:55,894 - FGO - INFO - 	A shape: (804, 804)
2023-09-02 20:47:55,894 - FGO - INFO - 	P shape: (804,)
2023-09-02 20:47:55,894 - FGO - INFO - 	Y shape: (804, 2)
2023-09-02 20:47:55,894 - FGO - INFO - 	Y sum: 804 (number of postive labels)
2023-09-02 20:47:55,895 - FGO - INFO - ===== Preparing data =====================================================================
2023-09-02 20:47:55,896 - FGO - INFO - ===== Disconnecting Source and Target ====================================================
2023-09-02 20:47:55,987 - FGO - INFO - ===== Finalize Data ======================================================================
2023-09-02 20:47:55,987 - FGO - INFO - A shape: (804, 804)
2023-09-02 20:47:55,987 - FGO - INFO - X shape: (804, 93)
2023-09-02 20:47:55,987 - FGO - INFO - Y shape: (804, 2)
2023-09-02 20:47:55,987 - FGO - INFO - N: 804
2023-09-02 20:47:55,987 - FGO - INFO - N_s: 732
2023-09-02 20:47:55,987 - FGO - INFO - N_t: 72
2023-09-02 20:47:55,991 - FGO - INFO - ===== Pretrain GCN Model =================================================================
2023-09-02 20:47:55,994 - FGO - INFO - Epoch   0 | Train Loss: 0.688 | Val Loss: 0.70 | Val F1: 0.33 |
2023-09-02 20:47:56,019 - FGO - INFO - Epoch  10 | Train Loss: 0.674 | Val Loss: 0.68 | Val F1: 0.45 |
2023-09-02 20:47:56,043 - FGO - INFO - Epoch  20 | Train Loss: 0.649 | Val Loss: 0.66 | Val F1: 0.63 |
2023-09-02 20:47:56,068 - FGO - INFO - Epoch  30 | Train Loss: 0.596 | Val Loss: 0.60 | Val F1: 0.75 |
2023-09-02 20:47:56,093 - FGO - INFO - Epoch  40 | Train Loss: 0.508 | Val Loss: 0.50 | Val F1: 0.87 |
2023-09-02 20:47:56,118 - FGO - INFO - Epoch  50 | Train Loss: 0.399 | Val Loss: 0.39 | Val F1: 0.89 |
2023-09-02 20:47:56,142 - FGO - INFO - Epoch  60 | Train Loss: 0.297 | Val Loss: 0.27 | Val F1: 0.90 |
2023-09-02 20:47:56,167 - FGO - INFO - Epoch  70 | Train Loss: 0.224 | Val Loss: 0.20 | Val F1: 0.94 |
2023-09-02 20:47:56,192 - FGO - INFO - Epoch  80 | Train Loss: 0.179 | Val Loss: 0.16 | Val F1: 0.96 |
2023-09-02 20:47:56,216 - FGO - INFO - Epoch  90 | Train Loss: 0.150 | Val Loss: 0.14 | Val F1: 0.97 |
2023-09-02 20:47:56,240 - FGO - INFO - Epoch 100 | Train Loss: 0.130 | Val Loss: 0.13 | Val F1: 0.97 |
2023-09-02 20:47:56,240 - FGO - INFO - Best Epoch:  81 | Train Loss: 0.175 | Val Loss: 0.16 | Val F1: 0.97 
2023-09-02 20:47:56,241 - FGO - INFO - Setting model to best state.
2023-09-02 20:47:56,242 - FGO - INFO - ===== Train Fair OT GCN Model ============================================================
2023-09-02 20:47:56,307 - FGO - INFO - Epoch   0 | Train Loss: -22.418 | Val Loss: -2.20 | Val F1: 0.97 |
2023-09-02 20:47:57,069 - FGO - INFO - Epoch  10 | Train Loss: -22.891 | Val Loss: -2.22 | Val F1: 0.94 |
2023-09-02 20:47:57,835 - FGO - INFO - Epoch  20 | Train Loss: -23.242 | Val Loss: -2.21 | Val F1: 0.90 |
2023-09-02 20:47:58,661 - FGO - INFO - Epoch  30 | Train Loss: -23.434 | Val Loss: -2.17 | Val F1: 0.89 |
2023-09-02 20:47:59,472 - FGO - INFO - Epoch  40 | Train Loss: -23.606 | Val Loss: -2.08 | Val F1: 0.84 |
2023-09-02 20:48:00,196 - FGO - INFO - Best Epoch:   6 | Train Loss: -22.720 | Val Loss: -2.19 | Val F1: 0.94 |
2023-09-02 20:48:00,197 - FGO - INFO - Setting model to best state.
2023-09-02 20:48:00,204 - FGO - INFO - ===== Test Fair OT GCN Model =============================================================
2023-09-02 20:48:00,229 - FGO - INFO - Train CM:
[[  0 397]
 [  0 335]]
2023-09-02 20:48:00,230 - FGO - INFO - Val CM:
[[37  0]
 [26  9]]
2023-09-02 20:48:00,230 - FGO - INFO - Test CM:
[[37  0]
 [26  9]]
2023-09-02 20:48:00,235 - FGO - INFO - test statistical parity: 0.14516129032258066
2023-09-02 20:48:00,236 - FGO - INFO - test equal opportunity: 0.3
2023-09-02 20:48:00,237 - FGO - INFO - test micro f1: 0.6388888888888888
2023-09-02 20:48:00,238 - FGO - INFO - test macro f1: 0.5745454545454545
