2023-09-02 20:43:57,150 - FGO - INFO - ===== SETUP LOGGING ======================================================================
2023-09-02 20:43:57,150 - FGO - INFO - THIS_FILE: Wrapper.py
2023-09-02 20:43:57,150 - FGO - INFO - 	done: False
2023-09-02 20:43:57,150 - FGO - INFO - 	learning_rate: 0.001
2023-09-02 20:43:57,150 - FGO - INFO - 	h1: 64
2023-09-02 20:43:57,150 - FGO - INFO - 	h2: 32
2023-09-02 20:43:57,150 - FGO - INFO - 	weight_decay: 0.0005
2023-09-02 20:43:57,150 - FGO - INFO - 	dropout: 0.0
2023-09-02 20:43:57,150 - FGO - INFO - 	max_pretrain_epochs: 100
2023-09-02 20:43:57,150 - FGO - INFO - 	max_ot_epochs: 50
2023-09-02 20:43:57,150 - FGO - INFO - 	lambda: 0.01
2023-09-02 20:43:57,150 - FGO - INFO - 	theta: 50
2023-09-02 20:43:57,150 - FGO - INFO - 	clip: 5
2023-09-02 20:43:57,150 - FGO - INFO - ===== SETUP LOGGING COMPLETE =============================================================
2023-09-02 20:43:57,150 - FGO - INFO - ===== Configuring Masks ==================================================================
2023-09-02 20:43:57,150 - FGO - INFO - Source Total: 725
2023-09-02 20:43:57,150 - FGO - INFO - Target Total: 79
2023-09-02 20:43:57,150 - FGO - INFO - Train Total: 725
2023-09-02 20:43:57,150 - FGO - INFO - Val Total:   79
2023-09-02 20:43:57,150 - FGO - INFO - Test Total:  79
2023-09-02 20:43:57,150 - FGO - INFO - ===== Preparing to load data =============================================================
2023-09-02 20:43:57,150 - FGO - INFO - SOURCE: abide_large
2023-09-02 20:43:57,150 - FGO - INFO - ===== Retrieving SOURCE Data =============================================================
2023-09-02 20:43:57,150 - FGO - INFO - *************** In load_graph_data ***************
2023-09-02 20:43:57,150 - FGO - INFO - 	FILEPATH: ./data/abide_large.mat
2023-09-02 20:43:57,151 - FGO - INFO - 	X shape: (804, 93)
2023-09-02 20:43:57,151 - FGO - INFO - 	A shape: (804, 804)
2023-09-02 20:43:57,151 - FGO - INFO - 	P shape: (804,)
2023-09-02 20:43:57,151 - FGO - INFO - 	Y shape: (804, 2)
2023-09-02 20:43:57,151 - FGO - INFO - 	Y sum: 804 (number of postive labels)
2023-09-02 20:43:57,152 - FGO - INFO - ===== Preparing data =====================================================================
2023-09-02 20:43:57,153 - FGO - INFO - ===== Disconnecting Source and Target ====================================================
2023-09-02 20:43:57,252 - FGO - INFO - ===== Finalize Data ======================================================================
2023-09-02 20:43:57,252 - FGO - INFO - A shape: (804, 804)
2023-09-02 20:43:57,252 - FGO - INFO - X shape: (804, 93)
2023-09-02 20:43:57,252 - FGO - INFO - Y shape: (804, 2)
2023-09-02 20:43:57,252 - FGO - INFO - N: 804
2023-09-02 20:43:57,252 - FGO - INFO - N_s: 725
2023-09-02 20:43:57,252 - FGO - INFO - N_t: 79
2023-09-02 20:43:57,255 - FGO - INFO - ===== Pretrain GCN Model =================================================================
2023-09-02 20:43:57,259 - FGO - INFO - Epoch   0 | Train Loss: 0.690 | Val Loss: 0.67 | Val F1: 0.38 |
2023-09-02 20:43:57,283 - FGO - INFO - Epoch  10 | Train Loss: 0.675 | Val Loss: 0.67 | Val F1: 0.50 |
2023-09-02 20:43:57,308 - FGO - INFO - Epoch  20 | Train Loss: 0.648 | Val Loss: 0.65 | Val F1: 0.59 |
2023-09-02 20:43:57,332 - FGO - INFO - Epoch  30 | Train Loss: 0.593 | Val Loss: 0.61 | Val F1: 0.69 |
2023-09-02 20:43:57,357 - FGO - INFO - Epoch  40 | Train Loss: 0.504 | Val Loss: 0.54 | Val F1: 0.78 |
2023-09-02 20:43:57,381 - FGO - INFO - Epoch  50 | Train Loss: 0.399 | Val Loss: 0.44 | Val F1: 0.88 |
2023-09-02 20:43:57,406 - FGO - INFO - Epoch  60 | Train Loss: 0.301 | Val Loss: 0.34 | Val F1: 0.90 |
2023-09-02 20:43:57,430 - FGO - INFO - Epoch  70 | Train Loss: 0.227 | Val Loss: 0.26 | Val F1: 0.92 |
2023-09-02 20:43:57,455 - FGO - INFO - Epoch  80 | Train Loss: 0.182 | Val Loss: 0.21 | Val F1: 0.96 |
2023-09-02 20:43:57,479 - FGO - INFO - Epoch  90 | Train Loss: 0.152 | Val Loss: 0.18 | Val F1: 0.96 |
2023-09-02 20:43:57,503 - FGO - INFO - Epoch 100 | Train Loss: 0.133 | Val Loss: 0.16 | Val F1: 0.96 |
2023-09-02 20:43:57,503 - FGO - INFO - Best Epoch:  85 | Train Loss: 0.165 | Val Loss: 0.19 | Val F1: 0.97 
2023-09-02 20:43:57,503 - FGO - INFO - Setting model to best state.
2023-09-02 20:43:57,505 - FGO - INFO - ===== Train Fair OT GCN Model ============================================================
2023-09-02 20:43:57,577 - FGO - INFO - Epoch   0 | Train Loss: -3.328 | Val Loss: -0.22 | Val F1: 0.96 |
2023-09-02 20:43:58,519 - FGO - INFO - Epoch  10 | Train Loss: -3.677 | Val Loss: -0.24 | Val F1: 0.96 |
2023-09-02 20:43:59,359 - FGO - INFO - Epoch  20 | Train Loss: -3.963 | Val Loss: -0.28 | Val F1: 0.96 |
2023-09-02 20:44:00,161 - FGO - INFO - Epoch  30 | Train Loss: -4.100 | Val Loss: -0.29 | Val F1: 0.96 |
2023-09-02 20:44:00,958 - FGO - INFO - Epoch  40 | Train Loss: -4.170 | Val Loss: -0.30 | Val F1: 0.96 |
2023-09-02 20:44:01,688 - FGO - INFO - Best Epoch:   6 | Train Loss: -3.545 | Val Loss: -0.22 | Val F1: 0.96 |
2023-09-02 20:44:01,689 - FGO - INFO - Setting model to best state.
2023-09-02 20:44:01,692 - FGO - INFO - ===== Test Fair OT GCN Model =============================================================
2023-09-02 20:44:01,718 - FGO - INFO - Train CM:
[[378   7]
 [ 45 295]]
2023-09-02 20:44:01,718 - FGO - INFO - Val CM:
[[47  2]
 [ 1 29]]
2023-09-02 20:44:01,718 - FGO - INFO - Test CM:
[[47  2]
 [ 1 29]]
2023-09-02 20:44:01,723 - FGO - INFO - test statistical parity: 0.008695652173913049
2023-09-02 20:44:01,725 - FGO - INFO - test equal opportunity: 0.038461538461538436
2023-09-02 20:44:01,726 - FGO - INFO - test micro f1: 0.9620253164556962
2023-09-02 20:44:01,726 - FGO - INFO - test macro f1: 0.9599459185398006
