2023-09-02 20:48:51,578 - FGO - INFO - ===== SETUP LOGGING ======================================================================
2023-09-02 20:48:51,578 - FGO - INFO - THIS_FILE: Wrapper.py
2023-09-02 20:48:51,578 - FGO - INFO - 	done: False
2023-09-02 20:48:51,578 - FGO - INFO - 	learning_rate: 0.005
2023-09-02 20:48:51,578 - FGO - INFO - 	h1: 64
2023-09-02 20:48:51,578 - FGO - INFO - 	h2: 32
2023-09-02 20:48:51,578 - FGO - INFO - 	weight_decay: 0.0005
2023-09-02 20:48:51,578 - FGO - INFO - 	dropout: 0.0
2023-09-02 20:48:51,578 - FGO - INFO - 	max_pretrain_epochs: 100
2023-09-02 20:48:51,578 - FGO - INFO - 	max_ot_epochs: 50
2023-09-02 20:48:51,578 - FGO - INFO - 	lambda: 0.01
2023-09-02 20:48:51,578 - FGO - INFO - 	theta: 10
2023-09-02 20:48:51,578 - FGO - INFO - 	clip: 5
2023-09-02 20:48:51,578 - FGO - INFO - ===== SETUP LOGGING COMPLETE =============================================================
2023-09-02 20:48:51,578 - FGO - INFO - ===== Configuring Masks ==================================================================
2023-09-02 20:48:51,578 - FGO - INFO - Source Total: 717
2023-09-02 20:48:51,578 - FGO - INFO - Target Total: 87
2023-09-02 20:48:51,578 - FGO - INFO - Train Total: 717
2023-09-02 20:48:51,578 - FGO - INFO - Val Total:   87
2023-09-02 20:48:51,578 - FGO - INFO - Test Total:  87
2023-09-02 20:48:51,578 - FGO - INFO - ===== Preparing to load data =============================================================
2023-09-02 20:48:51,578 - FGO - INFO - SOURCE: abide_large
2023-09-02 20:48:51,578 - FGO - INFO - ===== Retrieving SOURCE Data =============================================================
2023-09-02 20:48:51,578 - FGO - INFO - *************** In load_graph_data ***************
2023-09-02 20:48:51,578 - FGO - INFO - 	FILEPATH: ./data/abide_large.mat
2023-09-02 20:48:51,579 - FGO - INFO - 	X shape: (804, 93)
2023-09-02 20:48:51,579 - FGO - INFO - 	A shape: (804, 804)
2023-09-02 20:48:51,579 - FGO - INFO - 	P shape: (804,)
2023-09-02 20:48:51,579 - FGO - INFO - 	Y shape: (804, 2)
2023-09-02 20:48:51,579 - FGO - INFO - 	Y sum: 804 (number of postive labels)
2023-09-02 20:48:51,580 - FGO - INFO - ===== Preparing data =====================================================================
2023-09-02 20:48:51,581 - FGO - INFO - ===== Disconnecting Source and Target ====================================================
2023-09-02 20:48:51,687 - FGO - INFO - ===== Finalize Data ======================================================================
2023-09-02 20:48:51,688 - FGO - INFO - A shape: (804, 804)
2023-09-02 20:48:51,688 - FGO - INFO - X shape: (804, 93)
2023-09-02 20:48:51,688 - FGO - INFO - Y shape: (804, 2)
2023-09-02 20:48:51,688 - FGO - INFO - N: 804
2023-09-02 20:48:51,688 - FGO - INFO - N_s: 717
2023-09-02 20:48:51,688 - FGO - INFO - N_t: 87
2023-09-02 20:48:51,691 - FGO - INFO - ===== Pretrain GCN Model =================================================================
2023-09-02 20:48:51,694 - FGO - INFO - Epoch   0 | Train Loss: 0.690 | Val Loss: 0.68 | Val F1: 0.36 |
2023-09-02 20:48:51,719 - FGO - INFO - Epoch  10 | Train Loss: 0.585 | Val Loss: 0.57 | Val F1: 0.75 |
2023-09-02 20:48:51,743 - FGO - INFO - Epoch  20 | Train Loss: 0.271 | Val Loss: 0.27 | Val F1: 0.92 |
2023-09-02 20:48:51,768 - FGO - INFO - Epoch  30 | Train Loss: 0.135 | Val Loss: 0.12 | Val F1: 0.95 |
2023-09-02 20:48:51,792 - FGO - INFO - Epoch  40 | Train Loss: 0.097 | Val Loss: 0.08 | Val F1: 0.98 |
2023-09-02 20:48:51,817 - FGO - INFO - Epoch  50 | Train Loss: 0.085 | Val Loss: 0.08 | Val F1: 0.98 |
2023-09-02 20:48:51,841 - FGO - INFO - Epoch  60 | Train Loss: 0.078 | Val Loss: 0.08 | Val F1: 0.99 |
2023-09-02 20:48:51,865 - FGO - INFO - Epoch  70 | Train Loss: 0.073 | Val Loss: 0.06 | Val F1: 0.98 |
2023-09-02 20:48:51,889 - FGO - INFO - Epoch  80 | Train Loss: 0.070 | Val Loss: 0.06 | Val F1: 0.99 |
2023-09-02 20:48:51,914 - FGO - INFO - Epoch  90 | Train Loss: 0.071 | Val Loss: 0.06 | Val F1: 0.98 |
2023-09-02 20:48:51,938 - FGO - INFO - Epoch 100 | Train Loss: 0.068 | Val Loss: 0.05 | Val F1: 0.99 |
2023-09-02 20:48:51,938 - FGO - INFO - Best Epoch:  36 | Train Loss: 0.107 | Val Loss: 0.08 | Val F1: 0.99 
2023-09-02 20:48:51,938 - FGO - INFO - Setting model to best state.
2023-09-02 20:48:51,939 - FGO - INFO - ===== Train Fair OT GCN Model ============================================================
2023-09-02 20:48:52,050 - FGO - INFO - Epoch   0 | Train Loss: -0.598 | Val Loss: -0.04 | Val F1: 0.99 |
2023-09-02 20:48:52,959 - FGO - INFO - Epoch  10 | Train Loss: -0.499 | Val Loss: 0.26 | Val F1: 0.87 |
2023-09-02 20:48:53,843 - FGO - INFO - Epoch  20 | Train Loss: -0.669 | Val Loss: 0.04 | Val F1: 0.93 |
2023-09-02 20:48:54,809 - FGO - INFO - Epoch  30 | Train Loss: -0.726 | Val Loss: -0.03 | Val F1: 0.97 |
2023-09-02 20:48:55,732 - FGO - INFO - Epoch  40 | Train Loss: -0.744 | Val Loss: -0.04 | Val F1: 0.98 |
2023-09-02 20:48:56,520 - FGO - INFO - Best Epoch:  22 | Train Loss: -0.702 | Val Loss: -0.06 | Val F1: 1.00 |
2023-09-02 20:48:56,520 - FGO - INFO - Setting model to best state.
2023-09-02 20:48:56,525 - FGO - INFO - ===== Test Fair OT GCN Model =============================================================
2023-09-02 20:48:56,557 - FGO - INFO - Train CM:
[[376   9]
 [ 13 319]]
2023-09-02 20:48:56,557 - FGO - INFO - Val CM:
[[48  1]
 [ 0 38]]
2023-09-02 20:48:56,557 - FGO - INFO - Test CM:
[[48  1]
 [ 0 38]]
2023-09-02 20:48:56,562 - FGO - INFO - test statistical parity: 0.05696202531645572
2023-09-02 20:48:56,563 - FGO - INFO - test equal opportunity: 0.0
2023-09-02 20:48:56,564 - FGO - INFO - test micro f1: 0.9885057471264368
2023-09-02 20:48:56,564 - FGO - INFO - test macro f1: 0.9883518543312357
