2023-09-02 20:55:01,270 - FGO - INFO - ===== SETUP LOGGING ======================================================================
2023-09-02 20:55:01,270 - FGO - INFO - THIS_FILE: Wrapper.py
2023-09-02 20:55:01,270 - FGO - INFO - 	done: False
2023-09-02 20:55:01,270 - FGO - INFO - 	learning_rate: 0.005
2023-09-02 20:55:01,270 - FGO - INFO - 	h1: 64
2023-09-02 20:55:01,270 - FGO - INFO - 	h2: 32
2023-09-02 20:55:01,270 - FGO - INFO - 	weight_decay: 0.0005
2023-09-02 20:55:01,270 - FGO - INFO - 	dropout: 0.0
2023-09-02 20:55:01,270 - FGO - INFO - 	max_pretrain_epochs: 100
2023-09-02 20:55:01,270 - FGO - INFO - 	max_ot_epochs: 50
2023-09-02 20:55:01,270 - FGO - INFO - 	lambda: 0.05
2023-09-02 20:55:01,270 - FGO - INFO - 	theta: 50
2023-09-02 20:55:01,270 - FGO - INFO - 	clip: 5
2023-09-02 20:55:01,270 - FGO - INFO - ===== SETUP LOGGING COMPLETE =============================================================
2023-09-02 20:55:01,270 - FGO - INFO - ===== Configuring Masks ==================================================================
2023-09-02 20:55:01,270 - FGO - INFO - Source Total: 725
2023-09-02 20:55:01,270 - FGO - INFO - Target Total: 79
2023-09-02 20:55:01,270 - FGO - INFO - Train Total: 725
2023-09-02 20:55:01,270 - FGO - INFO - Val Total:   79
2023-09-02 20:55:01,270 - FGO - INFO - Test Total:  79
2023-09-02 20:55:01,270 - FGO - INFO - ===== Preparing to load data =============================================================
2023-09-02 20:55:01,270 - FGO - INFO - SOURCE: abide_large
2023-09-02 20:55:01,270 - FGO - INFO - ===== Retrieving SOURCE Data =============================================================
2023-09-02 20:55:01,270 - FGO - INFO - *************** In load_graph_data ***************
2023-09-02 20:55:01,270 - FGO - INFO - 	FILEPATH: ./data/abide_large.mat
2023-09-02 20:55:01,270 - FGO - INFO - 	X shape: (804, 93)
2023-09-02 20:55:01,271 - FGO - INFO - 	A shape: (804, 804)
2023-09-02 20:55:01,271 - FGO - INFO - 	P shape: (804,)
2023-09-02 20:55:01,271 - FGO - INFO - 	Y shape: (804, 2)
2023-09-02 20:55:01,271 - FGO - INFO - 	Y sum: 804 (number of postive labels)
2023-09-02 20:55:01,272 - FGO - INFO - ===== Preparing data =====================================================================
2023-09-02 20:55:01,273 - FGO - INFO - ===== Disconnecting Source and Target ====================================================
2023-09-02 20:55:01,371 - FGO - INFO - ===== Finalize Data ======================================================================
2023-09-02 20:55:01,371 - FGO - INFO - A shape: (804, 804)
2023-09-02 20:55:01,371 - FGO - INFO - X shape: (804, 93)
2023-09-02 20:55:01,371 - FGO - INFO - Y shape: (804, 2)
2023-09-02 20:55:01,371 - FGO - INFO - N: 804
2023-09-02 20:55:01,371 - FGO - INFO - N_s: 725
2023-09-02 20:55:01,371 - FGO - INFO - N_t: 79
2023-09-02 20:55:01,375 - FGO - INFO - ===== Pretrain GCN Model =================================================================
2023-09-02 20:55:01,378 - FGO - INFO - Epoch   0 | Train Loss: 0.690 | Val Loss: 0.67 | Val F1: 0.38 |
2023-09-02 20:55:01,402 - FGO - INFO - Epoch  10 | Train Loss: 0.579 | Val Loss: 0.59 | Val F1: 0.74 |
2023-09-02 20:55:01,427 - FGO - INFO - Epoch  20 | Train Loss: 0.262 | Val Loss: 0.30 | Val F1: 0.91 |
2023-09-02 20:55:01,451 - FGO - INFO - Epoch  30 | Train Loss: 0.128 | Val Loss: 0.18 | Val F1: 0.97 |
2023-09-02 20:55:01,476 - FGO - INFO - Epoch  40 | Train Loss: 0.098 | Val Loss: 0.20 | Val F1: 0.97 |
2023-09-02 20:55:01,500 - FGO - INFO - Epoch  50 | Train Loss: 0.085 | Val Loss: 0.20 | Val F1: 0.97 |
2023-09-02 20:55:01,525 - FGO - INFO - Epoch  60 | Train Loss: 0.076 | Val Loss: 0.19 | Val F1: 0.97 |
2023-09-02 20:55:01,549 - FGO - INFO - Epoch  70 | Train Loss: 0.071 | Val Loss: 0.17 | Val F1: 0.97 |
2023-09-02 20:55:01,573 - FGO - INFO - Epoch  80 | Train Loss: 0.068 | Val Loss: 0.17 | Val F1: 0.97 |
2023-09-02 20:55:01,598 - FGO - INFO - Epoch  90 | Train Loss: 0.066 | Val Loss: 0.15 | Val F1: 0.97 |
2023-09-02 20:55:01,622 - FGO - INFO - Epoch 100 | Train Loss: 0.065 | Val Loss: 0.15 | Val F1: 0.97 |
2023-09-02 20:55:01,622 - FGO - INFO - Best Epoch:  51 | Train Loss: 0.085 | Val Loss: 0.18 | Val F1: 0.99 
2023-09-02 20:55:01,622 - FGO - INFO - Setting model to best state.
2023-09-02 20:55:01,624 - FGO - INFO - ===== Train Fair OT GCN Model ============================================================
2023-09-02 20:55:01,715 - FGO - INFO - Epoch   0 | Train Loss: -21.972 | Val Loss: -2.26 | Val F1: 0.97 |
2023-09-02 20:55:02,581 - FGO - INFO - Epoch  10 | Train Loss: -23.279 | Val Loss: -2.43 | Val F1: 0.94 |
2023-09-02 20:55:03,341 - FGO - INFO - Epoch  20 | Train Loss: -23.795 | Val Loss: -2.12 | Val F1: 0.69 |
2023-09-02 20:55:04,038 - FGO - INFO - Epoch  30 | Train Loss: -24.011 | Val Loss: -2.00 | Val F1: 0.42 |
2023-09-02 20:55:04,794 - FGO - INFO - Epoch  40 | Train Loss: -24.016 | Val Loss: -2.00 | Val F1: 0.38 |
2023-09-02 20:55:05,501 - FGO - INFO - Best Epoch:   6 | Train Loss: -22.989 | Val Loss: -2.41 | Val F1: 0.96 |
2023-09-02 20:55:05,501 - FGO - INFO - Setting model to best state.
2023-09-02 20:55:05,504 - FGO - INFO - ===== Test Fair OT GCN Model =============================================================
2023-09-02 20:55:05,528 - FGO - INFO - Train CM:
[[385   0]
 [340   0]]
2023-09-02 20:55:05,528 - FGO - INFO - Val CM:
[[49  0]
 [30  0]]
2023-09-02 20:55:05,528 - FGO - INFO - Test CM:
[[49  0]
 [30  0]]
2023-09-02 20:55:05,534 - FGO - INFO - test statistical parity: 0.0
2023-09-02 20:55:05,535 - FGO - INFO - test equal opportunity: 0.0
2023-09-02 20:55:05,536 - FGO - INFO - test micro f1: 0.620253164556962
2023-09-02 20:55:05,536 - FGO - INFO - test macro f1: 0.3828125
