2023-09-02 20:44:19,409 - FGO - INFO - ===== SETUP LOGGING ======================================================================
2023-09-02 20:44:19,409 - FGO - INFO - THIS_FILE: Wrapper.py
2023-09-02 20:44:19,409 - FGO - INFO - 	done: False
2023-09-02 20:44:19,409 - FGO - INFO - 	learning_rate: 0.001
2023-09-02 20:44:19,409 - FGO - INFO - 	h1: 64
2023-09-02 20:44:19,409 - FGO - INFO - 	h2: 32
2023-09-02 20:44:19,409 - FGO - INFO - 	weight_decay: 0.0005
2023-09-02 20:44:19,409 - FGO - INFO - 	dropout: 0.0
2023-09-02 20:44:19,409 - FGO - INFO - 	max_pretrain_epochs: 100
2023-09-02 20:44:19,409 - FGO - INFO - 	max_ot_epochs: 50
2023-09-02 20:44:19,409 - FGO - INFO - 	lambda: 0.03
2023-09-02 20:44:19,409 - FGO - INFO - 	theta: 10
2023-09-02 20:44:19,409 - FGO - INFO - 	clip: 5
2023-09-02 20:44:19,409 - FGO - INFO - ===== SETUP LOGGING COMPLETE =============================================================
2023-09-02 20:44:19,409 - FGO - INFO - ===== Configuring Masks ==================================================================
2023-09-02 20:44:19,409 - FGO - INFO - Source Total: 732
2023-09-02 20:44:19,409 - FGO - INFO - Target Total: 72
2023-09-02 20:44:19,409 - FGO - INFO - Train Total: 732
2023-09-02 20:44:19,409 - FGO - INFO - Val Total:   72
2023-09-02 20:44:19,409 - FGO - INFO - Test Total:  72
2023-09-02 20:44:19,409 - FGO - INFO - ===== Preparing to load data =============================================================
2023-09-02 20:44:19,409 - FGO - INFO - SOURCE: abide_large
2023-09-02 20:44:19,409 - FGO - INFO - ===== Retrieving SOURCE Data =============================================================
2023-09-02 20:44:19,409 - FGO - INFO - *************** In load_graph_data ***************
2023-09-02 20:44:19,409 - FGO - INFO - 	FILEPATH: ./data/abide_large.mat
2023-09-02 20:44:19,410 - FGO - INFO - 	X shape: (804, 93)
2023-09-02 20:44:19,410 - FGO - INFO - 	A shape: (804, 804)
2023-09-02 20:44:19,410 - FGO - INFO - 	P shape: (804,)
2023-09-02 20:44:19,410 - FGO - INFO - 	Y shape: (804, 2)
2023-09-02 20:44:19,410 - FGO - INFO - 	Y sum: 804 (number of postive labels)
2023-09-02 20:44:19,411 - FGO - INFO - ===== Preparing data =====================================================================
2023-09-02 20:44:19,412 - FGO - INFO - ===== Disconnecting Source and Target ====================================================
2023-09-02 20:44:19,502 - FGO - INFO - ===== Finalize Data ======================================================================
2023-09-02 20:44:19,502 - FGO - INFO - A shape: (804, 804)
2023-09-02 20:44:19,502 - FGO - INFO - X shape: (804, 93)
2023-09-02 20:44:19,502 - FGO - INFO - Y shape: (804, 2)
2023-09-02 20:44:19,502 - FGO - INFO - N: 804
2023-09-02 20:44:19,502 - FGO - INFO - N_s: 732
2023-09-02 20:44:19,502 - FGO - INFO - N_t: 72
2023-09-02 20:44:19,506 - FGO - INFO - ===== Pretrain GCN Model =================================================================
2023-09-02 20:44:19,509 - FGO - INFO - Epoch   0 | Train Loss: 0.688 | Val Loss: 0.70 | Val F1: 0.33 |
2023-09-02 20:44:19,534 - FGO - INFO - Epoch  10 | Train Loss: 0.674 | Val Loss: 0.68 | Val F1: 0.45 |
2023-09-02 20:44:19,558 - FGO - INFO - Epoch  20 | Train Loss: 0.649 | Val Loss: 0.66 | Val F1: 0.63 |
2023-09-02 20:44:19,583 - FGO - INFO - Epoch  30 | Train Loss: 0.596 | Val Loss: 0.60 | Val F1: 0.75 |
2023-09-02 20:44:19,608 - FGO - INFO - Epoch  40 | Train Loss: 0.508 | Val Loss: 0.50 | Val F1: 0.87 |
2023-09-02 20:44:19,632 - FGO - INFO - Epoch  50 | Train Loss: 0.399 | Val Loss: 0.39 | Val F1: 0.89 |
2023-09-02 20:44:19,657 - FGO - INFO - Epoch  60 | Train Loss: 0.297 | Val Loss: 0.27 | Val F1: 0.90 |
2023-09-02 20:44:19,682 - FGO - INFO - Epoch  70 | Train Loss: 0.224 | Val Loss: 0.20 | Val F1: 0.94 |
2023-09-02 20:44:19,706 - FGO - INFO - Epoch  80 | Train Loss: 0.179 | Val Loss: 0.16 | Val F1: 0.96 |
2023-09-02 20:44:19,731 - FGO - INFO - Epoch  90 | Train Loss: 0.150 | Val Loss: 0.14 | Val F1: 0.97 |
2023-09-02 20:44:19,755 - FGO - INFO - Epoch 100 | Train Loss: 0.130 | Val Loss: 0.13 | Val F1: 0.97 |
2023-09-02 20:44:19,755 - FGO - INFO - Best Epoch:  81 | Train Loss: 0.175 | Val Loss: 0.16 | Val F1: 0.97 
2023-09-02 20:44:19,755 - FGO - INFO - Setting model to best state.
2023-09-02 20:44:19,757 - FGO - INFO - ===== Train Fair OT GCN Model ============================================================
2023-09-02 20:44:19,851 - FGO - INFO - Epoch   0 | Train Loss: -2.397 | Val Loss: -0.14 | Val F1: 0.97 |
2023-09-02 20:44:20,687 - FGO - INFO - Epoch  10 | Train Loss: -2.462 | Val Loss: -0.12 | Val F1: 0.96 |
2023-09-02 20:44:21,472 - FGO - INFO - Epoch  20 | Train Loss: -2.510 | Val Loss: -0.14 | Val F1: 0.97 |
2023-09-02 20:44:22,296 - FGO - INFO - Epoch  30 | Train Loss: -2.543 | Val Loss: -0.14 | Val F1: 0.97 |
2023-09-02 20:44:23,126 - FGO - INFO - Epoch  40 | Train Loss: -2.566 | Val Loss: -0.14 | Val F1: 0.97 |
2023-09-02 20:44:23,852 - FGO - INFO - Best Epoch:   6 | Train Loss: -2.437 | Val Loss: -0.14 | Val F1: 0.97 |
2023-09-02 20:44:23,852 - FGO - INFO - Setting model to best state.
2023-09-02 20:44:23,855 - FGO - INFO - ===== Test Fair OT GCN Model =============================================================
2023-09-02 20:44:23,881 - FGO - INFO - Train CM:
[[388   9]
 [ 22 313]]
2023-09-02 20:44:23,881 - FGO - INFO - Val CM:
[[37  0]
 [ 2 33]]
2023-09-02 20:44:23,881 - FGO - INFO - Test CM:
[[37  0]
 [ 2 33]]
2023-09-02 20:44:23,887 - FGO - INFO - test statistical parity: 0.06774193548387092
2023-09-02 20:44:23,888 - FGO - INFO - test equal opportunity: 0.16666666666666663
2023-09-02 20:44:23,889 - FGO - INFO - test micro f1: 0.9722222222222222
2023-09-02 20:44:23,889 - FGO - INFO - test macro f1: 0.9721362229102167
