2023-09-02 20:52:38,585 - FGO - INFO - ===== SETUP LOGGING ======================================================================
2023-09-02 20:52:38,585 - FGO - INFO - THIS_FILE: Wrapper.py
2023-09-02 20:52:38,585 - FGO - INFO - 	done: False
2023-09-02 20:52:38,585 - FGO - INFO - 	learning_rate: 0.005
2023-09-02 20:52:38,585 - FGO - INFO - 	h1: 64
2023-09-02 20:52:38,585 - FGO - INFO - 	h2: 32
2023-09-02 20:52:38,585 - FGO - INFO - 	weight_decay: 0.0005
2023-09-02 20:52:38,585 - FGO - INFO - 	dropout: 0.0
2023-09-02 20:52:38,585 - FGO - INFO - 	max_pretrain_epochs: 100
2023-09-02 20:52:38,585 - FGO - INFO - 	max_ot_epochs: 50
2023-09-02 20:52:38,585 - FGO - INFO - 	lambda: 0.03
2023-09-02 20:52:38,585 - FGO - INFO - 	theta: 50
2023-09-02 20:52:38,585 - FGO - INFO - 	clip: 5
2023-09-02 20:52:38,585 - FGO - INFO - ===== SETUP LOGGING COMPLETE =============================================================
2023-09-02 20:52:38,585 - FGO - INFO - ===== Configuring Masks ==================================================================
2023-09-02 20:52:38,585 - FGO - INFO - Source Total: 717
2023-09-02 20:52:38,585 - FGO - INFO - Target Total: 87
2023-09-02 20:52:38,585 - FGO - INFO - Train Total: 717
2023-09-02 20:52:38,585 - FGO - INFO - Val Total:   87
2023-09-02 20:52:38,585 - FGO - INFO - Test Total:  87
2023-09-02 20:52:38,585 - FGO - INFO - ===== Preparing to load data =============================================================
2023-09-02 20:52:38,585 - FGO - INFO - SOURCE: abide_large
2023-09-02 20:52:38,585 - FGO - INFO - ===== Retrieving SOURCE Data =============================================================
2023-09-02 20:52:38,585 - FGO - INFO - *************** In load_graph_data ***************
2023-09-02 20:52:38,585 - FGO - INFO - 	FILEPATH: ./data/abide_large.mat
2023-09-02 20:52:38,586 - FGO - INFO - 	X shape: (804, 93)
2023-09-02 20:52:38,586 - FGO - INFO - 	A shape: (804, 804)
2023-09-02 20:52:38,586 - FGO - INFO - 	P shape: (804,)
2023-09-02 20:52:38,586 - FGO - INFO - 	Y shape: (804, 2)
2023-09-02 20:52:38,586 - FGO - INFO - 	Y sum: 804 (number of postive labels)
2023-09-02 20:52:38,587 - FGO - INFO - ===== Preparing data =====================================================================
2023-09-02 20:52:38,588 - FGO - INFO - ===== Disconnecting Source and Target ====================================================
2023-09-02 20:52:38,693 - FGO - INFO - ===== Finalize Data ======================================================================
2023-09-02 20:52:38,693 - FGO - INFO - A shape: (804, 804)
2023-09-02 20:52:38,693 - FGO - INFO - X shape: (804, 93)
2023-09-02 20:52:38,693 - FGO - INFO - Y shape: (804, 2)
2023-09-02 20:52:38,693 - FGO - INFO - N: 804
2023-09-02 20:52:38,693 - FGO - INFO - N_s: 717
2023-09-02 20:52:38,694 - FGO - INFO - N_t: 87
2023-09-02 20:52:38,697 - FGO - INFO - ===== Pretrain GCN Model =================================================================
2023-09-02 20:52:38,700 - FGO - INFO - Epoch   0 | Train Loss: 0.690 | Val Loss: 0.68 | Val F1: 0.36 |
2023-09-02 20:52:38,725 - FGO - INFO - Epoch  10 | Train Loss: 0.585 | Val Loss: 0.57 | Val F1: 0.75 |
2023-09-02 20:52:38,749 - FGO - INFO - Epoch  20 | Train Loss: 0.271 | Val Loss: 0.27 | Val F1: 0.92 |
2023-09-02 20:52:38,774 - FGO - INFO - Epoch  30 | Train Loss: 0.135 | Val Loss: 0.12 | Val F1: 0.95 |
2023-09-02 20:52:38,798 - FGO - INFO - Epoch  40 | Train Loss: 0.097 | Val Loss: 0.08 | Val F1: 0.98 |
2023-09-02 20:52:38,823 - FGO - INFO - Epoch  50 | Train Loss: 0.085 | Val Loss: 0.08 | Val F1: 0.98 |
2023-09-02 20:52:38,847 - FGO - INFO - Epoch  60 | Train Loss: 0.078 | Val Loss: 0.08 | Val F1: 0.99 |
2023-09-02 20:52:38,871 - FGO - INFO - Epoch  70 | Train Loss: 0.073 | Val Loss: 0.06 | Val F1: 0.98 |
2023-09-02 20:52:38,896 - FGO - INFO - Epoch  80 | Train Loss: 0.070 | Val Loss: 0.06 | Val F1: 0.99 |
2023-09-02 20:52:38,920 - FGO - INFO - Epoch  90 | Train Loss: 0.071 | Val Loss: 0.06 | Val F1: 0.98 |
2023-09-02 20:52:38,944 - FGO - INFO - Epoch 100 | Train Loss: 0.068 | Val Loss: 0.05 | Val F1: 0.99 |
2023-09-02 20:52:38,944 - FGO - INFO - Best Epoch:  36 | Train Loss: 0.107 | Val Loss: 0.08 | Val F1: 0.99 
2023-09-02 20:52:38,944 - FGO - INFO - Setting model to best state.
2023-09-02 20:52:38,946 - FGO - INFO - ===== Train Fair OT GCN Model ============================================================
2023-09-02 20:52:39,013 - FGO - INFO - Epoch   0 | Train Loss: -12.370 | Val Loss: -1.54 | Val F1: 0.99 |
2023-09-02 20:52:39,851 - FGO - INFO - Epoch  10 | Train Loss: -13.432 | Val Loss: -1.64 | Val F1: 0.96 |
2023-09-02 20:52:40,636 - FGO - INFO - Epoch  20 | Train Loss: -13.629 | Val Loss: -1.50 | Val F1: 0.81 |
2023-09-02 20:52:41,445 - FGO - INFO - Epoch  30 | Train Loss: -13.988 | Val Loss: -1.18 | Val F1: 0.39 |
2023-09-02 20:52:42,193 - FGO - INFO - Epoch  40 | Train Loss: -13.999 | Val Loss: -1.18 | Val F1: 0.36 |
2023-09-02 20:52:42,881 - FGO - INFO - Best Epoch:   6 | Train Loss: -13.201 | Val Loss: -1.63 | Val F1: 0.99 |
2023-09-02 20:52:42,881 - FGO - INFO - Setting model to best state.
2023-09-02 20:52:42,885 - FGO - INFO - ===== Test Fair OT GCN Model =============================================================
2023-09-02 20:52:42,912 - FGO - INFO - Train CM:
[[385   0]
 [332   0]]
2023-09-02 20:52:42,912 - FGO - INFO - Val CM:
[[49  0]
 [38  0]]
2023-09-02 20:52:42,912 - FGO - INFO - Test CM:
[[49  0]
 [38  0]]
2023-09-02 20:52:42,918 - FGO - INFO - test statistical parity: 0.0
2023-09-02 20:52:42,919 - FGO - INFO - test equal opportunity: 0.0
2023-09-02 20:52:42,920 - FGO - INFO - test micro f1: 0.5632183908045977
2023-09-02 20:52:42,920 - FGO - INFO - test macro f1: 0.3602941176470588
