2023-09-02 20:50:40,116 - FGO - INFO - ===== SETUP LOGGING ======================================================================
2023-09-02 20:50:40,116 - FGO - INFO - THIS_FILE: Wrapper.py
2023-09-02 20:50:40,116 - FGO - INFO - 	done: False
2023-09-02 20:50:40,116 - FGO - INFO - 	learning_rate: 0.005
2023-09-02 20:50:40,116 - FGO - INFO - 	h1: 64
2023-09-02 20:50:40,116 - FGO - INFO - 	h2: 32
2023-09-02 20:50:40,116 - FGO - INFO - 	weight_decay: 0.0005
2023-09-02 20:50:40,116 - FGO - INFO - 	dropout: 0.0
2023-09-02 20:50:40,116 - FGO - INFO - 	max_pretrain_epochs: 100
2023-09-02 20:50:40,116 - FGO - INFO - 	max_ot_epochs: 50
2023-09-02 20:50:40,116 - FGO - INFO - 	lambda: 0.01
2023-09-02 20:50:40,116 - FGO - INFO - 	theta: 50
2023-09-02 20:50:40,116 - FGO - INFO - 	clip: 5
2023-09-02 20:50:40,116 - FGO - INFO - ===== SETUP LOGGING COMPLETE =============================================================
2023-09-02 20:50:40,116 - FGO - INFO - ===== Configuring Masks ==================================================================
2023-09-02 20:50:40,116 - FGO - INFO - Source Total: 725
2023-09-02 20:50:40,116 - FGO - INFO - Target Total: 79
2023-09-02 20:50:40,116 - FGO - INFO - Train Total: 725
2023-09-02 20:50:40,116 - FGO - INFO - Val Total:   79
2023-09-02 20:50:40,116 - FGO - INFO - Test Total:  79
2023-09-02 20:50:40,116 - FGO - INFO - ===== Preparing to load data =============================================================
2023-09-02 20:50:40,116 - FGO - INFO - SOURCE: abide_large
2023-09-02 20:50:40,116 - FGO - INFO - ===== Retrieving SOURCE Data =============================================================
2023-09-02 20:50:40,116 - FGO - INFO - *************** In load_graph_data ***************
2023-09-02 20:50:40,116 - FGO - INFO - 	FILEPATH: ./data/abide_large.mat
2023-09-02 20:50:40,117 - FGO - INFO - 	X shape: (804, 93)
2023-09-02 20:50:40,117 - FGO - INFO - 	A shape: (804, 804)
2023-09-02 20:50:40,117 - FGO - INFO - 	P shape: (804,)
2023-09-02 20:50:40,117 - FGO - INFO - 	Y shape: (804, 2)
2023-09-02 20:50:40,117 - FGO - INFO - 	Y sum: 804 (number of postive labels)
2023-09-02 20:50:40,118 - FGO - INFO - ===== Preparing data =====================================================================
2023-09-02 20:50:40,119 - FGO - INFO - ===== Disconnecting Source and Target ====================================================
2023-09-02 20:50:40,217 - FGO - INFO - ===== Finalize Data ======================================================================
2023-09-02 20:50:40,217 - FGO - INFO - A shape: (804, 804)
2023-09-02 20:50:40,217 - FGO - INFO - X shape: (804, 93)
2023-09-02 20:50:40,217 - FGO - INFO - Y shape: (804, 2)
2023-09-02 20:50:40,217 - FGO - INFO - N: 804
2023-09-02 20:50:40,217 - FGO - INFO - N_s: 725
2023-09-02 20:50:40,217 - FGO - INFO - N_t: 79
2023-09-02 20:50:40,221 - FGO - INFO - ===== Pretrain GCN Model =================================================================
2023-09-02 20:50:40,224 - FGO - INFO - Epoch   0 | Train Loss: 0.690 | Val Loss: 0.67 | Val F1: 0.38 |
2023-09-02 20:50:40,253 - FGO - INFO - Epoch  10 | Train Loss: 0.579 | Val Loss: 0.59 | Val F1: 0.74 |
2023-09-02 20:50:40,279 - FGO - INFO - Epoch  20 | Train Loss: 0.262 | Val Loss: 0.30 | Val F1: 0.91 |
2023-09-02 20:50:40,303 - FGO - INFO - Epoch  30 | Train Loss: 0.128 | Val Loss: 0.18 | Val F1: 0.97 |
2023-09-02 20:50:40,328 - FGO - INFO - Epoch  40 | Train Loss: 0.098 | Val Loss: 0.20 | Val F1: 0.97 |
2023-09-02 20:50:40,352 - FGO - INFO - Epoch  50 | Train Loss: 0.085 | Val Loss: 0.20 | Val F1: 0.97 |
2023-09-02 20:50:40,377 - FGO - INFO - Epoch  60 | Train Loss: 0.076 | Val Loss: 0.19 | Val F1: 0.97 |
2023-09-02 20:50:40,401 - FGO - INFO - Epoch  70 | Train Loss: 0.071 | Val Loss: 0.17 | Val F1: 0.97 |
2023-09-02 20:50:40,426 - FGO - INFO - Epoch  80 | Train Loss: 0.068 | Val Loss: 0.17 | Val F1: 0.97 |
2023-09-02 20:50:40,450 - FGO - INFO - Epoch  90 | Train Loss: 0.066 | Val Loss: 0.15 | Val F1: 0.97 |
2023-09-02 20:50:40,474 - FGO - INFO - Epoch 100 | Train Loss: 0.065 | Val Loss: 0.15 | Val F1: 0.97 |
2023-09-02 20:50:40,474 - FGO - INFO - Best Epoch:  51 | Train Loss: 0.085 | Val Loss: 0.18 | Val F1: 0.99 
2023-09-02 20:50:40,474 - FGO - INFO - Setting model to best state.
2023-09-02 20:50:40,476 - FGO - INFO - ===== Train Fair OT GCN Model ============================================================
2023-09-02 20:50:40,564 - FGO - INFO - Epoch   0 | Train Loss: -3.175 | Val Loss: -0.22 | Val F1: 0.97 |
2023-09-02 20:50:41,486 - FGO - INFO - Epoch  10 | Train Loss: -3.852 | Val Loss: 0.03 | Val F1: 0.83 |
2023-09-02 20:50:42,371 - FGO - INFO - Epoch  20 | Train Loss: -4.084 | Val Loss: -0.26 | Val F1: 0.91 |
2023-09-02 20:50:43,235 - FGO - INFO - Epoch  30 | Train Loss: -4.254 | Val Loss: -0.36 | Val F1: 0.97 |
2023-09-02 20:50:44,049 - FGO - INFO - Epoch  40 | Train Loss: -4.355 | Val Loss: -0.38 | Val F1: 0.97 |
2023-09-02 20:50:44,818 - FGO - INFO - Best Epoch:  31 | Train Loss: -4.267 | Val Loss: -0.35 | Val F1: 0.97 |
2023-09-02 20:50:44,818 - FGO - INFO - Setting model to best state.
2023-09-02 20:50:44,821 - FGO - INFO - ===== Test Fair OT GCN Model =============================================================
2023-09-02 20:50:44,845 - FGO - INFO - Train CM:
[[378   7]
 [ 13 327]]
2023-09-02 20:50:44,846 - FGO - INFO - Val CM:
[[47  2]
 [ 0 30]]
2023-09-02 20:50:44,846 - FGO - INFO - Test CM:
[[47  2]
 [ 0 30]]
2023-09-02 20:50:44,850 - FGO - INFO - test statistical parity: 0.005797101449275366
2023-09-02 20:50:44,852 - FGO - INFO - test equal opportunity: 0.0
2023-09-02 20:50:44,852 - FGO - INFO - test micro f1: 0.9746835443037974
2023-09-02 20:50:44,853 - FGO - INFO - test macro f1: 0.9734543010752688
