2023-09-02 20:49:25,530 - FGO - INFO - ===== SETUP LOGGING ======================================================================
2023-09-02 20:49:25,530 - FGO - INFO - THIS_FILE: Wrapper.py
2023-09-02 20:49:25,530 - FGO - INFO - 	done: False
2023-09-02 20:49:25,530 - FGO - INFO - 	learning_rate: 0.005
2023-09-02 20:49:25,530 - FGO - INFO - 	h1: 64
2023-09-02 20:49:25,530 - FGO - INFO - 	h2: 32
2023-09-02 20:49:25,530 - FGO - INFO - 	weight_decay: 0.0005
2023-09-02 20:49:25,530 - FGO - INFO - 	dropout: 0.0
2023-09-02 20:49:25,531 - FGO - INFO - 	max_pretrain_epochs: 100
2023-09-02 20:49:25,531 - FGO - INFO - 	max_ot_epochs: 50
2023-09-02 20:49:25,531 - FGO - INFO - 	lambda: 0.01
2023-09-02 20:49:25,531 - FGO - INFO - 	theta: 30
2023-09-02 20:49:25,531 - FGO - INFO - 	clip: 5
2023-09-02 20:49:25,531 - FGO - INFO - ===== SETUP LOGGING COMPLETE =============================================================
2023-09-02 20:49:25,531 - FGO - INFO - ===== Configuring Masks ==================================================================
2023-09-02 20:49:25,531 - FGO - INFO - Source Total: 729
2023-09-02 20:49:25,531 - FGO - INFO - Target Total: 75
2023-09-02 20:49:25,531 - FGO - INFO - Train Total: 729
2023-09-02 20:49:25,531 - FGO - INFO - Val Total:   75
2023-09-02 20:49:25,531 - FGO - INFO - Test Total:  75
2023-09-02 20:49:25,531 - FGO - INFO - ===== Preparing to load data =============================================================
2023-09-02 20:49:25,531 - FGO - INFO - SOURCE: abide_large
2023-09-02 20:49:25,531 - FGO - INFO - ===== Retrieving SOURCE Data =============================================================
2023-09-02 20:49:25,531 - FGO - INFO - *************** In load_graph_data ***************
2023-09-02 20:49:25,531 - FGO - INFO - 	FILEPATH: ./data/abide_large.mat
2023-09-02 20:49:25,531 - FGO - INFO - 	X shape: (804, 93)
2023-09-02 20:49:25,531 - FGO - INFO - 	A shape: (804, 804)
2023-09-02 20:49:25,531 - FGO - INFO - 	P shape: (804,)
2023-09-02 20:49:25,531 - FGO - INFO - 	Y shape: (804, 2)
2023-09-02 20:49:25,531 - FGO - INFO - 	Y sum: 804 (number of postive labels)
2023-09-02 20:49:25,532 - FGO - INFO - ===== Preparing data =====================================================================
2023-09-02 20:49:25,534 - FGO - INFO - ===== Disconnecting Source and Target ====================================================
2023-09-02 20:49:25,628 - FGO - INFO - ===== Finalize Data ======================================================================
2023-09-02 20:49:25,628 - FGO - INFO - A shape: (804, 804)
2023-09-02 20:49:25,628 - FGO - INFO - X shape: (804, 93)
2023-09-02 20:49:25,628 - FGO - INFO - Y shape: (804, 2)
2023-09-02 20:49:25,628 - FGO - INFO - N: 804
2023-09-02 20:49:25,628 - FGO - INFO - N_s: 729
2023-09-02 20:49:25,628 - FGO - INFO - N_t: 75
2023-09-02 20:49:25,632 - FGO - INFO - ===== Pretrain GCN Model =================================================================
2023-09-02 20:49:25,635 - FGO - INFO - Epoch   0 | Train Loss: 0.689 | Val Loss: 0.68 | Val F1: 0.37 |
2023-09-02 20:49:25,659 - FGO - INFO - Epoch  10 | Train Loss: 0.580 | Val Loss: 0.56 | Val F1: 0.75 |
2023-09-02 20:49:25,684 - FGO - INFO - Epoch  20 | Train Loss: 0.266 | Val Loss: 0.18 | Val F1: 0.97 |
2023-09-02 20:49:25,709 - FGO - INFO - Epoch  30 | Train Loss: 0.135 | Val Loss: 0.07 | Val F1: 0.99 |
2023-09-02 20:49:25,733 - FGO - INFO - Epoch  40 | Train Loss: 0.098 | Val Loss: 0.04 | Val F1: 0.99 |
2023-09-02 20:49:25,757 - FGO - INFO - Epoch  50 | Train Loss: 0.087 | Val Loss: 0.05 | Val F1: 0.99 |
2023-09-02 20:49:25,782 - FGO - INFO - Epoch  60 | Train Loss: 0.077 | Val Loss: 0.05 | Val F1: 0.99 |
2023-09-02 20:49:25,806 - FGO - INFO - Epoch  70 | Train Loss: 0.071 | Val Loss: 0.04 | Val F1: 0.99 |
2023-09-02 20:49:25,831 - FGO - INFO - Epoch  80 | Train Loss: 0.071 | Val Loss: 0.06 | Val F1: 0.97 |
2023-09-02 20:49:25,855 - FGO - INFO - Epoch  90 | Train Loss: 0.066 | Val Loss: 0.04 | Val F1: 0.99 |
2023-09-02 20:49:25,879 - FGO - INFO - Epoch 100 | Train Loss: 0.064 | Val Loss: 0.05 | Val F1: 0.97 |
2023-09-02 20:49:25,880 - FGO - INFO - Best Epoch:  24 | Train Loss: 0.189 | Val Loss: 0.10 | Val F1: 1.00 
2023-09-02 20:49:25,880 - FGO - INFO - Setting model to best state.
2023-09-02 20:49:25,881 - FGO - INFO - ===== Train Fair OT GCN Model ============================================================
2023-09-02 20:49:25,993 - FGO - INFO - Epoch   0 | Train Loss: -1.621 | Val Loss: -0.15 | Val F1: 0.99 |
2023-09-02 20:49:26,921 - FGO - INFO - Epoch  10 | Train Loss: -2.267 | Val Loss: -0.19 | Val F1: 0.97 |
2023-09-02 20:49:27,684 - FGO - INFO - Epoch  20 | Train Loss: -2.412 | Val Loss: -0.16 | Val F1: 0.97 |
2023-09-02 20:49:28,514 - FGO - INFO - Epoch  30 | Train Loss: -2.511 | Val Loss: -0.19 | Val F1: 0.96 |
2023-09-02 20:49:29,394 - FGO - INFO - Epoch  40 | Train Loss: -2.563 | Val Loss: -0.20 | Val F1: 0.97 |
2023-09-02 20:49:30,159 - FGO - INFO - Best Epoch:  11 | Train Loss: -2.277 | Val Loss: -0.20 | Val F1: 0.99 |
2023-09-02 20:49:30,159 - FGO - INFO - Setting model to best state.
2023-09-02 20:49:30,162 - FGO - INFO - ===== Test Fair OT GCN Model =============================================================
2023-09-02 20:49:30,191 - FGO - INFO - Train CM:
[[389   7]
 [ 12 321]]
2023-09-02 20:49:30,191 - FGO - INFO - Val CM:
[[38  0]
 [ 2 35]]
2023-09-02 20:49:30,191 - FGO - INFO - Test CM:
[[38  0]
 [ 2 35]]
2023-09-02 20:49:30,196 - FGO - INFO - test statistical parity: 0.046838407494145196
2023-09-02 20:49:30,198 - FGO - INFO - test equal opportunity: 0.10952380952380958
2023-09-02 20:49:30,199 - FGO - INFO - test micro f1: 0.9733333333333334
2023-09-02 20:49:30,199 - FGO - INFO - test macro f1: 0.9732905982905983
