2023-09-02 21:00:12,535 - FGO - INFO - ===== SETUP LOGGING ======================================================================
2023-09-02 21:00:12,535 - FGO - INFO - THIS_FILE: Wrapper.py
2023-09-02 21:00:12,535 - FGO - INFO - 	done: False
2023-09-02 21:00:12,535 - FGO - INFO - 	learning_rate: 0.01
2023-09-02 21:00:12,535 - FGO - INFO - 	h1: 64
2023-09-02 21:00:12,535 - FGO - INFO - 	h2: 32
2023-09-02 21:00:12,535 - FGO - INFO - 	weight_decay: 0.0005
2023-09-02 21:00:12,535 - FGO - INFO - 	dropout: 0.0
2023-09-02 21:00:12,535 - FGO - INFO - 	max_pretrain_epochs: 100
2023-09-02 21:00:12,535 - FGO - INFO - 	max_ot_epochs: 50
2023-09-02 21:00:12,535 - FGO - INFO - 	lambda: 0.05
2023-09-02 21:00:12,535 - FGO - INFO - 	theta: 10
2023-09-02 21:00:12,535 - FGO - INFO - 	clip: 5
2023-09-02 21:00:12,535 - FGO - INFO - ===== SETUP LOGGING COMPLETE =============================================================
2023-09-02 21:00:12,535 - FGO - INFO - ===== Configuring Masks ==================================================================
2023-09-02 21:00:12,535 - FGO - INFO - Source Total: 717
2023-09-02 21:00:12,535 - FGO - INFO - Target Total: 87
2023-09-02 21:00:12,535 - FGO - INFO - Train Total: 717
2023-09-02 21:00:12,535 - FGO - INFO - Val Total:   87
2023-09-02 21:00:12,535 - FGO - INFO - Test Total:  87
2023-09-02 21:00:12,535 - FGO - INFO - ===== Preparing to load data =============================================================
2023-09-02 21:00:12,535 - FGO - INFO - SOURCE: abide_large
2023-09-02 21:00:12,535 - FGO - INFO - ===== Retrieving SOURCE Data =============================================================
2023-09-02 21:00:12,535 - FGO - INFO - *************** In load_graph_data ***************
2023-09-02 21:00:12,535 - FGO - INFO - 	FILEPATH: ./data/abide_large.mat
2023-09-02 21:00:12,536 - FGO - INFO - 	X shape: (804, 93)
2023-09-02 21:00:12,536 - FGO - INFO - 	A shape: (804, 804)
2023-09-02 21:00:12,536 - FGO - INFO - 	P shape: (804,)
2023-09-02 21:00:12,536 - FGO - INFO - 	Y shape: (804, 2)
2023-09-02 21:00:12,536 - FGO - INFO - 	Y sum: 804 (number of postive labels)
2023-09-02 21:00:12,537 - FGO - INFO - ===== Preparing data =====================================================================
2023-09-02 21:00:12,538 - FGO - INFO - ===== Disconnecting Source and Target ====================================================
2023-09-02 21:00:12,644 - FGO - INFO - ===== Finalize Data ======================================================================
2023-09-02 21:00:12,644 - FGO - INFO - A shape: (804, 804)
2023-09-02 21:00:12,644 - FGO - INFO - X shape: (804, 93)
2023-09-02 21:00:12,644 - FGO - INFO - Y shape: (804, 2)
2023-09-02 21:00:12,644 - FGO - INFO - N: 804
2023-09-02 21:00:12,644 - FGO - INFO - N_s: 717
2023-09-02 21:00:12,644 - FGO - INFO - N_t: 87
2023-09-02 21:00:12,648 - FGO - INFO - ===== Pretrain GCN Model =================================================================
2023-09-02 21:00:12,651 - FGO - INFO - Epoch   0 | Train Loss: 0.689 | Val Loss: 0.68 | Val F1: 0.35 |
2023-09-02 21:00:12,676 - FGO - INFO - Epoch  10 | Train Loss: 0.469 | Val Loss: 0.49 | Val F1: 0.86 |
2023-09-02 21:00:12,701 - FGO - INFO - Epoch  20 | Train Loss: 0.145 | Val Loss: 0.11 | Val F1: 0.98 |
2023-09-02 21:00:12,725 - FGO - INFO - Epoch  30 | Train Loss: 0.097 | Val Loss: 0.10 | Val F1: 0.97 |
2023-09-02 21:00:12,750 - FGO - INFO - Epoch  40 | Train Loss: 0.081 | Val Loss: 0.16 | Val F1: 0.95 |
2023-09-02 21:00:12,774 - FGO - INFO - Epoch  50 | Train Loss: 0.077 | Val Loss: 0.18 | Val F1: 0.95 |
2023-09-02 21:00:12,799 - FGO - INFO - Epoch  60 | Train Loss: 0.071 | Val Loss: 0.17 | Val F1: 0.95 |
2023-09-02 21:00:12,823 - FGO - INFO - Epoch  70 | Train Loss: 0.068 | Val Loss: 0.16 | Val F1: 0.95 |
2023-09-02 21:00:12,848 - FGO - INFO - Epoch  80 | Train Loss: 0.068 | Val Loss: 0.18 | Val F1: 0.95 |
2023-09-02 21:00:12,872 - FGO - INFO - Epoch  90 | Train Loss: 0.068 | Val Loss: 0.16 | Val F1: 0.95 |
2023-09-02 21:00:12,897 - FGO - INFO - Epoch 100 | Train Loss: 0.077 | Val Loss: 0.21 | Val F1: 0.95 |
2023-09-02 21:00:12,897 - FGO - INFO - Best Epoch:  20 | Train Loss: 0.145 | Val Loss: 0.11 | Val F1: 0.98 
2023-09-02 21:00:12,897 - FGO - INFO - Setting model to best state.
2023-09-02 21:00:12,898 - FGO - INFO - ===== Train Fair OT GCN Model ============================================================
2023-09-02 21:00:12,964 - FGO - INFO - Epoch   0 | Train Loss: -4.269 | Val Loss: -0.37 | Val F1: 0.95 |
2023-09-02 21:00:13,740 - FGO - INFO - Epoch  10 | Train Loss: -4.210 | Val Loss: 0.03 | Val F1: 0.91 |
2023-09-02 21:00:14,534 - FGO - INFO - Epoch  20 | Train Loss: -4.383 | Val Loss: -0.27 | Val F1: 0.92 |
2023-09-02 21:00:15,297 - FGO - INFO - Epoch  30 | Train Loss: -4.481 | Val Loss: -0.28 | Val F1: 0.93 |
2023-09-02 21:00:16,054 - FGO - INFO - Epoch  40 | Train Loss: -4.544 | Val Loss: -0.27 | Val F1: 0.94 |
2023-09-02 21:00:16,759 - FGO - INFO - Best Epoch:  43 | Train Loss: -4.559 | Val Loss: -0.29 | Val F1: 0.95 |
2023-09-02 21:00:16,759 - FGO - INFO - Setting model to best state.
2023-09-02 21:00:16,762 - FGO - INFO - ===== Test Fair OT GCN Model =============================================================
2023-09-02 21:00:16,787 - FGO - INFO - Train CM:
[[379   8]
 [ 13 317]]
2023-09-02 21:00:16,787 - FGO - INFO - Val CM:
[[46  1]
 [ 3 37]]
2023-09-02 21:00:16,788 - FGO - INFO - Test CM:
[[46  1]
 [ 3 37]]
2023-09-02 21:00:16,793 - FGO - INFO - test statistical parity: 0.36333333333333334
2023-09-02 21:00:16,794 - FGO - INFO - test equal opportunity: 0.09677419354838712
2023-09-02 21:00:16,795 - FGO - INFO - test micro f1: 0.9540229885057472
2023-09-02 21:00:16,796 - FGO - INFO - test macro f1: 0.9535256410256411
