2023-09-02 20:57:35,491 - FGO - INFO - ===== SETUP LOGGING ======================================================================
2023-09-02 20:57:35,491 - FGO - INFO - THIS_FILE: Wrapper.py
2023-09-02 20:57:35,491 - FGO - INFO - 	done: False
2023-09-02 20:57:35,491 - FGO - INFO - 	learning_rate: 0.01
2023-09-02 20:57:35,491 - FGO - INFO - 	h1: 64
2023-09-02 20:57:35,491 - FGO - INFO - 	h2: 32
2023-09-02 20:57:35,491 - FGO - INFO - 	weight_decay: 0.0005
2023-09-02 20:57:35,491 - FGO - INFO - 	dropout: 0.0
2023-09-02 20:57:35,491 - FGO - INFO - 	max_pretrain_epochs: 100
2023-09-02 20:57:35,491 - FGO - INFO - 	max_ot_epochs: 50
2023-09-02 20:57:35,491 - FGO - INFO - 	lambda: 0.03
2023-09-02 20:57:35,491 - FGO - INFO - 	theta: 10
2023-09-02 20:57:35,491 - FGO - INFO - 	clip: 5
2023-09-02 20:57:35,491 - FGO - INFO - ===== SETUP LOGGING COMPLETE =============================================================
2023-09-02 20:57:35,491 - FGO - INFO - ===== Configuring Masks ==================================================================
2023-09-02 20:57:35,491 - FGO - INFO - Source Total: 727
2023-09-02 20:57:35,491 - FGO - INFO - Target Total: 77
2023-09-02 20:57:35,491 - FGO - INFO - Train Total: 727
2023-09-02 20:57:35,491 - FGO - INFO - Val Total:   77
2023-09-02 20:57:35,491 - FGO - INFO - Test Total:  77
2023-09-02 20:57:35,491 - FGO - INFO - ===== Preparing to load data =============================================================
2023-09-02 20:57:35,491 - FGO - INFO - SOURCE: abide_large
2023-09-02 20:57:35,491 - FGO - INFO - ===== Retrieving SOURCE Data =============================================================
2023-09-02 20:57:35,491 - FGO - INFO - *************** In load_graph_data ***************
2023-09-02 20:57:35,491 - FGO - INFO - 	FILEPATH: ./data/abide_large.mat
2023-09-02 20:57:35,492 - FGO - INFO - 	X shape: (804, 93)
2023-09-02 20:57:35,492 - FGO - INFO - 	A shape: (804, 804)
2023-09-02 20:57:35,492 - FGO - INFO - 	P shape: (804,)
2023-09-02 20:57:35,492 - FGO - INFO - 	Y shape: (804, 2)
2023-09-02 20:57:35,492 - FGO - INFO - 	Y sum: 804 (number of postive labels)
2023-09-02 20:57:35,493 - FGO - INFO - ===== Preparing data =====================================================================
2023-09-02 20:57:35,494 - FGO - INFO - ===== Disconnecting Source and Target ====================================================
2023-09-02 20:57:35,590 - FGO - INFO - ===== Finalize Data ======================================================================
2023-09-02 20:57:35,590 - FGO - INFO - A shape: (804, 804)
2023-09-02 20:57:35,590 - FGO - INFO - X shape: (804, 93)
2023-09-02 20:57:35,590 - FGO - INFO - Y shape: (804, 2)
2023-09-02 20:57:35,590 - FGO - INFO - N: 804
2023-09-02 20:57:35,590 - FGO - INFO - N_s: 727
2023-09-02 20:57:35,590 - FGO - INFO - N_t: 77
2023-09-02 20:57:35,593 - FGO - INFO - ===== Pretrain GCN Model =================================================================
2023-09-02 20:57:35,597 - FGO - INFO - Epoch   0 | Train Loss: 0.689 | Val Loss: 0.68 | Val F1: 0.36 |
2023-09-02 20:57:35,622 - FGO - INFO - Epoch  10 | Train Loss: 0.472 | Val Loss: 0.55 | Val F1: 0.71 |
2023-09-02 20:57:35,646 - FGO - INFO - Epoch  20 | Train Loss: 0.138 | Val Loss: 0.27 | Val F1: 0.84 |
2023-09-02 20:57:35,671 - FGO - INFO - Epoch  30 | Train Loss: 0.091 | Val Loss: 0.17 | Val F1: 0.93 |
2023-09-02 20:57:35,696 - FGO - INFO - Epoch  40 | Train Loss: 0.080 | Val Loss: 0.16 | Val F1: 0.92 |
2023-09-02 20:57:35,720 - FGO - INFO - Epoch  50 | Train Loss: 0.067 | Val Loss: 0.20 | Val F1: 0.87 |
2023-09-02 20:57:35,745 - FGO - INFO - Epoch  60 | Train Loss: 0.061 | Val Loss: 0.22 | Val F1: 0.89 |
2023-09-02 20:57:35,769 - FGO - INFO - Epoch  70 | Train Loss: 0.061 | Val Loss: 0.16 | Val F1: 0.92 |
2023-09-02 20:57:35,794 - FGO - INFO - Epoch  80 | Train Loss: 0.054 | Val Loss: 0.18 | Val F1: 0.90 |
2023-09-02 20:57:35,819 - FGO - INFO - Epoch  90 | Train Loss: 0.051 | Val Loss: 0.21 | Val F1: 0.92 |
2023-09-02 20:57:35,843 - FGO - INFO - Epoch 100 | Train Loss: 0.055 | Val Loss: 0.29 | Val F1: 0.89 |
2023-09-02 20:57:35,843 - FGO - INFO - Best Epoch:  34 | Train Loss: 0.088 | Val Loss: 0.17 | Val F1: 0.95 
2023-09-02 20:57:35,843 - FGO - INFO - Setting model to best state.
2023-09-02 20:57:35,845 - FGO - INFO - ===== Train Fair OT GCN Model ============================================================
2023-09-02 20:57:35,914 - FGO - INFO - Epoch   0 | Train Loss: -2.313 | Val Loss: -0.05 | Val F1: 0.90 |
2023-09-02 20:57:36,701 - FGO - INFO - Epoch  10 | Train Loss: -2.427 | Val Loss: 0.17 | Val F1: 0.87 |
2023-09-02 20:57:37,561 - FGO - INFO - Epoch  20 | Train Loss: -2.546 | Val Loss: -0.05 | Val F1: 0.89 |
2023-09-02 20:57:38,338 - FGO - INFO - Epoch  30 | Train Loss: -2.634 | Val Loss: -0.05 | Val F1: 0.92 |
2023-09-02 20:57:39,244 - FGO - INFO - Epoch  40 | Train Loss: -2.683 | Val Loss: -0.06 | Val F1: 0.93 |
2023-09-02 20:57:39,954 - FGO - INFO - Best Epoch:  12 | Train Loss: -2.487 | Val Loss: -0.06 | Val F1: 0.93 |
2023-09-02 20:57:39,954 - FGO - INFO - Setting model to best state.
2023-09-02 20:57:39,957 - FGO - INFO - ===== Test Fair OT GCN Model =============================================================
2023-09-02 20:57:39,982 - FGO - INFO - Train CM:
[[381   9]
 [  8 329]]
2023-09-02 20:57:39,982 - FGO - INFO - Val CM:
[[43  1]
 [ 4 29]]
2023-09-02 20:57:39,983 - FGO - INFO - Test CM:
[[43  1]
 [ 4 29]]
2023-09-02 20:57:39,988 - FGO - INFO - test statistical parity: 0.36282051282051286
2023-09-02 20:57:39,989 - FGO - INFO - test equal opportunity: 0.4032258064516129
2023-09-02 20:57:39,990 - FGO - INFO - test micro f1: 0.935064935064935
2023-09-02 20:57:39,990 - FGO - INFO - test macro f1: 0.9328449328449329
