2023-09-02 20:45:50,001 - FGO - INFO - ===== SETUP LOGGING ======================================================================
2023-09-02 20:45:50,001 - FGO - INFO - THIS_FILE: Wrapper.py
2023-09-02 20:45:50,001 - FGO - INFO - 	done: False
2023-09-02 20:45:50,001 - FGO - INFO - 	learning_rate: 0.001
2023-09-02 20:45:50,001 - FGO - INFO - 	h1: 64
2023-09-02 20:45:50,001 - FGO - INFO - 	h2: 32
2023-09-02 20:45:50,001 - FGO - INFO - 	weight_decay: 0.0005
2023-09-02 20:45:50,001 - FGO - INFO - 	dropout: 0.0
2023-09-02 20:45:50,001 - FGO - INFO - 	max_pretrain_epochs: 100
2023-09-02 20:45:50,001 - FGO - INFO - 	max_ot_epochs: 50
2023-09-02 20:45:50,001 - FGO - INFO - 	lambda: 0.03
2023-09-02 20:45:50,001 - FGO - INFO - 	theta: 50
2023-09-02 20:45:50,001 - FGO - INFO - 	clip: 5
2023-09-02 20:45:50,001 - FGO - INFO - ===== SETUP LOGGING COMPLETE =============================================================
2023-09-02 20:45:50,001 - FGO - INFO - ===== Configuring Masks ==================================================================
2023-09-02 20:45:50,001 - FGO - INFO - Source Total: 726
2023-09-02 20:45:50,001 - FGO - INFO - Target Total: 78
2023-09-02 20:45:50,001 - FGO - INFO - Train Total: 726
2023-09-02 20:45:50,001 - FGO - INFO - Val Total:   78
2023-09-02 20:45:50,001 - FGO - INFO - Test Total:  78
2023-09-02 20:45:50,001 - FGO - INFO - ===== Preparing to load data =============================================================
2023-09-02 20:45:50,001 - FGO - INFO - SOURCE: abide_large
2023-09-02 20:45:50,001 - FGO - INFO - ===== Retrieving SOURCE Data =============================================================
2023-09-02 20:45:50,001 - FGO - INFO - *************** In load_graph_data ***************
2023-09-02 20:45:50,001 - FGO - INFO - 	FILEPATH: ./data/abide_large.mat
2023-09-02 20:45:50,002 - FGO - INFO - 	X shape: (804, 93)
2023-09-02 20:45:50,002 - FGO - INFO - 	A shape: (804, 804)
2023-09-02 20:45:50,002 - FGO - INFO - 	P shape: (804,)
2023-09-02 20:45:50,002 - FGO - INFO - 	Y shape: (804, 2)
2023-09-02 20:45:50,002 - FGO - INFO - 	Y sum: 804 (number of postive labels)
2023-09-02 20:45:50,003 - FGO - INFO - ===== Preparing data =====================================================================
2023-09-02 20:45:50,004 - FGO - INFO - ===== Disconnecting Source and Target ====================================================
2023-09-02 20:45:50,102 - FGO - INFO - ===== Finalize Data ======================================================================
2023-09-02 20:45:50,102 - FGO - INFO - A shape: (804, 804)
2023-09-02 20:45:50,102 - FGO - INFO - X shape: (804, 93)
2023-09-02 20:45:50,102 - FGO - INFO - Y shape: (804, 2)
2023-09-02 20:45:50,102 - FGO - INFO - N: 804
2023-09-02 20:45:50,102 - FGO - INFO - N_s: 726
2023-09-02 20:45:50,102 - FGO - INFO - N_t: 78
2023-09-02 20:45:50,105 - FGO - INFO - ===== Pretrain GCN Model =================================================================
2023-09-02 20:45:50,109 - FGO - INFO - Epoch   0 | Train Loss: 0.684 | Val Loss: 0.73 | Val F1: 0.32 |
2023-09-02 20:45:50,133 - FGO - INFO - Epoch  10 | Train Loss: 0.669 | Val Loss: 0.72 | Val F1: 0.34 |
2023-09-02 20:45:50,158 - FGO - INFO - Epoch  20 | Train Loss: 0.644 | Val Loss: 0.69 | Val F1: 0.42 |
2023-09-02 20:45:50,182 - FGO - INFO - Epoch  30 | Train Loss: 0.591 | Val Loss: 0.63 | Val F1: 0.61 |
2023-09-02 20:45:50,207 - FGO - INFO - Epoch  40 | Train Loss: 0.505 | Val Loss: 0.53 | Val F1: 0.83 |
2023-09-02 20:45:50,231 - FGO - INFO - Epoch  50 | Train Loss: 0.397 | Val Loss: 0.41 | Val F1: 0.85 |
2023-09-02 20:45:50,256 - FGO - INFO - Epoch  60 | Train Loss: 0.294 | Val Loss: 0.33 | Val F1: 0.87 |
2023-09-02 20:45:50,280 - FGO - INFO - Epoch  70 | Train Loss: 0.220 | Val Loss: 0.27 | Val F1: 0.88 |
2023-09-02 20:45:50,304 - FGO - INFO - Epoch  80 | Train Loss: 0.175 | Val Loss: 0.25 | Val F1: 0.88 |
2023-09-02 20:45:50,329 - FGO - INFO - Epoch  90 | Train Loss: 0.148 | Val Loss: 0.24 | Val F1: 0.90 |
2023-09-02 20:45:50,353 - FGO - INFO - Epoch 100 | Train Loss: 0.130 | Val Loss: 0.21 | Val F1: 0.91 |
2023-09-02 20:45:50,353 - FGO - INFO - Best Epoch:  72 | Train Loss: 0.209 | Val Loss: 0.26 | Val F1: 0.91 
2023-09-02 20:45:50,353 - FGO - INFO - Setting model to best state.
2023-09-02 20:45:50,354 - FGO - INFO - ===== Train Fair OT GCN Model ============================================================
2023-09-02 20:45:50,419 - FGO - INFO - Epoch   0 | Train Loss: -12.718 | Val Loss: -1.15 | Val F1: 0.91 |
2023-09-02 20:45:51,294 - FGO - INFO - Epoch  10 | Train Loss: -13.192 | Val Loss: -1.12 | Val F1: 0.88 |
2023-09-02 20:45:52,107 - FGO - INFO - Epoch  20 | Train Loss: -13.537 | Val Loss: -1.10 | Val F1: 0.86 |
2023-09-02 20:45:52,900 - FGO - INFO - Epoch  30 | Train Loss: -13.708 | Val Loss: -1.10 | Val F1: 0.82 |
2023-09-02 20:45:53,707 - FGO - INFO - Epoch  40 | Train Loss: -13.779 | Val Loss: -1.11 | Val F1: 0.86 |
2023-09-02 20:45:54,483 - FGO - INFO - Best Epoch:   9 | Train Loss: -13.154 | Val Loss: -1.11 | Val F1: 0.88 |
2023-09-02 20:45:54,483 - FGO - INFO - Setting model to best state.
2023-09-02 20:45:54,486 - FGO - INFO - ===== Test Fair OT GCN Model =============================================================
2023-09-02 20:45:54,514 - FGO - INFO - Train CM:
[[399   1]
 [133 193]]
2023-09-02 20:45:54,514 - FGO - INFO - Val CM:
[[34  0]
 [11 33]]
2023-09-02 20:45:54,514 - FGO - INFO - Test CM:
[[34  0]
 [11 33]]
2023-09-02 20:45:54,520 - FGO - INFO - test statistical parity: 0.024154589371980673
2023-09-02 20:45:54,521 - FGO - INFO - test equal opportunity: 0.05641025641025643
2023-09-02 20:45:54,522 - FGO - INFO - test micro f1: 0.8589743589743589
2023-09-02 20:45:54,523 - FGO - INFO - test macro f1: 0.8589511754068716
