2023-09-02 20:42:34,634 - FGO - INFO - ===== SETUP LOGGING ======================================================================
2023-09-02 20:42:34,634 - FGO - INFO - THIS_FILE: Wrapper.py
2023-09-02 20:42:34,634 - FGO - INFO - 	done: False
2023-09-02 20:42:34,634 - FGO - INFO - 	learning_rate: 0.001
2023-09-02 20:42:34,634 - FGO - INFO - 	h1: 64
2023-09-02 20:42:34,634 - FGO - INFO - 	h2: 32
2023-09-02 20:42:34,634 - FGO - INFO - 	weight_decay: 0.0005
2023-09-02 20:42:34,634 - FGO - INFO - 	dropout: 0.0
2023-09-02 20:42:34,634 - FGO - INFO - 	max_pretrain_epochs: 100
2023-09-02 20:42:34,634 - FGO - INFO - 	max_ot_epochs: 50
2023-09-02 20:42:34,634 - FGO - INFO - 	lambda: 0.01
2023-09-02 20:42:34,634 - FGO - INFO - 	theta: 30
2023-09-02 20:42:34,634 - FGO - INFO - 	clip: 5
2023-09-02 20:42:34,634 - FGO - INFO - ===== SETUP LOGGING COMPLETE =============================================================
2023-09-02 20:42:34,634 - FGO - INFO - ===== Configuring Masks ==================================================================
2023-09-02 20:42:34,634 - FGO - INFO - Source Total: 727
2023-09-02 20:42:34,634 - FGO - INFO - Target Total: 77
2023-09-02 20:42:34,634 - FGO - INFO - Train Total: 727
2023-09-02 20:42:34,634 - FGO - INFO - Val Total:   77
2023-09-02 20:42:34,634 - FGO - INFO - Test Total:  77
2023-09-02 20:42:34,634 - FGO - INFO - ===== Preparing to load data =============================================================
2023-09-02 20:42:34,634 - FGO - INFO - SOURCE: abide_large
2023-09-02 20:42:34,634 - FGO - INFO - ===== Retrieving SOURCE Data =============================================================
2023-09-02 20:42:34,634 - FGO - INFO - *************** In load_graph_data ***************
2023-09-02 20:42:34,634 - FGO - INFO - 	FILEPATH: ./data/abide_large.mat
2023-09-02 20:42:34,635 - FGO - INFO - 	X shape: (804, 93)
2023-09-02 20:42:34,635 - FGO - INFO - 	A shape: (804, 804)
2023-09-02 20:42:34,635 - FGO - INFO - 	P shape: (804,)
2023-09-02 20:42:34,635 - FGO - INFO - 	Y shape: (804, 2)
2023-09-02 20:42:34,635 - FGO - INFO - 	Y sum: 804 (number of postive labels)
2023-09-02 20:42:34,636 - FGO - INFO - ===== Preparing data =====================================================================
2023-09-02 20:42:34,637 - FGO - INFO - ===== Disconnecting Source and Target ====================================================
2023-09-02 20:42:34,732 - FGO - INFO - ===== Finalize Data ======================================================================
2023-09-02 20:42:34,732 - FGO - INFO - A shape: (804, 804)
2023-09-02 20:42:34,733 - FGO - INFO - X shape: (804, 93)
2023-09-02 20:42:34,733 - FGO - INFO - Y shape: (804, 2)
2023-09-02 20:42:34,733 - FGO - INFO - N: 804
2023-09-02 20:42:34,733 - FGO - INFO - N_s: 727
2023-09-02 20:42:34,733 - FGO - INFO - N_t: 77
2023-09-02 20:42:34,736 - FGO - INFO - ===== Pretrain GCN Model =================================================================
2023-09-02 20:42:34,739 - FGO - INFO - Epoch   0 | Train Loss: 0.689 | Val Loss: 0.68 | Val F1: 0.36 |
2023-09-02 20:42:34,764 - FGO - INFO - Epoch  10 | Train Loss: 0.673 | Val Loss: 0.68 | Val F1: 0.51 |
2023-09-02 20:42:34,789 - FGO - INFO - Epoch  20 | Train Loss: 0.647 | Val Loss: 0.66 | Val F1: 0.55 |
2023-09-02 20:42:34,814 - FGO - INFO - Epoch  30 | Train Loss: 0.593 | Val Loss: 0.63 | Val F1: 0.61 |
2023-09-02 20:42:34,839 - FGO - INFO - Epoch  40 | Train Loss: 0.505 | Val Loss: 0.55 | Val F1: 0.73 |
2023-09-02 20:42:34,863 - FGO - INFO - Epoch  50 | Train Loss: 0.396 | Val Loss: 0.47 | Val F1: 0.73 |
2023-09-02 20:42:34,888 - FGO - INFO - Epoch  60 | Train Loss: 0.294 | Val Loss: 0.40 | Val F1: 0.81 |
2023-09-02 20:42:34,913 - FGO - INFO - Epoch  70 | Train Loss: 0.219 | Val Loss: 0.34 | Val F1: 0.80 |
2023-09-02 20:42:34,937 - FGO - INFO - Epoch  80 | Train Loss: 0.172 | Val Loss: 0.29 | Val F1: 0.84 |
2023-09-02 20:42:34,962 - FGO - INFO - Epoch  90 | Train Loss: 0.142 | Val Loss: 0.26 | Val F1: 0.87 |
2023-09-02 20:42:34,987 - FGO - INFO - Epoch 100 | Train Loss: 0.122 | Val Loss: 0.25 | Val F1: 0.87 |
2023-09-02 20:42:34,987 - FGO - INFO - Best Epoch:  88 | Train Loss: 0.147 | Val Loss: 0.27 | Val F1: 0.87 
2023-09-02 20:42:34,987 - FGO - INFO - Setting model to best state.
2023-09-02 20:42:34,988 - FGO - INFO - ===== Train Fair OT GCN Model ============================================================
2023-09-02 20:42:35,059 - FGO - INFO - Epoch   0 | Train Loss: -1.835 | Val Loss: 0.04 | Val F1: 0.87 |
2023-09-02 20:42:36,039 - FGO - INFO - Epoch  10 | Train Loss: -2.062 | Val Loss: -0.00 | Val F1: 0.91 |
2023-09-02 20:42:36,905 - FGO - INFO - Epoch  20 | Train Loss: -2.222 | Val Loss: -0.01 | Val F1: 0.89 |
2023-09-02 20:42:37,656 - FGO - INFO - Epoch  30 | Train Loss: -2.333 | Val Loss: 0.00 | Val F1: 0.89 |
2023-09-02 20:42:38,449 - FGO - INFO - Epoch  40 | Train Loss: -2.386 | Val Loss: 0.01 | Val F1: 0.89 |
2023-09-02 20:42:39,206 - FGO - INFO - Best Epoch:   6 | Train Loss: -2.003 | Val Loss: 0.00 | Val F1: 0.92 |
2023-09-02 20:42:39,206 - FGO - INFO - Setting model to best state.
2023-09-02 20:42:39,209 - FGO - INFO - ===== Test Fair OT GCN Model =============================================================
2023-09-02 20:42:39,234 - FGO - INFO - Train CM:
[[372  18]
 [ 21 316]]
2023-09-02 20:42:39,234 - FGO - INFO - Val CM:
[[40  4]
 [ 4 29]]
2023-09-02 20:42:39,235 - FGO - INFO - Test CM:
[[40  4]
 [ 4 29]]
2023-09-02 20:42:39,239 - FGO - INFO - test statistical parity: 0.31025641025641026
2023-09-02 20:42:39,240 - FGO - INFO - test equal opportunity: 0.4032258064516129
2023-09-02 20:42:39,241 - FGO - INFO - test micro f1: 0.8961038961038962
2023-09-02 20:42:39,242 - FGO - INFO - test macro f1: 0.8939393939393939
