2023-09-02 20:43:43,351 - FGO - INFO - ===== SETUP LOGGING ======================================================================
2023-09-02 20:43:43,351 - FGO - INFO - THIS_FILE: Wrapper.py
2023-09-02 20:43:43,351 - FGO - INFO - 	done: False
2023-09-02 20:43:43,351 - FGO - INFO - 	learning_rate: 0.001
2023-09-02 20:43:43,351 - FGO - INFO - 	h1: 64
2023-09-02 20:43:43,351 - FGO - INFO - 	h2: 32
2023-09-02 20:43:43,351 - FGO - INFO - 	weight_decay: 0.0005
2023-09-02 20:43:43,351 - FGO - INFO - 	dropout: 0.0
2023-09-02 20:43:43,351 - FGO - INFO - 	max_pretrain_epochs: 100
2023-09-02 20:43:43,351 - FGO - INFO - 	max_ot_epochs: 50
2023-09-02 20:43:43,351 - FGO - INFO - 	lambda: 0.01
2023-09-02 20:43:43,351 - FGO - INFO - 	theta: 50
2023-09-02 20:43:43,351 - FGO - INFO - 	clip: 5
2023-09-02 20:43:43,351 - FGO - INFO - ===== SETUP LOGGING COMPLETE =============================================================
2023-09-02 20:43:43,351 - FGO - INFO - ===== Configuring Masks ==================================================================
2023-09-02 20:43:43,351 - FGO - INFO - Source Total: 717
2023-09-02 20:43:43,351 - FGO - INFO - Target Total: 87
2023-09-02 20:43:43,351 - FGO - INFO - Train Total: 717
2023-09-02 20:43:43,351 - FGO - INFO - Val Total:   87
2023-09-02 20:43:43,351 - FGO - INFO - Test Total:  87
2023-09-02 20:43:43,351 - FGO - INFO - ===== Preparing to load data =============================================================
2023-09-02 20:43:43,351 - FGO - INFO - SOURCE: abide_large
2023-09-02 20:43:43,351 - FGO - INFO - ===== Retrieving SOURCE Data =============================================================
2023-09-02 20:43:43,351 - FGO - INFO - *************** In load_graph_data ***************
2023-09-02 20:43:43,351 - FGO - INFO - 	FILEPATH: ./data/abide_large.mat
2023-09-02 20:43:43,352 - FGO - INFO - 	X shape: (804, 93)
2023-09-02 20:43:43,352 - FGO - INFO - 	A shape: (804, 804)
2023-09-02 20:43:43,352 - FGO - INFO - 	P shape: (804,)
2023-09-02 20:43:43,352 - FGO - INFO - 	Y shape: (804, 2)
2023-09-02 20:43:43,352 - FGO - INFO - 	Y sum: 804 (number of postive labels)
2023-09-02 20:43:43,353 - FGO - INFO - ===== Preparing data =====================================================================
2023-09-02 20:43:43,354 - FGO - INFO - ===== Disconnecting Source and Target ====================================================
2023-09-02 20:43:43,460 - FGO - INFO - ===== Finalize Data ======================================================================
2023-09-02 20:43:43,460 - FGO - INFO - A shape: (804, 804)
2023-09-02 20:43:43,460 - FGO - INFO - X shape: (804, 93)
2023-09-02 20:43:43,460 - FGO - INFO - Y shape: (804, 2)
2023-09-02 20:43:43,460 - FGO - INFO - N: 804
2023-09-02 20:43:43,460 - FGO - INFO - N_s: 717
2023-09-02 20:43:43,460 - FGO - INFO - N_t: 87
2023-09-02 20:43:43,463 - FGO - INFO - ===== Pretrain GCN Model =================================================================
2023-09-02 20:43:43,467 - FGO - INFO - Epoch   0 | Train Loss: 0.690 | Val Loss: 0.68 | Val F1: 0.36 |
2023-09-02 20:43:43,491 - FGO - INFO - Epoch  10 | Train Loss: 0.675 | Val Loss: 0.67 | Val F1: 0.47 |
2023-09-02 20:43:43,516 - FGO - INFO - Epoch  20 | Train Loss: 0.650 | Val Loss: 0.64 | Val F1: 0.63 |
2023-09-02 20:43:43,540 - FGO - INFO - Epoch  30 | Train Loss: 0.595 | Val Loss: 0.59 | Val F1: 0.78 |
2023-09-02 20:43:43,565 - FGO - INFO - Epoch  40 | Train Loss: 0.509 | Val Loss: 0.50 | Val F1: 0.84 |
2023-09-02 20:43:43,589 - FGO - INFO - Epoch  50 | Train Loss: 0.402 | Val Loss: 0.40 | Val F1: 0.86 |
2023-09-02 20:43:43,613 - FGO - INFO - Epoch  60 | Train Loss: 0.301 | Val Loss: 0.31 | Val F1: 0.92 |
2023-09-02 20:43:43,638 - FGO - INFO - Epoch  70 | Train Loss: 0.228 | Val Loss: 0.23 | Val F1: 0.92 |
2023-09-02 20:43:43,662 - FGO - INFO - Epoch  80 | Train Loss: 0.183 | Val Loss: 0.19 | Val F1: 0.93 |
2023-09-02 20:43:43,686 - FGO - INFO - Epoch  90 | Train Loss: 0.154 | Val Loss: 0.16 | Val F1: 0.95 |
2023-09-02 20:43:43,711 - FGO - INFO - Epoch 100 | Train Loss: 0.134 | Val Loss: 0.14 | Val F1: 0.95 |
2023-09-02 20:43:43,711 - FGO - INFO - Best Epoch:  98 | Train Loss: 0.137 | Val Loss: 0.15 | Val F1: 0.95 
2023-09-02 20:43:43,711 - FGO - INFO - Setting model to best state.
2023-09-02 20:43:43,712 - FGO - INFO - ===== Train Fair OT GCN Model ============================================================
2023-09-02 20:43:43,782 - FGO - INFO - Epoch   0 | Train Loss: -3.421 | Val Loss: -0.31 | Val F1: 0.95 |
2023-09-02 20:43:44,636 - FGO - INFO - Epoch  10 | Train Loss: -3.777 | Val Loss: -0.36 | Val F1: 0.95 |
2023-09-02 20:43:45,533 - FGO - INFO - Epoch  20 | Train Loss: -4.033 | Val Loss: -0.38 | Val F1: 0.94 |
2023-09-02 20:43:46,344 - FGO - INFO - Epoch  30 | Train Loss: -4.132 | Val Loss: -0.39 | Val F1: 0.94 |
2023-09-02 20:43:47,202 - FGO - INFO - Epoch  40 | Train Loss: -4.189 | Val Loss: -0.41 | Val F1: 0.95 |
2023-09-02 20:43:47,943 - FGO - INFO - Best Epoch:   6 | Train Loss: -3.641 | Val Loss: -0.34 | Val F1: 0.95 |
2023-09-02 20:43:47,943 - FGO - INFO - Setting model to best state.
2023-09-02 20:43:47,946 - FGO - INFO - ===== Test Fair OT GCN Model =============================================================
2023-09-02 20:43:47,972 - FGO - INFO - Train CM:
[[381   4]
 [ 35 297]]
2023-09-02 20:43:47,972 - FGO - INFO - Val CM:
[[47  2]
 [ 2 36]]
2023-09-02 20:43:47,972 - FGO - INFO - Test CM:
[[47  2]
 [ 2 36]]
2023-09-02 20:43:47,977 - FGO - INFO - test statistical parity: 0.06962025316455694
2023-09-02 20:43:47,979 - FGO - INFO - test equal opportunity: 0.05882352941176472
2023-09-02 20:43:47,980 - FGO - INFO - test micro f1: 0.9540229885057472
2023-09-02 20:43:47,980 - FGO - INFO - test macro f1: 0.9532760472610096
