2023-09-02 20:48:46,831 - FGO - INFO - ===== SETUP LOGGING ======================================================================
2023-09-02 20:48:46,831 - FGO - INFO - THIS_FILE: Wrapper.py
2023-09-02 20:48:46,831 - FGO - INFO - 	done: False
2023-09-02 20:48:46,831 - FGO - INFO - 	learning_rate: 0.005
2023-09-02 20:48:46,831 - FGO - INFO - 	h1: 64
2023-09-02 20:48:46,831 - FGO - INFO - 	h2: 32
2023-09-02 20:48:46,831 - FGO - INFO - 	weight_decay: 0.0005
2023-09-02 20:48:46,831 - FGO - INFO - 	dropout: 0.0
2023-09-02 20:48:46,831 - FGO - INFO - 	max_pretrain_epochs: 100
2023-09-02 20:48:46,831 - FGO - INFO - 	max_ot_epochs: 50
2023-09-02 20:48:46,831 - FGO - INFO - 	lambda: 0.01
2023-09-02 20:48:46,831 - FGO - INFO - 	theta: 10
2023-09-02 20:48:46,831 - FGO - INFO - 	clip: 5
2023-09-02 20:48:46,831 - FGO - INFO - ===== SETUP LOGGING COMPLETE =============================================================
2023-09-02 20:48:46,831 - FGO - INFO - ===== Configuring Masks ==================================================================
2023-09-02 20:48:46,831 - FGO - INFO - Source Total: 726
2023-09-02 20:48:46,831 - FGO - INFO - Target Total: 78
2023-09-02 20:48:46,832 - FGO - INFO - Train Total: 726
2023-09-02 20:48:46,832 - FGO - INFO - Val Total:   78
2023-09-02 20:48:46,832 - FGO - INFO - Test Total:  78
2023-09-02 20:48:46,832 - FGO - INFO - ===== Preparing to load data =============================================================
2023-09-02 20:48:46,832 - FGO - INFO - SOURCE: abide_large
2023-09-02 20:48:46,832 - FGO - INFO - ===== Retrieving SOURCE Data =============================================================
2023-09-02 20:48:46,832 - FGO - INFO - *************** In load_graph_data ***************
2023-09-02 20:48:46,832 - FGO - INFO - 	FILEPATH: ./data/abide_large.mat
2023-09-02 20:48:46,832 - FGO - INFO - 	X shape: (804, 93)
2023-09-02 20:48:46,832 - FGO - INFO - 	A shape: (804, 804)
2023-09-02 20:48:46,832 - FGO - INFO - 	P shape: (804,)
2023-09-02 20:48:46,832 - FGO - INFO - 	Y shape: (804, 2)
2023-09-02 20:48:46,832 - FGO - INFO - 	Y sum: 804 (number of postive labels)
2023-09-02 20:48:46,833 - FGO - INFO - ===== Preparing data =====================================================================
2023-09-02 20:48:46,834 - FGO - INFO - ===== Disconnecting Source and Target ====================================================
2023-09-02 20:48:46,932 - FGO - INFO - ===== Finalize Data ======================================================================
2023-09-02 20:48:46,932 - FGO - INFO - A shape: (804, 804)
2023-09-02 20:48:46,932 - FGO - INFO - X shape: (804, 93)
2023-09-02 20:48:46,932 - FGO - INFO - Y shape: (804, 2)
2023-09-02 20:48:46,932 - FGO - INFO - N: 804
2023-09-02 20:48:46,932 - FGO - INFO - N_s: 726
2023-09-02 20:48:46,932 - FGO - INFO - N_t: 78
2023-09-02 20:48:46,936 - FGO - INFO - ===== Pretrain GCN Model =================================================================
2023-09-02 20:48:46,939 - FGO - INFO - Epoch   0 | Train Loss: 0.684 | Val Loss: 0.73 | Val F1: 0.32 |
2023-09-02 20:48:46,964 - FGO - INFO - Epoch  10 | Train Loss: 0.582 | Val Loss: 0.61 | Val F1: 0.72 |
2023-09-02 20:48:46,988 - FGO - INFO - Epoch  20 | Train Loss: 0.268 | Val Loss: 0.31 | Val F1: 0.87 |
2023-09-02 20:48:47,013 - FGO - INFO - Epoch  30 | Train Loss: 0.130 | Val Loss: 0.25 | Val F1: 0.92 |
2023-09-02 20:48:47,037 - FGO - INFO - Epoch  40 | Train Loss: 0.100 | Val Loss: 0.22 | Val F1: 0.92 |
2023-09-02 20:48:47,062 - FGO - INFO - Epoch  50 | Train Loss: 0.087 | Val Loss: 0.12 | Val F1: 0.95 |
2023-09-02 20:48:47,086 - FGO - INFO - Epoch  60 | Train Loss: 0.078 | Val Loss: 0.11 | Val F1: 0.95 |
2023-09-02 20:48:47,110 - FGO - INFO - Epoch  70 | Train Loss: 0.072 | Val Loss: 0.10 | Val F1: 0.95 |
2023-09-02 20:48:47,135 - FGO - INFO - Epoch  80 | Train Loss: 0.067 | Val Loss: 0.08 | Val F1: 0.96 |
2023-09-02 20:48:47,159 - FGO - INFO - Epoch  90 | Train Loss: 0.065 | Val Loss: 0.07 | Val F1: 0.96 |
2023-09-02 20:48:47,183 - FGO - INFO - Epoch 100 | Train Loss: 0.062 | Val Loss: 0.07 | Val F1: 0.96 |
2023-09-02 20:48:47,184 - FGO - INFO - Best Epoch:  77 | Train Loss: 0.070 | Val Loss: 0.10 | Val F1: 0.96 
2023-09-02 20:48:47,184 - FGO - INFO - Setting model to best state.
2023-09-02 20:48:47,185 - FGO - INFO - ===== Train Fair OT GCN Model ============================================================
2023-09-02 20:48:47,290 - FGO - INFO - Epoch   0 | Train Loss: -0.278 | Val Loss: 0.01 | Val F1: 0.96 |
2023-09-02 20:48:48,230 - FGO - INFO - Epoch  10 | Train Loss: -0.598 | Val Loss: 0.33 | Val F1: 0.90 |
2023-09-02 20:48:49,120 - FGO - INFO - Epoch  20 | Train Loss: -0.700 | Val Loss: 0.09 | Val F1: 0.94 |
2023-09-02 20:48:49,921 - FGO - INFO - Epoch  30 | Train Loss: -0.742 | Val Loss: 0.08 | Val F1: 0.94 |
2023-09-02 20:48:50,765 - FGO - INFO - Epoch  40 | Train Loss: -0.766 | Val Loss: 0.11 | Val F1: 0.92 |
2023-09-02 20:48:51,537 - FGO - INFO - Best Epoch:   7 | Train Loss: -0.617 | Val Loss: 0.12 | Val F1: 0.94 |
2023-09-02 20:48:51,537 - FGO - INFO - Setting model to best state.
2023-09-02 20:48:51,541 - FGO - INFO - ===== Test Fair OT GCN Model =============================================================
2023-09-02 20:48:51,568 - FGO - INFO - Train CM:
[[394   6]
 [ 12 314]]
2023-09-02 20:48:51,568 - FGO - INFO - Val CM:
[[34  0]
 [ 5 39]]
2023-09-02 20:48:51,568 - FGO - INFO - Test CM:
[[34  0]
 [ 5 39]]
2023-09-02 20:48:51,573 - FGO - INFO - test statistical parity: 0.06280193236714976
2023-09-02 20:48:51,575 - FGO - INFO - test equal opportunity: 0.1282051282051282
2023-09-02 20:48:51,576 - FGO - INFO - test micro f1: 0.9358974358974359
2023-09-02 20:48:51,576 - FGO - INFO - test macro f1: 0.9356329427298234
