2023-09-02 20:54:14,128 - FGO - INFO - ===== SETUP LOGGING ======================================================================
2023-09-02 20:54:14,128 - FGO - INFO - THIS_FILE: Wrapper.py
2023-09-02 20:54:14,129 - FGO - INFO - 	done: False
2023-09-02 20:54:14,129 - FGO - INFO - 	learning_rate: 0.005
2023-09-02 20:54:14,129 - FGO - INFO - 	h1: 64
2023-09-02 20:54:14,129 - FGO - INFO - 	h2: 32
2023-09-02 20:54:14,129 - FGO - INFO - 	weight_decay: 0.0005
2023-09-02 20:54:14,129 - FGO - INFO - 	dropout: 0.0
2023-09-02 20:54:14,129 - FGO - INFO - 	max_pretrain_epochs: 100
2023-09-02 20:54:14,129 - FGO - INFO - 	max_ot_epochs: 50
2023-09-02 20:54:14,129 - FGO - INFO - 	lambda: 0.05
2023-09-02 20:54:14,129 - FGO - INFO - 	theta: 30
2023-09-02 20:54:14,129 - FGO - INFO - 	clip: 5
2023-09-02 20:54:14,129 - FGO - INFO - ===== SETUP LOGGING COMPLETE =============================================================
2023-09-02 20:54:14,129 - FGO - INFO - ===== Configuring Masks ==================================================================
2023-09-02 20:54:14,129 - FGO - INFO - Source Total: 734
2023-09-02 20:54:14,129 - FGO - INFO - Target Total: 70
2023-09-02 20:54:14,129 - FGO - INFO - Train Total: 734
2023-09-02 20:54:14,129 - FGO - INFO - Val Total:   70
2023-09-02 20:54:14,129 - FGO - INFO - Test Total:  70
2023-09-02 20:54:14,129 - FGO - INFO - ===== Preparing to load data =============================================================
2023-09-02 20:54:14,129 - FGO - INFO - SOURCE: abide_large
2023-09-02 20:54:14,129 - FGO - INFO - ===== Retrieving SOURCE Data =============================================================
2023-09-02 20:54:14,129 - FGO - INFO - *************** In load_graph_data ***************
2023-09-02 20:54:14,129 - FGO - INFO - 	FILEPATH: ./data/abide_large.mat
2023-09-02 20:54:14,129 - FGO - INFO - 	X shape: (804, 93)
2023-09-02 20:54:14,129 - FGO - INFO - 	A shape: (804, 804)
2023-09-02 20:54:14,129 - FGO - INFO - 	P shape: (804,)
2023-09-02 20:54:14,129 - FGO - INFO - 	Y shape: (804, 2)
2023-09-02 20:54:14,130 - FGO - INFO - 	Y sum: 804 (number of postive labels)
2023-09-02 20:54:14,130 - FGO - INFO - ===== Preparing data =====================================================================
2023-09-02 20:54:14,132 - FGO - INFO - ===== Disconnecting Source and Target ====================================================
2023-09-02 20:54:14,220 - FGO - INFO - ===== Finalize Data ======================================================================
2023-09-02 20:54:14,220 - FGO - INFO - A shape: (804, 804)
2023-09-02 20:54:14,220 - FGO - INFO - X shape: (804, 93)
2023-09-02 20:54:14,220 - FGO - INFO - Y shape: (804, 2)
2023-09-02 20:54:14,220 - FGO - INFO - N: 804
2023-09-02 20:54:14,220 - FGO - INFO - N_s: 734
2023-09-02 20:54:14,220 - FGO - INFO - N_t: 70
2023-09-02 20:54:14,224 - FGO - INFO - ===== Pretrain GCN Model =================================================================
2023-09-02 20:54:14,227 - FGO - INFO - Epoch   0 | Train Loss: 0.688 | Val Loss: 0.70 | Val F1: 0.32 |
2023-09-02 20:54:14,252 - FGO - INFO - Epoch  10 | Train Loss: 0.564 | Val Loss: 0.59 | Val F1: 0.75 |
2023-09-02 20:54:14,277 - FGO - INFO - Epoch  20 | Train Loss: 0.257 | Val Loss: 0.29 | Val F1: 0.89 |
2023-09-02 20:54:14,302 - FGO - INFO - Epoch  30 | Train Loss: 0.132 | Val Loss: 0.15 | Val F1: 0.94 |
2023-09-02 20:54:14,327 - FGO - INFO - Epoch  40 | Train Loss: 0.097 | Val Loss: 0.13 | Val F1: 0.94 |
2023-09-02 20:54:14,352 - FGO - INFO - Epoch  50 | Train Loss: 0.088 | Val Loss: 0.12 | Val F1: 0.94 |
2023-09-02 20:54:14,376 - FGO - INFO - Epoch  60 | Train Loss: 0.077 | Val Loss: 0.12 | Val F1: 0.94 |
2023-09-02 20:54:14,401 - FGO - INFO - Epoch  70 | Train Loss: 0.073 | Val Loss: 0.12 | Val F1: 0.94 |
2023-09-02 20:54:14,425 - FGO - INFO - Epoch  80 | Train Loss: 0.068 | Val Loss: 0.14 | Val F1: 0.94 |
2023-09-02 20:54:14,450 - FGO - INFO - Epoch  90 | Train Loss: 0.065 | Val Loss: 0.16 | Val F1: 0.93 |
2023-09-02 20:54:14,475 - FGO - INFO - Epoch 100 | Train Loss: 0.063 | Val Loss: 0.16 | Val F1: 0.94 |
2023-09-02 20:54:14,475 - FGO - INFO - Best Epoch:  36 | Train Loss: 0.108 | Val Loss: 0.14 | Val F1: 0.96 
2023-09-02 20:54:14,475 - FGO - INFO - Setting model to best state.
2023-09-02 20:54:14,476 - FGO - INFO - ===== Train Fair OT GCN Model ============================================================
2023-09-02 20:54:14,542 - FGO - INFO - Epoch   0 | Train Loss: -12.955 | Val Loss: -1.07 | Val F1: 0.94 |
2023-09-02 20:54:15,350 - FGO - INFO - Epoch  10 | Train Loss: -13.776 | Val Loss: -1.01 | Val F1: 0.91 |
2023-09-02 20:54:16,170 - FGO - INFO - Epoch  20 | Train Loss: -13.916 | Val Loss: -1.07 | Val F1: 0.93 |
2023-09-02 20:54:16,908 - FGO - INFO - Epoch  30 | Train Loss: -14.017 | Val Loss: -1.10 | Val F1: 0.93 |
2023-09-02 20:54:17,741 - FGO - INFO - Epoch  40 | Train Loss: -14.083 | Val Loss: -1.09 | Val F1: 0.94 |
2023-09-02 20:54:18,489 - FGO - INFO - Best Epoch:  12 | Train Loss: -13.830 | Val Loss: -1.11 | Val F1: 0.96 |
2023-09-02 20:54:18,489 - FGO - INFO - Setting model to best state.
2023-09-02 20:54:18,493 - FGO - INFO - ===== Test Fair OT GCN Model =============================================================
2023-09-02 20:54:18,536 - FGO - INFO - Train CM:
[[399   1]
 [ 27 307]]
2023-09-02 20:54:18,537 - FGO - INFO - Val CM:
[[34  0]
 [ 4 32]]
2023-09-02 20:54:18,537 - FGO - INFO - Test CM:
[[34  0]
 [ 4 32]]
2023-09-02 20:54:18,541 - FGO - INFO - test statistical parity: 0.08906882591093113
2023-09-02 20:54:18,543 - FGO - INFO - test equal opportunity: 0.06666666666666665
2023-09-02 20:54:18,544 - FGO - INFO - test micro f1: 0.9428571428571428
2023-09-02 20:54:18,544 - FGO - INFO - test macro f1: 0.9428104575163399
