2023-09-02 20:56:05,566 - FGO - INFO - ===== SETUP LOGGING ======================================================================
2023-09-02 20:56:05,566 - FGO - INFO - THIS_FILE: Wrapper.py
2023-09-02 20:56:05,566 - FGO - INFO - 	done: False
2023-09-02 20:56:05,566 - FGO - INFO - 	learning_rate: 0.01
2023-09-02 20:56:05,566 - FGO - INFO - 	h1: 64
2023-09-02 20:56:05,566 - FGO - INFO - 	h2: 32
2023-09-02 20:56:05,566 - FGO - INFO - 	weight_decay: 0.0005
2023-09-02 20:56:05,566 - FGO - INFO - 	dropout: 0.0
2023-09-02 20:56:05,566 - FGO - INFO - 	max_pretrain_epochs: 100
2023-09-02 20:56:05,566 - FGO - INFO - 	max_ot_epochs: 50
2023-09-02 20:56:05,566 - FGO - INFO - 	lambda: 0.01
2023-09-02 20:56:05,566 - FGO - INFO - 	theta: 30
2023-09-02 20:56:05,566 - FGO - INFO - 	clip: 5
2023-09-02 20:56:05,566 - FGO - INFO - ===== SETUP LOGGING COMPLETE =============================================================
2023-09-02 20:56:05,567 - FGO - INFO - ===== Configuring Masks ==================================================================
2023-09-02 20:56:05,567 - FGO - INFO - Source Total: 721
2023-09-02 20:56:05,567 - FGO - INFO - Target Total: 83
2023-09-02 20:56:05,567 - FGO - INFO - Train Total: 721
2023-09-02 20:56:05,567 - FGO - INFO - Val Total:   83
2023-09-02 20:56:05,567 - FGO - INFO - Test Total:  83
2023-09-02 20:56:05,567 - FGO - INFO - ===== Preparing to load data =============================================================
2023-09-02 20:56:05,567 - FGO - INFO - SOURCE: abide_large
2023-09-02 20:56:05,567 - FGO - INFO - ===== Retrieving SOURCE Data =============================================================
2023-09-02 20:56:05,567 - FGO - INFO - *************** In load_graph_data ***************
2023-09-02 20:56:05,567 - FGO - INFO - 	FILEPATH: ./data/abide_large.mat
2023-09-02 20:56:05,567 - FGO - INFO - 	X shape: (804, 93)
2023-09-02 20:56:05,567 - FGO - INFO - 	A shape: (804, 804)
2023-09-02 20:56:05,567 - FGO - INFO - 	P shape: (804,)
2023-09-02 20:56:05,567 - FGO - INFO - 	Y shape: (804, 2)
2023-09-02 20:56:05,567 - FGO - INFO - 	Y sum: 804 (number of postive labels)
2023-09-02 20:56:05,568 - FGO - INFO - ===== Preparing data =====================================================================
2023-09-02 20:56:05,570 - FGO - INFO - ===== Disconnecting Source and Target ====================================================
2023-09-02 20:56:05,671 - FGO - INFO - ===== Finalize Data ======================================================================
2023-09-02 20:56:05,672 - FGO - INFO - A shape: (804, 804)
2023-09-02 20:56:05,672 - FGO - INFO - X shape: (804, 93)
2023-09-02 20:56:05,672 - FGO - INFO - Y shape: (804, 2)
2023-09-02 20:56:05,672 - FGO - INFO - N: 804
2023-09-02 20:56:05,672 - FGO - INFO - N_s: 721
2023-09-02 20:56:05,672 - FGO - INFO - N_t: 83
2023-09-02 20:56:05,675 - FGO - INFO - ===== Pretrain GCN Model =================================================================
2023-09-02 20:56:05,679 - FGO - INFO - Epoch   0 | Train Loss: 0.690 | Val Loss: 0.68 | Val F1: 0.38 |
2023-09-02 20:56:05,704 - FGO - INFO - Epoch  10 | Train Loss: 0.478 | Val Loss: 0.49 | Val F1: 0.84 |
2023-09-02 20:56:05,728 - FGO - INFO - Epoch  20 | Train Loss: 0.142 | Val Loss: 0.24 | Val F1: 0.87 |
2023-09-02 20:56:05,753 - FGO - INFO - Epoch  30 | Train Loss: 0.087 | Val Loss: 0.26 | Val F1: 0.90 |
2023-09-02 20:56:05,777 - FGO - INFO - Epoch  40 | Train Loss: 0.073 | Val Loss: 0.25 | Val F1: 0.90 |
2023-09-02 20:56:05,808 - FGO - INFO - Epoch  50 | Train Loss: 0.063 | Val Loss: 0.25 | Val F1: 0.91 |
2023-09-02 20:56:05,838 - FGO - INFO - Epoch  60 | Train Loss: 0.058 | Val Loss: 0.27 | Val F1: 0.91 |
2023-09-02 20:56:05,863 - FGO - INFO - Epoch  70 | Train Loss: 0.056 | Val Loss: 0.28 | Val F1: 0.91 |
2023-09-02 20:56:05,887 - FGO - INFO - Epoch  80 | Train Loss: 0.052 | Val Loss: 0.28 | Val F1: 0.88 |
2023-09-02 20:56:05,912 - FGO - INFO - Epoch  90 | Train Loss: 0.051 | Val Loss: 0.28 | Val F1: 0.89 |
2023-09-02 20:56:05,936 - FGO - INFO - Epoch 100 | Train Loss: 0.046 | Val Loss: 0.29 | Val F1: 0.89 |
2023-09-02 20:56:05,936 - FGO - INFO - Best Epoch:  58 | Train Loss: 0.058 | Val Loss: 0.26 | Val F1: 0.92 
2023-09-02 20:56:05,936 - FGO - INFO - Setting model to best state.
2023-09-02 20:56:05,938 - FGO - INFO - ===== Train Fair OT GCN Model ============================================================
2023-09-02 20:56:06,071 - FGO - INFO - Epoch   0 | Train Loss: -1.633 | Val Loss: 0.09 | Val F1: 0.90 |
2023-09-02 20:56:07,130 - FGO - INFO - Epoch  10 | Train Loss: -2.250 | Val Loss: 0.16 | Val F1: 0.89 |
2023-09-02 20:56:07,986 - FGO - INFO - Epoch  20 | Train Loss: -2.472 | Val Loss: -0.00 | Val F1: 0.90 |
2023-09-02 20:56:08,871 - FGO - INFO - Epoch  30 | Train Loss: -2.592 | Val Loss: 0.02 | Val F1: 0.91 |
2023-09-02 20:56:09,693 - FGO - INFO - Epoch  40 | Train Loss: -2.639 | Val Loss: 0.06 | Val F1: 0.90 |
2023-09-02 20:56:10,406 - FGO - INFO - Best Epoch:  11 | Train Loss: -2.272 | Val Loss: 0.02 | Val F1: 0.91 |
2023-09-02 20:56:10,406 - FGO - INFO - Setting model to best state.
2023-09-02 20:56:10,410 - FGO - INFO - ===== Test Fair OT GCN Model =============================================================
2023-09-02 20:56:10,442 - FGO - INFO - Train CM:
[[378   6]
 [  8 329]]
2023-09-02 20:56:10,442 - FGO - INFO - Val CM:
[[46  4]
 [ 4 29]]
2023-09-02 20:56:10,442 - FGO - INFO - Test CM:
[[46  4]
 [ 4 29]]
2023-09-02 20:56:10,447 - FGO - INFO - test statistical parity: 0.02230046948356812
2023-09-02 20:56:10,448 - FGO - INFO - test equal opportunity: 0.2592592592592593
2023-09-02 20:56:10,449 - FGO - INFO - test micro f1: 0.9036144578313253
2023-09-02 20:56:10,450 - FGO - INFO - test macro f1: 0.8993939393939394
