2023-09-02 20:50:12,235 - FGO - INFO - ===== SETUP LOGGING ======================================================================
2023-09-02 20:50:12,235 - FGO - INFO - THIS_FILE: Wrapper.py
2023-09-02 20:50:12,235 - FGO - INFO - 	done: False
2023-09-02 20:50:12,235 - FGO - INFO - 	learning_rate: 0.005
2023-09-02 20:50:12,235 - FGO - INFO - 	h1: 64
2023-09-02 20:50:12,235 - FGO - INFO - 	h2: 32
2023-09-02 20:50:12,235 - FGO - INFO - 	weight_decay: 0.0005
2023-09-02 20:50:12,235 - FGO - INFO - 	dropout: 0.0
2023-09-02 20:50:12,235 - FGO - INFO - 	max_pretrain_epochs: 100
2023-09-02 20:50:12,235 - FGO - INFO - 	max_ot_epochs: 50
2023-09-02 20:50:12,235 - FGO - INFO - 	lambda: 0.01
2023-09-02 20:50:12,235 - FGO - INFO - 	theta: 50
2023-09-02 20:50:12,235 - FGO - INFO - 	clip: 5
2023-09-02 20:50:12,235 - FGO - INFO - ===== SETUP LOGGING COMPLETE =============================================================
2023-09-02 20:50:12,235 - FGO - INFO - ===== Configuring Masks ==================================================================
2023-09-02 20:50:12,235 - FGO - INFO - Source Total: 729
2023-09-02 20:50:12,235 - FGO - INFO - Target Total: 75
2023-09-02 20:50:12,235 - FGO - INFO - Train Total: 729
2023-09-02 20:50:12,235 - FGO - INFO - Val Total:   75
2023-09-02 20:50:12,235 - FGO - INFO - Test Total:  75
2023-09-02 20:50:12,235 - FGO - INFO - ===== Preparing to load data =============================================================
2023-09-02 20:50:12,235 - FGO - INFO - SOURCE: abide_large
2023-09-02 20:50:12,235 - FGO - INFO - ===== Retrieving SOURCE Data =============================================================
2023-09-02 20:50:12,235 - FGO - INFO - *************** In load_graph_data ***************
2023-09-02 20:50:12,235 - FGO - INFO - 	FILEPATH: ./data/abide_large.mat
2023-09-02 20:50:12,236 - FGO - INFO - 	X shape: (804, 93)
2023-09-02 20:50:12,236 - FGO - INFO - 	A shape: (804, 804)
2023-09-02 20:50:12,236 - FGO - INFO - 	P shape: (804,)
2023-09-02 20:50:12,236 - FGO - INFO - 	Y shape: (804, 2)
2023-09-02 20:50:12,236 - FGO - INFO - 	Y sum: 804 (number of postive labels)
2023-09-02 20:50:12,237 - FGO - INFO - ===== Preparing data =====================================================================
2023-09-02 20:50:12,238 - FGO - INFO - ===== Disconnecting Source and Target ====================================================
2023-09-02 20:50:12,332 - FGO - INFO - ===== Finalize Data ======================================================================
2023-09-02 20:50:12,332 - FGO - INFO - A shape: (804, 804)
2023-09-02 20:50:12,332 - FGO - INFO - X shape: (804, 93)
2023-09-02 20:50:12,332 - FGO - INFO - Y shape: (804, 2)
2023-09-02 20:50:12,332 - FGO - INFO - N: 804
2023-09-02 20:50:12,332 - FGO - INFO - N_s: 729
2023-09-02 20:50:12,332 - FGO - INFO - N_t: 75
2023-09-02 20:50:12,336 - FGO - INFO - ===== Pretrain GCN Model =================================================================
2023-09-02 20:50:12,339 - FGO - INFO - Epoch   0 | Train Loss: 0.689 | Val Loss: 0.68 | Val F1: 0.37 |
2023-09-02 20:50:12,364 - FGO - INFO - Epoch  10 | Train Loss: 0.580 | Val Loss: 0.56 | Val F1: 0.75 |
2023-09-02 20:50:12,388 - FGO - INFO - Epoch  20 | Train Loss: 0.266 | Val Loss: 0.18 | Val F1: 0.97 |
2023-09-02 20:50:12,413 - FGO - INFO - Epoch  30 | Train Loss: 0.135 | Val Loss: 0.07 | Val F1: 0.99 |
2023-09-02 20:50:12,438 - FGO - INFO - Epoch  40 | Train Loss: 0.098 | Val Loss: 0.04 | Val F1: 0.99 |
2023-09-02 20:50:12,462 - FGO - INFO - Epoch  50 | Train Loss: 0.087 | Val Loss: 0.05 | Val F1: 0.99 |
2023-09-02 20:50:12,486 - FGO - INFO - Epoch  60 | Train Loss: 0.077 | Val Loss: 0.05 | Val F1: 0.99 |
2023-09-02 20:50:12,511 - FGO - INFO - Epoch  70 | Train Loss: 0.071 | Val Loss: 0.04 | Val F1: 0.99 |
2023-09-02 20:50:12,535 - FGO - INFO - Epoch  80 | Train Loss: 0.076 | Val Loss: 0.07 | Val F1: 0.97 |
2023-09-02 20:50:12,560 - FGO - INFO - Epoch  90 | Train Loss: 0.071 | Val Loss: 0.04 | Val F1: 0.99 |
2023-09-02 20:50:12,584 - FGO - INFO - Epoch 100 | Train Loss: 0.066 | Val Loss: 0.04 | Val F1: 0.97 |
2023-09-02 20:50:12,584 - FGO - INFO - Best Epoch:  24 | Train Loss: 0.189 | Val Loss: 0.10 | Val F1: 1.00 
2023-09-02 20:50:12,584 - FGO - INFO - Setting model to best state.
2023-09-02 20:50:12,586 - FGO - INFO - ===== Train Fair OT GCN Model ============================================================
2023-09-02 20:50:12,696 - FGO - INFO - Epoch   0 | Train Loss: -2.862 | Val Loss: -0.28 | Val F1: 0.97 |
2023-09-02 20:50:13,603 - FGO - INFO - Epoch  10 | Train Loss: -3.996 | Val Loss: -0.36 | Val F1: 0.97 |
2023-09-02 20:50:14,445 - FGO - INFO - Epoch  20 | Train Loss: -4.164 | Val Loss: -0.30 | Val F1: 0.96 |
2023-09-02 20:50:15,297 - FGO - INFO - Epoch  30 | Train Loss: -4.312 | Val Loss: -0.36 | Val F1: 0.96 |
2023-09-02 20:50:16,046 - FGO - INFO - Epoch  40 | Train Loss: -4.394 | Val Loss: -0.37 | Val F1: 0.96 |
2023-09-02 20:50:16,776 - FGO - INFO - Best Epoch:  11 | Train Loss: -4.023 | Val Loss: -0.35 | Val F1: 0.99 |
2023-09-02 20:50:16,776 - FGO - INFO - Setting model to best state.
2023-09-02 20:50:16,780 - FGO - INFO - ===== Test Fair OT GCN Model =============================================================
2023-09-02 20:50:16,810 - FGO - INFO - Train CM:
[[389   7]
 [ 12 321]]
2023-09-02 20:50:16,810 - FGO - INFO - Val CM:
[[37  1]
 [ 1 36]]
2023-09-02 20:50:16,811 - FGO - INFO - Test CM:
[[37  1]
 [ 1 36]]
2023-09-02 20:50:16,815 - FGO - INFO - test statistical parity: 0.07962529274004687
2023-09-02 20:50:16,817 - FGO - INFO - test equal opportunity: 0.1428571428571429
2023-09-02 20:50:16,818 - FGO - INFO - test micro f1: 0.9733333333333334
2023-09-02 20:50:16,818 - FGO - INFO - test macro f1: 0.9733285917496444
