2023-09-02 20:46:55,622 - FGO - INFO - ===== SETUP LOGGING ======================================================================
2023-09-02 20:46:55,622 - FGO - INFO - THIS_FILE: Wrapper.py
2023-09-02 20:46:55,622 - FGO - INFO - 	done: False
2023-09-02 20:46:55,622 - FGO - INFO - 	learning_rate: 0.001
2023-09-02 20:46:55,622 - FGO - INFO - 	h1: 64
2023-09-02 20:46:55,622 - FGO - INFO - 	h2: 32
2023-09-02 20:46:55,622 - FGO - INFO - 	weight_decay: 0.0005
2023-09-02 20:46:55,622 - FGO - INFO - 	dropout: 0.0
2023-09-02 20:46:55,622 - FGO - INFO - 	max_pretrain_epochs: 100
2023-09-02 20:46:55,622 - FGO - INFO - 	max_ot_epochs: 50
2023-09-02 20:46:55,623 - FGO - INFO - 	lambda: 0.05
2023-09-02 20:46:55,623 - FGO - INFO - 	theta: 30
2023-09-02 20:46:55,623 - FGO - INFO - 	clip: 5
2023-09-02 20:46:55,623 - FGO - INFO - ===== SETUP LOGGING COMPLETE =============================================================
2023-09-02 20:46:55,623 - FGO - INFO - ===== Configuring Masks ==================================================================
2023-09-02 20:46:55,623 - FGO - INFO - Source Total: 708
2023-09-02 20:46:55,623 - FGO - INFO - Target Total: 96
2023-09-02 20:46:55,623 - FGO - INFO - Train Total: 708
2023-09-02 20:46:55,623 - FGO - INFO - Val Total:   96
2023-09-02 20:46:55,623 - FGO - INFO - Test Total:  96
2023-09-02 20:46:55,623 - FGO - INFO - ===== Preparing to load data =============================================================
2023-09-02 20:46:55,623 - FGO - INFO - SOURCE: abide_large
2023-09-02 20:46:55,623 - FGO - INFO - ===== Retrieving SOURCE Data =============================================================
2023-09-02 20:46:55,623 - FGO - INFO - *************** In load_graph_data ***************
2023-09-02 20:46:55,623 - FGO - INFO - 	FILEPATH: ./data/abide_large.mat
2023-09-02 20:46:55,623 - FGO - INFO - 	X shape: (804, 93)
2023-09-02 20:46:55,623 - FGO - INFO - 	A shape: (804, 804)
2023-09-02 20:46:55,623 - FGO - INFO - 	P shape: (804,)
2023-09-02 20:46:55,623 - FGO - INFO - 	Y shape: (804, 2)
2023-09-02 20:46:55,623 - FGO - INFO - 	Y sum: 804 (number of postive labels)
2023-09-02 20:46:55,624 - FGO - INFO - ===== Preparing data =====================================================================
2023-09-02 20:46:55,626 - FGO - INFO - ===== Disconnecting Source and Target ====================================================
2023-09-02 20:46:55,741 - FGO - INFO - ===== Finalize Data ======================================================================
2023-09-02 20:46:55,741 - FGO - INFO - A shape: (804, 804)
2023-09-02 20:46:55,741 - FGO - INFO - X shape: (804, 93)
2023-09-02 20:46:55,741 - FGO - INFO - Y shape: (804, 2)
2023-09-02 20:46:55,741 - FGO - INFO - N: 804
2023-09-02 20:46:55,741 - FGO - INFO - N_s: 708
2023-09-02 20:46:55,741 - FGO - INFO - N_t: 96
2023-09-02 20:46:55,744 - FGO - INFO - ===== Pretrain GCN Model =================================================================
2023-09-02 20:46:55,748 - FGO - INFO - Epoch   0 | Train Loss: 0.688 | Val Loss: 0.69 | Val F1: 0.35 |
2023-09-02 20:46:55,772 - FGO - INFO - Epoch  10 | Train Loss: 0.672 | Val Loss: 0.68 | Val F1: 0.38 |
2023-09-02 20:46:55,796 - FGO - INFO - Epoch  20 | Train Loss: 0.647 | Val Loss: 0.66 | Val F1: 0.53 |
2023-09-02 20:46:55,820 - FGO - INFO - Epoch  30 | Train Loss: 0.595 | Val Loss: 0.61 | Val F1: 0.67 |
2023-09-02 20:46:55,845 - FGO - INFO - Epoch  40 | Train Loss: 0.508 | Val Loss: 0.52 | Val F1: 0.86 |
2023-09-02 20:46:55,869 - FGO - INFO - Epoch  50 | Train Loss: 0.399 | Val Loss: 0.41 | Val F1: 0.89 |
2023-09-02 20:46:55,893 - FGO - INFO - Epoch  60 | Train Loss: 0.298 | Val Loss: 0.31 | Val F1: 0.91 |
2023-09-02 20:46:55,917 - FGO - INFO - Epoch  70 | Train Loss: 0.225 | Val Loss: 0.24 | Val F1: 0.90 |
2023-09-02 20:46:55,941 - FGO - INFO - Epoch  80 | Train Loss: 0.180 | Val Loss: 0.20 | Val F1: 0.94 |
2023-09-02 20:46:55,965 - FGO - INFO - Epoch  90 | Train Loss: 0.151 | Val Loss: 0.17 | Val F1: 0.95 |
2023-09-02 20:46:55,989 - FGO - INFO - Epoch 100 | Train Loss: 0.130 | Val Loss: 0.15 | Val F1: 0.95 |
2023-09-02 20:46:55,989 - FGO - INFO - Best Epoch:  86 | Train Loss: 0.161 | Val Loss: 0.18 | Val F1: 0.95 
2023-09-02 20:46:55,989 - FGO - INFO - Setting model to best state.
2023-09-02 20:46:55,991 - FGO - INFO - ===== Train Fair OT GCN Model ============================================================
2023-09-02 20:46:56,058 - FGO - INFO - Epoch   0 | Train Loss: -13.258 | Val Loss: -1.74 | Val F1: 0.95 |
2023-09-02 20:46:56,836 - FGO - INFO - Epoch  10 | Train Loss: -13.492 | Val Loss: -1.77 | Val F1: 0.94 |
2023-09-02 20:46:57,601 - FGO - INFO - Epoch  20 | Train Loss: -13.650 | Val Loss: -1.78 | Val F1: 0.93 |
2023-09-02 20:46:58,435 - FGO - INFO - Epoch  30 | Train Loss: -13.716 | Val Loss: -1.76 | Val F1: 0.91 |
2023-09-02 20:46:59,220 - FGO - INFO - Epoch  40 | Train Loss: -13.746 | Val Loss: -1.78 | Val F1: 0.89 |
2023-09-02 20:46:59,878 - FGO - INFO - Best Epoch:   6 | Train Loss: -13.406 | Val Loss: -1.77 | Val F1: 0.95 |
2023-09-02 20:46:59,879 - FGO - INFO - Setting model to best state.
2023-09-02 20:46:59,882 - FGO - INFO - ===== Test Fair OT GCN Model =============================================================
2023-09-02 20:46:59,905 - FGO - INFO - Train CM:
[[379   3]
 [ 66 260]]
2023-09-02 20:46:59,906 - FGO - INFO - Val CM:
[[52  0]
 [ 9 35]]
2023-09-02 20:46:59,906 - FGO - INFO - Test CM:
[[52  0]
 [ 9 35]]
2023-09-02 20:46:59,911 - FGO - INFO - test statistical parity: 0.2042780748663101
2023-09-02 20:46:59,913 - FGO - INFO - test equal opportunity: 0.05555555555555558
2023-09-02 20:46:59,914 - FGO - INFO - test micro f1: 0.90625
2023-09-02 20:46:59,914 - FGO - INFO - test macro f1: 0.9032149658339867
