2023-09-02 20:48:13,385 - FGO - INFO - ===== SETUP LOGGING ======================================================================
2023-09-02 20:48:13,385 - FGO - INFO - THIS_FILE: Wrapper.py
2023-09-02 20:48:13,385 - FGO - INFO - 	done: False
2023-09-02 20:48:13,385 - FGO - INFO - 	learning_rate: 0.001
2023-09-02 20:48:13,385 - FGO - INFO - 	h1: 64
2023-09-02 20:48:13,385 - FGO - INFO - 	h2: 32
2023-09-02 20:48:13,385 - FGO - INFO - 	weight_decay: 0.0005
2023-09-02 20:48:13,385 - FGO - INFO - 	dropout: 0.0
2023-09-02 20:48:13,385 - FGO - INFO - 	max_pretrain_epochs: 100
2023-09-02 20:48:13,386 - FGO - INFO - 	max_ot_epochs: 50
2023-09-02 20:48:13,386 - FGO - INFO - 	lambda: 0.05
2023-09-02 20:48:13,386 - FGO - INFO - 	theta: 50
2023-09-02 20:48:13,386 - FGO - INFO - 	clip: 5
2023-09-02 20:48:13,386 - FGO - INFO - ===== SETUP LOGGING COMPLETE =============================================================
2023-09-02 20:48:13,386 - FGO - INFO - ===== Configuring Masks ==================================================================
2023-09-02 20:48:13,386 - FGO - INFO - Source Total: 734
2023-09-02 20:48:13,386 - FGO - INFO - Target Total: 70
2023-09-02 20:48:13,386 - FGO - INFO - Train Total: 734
2023-09-02 20:48:13,386 - FGO - INFO - Val Total:   70
2023-09-02 20:48:13,386 - FGO - INFO - Test Total:  70
2023-09-02 20:48:13,386 - FGO - INFO - ===== Preparing to load data =============================================================
2023-09-02 20:48:13,386 - FGO - INFO - SOURCE: abide_large
2023-09-02 20:48:13,386 - FGO - INFO - ===== Retrieving SOURCE Data =============================================================
2023-09-02 20:48:13,386 - FGO - INFO - *************** In load_graph_data ***************
2023-09-02 20:48:13,386 - FGO - INFO - 	FILEPATH: ./data/abide_large.mat
2023-09-02 20:48:13,386 - FGO - INFO - 	X shape: (804, 93)
2023-09-02 20:48:13,386 - FGO - INFO - 	A shape: (804, 804)
2023-09-02 20:48:13,386 - FGO - INFO - 	P shape: (804,)
2023-09-02 20:48:13,386 - FGO - INFO - 	Y shape: (804, 2)
2023-09-02 20:48:13,386 - FGO - INFO - 	Y sum: 804 (number of postive labels)
2023-09-02 20:48:13,387 - FGO - INFO - ===== Preparing data =====================================================================
2023-09-02 20:48:13,389 - FGO - INFO - ===== Disconnecting Source and Target ====================================================
2023-09-02 20:48:13,477 - FGO - INFO - ===== Finalize Data ======================================================================
2023-09-02 20:48:13,477 - FGO - INFO - A shape: (804, 804)
2023-09-02 20:48:13,477 - FGO - INFO - X shape: (804, 93)
2023-09-02 20:48:13,477 - FGO - INFO - Y shape: (804, 2)
2023-09-02 20:48:13,477 - FGO - INFO - N: 804
2023-09-02 20:48:13,477 - FGO - INFO - N_s: 734
2023-09-02 20:48:13,477 - FGO - INFO - N_t: 70
2023-09-02 20:48:13,480 - FGO - INFO - ===== Pretrain GCN Model =================================================================
2023-09-02 20:48:13,484 - FGO - INFO - Epoch   0 | Train Loss: 0.688 | Val Loss: 0.70 | Val F1: 0.32 |
2023-09-02 20:48:13,509 - FGO - INFO - Epoch  10 | Train Loss: 0.672 | Val Loss: 0.69 | Val F1: 0.41 |
2023-09-02 20:48:13,533 - FGO - INFO - Epoch  20 | Train Loss: 0.645 | Val Loss: 0.66 | Val F1: 0.62 |
2023-09-02 20:48:13,558 - FGO - INFO - Epoch  30 | Train Loss: 0.588 | Val Loss: 0.61 | Val F1: 0.76 |
2023-09-02 20:48:13,583 - FGO - INFO - Epoch  40 | Train Loss: 0.498 | Val Loss: 0.53 | Val F1: 0.81 |
2023-09-02 20:48:13,608 - FGO - INFO - Epoch  50 | Train Loss: 0.392 | Val Loss: 0.43 | Val F1: 0.84 |
2023-09-02 20:48:13,633 - FGO - INFO - Epoch  60 | Train Loss: 0.295 | Val Loss: 0.33 | Val F1: 0.87 |
2023-09-02 20:48:13,657 - FGO - INFO - Epoch  70 | Train Loss: 0.225 | Val Loss: 0.27 | Val F1: 0.86 |
2023-09-02 20:48:13,682 - FGO - INFO - Epoch  80 | Train Loss: 0.181 | Val Loss: 0.22 | Val F1: 0.91 |
2023-09-02 20:48:13,707 - FGO - INFO - Epoch  90 | Train Loss: 0.152 | Val Loss: 0.19 | Val F1: 0.94 |
2023-09-02 20:48:13,732 - FGO - INFO - Epoch 100 | Train Loss: 0.132 | Val Loss: 0.17 | Val F1: 0.94 |
2023-09-02 20:48:13,732 - FGO - INFO - Best Epoch:  88 | Train Loss: 0.157 | Val Loss: 0.19 | Val F1: 0.94 
2023-09-02 20:48:13,732 - FGO - INFO - Setting model to best state.
2023-09-02 20:48:13,733 - FGO - INFO - ===== Train Fair OT GCN Model ============================================================
2023-09-02 20:48:13,812 - FGO - INFO - Epoch   0 | Train Loss: -22.409 | Val Loss: -1.98 | Val F1: 0.94 |
2023-09-02 20:48:14,614 - FGO - INFO - Epoch  10 | Train Loss: -22.931 | Val Loss: -1.97 | Val F1: 0.91 |
2023-09-02 20:48:15,383 - FGO - INFO - Epoch  20 | Train Loss: -23.302 | Val Loss: -1.93 | Val F1: 0.87 |
2023-09-02 20:48:16,198 - FGO - INFO - Epoch  30 | Train Loss: -23.533 | Val Loss: -1.90 | Val F1: 0.84 |
2023-09-02 20:48:16,957 - FGO - INFO - Epoch  40 | Train Loss: -23.704 | Val Loss: -1.83 | Val F1: 0.81 |
2023-09-02 20:48:17,628 - FGO - INFO - Best Epoch:   9 | Train Loss: -22.892 | Val Loss: -1.96 | Val F1: 0.91 |
2023-09-02 20:48:17,628 - FGO - INFO - Setting model to best state.
2023-09-02 20:48:17,631 - FGO - INFO - ===== Test Fair OT GCN Model =============================================================
2023-09-02 20:48:17,655 - FGO - INFO - Train CM:
[[  0 400]
 [  0 334]]
2023-09-02 20:48:17,655 - FGO - INFO - Val CM:
[[34  0]
 [29  7]]
2023-09-02 20:48:17,656 - FGO - INFO - Test CM:
[[34  0]
 [29  7]]
2023-09-02 20:48:17,661 - FGO - INFO - test statistical parity: 0.02834008097165991
2023-09-02 20:48:17,662 - FGO - INFO - test equal opportunity: 0.033333333333333354
2023-09-02 20:48:17,663 - FGO - INFO - test micro f1: 0.5857142857142857
2023-09-02 20:48:17,663 - FGO - INFO - test macro f1: 0.5133061615919444
