2023-09-02 19:16:44,024 - FGO - INFO - ===== SETUP LOGGING ======================================================================
2023-09-02 19:16:44,024 - FGO - INFO - THIS_FILE: Wrapper.py
2023-09-02 19:16:44,024 - FGO - INFO - 	learning_rate: 0.005
2023-09-02 19:16:44,024 - FGO - INFO - 	h1: 64
2023-09-02 19:16:44,024 - FGO - INFO - 	h2: 32
2023-09-02 19:16:44,024 - FGO - INFO - 	weight_decay: 0.0005
2023-09-02 19:16:44,024 - FGO - INFO - 	dropout: 0.0
2023-09-02 19:16:44,024 - FGO - INFO - 	max_pretrain_epochs: 50
2023-09-02 19:16:44,025 - FGO - INFO - 	max_ot_epochs: 15
2023-09-02 19:16:44,025 - FGO - INFO - 	lambda: 0.01
2023-09-02 19:16:44,025 - FGO - INFO - 	theta: 10
2023-09-02 19:16:44,025 - FGO - INFO - 	clip: 5
2023-09-02 19:16:44,025 - FGO - INFO - ===== SETUP LOGGING COMPLETE =============================================================
2023-09-02 19:16:44,025 - FGO - INFO - ===== Preparing to load data =============================================================
2023-09-02 19:16:44,025 - FGO - INFO - SOURCE: abide_large
2023-09-02 19:16:44,025 - FGO - INFO - TARGET: abide_small
2023-09-02 19:16:44,025 - FGO - INFO - ===== Retrieving SOURCE Data =============================================================
2023-09-02 19:16:44,025 - FGO - INFO - *************** In load_graph_data ***************
2023-09-02 19:16:44,025 - FGO - INFO - 	FILEPATH: ./data/abide_large.mat
2023-09-02 19:16:44,025 - FGO - INFO - 	X shape: (804, 93)
2023-09-02 19:16:44,025 - FGO - INFO - 	A shape: (804, 804)
2023-09-02 19:16:44,025 - FGO - INFO - 	P shape: (804,)
2023-09-02 19:16:44,025 - FGO - INFO - 	Y shape: (804, 2)
2023-09-02 19:16:44,025 - FGO - INFO - 	Y sum: 804 (number of postive labels)
2023-09-02 19:16:44,027 - FGO - INFO - ===== Retrieving TARGET Data =============================================================
2023-09-02 19:16:44,027 - FGO - INFO - *************** In load_graph_data ***************
2023-09-02 19:16:44,027 - FGO - INFO - 	FILEPATH: ./data/abide_small.mat
2023-09-02 19:16:44,027 - FGO - INFO - 	X shape: (67, 93)
2023-09-02 19:16:44,027 - FGO - INFO - 	A shape: (67, 67)
2023-09-02 19:16:44,027 - FGO - INFO - 	P shape: (67,)
2023-09-02 19:16:44,027 - FGO - INFO - 	Y shape: (67, 2)
2023-09-02 19:16:44,027 - FGO - INFO - 	Y sum: 67 (number of postive labels)
2023-09-02 19:16:44,027 - FGO - INFO - ===== Combine Data =======================================================================
2023-09-02 19:16:44,058 - FGO - INFO - A shape: (871, 871)
2023-09-02 19:16:44,058 - FGO - INFO - X shape: (871, 93)
2023-09-02 19:16:44,059 - FGO - INFO - Y shape: (871, 2)
2023-09-02 19:16:44,059 - FGO - INFO - N: 871
2023-09-02 19:16:44,059 - FGO - INFO - N_s: 804
2023-09-02 19:16:44,059 - FGO - INFO - N_t: 67
2023-09-02 19:16:44,062 - FGO - INFO - ===== Configuring Train/Val/Test Masks ===================================================
2023-09-02 19:16:44,063 - FGO - INFO - Train Total: 804
2023-09-02 19:16:44,063 - FGO - INFO - Val Total:   0.0
2023-09-02 19:16:44,063 - FGO - INFO - Test Total:  67
2023-09-02 19:16:44,063 - FGO - INFO - ===== Pretrain GCN Model =================================================================
2023-09-02 19:16:44,109 - FGO - INFO - Epoch   0 | Train Loss: 0.691 | Train Macro F1: 0.35 |
2023-09-02 19:16:44,564 - FGO - INFO - Epoch  10 | Train Loss: 0.582 | Train Macro F1: 0.75 |
2023-09-02 19:16:45,023 - FGO - INFO - Epoch  20 | Train Loss: 0.265 | Train Macro F1: 0.92 |
2023-09-02 19:16:45,481 - FGO - INFO - Epoch  30 | Train Loss: 0.133 | Train Macro F1: 0.95 |
2023-09-02 19:16:45,940 - FGO - INFO - Epoch  40 | Train Loss: 0.100 | Train Macro F1: 0.96 |
2023-09-02 19:16:46,398 - FGO - INFO - Epoch  50 | Train Loss: 0.088 | Train Macro F1: 0.96 |
2023-09-02 19:16:46,399 - FGO - INFO - ===== Train Fair OT GCN Model ============================================================
2023-09-02 19:16:46,628 - FGO - INFO - Epoch   0 | Train Loss: 2.564 | Train CE Loss: 3.087 | Train OT Loss: -0.052| Train Macro F1: 0.59 |
2023-09-02 19:16:48,042 - FGO - INFO - Epoch  10 | Train Loss: -0.397 | Train CE Loss: 0.348 | Train OT Loss: -0.075| Train Macro F1: 0.80 |
2023-09-02 19:16:48,661 - FGO - INFO - ===== Test Fair OT GCN Model =============================================================
2023-09-02 19:16:48,700 - FGO - INFO - Train CM:
[[430   4]
 [ 32 338]]
2023-09-02 19:16:48,700 - FGO - INFO - Val CM:
[]
2023-09-02 19:16:48,700 - FGO - INFO - Test CM:
[[34  0]
 [ 1 32]]
2023-09-02 19:16:48,705 - FGO - INFO - test micro f1: 0.9850746268656716
2023-09-02 19:16:48,705 - FGO - INFO - test macro f1: 0.9850613154960981
2023-09-02 19:16:48,706 - FGO - INFO - test statistical parity: 0.12380952380952381
2023-09-02 19:16:48,707 - FGO - INFO - test equal opportunity: 0.09090909090909094
2023-09-02 19:16:48,707 - FGO - INFO - train micro f1: 0.9552238805970149
2023-09-02 19:16:48,708 - FGO - INFO - train macro f1: 0.9546298154093098
2023-09-02 19:16:48,708 - FGO - INFO - train statistical parity: 0.1343311047046556
2023-09-02 19:16:48,709 - FGO - INFO - train equal opportunity: 0.08633809828603933
