2023-09-02 20:51:33,237 - FGO - INFO - ===== SETUP LOGGING ======================================================================
2023-09-02 20:51:33,237 - FGO - INFO - THIS_FILE: Wrapper.py
2023-09-02 20:51:33,237 - FGO - INFO - 	done: False
2023-09-02 20:51:33,237 - FGO - INFO - 	learning_rate: 0.005
2023-09-02 20:51:33,237 - FGO - INFO - 	h1: 64
2023-09-02 20:51:33,237 - FGO - INFO - 	h2: 32
2023-09-02 20:51:33,237 - FGO - INFO - 	weight_decay: 0.0005
2023-09-02 20:51:33,237 - FGO - INFO - 	dropout: 0.0
2023-09-02 20:51:33,237 - FGO - INFO - 	max_pretrain_epochs: 100
2023-09-02 20:51:33,237 - FGO - INFO - 	max_ot_epochs: 50
2023-09-02 20:51:33,237 - FGO - INFO - 	lambda: 0.03
2023-09-02 20:51:33,237 - FGO - INFO - 	theta: 30
2023-09-02 20:51:33,237 - FGO - INFO - 	clip: 5
2023-09-02 20:51:33,237 - FGO - INFO - ===== SETUP LOGGING COMPLETE =============================================================
2023-09-02 20:51:33,237 - FGO - INFO - ===== Configuring Masks ==================================================================
2023-09-02 20:51:33,237 - FGO - INFO - Source Total: 727
2023-09-02 20:51:33,237 - FGO - INFO - Target Total: 77
2023-09-02 20:51:33,237 - FGO - INFO - Train Total: 727
2023-09-02 20:51:33,237 - FGO - INFO - Val Total:   77
2023-09-02 20:51:33,237 - FGO - INFO - Test Total:  77
2023-09-02 20:51:33,237 - FGO - INFO - ===== Preparing to load data =============================================================
2023-09-02 20:51:33,237 - FGO - INFO - SOURCE: abide_large
2023-09-02 20:51:33,237 - FGO - INFO - ===== Retrieving SOURCE Data =============================================================
2023-09-02 20:51:33,237 - FGO - INFO - *************** In load_graph_data ***************
2023-09-02 20:51:33,237 - FGO - INFO - 	FILEPATH: ./data/abide_large.mat
2023-09-02 20:51:33,238 - FGO - INFO - 	X shape: (804, 93)
2023-09-02 20:51:33,238 - FGO - INFO - 	A shape: (804, 804)
2023-09-02 20:51:33,238 - FGO - INFO - 	P shape: (804,)
2023-09-02 20:51:33,238 - FGO - INFO - 	Y shape: (804, 2)
2023-09-02 20:51:33,238 - FGO - INFO - 	Y sum: 804 (number of postive labels)
2023-09-02 20:51:33,239 - FGO - INFO - ===== Preparing data =====================================================================
2023-09-02 20:51:33,240 - FGO - INFO - ===== Disconnecting Source and Target ====================================================
2023-09-02 20:51:33,336 - FGO - INFO - ===== Finalize Data ======================================================================
2023-09-02 20:51:33,336 - FGO - INFO - A shape: (804, 804)
2023-09-02 20:51:33,337 - FGO - INFO - X shape: (804, 93)
2023-09-02 20:51:33,337 - FGO - INFO - Y shape: (804, 2)
2023-09-02 20:51:33,337 - FGO - INFO - N: 804
2023-09-02 20:51:33,337 - FGO - INFO - N_s: 727
2023-09-02 20:51:33,337 - FGO - INFO - N_t: 77
2023-09-02 20:51:33,340 - FGO - INFO - ===== Pretrain GCN Model =================================================================
2023-09-02 20:51:33,344 - FGO - INFO - Epoch   0 | Train Loss: 0.689 | Val Loss: 0.68 | Val F1: 0.36 |
2023-09-02 20:51:33,368 - FGO - INFO - Epoch  10 | Train Loss: 0.577 | Val Loss: 0.61 | Val F1: 0.66 |
2023-09-02 20:51:33,393 - FGO - INFO - Epoch  20 | Train Loss: 0.255 | Val Loss: 0.38 | Val F1: 0.83 |
2023-09-02 20:51:33,418 - FGO - INFO - Epoch  30 | Train Loss: 0.122 | Val Loss: 0.24 | Val F1: 0.88 |
2023-09-02 20:51:33,443 - FGO - INFO - Epoch  40 | Train Loss: 0.089 | Val Loss: 0.20 | Val F1: 0.89 |
2023-09-02 20:51:33,467 - FGO - INFO - Epoch  50 | Train Loss: 0.077 | Val Loss: 0.21 | Val F1: 0.87 |
2023-09-02 20:51:33,492 - FGO - INFO - Epoch  60 | Train Loss: 0.068 | Val Loss: 0.18 | Val F1: 0.89 |
2023-09-02 20:51:33,516 - FGO - INFO - Epoch  70 | Train Loss: 0.063 | Val Loss: 0.19 | Val F1: 0.90 |
2023-09-02 20:51:33,541 - FGO - INFO - Epoch  80 | Train Loss: 0.060 | Val Loss: 0.19 | Val F1: 0.92 |
2023-09-02 20:51:33,565 - FGO - INFO - Epoch  90 | Train Loss: 0.057 | Val Loss: 0.20 | Val F1: 0.90 |
2023-09-02 20:51:33,590 - FGO - INFO - Epoch 100 | Train Loss: 0.055 | Val Loss: 0.20 | Val F1: 0.92 |
2023-09-02 20:51:33,590 - FGO - INFO - Best Epoch:  36 | Train Loss: 0.097 | Val Loss: 0.18 | Val F1: 0.93 
2023-09-02 20:51:33,590 - FGO - INFO - Setting model to best state.
2023-09-02 20:51:33,592 - FGO - INFO - ===== Train Fair OT GCN Model ============================================================
2023-09-02 20:51:33,689 - FGO - INFO - Epoch   0 | Train Loss: -7.252 | Val Loss: -0.52 | Val F1: 0.89 |
2023-09-02 20:51:34,485 - FGO - INFO - Epoch  10 | Train Loss: -7.727 | Val Loss: -0.34 | Val F1: 0.87 |
2023-09-02 20:51:35,281 - FGO - INFO - Epoch  20 | Train Loss: -8.062 | Val Loss: -0.60 | Val F1: 0.90 |
2023-09-02 20:51:36,039 - FGO - INFO - Epoch  30 | Train Loss: -8.218 | Val Loss: -0.53 | Val F1: 0.91 |
2023-09-02 20:51:36,873 - FGO - INFO - Epoch  40 | Train Loss: -8.280 | Val Loss: -0.53 | Val F1: 0.91 |
2023-09-02 20:51:37,547 - FGO - INFO - Best Epoch:  12 | Train Loss: -7.899 | Val Loss: -0.60 | Val F1: 0.93 |
2023-09-02 20:51:37,547 - FGO - INFO - Setting model to best state.
2023-09-02 20:51:37,550 - FGO - INFO - ===== Test Fair OT GCN Model =============================================================
2023-09-02 20:51:37,575 - FGO - INFO - Train CM:
[[376  14]
 [  9 328]]
2023-09-02 20:51:37,575 - FGO - INFO - Val CM:
[[41  3]
 [ 4 29]]
2023-09-02 20:51:37,575 - FGO - INFO - Test CM:
[[41  3]
 [ 4 29]]
2023-09-02 20:51:37,580 - FGO - INFO - test statistical parity: 0.29487179487179493
2023-09-02 20:51:37,582 - FGO - INFO - test equal opportunity: 0.4032258064516129
2023-09-02 20:51:37,583 - FGO - INFO - test micro f1: 0.9090909090909091
2023-09-02 20:51:37,583 - FGO - INFO - test macro f1: 0.9068280034572169
