2023-09-02 20:50:53,756 - FGO - INFO - ===== SETUP LOGGING ======================================================================
2023-09-02 20:50:53,756 - FGO - INFO - THIS_FILE: Wrapper.py
2023-09-02 20:50:53,756 - FGO - INFO - 	done: False
2023-09-02 20:50:53,756 - FGO - INFO - 	learning_rate: 0.005
2023-09-02 20:50:53,756 - FGO - INFO - 	h1: 64
2023-09-02 20:50:53,756 - FGO - INFO - 	h2: 32
2023-09-02 20:50:53,756 - FGO - INFO - 	weight_decay: 0.0005
2023-09-02 20:50:53,756 - FGO - INFO - 	dropout: 0.0
2023-09-02 20:50:53,756 - FGO - INFO - 	max_pretrain_epochs: 100
2023-09-02 20:50:53,756 - FGO - INFO - 	max_ot_epochs: 50
2023-09-02 20:50:53,756 - FGO - INFO - 	lambda: 0.03
2023-09-02 20:50:53,756 - FGO - INFO - 	theta: 10
2023-09-02 20:50:53,756 - FGO - INFO - 	clip: 5
2023-09-02 20:50:53,756 - FGO - INFO - ===== SETUP LOGGING COMPLETE =============================================================
2023-09-02 20:50:53,756 - FGO - INFO - ===== Configuring Masks ==================================================================
2023-09-02 20:50:53,756 - FGO - INFO - Source Total: 721
2023-09-02 20:50:53,756 - FGO - INFO - Target Total: 83
2023-09-02 20:50:53,756 - FGO - INFO - Train Total: 721
2023-09-02 20:50:53,756 - FGO - INFO - Val Total:   83
2023-09-02 20:50:53,756 - FGO - INFO - Test Total:  83
2023-09-02 20:50:53,756 - FGO - INFO - ===== Preparing to load data =============================================================
2023-09-02 20:50:53,756 - FGO - INFO - SOURCE: abide_large
2023-09-02 20:50:53,756 - FGO - INFO - ===== Retrieving SOURCE Data =============================================================
2023-09-02 20:50:53,756 - FGO - INFO - *************** In load_graph_data ***************
2023-09-02 20:50:53,756 - FGO - INFO - 	FILEPATH: ./data/abide_large.mat
2023-09-02 20:50:53,757 - FGO - INFO - 	X shape: (804, 93)
2023-09-02 20:50:53,757 - FGO - INFO - 	A shape: (804, 804)
2023-09-02 20:50:53,757 - FGO - INFO - 	P shape: (804,)
2023-09-02 20:50:53,757 - FGO - INFO - 	Y shape: (804, 2)
2023-09-02 20:50:53,757 - FGO - INFO - 	Y sum: 804 (number of postive labels)
2023-09-02 20:50:53,758 - FGO - INFO - ===== Preparing data =====================================================================
2023-09-02 20:50:53,759 - FGO - INFO - ===== Disconnecting Source and Target ====================================================
2023-09-02 20:50:53,862 - FGO - INFO - ===== Finalize Data ======================================================================
2023-09-02 20:50:53,862 - FGO - INFO - A shape: (804, 804)
2023-09-02 20:50:53,862 - FGO - INFO - X shape: (804, 93)
2023-09-02 20:50:53,862 - FGO - INFO - Y shape: (804, 2)
2023-09-02 20:50:53,862 - FGO - INFO - N: 804
2023-09-02 20:50:53,862 - FGO - INFO - N_s: 721
2023-09-02 20:50:53,862 - FGO - INFO - N_t: 83
2023-09-02 20:50:53,865 - FGO - INFO - ===== Pretrain GCN Model =================================================================
2023-09-02 20:50:53,869 - FGO - INFO - Epoch   0 | Train Loss: 0.690 | Val Loss: 0.68 | Val F1: 0.38 |
2023-09-02 20:50:53,893 - FGO - INFO - Epoch  10 | Train Loss: 0.583 | Val Loss: 0.59 | Val F1: 0.76 |
2023-09-02 20:50:53,918 - FGO - INFO - Epoch  20 | Train Loss: 0.262 | Val Loss: 0.33 | Val F1: 0.88 |
2023-09-02 20:50:53,942 - FGO - INFO - Epoch  30 | Train Loss: 0.120 | Val Loss: 0.24 | Val F1: 0.88 |
2023-09-02 20:50:53,967 - FGO - INFO - Epoch  40 | Train Loss: 0.083 | Val Loss: 0.26 | Val F1: 0.90 |
2023-09-02 20:50:53,991 - FGO - INFO - Epoch  50 | Train Loss: 0.071 | Val Loss: 0.26 | Val F1: 0.90 |
2023-09-02 20:50:54,015 - FGO - INFO - Epoch  60 | Train Loss: 0.062 | Val Loss: 0.27 | Val F1: 0.91 |
2023-09-02 20:50:54,040 - FGO - INFO - Epoch  70 | Train Loss: 0.059 | Val Loss: 0.27 | Val F1: 0.92 |
2023-09-02 20:50:54,064 - FGO - INFO - Epoch  80 | Train Loss: 0.055 | Val Loss: 0.27 | Val F1: 0.92 |
2023-09-02 20:50:54,089 - FGO - INFO - Epoch  90 | Train Loss: 0.053 | Val Loss: 0.27 | Val F1: 0.90 |
2023-09-02 20:50:54,113 - FGO - INFO - Epoch 100 | Train Loss: 0.051 | Val Loss: 0.26 | Val F1: 0.91 |
2023-09-02 20:50:54,113 - FGO - INFO - Best Epoch:  58 | Train Loss: 0.063 | Val Loss: 0.26 | Val F1: 0.92 
2023-09-02 20:50:54,113 - FGO - INFO - Setting model to best state.
2023-09-02 20:50:54,114 - FGO - INFO - ===== Train Fair OT GCN Model ============================================================
2023-09-02 20:50:54,182 - FGO - INFO - Epoch   0 | Train Loss: -2.243 | Val Loss: -0.01 | Val F1: 0.90 |
2023-09-02 20:50:54,986 - FGO - INFO - Epoch  10 | Train Loss: -2.440 | Val Loss: 0.33 | Val F1: 0.84 |
2023-09-02 20:50:55,796 - FGO - INFO - Epoch  20 | Train Loss: -2.578 | Val Loss: -0.04 | Val F1: 0.90 |
2023-09-02 20:50:56,542 - FGO - INFO - Epoch  30 | Train Loss: -2.641 | Val Loss: 0.03 | Val F1: 0.91 |
2023-09-02 20:50:57,399 - FGO - INFO - Epoch  40 | Train Loss: -2.678 | Val Loss: 0.08 | Val F1: 0.91 |
2023-09-02 20:50:58,142 - FGO - INFO - Best Epoch:  15 | Train Loss: -2.545 | Val Loss: 0.01 | Val F1: 0.93 |
2023-09-02 20:50:58,142 - FGO - INFO - Setting model to best state.
2023-09-02 20:50:58,150 - FGO - INFO - ===== Test Fair OT GCN Model =============================================================
2023-09-02 20:50:58,178 - FGO - INFO - Train CM:
[[379   5]
 [  8 329]]
2023-09-02 20:50:58,178 - FGO - INFO - Val CM:
[[46  4]
 [ 3 30]]
2023-09-02 20:50:58,178 - FGO - INFO - Test CM:
[[46  4]
 [ 3 30]]
2023-09-02 20:50:58,184 - FGO - INFO - test statistical parity: 0.10563380281690143
2023-09-02 20:50:58,185 - FGO - INFO - test equal opportunity: 0.09259259259259256
2023-09-02 20:50:58,186 - FGO - INFO - test micro f1: 0.9156626506024096
2023-09-02 20:50:58,186 - FGO - INFO - test macro f1: 0.9124076586763153
