2023-09-02 21:00:16,797 - FGO - INFO - ===== SETUP LOGGING ======================================================================
2023-09-02 21:00:16,797 - FGO - INFO - THIS_FILE: Wrapper.py
2023-09-02 21:00:16,797 - FGO - INFO - 	done: False
2023-09-02 21:00:16,797 - FGO - INFO - 	learning_rate: 0.01
2023-09-02 21:00:16,797 - FGO - INFO - 	h1: 64
2023-09-02 21:00:16,797 - FGO - INFO - 	h2: 32
2023-09-02 21:00:16,798 - FGO - INFO - 	weight_decay: 0.0005
2023-09-02 21:00:16,798 - FGO - INFO - 	dropout: 0.0
2023-09-02 21:00:16,798 - FGO - INFO - 	max_pretrain_epochs: 100
2023-09-02 21:00:16,798 - FGO - INFO - 	max_ot_epochs: 50
2023-09-02 21:00:16,798 - FGO - INFO - 	lambda: 0.05
2023-09-02 21:00:16,798 - FGO - INFO - 	theta: 10
2023-09-02 21:00:16,798 - FGO - INFO - 	clip: 5
2023-09-02 21:00:16,798 - FGO - INFO - ===== SETUP LOGGING COMPLETE =============================================================
2023-09-02 21:00:16,798 - FGO - INFO - ===== Configuring Masks ==================================================================
2023-09-02 21:00:16,798 - FGO - INFO - Source Total: 734
2023-09-02 21:00:16,798 - FGO - INFO - Target Total: 70
2023-09-02 21:00:16,798 - FGO - INFO - Train Total: 734
2023-09-02 21:00:16,798 - FGO - INFO - Val Total:   70
2023-09-02 21:00:16,798 - FGO - INFO - Test Total:  70
2023-09-02 21:00:16,798 - FGO - INFO - ===== Preparing to load data =============================================================
2023-09-02 21:00:16,798 - FGO - INFO - SOURCE: abide_large
2023-09-02 21:00:16,798 - FGO - INFO - ===== Retrieving SOURCE Data =============================================================
2023-09-02 21:00:16,798 - FGO - INFO - *************** In load_graph_data ***************
2023-09-02 21:00:16,798 - FGO - INFO - 	FILEPATH: ./data/abide_large.mat
2023-09-02 21:00:16,798 - FGO - INFO - 	X shape: (804, 93)
2023-09-02 21:00:16,798 - FGO - INFO - 	A shape: (804, 804)
2023-09-02 21:00:16,798 - FGO - INFO - 	P shape: (804,)
2023-09-02 21:00:16,798 - FGO - INFO - 	Y shape: (804, 2)
2023-09-02 21:00:16,798 - FGO - INFO - 	Y sum: 804 (number of postive labels)
2023-09-02 21:00:16,799 - FGO - INFO - ===== Preparing data =====================================================================
2023-09-02 21:00:16,801 - FGO - INFO - ===== Disconnecting Source and Target ====================================================
2023-09-02 21:00:16,889 - FGO - INFO - ===== Finalize Data ======================================================================
2023-09-02 21:00:16,889 - FGO - INFO - A shape: (804, 804)
2023-09-02 21:00:16,889 - FGO - INFO - X shape: (804, 93)
2023-09-02 21:00:16,889 - FGO - INFO - Y shape: (804, 2)
2023-09-02 21:00:16,889 - FGO - INFO - N: 804
2023-09-02 21:00:16,889 - FGO - INFO - N_s: 734
2023-09-02 21:00:16,889 - FGO - INFO - N_t: 70
2023-09-02 21:00:16,893 - FGO - INFO - ===== Pretrain GCN Model =================================================================
2023-09-02 21:00:16,896 - FGO - INFO - Epoch   0 | Train Loss: 0.688 | Val Loss: 0.70 | Val F1: 0.32 |
2023-09-02 21:00:16,921 - FGO - INFO - Epoch  10 | Train Loss: 0.450 | Val Loss: 0.48 | Val F1: 0.81 |
2023-09-02 21:00:16,946 - FGO - INFO - Epoch  20 | Train Loss: 0.149 | Val Loss: 0.19 | Val F1: 0.90 |
2023-09-02 21:00:16,971 - FGO - INFO - Epoch  30 | Train Loss: 0.104 | Val Loss: 0.15 | Val F1: 0.96 |
2023-09-02 21:00:16,996 - FGO - INFO - Epoch  40 | Train Loss: 0.086 | Val Loss: 0.14 | Val F1: 0.94 |
2023-09-02 21:00:17,021 - FGO - INFO - Epoch  50 | Train Loss: 0.074 | Val Loss: 0.12 | Val F1: 0.96 |
2023-09-02 21:00:17,045 - FGO - INFO - Epoch  60 | Train Loss: 0.067 | Val Loss: 0.11 | Val F1: 0.96 |
2023-09-02 21:00:17,070 - FGO - INFO - Epoch  70 | Train Loss: 0.068 | Val Loss: 0.14 | Val F1: 0.96 |
2023-09-02 21:00:17,095 - FGO - INFO - Epoch  80 | Train Loss: 0.072 | Val Loss: 0.16 | Val F1: 0.94 |
2023-09-02 21:00:17,119 - FGO - INFO - Epoch  90 | Train Loss: 0.061 | Val Loss: 0.14 | Val F1: 0.94 |
2023-09-02 21:00:17,144 - FGO - INFO - Epoch 100 | Train Loss: 0.062 | Val Loss: 0.15 | Val F1: 0.94 |
2023-09-02 21:00:17,144 - FGO - INFO - Best Epoch:  26 | Train Loss: 0.117 | Val Loss: 0.14 | Val F1: 0.96 
2023-09-02 21:00:17,144 - FGO - INFO - Setting model to best state.
2023-09-02 21:00:17,145 - FGO - INFO - ===== Train Fair OT GCN Model ============================================================
2023-09-02 21:00:17,239 - FGO - INFO - Epoch   0 | Train Loss: -4.159 | Val Loss: -0.26 | Val F1: 0.93 |
2023-09-02 21:00:18,026 - FGO - INFO - Epoch  10 | Train Loss: -4.333 | Val Loss: -0.06 | Val F1: 0.93 |
2023-09-02 21:00:18,781 - FGO - INFO - Epoch  20 | Train Loss: -4.485 | Val Loss: -0.15 | Val F1: 0.94 |
2023-09-02 21:00:19,553 - FGO - INFO - Epoch  30 | Train Loss: -4.567 | Val Loss: -0.12 | Val F1: 0.93 |
2023-09-02 21:00:20,354 - FGO - INFO - Epoch  40 | Train Loss: -4.606 | Val Loss: -0.11 | Val F1: 0.94 |
2023-09-02 21:00:21,053 - FGO - INFO - Best Epoch:  37 | Train Loss: -4.599 | Val Loss: -0.12 | Val F1: 0.94 |
2023-09-02 21:00:21,053 - FGO - INFO - Setting model to best state.
2023-09-02 21:00:21,056 - FGO - INFO - ===== Test Fair OT GCN Model =============================================================
2023-09-02 21:00:21,085 - FGO - INFO - Train CM:
[[391   9]
 [ 11 323]]
2023-09-02 21:00:21,085 - FGO - INFO - Val CM:
[[33  1]
 [ 3 33]]
2023-09-02 21:00:21,085 - FGO - INFO - Test CM:
[[33  1]
 [ 3 33]]
2023-09-02 21:00:21,091 - FGO - INFO - test statistical parity: 0.1241565452091768
2023-09-02 21:00:21,092 - FGO - INFO - test equal opportunity: 0.09999999999999998
2023-09-02 21:00:21,093 - FGO - INFO - test micro f1: 0.9428571428571428
2023-09-02 21:00:21,093 - FGO - INFO - test macro f1: 0.9428571428571428
